>NC_000913.3:c645003-644197 rna [organism=Escherichia coli str. K-12 substr. MG1655] [GeneID=949065] [chromosome=] FORWARD
 3.9       1 ..      11   xxxxxxxxxxxxxxx                -ATG AAAG CATT                 CTGGCGTAACGCCGC
 3.9       2 ..      12   xxxxxxxxxxxxxxA                TGAA AGCA TTC-                 TGGCGTAACGCCGCG
 1.4       2 ..      13   xxxxxxxxxxxxxxA                TGAA AGCA TTCT                 GGCGTAACGCCGCGT
 4.9       1 ..      14   xxxxxxxxxxxxxxx               ATGAA AGCA TTCTG                GCGTAACGCCGCGTT
 5.8       4 ..      15   xxxxxxxxxxxxATG                AAAG CATT CTGG                 CGTAACGCCGCGTTG
 3.5       3 ..      16   xxxxxxxxxxxxxAT               GAAAG CATT CTGGC                GTAACGCCGCGTTGC
 2.9       6 ..      17   xxxxxxxxxxATGAA                AGC ATTCTG GCG                 TAACGCCGCGTTGCT
   2       5 ..      18   xxxxxxxxxxxATGA               AAGC ATTCTG GCGT                AACGCCGCGTTGCTC
 5.5       4 ..      19   xxxxxxxxxxxxATG              AAAGC ATTCTG GCGTA               ACGCCGCGTTGCTCG
 3.2      10 ..      20   xxxxxxATGAAAGCA                 TT CTGGCGT AA                 CGCCGCGTTGCTCGC
 6.7       9 ..      21   xxxxxxxATGAAAGC                ATT CTGGCGT AAC                GCCGCGTTGCTCGCG
 4.4       8 ..      22   xxxxxxxxATGAAAG               CATT CTGGCGT AACG               CCGCGTTGCTCGCGG
 2.1       7 ..      23   xxxxxxxxxATGAAA              GCATT CTGGCGT AACGC              CGCGTTGCTCGCGGT
-8.2      14 ..      24   xxATGAAAGCATTCT                 GGCG TAA CGCC                 GCGTTGCTCGCGGTT
-6.9      13 ..      25   xxxATGAAAGCATTC                TGGCG TAA CGCCG                CGTTGCTCGCGGTTT
-3.4      12 ..      26   xxxxATGAAAGCATT               CTGGCG TAA CGCCGC               GTTGCTCGCGGTTTC
-3.2      12 ..      27   xxxxATGAAAGCATT              C-TGGCG TAA CGCCGCG              TTGCTCGCGGTTTCT
-0.6       9 ..      28   xxxxxxxATGAAAGC            ATTCTGGCG TAA CGCC-GCGT            TGCTCGCGGTTTCTC
-5.4      19 ..      29   AAAGCATTCTGGCGT                 AACG CCG CGTT                 GCTCGCGGTTTCTCT
-4.1      18 ..      30   GAAAGCATTCTGGCG                TAACG CCG CGTTG                CTCGCGGTTTCTCTG
-6.4      17 ..      31   TGAAAGCATTCTGGC               GTAACG CCG CGTTGC               TCGCGGTTTCTCTGC
  -5       6 ..      32   xxxxxxxxxxATGAA         AGCATTCTGGCG TAA CGCCGCGTTGCT         CGCGGTTTCTCTGCT
-5.2      15 ..      33   xATGAAAGCATTCTG             GCGTAACG CCG CGTTGCTC             GCGGTTTCTCTGCTT
-2.4      24 ..      34   ATTCTGGCGTAACGC                 CGCG TTG CTCG                 CGGTTTCTCTGCTTC
-3.9      25 ..      35   TTCTGGCGTAACGCC                 GCG TTGCT CGC                 GGTTTCTCTGCTTCC
-6.2      24 ..      36   ATTCTGGCGTAACGC                CGCG TTGCT CGCG                GTTTCTCTGCTTCCC
-8.5      23 ..      37   CATTCTGGCGTAACG               CCGCG TTGCT CGCGG               TTTCTCTGCTTCCCT
-7.2      22 ..      38   GCATTCTGGCGTAAC              GCCGCG TTGCT CGCGGT              TTCTCTGCTTCCCTT
-3.7      21 ..      39   AGCATTCTGGCGTAA             CGCCGCG TTGCT CGCGGTT             TCTCTGCTTCCCTTC
-4.6      20 ..      40   AAGCATTCTGGCGTA            ACGCCGCG TTGCT CGCGGTTT            CTCTGCTTCCCTTCT
-1.1      19 ..      41   AAAGCATTCTGGCGT           AACGCCGCG TTGCT CGCGGTTTC           TCTGCTTCCCTTCTC
 0.5      19 ..      42   AAAGCATTCTGGCGT          A-ACGCCGCG TTGCT CGCGGTTTCT          CTGCTTCCCTTCTCT
 0.1      17 ..      43   TGAAAGCATTCTGGC         GTAACGCCGCG TTGCT CGCGGTTTCTC         TGCTTCCCTTCTCTT
 3.2      14 ..      44   xxATGAAAGCATTCT      GGCGTAACGCCGCG TTGCT CGCGGT-TT-CTCT      GCTTCCCTTCTCTTC
-0.3      35 ..      45   ACGCCGCGTTGCTCG                 CGG TTTCT CTG                 CTTCCCTTCTCTTCT
-2.6      34 ..      46   AACGCCGCGTTGCTC                GCGG TTTCT CTGC                TTCCCTTCTCTTCTG
 0.9      33 ..      47   TAACGCCGCGTTGCT               CGCGG TTTCT CTGCT               TCCCTTCTCTTCTGC
 4.4      32 ..      48   GTAACGCCGCGTTGC              TCGCGG TTTCT CTGCTT              CCCTTCTCTTCTGCC
 5.5      34 ..      49   AACGCCGCGTTGCTC              GCGGT TTCTCT GCTTC               CCTTCTCTTCTGCCA
 4.4      36 ..      50   CGCCGCGTTGCTCGC               GG TTTCTCTGCTT CC               CTTCTCTTCTGCCAA
 5.4      36 ..      51   CGCCGCGTTGCTCGC              GG TTTCTCTGCTTC CC               TTCTCTTCTGCCAAC
 8.9      35 ..      52   ACGCCGCGTTGCTCG             CGG TTTCTCTGCTTC CCT              TCTCTTCTGCCAACG
 7.7      43 ..      53   TTGCTCGCGGTTTCT                 CTG CTTCC CTT                 CTCTTCTGCCAACGC
None      44 ..      54   TGCTCGCGGTTTCTC                  TGCTTCCCTTC                  TCTTCTGCCAACGCC
 7.2      44 ..      55   TGCTCGCGGTTTCTC                TG CTTCCCTT CT                 CTTCTGCCAACGCCT
 5.7      45 ..      56   GCTCGCGGTTTCTCT                G CTTCCCTTCT C                 TTCTGCCAACGCCTx
None      47 ..      57   TCGCGGTTTCTCTGC                  TTCCCTTCTCT                  TCTGCCAACGCCTxx
None      48 ..      58   CGCGGTTTCTCTGCT                  TCCCTTCTCTT                  CTGCCAACGCCTxxx
 8.7      45 ..      59   GCTCGCGGTTTCTCT               G CTTCCCTTCTCTT C               TGCCAACGCCTxxxx
None      50 ..      60   CGGTTTCTCTGCTTC                  CCTTCTCTTCT                  GCCAACGCCTxxxxx
 4.7      51 ..      61   GGTTTCTCTGCTTCC                 C TTCTCTTCT G                 CCAACGCCTxxxxxx
 8.2      50 ..      62   CGGTTTCTCTGCTTC                CC TTCTCTTCT GC                CAACGCCTxxxxxxx
 8.7      52 ..      63   GTTTCTCTGCTTCCC                TTC TCTTCT GCC                 AACGCCTxxxxxxxx
 5.8      53 ..      64   TTTCTCTGCTTCCCT                TCTC TTCT GCCA                 ACGCCTxxxxxxxxx
 4.9      52 ..      65   GTTTCTCTGCTTCCC               TTCTC TTCT GCCAA                CGCCTxxxxxxxxxx
 4.7      56 ..      66   CTCTGCTTCCCTTCT                 CTT CTGCC AAC                 GCCTxxxxxxxxxxx
 4.3      56 ..      67   CTCTGCTTCCCTTCT                CTT CTGCCA ACG                 CCTxxxxxxxxxxxx
 6.2      58 ..      68   CTGCTTCCCTTCTCT                 TC TGCCAAC GC                 CTxxxxxxxxxxxxx
 6.9      59 ..      69   TGCTTCCCTTCTCTT                CTGC CAAC GCC-                 Txxxxxxxxxxxxxx
>NC_000913.3:c645003-644197 rna [organism=Escherichia coli str. K-12 substr. MG1655] [GeneID=949065] [chromosome=] REVERSE
 1.4       2 ..      13   xxxxxxxxxxxxxxA                TGAA AGCA TTCT                 GGCGTAACGCCGCGT
 1.9       3 ..      35   xxxxxxxxxxxxxAT      GAAAGCATTCTGGCG TAA CGCCGCGTTGCTCGC      GGTTTCTCTGCTTCC
 4.2       4 ..      34   xxxxxxxxxxxxATG       AAAGCATTCTGGCG TAA CGCCGCGTTGCTCG       CGGTTTCTCTGCTTC
 0.7       5 ..      33   xxxxxxxxxxxATGA        AAGCATTCTGGCG TAA CGCCGCGTTGCTC        GCGGTTTCTCTGCTT
-0.6       6 ..      32   xxxxxxxxxxATGAA         AGCATTCTGGCG TAA CGCCGCGTTGCT         CGCGGTTTCTCTGCT
-0.1       7 ..      23   xxxxxxxxxATGAAA              GCATT CTGGCGT AACGC              CGCGTTGCTCGCGGT
 2.2       8 ..      22   xxxxxxxxATGAAAG               CATT CTGGCGT AACG               CCGCGTTGCTCGCGG
 1.6       9 ..      28   xxxxxxxATGAAAGC            ATTCTGGCG TAA CGCC-GCGT            TGCTCGCGGTTTCTC
 2.5      10 ..      27   xxxxxxATGAAAGCA             TTCTGGCG TAA CGCC-GCG             TTGCTCGCGGTTTCT
  -1      11 ..      26   xxxxxATGAAAGCAT              TCTGGCG TAA CGCC-GC              GTTGCTCGCGGTTTC
-4.5      12 ..      25   xxxxATGAAAGCATT               CTGGCG TAA CGCC-G               CGTTGCTCGCGGTTT
-4.7      13 ..      25   xxxATGAAAGCATTC                TGGCG TAA CGCCG                CGTTGCTCGCGGTTT
-8.2      14 ..      24   xxATGAAAGCATTCT                 GGCG TAA CGCC                 GCGTTGCTCGCGGTT
  -3      15 ..      33   xATGAAAGCATTCTG             GCGTAACG CCG CGTTGCTC             GCGGTTTCTCTGCTT
-0.7      16 ..      32   ATGAAAGCATTCTGG              CGTAACG CCG CGTTGCT              CGCGGTTTCTCTGCT
-4.2      17 ..      31   TGAAAGCATTCTGGC               GTAACG CCG CGTTGC               TCGCGGTTTCTCTGC
-1.9      18 ..      30   GAAAGCATTCTGGCG                TAACG CCG CGTTG                CTCGCGGTTTCTCTG
-5.4      19 ..      29   AAAGCATTCTGGCGT                 AACG CCG CGTT                 GCTCGCGGTTTCTCT
-2.4      20 ..      40   AAGCATTCTGGCGTA            ACGCCGCG TTGCT CGCGGTTT            CTCTGCTTCCCTTCT
-1.5      21 ..      39   AGCATTCTGGCGTAA             CGCCGCG TTGCT CGCGGTT             TCTCTGCTTCCCTTC
  -5      22 ..      38   GCATTCTGGCGTAAC              GCCGCG TTGCT CGCGGT              TTCTCTGCTTCCCTT
-8.5      23 ..      37   CATTCTGGCGTAACG               CCGCG TTGCT CGCGG               TTTCTCTGCTTCCCT
-6.2      24 ..      36   ATTCTGGCGTAACGC                CGCG TTGCT CGCG                GTTTCTCTGCTTCCC
-3.9      25 ..      35   TTCTGGCGTAACGCC                 GCG TTGCT CGC                 GGTTTCTCTGCTTCC
 0.4      26 ..      36   TCTGGCGTAACGCCG                 CG TTGCTCG CG                 GTTTCTCTGCTTCCC
 8.7      27 ..      41   CTGGCGTAACGCCGC               G TTGCTCGCGGTTT C               TCTGCTTCCCTTCTC
None      28 ..      38   TGGCGTAACGCCGCG                  TTGCTCGCGGT                  TTCTCTGCTTCCCTT
 7.7      29 ..      39   GGCGTAACGCCGCGT                 TGC TCGCG GTT                 TCTCTGCTTCCCTTC
 5.7      30 ..      41   GCGTAACGCCGCGTT                G CTCGCGGTTT C                 TCTGCTTCCCTTCTC
 8.1      31 ..      45   CGTAACGCCGCGTTG              CTCGCG GTTT CTCT-G               CTTCCCTTCTCTTCT
 6.6      32 ..      48   GTAACGCCGCGTTGC              TCGCGG TTTCT CTGCTT              CCCTTCTCTTCTGCC
 3.1      33 ..      47   TAACGCCGCGTTGCT               CGCGG TTTCT CTGCT               TCCCTTCTCTTCTGC
-0.4      34 ..      46   AACGCCGCGTTGCTC                GCGG TTTCT CTGC                TTCCCTTCTCTTCTG
 1.9      35 ..      45   ACGCCGCGTTGCTCG                 CGG TTTCT CTG                 CTTCCCTTCTCTTCT
 4.4      36 ..      50   CGCCGCGTTGCTCGC               GG TTTCTCTGCTT CC               CTTCTCTTCTGCCAA
 6.7      37 ..      49   GCCGCGTTGCTCGCG                G TTTCTCTGCTT C                CCTTCTCTTCTGCCA
None      38 ..      48   CCGCGTTGCTCGCGG                  TTTCTCTGCTT                  CCCTTCTCTTCTGCC
None      39 ..      49   CGCGTTGCTCGCGGT                  TTCTCTGCTTC                  CCTTCTCTTCTGCCA
None      40 ..      50   GCGTTGCTCGCGGTT                  TCTCTGCTTCC                  CTTCTCTTCTGCCAA
None      41 ..      51   CGTTGCTCGCGGTTT                  CTCTGCTTCCC                  TTCTCTTCTGCCAAC
None      42 ..      52   GTTGCTCGCGGTTTC                  TCTGCTTCCCT                  TCTCTTCTGCCAACG
 7.7      43 ..      53   TTGCTCGCGGTTTCT                 CTG CTTCC CTT                 CTCTTCTGCCAACGC
 7.2      44 ..      55   TGCTCGCGGTTTCTC                TG CTTCCCTT CT                 CTTCTGCCAACGCCT
 5.7      45 ..      56   GCTCGCGGTTTCTCT                G CTTCCCTTCT C                 TTCTGCCAACGCCTx
None      46 ..      56   CTCGCGGTTTCTCTG                  CTTCCCTTCTC                  TTCTGCCAACGCCTx
None      47 ..      57   TCGCGGTTTCTCTGC                  TTCCCTTCTCT                  TCTGCCAACGCCTxx
None      48 ..      58   CGCGGTTTCTCTGCT                  TCCCTTCTCTT                  CTGCCAACGCCTxxx
 6.7      49 ..      61   GCGGTTTCTCTGCTT                C CCTTCTCTTCT G                CCAACGCCTxxxxxx
 5.7      50 ..      61   CGGTTTCTCTGCTTC                C CTTCTCTTCT G                 CCAACGCCTxxxxxx
 4.7      51 ..      61   GGTTTCTCTGCTTCC                 C TTCTCTTCT G                 CCAACGCCTxxxxxx
 4.9      52 ..      65   GTTTCTCTGCTTCCC               TTCTC TTCT GCCAA                CGCCTxxxxxxxxxx
 5.8      53 ..      64   TTTCTCTGCTTCCCT                TCTC TTCT GCCA                 ACGCCTxxxxxxxxx
 5.6      54 ..      67   TTCTCTGCTTCCCTT               CTCT TCTGCC AACG                CCTxxxxxxxxxxxx
 5.4      55 ..      65   TCTCTGCTTCCCTTC                 TC TTCTGCC AA                 CGCCTxxxxxxxxxx
 3.6      56 ..      67   CTCTGCTTCCCTTCT                CTTC TGCC AACG                 CCTxxxxxxxxxxxx
 8.4      57 ..      67   TCTGCTTCCCTTCTC                 TTCT GCC AACG                 CCTxxxxxxxxxxxx
 6.2      58 ..      68   CTGCTTCCCTTCTCT                 TC TGCCAAC GC                 CTxxxxxxxxxxxxx
 4.4      59 ..      70   TGCTTCCCTTCTCTT                CTGC CAAC GCCT                 xxxxxxxxxxxxxxx
 3.4      60 ..      70   GCTTCCCTTCTCTTC                 TGCC AAC GCCT                 xxxxxxxxxxxxxxx
None      61 ..      71   CTTCCCTTCTCTTCT                  GCCAACGCCTx                  xxxxxxxxxxxxxxx
None      62 ..      72   TTCCCTTCTCTTCTG                  CCAACGCCTxx                  xxxxxxxxxxxxxxx
None      63 ..      73   TCCCTTCTCTTCTGC                  CAACGCCTxxx                  xxxxxxxxxxxxxxx
None      64 ..      74   CCCTTCTCTTCTGCC                  AACGCCTxxxx                  xxxxxxxxxxxxxxx
None      65 ..      75   CCTTCTCTTCTGCCA                  ACGCCTxxxxx                  xxxxxxxxxxxxxxx
None      66 ..      76   CTTCTCTTCTGCCAA                  CGCCTxxxxxx                  xxxxxxxxxxxxxxx
None      67 ..      77   TTCTCTTCTGCCAAC                  GCCTxxxxxxx                  xxxxxxxxxxxxxxx
None      68 ..      78   TCTCTTCTGCCAACG                  CCTxxxxxxxx                  xxxxxxxxxxxxxxx
None      69 ..      79   CTCTTCTGCCAACGC                  CTxxxxxxxxx                  xxxxxxxxxxxxxxx
None      70 ..      80   TCTTCTGCCAACGCC                  Txxxxxxxxxx                  xxxxxxxxxxxxxxx
