>KJ019071.1:159787-159880 Synechococcus phage ACG-2014g isolate Syn7803US105, complete genome FORWARD
None       1 ..      11   xxxxxxxxxxxxxxx                  TAACTGTTCGT                  AACACTCCTCAAACC
 3.3       2 ..      12   xxxxxxxxxxxxxxT                 AAC TGTTC GTA                 ACACTCCTCAAACCA
 2.4       1 ..      13   xxxxxxxxxxxxxxx                TAAC TGTTC GTAA                CACTCCTCAAACCAA
 7.6       4 ..      14   xxxxxxxxxxxxTAA                 CT GTTCGTA AC                 ACTCCTCAAACCAAG
  -4       5 ..      15   xxxxxxxxxxxTAAC                 TGTT CGT AACA                 CTCCTCAAACCAAGA
-0.5       4 ..      16   xxxxxxxxxxxxTAA                CTGTT CGT AACAC                TCCTCAAACCAAGAC
-1.4       3 ..      17   xxxxxxxxxxxxxTA               ACTGTT CGT AACACT               CCTCAAACCAAGACC
 2.1       2 ..      18   xxxxxxxxxxxxxxT              AACTGTT CGT AACACTC              CTCAAACCAAGACCT
 5.6       1 ..      19   xxxxxxxxxxxxxxx             TAACTGTT CGT AACACTCC             TCAAACCAAGACCTA
 5.8       9 ..      20   xxxxxxxTAACTGTT                CGTA ACAC TCCT                 CAAACCAAGACCTAT
 5.7      10 ..      21   xxxxxxTAACTGTTC                G TAACACTCCT C                 AAACCAAGACCTATA
 5.7      11 ..      22   xxxxxTAACTGTTCG                TAA CACTCC TCA                 AACCAAGACCTATAG
 8.1      11 ..      23   xxxxxTAACTGTTCG                T AACACTCCTCA A                ACCAAGACCTATAGG
 7.4       7 ..      24   xxxxxxxxxTAACTG             TTCG TAACACTCCT CAAA              CCAAGACCTATAGGG
 5.1       6 ..      25   xxxxxxxxxxTAACT            GTTCG TAACACTCCT CAAAC             CAAGACCTATAGGGT
 8.6       5 ..      26   xxxxxxxxxxxTAAC           TGTTCG TAACACTCCT CAAACC            AAGACCTATAGGGTG
 6.1      17 ..      27   AACTGTTCGTAACAC                 T CCTCAAACC A                 AGACCTATAGGGTGT
 7.1      17 ..      28   AACTGTTCGTAACAC                T CCTCAAACCA A                 GACCTATAGGGTGTC
 1.8      19 ..      29   CTGTTCGTAACACTC                 CT CAAACCA AG                 ACCTATAGGGTGTCT
 1.8      20 ..      30   TGTTCGTAACACTCC                 TC AAACCAA GA                 CCTATAGGGTGTCTA
 5.3      19 ..      31   CTGTTCGTAACACTC                CTC AAACCAA GAC                CTATAGGGTGTCTAA
 8.8      18 ..      32   ACTGTTCGTAACACT               CCTC AAACCAA GACC               TATAGGGTGTCTAAA
 6.1      23 ..      33   TCGTAACACTCCTCA                 A ACCAAGACC T                 ATAGGGTGTCTAAAC
 8.6      23 ..      34   TCGTAACACTCCTCA                AA CCAAGACC TA                 TAGGGTGTCTAAACA
 7.1      24 ..      35   CGTAACACTCCTCAA                A CCAAGACCTA T                 AGGGTGTCTAAACAC
 7.6      26 ..      36   TAACACTCCTCAAAC                 CA AGACCTA TA                 GGGTGTCTAAACACG
 4.3      26 ..      37   TAACACTCCTCAAAC                CAA GACCTA TAG                 GGTGTCTAAACACGT
   2      25 ..      38   GTAACACTCCTCAAA               CCAA GACCTA TAGG                GTGTCTAAACACGTC
 4.4      25 ..      39   GTAACACTCCTCAAA               CC AAGACCTATAG GG               TGTCTAAACACGTCT
-3.2      30 ..      40   ACTCCTCAAACCAAG                 ACCT ATA GGGT                 GTCTAAACACGTCTT
 0.3      29 ..      41   CACTCCTCAAACCAA                GACCT ATA GGGTG                TCTAAACACGTCTTT
-0.6      28 ..      42   ACACTCCTCAAACCA               AGACCT ATA GGGTGT               CTAAACACGTCTTTC
 1.5      29 ..      43   CACTCCTCAAACCAA              GAC-CT ATAG GGTGTC               TAAACACGTCTTTCA
 0.6      28 ..      44   ACACTCCTCAAACCA             AGAC-CT ATAG GGTGTCT              AAACACGTCTTTCAT
-1.8      35 ..      45   TCAAACCAAGACCTA                 TAGG GTG TCTA                 AACACGTCTTTCATA
 1.7      34 ..      46   CTCAAACCAAGACCT                ATAGG GTG TCTAA                ACACGTCTTTCATAC
 0.8      33 ..      47   CCTCAAACCAAGACC               TATAGG GTG TCTAAA               CACGTCTTTCATACC
 3.3      38 ..      48   AACCAAGACCTATAG                 GGT GTCTA AAC                 ACGTCTTTCATACCT
 3.9      39 ..      49   ACCAAGACCTATAGG                GTGT CTAA ACA-                 CGTCTTTCATACCTT
-4.4      39 ..      50   ACCAAGACCTATAGG                GTGT CTAA ACAC                 GTCTTTCATACCTTT
-0.9      38 ..      51   AACCAAGACCTATAG               GGTGT CTAA ACACG                TCTTTCATACCTTTG
 0.4      37 ..      52   AAACCAAGACCTATA              GGGTGT CTAA ACACGT               CTTTCATACCTTTGC
 0.6      37 ..      53   AAACCAAGACCTATA             GG-GTGT CTAA ACACGTC              TTTCATACCTTTGCC
-0.3      36 ..      54   CAAACCAAGACCTAT            AGG-GTGT CTAA ACACGTCT             TTCATACCTTTGCCT
 1.5      36 ..      55   CAAACCAAGACCTAT            AGGGTGT CTAAAC ACGTCTT             TCATACCTTTGCCTA
 1.3      45 ..      56   ACCTATAGGGTGTCT                AAA CACGTC TTT                 CATACCTTTGCCTAG
 4.8      44 ..      57   GACCTATAGGGTGTC               TAAA CACGTC TTTC                ATACCTTTGCCTAGG
 5.8      44 ..      58   GACCTATAGGGTGTC               TAAA CACGTCT TTCA               TACCTTTGCCTAGGG
 3.3      49 ..      59   ATAGGGTGTCTAAAC                 ACG TCTTT CAT                 ACCTTTGCCTAGGGC
 6.8      48 ..      60   TATAGGGTGTCTAAA                CACG TCTTT CATA                CCTTTGCCTAGGGCG
 0.4      51 ..      61   AGGGTGTCTAAACAC                 GTCT TTC ATAC                 CTTTGCCTAGGGCGC
 3.9      50 ..      62   TAGGGTGTCTAAACA                CGTCT TTC ATACC                TTTGCCTAGGGCGCA
   3      49 ..      63   ATAGGGTGTCTAAAC               ACGTCT TTC ATACCT               TTGCCTAGGGCGCAA
 5.5      36 ..      64   CAAACCAAGACCTAT        AGGGTGTCTAA ACACGTC TTTCATACCTT        TGCCTAGGGCGCAAA
 5.6      47 ..      65   CTATAGGGTGTCTAA             ACACGTCT TTC ATACCTTT             GCCTAGGGCGCAAAG
 6.8      56 ..      66   GTCTAAACACGTCTT                TCA TACCTT TG-                 CCTAGGGCGCAAAGG
 4.3      56 ..      67   GTCTAAACACGTCTT                TCA TACCTT TGC                 CTAGGGCGCAAAGGA
 7.8      55 ..      68   TGTCTAAACACGTCT               TTCA TACCTT TGCC                TAGGGCGCAAAGGAA
 5.8      58 ..      69   CTAAACACGTCTTTC                ATAC CTTT GCCT                 AGGGCGCAAAGGAAT
 4.2      59 ..      70   TAAACACGTCTTTCA                TA CCTTTGCC TA                 GGGCGCAAAGGAATA
 4.7      61 ..      71   AACACGTCTTTCATA                 C CTTTGCCTA G                 GGCGCAAAGGAATAG
-1.5      61 ..      72   AACACGTCTTTCATA                CCT TTGCCT AGG                 GCGCAAAGGAATAGT
-1.2      61 ..      73   AACACGTCTTTCATA                CCTT TGCCT AGGG                CGCAAAGGAATAGTA
 2.3      60 ..      74   AAACACGTCTTTCAT               ACCTT TGCCT AGGGC               GCAAAGGAATAGTAA
-4.6      65 ..      75   CGTCTTTCATACCTT                 TGCC TAG GGCG                 CAAAGGAATAGTAAC
-1.1      64 ..      76   ACGTCTTTCATACCT                TTGCC TAG GGCGC                AAAGGAATAGTAACT
  -2      63 ..      77   CACGTCTTTCATACC               TTTGCC TAG GGCGCA               AAGGAATAGTAACTC
-1.4      64 ..      78   ACGTCTTTCATACCT               TTGC CTAGGGC GCAA               AGGAATAGTAACTCC
-2.3      63 ..      79   CACGTCTTTCATACC              TTTGC CTAGGGC GCAAA              GGAATAGTAACTCCA
-4.6      62 ..      80   ACACGTCTTTCATAC             CTTTGC CTAGGGC GCAAAG             GAATAGTAACTCCAx
-6.9      61 ..      81   AACACGTCTTTCATA            CCTTTGC CTAGGGC GCAAAGG            AATAGTAACTCCAxx
-3.4      60 ..      82   AAACACGTCTTTCAT           ACCTTTGC CTAGGGC GCAAAGGA           ATAGTAACTCCAxxx
-4.3      59 ..      83   TAAACACGTCTTTCA          TACCTTTGC CTAGGGC GCAAAGGAA          TAGTAACTCCAxxxx
-5.2      58 ..      84   CTAAACACGTCTTTC         ATACCTTTGC CTAGGGC GCAAAGGAAT         AGTAACTCCAxxxxx
-1.7      57 ..      85   TCTAAACACGTCTTT        CATACCTTTGC CTAGGGC GCAAAGGAATA        GTAACTCCAxxxxxx
-1.5      57 ..      86   TCTAAACACGTCTTT       C-ATACCTTTGC CTAGGGC GCAAAGGAATAG       TAACTCCAxxxxxxx
   2      56 ..      87   GTCTAAACACGTCTT      TC-ATACCTTTGC CTAGGGC GCAAAGGAATAGT      AACTCCAxxxxxxxx
 1.1      55 ..      88   TGTCTAAACACGTCT     TTC-ATACCTTTGC CTAGGGC GCAAAGGAATAGTA     ACTCCAxxxxxxxxx
 0.2      54 ..      89   GTGTCTAAACACGTC    TTTC-ATACCTTTGC CTAGGGC GCAAAGGAATAGTAA    CTCCAxxxxxxxxxx
 3.7      53 ..      90   GGTGTCTAAACACGT   CTTTC-ATACCTTTGC CTAGGGC GCAAAGGAATAGTAAC   TCCAxxxxxxxxxxx
 3.8      79 ..      91   TTGCCTAGGGCGCAA                AG GAATAGTAA CT                CCAxxxxxxxxxxxx
 1.4      81 ..      92   GCCTAGGGCGCAAAG                GAAT AGTA ACTC                 CAxxxxxxxxxxxxx
-0.9      80 ..      93   TGCCTAGGGCGCAAA               GGAAT AGTA ACTCC                Axxxxxxxxxxxxxx
