>HQ633071.1:c27896-27801 Synechococcus phage S-SKS1 genomic sequence FORWARD
 7.5       1 ..      11   xxxxxxxxxxxxxxx                -TAA CTGT TTGT                 AACACCCCTCAAACC
 3.3       2 ..      12   xxxxxxxxxxxxxxT                 AAC TGTTT GTA                 ACACCCCTCAAACCA
 2.4       1 ..      13   xxxxxxxxxxxxxxx                TAAC TGTTT GTAA                CACCCCTCAAACCAA
 7.6       4 ..      14   xxxxxxxxxxxxTAA                 CT GTTTGTA AC                 ACCCCTCAAACCAAG
  -4       5 ..      15   xxxxxxxxxxxTAAC                 TGTT TGT AACA                 CCCCTCAAACCAAGA
-0.5       4 ..      16   xxxxxxxxxxxxTAA                CTGTT TGT AACAC                CCCTCAAACCAAGAC
   3       3 ..      17   xxxxxxxxxxxxxTA               ACTGTT TGT AACACC               CCTCAAACCAAGACC
 2.5       6 ..      18   xxxxxxxxxxTAACT                GTTTG TAA CACCC                CTCAAACCAAGACCT
   6       5 ..      19   xxxxxxxxxxxTAAC               TGTTTG TAA CACCCC               TCAAACCAAGACCTA
 7.2       9 ..      20   xxxxxxxTAACTGTT                TG TAACACCC CT                 CAAACCAAGACCTAT
 5.7      10 ..      21   xxxxxxTAACTGTTT                G TAACACCCCT C                 AAACCAAGACCTATA
 4.8       9 ..      22   xxxxxxxTAACTGTT               TG TAACACCCCT CA                AACCAAGACCTATAG
 3.9       8 ..      23   xxxxxxxxTAACTGT              TTG TAACACCCCT CAA               ACCAAGACCTATAGG
   3       7 ..      24   xxxxxxxxxTAACTG             TTTG TAACACCCCT CAAA              CCAAGACCTATAGGG
 0.7       6 ..      25   xxxxxxxxxxTAACT            GTTTG TAACACCCCT CAAAC             CAAGACCTATAGGGT
 4.2       5 ..      26   xxxxxxxxxxxTAAC           TGTTTG TAACACCCCT CAAACC            AAGACCTATAGGGTG
 5.8       5 ..      27   xxxxxxxxxxxTAAC          T-GTTTG TAACACCCCT CAAACCA           AGACCTATAGGGTGT
 8.5       7 ..      28   xxxxxxxxxTAACTG           TTTGT AACACCCCTCAA ACCAA            GACCTATAGGGTGTC
 1.8      19 ..      29   CTGTTTGTAACACCC                 CT CAAACCA AG                 ACCTATAGGGTGTCT
 1.8      20 ..      30   TGTTTGTAACACCCC                 TC AAACCAA GA                 CCTATAGGGTGTCTA
 5.3      19 ..      31   CTGTTTGTAACACCC                CTC AAACCAA GAC                CTATAGGGTGTCTAA
 8.8      18 ..      32   ACTGTTTGTAACACC               CCTC AAACCAA GACC               TATAGGGTGTCTAAA
 6.1      23 ..      33   TTGTAACACCCCTCA                 A ACCAAGACC T                 ATAGGGTGTCTAAAC
 8.6      23 ..      34   TTGTAACACCCCTCA                AA CCAAGACC TA                 TAGGGTGTCTAAACA
 7.1      24 ..      35   TGTAACACCCCTCAA                A CCAAGACCTA T                 AGGGTGTCTAAACAC
 7.6      26 ..      36   TAACACCCCTCAAAC                 CA AGACCTA TA                 GGGTGTCTAAACACG
 4.3      26 ..      37   TAACACCCCTCAAAC                CAA GACCTA TAG                 GGTGTCTAAACACGT
   2      25 ..      38   GTAACACCCCTCAAA               CCAA GACCTA TAGG                GTGTCTAAACACGTC
 4.4      25 ..      39   GTAACACCCCTCAAA               CC AAGACCTATAG GG               TGTCTAAACACGTCT
-3.2      30 ..      40   ACCCCTCAAACCAAG                 ACCT ATA GGGT                 GTCTAAACACGTCTT
 0.3      29 ..      41   CACCCCTCAAACCAA                GACCT ATA GGGTG                TCTAAACACGTCTTT
-0.6      28 ..      42   ACACCCCTCAAACCA               AGACCT ATA GGGTGT               CTAAACACGTCTTTC
 1.5      29 ..      43   CACCCCTCAAACCAA              GAC-CT ATAG GGTGTC               TAAACACGTCTTTCA
 0.6      28 ..      44   ACACCCCTCAAACCA             AGAC-CT ATAG GGTGTCT              AAACACGTCTTTCAT
-1.8      35 ..      45   TCAAACCAAGACCTA                 TAGG GTG TCTA                 AACACGTCTTTCATA
 1.7      34 ..      46   CTCAAACCAAGACCT                ATAGG GTG TCTAA                ACACGTCTTTCATAT
 0.8      33 ..      47   CCTCAAACCAAGACC               TATAGG GTG TCTAAA               CACGTCTTTCATATC
 3.3      38 ..      48   AACCAAGACCTATAG                 GGT GTCTA AAC                 ACGTCTTTCATATCC
 3.9      39 ..      49   ACCAAGACCTATAGG                GTGT CTAA ACA-                 CGTCTTTCATATCCC
-4.4      39 ..      50   ACCAAGACCTATAGG                GTGT CTAA ACAC                 GTCTTTCATATCCCA
-0.9      38 ..      51   AACCAAGACCTATAG               GGTGT CTAA ACACG                TCTTTCATATCCCAG
 0.4      37 ..      52   AAACCAAGACCTATA              GGGTGT CTAA ACACGT               CTTTCATATCCCAGA
 0.6      37 ..      53   AAACCAAGACCTATA             GG-GTGT CTAA ACACGTC              TTTCATATCCCAGAC
-0.3      36 ..      54   CAAACCAAGACCTAT            AGG-GTGT CTAA ACACGTCT             TTCATATCCCAGACT
 1.5      36 ..      55   CAAACCAAGACCTAT            AGGGTGT CTAAAC ACGTCTT             TCATATCCCAGACTT
 1.3      45 ..      56   ACCTATAGGGTGTCT                AAA CACGTC TTT                 CATATCCCAGACTTA
 4.8      44 ..      57   GACCTATAGGGTGTC               TAAA CACGTC TTTC                ATATCCCAGACTTAG
 5.8      44 ..      58   GACCTATAGGGTGTC               TAAA CACGTCT TTCA               TATCCCAGACTTAGG
 3.3      49 ..      59   ATAGGGTGTCTAAAC                 ACG TCTTT CAT                 ATCCCAGACTTAGGG
 6.8      48 ..      60   TATAGGGTGTCTAAA                CACG TCTTT CATA                TCCCAGACTTAGGGT
   4      51 ..      61   AGGGTGTCTAAACAC                 GTCT TTC ATAT                 CCCAGACTTAGGGTG
 5.7      51 ..      62   AGGGTGTCTAAACAC                G TCTTTCATAT C                 CCAGACTTAGGGTGT
 6.4      37 ..      63   AAACCAAGACCTATA         GGGTGTCTAA ACACGTC TTTCATATCC         CAGACTTAGGGTGTC
 7.7      51 ..      64   AGGGTGTCTAAACAC               G TCTTTCATATCC C                AGACTTAGGGTGTCT
 6.1      55 ..      65   TGTCTAAACACGTCT                 T TCATATCCC A                 GACTTAGGGTGTCTG
 4.8      53 ..      66   GGTGTCTAAACACGT               CT TTCATATCCC AG                ACTTAGGGTGTCTGG
 2.8      56 ..      67   GTCTAAACACGTCTT                TC ATATCCCA GA                 CTTAGGGTGTCTGGG
 1.6      51 ..      68   AGGGTGTCTAAACAC             GTCT TTCATATCCC AGAC              TTAGGGTGTCTGGGA
 4.8      59 ..      69   TAAACACGTCTTTCA                 TATC CCA GACT                 TAGGGTGTCTGGGAA
 3.9      58 ..      70   CTAAACACGTCTTTC                ATATC CCA GACTT                AGGGTGTCTGGGAAA
 5.2      59 ..      71   TAAACACGTCTTTCA                TA TCCCAGACT TA                GGGTGTCTGGGAAAT
 4.7      62 ..      72   ACACGTCTTTCATAT                 C CCAGACTTA G                 GGTGTCTGGGAAATA
-4.768e-08      62 ..      73   ACACGTCTTTCATAT                CCCA GACT TAGG                 GTGTCTGGGAAATAG
-1.9      62 ..      74   ACACGTCTTTCATAT                CCC AGACTTA GGG                TGTCTGGGAAATAGT
 0.4      60 ..      75   AAACACGTCTTTCAT              ATCCCA GACT TAGGGT               GTCTGGGAAATAGTA
 1.7      59 ..      76   TAAACACGTCTTTCA             TATCCCA GACT TAGGGTG              TCTGGGAAATAGTAA
 0.8      58 ..      77   CTAAACACGTCTTTC            ATATCCCA GACT TAGGGTGT             CTGGGAAATAGTAAC
-0.5      66 ..      78   GTCTTTCATATCCCA                GAC TTAGGGT GTC                TGGGAAATAGTAACT
-1.4      65 ..      79   CGTCTTTCATATCCC               AGAC TTAGGGT GTCT               GGGAAATAGTAACTC
-3.7      64 ..      80   ACGTCTTTCATATCC              CAGAC TTAGGGT GTCTG              GGAAATAGTAACTCC
  -6      63 ..      81   CACGTCTTTCATATC             CCAGAC TTAGGGT GTCTGG             GAAATAGTAACTCCA
-8.3      62 ..      82   ACACGTCTTTCATAT            CCCAGAC TTAGGGT GTCTGGG            AAATAGTAACTCCAx
-9.2      61 ..      83   AACACGTCTTTCATA           TCCCAGAC TTAGGGT GTCTGGGA           AATAGTAACTCCAxx
-5.7      60 ..      84   AAACACGTCTTTCAT          ATCCCAGAC TTAGGGT GTCTGGGAA          ATAGTAACTCCAxxx
-6.6      59 ..      85   TAAACACGTCTTTCA         TATCCCAGAC TTAGGGT GTCTGGGAAA         TAGTAACTCCAxxxx
-7.5      58 ..      86   CTAAACACGTCTTTC        ATATCCCAGAC TTAGGGT GTCTGGGAAAT        AGTAACTCCAxxxxx
  -4      57 ..      87   TCTAAACACGTCTTT       CATATCCCAGAC TTAGGGT GTCTGGGAAATA       GTAACTCCAxxxxxx
-3.8      57 ..      88   TCTAAACACGTCTTT      C-ATATCCCAGAC TTAGGGT GTCTGGGAAATAG      TAACTCCAxxxxxxx
-0.3      56 ..      89   GTCTAAACACGTCTT     TC-ATATCCCAGAC TTAGGGT GTCTGGGAAATAGT     AACTCCAxxxxxxxx
-1.2      55 ..      90   TGTCTAAACACGTCT    TTC-ATATCCCAGAC TTAGGGT GTCTGGGAAATAGTA    ACTCCAxxxxxxxxx
-2.1      54 ..      91   GTGTCTAAACACGTC   TTTC-ATATCCCAGAC TTAGGGT GTCTGGGAAATAGTAA   CTCCAxxxxxxxxxx
 1.4      53 ..      92   GGTGTCTAAACACGT  CTTTC-ATATCCCAGAC TTAGGGT GTCTGGGAAATAGTAAC  TCCAxxxxxxxxxxx
 4.9      52 ..      93   GGGTGTCTAAACACG TCTTTC-ATATCCCAGAC TTAGGGT GTCTGGGAAATAGTAACT CCAxxxxxxxxxxxx
 2.6      51 ..      94   AGGGTGTCTAAACAC GTCTTTC-ATATCCCAGAC TTAGGGT GTCTGGGAAATAGTAACTC CAxxxxxxxxxxxxx
 1.5      81 ..      95   GACTTAGGGTGTCTG               GGA AATAGTAAC TCC               Axxxxxxxxxxxxxx
