>OQ319121.1:c49325-49228 Synechococcus phage S-BM3, complete genome FORWARD
 6.1       1 ..      11   xxxxxxxxxxxxxxx                 A AACGTAAAG T                 TGAACTCCCCGCAAA
-1.1       2 ..      12   xxxxxxxxxxxxxxA                 AAC GTAAA GTT                 GAACTCCCCGCAAAC
 2.4       1 ..      13   xxxxxxxxxxxxxxx                AAAC GTAAA GTTG                AACTCCCCGCAAACC
 6.5       3 ..      14   xxxxxxxxxxxxxAA                ACG TAAAGT TGA                 ACTCCCCGCAAACCA
 6.2       5 ..      15   xxxxxxxxxxxAAAC                 GTAA AGT TGAA                 CTCCCCGCAAACCAA
 2.8       5 ..      16   xxxxxxxxxxxAAAC                GT AAAGTTGA AC                 TCCCCGCAAACCAAG
 6.1       7 ..      17   xxxxxxxxxAAACGT                 A AAGTTGAAC T                 CCCCGCAAACCAAGA
 0.4       8 ..      18   xxxxxxxxAAACGTA                 AAGT TGA ACTC                 CCCGCAAACCAAGAC
 3.9       7 ..      19   xxxxxxxxxAAACGT                AAAGT TGA ACTCC                CCGCAAACCAAGACC
 4.7      10 ..      20   xxxxxxAAACGTAAA                 G TTGAACTCC C                 CGCAAACCAAGACCT
 4.4      10 ..      21   xxxxxxAAACGTAAA                GTTG AACT CCCC                 GCAAACCAAGACCTC
 2.8       4 ..      22   xxxxxxxxxxxxAAA             CGTAAAGT TGA ACTCCCCG             CAAACCAAGACCTCT
 4.2      10 ..      23   xxxxxxAAACGTAAA               GTTG AACTCC CCGC                AAACCAAGACCTCTA
 3.8      12 ..      24   xxxxAAACGTAAAGT                TG AACTCCCCG CA                AACCAAGACCTCTAG
 2.9      11 ..      25   xxxxxAAACGTAAAG               TTG AACTCCCCG CAA               ACCAAGACCTCTAGG
 6.4      10 ..      26   xxxxxxAAACGTAAA              GTTG AACTCCCCG CAAA              CCAAGACCTCTAGGG
 5.9      10 ..      27   xxxxxxAAACGTAAA             GTT GAACTCCCCGCA AAC              CAAGACCTCTAGGGA
None      18 ..      28   ACGTAAAGTTGAACT                  CCCCGCAAACC                  AAGACCTCTAGGGAG
 8.1      17 ..      29   AACGTAAAGTTGAAC                T CCCCGCAAACC A                AGACCTCTAGGGAGT
 7.7      20 ..      30   GTAAAGTTGAACTCC                 CCG CAAAC CAA                 GACCTCTAGGGAGTA
 4.7      21 ..      31   TAAAGTTGAACTCCC                 C GCAAACCAA G                 ACCTCTAGGGAGTAT
 6.2      22 ..      32   AAAGTTGAACTCCCC                 GC AAACCAA GA                 CCTCTAGGGAGTATA
 5.7      22 ..      33   AAAGTTGAACTCCCC                G CAAACCAAGA C                 CTCTAGGGAGTATAA
 6.7      22 ..      34   AAAGTTGAACTCCCC                G CAAACCAAGAC C                TCTAGGGAGTATAAA
 6.1      25 ..      35   GTTGAACTCCCCGCA                 A ACCAAGACC T                 CTAGGGAGTATAAAA
 8.6      25 ..      36   GTTGAACTCCCCGCA                AA CCAAGACC TC                 TAGGGAGTATAAAAA
 7.1      26 ..      37   TTGAACTCCCCGCAA                A CCAAGACCTC T                 AGGGAGTATAAAAAC
 7.6      28 ..      38   GAACTCCCCGCAAAC                 CA AGACCTC TA                 GGGAGTATAAAAACG
-4.768e-08      28 ..      39   GAACTCCCCGCAAAC                CAAG ACCT CTAG                 GGAGTATAAAAACGT
-2.3      27 ..      40   TGAACTCCCCGCAAA               CCAAG ACCT CTAGG                GAGTATAAAAACGTC
 1.2      26 ..      41   TTGAACTCCCCGCAA              ACCAAG ACCT CTAGGG               AGTATAAAAACGTCT
 1.2      32 ..      42   TCCCCGCAAACCAAG                 ACCT CTA GGGA                 GTATAAAAACGTCTT
 1.2      33 ..      43   CCCCGCAAACCAAGA                 CCTC TAG GGAG                 TATAAAAACGTCTTT
   0      33 ..      44   CCCCGCAAACCAAGA                CCTC TAGG GAGT                 ATAAAAACGTCTTTC
 3.5      32 ..      45   TCCCCGCAAACCAAG               ACCTC TAGG GAGTA                TAAAAACGTCTTTCA
 2.9      30 ..      46   ACTCCCCGCAAACCA              AGACCTC TAG GGAGTAT              AAAAACGTCTTTCAT
 3.2      37 ..      47   GCAAACCAAGACCTC                 TA GGGAGTA TA                 AAAACGTCTTTCATA
 6.7      36 ..      48   CGCAAACCAAGACCT                CTA GGGAGTA TAA                AAACGTCTTTCATAC
 5.8      35 ..      49   CCGCAAACCAAGACC               TCTA GGGAGTA TAAA               AACGTCTTTCATACC
None      40 ..      50   AACCAAGACCTCTAG                  GGAGTATAAAA                  ACGTCTTTCATACCT
None      41 ..      51   ACCAAGACCTCTAGG                  GAGTATAAAAA                  CGTCTTTCATACCTC
 5.7      41 ..      52   ACCAAGACCTCTAGG                G AGTATAAAAA C                 GTCTTTCATACCTCA
 4.3      42 ..      53   CCAAGACCTCTAGGG                AGT ATAAAA ACG                 TCTTTCATACCTCAG
 5.6      41 ..      54   ACCAAGACCTCTAGG               GAGT ATAAAA ACGT                CTTTCATACCTCAGG
 3.3      40 ..      55   AACCAAGACCTCTAG              GGAGT ATAAAA ACGTC               TTTCATACCTCAGGC
 4.6      39 ..      56   AAACCAAGACCTCTA             GGGAGT ATAAAA ACGTCT              TTCATACCTCAGGCA
 1.8      47 ..      57   ACCTCTAGGGAGTAT                 AAAA ACG TCTT                 TCATACCTCAGGCAG
 0.3      48 ..      58   CCTCTAGGGAGTATA                 AAA ACGTC TTT                 CATACCTCAGGCAGA
 2.8      48 ..      59   CCTCTAGGGAGTATA                AAAA CGTC TTTC                 ATACCTCAGGCAGAG
 2.9      46 ..      60   GACCTCTAGGGAGTA               TAAAA ACGTC TTTCA               TACCTCAGGCAGAGG
   2      45 ..      61   AGACCTCTAGGGAGT              ATAAAA ACGTC TTTCAT              ACCTCAGGCAGAGGG
 1.1      44 ..      62   AAGACCTCTAGGGAG             TATAAAA ACGTC TTTCATA             CCTCAGGCAGAGGGT
-1.2      43 ..      63   CAAGACCTCTAGGGA            GTATAAAA ACGTC TTTCATAC            CTCAGGCAGAGGGTG
 2.3      42 ..      64   CCAAGACCTCTAGGG           AGTATAAAA ACGTC TTTCATACC           TCAGGCAGAGGGTGC
   3      51 ..      65   CTAGGGAGTATAAAA               ACGTCT TTC ATACCT               CAGGCAGAGGGTGCC
 1.3      40 ..      66   AACCAAGACCTCTAG         GGAGTATAAAA ACGTC TTTCATACCTC         AGGCAGAGGGTGCCT
 4.8      39 ..      67   AAACCAAGACCTCTA        GGGAGTATAAAA ACGTC TTTCATACCTCA        GGCAGAGGGTGCCTG
 4.3      36 ..      68   CGCAAACCAAGACCT     CTAGGGAGTATAAAA ACGTC TTTCATAC-CTC-AG     GCAGAGGGTGCCTGA
 3.3      59 ..      69   TATAAAAACGTCTTT                 CAT ACCTC AGG                 CAGAGGGTGCCTGAG
 3.8      53 ..      70   AGGGAGTATAAAAAC             GTCT TTCATACCTC AGGC              AGAGGGTGCCTGAGG
  -1      61 ..      71   TAAAAACGTCTTTCA                 TACC TCA GGCA                 GAGGGTGCCTGAGGA
 2.5      60 ..      72   ATAAAAACGTCTTTC                ATACC TCA GGCAG                AGGGTGCCTGAGGAA
 1.8      58 ..      73   GTATAAAAACGTCTT              TCATACC TCA GGCA-GA              GGGTGCCTGAGGAAT
-2.5      64 ..      74   AAACGTCTTTCATAC                 CTC AGGCA GAG                 GGTGCCTGAGGAATA
-4.8      63 ..      75   AAAACGTCTTTCATA                CCTC AGGCA GAGG                GTGCCTGAGGAATAG
-1.3      62 ..      76   AAAAACGTCTTTCAT               ACCTC AGGCA GAGGG               TGCCTGAGGAATAGT
 0.3      62 ..      77   AAAAACGTCTTTCAT              A-CCTC AGGCA GAGGGT              GCCTGAGGAATAGTA
-0.7      59 ..      78   TATAAAAACGTCTTT            CATACCTC AGGCA GAGG-GTG            CCTGAGGAATAGTAA
-2.5      69 ..      79   TCTTTCATACCTCAG                 GCA GAGGG TGC                 CTGAGGAATAGTAAC
-4.8      68 ..      80   GTCTTTCATACCTCA                GGCA GAGGG TGCC                TGAGGAATAGTAACT
-5.7      67 ..      81   CGTCTTTCATACCTC               AGGCA GAGGG TGCCT               GAGGAATAGTAACTC
  -8      66 ..      82   ACGTCTTTCATACCT              CAGGCA GAGGG TGCCTG              AGGAATAGTAACTCC
-8.9      65 ..      83   AACGTCTTTCATACC             TCAGGCA GAGGG TGCCTGA             GGAATAGTAACTCCA
-11.2      64 ..      84   AAACGTCTTTCATAC            CTCAGGCA GAGGG TGCCTGAG            GAATAGTAACTCCAx
-13.5      63 ..      85   AAAACGTCTTTCATA           CCTCAGGCA GAGGG TGCCTGAGG           AATAGTAACTCCAxx
 -10      62 ..      86   AAAAACGTCTTTCAT          ACCTCAGGCA GAGGG TGCCTGAGGA          ATAGTAACTCCAxxx
-10.9      61 ..      87   TAAAAACGTCTTTCA         TACCTCAGGCA GAGGG TGCCTGAGGAA         TAGTAACTCCAxxxx
-11.8      60 ..      88   ATAAAAACGTCTTTC        ATACCTCAGGCA GAGGG TGCCTGAGGAAT        AGTAACTCCAxxxxx
-8.3      59 ..      89   TATAAAAACGTCTTT       CATACCTCAGGCA GAGGG TGCCTGAGGAATA       GTAACTCCAxxxxxx
-8.1      59 ..      90   TATAAAAACGTCTTT      C-ATACCTCAGGCA GAGGG TGCCTGAGGAATAG      TAACTCCAxxxxxxx
-4.6      58 ..      91   GTATAAAAACGTCTT     TC-ATACCTCAGGCA GAGGG TGCCTGAGGAATAGT     AACTCCAxxxxxxxx
-5.5      57 ..      92   AGTATAAAAACGTCT    TTC-ATACCTCAGGCA GAGGG TGCCTGAGGAATAGTA    ACTCCAxxxxxxxxx
-6.4      56 ..      93   GAGTATAAAAACGTC   TTTC-ATACCTCAGGCA GAGGG TGCCTGAGGAATAGTAA   CTCCAxxxxxxxxxx
-2.9      55 ..      94   GGAGTATAAAAACGT  CTTTC-ATACCTCAGGCA GAGGG TGCCTGAGGAATAGTAAC  TCCAxxxxxxxxxxx
 0.6      54 ..      95   GGGAGTATAAAAACG TCTTTC-ATACCTCAGGCA GAGGG TGCCTGAGGAATAGTAACT CCAxxxxxxxxxxxx
-1.7      53 ..      96   AGGGAGTATAAAAAC GTCTTTC-ATACCTCAGGCA GAGGG TGCCTGAGGAATAGTAACTC CAxxxxxxxxxxxxx
-0.9      84 ..      97   GCAGAGGGTGCCTGA               GGAAT AGTA ACTCC                Axxxxxxxxxxxxxx
