>HQ317292.1:165583-165678 Synechococcus phage S-RIM2 R1_1999, complete genome FORWARD
 7.6       1 ..      11   xxxxxxxxxxxxxxx                 TT TCATGAC AC                 CGACACCCCAAACCG
None       2 ..      12   xxxxxxxxxxxxxxT                  TTCATGACACC                  GACACCCCAAACCGA
 8.3       3 ..      13   xxxxxxxxxxxxxTT                 T CATGACACC G                 ACACCCCAAACCGAG
 2.8       3 ..      14   xxxxxxxxxxxxxTT                TC ATGACACC GA                 CACCCCAAACCGAGA
 6.3       2 ..      15   xxxxxxxxxxxxxxT               TTC ATGACACC GAC                ACCCCAAACCGAGAC
  -1       6 ..      16   xxxxxxxxxxTTTCA                 TGAC ACC GACA                 CCCCAAACCGAGACT
 2.5       5 ..      17   xxxxxxxxxxxTTTC                ATGAC ACC GACAC                CCCAAACCGAGACTT
 5.7       7 ..      18   xxxxxxxxxTTTCAT                G ACACCGACAC C                 CCAAACCGAGACTTA
 6.7       7 ..      19   xxxxxxxxxTTTCAT                G ACACCGACACC C                CAAACCGAGACTTAT
 7.7       7 ..      20   xxxxxxxxxTTTCAT               G ACACCGACACCC C                AAACCGAGACTTATA
 6.8       6 ..      21   xxxxxxxxxxTTTCA              TG ACACCGACACCC CA               AACCGAGACTTATAG
 8.7      11 ..      22   xxxxxTTTCATGACA                CCG ACACCC CAA                 ACCGAGACTTATAGG
None      13 ..      23   xxxTTTCATGACACC                  GACACCCCAAA                  CCGAGACTTATAGGG
 5.7      13 ..      24   xxxTTTCATGACACC                G ACACCCCAAA C                 CGAGACTTATAGGGT
 6.7      13 ..      25   xxxTTTCATGACACC                G ACACCCCAAAC C                GAGACTTATAGGGTG
 4.4      12 ..      26   xxxxTTTCATGACAC               CG ACACCCCAAAC CG               AGACTTATAGGGTGT
 6.2      17 ..      27   TTCATGACACCGACA                 CC CCAAACC GA                 GACTTATAGGGTGTA
 1.9      18 ..      28   TCATGACACCGACAC                 CCC AAACC GAG                 ACTTATAGGGTGTAT
 5.4      17 ..      29   TTCATGACACCGACA                CCCC AAACC GAGA                CTTATAGGGTGTATA
 6.1      13 ..      30   xxxTTTCATGACACC             GACAC CCCAAACC GAGAC              TTATAGGGTGTATAA
 4.8      21 ..      31   TGACACCGACACCCC                 AAAC CGA GACT                 TATAGGGTGTATAAA
 3.2      22 ..      32   GACACCGACACCCCA                 AA CCGAGAC TT                 ATAGGGTGTATAAAT
 6.7      21 ..      33   TGACACCGACACCCC                AAA CCGAGAC TTA                TAGGGTGTATAAATC
 7.1      23 ..      34   ACACCGACACCCCAA                A CCGAGACTTA T                 AGGGTGTATAAATCA
None      25 ..      35   ACCGACACCCCAAAC                  CGAGACTTATA                  GGGTGTATAAATCAC
 4.3      25 ..      36   ACCGACACCCCAAAC                CGA GACTTA TAG                 GGTGTATAAATCACG
   2      24 ..      37   CACCGACACCCCAAA               CCGA GACTTA TAGG                GTGTATAAATCACGT
 4.3      17 ..      38   TTCATGACACCGACA           CCCCAAA CCGAGACT TATAGGG            TGTATAAATCACGTC
 0.4      29 ..      39   ACACCCCAAACCGAG                 ACTT ATA GGGT                 GTATAAATCACGTCT
 1.1      15 ..      40   xTTTCATGACACCGA         CACCCCAAA CCGAGACT TATAGGGTG          TATAAATCACGTCTC
 0.2      14 ..      41   xxTTTCATGACACCG        ACACCCCAAA CCGAGACT TATAGGGTGT         ATAAATCACGTCTCT
-0.4      32 ..      42   CCCCAAACCGAGACT                 TATA GGG TGTA                 TAAATCACGTCTCTC
 0.3      33 ..      43   CCCAAACCGAGACTT                 ATA GGGTG TAT                 AAATCACGTCTCTCA
-0.6      32 ..      44   CCCCAAACCGAGACT                TATA GGGTG TATA                AATCACGTCTCTCAT
-1.5      31 ..      45   ACCCCAAACCGAGAC               TTATA GGGTG TATAA               ATCACGTCTCTCATA
   2      30 ..      46   CACCCCAAACCGAGA              CTTATA GGGTG TATAAA              TCACGTCTCTCATAT
 1.1      29 ..      47   ACACCCCAAACCGAG             ACTTATA GGGTG TATAAAT             CACGTCTCTCATATC
-1.2      28 ..      48   GACACCCCAAACCGA            GACTTATA GGGTG TATAAATC            ACGTCTCTCATATCC
 1.8      39 ..      49   CCGAGACTTATAGGG                 TG TATAAAT CA                 CGTCTCTCATATCCC
-0.5      38 ..      50   ACCGAGACTTATAGG                GTG TATAAAT CAC                GTCTCTCATATCCCT
-2.3      25 ..      51   ACCGACACCCCAAAC         CGAGACTTATA GGGTG TATAAATCACG         TCTCTCATATCCCTA
 1.2      24 ..      52   CACCGACACCCCAAA        CCGAGACTTATA GGGTG TATAAATCACGT        CTCTCATATCCCTAC
 2.1      37 ..      53   AACCGAGACTTATAG              GGTGT ATAAATC ACGTC              TCTCATATCCCTACC
 3.4      36 ..      54   AAACCGAGACTTATA             GGGTGT ATAAATC ACGTCT             CTCATATCCCTACCT
 5.8      36 ..      55   AAACCGAGACTTATA            G-GGTGT ATAAATC ACGTCTC            TCATATCCCTACCTG
 4.9      35 ..      56   CAAACCGAGACTTAT           AG-GGTGT ATAAATC ACGTCTCT           CATATCCCTACCTGA
 7.9      36 ..      57   AAACCGAGACTTATA           GGGTG TATAAATCACGT CTCTC            ATATCCCTACCTGAG
 5.7      47 ..      58   TATAGGGTGTATAAA                TCA CGTCTC TCA                 TATCCCTACCTGAGG
 3.3      49 ..      59   TAGGGTGTATAAATC                 ACG TCTCT CAT                 ATCCCTACCTGAGGG
 6.8      48 ..      60   ATAGGGTGTATAAAT                CACG TCTCT CATA                TCCCTACCTGAGGGT
   4      51 ..      61   GGGTGTATAAATCAC                 GTCT CTC ATAT                 CCCTACCTGAGGGTG
 5.7      51 ..      62   GGGTGTATAAATCAC                G TCTCTCATAT C                 CCTACCTGAGGGTGG
 6.7      51 ..      63   GGGTGTATAAATCAC                G TCTCTCATATC C                CTACCTGAGGGTGGT
 7.7      51 ..      64   GGGTGTATAAATCAC               G TCTCTCATATCC C                TACCTGAGGGTGGTA
 7.4      35 ..      65   CAAACCGAGACTTAT      AGGGTGTATAA ATCACGTCTC TCATAT-CCCT       ACCTGAGGGTGGTAG
 6.1      56 ..      66   TATAAATCACGTCTC                 T CATATCCCT A                 CCTGAGGGTGGTAGG
 7.8      51 ..      67   GGGTGTATAAATCAC              GT CTCTCATATCCCT AC              CTGAGGGTGGTAGGG
 7.2      57 ..      68   ATAAATCACGTCTCT                CATA TCCC TACC                 TGAGGGTGGTAGGGA
 7.1      58 ..      69   TAAATCACGTCTCTC                A TATCCCTACC T                 GAGGGTGGTAGGGAA
 4.8      57 ..      70   ATAAATCACGTCTCT               CA TATCCCTACC TG                AGGGTGGTAGGGAAA
 1.8      61 ..      71   ATCACGTCTCTCATA                 TC CCTACCT GA                 GGGTGGTAGGGAAAT
 1.6      55 ..      72   GTATAAATCACGTCT             CTCA TATCCCTACC TGAG              GGTGGTAGGGAAATA
-2.5      63 ..      73   CACGTCTCTCATATC                 CCT ACCTG AGG                 GTGGTAGGGAAATAG
-4.8      62 ..      74   TCACGTCTCTCATAT                CCCT ACCTG AGGG                TGGTAGGGAAATAGT
-1.3      61 ..      75   ATCACGTCTCTCATA               TCCCT ACCTG AGGGT               GGTAGGGAAATAGTA
-2.2      65 ..      76   CGTCTCTCATATCCC                TACC TGAG GGTG                 GTAGGGAAATAGTAA
-4.5      64 ..      77   ACGTCTCTCATATCC               CTACC TGAG GGTGG                TAGGGAAATAGTAAC
  -1      63 ..      78   CACGTCTCTCATATC              CCTACC TGAG GGTGGT               AGGGAAATAGTAACT
-1.4      65 ..      79   CGTCTCTCATATCCC               TACC TGAGGGT GGTA               GGGAAATAGTAACTC
-3.7      64 ..      80   ACGTCTCTCATATCC              CTACC TGAGGGT GGTAG              GGAAATAGTAACTCC
  -6      63 ..      81   CACGTCTCTCATATC             CCTACC TGAGGGT GGTAGG             GAAATAGTAACTCCA
-8.3      62 ..      82   TCACGTCTCTCATAT            CCCTACC TGAGGGT GGTAGGG            AAATAGTAACTCCAx
-9.2      61 ..      83   ATCACGTCTCTCATA           TCCCTACC TGAGGGT GGTAGGGA           AATAGTAACTCCAxx
-5.7      60 ..      84   AATCACGTCTCTCAT          ATCCCTACC TGAGGGT GGTAGGGAA          ATAGTAACTCCAxxx
-6.6      59 ..      85   AAATCACGTCTCTCA         TATCCCTACC TGAGGGT GGTAGGGAAA         TAGTAACTCCAxxxx
-7.5      58 ..      86   TAAATCACGTCTCTC        ATATCCCTACC TGAGGGT GGTAGGGAAAT        AGTAACTCCAxxxxx
  -4      57 ..      87   ATAAATCACGTCTCT       CATATCCCTACC TGAGGGT GGTAGGGAAATA       GTAACTCCAxxxxxx
-4.7      55 ..      88   GTATAAATCACGTCT     CTCATATCCCTACC TGAGGGT GGTAGGGAAAT-AG     TAACTCCAxxxxxxx
-1.2      54 ..      89   TGTATAAATCACGTC    TCTCATATCCCTACC TGAGGGT GGTAGGGAAAT-AGT    AACTCCAxxxxxxxx
-0.1      54 ..      90   TGTATAAATCACGTC    TCTCATATCCCTACC TGAGGGT GGTAGGGAAATAGTA    ACTCCAxxxxxxxxx
 1.4      52 ..      91   GGTGTATAAATCACG  TCTCTCATATCCCTACC TGAGGGT GGTAGGGAAAT-AGTAA  CTCCAxxxxxxxxxx
-0.9      51 ..      92   GGGTGTATAAATCAC GTCTCTCATATCCCTACC TGAGGGT GGTAGGGAAAT-AGTAAC TCCAxxxxxxxxxxx
 2.6      50 ..      93   AGGGTGTATAAATCA CGTCTCTCATATCCCTACC TGAGGGT GGTAGGGAAAT-AGTAACT CCAxxxxxxxxxxxx
 3.7      80 ..      94   TACCTGAGGGTGGTA               GGG AAATAGTAA CTC               CAxxxxxxxxxxxxx
 1.5      81 ..      95   ACCTGAGGGTGGTAG               GGA AATAGTAAC TCC               Axxxxxxxxxxxxxx
