>MF351863.1:195680-195775 Synechococcus phage Bellamy, complete genome FORWARD
 6.1       1 ..      11   xxxxxxxxxxxxxxx                 T CACTATCCA A                 ACACGCCTGACCGAG
 7.1       1 ..      12   xxxxxxxxxxxxxxx                T CACTATCCAA A                 CACGCCTGACCGAGA
None       3 ..      13   xxxxxxxxxxxxxTC                  ACTATCCAAAC                  ACGCCTGACCGAGAC
None       4 ..      14   xxxxxxxxxxxxTCA                  CTATCCAAACA                  CGCCTGACCGAGACT
 7.2       4 ..      15   xxxxxxxxxxxxTCA                CTAT CCAA ACAC                 GCCTGACCGAGACTA
 6.7       4 ..      16   xxxxxxxxxxxxTCA                C TATCCAAACAC G                CCTGACCGAGACTAA
 6.2       7 ..      17   xxxxxxxxxTCACTA                 TC CAAACAC GC                 CTGACCGAGACTAAA
 8.7       7 ..      18   xxxxxxxxxTCACTA                TCC AAACAC GCC                 TGACCGAGACTAAAC
 7.8       6 ..      19   xxxxxxxxxxTCACT               ATCC AAACAC GCCT                GACCGAGACTAAACA
 2.8       9 ..      20   xxxxxxxTCACTATC                CA AACACGCC TG                 ACCGAGACTAAACAG
 5.8       7 ..      21   xxxxxxxxxTCACTA               TC CAAACACGCCT GA               CCGAGACTAAACAGC
 5.8      11 ..      22   xxxxxTCACTATCCA                AACA CGCC TGAC                 CGAGACTAAACAGCG
None      13 ..      23   xxxTCACTATCCAAA                  CACGCCTGACC                  GAGACTAAACAGCGT
 5.4      14 ..      24   xxTCACTATCCAAAC                ACG CCTGAC CG-                 AGACTAAACAGCGTG
 2.9      14 ..      25   xxTCACTATCCAAAC                ACG CCTGAC CGA                 GACTAAACAGCGTGT
 0.6      13 ..      26   xxxTCACTATCCAAA               CACG CCTGAC CGAG                ACTAAACAGCGTGTC
 3.3      17 ..      27   CACTATCCAAACACG                 CCT GACCG AGA                 CTAAACAGCGTGTCT
   1      16 ..      28   TCACTATCCAAACAC                GCCT GACCG AGAC                TAAACAGCGTGTCTA
 3.4      19 ..      29   CTATCCAAACACGCC                 TGAC CGA GACT                 AAACAGCGTGTCTAA
   5      19 ..      30   CTATCCAAACACGCC                T-GAC CGA GACTA                AACAGCGTGTCTAAA
 6.7      19 ..      31   CTATCCAAACACGCC                TGA CCGAGAC TAA                ACAGCGTGTCTAAAA
None      22 ..      32   TCCAAACACGCCTGA                  CCGAGACTAAA                  CAGCGTGTCTAAAAA
 7.7      20 ..      33   TATCCAAACACGCCT               G ACCGAGACTAAA C                AGCGTGTCTAAAAAA
 6.8      19 ..      34   CTATCCAAACACGCC              TG ACCGAGACTAAA CA               GCGTGTCTAAAAAAC
 4.5      18 ..      35   ACTATCCAAACACGC             CTG ACCGAGACTAAA CAG              CGTGTCTAAAAAACA
 2.5      26 ..      36   AACACGCCTGACCGA                GACT AAAC AG-C                 GTGTCTAAAAAACAG
 4.4      23 ..      37   CCAAACACGCCTGAC               CG AGACTAAACAG CG               TGTCTAAAAAACAGT
 2.8      27 ..      38   ACACGCCTGACCGAG                AC TAAACAGC GT                 GTCTAAAAAACAGTC
 2.7      13 ..      39   xxxTCACTATCCAAA        CACGCCTG ACCGAGACTAAA CA-GCGTG         TCTAAAAAACAGTCT
 0.4      30 ..      40   CGCCTGACCGAGACT                 AAAC AGC GTGT                 CTAAAAAACAGTCTC
 0.4      31 ..      41   GCCTGACCGAGACTA                 AACA GCG TGTC                 TAAAAAACAGTCTCT
-0.5      30 ..      42   CGCCTGACCGAGACT                AAACA GCG TGTCT                AAAAAACAGTCTCTC
-1.4      29 ..      43   ACGCCTGACCGAGAC               TAAACA GCG TGTCTA               AAAAACAGTCTCTCA
 2.1      28 ..      44   CACGCCTGACCGAGA              CTAAACA GCG TGTCTAA              AAAACAGTCTCTCAT
 5.6      27 ..      45   ACACGCCTGACCGAG             ACTAAACA GCG TGTCTAAA             AAACAGTCTCTCATA
None      36 ..      46   ACCGAGACTAAACAG                  CGTGTCTAAAA                  AACAGTCTCTCATAC
 6.2      37 ..      47   CCGAGACTAAACAGC                 GTGT CTA AAAA                 ACAGTCTCTCATACC
 4.7      38 ..      48   CGAGACTAAACAGCG                 TGT CTAAA AAA                 CAGTCTCTCATACCA
 0.4      39 ..      49   GAGACTAAACAGCGT                 GTCT AAA AAAC                 AGTCTCTCATACCAA
-0.5      38 ..      50   CGAGACTAAACAGCG                TGTCT AAA AAACA                GTCTCTCATACCAAC
 1.8      41 ..      51   GACTAAACAGCGTGT                 CT AAAAAAC AG                 TCTCTCATACCAACT
 4.5      35 ..      52   GACCGAGACTAAACA             GCGTGTCT AAA AAACA-GT             CTCTCATACCAACTC
   3      39 ..      53   GAGACTAAACAGCGT               GTCT AAAAAAC AGTC               TCTCATACCAACTCT
 3.3      34 ..      54   TGACCGAGACTAAAC            AGCGTGTCT AAA AAACAGTCT            CTCATACCAACTCTG
 4.2      37 ..      55   CCGAGACTAAACAGC             GTGTCT AAAAAAC AGTCTC             TCATACCAACTCTGG
 4.7      46 ..      56   AACAGCGTGTCTAAA                 AAA CAGTC TCT                 CATACCAACTCTGGA
 5.4      35 ..      57   GACCGAGACTAAACA           GCGTGTCT AAAAAAC AGTCTCTC           ATACCAACTCTGGAG
 4.8      48 ..      58   CAGCGTGTCTAAAAA                 ACAG TCT CTCA                 TACCAACTCTGGAGG
 3.9      47 ..      59   ACAGCGTGTCTAAAA                AACAG TCT CTCAT                ACCAACTCTGGAGGG
 6.9      50 ..      60   GCGTGTCTAAAAAAC                 AGT CTCTC ATA                 CCAACTCTGGAGGGT
 0.4      51 ..      61   CGTGTCTAAAAAACA                 GTCT CTC ATAC                 CAACTCTGGAGGGTA
 3.9      50 ..      62   GCGTGTCTAAAAAAC                AGTCT CTC ATACC                AACTCTGGAGGGTAG
 7.1      52 ..      63   GTGTCTAAAAAACAG                T CTCTCATACC A                 ACTCTGGAGGGTAGA
 6.1      54 ..      64   GTCTAAAAAACAGTC                 T CTCATACCA A                 CTCTGGAGGGTAGAG
 5.8      51 ..      65   CGTGTCTAAAAAACA               GT CTCTCATACCA AC               TCTGGAGGGTAGAGT
 4.9      50 ..      66   GCGTGTCTAAAAAAC              AGT CTCTCATACCA ACT              CTGGAGGGTAGAGTT
 7.6      57 ..      67   TAAAAAACAGTCTCT                 CA TACCAAC TC                 TGGAGGGTAGAGTTG
 4.7      58 ..      68   AAAAAACAGTCTCTC                 ATA CCAAC TCT                 GGAGGGTAGAGTTGG
 2.4      57 ..      69   TAAAAAACAGTCTCT                CATA CCAAC TCTG                GAGGGTAGAGTTGGA
 2.5      60 ..      70   AAAACAGTCTCTCAT                ACCA ACTC TGG-                 AGGGTAGAGTTGGAA
   0      60 ..      71   AAAACAGTCTCTCAT                ACCA ACTC TGGA                 GGGTAGAGTTGGAAT
 1.3      59 ..      72   AAAAACAGTCTCTCA               TACCA ACTC TGGAG                GGTAGAGTTGGAATA
 1.1      61 ..      73   AAACAGTCTCTCATA                CCAAC TCT GGAGG                GTAGAGTTGGAATAT
 2.1      61 ..      74   AAACAGTCTCTCATA               CCAAC TCTG GAGGG                TAGAGTTGGAATATT
-2.2      64 ..      75   CAGTCTCTCATACCA                ACTC TGGA GGGT                 AGAGTTGGAATATTT
 0.3      59 ..      76   AAAAACAGTCTCTCA             TACCAAC TCTG GAGGGTA              GAGTTGGAATATTTT
  -1      62 ..      77   AACAGTCTCTCATAC              CAACTC TGGA GGGTAG               AGTTGGAATATTTTA
 0.2      66 ..      78   GTCTCTCATACCAAC                TCTG GAGGG TAGA                GTTGGAATATTTTAC
-2.1      65 ..      79   AGTCTCTCATACCAA               CTCTG GAGGG TAGAG               TTGGAATATTTTACT
  -3      64 ..      80   CAGTCTCTCATACCA              ACTCTG GAGGG TAGAGT              TGGAATATTTTACTC
-3.9      63 ..      81   ACAGTCTCTCATACC             AACTCTG GAGGG TAGAGTT             GGAATATTTTACTCA
-6.2      62 ..      82   AACAGTCTCTCATAC            CAACTCTG GAGGG TAGAGTTG            GAATATTTTACTCAx
-8.5      61 ..      83   AAACAGTCTCTCATA           CCAACTCTG GAGGG TAGAGTTGG           AATATTTTACTCAxx
  -5      60 ..      84   AAAACAGTCTCTCAT          ACCAACTCTG GAGGG TAGAGTTGGA          ATATTTTACTCAxxx
-5.9      59 ..      85   AAAAACAGTCTCTCA         TACCAACTCTG GAGGG TAGAGTTGGAA         TATTTTACTCAxxxx
-6.8      58 ..      86   AAAAAACAGTCTCTC        ATACCAACTCTG GAGGG TAGAGTTGGAAT        ATTTTACTCAxxxxx
-3.3      57 ..      87   TAAAAAACAGTCTCT       CATACCAACTCTG GAGGG TAGAGTTGGAATA       TTTTACTCAxxxxxx
 0.2      56 ..      88   CTAAAAAACAGTCTC      TCATACCAACTCTG GAGGG TAGAGTTGGAATAT      TTTACTCAxxxxxxx
 3.5      78 ..      89   AACTCTGGAGGGTAG                AGT TGGAAT ATT                 TTACTCAxxxxxxxx
 4.8      77 ..      90   CAACTCTGGAGGGTA               GAGT TGGAAT ATTT                TACTCAxxxxxxxxx
 3.9      76 ..      91   CCAACTCTGGAGGGT              AGAGT TGGAAT ATTTT               ACTCAxxxxxxxxxx
 2.8      81 ..      92   TCTGGAGGGTAGAGT                TGGA ATAT TTTA                 CTCAxxxxxxxxxxx
 0.7      74 ..      93   TACCAACTCTGGAGG            GTAGAGT TGGAAT ATTTTAC             TCAxxxxxxxxxxxx
 1.8      84 ..      94   GGAGGGTAGAGTTGG                 AATA TTT TACT                 CAxxxxxxxxxxxxx
-0.5      83 ..      95   TGGAGGGTAGAGTTG                GAATA TTT TACTC                Axxxxxxxxxxxxxx
