>KJ019059.1:174288-174383 Synechococcus phage ACG-2014f isolate Syn7803C90, complete genome FORWARD
 6.1       1 ..      11   xxxxxxxxxxxxxxx                 T CTTATTACA A                 CACTTCCATCTAACC
 4.7       2 ..      12   xxxxxxxxxxxxxxT                 CTT ATTAC AAC                 ACTTCCATCTAACCG
 3.8       1 ..      13   xxxxxxxxxxxxxxx                TCTT ATTAC AACA                CTTCCATCTAACCGA
 7.2       3 ..      14   xxxxxxxxxxxxxTC                TTAT TACA ACAC                 TTCCATCTAACCGAG
 4.7       5 ..      15   xxxxxxxxxxxTCTT                 ATT ACAAC ACT                 TCCATCTAACCGAGA
 7.1       5 ..      16   xxxxxxxxxxxTCTT                A TTACAACACT T                 CCATCTAACCGAGAC
 7.6       7 ..      17   xxxxxxxxxTCTTAT                 TA CAACACT TC                 CATCTAACCGAGACC
 6.2       8 ..      18   xxxxxxxxTCTTATT                 ACAA CAC TTCC                 ATCTAACCGAGACCT
 5.3       7 ..      19   xxxxxxxxxTCTTAT                TACAA CAC TTCCA                TCTAACCGAGACCTA
 6.1      10 ..      20   xxxxxxTCTTATTAC                 A ACACTTCCA T                 CTAACCGAGACCTAT
 8.6      10 ..      21   xxxxxxTCTTATTAC                AA CACTTCCA TC                 TAACCGAGACCTATG
 5.7      11 ..      22   xxxxxTCTTATTACA                ACA CTTCCA TCT                 AACCGAGACCTATGG
 7.8       7 ..      23   xxxxxxxxxTCTTAT              TACA ACACTTCCA TCTA              ACCGAGACCTATGGG
 6.9       6 ..      24   xxxxxxxxxxTCTTA             TTACA ACACTTCCA TCTAA             CCGAGACCTATGGGG
 5.7      14 ..      25   xxTCTTATTACAACA                CTT CCATCT AAC                 CGAGACCTATGGGGA
None      16 ..      26   TCTTATTACAACACT                  TCCATCTAACC                  GAGACCTATGGGGAA
 4.7      17 ..      27   CTTATTACAACACTT                 C CATCTAACC G                 AGACCTATGGGGAAG
 3.8      16 ..      28   TCTTATTACAACACT                TC CATCTAACC GA                GACCTATGGGGAAGT
 3.3      19 ..      29   TATTACAACACTTCC                 ATC TAACC GAG                 ACCTATGGGGAAGTA
-1.1      20 ..      30   ATTACAACACTTCCA                 TCT AACCG AGA                 CCTATGGGGAAGTAA
 2.4      19 ..      31   TATTACAACACTTCC                ATCT AACCG AGAC                CTATGGGGAAGTAAA
 5.9      18 ..      32   TTATTACAACACTTC               CATCT AACCG AGACC               TATGGGGAAGTAAAA
 6.1      23 ..      33   ACAACACTTCCATCT                 A ACCGAGACC T                 ATGGGGAAGTAAAAT
 5.2      22 ..      34   TACAACACTTCCATC                TA ACCGAGACC TA                TGGGGAAGTAAAATA
 5.8      24 ..      35   CAACACTTCCATCTA                ACCG AGAC CTAT                 GGGGAAGTAAAATAC
   4      26 ..      36   ACACTTCCATCTAAC                 CG AGACCTA TG                 GGGAAGTAAAATACG
 1.7      25 ..      37   AACACTTCCATCTAA                CCG AGACCTA TGG                GGAAGTAAAATACGT
   2      25 ..      38   AACACTTCCATCTAA               CCGA GACCTA TGGG                GAAGTAAAATACGTC
 3.4      29 ..      39   CTTCCATCTAACCGA                 GACC TAT GGGG                 AAGTAAAATACGTCT
 1.2      30 ..      40   TTCCATCTAACCGAG                 ACCT ATG GGGA                 AGTAAAATACGTCTC
 4.7      29 ..      41   CTTCCATCTAACCGA                GACCT ATG GGGAA                GTAAAATACGTCTCT
 1.8      32 ..      42   CCATCTAACCGAGAC                 CT ATGGGGA AG                 TAAAATACGTCTCTA
 3.4      30 ..      43   TTCCATCTAACCGAG               ACCT ATGGGG AAGT                AAAATACGTCTCTAA
 3.5      33 ..      44   CATCTAACCGAGACC                TAT GGGGAA GTA                 AAATACGTCTCTAAT
 6.1      35 ..      45   TCTAACCGAGACCTA                 T GGGGAAGTA A                 AATACGTCTCTAATA
   7      33 ..      46   CATCTAACCGAGACC               TATG GGGAAG TAAA                ATACGTCTCTAATAC
 8.1      35 ..      47   TCTAACCGAGACCTA                T GGGGAAGTAAA A                TACGTCTCTAATACC
 7.2      34 ..      48   ATCTAACCGAGACCT               AT GGGGAAGTAAA AT               ACGTCTCTAATACCT
 6.3      33 ..      49   CATCTAACCGAGACC              TAT GGGGAAGTAAA ATA              CGTCTCTAATACCTA
 4.3      39 ..      50   ACCGAGACCTATGGG                GAA GTAAAA TAC                 GTCTCTAATACCTAC
 0.4      41 ..      51   CGAGACCTATGGGGA                 AGTA AAA TACG                 TCTCTAATACCTACA
-0.5      40 ..      52   CCGAGACCTATGGGG                AAGTA AAA TACGT                CTCTAATACCTACAC
-2.8      39 ..      53   ACCGAGACCTATGGG               GAAGTA AAA TACGTC               TCTAATACCTACACC
-1.5      38 ..      54   AACCGAGACCTATGG              GGAAGTA AAA TACGTCT              CTAATACCTACACCG
-3.8      37 ..      55   TAACCGAGACCTATG             GGGAAGTA AAA TACGTCTC             TAATACCTACACCGG
-2.5      36 ..      56   CTAACCGAGACCTAT            GGGGAAGTA AAA TACGTCTCT            AATACCTACACCGGA
-3.4      35 ..      57   TCTAACCGAGACCTA           TGGGGAAGTA AAA TACGTCTCTA           ATACCTACACCGGAG
 0.1      34 ..      58   ATCTAACCGAGACCT          ATGGGGAAGTA AAA TACGTCTCTAA          TACCTACACCGGAGG
 1.7      34 ..      59   ATCTAACCGAGACCT         A-TGGGGAAGTA AAA TACGTCTCTAAT         ACCTACACCGGAGGG
 0.8      33 ..      60   CATCTAACCGAGACC        TA-TGGGGAAGTA AAA TACGTCTCTAATA        CCTACACCGGAGGGT
 0.4      51 ..      61   GGGGAAGTAAAATAC                 GTCT CTA ATAC                 CTACACCGGAGGGTG
 3.9      50 ..      62   TGGGGAAGTAAAATA                CGTCT CTA ATACC                TACACCGGAGGGTGG
   3      49 ..      63   ATGGGGAAGTAAAAT               ACGTCT CTA ATACCT               ACACCGGAGGGTGGT
 2.1      48 ..      64   TATGGGGAAGTAAAA              TACGTCT CTA ATACCTA              CACCGGAGGGTGGTG
 4.7      55 ..      65   AAGTAAAATACGTCT                 CTA ATACC TAC                 ACCGGAGGGTGGTGT
 3.8      54 ..      66   GAAGTAAAATACGTC                TCTA ATACC TACA                CCGGAGGGTGGTGTA
 6.4      51 ..      67   GGGGAAGTAAAATAC              GTCT CTAATACCT ACAC              CGGAGGGTGGTGTAG
None      58 ..      68   TAAAATACGTCTCTA                  ATACCTACACC                  GGAGGGTGGTGTAGG
 8.3      59 ..      69   AAAATACGTCTCTAA                 T ACCTACACC G                 GAGGGTGGTGTAGGA
 5.4      60 ..      70   AAATACGTCTCTAAT                ACC TACACC GG-                 AGGGTGGTGTAGGAA
 2.9      60 ..      71   AAATACGTCTCTAAT                ACC TACACC GGA                 GGGTGGTGTAGGAAT
  -1      62 ..      72   ATACGTCTCTAATAC                 CTAC ACC GGAG                 GGTGGTGTAGGAATA
-3.3      61 ..      73   AATACGTCTCTAATA                CCTAC ACC GGAGG                GTGGTGTAGGAATAA
-0.1      61 ..      74   AATACGTCTCTAATA               CCTAC ACCG GAGGG                TGGTGTAGGAATAAT
  -1      60 ..      75   AAATACGTCTCTAAT              ACCTAC ACCG GAGGGT               GGTGTAGGAATAATA
-5.8      65 ..      76   CGTCTCTAATACCTA                CACC GGAG GGTG                 GTGTAGGAATAATAC
-2.3      64 ..      77   ACGTCTCTAATACCT               ACACC GGAG GGTGG                TGTAGGAATAATACT
-1.2      66 ..      78   GTCTCTAATACCTAC                ACCG GAGGG TGGT                GTAGGAATAATACTA
-3.5      65 ..      79   CGTCTCTAATACCTA               CACCG GAGGG TGGTG               TAGGAATAATACTAT
-4.4      64 ..      80   ACGTCTCTAATACCT              ACACCG GAGGG TGGTGT              AGGAATAATACTATC
-5.3      63 ..      81   TACGTCTCTAATACC             TACACCG GAGGG TGGTGTA             GGAATAATACTATCG
-7.6      62 ..      82   ATACGTCTCTAATAC            CTACACCG GAGGG TGGTGTAG            GAATAATACTATCGx
-9.9      61 ..      83   AATACGTCTCTAATA           CCTACACCG GAGGG TGGTGTAGG           AATAATACTATCGxx
-6.4      60 ..      84   AAATACGTCTCTAAT          ACCTACACCG GAGGG TGGTGTAGGA          ATAATACTATCGxxx
-7.3      59 ..      85   AAAATACGTCTCTAA         TACCTACACCG GAGGG TGGTGTAGGAA         TAATACTATCGxxxx
-8.2      58 ..      86   TAAAATACGTCTCTA        ATACCTACACCG GAGGG TGGTGTAGGAAT        AATACTATCGxxxxx
-4.7      57 ..      87   GTAAAATACGTCTCT       AATACCTACACCG GAGGG TGGTGTAGGAATA       ATACTATCGxxxxxx
-5.6      56 ..      88   AGTAAAATACGTCTC      TAATACCTACACCG GAGGG TGGTGTAGGAATAA      TACTATCGxxxxxxx
-2.1      55 ..      89   AAGTAAAATACGTCT     CTAATACCTACACCG GAGGG TGGTGTAGGAATAAT     ACTATCGxxxxxxxx
  -3      54 ..      90   GAAGTAAAATACGTC    TCTAATACCTACACCG GAGGG TGGTGTAGGAATAATA    CTATCGxxxxxxxxx
 0.5      53 ..      91   GGAAGTAAAATACGT   CTCTAATACCTACACCG GAGGG TGGTGTAGGAATAATAC   TATCGxxxxxxxxxx
 1.4      81 ..      92   ACCGGAGGGTGGTGT                AGGA ATAA TACT                 ATCGxxxxxxxxxxx
 0.5      80 ..      93   CACCGGAGGGTGGTG               TAGGA ATAA TACTA                TCGxxxxxxxxxxxx
 1.8      79 ..      94   ACACCGGAGGGTGGT              GTAGGA ATAA TACTAT               CGxxxxxxxxxxxxx
 1.6      73 ..      95   ATACCTACACCGGAG           GGTGGTGT AGGAATA ATACTATC           Gxxxxxxxxxxxxxx
