>MH629685.1:79337-79432 Synechococcus virus S-PRM1, complete genome FORWARD
   4       1 ..      11   xxxxxxxxxxxxxxx                 CG TTTTTGT TG                 TCTTCTCTGCAAACC
 7.6       2 ..      12   xxxxxxxxxxxxxxC                 GT TTTTGTT GT                 CTTCTCTGCAAACCG
 5.7       2 ..      13   xxxxxxxxxxxxxxC                G TTTTTGTTGT C                 TTCTCTGCAAACCGA
None       4 ..      14   xxxxxxxxxxxxCGT                  TTTTGTTGTCT                  TCTCTGCAAACCGAG
None       5 ..      15   xxxxxxxxxxxCGTT                  TTTGTTGTCTT                  CTCTGCAAACCGAGA
 8.7       2 ..      16   xxxxxxxxxxxxxxC               G TTTTTGTTGTCTT C               TCTGCAAACCGAGAC
 6.2       7 ..      17   xxxxxxxxxCGTTTT                 TG TTGTCTT CT                 CTGCAAACCGAGACC
 4.7       8 ..      18   xxxxxxxxCGTTTTT                 G TTGTCTTCT C                 TGCAAACCGAGACCT
   8       8 ..      19   xxxxxxxxCGTTTTT                GTTG TCTT CTCT                 GCAAACCGAGACCTC
 6.5       9 ..      20   xxxxxxxCGTTTTTG                TTG TCTTCT CTG                 CAAACCGAGACCTCT
   4      11 ..      21   xxxxxCGTTTTTGTT                 GT CTTCTCT GC                 AAACCGAGACCTCTA
 3.1      10 ..      22   xxxxxxCGTTTTTGT                TGT CTTCTCT GCA                AACCGAGACCTCTAG
 2.2       9 ..      23   xxxxxxxCGTTTTTG               TTGT CTTCTCT GCAA               ACCGAGACCTCTAGG
 1.5       5 ..      24   xxxxxxxxxxxCGTT            TTTGTTG TCTTCT CTGCAAA             CCGAGACCTCTAGGG
 1.6      11 ..      25   xxxxxCGTTTTTGTT               GTCTTC TCT GCAAAC               CGAGACCTCTAGGGA
 5.1      10 ..      26   xxxxxxCGTTTTTGT              TGTCTTC TCT GCAAACC              GAGACCTCTAGGGAA
 5.7      16 ..      27   CGTTTTTGTTGTCTT                C TCTGCAAACC G                 AGACCTCTAGGGAAG
3.576e-08      17 ..      28   GTTTTTGTTGTCTTC                TCTG CAAA CCGA                 GACCTCTAGGGAAGT
-2.3      16 ..      29   CGTTTTTGTTGTCTT               CTCTG CAAA CCGAG                ACCTCTAGGGAAGTA
-3.2      15 ..      30   xCGTTTTTGTTGTCT              TCTCTG CAAA CCGAGA               CCTCTAGGGAAGTAA
 0.3      14 ..      31   xxCGTTTTTGTTGTC             TTCTCTG CAAA CCGAGAC              CTCTAGGGAAGTAAA
 3.8      13 ..      32   xxxCGTTTTTGTTGT            CTTCTCTG CAAA CCGAGACC             TCTAGGGAAGTAAAA
 6.1      23 ..      33   GTTGTCTTCTCTGCA                 A ACCGAGACC T                 CTAGGGAAGTAAAAC
   5      11 ..      34   xxxxxCGTTTTTGTT          GTCTTCTCTG CAAA CCGAGACCTC           TAGGGAAGTAAAACA
 5.8      24 ..      35   TTGTCTTCTCTGCAA                ACCG AGAC CTCT                 AGGGAAGTAAAACAC
 5.8      25 ..      36   TGTCTTCTCTGCAAA                CCGA GACC TCTA                 GGGAAGTAAAACACG
-4.768e-08      26 ..      37   GTCTTCTCTGCAAAC                CGAG ACCT CTAG                 GGAAGTAAAACACGT
-2.3      25 ..      38   TGTCTTCTCTGCAAA               CCGAG ACCT CTAGG                GAAGTAAAACACGTC
 1.2      24 ..      39   TTGTCTTCTCTGCAA              ACCGAG ACCT CTAGGG               AAGTAAAACACGTCT
 1.2      30 ..      40   TCTCTGCAAACCGAG                 ACCT CTA GGGA                 AGTAAAACACGTCTC
 4.7      29 ..      41   TTCTCTGCAAACCGA                GACCT CTA GGGAA                GTAAAACACGTCTCT
-4.768e-08      31 ..      42   CTCTGCAAACCGAGA                CCTC TAGG GAAG                 TAAAACACGTCTCTC
-0.9      30 ..      43   TCTCTGCAAACCGAG               ACCTC TAGG GAAGT                AAAACACGTCTCTCA
 2.6      29 ..      44   TTCTCTGCAAACCGA              GACCTC TAGG GAAGTA               AAACACGTCTCTCAT
 5.7      34 ..      45   TGCAAACCGAGACCT                CTA GGGAAG TAA                 AACACGTCTCTCATA
 4.8      33 ..      46   CTGCAAACCGAGACC               TCTA GGGAAG TAAA                ACACGTCTCTCATAC
 8.1      35 ..      47   GCAAACCGAGACCTC                T AGGGAAGTAAA A                CACGTCTCTCATACC
 4.7      38 ..      48   AACCGAGACCTCTAG                 G GAAGTAAAA C                 ACGTCTCTCATACCC
 7.2      38 ..      49   AACCGAGACCTCTAG                GG AAGTAAAA CA                 CGTCTCTCATACCCA
 4.8      40 ..      50   CCGAGACCTCTAGGG                 AAGT AAA ACAC                 GTCTCTCATACCCAC
 3.3      41 ..      51   CGAGACCTCTAGGGA                 AGT AAAAC ACG                 TCTCTCATACCCACA
 2.4      40 ..      52   CCGAGACCTCTAGGG                AAGT AAAAC ACGT                CTCTCATACCCACAC
 0.1      39 ..      53   ACCGAGACCTCTAGG               GAAGT AAAAC ACGTC               TCTCATACCCACACT
 1.4      38 ..      54   AACCGAGACCTCTAG              GGAAGT AAAAC ACGTCT              CTCATACCCACACTG
-0.9      37 ..      55   AAACCGAGACCTCTA             GGGAAGT AAAAC ACGTCTC             TCATACCCACACTGG
-1.8      36 ..      56   CAAACCGAGACCTCT            AGGGAAGT AAAAC ACGTCTCT            CATACCCACACTGGA
 1.7      35 ..      57   GCAAACCGAGACCTC           TAGGGAAGT AAAAC ACGTCTCTC           ATACCCACACTGGAG
 3.3      35 ..      58   GCAAACCGAGACCTC          T-AGGGAAGT AAAAC ACGTCTCTCA          TACCCACACTGGAGG
 3.3      49 ..      59   CTAGGGAAGTAAAAC                 ACG TCTCT CAT                 ACCCACACTGGAGGG
 5.9      33 ..      60   CTGCAAACCGAGACC        TCT-AGGGAAGT AAAAC ACGTCTCTCATA        CCCACACTGGAGGGT
 0.4      51 ..      61   AGGGAAGTAAAACAC                 GTCT CTC ATAC                 CCACACTGGAGGGTG
 3.9      50 ..      62   TAGGGAAGTAAAACA                CGTCT CTC ATACC                CACACTGGAGGGTGG
 6.7      51 ..      63   AGGGAAGTAAAACAC                G TCTCTCATACC C                ACACTGGAGGGTGGT
 6.1      54 ..      64   GAAGTAAAACACGTC                 T CTCATACCC A                 CACTGGAGGGTGGTG
 5.8      51 ..      65   AGGGAAGTAAAACAC               GT CTCTCATACCC AC               ACTGGAGGGTGGTGT
 6.1      56 ..      66   AGTAAAACACGTCTC                 T CATACCCAC A                 CTGGAGGGTGGTGTG
 6.4      51 ..      67   AGGGAAGTAAAACAC              GTCT CTCATACCC ACAC              TGGAGGGTGGTGTGG
 6.1      58 ..      68   TAAAACACGTCTCTC                 A TACCCACAC T                 GGAGGGTGGTGTGGG
 3.8      57 ..      69   GTAAAACACGTCTCT                CA TACCCACAC TG                GAGGGTGGTGTGGGA
 5.1      56 ..      70   AGTAAAACACGTCTC               TCA TACCCACAC TGG               AGGGTGGTGTGGGAA
  -1      61 ..      71   AACACGTCTCTCATA                 CCCA CAC TGGA                 GGGTGGTGTGGGAAT
-0.8      61 ..      72   AACACGTCTCTCATA                C-CCA CAC TGGAG                GGTGGTGTGGGAATA
-1.4      62 ..      73   ACACGTCTCTCATAC                CCAC ACTG GAGG                 GTGGTGTGGGAATAC
-3.7      61 ..      74   AACACGTCTCTCATA               CCCAC ACTG GAGGG                TGGTGTGGGAATACT
-4.6      60 ..      75   AAACACGTCTCTCAT              ACCCAC ACTG GAGGGT               GGTGTGGGAATACTA
-3.3      59 ..      76   AAAACACGTCTCTCA             TACCCAC ACTG GAGGGTG              GTGTGGGAATACTAC
-4.6      62 ..      77   ACACGTCTCTCATAC              CCACAC TGGA GGGTGG               TGTGGGAATACTACT
-1.1      61 ..      78   AACACGTCTCTCATA             CCCACAC TGGA GGGTGGT              GTGGGAATACTACTA
-0.9      61 ..      79   AACACGTCTCTCATA            C-CCACAC TGGA GGGTGGTG             TGGGAATACTACTAC
-1.8      60 ..      80   AAACACGTCTCTCAT           AC-CCACAC TGGA GGGTGGTGT            GGGAATACTACTACT
-3.1      63 ..      81   CACGTCTCTCATACC             CACACTG GAGGG TGGTGTG             GGAATACTACTACTG
-5.4      62 ..      82   ACACGTCTCTCATAC            CCACACTG GAGGG TGGTGTGG            GAATACTACTACTGx
-7.7      61 ..      83   AACACGTCTCTCATA           CCCACACTG GAGGG TGGTGTGGG           AATACTACTACTGxx
-4.2      60 ..      84   AAACACGTCTCTCAT          ACCCACACTG GAGGG TGGTGTGGGA          ATACTACTACTGxxx
-5.1      59 ..      85   AAAACACGTCTCTCA         TACCCACACTG GAGGG TGGTGTGGGAA         TACTACTACTGxxxx
  -6      58 ..      86   TAAAACACGTCTCTC        ATACCCACACTG GAGGG TGGTGTGGGAAT        ACTACTACTGxxxxx
-2.5      57 ..      87   GTAAAACACGTCTCT       CATACCCACACTG GAGGG TGGTGTGGGAATA       CTACTACTGxxxxxx
-0.8      77 ..      88   CCACACTGGAGGGTG                GTGT GGGA ATAC                 TACTACTGxxxxxxx
 0.5      76 ..      89   CCCACACTGGAGGGT               GGTGT GGGA ATACT                ACTACTGxxxxxxxx
-0.4      75 ..      90   ACCCACACTGGAGGG              TGGTGT GGGA ATACTA               CTACTGxxxxxxxxx
-2.7      74 ..      91   TACCCACACTGGAGG             GTGGTGT GGGA ATACTAC              TACTGxxxxxxxxxx
-1.4      73 ..      92   ATACCCACACTGGAG            GGTGGTGT GGGA ATACTACT             ACTGxxxxxxxxxxx
 2.1      72 ..      93   CATACCCACACTGGA           GGGTGGTGT GGGA ATACTACTA            CTGxxxxxxxxxxxx
 0.4      79 ..      94   ACACTGGAGGGTGGT              GTGGGA ATAC TACTAC               TGxxxxxxxxxxxxx
 1.4      71 ..      95   TCATACCCACACTGG         AG-GGTGGTGT GGGA ATACTACTACT          Gxxxxxxxxxxxxxx
