>FR891331.1:25497-25617 Clostridium sp. CAG:964 genomic scaffold, scf131, whole genome shotgun sequence FORWARD
None       1 ..      11   xxxxxxxxxxxxxxx                  AAGCTGTGAAG                  TATTAGGGTGTACCG
 3.9       2 ..      12   xxxxxxxxxxxxxxA                AGCT GTGA AG-T                 ATTAGGGTGTACCGG
 3.6       2 ..      13   xxxxxxxxxxxxxxA                AGCT GTGA AGTA                 TTAGGGTGTACCGGA
 2.7       1 ..      14   xxxxxxxxxxxxxxx               AAGCT GTGA AGTAT                TAGGGTGTACCGGAA
 4.3       1 ..      15   xxxxxxxxxxxxxxx              AA-GCT GTGA AGTATT               AGGGTGTACCGGAAT
 6.4       5 ..      16   xxxxxxxxxxxAAGC                TG TGAAGTAT TA                 GGGTGTACCGGAATG
   4       7 ..      17   xxxxxxxxxAAGCTG                 TGAA GTA TTAG                 GGTGTACCGGAATGC
 6.3       5 ..      18   xxxxxxxxxxxAAGC               TGTGA AGTA TTAGG                GTGTACCGGAATGCA
   4       4 ..      19   xxxxxxxxxxxxAAG              CTGTGA AGTA TTAGGG               TGTACCGGAATGCAC
 5.3       3 ..      20   xxxxxxxxxxxxxAA             GCTGTGA AGTA TTAGGGT              GTACCGGAATGCACT
 8.8       2 ..      21   xxxxxxxxxxxxxxA            AGCTGTGA AGTA TTAGGGTG             TACCGGAATGCACTA
   5      11 ..      22   xxxxxAAGCTGTGAA                GTAT TAGG GTGT                 ACCGGAATGCACTAT
 3.5      12 ..      23   xxxxAAGCTGTGAAG                TAT TAGGGT GTA                 CCGGAATGCACTATT
 1.2      11 ..      24   xxxxxAAGCTGTGAA               GTAT TAGGGT GTAC                CGGAATGCACTATTA
 4.7      10 ..      25   xxxxxxAAGCTGTGA              AGTAT TAGGGT GTACC               GGAATGCACTATTAT
 1.9      16 ..      26   AAGCTGTGAAGTATT                 AGG GTGTA CCG                 GAATGCACTATTATA
 3.2      15 ..      27   xAAGCTGTGAAGTAT                TAGG GTGTA CCGG                AATGCACTATTATAC
 2.3      14 ..      28   xxAAGCTGTGAAGTA               TTAGG GTGTA CCGGA               ATGCACTATTATACA
 2.6      14 ..      29   xxAAGCTGTGAAGTA              TTAGGG TGTA CCGGAA               TGCACTATTATACAG
 1.7      13 ..      30   xxxAAGCTGTGAAGT             ATTAGGG TGTA CCGGAAT              GCACTATTATACAGA
   3      12 ..      31   xxxxAAGCTGTGAAG            TATTAGGG TGTA CCGGAATG             CACTATTATACAGAG
 0.7      11 ..      32   xxxxxAAGCTGTGAA           GTATTAGGG TGTA CCGGAATGC            ACTATTATACAGAGC
 1.2      20 ..      33   TGTGAAGTATTAGGG               TGTA CCGGAA TGCA                CTATTATACAGAGCT
-1.1      19 ..      34   CTGTGAAGTATTAGG              GTGTA CCGGAA TGCAC               TATTATACAGAGCTT
 0.2      18 ..      35   GCTGTGAAGTATTAG             GGTGTA CCGGAA TGCACT              ATTATACAGAGCTTT
 2.8      15 ..      36   xAAGCTGTGAAGTAT           TAGGGTGT ACCGGA ATGCACTA            TTATACAGAGCTTTC
 2.8      16 ..      37   AAGCTGTGAAGTATT           AGGGTGTA CCGGAA TGCACTAT            TATACAGAGCTTTCA
-0.4      28 ..      38   ATTAGGGTGTACCGG                 AATG CAC TATT                 ATACAGAGCTTTCAG
 3.1      27 ..      39   TATTAGGGTGTACCG                GAATG CAC TATTA                TACAGAGCTTTCAGG
 3.5      29 ..      40   TTAGGGTGTACCGGA                ATG CACTAT TAT                 ACAGAGCTTTCAGGA
 3.6      12 ..      41   xxxxAAGCTGTGAAG       TATTAGGGTGTA CCGGAA TGCACTATTATA        CAGAGCTTTCAGGAA
 1.3      11 ..      42   xxxxxAAGCTGTGAA      GTATTAGGGTGTA CCGGAA TGCACTATTATAC       AGAGCTTTCAGGAAG
 3.4      30 ..      43   TAGGGTGTACCGGAA               TGCA CTATTA TACA                GAGCTTTCAGGAAGG
 0.4      34 ..      44   GTGTACCGGAATGCA                 CTAT TAT ACAG                 AGCTTTCAGGAAGGG
 3.9      33 ..      45   GGTGTACCGGAATGC                ACTAT TAT ACAGA                GCTTTCAGGAAGGGT
 1.6      32 ..      46   GGGTGTACCGGAATG               CACTAT TAT ACAGAG               CTTTCAGGAAGGGTT
-0.7      31 ..      47   AGGGTGTACCGGAAT              GCACTAT TAT ACAGAGC              TTTCAGGAAGGGTTG
 2.8      30 ..      48   TAGGGTGTACCGGAA             TGCACTAT TAT ACAGAGCT             TTCAGGAAGGGTTGT
 1.9      29 ..      49   TTAGGGTGTACCGGA            ATGCACTAT TAT ACAGAGCTT            TCAGGAAGGGTTGTG
   1      28 ..      50   ATTAGGGTGTACCGG           AATGCACTAT TAT ACAGAGCTTT           CAGGAAGGGTTGTGC
-1.3      27 ..      51   TATTAGGGTGTACCG          GAATGCACTAT TAT ACAGAGCTTTC          AGGAAGGGTTGTGCA
 2.2      26 ..      52   GTATTAGGGTGTACC         GGAATGCACTAT TAT ACAGAGCTTTCA         GGAAGGGTTGTGCAG
-0.1      25 ..      53   AGTATTAGGGTGTAC        CGGAATGCACTAT TAT ACAGAGCTTTCAG        GAAGGGTTGTGCAGT
-2.4      24 ..      54   AAGTATTAGGGTGTA       CCGGAATGCACTAT TAT ACAGAGCTTTCAGG       AAGGGTTGTGCAGTG
 1.1      23 ..      55   GAAGTATTAGGGTGT      ACCGGAATGCACTAT TAT ACAGAGCTTTCAGGA      AGGGTTGTGCAGTGT
 0.2      22 ..      56   TGAAGTATTAGGGTG     TACCGGAATGCACTAT TAT ACAGAGCTTTCAGGAA     GGGTTGTGCAGTGTT
-1.8      47 ..      57   CACTATTATACAGAG                 CTTT CAG GAAG                 GGTTGTGCAGTGTTA
-0.8      47 ..      58   CACTATTATACAGAG                CTTT CAGG AAGG                 GTTGTGCAGTGTTAC
 2.4      47 ..      59   CACTATTATACAGAG                CTTT CAGGA AGGG                TTGTGCAGTGTTACC
 1.8      45 ..      60   TGCACTATTATACAG              AGCTTT CAGG AAGGGT               TGTGCAGTGTTACCT
 2.8      45 ..      61   TGCACTATTATACAG              AGCTTT CAGGA AGGGTT              GTGCAGTGTTACCTC
 2.1      51 ..      62   ATTATACAGAGCTTT                CAG GAAGGG TTG                 TGCAGTGTTACCTCA
 2.4      41 ..      63   GGAATGCACTATTAT           ACAGAGCTTT CAG GAAGGGTTGT           GCAGTGTTACCTCAA
 2.7      51 ..      64   ATTATACAGAGCTTT               CAGGA AGGG TTGTG                CAGTGTTACCTCAAA
 4.3      54 ..      65   ATACAGAGCTTTCAG                GAA GGGTTG TGC                 AGTGTTACCTCAAAC
 5.3      49 ..      66   CTATTATACAGAGCT             TTCAGGA AGGG TTGTGCA              GTGTTACCTCAAACC
 6.5      51 ..      67   ATTATACAGAGCTTT              CAGGA AGGGTTG TGCAG              TGTTACCTCAAACCG
 6.1      56 ..      68   ACAGAGCTTTCAGGA                AGGGT TGT GCAGT                GTTACCTCAAACCGG
 7.2      58 ..      69   AGAGCTTTCAGGAAG                GGTT GTGC AGTG                 TTACCTCAAACCGGA
 8.4      60 ..      70   AGCTTTCAGGAAGGG                 TTGT GCA GTGT                 TACCTCAAACCGGAG
 7.6      56 ..      71   ACAGAGCTTTCAGGA              AGGGTT GTGC AGTGTT               ACCTCAAACCGGAGT
 6.4      61 ..      72   GCTTTCAGGAAGGGT                TGTGC AGT GT-TA                CCTCAAACCGGAGTA
 2.1      62 ..      73   CTTTCAGGAAGGGTT                GTG CAGTGT TAC                 CTCAAACCGGAGTAG
 2.9      58 ..      74   AGAGCTTTCAGGAAG              GGTTGTG CAG TGTTACC              TCAAACCGGAGTAGA
 4.2      57 ..      75   CAGAGCTTTCAGGAA             GGGTTGTG CAG TGTTACCT             CAAACCGGAGTAGAT
 2.5      64 ..      76   TTCAGGAAGGGTTGT                GCAGT GTT ACCTC                AAACCGGAGTAGATA
 1.6      63 ..      77   TTTCAGGAAGGGTTG               TGCAGT GTT ACCTCA               AACCGGAGTAGATAT
 4.1      60 ..      78   AGCTTTCAGGAAGGG             TTGTG CAGTGTTAC CTCAA             ACCGGAGTAGATATT
 4.2      61 ..      79   GCTTTCAGGAAGGGT             TGTGCAGT GTT ACCTCAAA             CCGGAGTAGATATTT
-0.1      69 ..      80   GAAGGGTTGTGCAGT                GTT ACCTCA AAC                 CGGAGTAGATATTTT
 1.2      58 ..      81   AGAGCTTTCAGGAAG          GGTTGTGCAGT GTT ACCTCA-AACC          GGAGTAGATATTTTA
 4.6      65 ..      82   TCAGGAAGGGTTGTG             CAGTGT TACCTC AAACCG              GAGTAGATATTTTAT
 0.4      73 ..      83   GGTTGTGCAGTGTTA                 CC TCAAACC GG                 AGTAGATATTTTATC
 3.9      72 ..      84   GGGTTGTGCAGTGTT                ACC TCAAACC GGA                GTAGATATTTTATCT
-1.5      74 ..      85   GTTGTGCAGTGTTAC                CTC AAACCG GAG                 TAGATATTTTATCTT
   2      73 ..      86   GGTTGTGCAGTGTTA               CCTC AAACCG GAGT                AGATATTTTATCTTA
 1.4      71 ..      87   AGGGTTGTGCAGTGT              TACCTC AAACC GGAGTA              GATATTTTATCTTAG
 2.7      70 ..      88   AAGGGTTGTGCAGTG             TTACCTC AAACC GGAGTAG             ATATTTTATCTTAGT
 4.4      75 ..      89   TTGTGCAGTGTTACC               TCAA ACCGGAG TAGA               TATTTTATCTTAGTC
 4.3      79 ..      90   GCAGTGTTACCTCAA                ACC GGAGTA GAT                 ATTTTATCTTAGTCG
 6.3      68 ..      91   GGAAGGGTTGTGCAG          TGTTACCTC AAACCG GAGTAGATA           TTTTATCTTAGTCGA
 6.9      77 ..      92   GTGCAGTGTTACCTC              AAACC GGAGTA GATAT               TTTATCTTAGTCGAA
 5.4      83 ..      93   TGTTACCTCAAACCG                 GA GTAGATA TT                 TTATCTTAGTCGAAA
 2.8      83 ..      94   TGTTACCTCAAACCG                GAGT AGAT ATTT                 TATCTTAGTCGAAAG
 4.1      82 ..      95   GTGTTACCTCAAACC               GGAGT AGAT ATTTT                ATCTTAGTCGAAAGA
-0.4      86 ..      96   TACCTCAAACCGGAG                 TAGA TAT TTTA                 TCTTAGTCGAAAGAA
 0.9      85 ..      97   TTACCTCAAACCGGA                GTAGA TAT TTTAT                CTTAGTCGAAAGAAA
  -4      88 ..      98   CCTCAAACCGGAGTA                 GATA TTT TATC                 TTAGTCGAAAGAAAA
-4.9      87 ..      99   ACCTCAAACCGGAGT                AGATA TTT TATCT                TAGTCGAAAGAAAAT
-1.4      86 ..     100   TACCTCAAACCGGAG               TAGATA TTT TATCTT               AGTCGAAAGAAAATG
 0.2      86 ..     101   TACCTCAAACCGGAG              T-AGATA TTT TATCTTA              GTCGAAAGAAAATGC
 3.7      85 ..     102   TTACCTCAAACCGGA             GT-AGATA TTT TATCTTAG             TCGAAAGAAAATGCA
 2.8      84 ..     103   GTTACCTCAAACCGG            AGT-AGATA TTT TATCTTAGT            CGAAAGAAAATGCAC
 0.5      83 ..     104   TGTTACCTCAAACCG           GAGT-AGATA TTT TATCTTAGTC           GAAAGAAAATGCACT
 2.3      81 ..     105   AGTGTTACCTCAAAC          CGGAGTAGATA TTT TATCTTAGTCG          AAAGAAAATGCACTA
 5.8      80 ..     106   CAGTGTTACCTCAAA         CCGGAGTAGATA TTT TATCTTAGTCGA         AAGAAAATGCACTAA
 4.3      96 ..     107   CGGAGTAGATATTTT                ATC TTAGTC GAA                 AGAAAATGCACTAAx
 3.4      95 ..     108   CCGGAGTAGATATTT               TATC TTAGTC GAAA                GAAAATGCACTAAxx
-0.1      98 ..     109   GAGTAGATATTTTAT                CTT AGTCGA AAG                 AAAATGCACTAAxxx
  -1      97 ..     110   GGAGTAGATATTTTA               TCTT AGTCGA AAGA                AAATGCACTAAxxxx
 2.5      96 ..     111   CGGAGTAGATATTTT              ATCTT AGTCGA AAGAA               AATGCACTAAxxxxx
 1.6      95 ..     112   CCGGAGTAGATATTT             TATCTT AGTCGA AAGAAA              ATGCACTAAxxxxxx
 0.7      94 ..     113   ACCGGAGTAGATATT            TTATCTT AGTCGA AAGAAAA             TGCACTAAxxxxxxx
   4      91 ..     114   CAAACCGGAGTAGAT          ATTTTATCTT AGTC GAAAGAAAAT           GCACTAAxxxxxxxx
   5     104 ..     115   ATATTTTATCTTAGT                CG AAAGAAAA TG                 CACTAAxxxxxxxxx
 4.3     105 ..     116   TATTTTATCTTAGTC                GAA AGAAAA TGC                 ACTAAxxxxxxxxxx
 7.8     104 ..     117   ATATTTTATCTTAGT               CGAA AGAAAA TGCA                CTAAxxxxxxxxxxx
 7.1     102 ..     118   AGATATTTTATCTTA             GTCGAA AGAAAA TGC-AC              TAAxxxxxxxxxxxx
 2.8     108 ..     119   TTTATCTTAGTCGAA                AG AAAATGCA CT                 AAxxxxxxxxxxxxx
 5.3     100 ..     120   GTAGATATTTTATCT           TAGTCGAA AGAAAA TGC-ACTA            Axxxxxxxxxxxxxx
