>JAGTTQ010000001.1:c2544867-2544749 Eubacteriaceae bacterium Marseille-Q4139 NODE_1_length_3951564_cov_61.899024, whole genome shotgun sequence FORWARD
None       1 ..      11   xxxxxxxxxxxxxxx                  AAGCGCTGAAG                  TAAGAAGGTGCGCCG
 6.1       2 ..      12   xxxxxxxxxxxxxxA                 A GCGCTGAAG T                 AAGAAGGTGCGCCGG
 6.5       2 ..      13   xxxxxxxxxxxxxxA                AGC GCTGAA GTA                 AGAAGGTGCGCCGGT
   8       3 ..      14   xxxxxxxxxxxxxAA                GCGC TGAA GTAA                 GAAGGTGCGCCGGTA
 5.7       4 ..      15   xxxxxxxxxxxxAAG                C GCTGAAGTAA G                 AAGGTGCGCCGGTAT
 4.3       5 ..      16   xxxxxxxxxxxAAGC                GCT GAAGTA AGA                 AGGTGCGCCGGTATG
 6.1       7 ..      17   xxxxxxxxxAAGCGC                 T GAAGTAAGA A                 GGTGCGCCGGTATGC
 3.8       6 ..      18   xxxxxxxxxxAAGCG                CT GAAGTAAGA AG                GTGCGCCGGTATGCA
   7       6 ..      19   xxxxxxxxxxAAGCG               CT GAAGTAAGAA GG                TGCGCCGGTATGCAT
 6.1      10 ..      20   xxxxxxAAGCGCTGA                 A GTAAGAAGG T                 GCGCCGGTATGCATC
   6       4 ..      21   xxxxxxxxxxxxAAG             CGCT GAAGTAAGAA GGTG              CGCCGGTATGCATCA
 2.1      11 ..      22   xxxxxAAGCGCTGAA                GTA AGAAGG TGC                 GCCGGTATGCATCAT
 5.6      10 ..      23   xxxxxxAAGCGCTGA               AGTA AGAAGG TGCG                CCGGTATGCATCATC
 4.3       3 ..      24   xxxxxxxxxxxxxAA           GCGCT GAAGTAAGAAGG TGCGC            CGGTATGCATCATCT
 3.4      15 ..      25   xAAGCGCTGAAGTAA                 GAAG GTG CGCC                 GGTATGCATCATCTT
 6.9      14 ..      26   xxAAGCGCTGAAGTA                AGAAG GTG CGCCG                GTATGCATCATCTTA
 4.4      16 ..      27   AAGCGCTGAAGTAAG                AAGG TGCG CCGG                 TATGCATCATCTTAC
 4.8      18 ..      28   GCGCTGAAGTAAGAA                 GGTG CGC CGGT                 ATGCATCATCTTACA
 6.1      19 ..      29   CGCTGAAGTAAGAAG                GTGC GCCG GTA-                 TGCATCATCTTACAG
 1.4      19 ..      30   CGCTGAAGTAAGAAG                GTGC GCCG GTAT                 GCATCATCTTACAGA
 4.9      18 ..      31   GCGCTGAAGTAAGAA               GGTGC GCCG GTATG                CATCATCTTACAGAG
 0.7      21 ..      32   CTGAAGTAAGAAGGT                GCG CCGGTA TGC                 ATCATCTTACAGAGC
-0.2      20 ..      33   GCTGAAGTAAGAAGG               TGCG CCGGTA TGCA                TCATCTTACAGAGCT
 1.1      19 ..      34   CGCTGAAGTAAGAAG              GTGCG CCGGTA TGCAT               CATCTTACAGAGCTT
-1.2      18 ..      35   GCGCTGAAGTAAGAA             GGTGCG CCGGTA TGCATC              ATCTTACAGAGCTTT
 2.3      17 ..      36   AGCGCTGAAGTAAGA            AGGTGCG CCGGTA TGCATCA             TCTTACAGAGCTTTC
 1.4      16 ..      37   AAGCGCTGAAGTAAG           AAGGTGCG CCGGTA TGCATCAT            CTTACAGAGCTTTCA
-0.9      15 ..      38   xAAGCGCTGAAGTAA          GAAGGTGCG CCGGTA TGCATCATC           TTACAGAGCTTTCAG
-1.8      14 ..      39   xxAAGCGCTGAAGTA         AGAAGGTGCG CCGGTA TGCATCATCT          TACAGAGCTTTCAGG
-2.7      13 ..      40   xxxAAGCGCTGAAGT        AAGAAGGTGCG CCGGTA TGCATCATCTT         ACAGAGCTTTCAGGA
-3.6      12 ..      41   xxxxAAGCGCTGAAG       TAAGAAGGTGCG CCGGTA TGCATCATCTTA        CAGAGCTTTCAGGAG
-5.9      11 ..      42   xxxxxAAGCGCTGAA      GTAAGAAGGTGCG CCGGTA TGCATCATCTTAC       AGAGCTTTCAGGAGG
-2.4      10 ..      43   xxxxxxAAGCGCTGA     AGTAAGAAGGTGCG CCGGTA TGCATCATCTTACA      GAGCTTTCAGGAGGG
 1.1       9 ..      44   xxxxxxxAAGCGCTG    AAGTAAGAAGGTGCG CCGGTA TGCATCATCTTACAG     AGCTTTCAGGAGGGG
 2.8      34 ..      45   GTGCGCCGGTATGCA                TC ATCTTACA GA                 GCTTTCAGGAGGGGT
 0.4      36 ..      46   GCGCCGGTATGCATC                 ATCT TAC AGAG                 CTTTCAGGAGGGGTT
 1.6       5 ..      47   xxxxxxxxxxxAAGC GCTGAAGTAAGAAGGTGCG CCGGTA TGCATCATCTTACAG-AGC TTTCAGGAGGGGTTG
 1.7      36 ..      48   GCGCCGGTATGCATC                ATCTT ACA GAGCT                TTCAGGAGGGGTTGT
 5.2      35 ..      49   TGCGCCGGTATGCAT               CATCTT ACA GAGCTT               TCAGGAGGGGTTGTG
 5.5       2 ..      50   xxxxxxxxxxxxxxA AGCGCTGAAGTAAGAAGGTGCG CCGGTA TGCATCATCTTACAG-AGCTTT CAGGAGGGGTTGTGC
 7.2      40 ..      51   CGGTATGCATCATCT                TACA GAGC TTTC                 AGGAGGGGTTGTGCA
 6.3      39 ..      52   CCGGTATGCATCATC               TTACA GAGC TTTCA                GGAGGGGTTGTGCAG
1.907e-07      42 ..      53   GTATGCATCATCTTA                CAGA GCTT TCAG                 GAGGGGTTGTGCAGT
 3.5      41 ..      54   GGTATGCATCATCTT               ACAGA GCTT TCAGG                AGGGGTTGTGCAGTG
 2.6      40 ..      55   CGGTATGCATCATCT              TACAGA GCTT TCAGGA               GGGGTTGTGCAGTGA
 3.9      39 ..      56   CCGGTATGCATCATC             TTACAGA GCTT TCAGGAG              GGGTTGTGCAGTGAA
 0.4      47 ..      57   CATCATCTTACAGAG                 CTTT CAG GAGG                 GGTTGTGCAGTGAAA
 1.4      47 ..      58   CATCATCTTACAGAG                CTTT CAGG AGGG                 GTTGTGCAGTGAAAC
 3.3      49 ..      59   TCATCTTACAGAGCT                 TTC AGGAG GGG                 TTGTGCAGTGAAACC
   4      45 ..      60   TGCATCATCTTACAG              AGCTTT CAGG AGGGGT               TGTGCAGTGAAACCT
   5      45 ..      61   TGCATCATCTTACAG              AGCTTT CAGGA GGGGTT              GTGCAGTGAAACCTC
 2.1      51 ..      62   ATCTTACAGAGCTTT                CAG GAGGGG TTG                 TGCAGTGAAACCTCA
 4.6      41 ..      63   GGTATGCATCATCTT           ACAGAGCTTT CAG GAGGGGTTGT           GCAGTGAAACCTCAA
 2.7      51 ..      64   ATCTTACAGAGCTTT               CAGGA GGGG TTGTG                CAGTGAAACCTCAAA
 5.3      53 ..      65   CTTACAGAGCTTTCA                GGA GGGGTTG TGC                AGTGAAACCTCAAAC
 5.3      49 ..      66   TCATCTTACAGAGCT             TTCAGGA GGGG TTGTGCA              GTGAAACCTCAAACC
 6.5      51 ..      67   ATCTTACAGAGCTTT              CAGGA GGGGTTG TGCAG              TGAAACCTCAAACCG
 6.9      58 ..      68   AGAGCTTTCAGGAGG                 GGT TGTGC AGT                 GAAACCTCAAACCGG
 7.2      58 ..      69   AGAGCTTTCAGGAGG                GGTT GTGC AGTG                 AAACCTCAAACCGGC
   4      60 ..      70   AGCTTTCAGGAGGGG                 TTGT GCA GTGA                 AACCTCAAACCGGCG
 4.2      60 ..      71   AGCTTTCAGGAGGGG                TT GTGCAGTG AA                 ACCTCAAACCGGCGT
 4.8      62 ..      72   CTTTCAGGAGGGGTT                 GTGC AGT GAAA                 CCTCAAACCGGCGTA
 2.8      62 ..      73   CTTTCAGGAGGGGTT                GT GCAGTGAA AC                 CTCAAACCGGCGTAG
 0.6      58 ..      74   AGAGCTTTCAGGAGG              GGTT GTGCAGTGA AACC              TCAAACCGGCGTAGG
 1.9      57 ..      75   CAGAGCTTTCAGGAG             GGGTT GTGCAGTGA AACCT             CAAACCGGCGTAGGC
-0.4      56 ..      76   ACAGAGCTTTCAGGA            GGGGTT GTGCAGTGA AACCTC            AAACCGGCGTAGGCC
 1.6      63 ..      77   TTTCAGGAGGGGTTG               TGCAGT GAA ACCTCA               AACCGGCGTAGGCCG
 1.4      67 ..      78   AGGAGGGGTTGTGCA                GTGA AACC TCAA                 ACCGGCGTAGGCCGC
 4.2      61 ..      79   GCTTTCAGGAGGGGT             TGTGCAGT GAA ACCTCAAA             CCGGCGTAGGCCGCC
 3.5      59 ..      80   GAGCTTTCAGGAGGG           GTTGTGCAGT GAA ACCTCA-AAC           CGGCGTAGGCCGCCT
 1.2      58 ..      81   AGAGCTTTCAGGAGG          GGTTGTGCAGT GAA ACCTCA-AACC          GGCGTAGGCCGCCTG
 4.7      57 ..      82   CAGAGCTTTCAGGAG         GGGTTGTGCAGT GAA ACCTCA-AACCG         GCGTAGGCCGCCTGG
 0.4      73 ..      83   GGTTGTGCAGTGAAA                 CC TCAAACC GG                 CGTAGGCCGCCTGGC
 3.9      72 ..      84   GGGTTGTGCAGTGAA                ACC TCAAACC GGC                GTAGGCCGCCTGGCG
 2.9      74 ..      85   GTTGTGCAGTGAAAC                CTC AAACCG GCG                 TAGGCCGCCTGGCGG
 2.3      72 ..      86   GGGTTGTGCAGTGAA               ACCTC AAACC GGCGT               AGGCCGCCTGGCGGC
 5.8      71 ..      87   GGGGTTGTGCAGTGA              AACCTC AAACC GGCGTA              GGCCGCCTGGCGGCC
 5.3      76 ..      88   TGTGCAGTGAAACCT                CAA ACCGGCG TAG                GCCGCCTGGCGGCCG
 3.5      73 ..      89   GGTTGTGCAGTGAAA              CCT CAAACCGGCGT AGG              CCGCCTGGCGGCCGA
 2.9      79 ..      90   GCAGTGAAACCTCAA                ACC GGCGTA GGC                 CGCCTGGCGGCCGAA
 1.1      81 ..      91   AGTGAAACCTCAAAC                CGGC GTAG GCC-                 GCCTGGCGGCCGAAA
-7.2      81 ..      92   AGTGAAACCTCAAAC                CGGC GTAG GCCG                 CCTGGCGGCCGAAAG
-3.9      83 ..      93   TGAAACCTCAAACCG                 GCG TAGGC CGC                 CTGGCGGCCGAAAGA
-6.2      82 ..      94   GTGAAACCTCAAACC                GGCG TAGGC CGCC                TGGCGGCCGAAAGAA
-2.7      81 ..      95   AGTGAAACCTCAAAC               CGGCG TAGGC CGCCT               GGCGGCCGAAAGAAA
  -5      80 ..      96   CAGTGAAACCTCAAA              CCGGCG TAGGC CGCCTG              GCGGCCGAAAGAAAA
-4.8      80 ..      97   CAGTGAAACCTCAAA             CC-GGCG TAGGC CGCCTGG             CGGCCGAAAGAAAAT
-1.8      83 ..      98   TGAAACCTCAAACCG              GCGTAGG CCG CCTG-GC              GGCCGAAAGAAAATG
-1.8      84 ..      99   GAAACCTCAAACCGG              CG-TAGG CCG CCTGGCG              GCCGAAAGAAAATGC
-8.2      90 ..     100   TCAAACCGGCGTAGG                 CCGC CTG GCGG                 CCGAAAGAAAATGCT
-10.5      89 ..     101   CTCAAACCGGCGTAG                GCCGC CTG GCGGC                CGAAAGAAAATGCTC
-12.8      88 ..     102   CCTCAAACCGGCGTA               GGCCGC CTG GCGGCC               GAAAGAAAATGCTCG
-9.3      87 ..     103   ACCTCAAACCGGCGT              AGGCCGC CTG GCGGCCG              AAAGAAAATGCTCGG
-10.2      86 ..     104   AACCTCAAACCGGCG             TAGGCCGC CTG GCGGCCGA             AAGAAAATGCTCGGG
-6.7      85 ..     105   AAACCTCAAACCGGC            GTAGGCCGC CTG GCGGCCGAA            AGAAAATGCTCGGGx
-3.2      84 ..     106   GAAACCTCAAACCGG           CGTAGGCCGC CTG GCGGCCGAAA           GAAAATGCTCGGGxx
  -3      84 ..     107   GAAACCTCAAACCGG          CGT-AGGCCGC CTG GCGGCCGAAAG          AAAATGCTCGGGxxx
 0.5      83 ..     108   TGAAACCTCAAACCG         GCGT-AGGCCGC CTG GCGGCCGAAAGA         AAATGCTCGGGxxxx
   4      82 ..     109   GTGAAACCTCAAACC        GGCGT-AGGCCGC CTG GCGGCCGAAAGAA        AATGCTCGGGxxxxx
 7.5      81 ..     110   AGTGAAACCTCAAAC       CGGCGT-AGGCCGC CTG GCGGCCGAAAGAAA       ATGCTCGGGxxxxxx
None     101 ..     111   TAGGCCGCCTGGCGG                  CCGAAAGAAAA                  TGCTCGGGxxxxxxx
None     102 ..     112   AGGCCGCCTGGCGGC                  CGAAAGAAAAT                  GCTCGGGxxxxxxxx
   5     102 ..     113   AGGCCGCCTGGCGGC                CG AAAGAAAA TG                 CTCGGGxxxxxxxxx
 4.3     103 ..     114   GGCCGCCTGGCGGCC                GAA AGAAAA TGC                 TCGGGxxxxxxxxxx
 5.7      99 ..     115   CGTAGGCCGCCTGGC              GGC CGAAAGAAAAT GCT              CGGGxxxxxxxxxxx
 4.3     105 ..     116   CCGCCTGGCGGCCGA                AAG AAAATG CTC                 GGGxxxxxxxxxxxx
 2.5     102 ..     117   AGGCCGCCTGGCGGC              CGA AAGAAAATGC TCG               GGxxxxxxxxxxxxx
 0.2     101 ..     118   TAGGCCGCCTGGCGG             CCGA AAGAAAATGC TCGG              Gxxxxxxxxxxxxxx
