>QUDT01000045.1:c5319-5209 Firmicutes bacterium AF36-19BH AF36-19BH.Scaf45, whole genome shotgun sequence FORWARD
None       1 ..      11   xxxxxxxxxxxxxxx                  AAGCGGCAAAG                  TAAGGTGTTGTGCCA
 6.1       2 ..      12   xxxxxxxxxxxxxxA                 A GCGGCAAAG T                 AAGGTGTTGTGCCAG
 6.5       2 ..      13   xxxxxxxxxxxxxxA                AGC GGCAAA GTA                 AGGTGTTGTGCCAGA
   7       4 ..      14   xxxxxxxxxxxxAAG                 CGGC AAA GTAA                 GGTGTTGTGCCAGAG
 5.7       4 ..      15   xxxxxxxxxxxxAAG                C GGCAAAGTAA G                 GTGTTGTGCCAGAGA
 6.2       6 ..      16   xxxxxxxxxxAAGCG                 GC AAAGTAA GG                 TGTTGTGCCAGAGAG
   5       6 ..      17   xxxxxxxxxxAAGCG                GC AAAGTAAG GT                 GTTGTGCCAGAGAGC
 2.8       7 ..      18   xxxxxxxxxAAGCGG                CA AAGTAAGG TG                 TTGTGCCAGAGAGCA
 4.1       6 ..      19   xxxxxxxxxxAAGCG               GCA AAGTAAGG TGT                TGTGCCAGAGAGCAG
 1.8      10 ..      20   xxxxxxAAGCGGCAA                 AGTA AGG TGTT                 GTGCCAGAGAGCAGT
 2.9       7 ..      21   xxxxxxxxxAAGCGG               CAA AGTAAGGTG TTG               TGCCAGAGAGCAGTG
 2.8      11 ..      22   xxxxxAAGCGGCAAA                GTAA GGTG TTGT                 GCCAGAGAGCAGTGC
 2.1       7 ..      23   xxxxxxxxxAAGCGG              CAAAGTA AGG TGTTGTG              CCAGAGAGCAGTGCC
-0.2       6 ..      24   xxxxxxxxxxAAGCG             GCAAAGTA AGG TGTTGTGC             CAGAGAGCAGTGCCT
-2.5       5 ..      25   xxxxxxxxxxxAAGC            GGCAAAGTA AGG TGTTGTGCC            AGAGAGCAGTGCCTT
   1       4 ..      26   xxxxxxxxxxxxAAG           CGGCAAAGTA AGG TGTTGTGCCA           GAGAGCAGTGCCTTA
 1.2       4 ..      27   xxxxxxxxxxxxAAG          C-GGCAAAGTA AGG TGTTGTGCCAG          AGAGCAGTGCCTTAT
 2.6      18 ..      28   GCGGCAAAGTAAGGT                 GTTG TGC CAGA                 GAGCAGTGCCTTATG
 3.9      17 ..      29   AGCGGCAAAGTAAGG                TGTTG TGC CAGAG                AGCAGTGCCTTATGA
 4.7      20 ..      30   GGCAAAGTAAGGTGT                 TGT GCCAG AGA                 GCAGTGCCTTATGAG
   6      19 ..      31   CGGCAAAGTAAGGTG                TTGT GCCAG AGAG                CAGTGCCTTATGAGC
 2.2      21 ..      32   GCAAAGTAAGGTGTT                GTGC CAGA GAGC                 AGTGCCTTATGAGCT
-1.5      22 ..      33   CAAAGTAAGGTGTTG                TGC CAGAGA GCA                 GTGCCTTATGAGCTT
   2      21 ..      34   GCAAAGTAAGGTGTT               GTGC CAGAGA GCAG                TGCCTTATGAGCTTT
 3.9      18 ..      35   GCGGCAAAGTAAGGT             GTTGTGC CAGA GAGCAGT              GCCTTATGAGCTTTA
 2.8      25 ..      36   AGTAAGGTGTTGTGC                CA GAGAGCAG TG                 CCTTATGAGCTTTAT
 2.3      23 ..      37   AAAGTAAGGTGTTGT              GC-CAG AGAG CAGTGC               CTTATGAGCTTTATA
 0.6      15 ..      38   xAAGCGGCAAAGTAA          GGTGTTGTGC CAGA GAGCAGTGCC           TTATGAGCTTTATAA
-0.8      28 ..      39   AAGGTGTTGTGCCAG                AGAGC AGT GC-CT                TATGAGCTTTATAAG
-1.2      13 ..      40   xxxAAGCGGCAAAGT        AAGGTGTTGTGC CAGA GAGCAGTGCCTT         ATGAGCTTTATAAGG
-2.1      12 ..      41   xxxxAAGCGGCAAAG       TAAGGTGTTGTGC CAGA GAGCAGTGCCTTA        TGAGCTTTATAAGGG
-0.8      11 ..      42   xxxxxAAGCGGCAAA      GTAAGGTGTTGTGC CAGA GAGCAGTGCCTTAT       GAGCTTTATAAGGGT
 0.6      25 ..      43   AGTAAGGTGTTGTGC             CAGAGAGC AGT GCCTTATG             AGCTTTATAAGGGTT
 4.1      24 ..      44   AAGTAAGGTGTTGTG            CCAGAGAGC AGT GCCTTATGA            GCTTTATAAGGGTTT
 4.3      24 ..      45   AAGTAAGGTGTTGTG           C-CAGAGAGC AGT GCCTTATGAG           CTTTATAAGGGTTTA
 0.4      36 ..      46   GTGCCAGAGAGCAGT                 GC CTTATGA GC                 TTTATAAGGGTTTAA
 2.3      33 ..      47   GTTGTGCCAGAGAGC               AGTGC CTTAT GAGCT               TTATAAGGGTTTAAC
 5.2      34 ..      48   TTGTGCCAGAGAGCA               GTGC CTTATGA GCTT               TATAAGGGTTTAACA
 4.3      33 ..      49   GTTGTGCCAGAGAGC              AGTGC CTTATGA GCTTT              ATAAGGGTTTAACAT
 3.2      40 ..      50   CAGAGAGCAGTGCCT                 TA TGAGCTT TA                 TAAGGGTTTAACATT
-0.4      41 ..      51   AGAGAGCAGTGCCTT                 ATGA GCT TTAT                 AAGGGTTTAACATTT
-1.3      40 ..      52   CAGAGAGCAGTGCCT                TATGA GCT TTATA                AGGGTTTAACATTTA
-2.2      39 ..      53   CCAGAGAGCAGTGCC               TTATGA GCT TTATAA               GGGTTTAACATTTAC
-4.5      38 ..      54   GCCAGAGAGCAGTGC              CTTATGA GCT TTATAAG              GGTTTAACATTTACC
-6.8      37 ..      55   TGCCAGAGAGCAGTG             CCTTATGA GCT TTATAAGG             GTTTAACATTTACCA
-3.3      36 ..      56   GTGCCAGAGAGCAGT            GCCTTATGA GCT TTATAAGGG            TTTAACATTTACCAC
 0.2      35 ..      57   TGTGCCAGAGAGCAG           TGCCTTATGA GCT TTATAAGGGT           TTAACATTTACCACA
 0.8      44 ..      58   GAGCAGTGCCTTATG               AGCTTT ATA AGGGTT               TAACATTTACCACAA
 0.6      33 ..      59   GTTGTGCCAGAGAGC         AGTGCCTTATGA GCT TTATAAGGGTTT         AACATTTACCACAAT
 1.2      42 ..      60   GAGAGCAGTGCCTTA             TGAGCTTT ATA AGGGTTTA             ACATTTACCACAATC
 1.9      48 ..      61   AGTGCCTTATGAGCT               TTATA AGGG TTTAA                CATTTACCACAATCT
 5.4      47 ..      62   CAGTGCCTTATGAGC              TTTATA AGGG TTTAAC               ATTTACCACAATCTG
 5.4      48 ..      63   AGTGCCTTATGAGCT              TTATAA GGGT TTAACA               TTTACCACAATCTGG
 2.6      54 ..      64   TTATGAGCTTTATAA                 GGGT TTA ACAT                 TTACCACAATCTGGC
 1.7      53 ..      65   CTTATGAGCTTTATA                AGGGT TTA ACATT                TACCACAATCTGGCT
 0.8      52 ..      66   CCTTATGAGCTTTAT               AAGGGT TTA ACATTT               ACCACAATCTGGCTA
-0.1      51 ..      67   GCCTTATGAGCTTTA              TAAGGGT TTA ACATTTA              CCACAATCTGGCTAG
 1.8      58 ..      68   GAGCTTTATAAGGGT                 TTAA CAT TTAC                 CACAATCTGGCTAGA
 1.5      55 ..      69   TATGAGCTTTATAAG               GGT TTAACATTT ACC               ACAATCTGGCTAGAG
   5      54 ..      70   TTATGAGCTTTATAA              GGGT TTAACATTT ACCA              CAATCTGGCTAGAGG
 4.6      56 ..      71   ATGAGCTTTATAAGG              GT-TTAA CAT TTACCAC              AATCTGGCTAGAGGT
 8.1      55 ..      72   TATGAGCTTTATAAG             GGT-TTAA CAT TTACCACA             ATCTGGCTAGAGGTT
 6.2      63 ..      73   TTATAAGGGTTTAAC                 ATTT ACC ACAA                 TCTGGCTAGAGGTTA
 1.3      63 ..      74   TTATAAGGGTTTAAC                ATT TACCAC AAT                 CTGGCTAGAGGTTAA
 4.8      62 ..      75   TTTATAAGGGTTTAA               CATT TACCAC AATC                TGGCTAGAGGTTAAT
 3.9      61 ..      76   CTTTATAAGGGTTTA              ACATT TACCAC AATCT               GGCTAGAGGTTAATC
 6.4      66 ..      77   TAAGGGTTTAACATT                TA CCACAATC TG                 GCTAGAGGTTAATCC
-2.5      68 ..      78   AGGGTTTAACATTTA                 CCA CAATC TGG                 CTAGAGGTTAATCCT
   1      67 ..      79   AAGGGTTTAACATTT                ACCA CAATC TGGC                TAGAGGTTAATCCTC
 2.6      67 ..      80   AAGGGTTTAACATTT               A-CCA CAATC TGGCT               AGAGGTTAATCCTCG
 1.7      66 ..      81   TAAGGGTTTAACATT              TA-CCA CAATC TGGCTA              GAGGTTAATCCTCGA
   3      65 ..      82   ATAAGGGTTTAACAT             TTA-CCA CAATC TGGCTAG             AGGTTAATCCTCGAA
 2.1      64 ..      83   TATAAGGGTTTAACA            TTTA-CCA CAATC TGGCTAGA            GGTTAATCCTCGAAA
 1.4      73 ..      84   TTAACATTTACCACA                ATCT GGCT AGAG                 GTTAATCCTCGAAAG
 2.1      74 ..      85   TAACATTTACCACAA                TCT GGCTAG AGG                 TTAATCCTCGAAAGA
 1.2      73 ..      86   TTAACATTTACCACA               ATCT GGCTAG AGGT                TAATCCTCGAAAGAA
 0.3      72 ..      87   TTTAACATTTACCAC              AATCT GGCTAG AGGTT               AATCCTCGAAAGAAA
 0.6      59 ..      88   AGCTTTATAAGGGTT       TAACATTTA-CCA CAATC TGGCTAGAGGTTA       ATCCTCGAAAGAAAA
-0.3      58 ..      89   GAGCTTTATAAGGGT      TTAACATTTA-CCA CAATC TGGCTAGAGGTTAA      TCCTCGAAAGAAAAT
 3.1      63 ..      90   TTATAAGGGTTTAAC        ATTTACCACAA TCTGGC TAGAGGTTAAT         CCTCGAAAGAAAATG
 0.9      56 ..      91   ATGAGCTTTATAAGG    GTTTAACATTTA-CCA CAATC TGGCTAGAGGTTAATC    CTCGAAAGAAAATGT
-1.4      55 ..      92   TATGAGCTTTATAAG   GGTTTAACATTTA-CCA CAATC TGGCTAGAGGTTAATCC   TCGAAAGAAAATGTT
-2.5      83 ..      93   CCACAATCTGGCTAG                 AGG TTAAT CCT                 CGAAAGAAAATGTTA
-4.8      82 ..      94   ACCACAATCTGGCTA                GAGG TTAAT CCTC                GAAAGAAAATGTTAG
-1.3      81 ..      95   TACCACAATCTGGCT               AGAGG TTAAT CCTCG               AAAGAAAATGTTAGA
-2.2      80 ..      96   TTACCACAATCTGGC              TAGAGG TTAAT CCTCGA              AAGAAAATGTTAGAA
 1.3      79 ..      97   TTTACCACAATCTGG             CTAGAGG TTAAT CCTCGAA             AGAAAATGTTAGAAx
 4.8      78 ..      98   ATTTACCACAATCTG            GCTAGAGG TTAAT CCTCGAAA            GAAAATGTTAGAAxx
 6.1      87 ..      99   AATCTGGCTAGAGGT                TAATC CTC GAAAG                AAAATGTTAGAAxxx
 0.4      90 ..     100   CTGGCTAGAGGTTAA                 TCCT CGA AAGA                 AAATGTTAGAAxxxx
 1.4      90 ..     101   CTGGCTAGAGGTTAA                TCCT CGAA AGAA                 AATGTTAGAAxxxxx
 4.9      89 ..     102   TCTGGCTAGAGGTTA               ATCCT CGAA AGAAA                ATGTTAGAAxxxxxx
 4.9      90 ..     103   CTGGCTAGAGGTTAA               TCCTC GAAA GAAAA                TGTTAGAAxxxxxxx
   4      89 ..     104   TCTGGCTAGAGGTTA              ATCCTC GAAA GAAAAT               GTTAGAAxxxxxxxx
   5      94 ..     105   CTAGAGGTTAATCCT                CG AAAGAAAA TG                 TTAGAAxxxxxxxxx
 4.7      96 ..     106   AGAGGTTAATCCTCG                 AAA GAAAA TGT                 TAGAAxxxxxxxxxx
 1.8      97 ..     107   GAGGTTAATCCTCGA                 AAGA AAA TGTT                 AGAAxxxxxxxxxxx
 5.3      96 ..     108   AGAGGTTAATCCTCG                AAAGA AAA TGTTA                GAAxxxxxxxxxxxx
 5.4      94 ..     109   CTAGAGGTTAATCCT              CGAA AGAAAATG TTAG               AAxxxxxxxxxxxxx
 4.5      93 ..     110   GCTAGAGGTTAATCC             TCGAA AGAAAATG TTAGA              Axxxxxxxxxxxxxx
