>FR894449.1:c20409-20296 Clostridium sp. CAG:299 genomic scaffold, scf224, whole genome shotgun sequence FORWARD
None       1 ..      11   xxxxxxxxxxxxxxx                  AAGCGTTGAAG                  CATAACAGCGTACCG
 5.4       2 ..      12   xxxxxxxxxxxxxxA                AGC GTTGAA GC-                 ATAACAGCGTACCGG
 2.9       2 ..      13   xxxxxxxxxxxxxxA                AGC GTTGAA GCA                 TAACAGCGTACCGGG
   2       1 ..      14   xxxxxxxxxxxxxxx               AAGC GTTGAA GCAT                AACAGCGTACCGGGA
 4.8       5 ..      15   xxxxxxxxxxxAAGC                 GTTG AAG CATA                 ACAGCGTACCGGGAT
 2.5       6 ..      16   xxxxxxxxxxAAGCG                 TTG AAGCA TAA                 CAGCGTACCGGGATG
 0.2       5 ..      17   xxxxxxxxxxxAAGC                GTTG AAGCA TAAC                AGCGTACCGGGATGC
 2.8       7 ..      18   xxxxxxxxxAAGCGT                TG AAGCATAA CA                 GCGTACCGGGATGCC
 3.9       4 ..      19   xxxxxxxxxxxxAAG              C-GTTG AAGCA TAACAG              CGTACCGGGATGCCT
 1.6       3 ..      20   xxxxxxxxxxxxxAA             GC-GTTG AAGCA TAACAGC             GTACCGGGATGCCTT
-0.5       4 ..      21   xxxxxxxxxxxxAAG             CGTTG AAGCATAA CAGCG              TACCGGGATGCCTTG
 0.8       3 ..      22   xxxxxxxxxxxxxAA            GCGTTG AAGCATAA CAGCGT             ACCGGGATGCCTTGT
 4.3       2 ..      23   xxxxxxxxxxxxxxA           AGCGTTG AAGCATAA CAGCGTA            CCGGGATGCCTTGTT
 4.8      14 ..      24   xxAAGCGTTGAAGCA                 TAAC AGC GTAC                 CGGGATGCCTTGTTA
 8.3       5 ..      25   xxxxxxxxxxxAAGC           GTTGAAGC ATAACA GCGT-ACC            GGGATGCCTTGTTAT
   6       4 ..      26   xxxxxxxxxxxxAAG          CGTTGAAGC ATAACA GCGT-ACCG           GGATGCCTTGTTATG
 1.9      17 ..      27   AGCGTTGAAGCATAA                 CAG CGTAC CGG                 GATGCCTTGTTATGC
 3.4      18 ..      28   GCGTTGAAGCATAAC                 AGCG TAC CGGG                 ATGCCTTGTTATGCA
 6.2      19 ..      29   CGTTGAAGCATAACA                 GC GTACCGG GA                 TGCCTTGTTATGCAG
 5.3      18 ..      30   GCGTTGAAGCATAAC                AGC GTACCGG GAT                GCCTTGTTATGCAGA
 2.1      20 ..      31   GTTGAAGCATAACAG                CGT ACCGGG ATG                 CCTTGTTATGCAGAG
-0.2      19 ..      32   CGTTGAAGCATAACA               GCGT ACCGGG ATGC                CTTGTTATGCAGAGC
 3.3      18 ..      33   GCGTTGAAGCATAAC              AGCGT ACCGGG ATGCC               TTGTTATGCAGAGCT
 4.1       9 ..      34   xxxxxxxAAGCGTTG         AAGCATAACAG CGTA CCGGGATGCCT          TGTTATGCAGAGCTT
 1.2      25 ..      35   AGCATAACAGCGTAC                 CGGG ATG CCTT                 GTTATGCAGAGCTTT
-1.1      24 ..      36   AAGCATAACAGCGTA                CCGGG ATG CCTTG                TTATGCAGAGCTTTC
  -2      23 ..      37   GAAGCATAACAGCGT               ACCGGG ATG CCTTGT               TATGCAGAGCTTTCA
 1.5      22 ..      38   TGAAGCATAACAGCG              TACCGGG ATG CCTTGTT              ATGCAGAGCTTTCAG
   1      14 ..      39   xxAAGCGTTGAAGCA         TAACAGCGTA CCGGGA TGCCTTGTTA          TGCAGAGCTTTCAGT
 0.1      13 ..      40   xxxAAGCGTTGAAGC        ATAACAGCGTA CCGGGA TGCCTTGTTAT         GCAGAGCTTTCAGTA
-2.2      12 ..      41   xxxxAAGCGTTGAAG       CATAACAGCGTA CCGGGA TGCCTTGTTATG        CAGAGCTTTCAGTAG
-4.5      11 ..      42   xxxxxAAGCGTTGAA      GCATAACAGCGTA CCGGGA TGCCTTGTTATGC       AGAGCTTTCAGTAGG
  -1      10 ..      43   xxxxxxAAGCGTTGA     AGCATAACAGCGTA CCGGGA TGCCTTGTTATGCA      GAGCTTTCAGTAGGG
-0.4      17 ..      44   AGCGTTGAAGCATAA        CAGCGTACCGGG ATGC CTTGTTATGCAG         AGCTTTCAGTAGGGG
 3.1      16 ..      45   AAGCGTTGAAGCATA       ACAGCGTACCGGG ATGC CTTGTTATGCAGA        GCTTTCAGTAGGGGT
 1.6      32 ..      46   CAGCGTACCGGGATG               CCTTGT TAT GCAGAG               CTTTCAGTAGGGGTT
-0.7      31 ..      47   ACAGCGTACCGGGAT              GCCTTGT TAT GCAGAGC              TTTCAGTAGGGGTTG
 2.8      30 ..      48   AACAGCGTACCGGGA             TGCCTTGT TAT GCAGAGCT             TTCAGTAGGGGTTGT
  -1      39 ..      49   CCGGGATGCCTTGTT                 ATGC AGA GCTT                 TCAGTAGGGGTTGTG
 2.5      38 ..      50   ACCGGGATGCCTTGT                TATGC AGA GCTTT                CAGTAGGGGTTGTGC
 0.9      27 ..      51   CATAACAGCGTACCG          GGATGCCTTGT TAT GCAGAGCTTTC          AGTAGGGGTTGTGCA
 1.7      40 ..      52   CGGGATGCCTTGTTA                TGCAG AGC TTTCA                GTAGGGGTTGTGCAG
1.907e-07      42 ..      53   GGATGCCTTGTTATG                CAGA GCTT TCAG                 TAGGGGTTGTGCAGT
 1.3      41 ..      54   GGGATGCCTTGTTAT               GCAGA GCTT TCAGT                AGGGGTTGTGCAGTA
 0.4      40 ..      55   CGGGATGCCTTGTTA              TGCAGA GCTT TCAGTA               GGGGTTGTGCAGTAA
 3.9      39 ..      56   CCGGGATGCCTTGTT             ATGCAGA GCTT TCAGTAG              GGGTTGTGCAGTAAC
 1.1      47 ..      57   CCTTGTTATGCAGAG                 CTT TCAGT AGG                 GGTTGTGCAGTAACC
 1.4      47 ..      58   CCTTGTTATGCAGAG                CTTT CAGT AGGG                 GTTGTGCAGTAACCT
 3.3      49 ..      59   TTGTTATGCAGAGCT                 TTC AGTAG GGG                 TTGTGCAGTAACCTC
   4      45 ..      60   TGCCTTGTTATGCAG              AGCTTT CAGT AGGGGT               TGTGCAGTAACCTCA
   5      45 ..      61   TGCCTTGTTATGCAG              AGCTTT CAGTA GGGGTT              GTGCAGTAACCTCAA
 1.4      51 ..      62   GTTATGCAGAGCTTT                CAGT AGGG GTTG                 TGCAGTAACCTCAAA
   4      53 ..      63   TATGCAGAGCTTTCA                 GTAG GGG TTGT                 GCAGTAACCTCAAAC
 4.8      51 ..      64   GTTATGCAGAGCTTT               CA GTAGGGGTTG TG                CAGTAACCTCAAACC
   3      41 ..      65   GGGATGCCTTGTTAT          GCAGAGCTTT CAGTA GGGGTTGTGC          AGTAACCTCAAACCG
 2.1      40 ..      66   CGGGATGCCTTGTTA         TGCAGAGCTTT CAGTA GGGGTTGTGCA         GTAACCTCAAACCGG
 4.3      51 ..      67   GTTATGCAGAGCTTT              CAGTA GGGGTTG TGCAG              TAACCTCAAACCGGA
 6.9      58 ..      68   AGAGCTTTCAGTAGG                 GGT TGTGC AGT                 AACCTCAAACCGGAG
 6.3      38 ..      69   ACCGGGATGCCTTGT      TA-TGCAGAGCTTT CAGTA GGGGTTGTGCAGTA      ACCTCAAACCGGAGT
 1.8      60 ..      70   AGCTTTCAGTAGGGG                 TTGT GCA GTAA                 CCTCAAACCGGAGTA
-0.5      59 ..      71   GAGCTTTCAGTAGGG                GTTGT GCA GTAAC                CTCAAACCGGAGTAG
-2.8      58 ..      72   AGAGCTTTCAGTAGG               GGTTGT GCA GTAACC               TCAAACCGGAGTAGG
-1.5      57 ..      73   CAGAGCTTTCAGTAG              GGGTTGT GCA GTAACCT              CAAACCGGAGTAGGC
-3.8      56 ..      74   GCAGAGCTTTCAGTA             GGGGTTGT GCA GTAACCTC             AAACCGGAGTAGGCT
-0.3      55 ..      75   TGCAGAGCTTTCAGT            AGGGGTTGT GCA GTAACCTCA            AACCGGAGTAGGCTG
-1.2      54 ..      76   ATGCAGAGCTTTCAG           TAGGGGTTGT GCA GTAACCTCAA           ACCGGAGTAGGCTGC
 2.3      53 ..      77   TATGCAGAGCTTTCA          GTAGGGGTTGT GCA GTAACCTCAAA          CCGGAGTAGGCTGCA
 2.5      53 ..      78   TATGCAGAGCTTTCA         G-TAGGGGTTGT GCA GTAACCTCAAAC         CGGAGTAGGCTGCAA
   1      57 ..      79   CAGAGCTTTCAGTAG           GGGTTGTG CAGTAAC CTCAAACC           GGAGTAGGCTGCAAA
 3.7      51 ..      80   GTTATGCAGAGCTTT       CAG-TAGGGGTTGT GCA GTAACCTCAAACCG       GAGTAGGCTGCAAAG
 0.4      71 ..      81   GGGGTTGTGCAGTAA                 CC TCAAACC GG                 AGTAGGCTGCAAAGC
 3.9      70 ..      82   AGGGGTTGTGCAGTA                ACC TCAAACC GGA                GTAGGCTGCAAAGCC
-1.5      72 ..      83   GGGTTGTGCAGTAAC                CTC AAACCG GAG                 TAGGCTGCAAAGCCG
   2      71 ..      84   GGGGTTGTGCAGTAA               CCTC AAACCG GAGT                AGGCTGCAAAGCCGA
 5.5      70 ..      85   AGGGGTTGTGCAGTA              ACCTC AAACCG GAGTA               GGCTGCAAAGCCGAA
 5.3      74 ..      86   GTTGTGCAGTAACCT                CAA ACCGGAG TAG                GCTGCAAAGCCGAAA
 3.5      71 ..      87   GGGGTTGTGCAGTAA              CCT CAAACCGGAGT AGG              CTGCAAAGCCGAAAG
 2.9      77 ..      88   GTGCAGTAACCTCAA                ACC GGAGTA GGC                 TGCAAAGCCGAAAGA
   2      76 ..      89   TGTGCAGTAACCTCA               AACC GGAGTA GGCT                GCAAAGCCGAAAGAA
 0.7      79 ..      90   GCAGTAACCTCAAAC                CGG AGTAGG CTG                 CAAAGCCGAAAGAAA
-4.768e-08      80 ..      91   CAGTAACCTCAAACC                GGAG TAGG CTGC                 AAAGCCGAAAGAAAA
 1.6      63 ..      92   TTTCAGTAGGGGTTG       TGCAGTAACCTC AAACCG GAGTAGGCTGCA        AAGCCGAAAGAAAAT
 5.1      62 ..      93   CTTTCAGTAGGGGTT      GTGCAGTAACCTC AAACCG GAGTAGGCTGCAA       AGCCGAAAGAAAATG
 4.2      61 ..      94   GCTTTCAGTAGGGGT     TGTGCAGTAACCTC AAACCG GAGTAGGCTGCAAA      GCCGAAAGAAAATGT
 5.5      60 ..      95   AGCTTTCAGTAGGGG    TTGTGCAGTAACCTC AAACCG GAGTAGGCTGCAAAG     CCGAAAGAAAATGTT
 2.5      86 ..      96   CCTCAAACCGGAGTA                GGCT GCAA AGC-                 CGAAAGAAAATGTTC
-5.8      86 ..      97   CCTCAAACCGGAGTA                GGCT GCAA AGCC                 GAAAGAAAATGTTCA
-2.4      88 ..      98   TCAAACCGGAGTAGG                 CTGC AAA GCCG                 AAAGAAAATGTTCAA
-3.2      84 ..      99   AACCTCAAACCGGAG              TAGGCT GCAA AGCCGA               AAGAAAATGTTCAAA
 0.3      83 ..     100   TAACCTCAAACCGGA             GTAGGCT GCAA AGCCGAA              AGAAAATGTTCAAAx
 3.8      82 ..     101   GTAACCTCAAACCGG            AGTAGGCT GCAA AGCCGAAA             GAAAATGTTCAAAxx
 5.7      91 ..     102   AACCGGAGTAGGCTG                C AAAGCCGAAA G                 AAAATGTTCAAAxxx
None      93 ..     103   CCGGAGTAGGCTGCA                  AAGCCGAAAGA                  AAATGTTCAAAxxxx
 7.7      94 ..     104   CGGAGTAGGCTGCAA                 AGC CGAAA GAA                 AATGTTCAAAxxxxx
None      95 ..     105   GGAGTAGGCTGCAAA                  GCCGAAAGAAA                  ATGTTCAAAxxxxxx
None      96 ..     106   GAGTAGGCTGCAAAG                  CCGAAAGAAAA                  TGTTCAAAxxxxxxx
None      97 ..     107   AGTAGGCTGCAAAGC                  CGAAAGAAAAT                  GTTCAAAxxxxxxxx
   5      97 ..     108   AGTAGGCTGCAAAGC                CG AAAGAAAA TG                 TTCAAAxxxxxxxxx
 4.7      99 ..     109   TAGGCTGCAAAGCCG                 AAA GAAAA TGT                 TCAAAxxxxxxxxxx
 1.8     100 ..     110   AGGCTGCAAAGCCGA                 AAGA AAA TGTT                 CAAAxxxxxxxxxxx
 1.9      98 ..     111   GTAGGCTGCAAAGCC               GAA AGAAAATG TTC                AAAxxxxxxxxxxxx
 1.4     101 ..     112   GGCTGCAAAGCCGAA                AGAA AATG TTCA                 AAxxxxxxxxxxxxx
 4.9     100 ..     113   AGGCTGCAAAGCCGA               AAGAA AATG TTCAA                Axxxxxxxxxxxxxx
