>DS990201.1:c139586-139473 Ruminococcus lactaris ATCC 29176 Scfld_02_38 genomic scaffold, whole genome shotgun sequence FORWARD
 8.3       1 ..      11   xxxxxxxxxxxxxxx                 T GGTGTTGAA G                 CAATTGACTGTGTCG
 3.3       2 ..      12   xxxxxxxxxxxxxxT                 GGT GTTGA AGC                 AATTGACTGTGTCGG
 2.4       1 ..      13   xxxxxxxxxxxxxxx                TGGT GTTGA AGCA                ATTGACTGTGTCGGC
 3.6       3 ..      14   xxxxxxxxxxxxxTG                GTGT TGAA GCAA                 TTGACTGTGTCGGCA
-1.8       5 ..      15   xxxxxxxxxxxTGGT                 GTTG AAG CAAT                 TGACTGTGTCGGCAT
 1.7       4 ..      16   xxxxxxxxxxxxTGG                TGTTG AAG CAATT                GACTGTGTCGGCATG
 4.7       7 ..      17   xxxxxxxxxTGGTGT                 TGA AGCAA TTG                 ACTGTGTCGGCATGC
 2.8       7 ..      18   xxxxxxxxxTGGTGT                TGAA GCAA TTGA                 CTGTGTCGGCATGCA
 1.5       5 ..      19   xxxxxxxxxxxTGGT               GTTGA AGCAA TTGAC               TGTGTCGGCATGCAG
 1.8      10 ..      20   xxxxxxTGGTGTTGA                 AG CAATTGA CT                 GTGTCGGCATGCAGC
 5.3       9 ..      21   xxxxxxxTGGTGTTG                AAG CAATTGA CTG                TGTCGGCATGCAGCC
 2.1      11 ..      22   xxxxxTGGTGTTGAA                GCA ATTGAC TGT                 GTCGGCATGCAGCCG
 2.8      12 ..      23   xxxxTGGTGTTGAAG                CA ATTGACTG TG                 TCGGCATGCAGCCGA
 4.1      11 ..      24   xxxxxTGGTGTTGAA               GCA ATTGACTG TGT                CGGCATGCAGCCGAT
 2.4       8 ..      25   xxxxxxxxTGGTGTT             GAAGCA ATTGAC TGTGTC              GGCATGCAGCCGATT
-3.2      16 ..      26   TGGTGTTGAAGCAAT                 TGAC TGT GTCG                 GCATGCAGCCGATTG
-1.9      15 ..      27   xTGGTGTTGAAGCAA                TTGAC TGT GTCGG                CATGCAGCCGATTGT
 1.2      18 ..      28   GTGTTGAAGCAATTG                 ACTG TGT CGGC                 ATGCAGCCGATTGTG
 0.5      16 ..      29   TGGTGTTGAAGCAAT               TGACTG TGT CGG-CA               TGCAGCCGATTGTGG
 3.1       3 ..      30   xxxxxxxxxxxxxTG        GTGTTGAAGCA ATTGAC TGTGTCGGCAT         GCAGCCGATTGTGGA
 1.4      20 ..      31   GTTGAAGCAATTGAC                TGTG TCGG CATG                 CAGCCGATTGTGGAG
 1.4      21 ..      32   TTGAAGCAATTGACT                GTGT CGGC ATGC                 AGCCGATTGTGGAGC
 0.5      20 ..      33   GTTGAAGCAATTGAC               TGTGT CGGC ATGCA                GCCGATTGTGGAGCC
-1.8      19 ..      34   TGTTGAAGCAATTGA              CTGTGT CGGC ATGCAG               CCGATTGTGGAGCCT
 1.7      18 ..      35   GTGTTGAAGCAATTG             ACTGTGT CGGC ATGCAGC              CGATTGTGGAGCCTG
-3.9      26 ..      36   GCAATTGACTGTGTC                 GGC ATGCA GCC                 GATTGTGGAGCCTGA
-6.2      25 ..      37   AGCAATTGACTGTGT                CGGC ATGCA GCCG                ATTGTGGAGCCTGAC
-7.1      24 ..      38   AAGCAATTGACTGTG               TCGGC ATGCA GCCGA               TTGTGGAGCCTGACC
-5.8      23 ..      39   GAAGCAATTGACTGT              GTCGGC ATGCA GCCGAT              TGTGGAGCCTGACCT
-2.3      22 ..      40   TGAAGCAATTGACTG             TGTCGGC ATGCA GCCGATT             GTGGAGCCTGACCTT
-4.3      12 ..      41   xxxxTGGTGTTGAAG       CAATTGACTGTGT CGGC ATGCAGCCGATTG        TGGAGCCTGACCTTG
  -3      11 ..      42   xxxxxTGGTGTTGAA      GCAATTGACTGTGT CGGC ATGCAGCCGATTGT       GGAGCCTGACCTTGG
 0.5      10 ..      43   xxxxxxTGGTGTTGA     AGCAATTGACTGTGT CGGC ATGCAGCCGATTGTG      GAGCCTGACCTTGGG
 1.8      19 ..      44   TGTTGAAGCAATTGA         CTGTG-TCGGC ATGCA GCCGATTGTGG         AGCCTGACCTTGGGT
 2.2      34 ..      45   CTGTGTCGGCATGCA                GCCG ATTG TGGA                 GCCTGACCTTGGGTT
 4.7      36 ..      46   GTGTCGGCATGCAGC                 C GATTGTGGA G                 CCTGACCTTGGGTTA
 2.6      37 ..      47   TGTCGGCATGCAGCC                 GATT GTG GAGC                 CTGACCTTGGGTTAT
 3.6      37 ..      48   TGTCGGCATGCAGCC                GATT GTGG AGCC                 TGACCTTGGGTTATG
   5      33 ..      49   ACTGTGTCGGCATGC              AGCC GATTGTGGA GCCT              GACCTTGGGTTATGC
 2.7      32 ..      50   GACTGTGTCGGCATG             CAGCC GATTGTGGA GCCTG             ACCTTGGGTTATGCG
 3.9      39 ..      51   TCGGCATGCAGCCGA                TTGTG GAG CCTGA                CCTTGGGTTATGCGA
 2.8      41 ..      52   GGCATGCAGCCGATT                GT-GG AGC CTGAC                CTTGGGTTATGCGAT
 0.4      43 ..      53   CATGCAGCCGATTGT                 GG AGCCTGA CC                 TTGGGTTATGCGATA
 3.9      42 ..      54   GCATGCAGCCGATTG                TGG AGCCTGA CCT                TGGGTTATGCGATAA
 2.1      44 ..      55   ATGCAGCCGATTGTG                GAG CCTGAC CTT                 GGGTTATGCGATAAC
 5.6      43 ..      56   CATGCAGCCGATTGT               GGAG CCTGAC CTTG                GGTTATGCGATAACC
 0.4      47 ..      57   CAGCCGATTGTGGAG                 CC TGACCTT GG                 GTTATGCGATAACCT
-4.768e-08      47 ..      58   CAGCCGATTGTGGAG                CCTG ACCT TGGG                 TTATGCGATAACCTC
 1.3      46 ..      59   GCAGCCGATTGTGGA               GCCTG ACCT TGGGT                TATGCGATAACCTCA
-3.2      50 ..      60   CCGATTGTGGAGCCT                 GACC TTG GGTT                 ATGCGATAACCTCAA
-4.1      49 ..      61   GCCGATTGTGGAGCC                TGACC TTG GGTTA                TGCGATAACCTCAAA
-0.6      48 ..      62   AGCCGATTGTGGAGC               CTGACC TTG GGTTAT               GCGATAACCTCAAAC
-2.9      47 ..      63   CAGCCGATTGTGGAG              CCTGACC TTG GGTTATG              CGATAACCTCAAACC
-5.2      46 ..      64   GCAGCCGATTGTGGA             GCCTGACC TTG GGTTATGC             GATAACCTCAAACCG
-1.7      45 ..      65   TGCAGCCGATTGTGG            AGCCTGACC TTG GGTTATGCG            ATAACCTCAAACCGA
 1.8      44 ..      66   ATGCAGCCGATTGTG           GAGCCTGACC TTG GGTTATGCGA           TAACCTCAAACCGAA
 3.1      43 ..      67   CATGCAGCCGATTGT          GGAGCCTGACC TTG GGTTATGCGAT          AACCTCAAACCGAAT
 2.2      42 ..      68   GCATGCAGCCGATTG         TGGAGCCTGACC TTG GGTTATGCGATA         ACCTCAAACCGAATA
-2.6      59 ..      69   GAGCCTGACCTTGGG                 TTAT GCG ATAA                 CCTCAAACCGAATAG
-4.9      58 ..      70   GGAGCCTGACCTTGG                GTTAT GCG ATAAC                CTCAAACCGAATAGG
-7.2      57 ..      71   TGGAGCCTGACCTTG               GGTTAT GCG ATAACC               TCAAACCGAATAGGT
-5.9      56 ..      72   GTGGAGCCTGACCTT              GGGTTAT GCG ATAACCT              CAAACCGAATAGGTT
-3.5      56 ..      73   GTGGAGCCTGACCTT             G-GGTTAT GCG ATAACCTC             AAACCGAATAGGTTC
-4.4      55 ..      74   TGTGGAGCCTGACCT            TG-GGTTAT GCG ATAACCTCA            AACCGAATAGGTTCT
-5.3      54 ..      75   TTGTGGAGCCTGACC           TTG-GGTTAT GCG ATAACCTCAA           ACCGAATAGGTTCTT
-1.8      53 ..      76   ATTGTGGAGCCTGAC          CTTG-GGTTAT GCG ATAACCTCAAA          CCGAATAGGTTCTTC
 1.7      52 ..      77   GATTGTGGAGCCTGA         CCTTG-GGTTAT GCG ATAACCTCAAAC         CGAATAGGTTCTTCG
 0.6      57 ..      78   TGGAGCCTGACCTTG           GGTTATGCG ATAAC CTCA-AACC           GAATAGGTTCTTCGG
   4      64 ..      79   TGACCTTGGGTTATG              CGAT AACCTCAA ACCG               AATAGGTTCTTCGGA
 3.2      55 ..      80   TGTGGAGCCTGACCT         TGGGTTATGCG ATAAC CTCA-AACCGA         ATAGGTTCTTCGGAA
 2.3      54 ..      81   TTGTGGAGCCTGACC        TTGGGTTATGCG ATAAC CTCA-AACCGAA        TAGGTTCTTCGGAAC
 5.7      61 ..      82   GCCTGACCTTGGGTT           ATGCGAT AACCTCAA ACCGAAT            AGGTTCTTCGGAACT
 4.8      60 ..      83   AGCCTGACCTTGGGT          TATGCGAT AACCTCAA ACCGAATA           GGTTCTTCGGAACTG
 4.3      73 ..      84   GTTATGCGATAACCT                CAA ACCGAA TAG                 GTTCTTCGGAACTGA
 2.5      70 ..      85   TGGGTTATGCGATAA              CCT CAAACCGAAT AGG               TTCTTCGGAACTGAA
-2.5      76 ..      86   ATGCGATAACCTCAA                 ACC GAATA GGT                 TCTTCGGAACTGAAT
-3.4      75 ..      87   TATGCGATAACCTCA                AACC GAATA GGTT                CTTCGGAACTGAATG
 0.1      74 ..      88   TTATGCGATAACCTC               AAACC GAATA GGTTC               TTCGGAACTGAATGA
 1.4      78 ..      89   GCGATAACCTCAAAC                CGAA TAGG TTCT                 TCGGAACTGAATGAA
 1.8      80 ..      90   GATAACCTCAAACCG                 AATA GGT TCTT                 CGGAACTGAATGAAA
-0.5      79 ..      91   CGATAACCTCAAACC                GAATA GGT TCTTC                GGAACTGAATGAAAA
-2.8      78 ..      92   GCGATAACCTCAAAC               CGAATA GGT TCTTCG               GAACTGAATGAAAAC
-5.1      77 ..      93   TGCGATAACCTCAAA              CCGAATA GGT TCTTCGG              AACTGAATGAAAACG
-1.6      76 ..      94   ATGCGATAACCTCAA             ACCGAATA GGT TCTTCGGA             ACTGAATGAAAACGC
 1.9      75 ..      95   TATGCGATAACCTCA            AACCGAATA GGT TCTTCGGAA            CTGAATGAAAACGCT
-4.4      85 ..      96   CCTCAAACCGAATAG                GTTC TTCG GAAC                 TGAATGAAAACGCTT
-3.1      84 ..      97   ACCTCAAACCGAATA               GGTTC TTCG GAACT                GAATGAAAACGCTTT
 0.4      83 ..      98   AACCTCAAACCGAAT              AGGTTC TTCG GAACTG               AATGAAAACGCTTTT
-0.5      82 ..      99   TAACCTCAAACCGAA             TAGGTTC TTCG GAACTGA              ATGAAAACGCTTTTT
-0.8      89 ..     100   AAACCGAATAGGTTC                TTCG GAAC TGAA                 TGAAAACGCTTTTTx
 2.1      80 ..     101   GATAACCTCAAACCG           AATAGGTTC TTCG GAACTGAAT            GAAAACGCTTTTTxx
 2.9      88 ..     102   CAAACCGAATAGGTT              C-TTCG GAAC TGAATG               AAAACGCTTTTTxxx
   2      87 ..     103   TCAAACCGAATAGGT             TC-TTCG GAAC TGAATGA              AAACGCTTTTTxxxx
 1.1      86 ..     104   CTCAAACCGAATAGG            TTC-TTCG GAAC TGAATGAA             AACGCTTTTTxxxxx
 4.6      85 ..     105   CCTCAAACCGAATAG           GTTC-TTCG GAAC TGAATGAAA            ACGCTTTTTxxxxxx
 5.8      87 ..     106   TCAAACCGAATAGGT            TCTTCG GAACTGAA TGAAAA             CGCTTTTTxxxxxxx
 5.1      85 ..     107   CCTCAAACCGAATAG          GTTCTTCG GAACTGAA TGAA-AAC           GCTTTTTxxxxxxxx
   5      97 ..     108   TAGGTTCTTCGGAAC                TG AATGAAAA CG                 CTTTTTxxxxxxxxx
 5.7      98 ..     109   AGGTTCTTCGGAACT                G AATGAAAACG C                 TTTTTxxxxxxxxxx
 3.6      99 ..     110   GGTTCTTCGGAACTG                AATG AAAA CGCT                 TTTTxxxxxxxxxxx
 4.3     100 ..     111   GTTCTTCGGAACTGA                ATG AAAACG CTT                 TTTxxxxxxxxxxxx
 2.5     102 ..     112   TCTTCGGAACTGAAT                 GAA AACGC TTT                 TTxxxxxxxxxxxxx
-2.6     103 ..     113   CTTCGGAACTGAATG                 AAAA CGC TTTT                 Txxxxxxxxxxxxxx
