>QUGS01000001.1:41189-41302 Clostridiaceae bacterium AF18-31LB AF18-31LB.Scaf1, whole genome shotgun sequence FORWARD
 8.3       1 ..      11   xxxxxxxxxxxxxxx                 T GGTGTTGAA G                 CAATTAGTTGTTTCG
 3.3       2 ..      12   xxxxxxxxxxxxxxT                 GGT GTTGA AGC                 AATTAGTTGTTTCGG
 2.4       1 ..      13   xxxxxxxxxxxxxxx                TGGT GTTGA AGCA                ATTAGTTGTTTCGGT
 3.6       3 ..      14   xxxxxxxxxxxxxTG                GTGT TGAA GCAA                 TTAGTTGTTTCGGTA
-1.8       5 ..      15   xxxxxxxxxxxTGGT                 GTTG AAG CAAT                 TAGTTGTTTCGGTAC
 1.7       4 ..      16   xxxxxxxxxxxxTGG                TGTTG AAG CAATT                AGTTGTTTCGGTACG
 2.5       7 ..      17   xxxxxxxxxTGGTGT                 TGA AGCAA TTA                 GTTGTTTCGGTACGC
 3.8       6 ..      18   xxxxxxxxxxTGGTG                TTGA AGCAA TTAG                TTGTTTCGGTACGCA
 5.1       5 ..      19   xxxxxxxxxxxTGGT               GTTGA AGCAA TTAGT               TGTTTCGGTACGCAG
 1.1      10 ..      20   xxxxxxTGGTGTTGA                 AGC AATTA GTT                 GTTTCGGTACGCAGT
 3.9      11 ..      21   xxxxxTGGTGTTGAA                GCAA TTAG TTG-                 TTTCGGTACGCAGTT
-0.8      11 ..      22   xxxxxTGGTGTTGAA                GCAA TTAG TTGT                 TTCGGTACGCAGTTA
-1.7      10 ..      23   xxxxxxTGGTGTTGA               AGCAA TTAG TTGTT                TCGGTACGCAGTTAA
-2.6       9 ..      24   xxxxxxxTGGTGTTG              AAGCAA TTAG TTGTTT               CGGTACGCAGTTAAT
-4.9       8 ..      25   xxxxxxxxTGGTGTT             GAAGCAA TTAG TTGTTTC              GGTACGCAGTTAATT
-3.6       7 ..      26   xxxxxxxxxTGGTGT            TGAAGCAA TTAG TTGTTTCG             GTACGCAGTTAATTG
-2.3       6 ..      27   xxxxxxxxxxTGGTG           TTGAAGCAA TTAG TTGTTTCGG            TACGCAGTTAATTGT
  -1       5 ..      28   xxxxxxxxxxxTGGT          GTTGAAGCAA TTAG TTGTTTCGGT           ACGCAGTTAATTGTG
-1.9       4 ..      29   xxxxxxxxxxxxTGG         TGTTGAAGCAA TTAG TTGTTTCGGTA          CGCAGTTAATTGTGG
-4.2       3 ..      30   xxxxxxxxxxxxxTG        GTGTTGAAGCAA TTAG TTGTTTCGGTAC         GCAGTTAATTGTGGA
-0.7       2 ..      31   xxxxxxxxxxxxxxT       GGTGTTGAAGCAA TTAG TTGTTTCGGTACG        CAGTTAATTGTGGAA
-0.5       2 ..      32   xxxxxxxxxxxxxxT      G-GTGTTGAAGCAA TTAG TTGTTTCGGTACGC       AGTTAATTGTGGAAC
-1.4       1 ..      33   xxxxxxxxxxxxxxx     TG-GTGTTGAAGCAA TTAG TTGTTTCGGTACGCA      GTTAATTGTGGAACC
 0.3      22 ..      34   TGAAGCAATTAGTTG                TTTCG GTA CGCAG                TTAATTGTGGAACCT
 1.6      21 ..      35   TTGAAGCAATTAGTT               GTTTCG GTA CGCAGT               TAATTGTGGAACCTG
 4.4      17 ..      36   GGTGTTGAAGCAATT            AGTTGTTT CGGT ACGCAGTT             AATTGTGGAACCTGA
 3.5      16 ..      37   TGGTGTTGAAGCAAT           TAGTTGTTT CGGT ACGCAGTTA            ATTGTGGAACCTGAT
 2.6      15 ..      38   xTGGTGTTGAAGCAA          TTAGTTGTTT CGGT ACGCAGTTAA           TTGTGGAACCTGATC
 1.7      14 ..      39   xxTGGTGTTGAAGCA         ATTAGTTGTTT CGGT ACGCAGTTAAT          TGTGGAACCTGATCT
 0.8      13 ..      40   xxxTGGTGTTGAAGC        AATTAGTTGTTT CGGT ACGCAGTTAATT         GTGGAACCTGATCTT
-1.5      12 ..      41   xxxxTGGTGTTGAAG       CAATTAGTTGTTT CGGT ACGCAGTTAATTG        TGGAACCTGATCTTG
-0.2      11 ..      42   xxxxxTGGTGTTGAA      GCAATTAGTTGTTT CGGT ACGCAGTTAATTGT       GGAACCTGATCTTGG
-0.9      30 ..      43   TTAGTTGTTTCGGTA               CGCAG TTAA TTGTG                GAACCTGATCTTGGG
 2.6      29 ..      44   ATTAGTTGTTTCGGT              ACGCAG TTAA TTGTGG               AACCTGATCTTGGGT
 1.7      28 ..      45   AATTAGTTGTTTCGG             TACGCAG TTAA TTGTGGA              ACCTGATCTTGGGTT
 4.2      35 ..      46   TGTTTCGGTACGCAG                TT AATTGTGG AA                 CCTGATCTTGGGTTA
 1.9      34 ..      47   TTGTTTCGGTACGCA               GTT AATTGTGG AAC                CTGATCTTGGGTTAT
 3.1      26 ..      48   GCAATTAGTTGTTTC          GGTAC-GCAG TTAA TTGTGGAACC           TGATCTTGGGTTATG
 4.8      39 ..      49   TCGGTACGCAGTTAA                 TTGT GGA ACCT                 GATCTTGGGTTATGC
 4.1      32 ..      50   AGTTGTTTCGGTACG             CAGTT AATTGTGGA ACCTG             ATCTTGGGTTATGCG
 3.9      39 ..      51   TCGGTACGCAGTTAA                TTGTG GAA CCTGA                TCTTGGGTTATGCGA
   3      38 ..      52   TTCGGTACGCAGTTA               ATTGTG GAA CCTGAT               CTTGGGTTATGCGAC
   4      43 ..      53   TACGCAGTTAATTGT                 GG AACCTGA TC                 TTGGGTTATGCGACA
 2.1      43 ..      54   TACGCAGTTAATTGT                GGA ACCTGA TCT                 TGGGTTATGCGACAA
 3.2      45 ..      55   CGCAGTTAATTGTGG                 AA CCTGATC TT                 GGGTTATGCGACAAC
 6.7      44 ..      56   ACGCAGTTAATTGTG                GAA CCTGATC TTG                GGTTATGCGACAACC
 0.4      47 ..      57   CAGTTAATTGTGGAA                 CC TGATCTT GG                 GTTATGCGACAACCT
-4.768e-08      47 ..      58   CAGTTAATTGTGGAA                CCTG ATCT TGGG                 TTATGCGACAACCTC
-0.9      46 ..      59   GCAGTTAATTGTGGA               ACCTG ATCT TGGGT                TATGCGACAACCTCA
-1.8      45 ..      60   CGCAGTTAATTGTGG              AACCTG ATCT TGGGTT               ATGCGACAACCTCAA
-0.5      49 ..      61   GTTAATTGTGGAACC                TGATC TTG GGTTA                TGCGACAACCTCAAA
   3      43 ..      62   TACGCAGTTAATTGT            GGAACCTG ATCT TGGGTTAT             GCGACAACCTCAAAC
 0.7      47 ..      63   CAGTTAATTGTGGAA              CCTGATC TTG GGTTATG              CGACAACCTCAAACC
   2      41 ..      64   GGTACGCAGTTAATT          GTGGAACCTG ATCT TGGGTTATGC           GACAACCTCAAACCG
 3.3      40 ..      65   CGGTACGCAGTTAAT         TGTGGAACCTG ATCT TGGGTTATGCG          ACAACCTCAAACCGA
 2.4      39 ..      66   TCGGTACGCAGTTAA        TTGTGGAACCTG ATCT TGGGTTATGCGA         CAACCTCAAACCGAA
 4.7      57 ..      67   TGGAACCTGATCTTG                 G GTTATGCGA C                 AACCTCAAACCGAAT
 3.6      57 ..      68   TGGAACCTGATCTTG                GGTT ATGC GACA                 ACCTCAAACCGAATA
 1.8      59 ..      69   GAACCTGATCTTGGG                 TTAT GCG ACAA                 CCTCAAACCGAATAG
-0.5      58 ..      70   GGAACCTGATCTTGG                GTTAT GCG ACAAC                CTCAAACCGAATAGG
-2.8      57 ..      71   TGGAACCTGATCTTG               GGTTAT GCG ACAACC               TCAAACCGAATAGGT
-1.5      56 ..      72   GTGGAACCTGATCTT              GGGTTAT GCG ACAACCT              CAAACCGAATAGGTT
 0.9      56 ..      73   GTGGAACCTGATCTT             G-GGTTAT GCG ACAACCTC             AAACCGAATAGGTTC
-2.027e-07      55 ..      74   TGTGGAACCTGATCT            TG-GGTTAT GCG ACAACCTCA            AACCGAATAGGTTCT
-0.9      54 ..      75   TTGTGGAACCTGATC           TTG-GGTTAT GCG ACAACCTCAA           ACCGAATAGGTTCTT
 2.6      53 ..      76   ATTGTGGAACCTGAT          CTTG-GGTTAT GCG ACAACCTCAAA          CCGAATAGGTTCTTA
 2.9      58 ..      77   GGAACCTGATCTTGG            GTTATGCG ACAAC CTCA-AAC            CGAATAGGTTCTTAT
 0.6      57 ..      78   TGGAACCTGATCTTG           GGTTATGCG ACAAC CTCA-AACC           GAATAGGTTCTTATG
 4.1      56 ..      79   GTGGAACCTGATCTT          GGGTTATGCG ACAAC CTCA-AACCG          AATAGGTTCTTATGA
 3.2      55 ..      80   TGTGGAACCTGATCT         TGGGTTATGCG ACAAC CTCA-AACCGA         ATAGGTTCTTATGAA
 2.3      54 ..      81   TTGTGGAACCTGATC        TTGGGTTATGCG ACAAC CTCA-AACCGAA        TAGGTTCTTATGAAC
 5.8      53 ..      82   ATTGTGGAACCTGAT       CTTGGGTTATGCG ACAAC CTCA-AACCGAAT       AGGTTCTTATGAACC
 4.9      52 ..      83   AATTGTGGAACCTGA      TCTTGGGTTATGCG ACAAC CTCA-AACCGAATA      GGTTCTTATGAACCG
 4.3      73 ..      84   GTTATGCGACAACCT                CAA ACCGAA TAG                 GTTCTTATGAACCGA
 2.5      70 ..      85   TGGGTTATGCGACAA              CCT CAAACCGAAT AGG               TTCTTATGAACCGAA
-2.5      76 ..      86   ATGCGACAACCTCAA                 ACC GAATA GGT                 TCTTATGAACCGAAC
-3.4      75 ..      87   TATGCGACAACCTCA                AACC GAATA GGTT                CTTATGAACCGAACG
 0.1      74 ..      88   TTATGCGACAACCTC               AAACC GAATA GGTTC               TTATGAACCGAACGA
 1.4      78 ..      89   GCGACAACCTCAAAC                CGAA TAGG TTCT                 TATGAACCGAACGAA
 1.8      80 ..      90   GACAACCTCAAACCG                 AATA GGT TCTT                 ATGAACCGAACGAAA
 4.3      72 ..      91   GGTTATGCGACAACC            TCA-AACC GAATA GGTTCTTA            TGAACCGAACGAAAA
 0.6      81 ..      92   ACAACCTCAAACCGA                ATAG GTTC TTAT                 GAACCGAACGAAAAC
 4.1      80 ..      93   GACAACCTCAAACCG               AATAG GTTC TTATG                AACCGAACGAAAACG
 5.9      72 ..      94   GGTTATGCGACAACC          TCAAACCGAA TAGG TTCT-TATGA           ACCGAACGAAAACGC
 3.9      85 ..      95   CCTCAAACCGAATAG                GTTC TTAT GAA-                 CCGAACGAAAACGCT
-4.4      85 ..      96   CCTCAAACCGAATAG                GTTC TTAT GAAC                 CGAACGAAAACGCTT
-6.7      84 ..      97   ACCTCAAACCGAATA               GGTTC TTAT GAACC                GAACGAAAACGCTTT
-3.2      83 ..      98   AACCTCAAACCGAAT              AGGTTC TTAT GAACCG               AACGAAAACGCTTTG
-4.1      82 ..      99   CAACCTCAAACCGAA             TAGGTTC TTAT GAACCGA              ACGAAAACGCTTTGC
-0.6      81 ..     100   ACAACCTCAAACCGA            ATAGGTTC TTAT GAACCGAA             CGAAAACGCTTTGCx
 0.6      85 ..     101   CCTCAAACCGAATAG              GTTC TTATGAACC GAAC              GAAAACGCTTTGCxx
 0.8      78 ..     102   GCGACAACCTCAAAC         CGAATAGGTTC TTAT GAACCGAA-CG          AAAACGCTTTGCxxx
 2.9      87 ..     103   TCAAACCGAATAGGT              TCTTATG AAC CGAACGA              AAACGCTTTGCxxxx
   2      86 ..     104   CTCAAACCGAATAGG             TTCTTATG AAC CGAACGAA             AACGCTTTGCxxxxx
 5.5      85 ..     105   CCTCAAACCGAATAG            GTTCTTATG AAC CGAACGAAA            ACGCTTTGCxxxxxx
 8.8      89 ..     106   AAACCGAATAGGTTC             TTAT GAACCGAACG AAAA              CGCTTTGCxxxxxxx
 7.4      85 ..     107   CCTCAAACCGAATAG           GTTCTTAT GAACCGA ACGAAAAC           GCTTTGCxxxxxxxx
 1.4      97 ..     108   TAGGTTCTTATGAAC                CG AACGAAAA CG                 CTTTGCxxxxxxxxx
 4.9      96 ..     109   ATAGGTTCTTATGAA               CCG AACGAAAA CGC                TTTGCxxxxxxxxxx
9.537e-08      99 ..     110   GGTTCTTATGAACCG                AACG AAAA CGCT                 TTGCxxxxxxxxxxx
 1.3      98 ..     111   AGGTTCTTATGAACC               GAACG AAAA CGCTT                TGCxxxxxxxxxxxx
 2.5     102 ..     112   TCTTATGAACCGAAC                 GAA AACGC TTT                 GCxxxxxxxxxxxxx
 0.2     101 ..     113   TTCTTATGAACCGAA                CGAA AACGC TTTG                Cxxxxxxxxxxxxxx
