>FWFU01000001.1:9010-9101 Roseovarius halotolerans strain CECT 8110 genome assembly, contig: 0001, whole genome shotgun sequence FORWARD
 4.7       1 ..      11   xxxxxxxxxxxxxxx                 C GATCGGGAG G                 CCTCTGGTGGGACAG
 4.7       2 ..      12   xxxxxxxxxxxxxxC                GATC GGGA GG-C                 CTCTGGTGGGACAGA
 2.2       2 ..      13   xxxxxxxxxxxxxxC                GATC GGGA GGCC                 TCTGGTGGGACAGAG
 5.7       1 ..      14   xxxxxxxxxxxxxxx               CGATC GGGA GGCCT                CTGGTGGGACAGAGG
 1.2       5 ..      15   xxxxxxxxxxxCGAT                 CGGG AGG CCTC                 TGGTGGGACAGAGGC
 2.2       5 ..      16   xxxxxxxxxxxCGAT                CGGG AGGC CTCT                 GGTGGGACAGAGGCC
   1       5 ..      17   xxxxxxxxxxxCGAT                CGGG AGGCC TCTG                GTGGGACAGAGGCCG
 1.3       5 ..      18   xxxxxxxxxxxCGAT               CGGGA GGCC TCTGG                TGGGACAGAGGCCGG
 1.4       3 ..      19   xxxxxxxxxxxxxCG              ATCGGG AGGCC TCTGGT              GGGACAGAGGCCGGG
 1.2      10 ..      20   xxxxxxCGATCGGGA                 GGCC TCT GGTG                 GGACAGAGGCCGGGA
 2.6       1 ..      21   xxxxxxxxxxxxxxx            CGATCGGG AGGCC TCTGGTGG            GACAGAGGCCGGGAA
-0.3      12 ..      22   xxxxCGATCGGGAGG                 CCT CTGGT GGG                 ACAGAGGCCGGGAAT
 2.2      12 ..      23   xxxxCGATCGGGAGG                CCTC TGGT GGGA                 CAGAGGCCGGGAATG
-0.1      11 ..      24   xxxxxCGATCGGGAG               GCCTC TGGT GGGAC                AGAGGCCGGGAATGG
 3.4      10 ..      25   xxxxxxCGATCGGGA              GGCCTC TGGT GGGACA               GAGGCCGGGAATGGA
-1.5      15 ..      26   xCGATCGGGAGGCCT                CTG GTGGGA CAG                 AGGCCGGGAATGGAT
-2.4      14 ..      27   xxCGATCGGGAGGCC               TCTG GTGGGA CAGA                GGCCGGGAATGGATC
-4.7      13 ..      28   xxxCGATCGGGAGGC              CTCTG GTGGGA CAGAG               GCCGGGAATGGATCG
  -7      12 ..      29   xxxxCGATCGGGAGG             CCTCTG GTGGGA CAGAGG              CCGGGAATGGATCGC
-9.3      11 ..      30   xxxxxCGATCGGGAG            GCCTCTG GTGGGA CAGAGGC             CGGGAATGGATCGCA
-11.6      10 ..      31   xxxxxxCGATCGGGA           GGCCTCTG GTGGGA CAGAGGCC            GGGAATGGATCGCAC
-8.1       9 ..      32   xxxxxxxCGATCGGG          AGGCCTCTG GTGGGA CAGAGGCCG           GGAATGGATCGCACC
-4.6       8 ..      33   xxxxxxxxCGATCGG         GAGGCCTCTG GTGGGA CAGAGGCCGG          GAATGGATCGCACCC
-1.1       7 ..      34   xxxxxxxxxCGATCG        GGAGGCCTCTG GTGGGA CAGAGGCCGGG         AATGGATCGCACCCG
 2.4       6 ..      35   xxxxxxxxxxCGATC       GGGAGGCCTCTG GTGGGA CAGAGGCCGGGA        ATGGATCGCACCCGC
 5.9       5 ..      36   xxxxxxxxxxxCGAT      CGGGAGGCCTCTG GTGGGA CAGAGGCCGGGAA       TGGATCGCACCCGCC
 4.8      27 ..      37   CCTCTGGTGGGACAG                 AGGC CGG GAAT                 GGATCGCACCCGCCA
 5.8      24 ..      38   AGGCCTCTGGTGGGA               CA GAGGCCGGGAA TG               GATCGCACCCGCCAT
 4.7      29 ..      39   TCTGGTGGGACAGAG                GCCG GGAA TGG-                 ATCGCACCCGCCATC
 2.2      29 ..      40   TCTGGTGGGACAGAG                GCCG GGAA TGGA                 TCGCACCCGCCATCT
 3.5      28 ..      41   CTCTGGTGGGACAGA               GGCCG GGAA TGGAT                CGCACCCGCCATCTC
 3.7      28 ..      42   CTCTGGTGGGACAGA              GG-CCG GGAA TGGATC               GCACCCGCCATCTCG
 1.7      31 ..      43   TGGTGGGACAGAGGC                CGG GAATGGA TCG                CACCCGCCATCTCGA
   1      32 ..      44   GGTGGGACAGAGGCC                GGGA ATGGA TCGC                ACCCGCCATCTCGAA
 4.5      31 ..      45   TGGTGGGACAGAGGC               CGGGA ATGGA TCGCA               CCCGCCATCTCGAAA
 3.3      36 ..      46   GGACAGAGGCCGGGA                 ATG GATCG CAC                 CCGCCATCTCGAAAG
 2.4      33 ..      47   GTGGGACAGAGGCCG               GGAATG GAT CGCACC               CGCCATCTCGAAAGG
  -1      38 ..      48   ACAGAGGCCGGGAAT                 GGAT CGC ACCC                 GCCATCTCGAAAGGC
-2.2      31 ..      49   TGGTGGGACAGAGGC             CGGGAATG GAT CGCACCCG             CCATCTCGAAAGGCC
 1.3      30 ..      50   CTGGTGGGACAGAGG            CCGGGAATG GAT CGCACCCGC            CATCTCGAAAGGCCG
  -1      29 ..      51   TCTGGTGGGACAGAG           GCCGGGAATG GAT CGCACCCGCC           ATCTCGAAAGGCCGT
9.537e-08      41 ..      52   GAGGCCGGGAATGGA                TCGC ACCC GCCA                 TCTCGAAAGGCCGTG
-0.9      40 ..      53   AGAGGCCGGGAATGG               ATCGC ACCC GCCAT                CTCGAAAGGCCGTGC
-3.2      39 ..      54   CAGAGGCCGGGAATG              GATCGC ACCC GCCATC               TCGAAAGGCCGTGCT
-1.9      38 ..      55   ACAGAGGCCGGGAAT             GGATCGC ACCC GCCATCT              CGAAAGGCCGTGCTG
 0.5      38 ..      56   ACAGAGGCCGGGAAT            G-GATCGC ACCC GCCATCTC             GAAAGGCCGTGCTGC
 1.8      37 ..      57   GACAGAGGCCGGGAA           TG-GATCGC ACCC GCCATCTCG            AAAGGCCGTGCTGCT
 2.9      47 ..      58   GGGAATGGATCGCAC                CCG CCATCT CGA                 AAGGCCGTGCTGCTG
 6.4      46 ..      59   CGGGAATGGATCGCA               CCCG CCATCT CGAA                AGGCCGTGCTGCTGG
None      50 ..      60   AATGGATCGCACCCG                  CCATCTCGAAA                  GGCCGTGCTGCTGGA
 3.3      51 ..      61   ATGGATCGCACCCGC                 CAT CTCGA AAG                 GCCGTGCTGCTGGAG
   1      50 ..      62   AATGGATCGCACCCG                CCAT CTCGA AAGG                CCGTGCTGCTGGAGC
-1.3      49 ..      63   GAATGGATCGCACCC               GCCAT CTCGA AAGGC               CGTGCTGCTGGAGCC
 2.2      48 ..      64   GGAATGGATCGCACC              CGCCAT CTCGA AAGGCC              GTGCTGCTGGAGCCC
-0.1      47 ..      65   GGGAATGGATCGCAC             CCGCCAT CTCGA AAGGCCG             TGCTGCTGGAGCCCG
 2.9      55 ..      66   ATCGCACCCGCCATC                TCG AAAGGC CGT                 GCTGCTGGAGCCCGA
 0.6      54 ..      67   GATCGCACCCGCCAT               CTCG AAAGGC CGTG                CTGCTGGAGCCCGAC
 0.4      43 ..      68   GGCCGGGAATGGATC         GCACCCGCCAT CTCGA AAGGCCG-TGC         TGCTGGAGCCCGACA
 3.2      52 ..      69   TGGATCGCACCCGCC             ATCTCG AAAGGC CGTGCT              GCTGGAGCCCGACAG
 0.9      51 ..      70   ATGGATCGCACCCGC            CATCTCG AAAGGC CGTGCTG             CTGGAGCCCGACAGC
 4.1      43 ..      71   GGCCGGGAATGGATC       GCA-C-CCGCCAT CTCGA AAGGCCGTGCTGC       TGGAGCCCGACAGCA
 0.7      61 ..      72   CCCGCCATCTCGAAA                GGC CGTGCT GCT                 GGAGCCCGACAGCAG
 1.2      63 ..      73   CGCCATCTCGAAAGG                 CCGT GCT GCTG                 GAGCCCGACAGCAGG
 0.7      63 ..      74   CGCCATCTCGAAAGG                CCG TGCTGC TGG                 AGCCCGACAGCAGGT
 4.1      55 ..      75   ATCGCACCCGCCATC            TCGAAAGGC CGT GCTGCTGGA            GCCCGACAGCAGGTG
 1.8      54 ..      76   GATCGCACCCGCCAT           CTCGAAAGGC CGT GCTGCTGGAG           CCCGACAGCAGGTGC
-2.5      67 ..      77   ATCTCGAAAGGCCGT                 GCT GCTGG AGC                 CCGACAGCAGGTGCG
   1      66 ..      78   CATCTCGAAAGGCCG                TGCT GCTGG AGCC                CGACAGCAGGTGCGx
-1.3      65 ..      79   CCATCTCGAAAGGCC               GTGCT GCTGG AGCCC               GACAGCAGGTGCGxx
-3.6      64 ..      80   GCCATCTCGAAAGGC              CGTGCT GCTGG AGCCCG              ACAGCAGGTGCGxxx
-0.1      63 ..      81   CGCCATCTCGAAAGG             CCGTGCT GCTGG AGCCCGA             CAGCAGGTGCGxxxx
-2.4      62 ..      82   CCGCCATCTCGAAAG            GCCGTGCT GCTGG AGCCCGAC            AGCAGGTGCGxxxxx
  -2      69 ..      83   CTCGAAAGGCCGTGC               TGCTGG AGC CCGACA               GCAGGTGCGxxxxxx
-4.3      68 ..      84   TCTCGAAAGGCCGTG              CTGCTGG AGC CCGACAG              CAGGTGCGxxxxxxx
-6.6      67 ..      85   ATCTCGAAAGGCCGT             GCTGCTGG AGC CCGACAGC             AGGTGCGxxxxxxxx
-7.5      66 ..      86   CATCTCGAAAGGCCG            TGCTGCTGG AGC CCGACAGCA            GGTGCGxxxxxxxxx
  -5      68 ..      87   TCTCGAAAGGCCGTG            CTGCTG GAGCCCGA CAGCAG             GTGCGxxxxxxxxxx
-6.3      64 ..      88   GCCATCTCGAAAGGC          CGTGCTGCTGG AGC CCGACAGCAGG          TGCGxxxxxxxxxxx
-4.8      62 ..      89   CCGCCATCTCGAAAG        GCCGTGCTGCTGG AGC CCGACAGCA-GGT        GCGxxxxxxxxxxxx
-2.6      63 ..      90   CGCCATCTCGAAAGG        C-CGTGCTGCTGG AGC CCGACAGCAGGTG        CGxxxxxxxxxxxxx
-4.9      62 ..      91   CCGCCATCTCGAAAG       GC-CGTGCTGCTGG AGC CCGACAGCAGGTGC       Gxxxxxxxxxxxxxx
