>PVTQ01000002.1:74373-74464 Donghicola tyrosinivorans strain DSM 100212 Ga0181042_102, whole genome shotgun sequence FORWARD
None       1 ..      11   xxxxxxxxxxxxxxx                  GGATCGGGAGG                  CTGCCGGTGGGACGG
 4.7       2 ..      12   xxxxxxxxxxxxxxG                GATC GGGA GG-C                 TGCCGGTGGGACGGT
 3.3       3 ..      13   xxxxxxxxxxxxxGG                 ATC GGGAG GCT                 GCCGGTGGGACGGTG
 4.7       4 ..      14   xxxxxxxxxxxxGGA                TCGG GAGG CTG-                 CCGGTGGGACGGTGG
 2.2       4 ..      15   xxxxxxxxxxxxGGA                TCGG GAGG CTGC                 CGGTGGGACGGTGGC
  -1       6 ..      16   xxxxxxxxxxGGATC                 GGGA GGC TGCC                 GGTGGGACGGTGGCC
-3.3       5 ..      17   xxxxxxxxxxxGGAT                CGGGA GGC TGCCG                GTGGGACGGTGGCCA
  -2       4 ..      18   xxxxxxxxxxxxGGA               TCGGGA GGC TGCCGG               TGGGACGGTGGCCAG
-2.9       3 ..      19   xxxxxxxxxxxxxGG              ATCGGGA GGC TGCCGGT              GGGACGGTGGCCAGG
 0.6       2 ..      20   xxxxxxxxxxxxxxG             GATCGGGA GGC TGCCGGTG             GGACGGTGGCCAGGC
 4.1       1 ..      21   xxxxxxxxxxxxxxx            GGATCGGGA GGC TGCCGGTGG            GACGGTGGCCAGGCA
   4      12 ..      22   xxxxGGATCGGGAGG                 CT GCCGGTG GG                 ACGGTGGCCAGGCAT
  -1      13 ..      23   xxxGGATCGGGAGGC                 TGCC GGT GGGA                 CGGTGGCCAGGCATG
 1.1      14 ..      24   xxGGATCGGGAGGCT                G-CC GGTG GGAC                 GGTGGCCAGGCATGG
 2.1      12 ..      25   xxxxGGATCGGGAGG               CTGCC GGTG GGACG                GTGGCCAGGCATGGA
-2.9      15 ..      26   xGGATCGGGAGGCTG                CCG GTGGGA CGG                 TGGCCAGGCATGGAT
-1.6      14 ..      27   xxGGATCGGGAGGCT               GCCG GTGGGA CGGT                GGCCAGGCATGGATC
-0.3      13 ..      28   xxxGGATCGGGAGGC              TGCCG GTGGGA CGGTG               GCCAGGCATGGATCC
-2.6      12 ..      29   xxxxGGATCGGGAGG             CTGCCG GTGGGA CGGTGG              CCAGGCATGGATCCA
-4.9      11 ..      30   xxxxxGGATCGGGAG            GCTGCCG GTGGGA CGGTGGC             CAGGCATGGATCCAG
-7.2      10 ..      31   xxxxxxGGATCGGGA           GGCTGCCG GTGGGA CGGTGGCC            AGGCATGGATCCAGA
-3.7       9 ..      32   xxxxxxxGGATCGGG          AGGCTGCCG GTGGGA CGGTGGCCA           GGCATGGATCCAGAA
-0.2       8 ..      33   xxxxxxxxGGATCGG         GAGGCTGCCG GTGGGA CGGTGGCCAG          GCATGGATCCAGAAC
 3.3       7 ..      34   xxxxxxxxxGGATCG        GGAGGCTGCCG GTGGGA CGGTGGCCAGG         CATGGATCCAGAACA
   1       6 ..      35   xxxxxxxxxxGGATC       GGGAGGCTGCCG GTGGGA CGGTGGCCAGGC        ATGGATCCAGAACAC
 1.9      13 ..      36   xxxGGATCGGGAGGC          TGCC-GGT GGGACGGTG GCCAGGCA          TGGATCCAGAACACG
 2.1      26 ..      37   GCTGCCGGTGGGACG                GTG GCCAGG CAT                 GGATCCAGAACACGC
   5      27 ..      38   CTGCCGGTGGGACGG                TG-GC CAG GCATG                GATCCAGAACACGCT
 2.5      29 ..      39   GCCGGTGGGACGGTG                GCCA GGCA TGG-                 ATCCAGAACACGCTG
   0      29 ..      40   GCCGGTGGGACGGTG                GCCA GGCA TGGA                 TCCAGAACACGCTGT
 1.3      28 ..      41   TGCCGGTGGGACGGT               GGCCA GGCA TGGAT                CCAGAACACGCTGTC
 1.5      28 ..      42   TGCCGGTGGGACGGT              GG-CCA GGCA TGGATC               CAGAACACGCTGTCT
 0.4      33 ..      43   GTGGGACGGTGGCCA                 GG CATGGAT CC                 AGAACACGCTGTCTC
 2.6      19 ..      44   TCGGGAGGCTGCCGG         TGGGACGGTG GCCAGG CATGGATCCA          GAACACGCTGTCTCT
 1.6      31 ..      45   CGGTGGGACGGTGGC               CAGG CATGGAT CCAG               AACACGCTGTCTCTT
 5.1      30 ..      46   CCGGTGGGACGGTGG              CCAGG CATGGAT CCAGA              ACACGCTGTCTCTTG
 6.1      37 ..      47   GACGGTGGCCAGGCA                 T GGATCCAGA A                 CACGCTGTCTCTTGG
 4.7      38 ..      48   ACGGTGGCCAGGCAT                 G GATCCAGAA C                 ACGCTGTCTCTTGGG
 3.8      37 ..      49   GACGGTGGCCAGGCA                TG GATCCAGAA CA                CGCTGTCTCTTGGGT
 3.1      26 ..      50   GCTGCCGGTGGGACG          GTGGCCAGG CATGGAT CCAGAACAC          GCTGTCTCTTGGGTG
   5      35 ..      51   GGGACGGTGGCCAGG              CATG GATCCAGAA CACG              CTGTCTCTTGGGTGT
 2.7      34 ..      52   TGGGACGGTGGCCAG             GCATG GATCCAGAA CACGC             TGTCTCTTGGGTGTG
   4      33 ..      53   GTGGGACGGTGGCCA            GGCATG GATCCAGAA CACGCT            GTCTCTTGGGTGTGC
-1.5      43 ..      54   GGCCAGGCATGGATC                CAG AACACG CTG                 TCTCTTGGGTGTGCG
   2      42 ..      55   TGGCCAGGCATGGAT               CCAG AACACG CTGT                CTCTTGGGTGTGCGA
 0.4      46 ..      56   CAGGCATGGATCCAG                 AACA CGC TGTC                 TCTTGGGTGTGCGAC
-0.3      44 ..      57   GCCAGGCATGGATCC               AGAACA CGC TGT-CT               CTTGGGTGTGCGACC
-0.3      45 ..      58   CCAGGCATGGATCCA               GA-ACA CGC TGTCTC               TTGGGTGTGCGACCG
-1.2      44 ..      59   GCCAGGCATGGATCC              AGA-ACA CGC TGTCTCT              TGGGTGTGCGACCGG
 2.3      43 ..      60   GGCCAGGCATGGATC             CAGA-ACA CGC TGTCTCTT             GGGTGTGCGACCGGG
-2.861e-07      42 ..      61   TGGCCAGGCATGGAT            CCAGA-ACA CGC TGTCTCTTG            GGTGTGCGACCGGGG
-0.3      42 ..      62   TGGCCAGGCATGGAT            CCAGAACAC GCT GTCTCTTGG            GTGTGCGACCGGGGC
   1      41 ..      63   GTGGCCAGGCATGGA           TCCAGAACAC GCT GTCTCTTGGG           TGTGCGACCGGGGCC
 0.1      40 ..      64   GGTGGCCAGGCATGG          ATCCAGAACAC GCT GTCTCTTGGGT          GTGCGACCGGGGCCC
 1.7      48 ..      65   GGCATGGATCCAGAA             CACGC TGTCTCTT GGGTG              TGCGACCGGGGCCCG
 0.8      47 ..      66   AGGCATGGATCCAGA            ACACGC TGTCTCTT GGGTGT             GCGACCGGGGCCCGA
 0.8      48 ..      67   GGCATGGATCCAGAA            CACGCT GTCTCTTG GGTGTG             CGACCGGGGCCCGAC
   2      45 ..      68   CCAGGCATGGATCCA          GAACACGC TGTCTCTT GGGTGTGC           GACCGGGGCCCGACG
   3      50 ..      69   CATGGATCCAGAACA            CGC-TGTCT CTT GGGTGTGCG            ACCGGGGCCCGACGG
 2.1      59 ..      70   AGAACACGCTGTCTC                TTG GGTGTG CGA                 CCGGGGCCCGACGGT
 1.7      54 ..      71   GATCCAGAACACGCT             GTCTC TTGGGTGT GCGAC              CGGGGCCCGACGGTA
-2.5      62 ..      72   ACACGCTGTCTCTTG                 GGT GTGCG ACC                 GGGGCCCGACGGTAT
   1      61 ..      73   AACACGCTGTCTCTT                GGGT GTGCG ACCG                GGGCCCGACGGTATG
 2.3      60 ..      74   GAACACGCTGTCTCT               TGGGT GTGCG ACCGG               GGCCCGACGGTATGC
 1.7      58 ..      75   CAGAACACGCTGTCT             CTTGG GTGTGCGA CCGGG              GCCCGACGGTATGCG
 1.3      58 ..      76   CAGAACACGCTGTCT             CTTGGGT GTGCG ACCGGGG             CCCGACGGTATGCGC
 0.4      67 ..      77   CTGTCTCTTGGGTGT                 GC GACCGGG GC                 CCGACGGTATGCGCA
 3.4      68 ..      78   TGTCTCTTGGGTGTG                 CGAC CGG GGCC                 CGACGGTATGCGCAx
 1.1      67 ..      79   CTGTCTCTTGGGTGT                GCGAC CGG GGCCC                GACGGTATGCGCAxx
 1.1      68 ..      80   TGTCTCTTGGGTGTG                CGACC GGG GCCCG                ACGGTATGCGCAxxx
-2.4      71 ..      81   CTCTTGGGTGTGCGA                 CCGG GGC CCGA                 CGGTATGCGCAxxxx
 1.1      70 ..      82   TCTCTTGGGTGTGCG                ACCGG GGC CCGAC                GGTATGCGCAxxxxx
  -1      68 ..      83   TGTCTCTTGGGTGTG              CGACCGG GGC CCGA-CG              GTATGCGCAxxxxxx
-0.9      71 ..      84   CTCTTGGGTGTGCGA               CCG GGGCCCGA CGG                TATGCGCAxxxxxxx
-1.8      70 ..      85   TCTCTTGGGTGTGCG              ACCG GGGCCCGA CGGT               ATGCGCAxxxxxxxx
 1.7      69 ..      86   GTCTCTTGGGTGTGC             GACCG GGGCCCGA CGGTA              TGCGCAxxxxxxxxx
 3.5      74 ..      87   TTGGGTGTGCGACCG               GGGCC CGAC GGTAT                GCGCAxxxxxxxxxx
 3.2      68 ..      88   TGTCTCTTGGGTGTG           CG-ACCG GGGCCCGA CGGTATG            CGCAxxxxxxxxxxx
 0.9      67 ..      89   CTGTCTCTTGGGTGT          GCG-ACCG GGGCCCGA CGGTATGC           GCAxxxxxxxxxxxx
 1.4      79 ..      90   TGTGCGACCGGGGCC                CGACG GTA TG-CG                CAxxxxxxxxxxxxx
-0.1      65 ..      91   CGCTGTCTCTTGGGT        GTGCG-ACCG GGGCCCGA CGGTATGCGC         Axxxxxxxxxxxxxx
