>JALZ01000008.1:c182383-182291 Roseivivax halodurans JCM 10272 contig8, whole genome shotgun sequence FORWARD
None       1 ..      11   xxxxxxxxxxxxxxx                  GGATCGGGAGG                  CCTTCGGTGGGACGA
 4.7       2 ..      12   xxxxxxxxxxxxxxG                GATC GGGA GG-C                 CTTCGGTGGGACGAA
 2.2       2 ..      13   xxxxxxxxxxxxxxG                GATC GGGA GGCC                 TTCGGTGGGACGAAG
 3.5       1 ..      14   xxxxxxxxxxxxxxx               GGATC GGGA GGCCT                TCGGTGGGACGAAGG
 1.2       5 ..      15   xxxxxxxxxxxGGAT                 CGGG AGG CCTT                 CGGTGGGACGAAGGC
 3.3       6 ..      16   xxxxxxxxxxGGATC                 GGG AGGCC TTC                 GGTGGGACGAAGGCC
   1       5 ..      17   xxxxxxxxxxxGGAT                CGGG AGGCC TTCG                GTGGGACGAAGGCCA
 1.3       5 ..      18   xxxxxxxxxxxGGAT               CGGGA GGCC TTCGG                TGGGACGAAGGCCAG
 1.4       3 ..      19   xxxxxxxxxxxxxGG              ATCGGG AGGCC TTCGGT              GGGACGAAGGCCAGG
 1.2      10 ..      20   xxxxxxGGATCGGGA                 GGCC TTC GGTG                 GGACGAAGGCCAGGC
 4.7       9 ..      21   xxxxxxxGGATCGGG                AGGCC TTC GGTGG                GACGAAGGCCAGGCA
-0.3      12 ..      22   xxxxGGATCGGGAGG                 CCT TCGGT GGG                 ACGAAGGCCAGGCAT
 3.2      11 ..      23   xxxxxGGATCGGGAG                GCCT TCGGT GGGA                CGAAGGCCAGGCATT
 0.9      10 ..      24   xxxxxxGGATCGGGA               GGCCT TCGGT GGGAC               GAAGGCCAGGCATTG
   1      13 ..      25   xxxGGATCGGGAGGC                CTTC GGTGG GACG                AAGGCCAGGCATTGA
-1.5      15 ..      26   xGGATCGGGAGGCCT                TCG GTGGGA CGA                 AGGCCAGGCATTGAT
-2.4      14 ..      27   xxGGATCGGGAGGCC               TTCG GTGGGA CGAA                GGCCAGGCATTGATC
-4.7      13 ..      28   xxxGGATCGGGAGGC              CTTCG GTGGGA CGAAG               GCCAGGCATTGATCG
  -7      12 ..      29   xxxxGGATCGGGAGG             CCTTCG GTGGGA CGAAGG              CCAGGCATTGATCGG
-9.3      11 ..      30   xxxxxGGATCGGGAG            GCCTTCG GTGGGA CGAAGGC             CAGGCATTGATCGGA
-11.6      10 ..      31   xxxxxxGGATCGGGA           GGCCTTCG GTGGGA CGAAGGCC            AGGCATTGATCGGAA
-8.1       9 ..      32   xxxxxxxGGATCGGG          AGGCCTTCG GTGGGA CGAAGGCCA           GGCATTGATCGGAAC
-4.6       8 ..      33   xxxxxxxxGGATCGG         GAGGCCTTCG GTGGGA CGAAGGCCAG          GCATTGATCGGAACA
-1.1       7 ..      34   xxxxxxxxxGGATCG        GGAGGCCTTCG GTGGGA CGAAGGCCAGG         CATTGATCGGAACAC
-3.4       6 ..      35   xxxxxxxxxxGGATC       GGGAGGCCTTCG GTGGGA CGAAGGCCAGGC        ATTGATCGGAACACG
 0.1       5 ..      36   xxxxxxxxxxxGGAT      CGGGAGGCCTTCG GTGGGA CGAAGGCCAGGCA       TTGATCGGAACACGC
  -1      27 ..      37   CCTTCGGTGGGACGA                 AGGC CAG GCAT                 TGATCGGAACACGCT
-1.9      26 ..      38   GCCTTCGGTGGGACG                AAGGC CAG GCATT                GATCGGAACACGCTC
 1.6      25 ..      39   GGCCTTCGGTGGGAC               GAAGGC CAG GCATTG               ATCGGAACACGCTCT
 2.6      30 ..      40   TCGGTGGGACGAAGG                 CCAG GCA TTGA                 TCGGAACACGCTCTC
 3.9      29 ..      41   TTCGGTGGGACGAAG                GCCAG GCA TTGAT                CGGAACACGCTCTCT
 1.6      28 ..      42   CTTCGGTGGGACGAA               GGCCAG GCA TTGATC               GGAACACGCTCTCTC
 4.7      31 ..      43   CGGTGGGACGAAGGC                CAGGC ATT GATCG                GAACACGCTCTCTCG
 2.4      30 ..      44   TCGGTGGGACGAAGG               CCAGGC ATT GATCGG               AACACGCTCTCTCGG
 5.9      29 ..      45   TTCGGTGGGACGAAG              GCCAGGC ATT GATCGGA              ACACGCTCTCTCGGA
 6.9      36 ..      46   GGACGAAGGCCAGGC                 ATT GATCG GAA                 CACGCTCTCTCGGAT
 5.7      36 ..      47   GGACGAAGGCCAGGC                ATT GATCGG AAC                 ACGCTCTCTCGGATG
 0.4      38 ..      48   ACGAAGGCCAGGCAT                 TGAT CGG AACA                 CGCTCTCTCGGATGA
 3.9      37 ..      49   GACGAAGGCCAGGCA                TTGAT CGG AACAC                GCTCTCTCGGATGAG
   6      38 ..      50   ACGAAGGCCAGGCAT                TG ATCGGAACA CG                CTCTCTCGGATGAGC
 1.9      41 ..      51   AAGGCCAGGCATTGA                 TCG GAACA CGC                 TCTCTCGGATGAGCC
   1      40 ..      52   GAAGGCCAGGCATTG                ATCG GAACA CGCT                CTCTCGGATGAGCCC
-1.3      39 ..      53   CGAAGGCCAGGCATT               GATCG GAACA CGCTC               TCTCGGATGAGCCCG
 2.1      43 ..      54   GGCCAGGCATTGATC                GGA ACACGC TCT                 CTCGGATGAGCCCGC
 2.8      44 ..      55   GCCAGGCATTGATCG                GA ACACGCTC TC                 TCGGATGAGCCCGCG
 4.1      43 ..      56   GGCCAGGCATTGATC               GGA ACACGCTC TCT                CGGATGAGCCCGCGG
 4.8      44 ..      57   GCCAGGCATTGATCG               GA ACACGCTCTC TC                GGATGAGCCCGCGGC
 2.9      42 ..      58   AGGCCAGGCATTGAT              CGGAACA CGC TCTCTCG              GATGAGCCCGCGGCC
 2.9      48 ..      59   GGCATTGATCGGAAC                ACG CTCTCT CGG                 ATGAGCCCGCGGCCG
 5.1      41 ..      60   AAGGCCAGGCATTGA            TCGGA ACACGCTCTC TCGGA             TGAGCCCGCGGCCGG
 2.6      51 ..      61   ATTGATCGGAACACG                 CTCT CTC GGAT                 GAGCCCGCGGCCGGG
 2.6      52 ..      62   TTGATCGGAACACGC                 TCTC TCG GATG                 AGCCCGCGGCCGGGG
 0.6      52 ..      63   TTGATCGGAACACGC                TC-TC TCG GATGA                GCCCGCGGCCGGGGC
-1.7      51 ..      64   ATTGATCGGAACACG               CTC-TC TCG GATGAG               CCCGCGGCCGGGGCC
  -4      50 ..      65   CATTGATCGGAACAC              GCTC-TC TCG GATGAGC              CCGCGGCCGGGGCCC
-0.5      49 ..      66   GCATTGATCGGAACA             CGCTC-TC TCG GATGAGCC             CGCGGCCGGGGCCCG
 1.9      57 ..      67   CGGAACACGCTCTCT                 CGG ATGAG CCC                 GCGGCCGGGGCCCGA
-2.9      57 ..      68   CGGAACACGCTCTCT                CGG ATGAGC CCG                 CGGCCGGGGCCCGAC
 0.6      56 ..      69   TCGGAACACGCTCTC               TCGG ATGAGC CCGC                GGCCGGGGCCCGACG
-1.7      55 ..      70   ATCGGAACACGCTCT              CTCGG ATGAGC CCGCG               GCCGGGGCCCGACGG
-0.4      54 ..      71   GATCGGAACACGCTC             TCTCGG ATGAGC CCGCGG              CCGGGGCCCGACGGT
 3.1      53 ..      72   TGATCGGAACACGCT            CTCTCGG ATGAGC CCGCGGC             CGGGGCCCGACGGTC
-2.4      63 ..      73   ACGCTCTCTCGGATG                 AGCC CGC GGCC                 GGGGCCCGACGGTCC
-0.9      61 ..      74   ACACGCTCTCTCGGA               TGAGCC CGC GGC-CG               GGGCCCGACGGTCCG
-2.4      65 ..      75   GCTCTCTCGGATGAG                 CCCG CGG CCGG                 GGCCCGACGGTCCGC
-7.2      65 ..      76   GCTCTCTCGGATGAG                CCCG CGGC CGGG                 GCCCGACGGTCCGCG
-3.7      64 ..      77   CGCTCTCTCGGATGA               GCCCG CGGC CGGGG                CCCGACGGTCCGCGC
-4.2      64 ..      78   CGCTCTCTCGGATGA               GCCC GCGGCCG GGGC               CCGACGGTCCGCGCG
-2.5      62 ..      79   CACGCTCTCTCGGAT             GAGCCCG CGGC CGGGGCC              CGACGGTCCGCGCGx
  -3      62 ..      80   CACGCTCTCTCGGAT             GAGCCC GCGGCCG GGGCCC             GACGGTCCGCGCGxx
-4.7      69 ..      81   TCTCGGATGAGCCCG                CGGCC GGG GCCCG                ACGGTCCGCGCGxxx
-2.4      72 ..      82   CGGATGAGCCCGCGG                 CCGG GGC CCGA                 CGGTCCGCGCGxxxx
-4.7      71 ..      83   TCGGATGAGCCCGCG                GCCGG GGC CCGAC                GGTCCGCGCGxxxxx
-3.3      67 ..      84   TCTCTCGGATGAGCC             CG-CGGCC GGG GCCCGACG             GTCCGCGCGxxxxxx
-5.6      66 ..      85   CTCTCTCGGATGAGC            CCG-CGGCC GGG GCCCGACGG            TCCGCGCGxxxxxxx
-2.2      68 ..      86   CTCTCGGATGAGCCC             GCGGCCGG GGC CCGACGGT             CCGCGCGxxxxxxxx
-4.4      64 ..      87   CGCTCTCTCGGATGA          GCCCG-CGGCC GGG GCCCGACGGTC          CGCGCGxxxxxxxxx
-5.9      75 ..      88   ATGAGCCCGCGGCCG               GGGCC CGAC GGTCC                GCGCGxxxxxxxxxx
-2.4      74 ..      89   GATGAGCCCGCGGCC              GGGGCC CGAC GGTCCG               CGCGxxxxxxxxxxx
-4.1      68 ..      90   CTCTCGGATGAGCCC          GCGG-CCG GGGCCCGA CGGTCCGC           GCGxxxxxxxxxxxx
-6.4      67 ..      91   TCTCTCGGATGAGCC         CGCGG-CCG GGGCCCGA CGGTCCGCG          CGxxxxxxxxxxxxx
-3.5      71 ..      92   TCGGATGAGCCCGCG           GCCGGGGCC CGAC GGTCCGCGC            Gxxxxxxxxxxxxxx
