>JAEKDP010000001.1:c14207-14114 Rhodobacteraceae bacterium F11138 scaffold_1, whole genome shotgun sequence FORWARD
None       1 ..      11   xxxxxxxxxxxxxxx                  GGGTCGGGAGG                  CTGCCATTCGGGACG
 4.7       2 ..      12   xxxxxxxxxxxxxxG                GGTC GGGA GGC-                 TGCCATTCGGGACGG
4.768e-08       2 ..      13   xxxxxxxxxxxxxxG                GGTC GGGA GGCT                 GCCATTCGGGACGGC
 3.5       1 ..      14   xxxxxxxxxxxxxxx               GGGTC GGGA GGCTG                CCATTCGGGACGGCG
 2.2       4 ..      15   xxxxxxxxxxxxGGG                TCGG GAGG CTGC                 CATTCGGGACGGCGG
  -1       6 ..      16   xxxxxxxxxxGGGTC                 GGGA GGC TGCC                 ATTCGGGACGGCGGC
 2.5       5 ..      17   xxxxxxxxxxxGGGT                CGGGA GGC TGCCA                TTCGGGACGGCGGCC
 1.2       8 ..      18   xxxxxxxxGGGTCGG                 GAGG CTG CCAT                 TCGGGACGGCGGCCA
 2.5       7 ..      19   xxxxxxxxxGGGTCG                GGAGG CTG CCATT                CGGGACGGCGGCCAT
 0.2       6 ..      20   xxxxxxxxxxGGGTC               GGGAGG CTG CCATTC               GGGACGGCGGCCATG
-2.1       5 ..      21   xxxxxxxxxxxGGGT              CGGGAGG CTG CCATTCG              GGACGGCGGCCATGA
-0.8       4 ..      22   xxxxxxxxxxxxGGG             TCGGGAGG CTG CCATTCGG             GACGGCGGCCATGAA
 2.7       3 ..      23   xxxxxxxxxxxxxGG            GTCGGGAGG CTG CCATTCGGG            ACGGCGGCCATGAAT
9.537e-08      13 ..      24   xxxGGGTCGGGAGGC                TGCC ATTC GGGA                 CGGCGGCCATGAATT
 2.1      14 ..      25   xxGGGTCGGGAGGCT                G-CC ATTCG GGAC                GGCGGCCATGAATTG
 2.6      16 ..      26   GGGTCGGGAGGCTGC                 CATT CGG GACG                 GCGGCCATGAATTGA
 0.3      15 ..      27   xGGGTCGGGAGGCTG                CCATT CGG GACGG                CGGCCATGAATTGAT
  -2      14 ..      28   xxGGGTCGGGAGGCT               GCCATT CGG GACGGC               GGCCATGAATTGATC
-0.7      13 ..      29   xxxGGGTCGGGAGGC              TGCCATT CGG GACGGCG              GCCATGAATTGATCC
  -3      12 ..      30   xxxxGGGTCGGGAGG             CTGCCATT CGG GACGGCGG             CCATGAATTGATCCG
-5.3      11 ..      31   xxxxxGGGTCGGGAG            GCTGCCATT CGG GACGGCGGC            CATGAATTGATCCGA
-7.6      10 ..      32   xxxxxxGGGTCGGGA           GGCTGCCATT CGG GACGGCGGCC           ATGAATTGATCCGAA
-4.1       9 ..      33   xxxxxxxGGGTCGGG          AGGCTGCCATT CGG GACGGCGGCCA          TGAATTGATCCGAAC
-2.8       8 ..      34   xxxxxxxxGGGTCGG         GAGGCTGCCATT CGG GACGGCGGCCAT         GAATTGATCCGAACG
 0.7       7 ..      35   xxxxxxxxxGGGTCG        GGAGGCTGCCATT CGG GACGGCGGCCATG        AATTGATCCGAACGC
 1.7      19 ..      36   TCGGGAGGCTGCCAT             TCG-GGAC GGC GGCCATGA             ATTGATCCGAACGCG
 0.8      18 ..      37   GTCGGGAGGCTGCCA            TTCG-GGAC GGC GGCCATGAA            TTGATCCGAACGCGC
-0.1      17 ..      38   GGTCGGGAGGCTGCC           ATTCG-GGAC GGC GGCCATGAAT           TGATCCGAACGCGCT
 3.4      16 ..      39   GGGTCGGGAGGCTGC          CATTCG-GGAC GGC GGCCATGAATT          GATCCGAACGCGCTG
 1.1      15 ..      40   xGGGTCGGGAGGCTG         CCATTCG-GGAC GGC GGCCATGAATTG         ATCCGAACGCGCTGT
 3.3      31 ..      41   CATTCGGGACGGCGG                 CCA TGAAT TGA                 TCCGAACGCGCTGTC
 4.6      30 ..      42   CCATTCGGGACGGCG                GCCA TGAAT TGAT                CCGAACGCGCTGTCT
 2.3      29 ..      43   GCCATTCGGGACGGC               GGCCA TGAAT TGATC               CGAACGCGCTGTCTC
 3.3      34 ..      44   TCGGGACGGCGGCCA                 TGA ATTGA TCC                 GAACGCGCTGTCTCG
 2.4      28 ..      45   TGCCATTCGGGACGG             CGGC-CA TGAAT TGATCCG             AACGCGCTGTCTCGT
 5.3      19 ..      46   TCGGGAGGCTGCCAT        TCGGGACGG CGGCCATGAA TTGATCCGA         ACGCGCTGTCTCGTA
 2.6      37 ..      47   GGACGGCGGCCATGA                 ATTG ATC CGAA                 CGCGCTGTCTCGTAT
 5.7      37 ..      48   GGACGGCGGCCATGA                ATT GATCCG AAC                 GCGCTGTCTCGTATG
 2.6      39 ..      49   ACGGCGGCCATGAAT                 TGAT CCG AACG                 CGCTGTCTCGTATGG
 4.7      40 ..      50   CGGCGGCCATGAATT                 G ATCCGAACG C                 GCTGTCTCGTATGGG
   6      39 ..      51   ACGGCGGCCATGAAT                TG ATCCGAACG CG                CTGTCTCGTATGGGC
 5.4      40 ..      52   CGGCGGCCATGAATT                GATC CGAAC GCGC                TGTCTCGTATGGGCA
 4.4      42 ..      53   GCGGCCATGAATTGA                TCCG AACG CGCT                 GTCTCGTATGGGCAA
 2.9      43 ..      54   CGGCCATGAATTGAT                CCG AACGCG CTG                 TCTCGTATGGGCAAG
 6.4      42 ..      55   GCGGCCATGAATTGA               TCCG AACGCG CTGT                CTCGTATGGGCAAGG
 2.6      46 ..      56   CCATGAATTGATCCG                 AACG CGC TGTC                 TCGTATGGGCAAGGT
 2.6      47 ..      57   CATGAATTGATCCGA                 ACGC GCT GTCT                 CGTATGGGCAAGGTG
 1.9      45 ..      58   GCCATGAATTGATCC               GA-ACG CGC TGTCTC               GTATGGGCAAGGTGC
-1.4      48 ..      59   ATGAATTGATCCGAA                CGCG CTGT CTCG                 TATGGGCAAGGTGCC
-2.3      47 ..      60   CATGAATTGATCCGA               ACGCG CTGT CTCGT                ATGGGCAAGGTGCCG
 1.2      46 ..      61   CCATGAATTGATCCG              AACGCG CTGT CTCGTA               TGGGCAAGGTGCCGG
 1.3      41 ..      62   GGCGGCCATGAATTG           ATCCGA-ACG CGC TGTCTCGTAT           GGGCAAGGTGCCGGG
 0.2      44 ..      63   GGCCATGAATTGATC            CGAACGCG CTGT CTCGTATG             GGCAAGGTGCCGGGG
-2.1      43 ..      64   CGGCCATGAATTGAT           CCGAACGCG CTGT CTCGTATGG            GCAAGGTGCCGGGGC
-0.8      42 ..      65   GCGGCCATGAATTGA          TCCGAACGCG CTGT CTCGTATGGG           CAAGGTGCCGGGGCC
   1      54 ..      66   TGATCCGAACGCGCT                GTCT CGTAT GGGC                AAGGTGCCGGGGCCC
 0.1      53 ..      67   TTGATCCGAACGCGC               TGTCT CGTAT GGGCA               AGGTGCCGGGGCCCG
 1.1      38 ..      68   GACGGCGGCCATGAA      TTGATCCGAACGCG CTGT CTCGTATGGG-CAA       GGTGCCGGGGCCCGG
 1.3      56 ..      69   ATCCGAACGCGCTGT               CTCGT ATGG GCAAG                GTGCCGGGGCCCGGC
 2.6      55 ..      70   GATCCGAACGCGCTG              TCTCGT ATGG GCAAGG               TGCCGGGGCCCGGCG
 3.9      54 ..      71   TGATCCGAACGCGCT             GTCTCGT ATGG GCAAGGT              GCCGGGGCCCGGCGG
 3.8      48 ..      72   ATGAATTGATCCGAA          CGCGCTGTCT CGTAT GGGCAAGGTG          CCGGGGCCCGGCGGC
 1.2      63 ..      73   CGCGCTGTCTCGTAT                 GGGC AAG GTGC                 CGGGGCCCGGCGGCA
-6.8      64 ..      74   GCGCTGTCTCGTATG                 GGCA AGG TGCC                 GGGGCCCGGCGGCAT
-3.3      63 ..      75   CGCGCTGTCTCGTAT                GGGCA AGG TGCCG                GGGCCCGGCGGCATC
  -2      62 ..      76   ACGCGCTGTCTCGTA               TGGGCA AGG TGCCGG               GGCCCGGCGGCATCC
 1.5      61 ..      77   AACGCGCTGTCTCGT              ATGGGCA AGG TGCCGGG              GCCCGGCGGCATCCT
 2.8      60 ..      78   GAACGCGCTGTCTCG             TATGGGCA AGG TGCCGGGG             CCCGGCGGCATCCTT
 0.5      59 ..      79   CGAACGCGCTGTCTC            GTATGGGCA AGG TGCCGGGGC            CCGGCGGCATCCTTG
 0.7      69 ..      80   GTCTCGTATGGGCAA                GGT GCCGGG GCC                 CGGCGGCATCCTTGx
-1.4      70 ..      81   TCTCGTATGGGCAAG                GTGC CGGG GCCC                 GGCGGCATCCTTGxx
 1.1      62 ..      82   ACGCGCTGTCTCGTA            TGGGC AAGGTGCCGGG GCCCG            GCGGCATCCTTGxxx
-8.2      73 ..      83   CGTATGGGCAAGGTG                 CCGG GGC CCGG                 CGGCATCCTTGxxxx
-10.5      72 ..      84   TCGTATGGGCAAGGT                GCCGG GGC CCGGC                GGCATCCTTGxxxxx
-9.2      71 ..      85   CTCGTATGGGCAAGG               TGCCGG GGC CCGGCG               GCATCCTTGxxxxxx
-5.7      70 ..      86   TCTCGTATGGGCAAG              GTGCCGG GGC CCGGCGG              CATCCTTGxxxxxxx
  -8      69 ..      87   GTCTCGTATGGGCAA             GGTGCCGG GGC CCGGCGGC             ATCCTTGxxxxxxxx
-4.5      68 ..      88   TGTCTCGTATGGGCA            AGGTGCCGG GGC CCGGCGGCA            TCCTTGxxxxxxxxx
-5.4      67 ..      89   CTGTCTCGTATGGGC           AAGGTGCCGG GGC CCGGCGGCAT           CCTTGxxxxxxxxxx
-5.1      69 ..      90   GTCTCGTATGGGCAA           GGTGCCG GGGCCCGG CGGCATC            CTTGxxxxxxxxxxx
-4.2      65 ..      91   CGCTGTCTCGTATGG         GCAAGGTGCCGG GGC CCGGCGGCATCC         TTGxxxxxxxxxxxx
-3.6      68 ..      92   TGTCTCGTATGGGCA         AGG-TGCCG GGGCCCGG CGGCATCCT          TGxxxxxxxxxxxxx
-4.5      67 ..      93   CTGTCTCGTATGGGC        AAGG-TGCCG GGGCCCGG CGGCATCCTT         Gxxxxxxxxxxxxxx
