>RAPE01000002.1:165275-165367 Roseovarius spongiae strain HN-E21 contig2, whole genome shotgun sequence FORWARD
 4.7       1 ..      11   xxxxxxxxxxxxxxx                 C GATCGGGAG G                 CCCGTGGTGGGACAC
 4.7       2 ..      12   xxxxxxxxxxxxxxC                GATC GGGA GG-C                 CCGTGGTGGGACACG
 2.2       2 ..      13   xxxxxxxxxxxxxxC                GATC GGGA GGCC                 CGTGGTGGGACACGG
 5.4       2 ..      14   xxxxxxxxxxxxxxC                GATC GGGAG GCCC                GTGGTGGGACACGGG
-8.2       5 ..      15   xxxxxxxxxxxCGAT                 CGGG AGG CCCG                 TGGTGGGACACGGGC
-4.7       4 ..      16   xxxxxxxxxxxxCGA                TCGGG AGG CCCGT                GGTGGGACACGGGCC
-1.2       3 ..      17   xxxxxxxxxxxxxCG               ATCGGG AGG CCCGTG               GTGGGACACGGGCCA
-1.9       1 ..      18   xxxxxxxxxxxxxxx             CGATCGGG AGG CCCG-TGG             TGGGACACGGGCCAT
 2.8       3 ..      19   xxxxxxxxxxxxxCG             ATCG-GG AGGC CCGTGGT              GGGACACGGGCCATG
 1.2      10 ..      20   xxxxxxCGATCGGGA                 GGCC CGT GGTG                 GGACACGGGCCATGA
 3.4      11 ..      21   xxxxxCGATCGGGAG                 GCCC GTG GTGG                 GACACGGGCCATGAA
-4.6      12 ..      22   xxxxCGATCGGGAGG                 CCCG TGG TGGG                 ACACGGGCCATGAAT
-1.1      11 ..      23   xxxxxCGATCGGGAG                GCCCG TGG TGGGA                CACGGGCCATGAATG
-3.4      10 ..      24   xxxxxxCGATCGGGA               GGCCCG TGG TGGGAC               ACGGGCCATGAATGG
 0.1       9 ..      25   xxxxxxxCGATCGGG              AGGCCCG TGG TGGGACA              CGGGCCATGAATGGA
-2.2       8 ..      26   xxxxxxxxCGATCGG             GAGGCCCG TGG TGGGACAC             GGGCCATGAATGGAT
-3.8      14 ..      27   xxCGATCGGGAGGCC               CGTG GTGGGA CACG                GGCCATGAATGGATC
-6.1      13 ..      28   xxxCGATCGGGAGGC              CCGTG GTGGGA CACGG               GCCATGAATGGATCG
-8.4      12 ..      29   xxxxCGATCGGGAGG             CCCGTG GTGGGA CACGGG              CCATGAATGGATCGG
-10.7      11 ..      30   xxxxxCGATCGGGAG            GCCCGTG GTGGGA CACGGGC             CATGAATGGATCGGA
 -13      10 ..      31   xxxxxxCGATCGGGA           GGCCCGTG GTGGGA CACGGGCC            ATGAATGGATCGGAA
-9.5       9 ..      32   xxxxxxxCGATCGGG          AGGCCCGTG GTGGGA CACGGGCCA           TGAATGGATCGGAAC
-8.2       8 ..      33   xxxxxxxxCGATCGG         GAGGCCCGTG GTGGGA CACGGGCCAT          GAATGGATCGGAACA
-4.7       7 ..      34   xxxxxxxxxCGATCG        GGAGGCCCGTG GTGGGA CACGGGCCATG         AATGGATCGGAACAC
-1.2       6 ..      35   xxxxxxxxxxCGATC       GGGAGGCCCGTG GTGGGA CACGGGCCATGA        ATGGATCGGAACACG
 2.3       5 ..      36   xxxxxxxxxxxCGAT      CGGGAGGCCCGTG GTGGGA CACGGGCCATGAA       TGGATCGGAACACGC
   3       3 ..      37   xxxxxxxxxxxxxCG    ATCGGGAGGCCCGTG GTGGGA CACGGGCCATGA-AT     GGATCGGAACACGCC
 3.1       1 ..      38   xxxxxxxxxxxxxxx  CGATCGGGAGGCCCGTG GTGGGA CACGGGCCA-T-GAATG   GATCGGAACACGCCG
 2.5      29 ..      39   CGTGGTGGGACACGG                GCCA TGAA TGG-                 ATCGGAACACGCCGT
   0      29 ..      40   CGTGGTGGGACACGG                GCCA TGAA TGGA                 TCGGAACACGCCGTC
 1.3      28 ..      41   CCGTGGTGGGACACG               GGCCA TGAA TGGAT                CGGAACACGCCGTCT
  -1      27 ..      42   CCCGTGGTGGGACAC              GGGCCA TGAA TGGATC               GGAACACGCCGTCTC
-3.3      26 ..      43   GCCCGTGGTGGGACA             CGGGCCA TGAA TGGATCG              GAACACGCCGTCTCA
 0.2      25 ..      44   GGCCCGTGGTGGGAC            ACGGGCCA TGAA TGGATCGG             AACACGCCGTCTCAA
 3.7      24 ..      45   AGGCCCGTGGTGGGA           CACGGGCCA TGAA TGGATCGGA            ACACGCCGTCTCAAA
 7.2      23 ..      46   GAGGCCCGTGGTGGG          ACACGGGCCA TGAA TGGATCGGAA           CACGCCGTCTCAAAT
 4.9      22 ..      47   GGAGGCCCGTGGTGG         GACACGGGCCA TGAA TGGATCGGAAC          ACGCCGTCTCAAATG
 2.8      37 ..      48   GACACGGGCCATGAA                TG GATCGGAA CA                 CGCCGTCTCAAATGG
 4.7      39 ..      49   CACGGGCCATGAATG                 G ATCGGAACA C                 GCCGTCTCAAATGGC
 6.3      37 ..      50   GACACGGGCCATGAA               TG-GAT CGG AACACG               CCGTCTCAAATGGCC
 1.9      41 ..      51   CGGGCCATGAATGGA                 TCG GAACA CGC                 CGTCTCAAATGGCCG
 2.8      17 ..      52   GATCGGGAGGCCCGT    GGTGGGACACGGGCCA TGAA TGGATCGGAACACGCC     GTCTCAAATGGCCGC
-2.9      42 ..      53   GGGCCATGAATGGAT                CGG AACACG CCG                 TCTCAAATGGCCGCG
 0.6      41 ..      54   CGGGCCATGAATGGA               TCGG AACACG CCGT                CTCAAATGGCCGCGC
-0.1      39 ..      55   CACGGGCCATGAATG             GATCGG AACACG CCG-TC              TCAAATGGCCGCGCG
 0.4      46 ..      56   CATGAATGGATCGGA                 ACAC GCC GTCT                 CAAATGGCCGCGCGG
 2.3      43 ..      57   GGCCATGAATGGATC               GGAAC ACGCC GTCTC               AAATGGCCGCGCGGC
 2.2      37 ..      58   GACACGGGCCATGAA           TGGATCGG AACACG CCGTCTCA            AATGGCCGCGCGGCT
 4.9      41 ..      59   CGGGCCATGAATGGA             TCGGAAC ACGCC GTCTCAA             ATGGCCGCGCGGCTG
 8.4      40 ..      60   ACGGGCCATGAATGG            ATCGGAAC ACGCC GTCTCAAA            TGGCCGCGCGGCTGG
 7.8      40 ..      61   ACGGGCCATGAATGG           ATCGGA-AC ACGCC GTCTCAAAT           GGCCGCGCGGCTGGG
 1.1      52 ..      62   TGGATCGGAACACGC                 CGT CTCAA ATG                 GCCGCGCGGCTGGGG
-1.2      51 ..      63   ATGGATCGGAACACG                CCGT CTCAA ATGG                CCGCGCGGCTGGGGC
-3.5      50 ..      64   AATGGATCGGAACAC               GCCGT CTCAA ATGGC               CGCGCGGCTGGGGCC
   0      49 ..      65   GAATGGATCGGAACA              CGCCGT CTCAA ATGGCC              GCGCGGCTGGGGCCC
 0.2      49 ..      66   GAATGGATCGGAACA             C-GCCGT CTCAA ATGGCCG             CGCGGCTGGGGCCCG
-0.4      50 ..      67   AATGGATCGGAACAC             GCCGTC TCAAAT GGCCGC              GCGGCTGGGGCCCGA
-2.7      49 ..      68   GAATGGATCGGAACA            CGCCGTC TCAAAT GGCCGCG             CGGCTGGGGCCCGAC
 0.8      48 ..      69   TGAATGGATCGGAAC           ACGCCGTC TCAAAT GGCCGCGC            GGCTGGGGCCCGACA
-1.5      47 ..      70   ATGAATGGATCGGAA          CACGCCGTC TCAAAT GGCCGCGCG           GCTGGGGCCCGACAG
 1.2      61 ..      71   ACACGCCGTCTCAAA                 TGGC CGC GCGG                 CTGGGGCCCGACAGC
 1.1      62 ..      72   CACGCCGTCTCAAAT                GGCC GCGC GGC-                 TGGGGCCCGACAGCG
-3.6      62 ..      73   CACGCCGTCTCAAAT                GGCC GCGC GGCT                 GGGGCCCGACAGCGC
-2.4      64 ..      74   CGCCGTCTCAAATGG                 CCGC GCG GCTG                 GGGCCCGACAGCGCG
-2.2      64 ..      75   CGCCGTCTCAAATGG                CC-GC GCG GCTGG                GGCCCGACAGCGCGC
 1.1      64 ..      76   CGCCGTCTCAAATGG                CCGCG CGG CTGGG                GCCCGACAGCGCGCG
-0.1      64 ..      77   CGCCGTCTCAAATGG               CCGCG CGGC TGGGG                CCCGACAGCGCGCGC
-2.4      63 ..      78   ACGCCGTCTCAAATG              GCCGCG CGGC TGGGGC               CCGACAGCGCGCGCG
-4.7      62 ..      79   CACGCCGTCTCAAAT             GGCCGCG CGGC TGGGGCC              CGACAGCGCGCGCGx
-1.4      69 ..      80   TCTCAAATGGCCGCG                CGGC TGGG GCCC                 GACAGCGCGCGCGxx
-3.5      67 ..      81   CGTCTCAAATGGCCG              CGCGGC TGGG GCC-CG               ACAGCGCGCGCGxxx
   0      66 ..      82   CCGTCTCAAATGGCC             GCGCGGC TGGG GCC-CGA              CAGCGCGCGCGxxxx
-1.1      71 ..      83   TCAAATGGCCGCGCG                GCTGG GGC CCGAC                AGCGCGCGCGxxxxx
 2.4      70 ..      84   CTCAAATGGCCGCGC               GGCTGG GGC CCGACA               GCGCGCGCGxxxxxx
 0.1      69 ..      85   TCTCAAATGGCCGCG              CGGCTGG GGC CCGACAG              CGCGCGCGxxxxxxx
-2.2      68 ..      86   GTCTCAAATGGCCGC             GCGGCTGG GGC CCGACAGC             GCGCGCGxxxxxxxx
-4.5      67 ..      87   CGTCTCAAATGGCCG            CGCGGCTGG GGC CCGACAGCG            CGCGCGxxxxxxxxx
-6.8      66 ..      88   CCGTCTCAAATGGCC           GCGCGGCTGG GGC CCGACAGCGC           GCGCGxxxxxxxxxx
-9.1      65 ..      89   GCCGTCTCAAATGGC          CGCGCGGCTGG GGC CCGACAGCGCG          CGCGxxxxxxxxxxx
-5.6      64 ..      90   CGCCGTCTCAAATGG         CCGCGCGGCTGG GGC CCGACAGCGCGC         GCGxxxxxxxxxxxx
-7.3      65 ..      91   GCCGTCTCAAATGGC        CGCGCGGCTG GGGCCCGA CAGC-GCGCG         CGxxxxxxxxxxxxx
-7.7      63 ..      92   ACGCCGTCTCAAATG       GC-CGCGCGGCTGG GGC CCGACAGCGCGCGC       Gxxxxxxxxxxxxxx
