>PZKG01000083.1:c13272-13179 Cereibacter changlensis JA139 contig00083, whole genome shotgun sequence FORWARD
 2.6       1 ..      11   xxxxxxxxxxxxxxx                 GGTT CGG GAGC                 CATCCGGTGGGACGG
-2.2       1 ..      12   xxxxxxxxxxxxxxx                GGTT CGGG AGCC                 ATCCGGTGGGACGGA
 3.8       1 ..      13   xxxxxxxxxxxxxxx               -GGTT CGGG AGCCA                TCCGGTGGGACGGAT
 3.4       4 ..      14   xxxxxxxxxxxxGGT                 TCGG GAG CCAT                 CCGGTGGGACGGATG
 2.7       2 ..      15   xxxxxxxxxxxxxxG               GTTCGG GAG CC-ATC               CGGTGGGACGGATGG
-0.3       6 ..      16   xxxxxxxxxxGGTTC                 GGG AGCCA TCC                 GGTGGGACGGATGGC
-2.6       5 ..      17   xxxxxxxxxxxGGTT                CGGG AGCCA TCCG                GTGGGACGGATGGCA
-2.3       5 ..      18   xxxxxxxxxxxGGTT               CGGGA GCCA TCCGG                TGGGACGGATGGCAT
 1.2       4 ..      19   xxxxxxxxxxxxGGT              TCGGGA GCCA TCCGGT               GGGACGGATGGCATG
 2.2       9 ..      20   xxxxxxxGGTTCGGG                AGCC ATCC GGTG                 GGACGGATGGCATGA
-3.2      11 ..      21   xxxxxGGTTCGGGAG                 CCAT CCG GTGG                 GACGGATGGCATGAA
 0.3      10 ..      22   xxxxxxGGTTCGGGA                GCCAT CCG GTGGG                ACGGATGGCATGAAT
 1.2      13 ..      23   xxxGGTTCGGGAGCC                 ATCC GGT GGGA                 CGGATGGCATGAATG
   0      13 ..      24   xxxGGTTCGGGAGCC                ATCC GGTG GGAC                 GGATGGCATGAATGG
-2.3      12 ..      25   xxxxGGTTCGGGAGC               CATCC GGTG GGACG                GATGGCATGAATGGA
-4.6      11 ..      26   xxxxxGGTTCGGGAG              CCATCC GGTG GGACGG               ATGGCATGAATGGAA
-3.8      14 ..      27   xxGGTTCGGGAGCCA               TCCG GTGGGA CGGA                TGGCATGAATGGAAC
-4.7      13 ..      28   xxxGGTTCGGGAGCC              ATCCG GTGGGA CGGAT               GGCATGAATGGAACC
  -7      12 ..      29   xxxxGGTTCGGGAGC             CATCCG GTGGGA CGGATG              GCATGAATGGAACCT
-9.3      11 ..      30   xxxxxGGTTCGGGAG            CCATCCG GTGGGA CGGATGG             CATGAATGGAACCTT
-11.6      10 ..      31   xxxxxxGGTTCGGGA           GCCATCCG GTGGGA CGGATGGC            ATGAATGGAACCTTA
-8.1       9 ..      32   xxxxxxxGGTTCGGG          AGCCATCCG GTGGGA CGGATGGCA           TGAATGGAACCTTAC
-6.8       8 ..      33   xxxxxxxxGGTTCGG         GAGCCATCCG GTGGGA CGGATGGCAT          GAATGGAACCTTACC
-3.3       7 ..      34   xxxxxxxxxGGTTCG        GGAGCCATCCG GTGGGA CGGATGGCATG         AATGGAACCTTACCC
 0.2       6 ..      35   xxxxxxxxxxGGTTC       GGGAGCCATCCG GTGGGA CGGATGGCATGA        ATGGAACCTTACCCC
 1.1       3 ..      36   xxxxxxxxxxxxxGG    TTCGGGAGCCATCCG GTGGGA CGGATGGCA-T-GAA     TGGAACCTTACCCCC
 2.4       2 ..      37   xxxxxxxxxxxxxxG   GTTCGGGAGCCATCCG GTGGGA CGGATGGCA-T-GAAT    GGAACCTTACCCCCT
 5.5       5 ..      38   xxxxxxxxxxxGGTT    CG-GGA-GCCATCCG GTGGGA CGGATGGCATGAATG     GAACCTTACCCCCTG
 6.8       4 ..      39   xxxxxxxxxxxxGGT   TCG-GGA-GCCATCCG GTGGGA CGGATGGCATGAATGG    AACCTTACCCCCTGC
 5.8      29 ..      40   TCCGGTGGGACGGAT                GGCA TGAA TGGA                 ACCTTACCCCCTGCT
 4.9      28 ..      41   ATCCGGTGGGACGGA               TGGCA TGAA TGGAA                CCTTACCCCCTGCTT
 6.7      30 ..      42   CCGGTGGGACGGATG                G CATGAATGGAA C                CTTACCCCCTGCTTC
 4.4      29 ..      43   TCCGGTGGGACGGAT               GG CATGAATGGAA CC               TTACCCCCTGCTTCG
 5.3      32 ..      44   GGTGGGACGGATGGC                ATG AATGGAA CCT                TACCCCCTGCTTCGC
 0.4      35 ..      45   GGGACGGATGGCATG                 AATG GAA CCTT                 ACCCCCTGCTTCGCA
 3.9      34 ..      46   TGGGACGGATGGCAT                GAATG GAA CCTTA                CCCCCTGCTTCGCAA
 3.5      34 ..      47   TGGGACGGATGGCAT               GAATG GAAC CTTAC                CCCCTGCTTCGCAAG
  -1      38 ..      48   ACGGATGGCATGAAT                 GGAA CCT TACC                 CCCTGCTTCGCAAGC
 1.4      38 ..      49   ACGGATGGCATGAAT                GG AACCTTAC CC                 CCTGCTTCGCAAGCG
 2.4      38 ..      50   ACGGATGGCATGAAT                GG AACCTTACC CC                CTGCTTCGCAAGCGG
 3.4      38 ..      51   ACGGATGGCATGAAT               GG AACCTTACCC CC                TGCTTCGCAAGCGGC
   5      36 ..      52   GGACGGATGGCATGA              ATGG AACCTTACC CCCT              GCTTCGCAAGCGGCG
 4.7      43 ..      53   TGGCATGAATGGAAC                 C TTACCCCCT G                 CTTCGCAAGCGGCGC
 6.2      34 ..      54   TGGGACGGATGGCAT            GAATGG AACCTTACC CCCTGC            TTCGCAAGCGGCGCA
 7.3      41 ..      55   GATGGCATGAATGGA               ACC TTACCCCCT GCT               TCGCAAGCGGCGCAT
 4.8      46 ..      56   CATGAATGGAACCTT                 ACCC CCT GCTT                 CGCAAGCGGCGCATG
 4.1      39 ..      57   CGGATGGCATGAATG             GAACC TTACCCCCT GCTTC             GCAAGCGGCGCATGC
 4.7      48 ..      58   TGAATGGAACCTTAC                 C CCCTGCTTC G                 CAAGCGGCGCATGCC
 6.2      49 ..      59   GAATGGAACCTTACC                 CC CTGCTTC GC                 AAGCGGCGCATGCCC
 6.9      37 ..      60   GACGGATGGCATGAA          TG-GAACC TTACCCCCT GCTTCGCA          AGCGGCGCATGCCCG
  -1      51 ..      61   ATGGAACCTTACCCC                 CTGC TTC GCAA                 GCGGCGCATGCCCGT
-3.3      50 ..      62   AATGGAACCTTACCC                CCTGC TTC GCAAG                CGGCGCATGCCCGTG
-5.4      53 ..      63   GGAACCTTACCCCCT                 GCTT CGC AAGC                 GGCGCATGCCCGTGG
-4.1      52 ..      64   TGGAACCTTACCCCC                TGCTT CGC AAGCG                GCGCATGCCCGTGGC
-6.4      51 ..      65   ATGGAACCTTACCCC               CTGCTT CGC AAGCGG               CGCATGCCCGTGGCC
-2.9      50 ..      66   AATGGAACCTTACCC              CCTGCTT CGC AAGCGGC              GCATGCCCGTGGCCC
-5.2      49 ..      67   GAATGGAACCTTACC             CCCTGCTT CGC AAGCGGCG             CATGCCCGTGGCCCG
-2.4      53 ..      68   GGAACCTTACCCCCT              GCTTCG CAAG CGGCGC               ATGCCCGTGGCCCGA
-3.3      52 ..      69   TGGAACCTTACCCCC             TGCTTCG CAAG CGGCGCA              TGCCCGTGGCCCGAC
  -1      60 ..      70   TACCCCCTGCTTCGC                 AAGC GGC GCAT                 GCCCGTGGCCCGACG
-3.3      59 ..      71   TTACCCCCTGCTTCG                CAAGC GGC GCATG                CCCGTGGCCCGACGG
-5.6      58 ..      72   CTTACCCCCTGCTTC               GCAAGC GGC GCATGC               CCGTGGCCCGACGGT
-2.1      57 ..      73   CCTTACCCCCTGCTT              CGCAAGC GGC GCATGCC              CGTGGCCCGACGGTC
-1.4      63 ..      74   CCCCTGCTTCGCAAG                CGGC GCAT GCCC                 GTGGCCCGACGGTCC
-1.9      63 ..      75   CCCCTGCTTCGCAAG                CGG CGCATGC CCG                TGGCCCGACGGTCCG
-0.6      62 ..      76   CCCCCTGCTTCGCAA               GCGG CGCATGC CCGT               GGCCCGACGGTCCGT
-0.9      59 ..      77   TTACCCCCTGCTTCG            CAAGCGGC GCAT GCC-CGTG             GCCCGACGGTCCGTG
 1.9      63 ..      78   CCCCTGCTTCGCAAG              CGGCG CATGCC CGTGG               CCCGACGGTCCGTGC
-0.4      62 ..      79   CCCCCTGCTTCGCAA             GCGGCG CATGCC CGTGGC              CCGACGGTCCGTGCG
-2.4      70 ..      80   TTCGCAAGCGGCGCA                 TGCC CGT GGCC                 CGACGGTCCGTGCGx
 1.1      69 ..      81   CTTCGCAAGCGGCGC                ATGCC CGT GGCCC                GACGGTCCGTGCGxx
-1.2      68 ..      82   GCTTCGCAAGCGGCG               CATGCC CGT GGCCCG               ACGGTCCGTGCGxxx
 1.9      73 ..      83   GCAAGCGGCGCATGC                 CCG TGGCC CGA                 CGGTCCGTGCGxxxx
 2.1      71 ..      84   TCGCAAGCGGCGCAT               GCCCG TGGC CCGAC                GGTCCGTGCGxxxxx
-1.5      74 ..      85   CAAGCGGCGCATGCC                CGT GGCCCG ACG                 GTCCGTGCGxxxxxx
-3.8      73 ..      86   GCAAGCGGCGCATGC               CCGT GGCCCG ACGG                TCCGTGCGxxxxxxx
-0.3      72 ..      87   CGCAAGCGGCGCATG              CCCGT GGCCCG ACGGT               CCGTGCGxxxxxxxx
-3.6      77 ..      88   GCGGCGCATGCCCGT                GGCC CGAC GGTC                 CGTGCGxxxxxxxxx
-4.7      77 ..      89   GCGGCGCATGCCCGT                GGCCC GAC GGTCC                GTGCGxxxxxxxxxx
-3.4      76 ..      90   AGCGGCGCATGCCCG               TGGCCC GAC GGTCCG               TGCGxxxxxxxxxxx
-2.1      75 ..      91   AAGCGGCGCATGCCC              GTGGCCC GAC GGTCCGT              GCGxxxxxxxxxxxx
-4.4      74 ..      92   CAAGCGGCGCATGCC             CGTGGCCC GAC GGTCCGTG             CGxxxxxxxxxxxxx
-3.3      71 ..      93   TCGCAAGCGGCGCAT          GCCCGTGGCC CGAC GGTC-CGTGC           Gxxxxxxxxxxxxxx
