>CYSG01000029.1:8902-8995 Phaeobacter sp. CECT 5382 genome assembly Phaeobacter_sp._CECT5382_Spades_Prokka, contig 0029, whole genome shotgun sequence FORWARD
None       1 ..      11   xxxxxxxxxxxxxxx                  GGATCGGGAGG                  CCGCCATTCGGGACG
 4.7       2 ..      12   xxxxxxxxxxxxxxG                GATC GGGA GG-C                 CGCCATTCGGGACGG
 2.2       2 ..      13   xxxxxxxxxxxxxxG                GATC GGGA GGCC                 GCCATTCGGGACGGT
 1.1       4 ..      14   xxxxxxxxxxxxGGA                TCGG GAGG CCG-                 CCATTCGGGACGGTG
-1.4       4 ..      15   xxxxxxxxxxxxGGA                TCGG GAGG CCGC                 CATTCGGGACGGTGG
 0.4       6 ..      16   xxxxxxxxxxGGATC                 GG GAGGCCG CC                 ATTCGGGACGGTGGC
 2.7       4 ..      17   xxxxxxxxxxxxGGA               TCG-GG AGG CCGCCA               TTCGGGACGGTGGCC
 1.2       8 ..      18   xxxxxxxxGGATCGG                 GAGG CCG CCAT                 TCGGGACGGTGGCCA
 2.5       7 ..      19   xxxxxxxxxGGATCG                GGAGG CCG CCATT                CGGGACGGTGGCCAT
 0.2       6 ..      20   xxxxxxxxxxGGATC               GGGAGG CCG CCATTC               GGGACGGTGGCCATG
-2.1       5 ..      21   xxxxxxxxxxxGGAT              CGGGAGG CCG CCATTCG              GGACGGTGGCCATGA
-3.9      12 ..      22   xxxxGGATCGGGAGG                 CCG CCATT CGG                 GACGGTGGCCATGAA
-0.4      11 ..      23   xxxxxGGATCGGGAG                GCCG CCATT CGGG                ACGGTGGCCATGAAT
 1.9      14 ..      24   xxGGATCGGGAGGCC                 GCC ATTCG GGA                 CGGTGGCCATGAATA
 2.1      14 ..      25   xxGGATCGGGAGGCC                G-CC ATTCG GGAC                GGTGGCCATGAATAG
-0.2      13 ..      26   xxxGGATCGGGAGGC               CG-CC ATTCG GGACG               GTGGCCATGAATAGA
-2.5      12 ..      27   xxxxGGATCGGGAGG              CCG-CC ATTCG GGACGG              TGGCCATGAATAGAT
-1.2      11 ..      28   xxxxxGGATCGGGAG             GCCG-CC ATTCG GGACGGT             GGCCATGAATAGATC
-0.7      13 ..      29   xxxGGATCGGGAGGC              CGCCATT CGG GACGGTG              GCCATGAATAGATCC
  -3      12 ..      30   xxxxGGATCGGGAGG             CCGCCATT CGG GACGGTGG             CCATGAATAGATCCA
-5.3      11 ..      31   xxxxxGGATCGGGAG            GCCGCCATT CGG GACGGTGGC            CATGAATAGATCCAA
-7.6      10 ..      32   xxxxxxGGATCGGGA           GGCCGCCATT CGG GACGGTGGCC           ATGAATAGATCCAAC
-4.1       9 ..      33   xxxxxxxGGATCGGG          AGGCCGCCATT CGG GACGGTGGCCA          TGAATAGATCCAACC
-2.8       8 ..      34   xxxxxxxxGGATCGG         GAGGCCGCCATT CGG GACGGTGGCCAT         GAATAGATCCAACCA
 0.7       7 ..      35   xxxxxxxxxGGATCG        GGAGGCCGCCATT CGG GACGGTGGCCATG        AATAGATCCAACCAC
 1.7      19 ..      36   TCGGGAGGCCGCCAT             TCG-GGAC GGT GGCCATGA             ATAGATCCAACCACG
 0.8      18 ..      37   ATCGGGAGGCCGCCA            TTCG-GGAC GGT GGCCATGAA            TAGATCCAACCACGC
-0.1      17 ..      38   GATCGGGAGGCCGCC           ATTCG-GGAC GGT GGCCATGAAT           AGATCCAACCACGCT
 3.4      16 ..      39   GGATCGGGAGGCCGC          CATTCG-GGAC GGT GGCCATGAATA          GATCCAACCACGCTG
 1.1      15 ..      40   xGGATCGGGAGGCCG         CCATTCG-GGAC GGT GGCCATGAATAG         ATCCAACCACGCTGT
 4.6      14 ..      41   xxGGATCGGGAGGCC        GCCATTCG-GGAC GGT GGCCATGAATAGA        TCCAACCACGCTGTC
 7.1      29 ..      42   GCCATTCGGGACGGT               GGCCA TGAA TAGAT                CCAACCACGCTGTCT
 5.2      29 ..      43   GCCATTCGGGACGGT               GGCC ATGAATA GATC               CAACCACGCTGTCTC
 3.3      34 ..      44   TCGGGACGGTGGCCA                 TGA ATAGA TCC                 AACCACGCTGTCTCG
 1.4      34 ..      45   TCGGGACGGTGGCCA                TGAA TAGA TCCA                 ACCACGCTGTCTCGT
 4.9      33 ..      46   TTCGGGACGGTGGCC               ATGAA TAGA TCCAA                CCACGCTGTCTCGTA
 4.8      37 ..      47   GGACGGTGGCCATGA                 ATAG ATC CAAC                 CACGCTGTCTCGTAT
 5.9      26 ..      48   GCCGCCATTCGGGAC          GG-TGG CCATGAATAGAT CCAACC           ACGCTGTCTCGTATG
 4.3      38 ..      49   GACGGTGGCCATGAA                TAG ATCCAA CCA                 CGCTGTCTCGTATGG
 4.7      40 ..      50   CGGTGGCCATGAATA                 G ATCCAACCA C                 GCTGTCTCGTATGGG
   8      32 ..      51   ATTCGGGACGGTGGC            CATG AATAGATCCAAC CACG             CTGTCTCGTATGGGC
 6.2      42 ..      52   GTGGCCATGAATAGA                 TC CAACCAC GC                 TGTCTCGTATGGGCA
 5.3      41 ..      53   GGTGGCCATGAATAG                ATC CAACCAC GCT                GTCTCGTATGGGCAA
  -1      44 ..      54   GGCCATGAATAGATC                 CAAC CAC GCTG                 TCTCGTATGGGCAAG
 2.5      43 ..      55   TGGCCATGAATAGAT                CCAAC CAC GCTGT                CTCGTATGGGCAAGA
 4.3      45 ..      56   GCCATGAATAGATCC                AAC CACGCT GTC                 TCGTATGGGCAAGAT
 3.9      45 ..      57   GCCATGAATAGATCC                AACCA CGC TGTCT                CGTATGGGCAAGATG
 2.8      40 ..      58   CGGTGGCCATGAATA             GATCCAAC CAC GCTGTCTC             GTATGGGCAAGATGC
 4.4      48 ..      59   ATGAATAGATCCAAC                CACG CTGT CTCG                 TATGGGCAAGATGCC
-1.5      49 ..      60   TGAATAGATCCAACC                ACG CTGTCT CGT                 ATGGGCAAGATGCCG
   2      48 ..      61   ATGAATAGATCCAAC               CACG CTGTCT CGTA                TGGGCAAGATGCCGG
 5.5      47 ..      62   CATGAATAGATCCAA              CCACG CTGTCT CGTAT               GGGCAAGATGCCGGG
 3.3      48 ..      63   ATGAATAGATCCAAC              CACGC TGTCTC GTATG               GGCAAGATGCCGGGG
   1      47 ..      64   CATGAATAGATCCAA             CCACGC TGTCTC GTATGG              GCAAGATGCCGGGGC
 3.3      55 ..      65   GATCCAACCACGCTG                 TCT CGTAT GGG                 CAAGATGCCGGGGCC
   1      54 ..      66   AGATCCAACCACGCT                GTCT CGTAT GGGC                AAGATGCCGGGGCCC
 0.1      53 ..      67   TAGATCCAACCACGC               TGTCT CGTAT GGGCA               AGATGCCGGGGCCCG
 3.6      57 ..      68   TCCAACCACGCTGTC                TCGT ATGG GCAA                 GATGCCGGGGCCCGG
 1.3      56 ..      69   ATCCAACCACGCTGT               CTCGT ATGG GCAAG                ATGCCGGGGCCCGGC
 0.4      55 ..      70   GATCCAACCACGCTG              TCTCGT ATGG GCAAGA               TGCCGGGGCCCGGCG
 1.7      54 ..      71   AGATCCAACCACGCT             GTCTCGT ATGG GCAAGAT              GCCGGGGCCCGGCGG
   3      53 ..      72   TAGATCCAACCACGC            TGTCTCGT ATGG GCAAGATG             CCGGGGCCCGGCGGC
 2.2      59 ..      73   CAACCACGCTGTCTC               GTAT GGGCAAG ATGC               CGGGGCCCGGCGGCA
-6.8      64 ..      74   ACGCTGTCTCGTATG                 GGCA AGA TGCC                 GGGGCCCGGCGGCAT
-3.3      63 ..      75   CACGCTGTCTCGTAT                GGGCA AGA TGCCG                GGGCCCGGCGGCATT
  -2      62 ..      76   CCACGCTGTCTCGTA               TGGGCA AGA TGCCGG               GGCCCGGCGGCATTC
 1.5      61 ..      77   ACCACGCTGTCTCGT              ATGGGCA AGA TGCCGGG              GCCCGGCGGCATTCT
 0.8      47 ..      78   CATGAATAGATCCAA      CCACGCTGTCTCGT ATGG GCAAGATGCCGGGG       CCCGGCGGCATTCTT
 0.5      59 ..      79   CAACCACGCTGTCTC            GTATGGGCA AGA TGCCGGGGC            CCGGCGGCATTCTTG
 2.1      64 ..      80   ACGCTGTCTCGTATG              GGC AAGATGCCGGG GCC              CGGCGGCATTCTTGx
-0.2      63 ..      81   CACGCTGTCTCGTAT             GGGC AAGATGCCGGG GCCC             GGCGGCATTCTTGxx
 1.1      62 ..      82   CCACGCTGTCTCGTA            TGGGC AAGATGCCGGG GCCCG            GCGGCATTCTTGxxx
-8.2      73 ..      83   CGTATGGGCAAGATG                 CCGG GGC CCGG                 CGGCATTCTTGxxxx
-10.5      72 ..      84   TCGTATGGGCAAGAT                GCCGG GGC CCGGC                GGCATTCTTGxxxxx
-9.2      71 ..      85   CTCGTATGGGCAAGA               TGCCGG GGC CCGGCG               GCATTCTTGxxxxxx
-5.7      70 ..      86   TCTCGTATGGGCAAG              ATGCCGG GGC CCGGCGG              CATTCTTGxxxxxxx
  -8      69 ..      87   GTCTCGTATGGGCAA             GATGCCGG GGC CCGGCGGC             ATTCTTGxxxxxxxx
-4.5      68 ..      88   TGTCTCGTATGGGCA            AGATGCCGG GGC CCGGCGGCA            TTCTTGxxxxxxxxx
-5.4      67 ..      89   CTGTCTCGTATGGGC           AAGATGCCGG GGC CCGGCGGCAT           TCTTGxxxxxxxxxx
-3.8      67 ..      90   CTGTCTCGTATGGGC          AA-GATGCCGG GGC CCGGCGGCATT          CTTGxxxxxxxxxxx
-4.2      65 ..      91   CGCTGTCTCGTATGG         GCAAGATGCCGG GGC CCGGCGGCATTC         TTGxxxxxxxxxxxx
-2.9      64 ..      92   ACGCTGTCTCGTATG        GGCAAGATGCCGG GGC CCGGCGGCATTCT        TGxxxxxxxxxxxxx
-3.1      67 ..      93   CTGTCTCGTATGGGC        AAG-ATGCCG GGGCCCGG CGGCATTCTT         Gxxxxxxxxxxxxxx
