>CYSA01000019.1:c14666-14573 Thalassobius gelatinovorus genome assembly Tgelatinovorus_CECT4357_Seqman_Prokka, contig 0019, whole genome shotgun sequence FORWARD
 8.3       1 ..      11   xxxxxxxxxxxxxxx                 T GATCGGGAG G                 TTTCTGGTGGGACAG
 6.1       2 ..      12   xxxxxxxxxxxxxxT                GATC GGGA GGT-                 TTCTGGTGGGACAGA
 1.4       2 ..      13   xxxxxxxxxxxxxxT                GATC GGGA GGTT                 TCTGGTGGGACAGAA
 4.6       2 ..      14   xxxxxxxxxxxxxxT                GATC GGGAG GTTT                CTGGTGGGACAGAAA
 4.8       2 ..      15   xxxxxxxxxxxxxxT               GA TCGGGAGGTT TC                TGGTGGGACAGAAAC
 0.4       6 ..      16   xxxxxxxxxxTGATC                 GGGA GGT TTCT                 GGTGGGACAGAAACC
-1.9       5 ..      17   xxxxxxxxxxxTGAT                CGGGA GGT TTCTG                GTGGGACAGAAACCA
-0.6       4 ..      18   xxxxxxxxxxxxTGA               TCGGGA GGT TTCTGG               TGGGACAGAAACCAT
-1.5       3 ..      19   xxxxxxxxxxxxxTG              ATCGGGA GGT TTCTGGT              GGGACAGAAACCATG
   2       2 ..      20   xxxxxxxxxxxxxxT             GATCGGGA GGT TTCTGGTG             GGACAGAAACCATGA
 3.3       1 ..      21   xxxxxxxxxxxxxxx            TGATCGGGA GGT TTCTGGTGG            GACAGAAACCATGAA
 6.9      12 ..      22   xxxxTGATCGGGAGG                 TTT CTGGT GGG                 ACAGAAACCATGAAT
 0.4      13 ..      23   xxxTGATCGGGAGGT                 TTCT GGT GGGA                 CAGAAACCATGAATG
-0.9      11 ..      24   xxxxxTGATCGGGAG               GTTTC TGGT GGGAC                AGAAACCATGAATGG
 2.6      10 ..      25   xxxxxxTGATCGGGA              GGTTTC TGGT GGGACA               GAAACCATGAATGGA
-1.5      15 ..      26   xTGATCGGGAGGTTT                CTG GTGGGA CAG                 AAACCATGAATGGAT
-2.4      14 ..      27   xxTGATCGGGAGGTT               TCTG GTGGGA CAGA                AACCATGAATGGATC
-3.3      13 ..      28   xxxTGATCGGGAGGT              TTCTG GTGGGA CAGAA               ACCATGAATGGATCG
-4.2      12 ..      29   xxxxTGATCGGGAGG             TTTCTG GTGGGA CAGAAA              CCATGAATGGATCGT
-6.5      11 ..      30   xxxxxTGATCGGGAG            GTTTCTG GTGGGA CAGAAAC             CATGAATGGATCGTA
-8.8      10 ..      31   xxxxxxTGATCGGGA           GGTTTCTG GTGGGA CAGAAACC            ATGAATGGATCGTAA
-5.3       9 ..      32   xxxxxxxTGATCGGG          AGGTTTCTG GTGGGA CAGAAACCA           TGAATGGATCGTAAT
  -4       8 ..      33   xxxxxxxxTGATCGG         GAGGTTTCTG GTGGGA CAGAAACCAT          GAATGGATCGTAATC
-0.5       7 ..      34   xxxxxxxxxTGATCG        GGAGGTTTCTG GTGGGA CAGAAACCATG         AATGGATCGTAATCA
   3       6 ..      35   xxxxxxxxxxTGATC       GGGAGGTTTCTG GTGGGA CAGAAACCATGA        ATGGATCGTAATCAA
 2.5      13 ..      36   xxxTGATCGGGAGGT          TTC-TGGT GGGACAGAA ACCATGAA          TGGATCGTAATCAAC
 4.8      27 ..      37   TTTCTGGTGGGACAG                 AAAC CAT GAAT                 GGATCGTAATCAACC
 5.8      24 ..      38   AGGTTTCTGGTGGGA               CA GAAACCATGAA TG               GATCGTAATCAACCT
 2.5      29 ..      39   TCTGGTGGGACAGAA                ACCA TGAA TGG-                 ATCGTAATCAACCTG
   0      29 ..      40   TCTGGTGGGACAGAA                ACCA TGAA TGGA                 TCGTAATCAACCTGT
-0.9      28 ..      41   TTCTGGTGGGACAGA               AACCA TGAA TGGAT                CGTAATCAACCTGTT
 2.6      27 ..      42   TTTCTGGTGGGACAG              AAACCA TGAA TGGATC               GTAATCAACCTGTTT
 1.1      33 ..      43   GTGGGACAGAAACCA                 TGA ATGGA TCG                 TAATCAACCTGTTTC
 0.2      32 ..      44   GGTGGGACAGAAACC                ATGA ATGGA TCGT                AATCAACCTGTTTCA
 2.6      35 ..      45   GGGACAGAAACCATG                 AATG GAT CGTA                 ATCAACCTGTTTCAA
 6.1      34 ..      46   TGGGACAGAAACCAT                GAATG GAT CGTAA                TCAACCTGTTTCAAA
 4.2      36 ..      47   GGACAGAAACCATGA                AT GGATCGTA AT                 CAACCTGTTTCAAAT
 2.6      38 ..      48   ACAGAAACCATGAAT                 GGAT CGT AATC                 AACCTGTTTCAAATG
 1.4      38 ..      49   ACAGAAACCATGAAT                GGAT CGTA ATCA                 ACCTGTTTCAAATGG
 0.5      37 ..      50   GACAGAAACCATGAA               TGGAT CGTA ATCAA                CCTGTTTCAAATGGA
   4      36 ..      51   GGACAGAAACCATGA              ATGGAT CGTA ATCAAC               CTGTTTCAAATGGAC
   3      38 ..      52   ACAGAAACCATGAAT               GGAT CGTAATC AACC               TGTTTCAAATGGACG
 4.8      38 ..      53   ACAGAAACCATGAAT              GGATCG TAAT CAACCT               GTTTCAAATGGACGT
 5.4      44 ..      54   ACCATGAATGGATCG                 TA ATCAACC TG                 TTTCAAATGGACGTG
 5.2      36 ..      55   GGACAGAAACCATGA            ATGGATCG TAAT CAACCTGT             TTCAAATGGACGTGC
 0.4      46 ..      56   CATGAATGGATCGTA                 ATCA ACC TGTT                 TCAAATGGACGTGCT
-0.5      45 ..      57   CCATGAATGGATCGT                AATCA ACC TGTTT                CAAATGGACGTGCTG
   3      44 ..      58   ACCATGAATGGATCG               TAATCA ACC TGTTTC               AAATGGACGTGCTGC
 3.8      47 ..      59   ATGAATGGATCGTAA                TCAA CCTGT TTCA                AATGGACGTGCTGCC
 5.8      41 ..      60   GAAACCATGAATGGA            TCGTAATCA ACC TGTTT-CAA            ATGGACGTGCTGCCG
 4.8      51 ..      61   ATGGATCGTAATCAA                 CCTG TTT CAAA                 TGGACGTGCTGCCGG
 3.9      50 ..      62   AATGGATCGTAATCA                ACCTG TTT CAAAT                GGACGTGCTGCCGGG
 1.8      53 ..      63   GGATCGTAATCAACC                 TGTT TCA AATG                 GACGTGCTGCCGGGG
-0.5      52 ..      64   TGGATCGTAATCAAC                CTGTT TCA AATGG                ACGTGCTGCCGGGGC
   3      51 ..      65   ATGGATCGTAATCAA               CCTGTT TCA AATGGA               CGTGCTGCCGGGGCC
 2.4      54 ..      66   GATCGTAATCAACCT                GTTT CAAAT GGAC                GTGCTGCCGGGGCCC
 3.7      53 ..      67   GGATCGTAATCAACC               TGTTT CAAAT GGACG               TGCTGCCGGGGCCCG
 5.9      54 ..      68   GATCGTAATCAACCT               GTTTC AAATG GACGT               GCTGCCGGGGCCCGA
 2.8      58 ..      69   GTAATCAACCTGTTT                CA AATGGACG TG                 CTGCCGGGGCCCGAC
 6.3      57 ..      70   CGTAATCAACCTGTT               TCA AATGGACG TGC                TGCCGGGGCCCGACG
 6.1      61 ..      71   ATCAACCTGTTTCAA                 A TGGACGTGC T                 GCCGGGGCCCGACGG
 3.3      62 ..      72   TCAACCTGTTTCAAA                 TGG ACGTG CTG                 CCGGGGCCCGACGGC
 3.3      63 ..      73   CAACCTGTTTCAAAT                 GGA CGTGC TGC                 CGGGGCCCGACGGCA
 1.2      64 ..      74   AACCTGTTTCAAATG                 GACG TGC TGCC                 GGGGCCCGACGGCAG
 2.7      62 ..      75   TCAACCTGTTTCAAA               TGGACG TGC TG-CCG               GGGCCCGACGGCAGG
 2.9      65 ..      76   ACCTGTTTCAAATGG                ACG TGCTGC CGG                 GGCCCGACGGCAGGC
 2.2      66 ..      77   CCTGTTTCAAATGGA                CGTG CTGC CGGG                 GCCCGACGGCAGGCG
 4.8      68 ..      78   TGTTTCAAATGGACG                 TGCT GCC GGGG                 CCCGACGGCAGGCGC
-0.3      69 ..      79   GTTTCAAATGGACGT                 GCT GCCGG GGC                 CCGACGGCAGGCGCG
 1.1      63 ..      80   CAACCTGTTTCAAAT             GGACGTG CTGC CGGGGCC              CGACGGCAGGCGCGx
 0.9      67 ..      81   CTGTTTCAAATGGAC               GTGCT GCCGG GGCCC               GACGGCAGGCGCGxx
-1.4      66 ..      82   CCTGTTTCAAATGGA              CGTGCT GCCGG GGCCCG              ACGGCAGGCGCGxxx
-2.4      73 ..      83   CAAATGGACGTGCTG                 CCGG GGC CCGA                 CGGCAGGCGCGxxxx
-4.7      72 ..      84   TCAAATGGACGTGCT                GCCGG GGC CCGAC                GGCAGGCGCGxxxxx
-3.4      71 ..      85   TTCAAATGGACGTGC               TGCCGG GGC CCGACG               GCAGGCGCGxxxxxx
-5.7      70 ..      86   TTTCAAATGGACGTG              CTGCCGG GGC CCGACGG              CAGGCGCGxxxxxxx
  -8      69 ..      87   GTTTCAAATGGACGT             GCTGCCGG GGC CCGACGGC             AGGCGCGxxxxxxxx
-8.9      68 ..      88   TGTTTCAAATGGACG            TGCTGCCGG GGC CCGACGGCA            GGCGCGxxxxxxxxx
-6.4      70 ..      89   TTTCAAATGGACGTG            CTGCCG GGGCCCGA CGGCAG             GCGCGxxxxxxxxxx
-7.7      66 ..      90   CCTGTTTCAAATGGA          CGTGCTGCCGG GGC CCGACGGCAGG          CGCGxxxxxxxxxxx
-4.2      65 ..      91   ACCTGTTTCAAATGG         ACGTGCTGCCGG GGC CCGACGGCAGGC         GCGxxxxxxxxxxxx
-3.7      66 ..      92   CCTGTTTCAAATGGA        CGTGCTGCCG GGGCCCGA CGGCAG-GCG         CGxxxxxxxxxxxxx
-3.7      67 ..      93   CTGTTTCAAATGGAC        GTG-CTGCCG GGGCCCGA CGGCAGGCGC         Gxxxxxxxxxxxxxx
