>AWWI01000112.1:8866-8960 Puniceibacterium antarcticum strain SM1211 contig112, whole genome shotgun sequence FORWARD
None       1 ..      11   xxxxxxxxxxxxxxx                  GGATCGGGAGG                  CGTTCGGTGGGACGG
 4.7       2 ..      12   xxxxxxxxxxxxxxG                GATC GGGA GG-C                 GTTCGGTGGGACGGG
 7.7       3 ..      13   xxxxxxxxxxxxxGG                 ATC GGGAG GCG                 TTCGGTGGGACGGGC
 1.9       4 ..      14   xxxxxxxxxxxxGGA                 TCG GGAGG CGT                 TCGGTGGGACGGGCG
   1       3 ..      15   xxxxxxxxxxxxxGG                ATCG GGAGG CGTT                CGGTGGGACGGGCGC
-1.3       2 ..      16   xxxxxxxxxxxxxxG               GATCG GGAGG CGTTC               GGTGGGACGGGCGCC
   1       5 ..      17   xxxxxxxxxxxGGAT                CGGG AGGCG TTCG                GTGGGACGGGCGCCA
 1.3       5 ..      18   xxxxxxxxxxxGGAT               CGGGA GGCG TTCGG                TGGGACGGGCGCCAT
 1.4       3 ..      19   xxxxxxxxxxxxxGG              ATCGGG AGGCG TTCGGT              GGGACGGGCGCCATG
 4.9       2 ..      20   xxxxxxxxxxxxxxG             GATCGGG AGGCG TTCGGTG             GGACGGGCGCCATGA
 4.8      11 ..      21   xxxxxGGATCGGGAG                 GCGT TCG GTGG                 GACGGGCGCCATGAA
 4.7      12 ..      22   xxxxGGATCGGGAGG                 C GTTCGGTGG G                 ACGGGCGCCATGAAT
 4.8      13 ..      23   xxxGGATCGGGAGGC                 GTTC GGT GGGA                 CGGGCGCCATGAATA
-2.2      13 ..      24   xxxGGATCGGGAGGC                GTTC GGTG GGAC                 GGGCGCCATGAATAG
-4.5      12 ..      25   xxxxGGATCGGGAGG               CGTTC GGTG GGACG                GGCGCCATGAATAGA
  -1      11 ..      26   xxxxxGGATCGGGAG              GCGTTC GGTG GGACGG               GCGCCATGAATAGAT
 0.3      15 ..      27   xGGATCGGGAGGCGT                TCGGT GGG ACGGG                CGCCATGAATAGATC
-0.3      13 ..      28   xxxGGATCGGGAGGC              GTTCG GTGGGA CGGGC               GCCATGAATAGATCG
-2.6      12 ..      29   xxxxGGATCGGGAGG             CGTTCG GTGGGA CGGGCG              CCATGAATAGATCGA
-4.9      11 ..      30   xxxxxGGATCGGGAG            GCGTTCG GTGGGA CGGGCGC             CATGAATAGATCGAA
-7.2      10 ..      31   xxxxxxGGATCGGGA           GGCGTTCG GTGGGA CGGGCGCC            ATGAATAGATCGAAT
-3.7       9 ..      32   xxxxxxxGGATCGGG          AGGCGTTCG GTGGGA CGGGCGCCA           TGAATAGATCGAATC
-2.4       8 ..      33   xxxxxxxxGGATCGG         GAGGCGTTCG GTGGGA CGGGCGCCAT          GAATAGATCGAATCT
 1.1       7 ..      34   xxxxxxxxxGGATCG        GGAGGCGTTCG GTGGGA CGGGCGCCATG         AATAGATCGAATCTC
 4.6       6 ..      35   xxxxxxxxxxGGATC       GGGAGGCGTTCG GTGGGA CGGGCGCCATGA        ATAGATCGAATCTCC
 3.7      14 ..      36   xxGGATCGGGAGGCG          TTCGGTGG GACGGGCG CCAT-GAA           TAGATCGAATCTCCG
   5      13 ..      37   xxxGGATCGGGAGGC         GTTCGGTGG GACGGGCG CCAT-GAAT          AGATCGAATCTCCGC
 8.5      12 ..      38   xxxxGGATCGGGAGG        CGTTCGGTGG GACGGGCG CCAT-GAATA         GATCGAATCTCCGCC
 5.7      28 ..      39   GTTCGGTGGGACGGG                C GCCATGAATA G                 ATCGAATCTCCGCCG
 5.8      29 ..      40   TTCGGTGGGACGGGC                GCCA TGAA TAGA                 TCGAATCTCCGCCGT
 7.5      29 ..      41   TTCGGTGGGACGGGC                GCC ATGAATA GAT                CGAATCTCCGCCGTC
 5.7      31 ..      42   CGGTGGGACGGGCGC                CAT GAATAG ATC                 GAATCTCCGCCGTCT
 1.1      33 ..      43   GTGGGACGGGCGCCA                 TGA ATAGA TCG                 AATCTCCGCCGTCTC
 4.6      32 ..      44   GGTGGGACGGGCGCC                ATGA ATAGA TCGA                ATCTCCGCCGTCTCT
 8.1      31 ..      45   CGGTGGGACGGGCGC               CATGA ATAGA TCGAA               TCTCCGCCGTCTCTG
 3.2      36 ..      46   GGACGGGCGCCATGA                 AT AGATCGA AT                 CTCCGCCGTCTCTGA
 3.4      34 ..      47   TGGGACGGGCGCCAT               GAAT AGATCG AATC                TCCGCCGTCTCTGAT
  -4      38 ..      48   ACGGGCGCCATGAAT                 AGAT CGA ATCT                 CCGCCGTCTCTGATG
-0.5      37 ..      49   GACGGGCGCCATGAA                TAGAT CGA ATCTC                CGCCGTCTCTGATGG
   3      36 ..      50   GGACGGGCGCCATGA               ATAGAT CGA ATCTCC               GCCGTCTCTGATGGG
 2.6      41 ..      51   GGCGCCATGAATAGA                 TCGA ATC TCCG                 CCGTCTCTGATGGGC
 2.9      41 ..      52   GGCGCCATGAATAGA                TCG AATCTC CGC                 CGTCTCTGATGGGCG
 3.8      39 ..      53   CGGGCGCCATGAATA               GATCGA ATC TCCGCC               GTCTCTGATGGGCGT
 2.4      42 ..      54   GCGCCATGAATAGAT                CG AATCTCCGC CG                TCTCTGATGGGCGTG
 5.4      45 ..      55   CCATGAATAGATCGA                 AT CTCCGCC GT                 CTCTGATGGGCGTGC
 4.8      43 ..      56   CGCCATGAATAGATC               GA ATCTCCGCCG TC                TCTGATGGGCGTGCC
 4.3      38 ..      57   ACGGGCGCCATGAAT            AGATCG AATCTCCGC CG-TCT            CTGATGGGCGTGCCG
 5.5      43 ..      58   CGCCATGAATAGATC              GAATC TCCGCC GTCTC               TGATGGGCGTGCCGC
 6.9      36 ..      59   GGACGGGCGCCATGA          ATAGATCG AATCTCCGC CG-TCTCT          GATGGGCGTGCCGCT
 2.9      49 ..      60   GAATAGATCGAATCT                CCG CCGTCT CTG                 ATGGGCGTGCCGCTG
   2      48 ..      61   TGAATAGATCGAATC               TCCG CCGTCT CTGA                TGGGCGTGCCGCTGT
 5.5      47 ..      62   ATGAATAGATCGAAT              CTCCG CCGTCT CTGAT               GGGCGTGCCGCTGTG
-3.2      53 ..      63   AGATCGAATCTCCGC                 CGTC TCT GATG                 GGCGTGCCGCTGTGG
-5.5      52 ..      64   TAGATCGAATCTCCG                CCGTC TCT GATGG                GCGTGCCGCTGTGGC
  -2      51 ..      65   ATAGATCGAATCTCC               GCCGTC TCT GATGGG               CGTGCCGCTGTGGCC
-1.8      51 ..      66   ATAGATCGAATCTCC              GC-CGTC TCT GATGGGC              GTGCCGCTGTGGCCC
-4.1      50 ..      67   AATAGATCGAATCTC             CGC-CGTC TCT GATGGGCG             TGCCGCTGTGGCCCG
-0.6      49 ..      68   GAATAGATCGAATCT            CCGC-CGTC TCT GATGGGCGT            GCCGCTGTGGCCCGA
-0.4      49 ..      69   GAATAGATCGAATCT           C-CGC-CGTC TCT GATGGGCGTG           CCGCTGTGGCCCGAC
 0.1      51 ..      70   ATAGATCGAATCTCC            GC-CGTCT CTGAT GGGCGTGC            CGCTGTGGCCCGACA
 3.6      50 ..      71   AATAGATCGAATCTC           CGC-CGTCT CTGAT GGGCGTGCC           GCTGTGGCCCGACAG
-0.3      62 ..      72   CTCCGCCGTCTCTGA                 TGG GCGTG CCG                 CTGTGGCCCGACAGC
 1.1      63 ..      73   TCCGCCGTCTCTGAT                G-GG CGTG CCGC                 TGTGGCCCGACAGCG
-4.6      64 ..      74   CCGCCGTCTCTGATG                 GGCG TGC CGCT                 GTGGCCCGACAGCGC
-1.1      63 ..      75   TCCGCCGTCTCTGAT                GGGCG TGC CGCTG                TGGCCCGACAGCGCT
 1.8      61 ..      76   TCTCCGCCGTCTCTG              ATGGGCG TGC CGC-TGT              GGCCCGACAGCGCTG
 3.6      66 ..      77   GCCGTCTCTGATGGG                CGTG CCGC TGTG                 GCCCGACAGCGCTGC
 5.8      67 ..      78   CCGTCTCTGATGGGC                GTGC CGCT GTGG                 CCCGACAGCGCTGCG
-4.6      69 ..      79   GTCTCTGATGGGCGT                 GCCG CTG TGGC                 CCGACAGCGCTGCGC
-1.1      68 ..      80   CGTCTCTGATGGGCG                TGCCG CTG TGGCC                CGACAGCGCTGCGCG
-3.4      67 ..      81   CCGTCTCTGATGGGC               GTGCCG CTG TGGCCC               GACAGCGCTGCGCGx
-5.7      66 ..      82   GCCGTCTCTGATGGG              CGTGCCG CTG TGGCCCG              ACAGCGCTGCGCGxx
-2.2      65 ..      83   CGCCGTCTCTGATGG             GCGTGCCG CTG TGGCCCGA             CAGCGCTGCGCGxxx
-4.5      64 ..      84   CCGCCGTCTCTGATG            GGCGTGCCG CTG TGGCCCGAC            AGCGCTGCGCGxxxx
  -1      63 ..      85   TCCGCCGTCTCTGAT           GGGCGTGCCG CTG TGGCCCGACA           GCGCTGCGCGxxxxx
-2.4      73 ..      86   CTGATGGGCGTGCCG               CTGT GGCCCG ACAG                CGCTGCGCGxxxxxx
-4.7      72 ..      87   TCTGATGGGCGTGCC              GCTGT GGCCCG ACAGC               GCTGCGCGxxxxxxx
  -7      71 ..      88   CTCTGATGGGCGTGC             CGCTGT GGCCCG ACAGCG              CTGCGCGxxxxxxxx
-3.5      70 ..      89   TCTCTGATGGGCGTG            CCGCTGT GGCCCG ACAGCGC             TGCGCGxxxxxxxxx
-2.2      69 ..      90   GTCTCTGATGGGCGT           GCCGCTGT GGCCCG ACAGCGCT            GCGCGxxxxxxxxxx
-0.9      68 ..      91   CGTCTCTGATGGGCG          TGCCGCTGT GGCCCG ACAGCGCTG           CGCGxxxxxxxxxxx
-3.2      67 ..      92   CCGTCTCTGATGGGC         GTGCCGCTGT GGCCCG ACAGCGCTGC          GCGxxxxxxxxxxxx
-5.5      66 ..      93   GCCGTCTCTGATGGG        CGTGCCGCTGT GGCCCG ACAGCGCTGCG         CGxxxxxxxxxxxxx
-7.8      65 ..      94   CGCCGTCTCTGATGG       GCGTGCCGCTGT GGCCCG ACAGCGCTGCGC        Gxxxxxxxxxxxxxx
