>WQLV01000028.1:15364-15457 Parasedimentitalea huanghaiensis strain CY05 Scaffold26_1, whole genome shotgun sequence FORWARD
None       1 ..      11   xxxxxxxxxxxxxxx                  GGATCGGGAGG                  CCACCATTCGGGACG
 4.7       2 ..      12   xxxxxxxxxxxxxxG                GATC GGGA GG-C                 CACCATTCGGGACGG
 2.2       2 ..      13   xxxxxxxxxxxxxxG                GATC GGGA GGCC                 ACCATTCGGGACGGT
 2.5       4 ..      14   xxxxxxxxxxxxGGA                TCGG GAGG CC-A                 CCATTCGGGACGGTG
 3.4       5 ..      15   xxxxxxxxxxxGGAT                 CGGG AGG CCAC                 CATTCGGGACGGTGG
 0.4       6 ..      16   xxxxxxxxxxGGATC                 GG GAGGCCA CC                 ATTCGGGACGGTGGC
 2.7       4 ..      17   xxxxxxxxxxxxGGA               TCG-GG AGG CCACCA               TTCGGGACGGTGGCC
 1.2       8 ..      18   xxxxxxxxGGATCGG                 GAGG CCA CCAT                 TCGGGACGGTGGCCA
 2.5       7 ..      19   xxxxxxxxxGGATCG                GGAGG CCA CCATT                CGGGACGGTGGCCAT
 0.2       6 ..      20   xxxxxxxxxxGGATC               GGGAGG CCA CCATTC               GGGACGGTGGCCATG
-2.1       5 ..      21   xxxxxxxxxxxGGAT              CGGGAGG CCA CCATTCG              GGACGGTGGCCATGA
-0.8       4 ..      22   xxxxxxxxxxxxGGA             TCGGGAGG CCA CCATTCGG             GACGGTGGCCATGAA
 1.1      13 ..      23   xxxGGATCGGGAGGC                CACC ATTC GG-G                 ACGGTGGCCATGAAT
 1.9      14 ..      24   xxGGATCGGGAGGCC                 ACC ATTCG GGA                 CGGTGGCCATGAATT
 2.3      11 ..      25   xxxxxGGATCGGGAG              GCCACC ATTC GG-GAC               GGTGGCCATGAATTG
 2.6      16 ..      26   GGATCGGGAGGCCAC                 CATT CGG GACG                 GTGGCCATGAATTGA
 0.3      15 ..      27   xGGATCGGGAGGCCA                CCATT CGG GACGG                TGGCCATGAATTGAT
-0.6      14 ..      28   xxGGATCGGGAGGCC               ACCATT CGG GACGGT               GGCCATGAATTGATC
-2.9      13 ..      29   xxxGGATCGGGAGGC              CACCATT CGG GACGGTG              GCCATGAATTGATCC
-5.2      12 ..      30   xxxxGGATCGGGAGG             CCACCATT CGG GACGGTGG             CCATGAATTGATCCG
-7.5      11 ..      31   xxxxxGGATCGGGAG            GCCACCATT CGG GACGGTGGC            CATGAATTGATCCGA
-9.8      10 ..      32   xxxxxxGGATCGGGA           GGCCACCATT CGG GACGGTGGCC           ATGAATTGATCCGAC
-6.3       9 ..      33   xxxxxxxGGATCGGG          AGGCCACCATT CGG GACGGTGGCCA          TGAATTGATCCGACC
  -5       8 ..      34   xxxxxxxxGGATCGG         GAGGCCACCATT CGG GACGGTGGCCAT         GAATTGATCCGACCG
-1.5       7 ..      35   xxxxxxxxxGGATCG        GGAGGCCACCATT CGG GACGGTGGCCATG        AATTGATCCGACCGC
 1.7      19 ..      36   TCGGGAGGCCACCAT             TCG-GGAC GGT GGCCATGA             ATTGATCCGACCGCG
 0.8      18 ..      37   ATCGGGAGGCCACCA            TTCG-GGAC GGT GGCCATGAA            TTGATCCGACCGCGC
-0.1      17 ..      38   GATCGGGAGGCCACC           ATTCG-GGAC GGT GGCCATGAAT           TGATCCGACCGCGCT
 3.4      16 ..      39   GGATCGGGAGGCCAC          CATTCG-GGAC GGT GGCCATGAATT          GATCCGACCGCGCTG
 1.1      15 ..      40   xGGATCGGGAGGCCA         CCATTCG-GGAC GGT GGCCATGAATTG         ATCCGACCGCGCTGT
 3.3      31 ..      41   CATTCGGGACGGTGG                 CCA TGAAT TGA                 TCCGACCGCGCTGTC
 4.6      30 ..      42   CCATTCGGGACGGTG                GCCA TGAAT TGAT                CCGACCGCGCTGTCT
 2.3      29 ..      43   ACCATTCGGGACGGT               GGCCA TGAAT TGATC               CGACCGCGCTGTCTC
 3.3      34 ..      44   TCGGGACGGTGGCCA                 TGA ATTGA TCC                 GACCGCGCTGTCTCG
 3.3      20 ..      45   CGGGAGGCCACCATT         CGGGACGGT GGCCATGA ATTGATCCG          ACCGCGCTGTCTCGT
 2.4      19 ..      46   TCGGGAGGCCACCAT        TCGGGACGGT GGCCATGA ATTGATCCGA         CCGCGCTGTCTCGTA
 2.6      37 ..      47   GGACGGTGGCCATGA                 ATTG ATC CGAC                 CGCGCTGTCTCGTAT
 5.1      22 ..      48   GGAGGCCACCATTCG        GGACGGTGGCCA TGAA TTGAT-CCGACC         GCGCTGTCTCGTATG
 2.6      39 ..      49   ACGGTGGCCATGAAT                 TGAT CCG ACCG                 CGCTGTCTCGTATGG
 4.7      40 ..      50   CGGTGGCCATGAATT                 G ATCCGACCG C                 GCTGTCTCGTATGGG
   6      39 ..      51   ACGGTGGCCATGAAT                TG ATCCGACCG CG                CTGTCTCGTATGGGC
 5.4      40 ..      52   CGGTGGCCATGAATT                GATC CGACC GCGC                TGTCTCGTATGGGCA
 4.4      42 ..      53   GTGGCCATGAATTGA                TCCG ACCG CGCT                 GTCTCGTATGGGCAA
 1.2      44 ..      54   GGCCATGAATTGATC                 CGAC CGC GCTG                 TCTCGTATGGGCAAG
 4.7      43 ..      55   TGGCCATGAATTGAT                CCGAC CGC GCTGT                CTCGTATGGGCAAGG
-1.5      45 ..      56   GCCATGAATTGATCC                GAC CGCGCT GTC                 TCGTATGGGCAAGGT
   2      44 ..      57   GGCCATGAATTGATC               CGAC CGCGCT GTCT                CGTATGGGCAAGGTG
 4.8      45 ..      58   GCCATGAATTGATCC               GA CCGCGCTGTC TC                GTATGGGCAAGGTGC
-1.4      48 ..      59   ATGAATTGATCCGAC                CGCG CTGT CTCG                 TATGGGCAAGGTGCC
 0.7      49 ..      60   TGAATTGATCCGACC                GCG CTGTCT CGT                 ATGGGCAAGGTGCCG
 4.2      48 ..      61   ATGAATTGATCCGAC               CGCG CTGTCT CGTA                TGGGCAAGGTGCCGT
 4.2      41 ..      62   GGTGGCCATGAATTG           ATCCGA CCGCGCTGTC TCGTAT            GGGCAAGGTGCCGTG
 4.6      44 ..      63   GGCCATGAATTGATC            CGACCGCG CTGT CTCGTATG             GGCAAGGTGCCGTGG
 2.3      43 ..      64   TGGCCATGAATTGAT           CCGACCGCG CTGT CTCGTATGG            GCAAGGTGCCGTGGC
 3.3      55 ..      65   GATCCGACCGCGCTG                 TCT CGTAT GGG                 CAAGGTGCCGTGGCC
   1      54 ..      66   TGATCCGACCGCGCT                GTCT CGTAT GGGC                AAGGTGCCGTGGCCC
 0.1      53 ..      67   TTGATCCGACCGCGC               TGTCT CGTAT GGGCA               AGGTGCCGTGGCCCG
 3.6      57 ..      68   TCCGACCGCGCTGTC                TCGT ATGG GCAA                 GGTGCCGTGGCCCGG
 1.3      56 ..      69   ATCCGACCGCGCTGT               CTCGT ATGG GCAAG                GTGCCGTGGCCCGGC
 2.6      55 ..      70   GATCCGACCGCGCTG              TCTCGT ATGG GCAAGG               TGCCGTGGCCCGGCG
 3.9      54 ..      71   TGATCCGACCGCGCT             GTCTCGT ATGG GCAAGGT              GCCGTGGCCCGGCGG
 3.8      48 ..      72   ATGAATTGATCCGAC          CGCGCTGTCT CGTAT GGGCAAGGTG          CCGTGGCCCGGCGGC
 1.2      63 ..      73   CGCGCTGTCTCGTAT                 GGGC AAG GTGC                 CGTGGCCCGGCGGCA
-6.8      64 ..      74   GCGCTGTCTCGTATG                 GGCA AGG TGCC                 GTGGCCCGGCGGCAT
-3.3      63 ..      75   CGCGCTGTCTCGTAT                GGGCA AGG TGCCG                TGGCCCGGCGGCATC
-0.4      61 ..      76   ACCGCGCTGTCTCGT              ATGGGCA AGG TGCC-GT              GGCCCGGCGGCATCC
-4.768e-08      66 ..      77   GCTGTCTCGTATGGG                CAAG GTGC CGTG                 GCCCGGCGGCATCCT
 0.8      47 ..      78   CATGAATTGATCCGA      CCGCGCTGTCTCGT ATGG GCAAGGTGCCGTGG       CCCGGCGGCATCCTT
 0.2      65 ..      79   CGCTGTCTCGTATGG               GCAAGG TGC CGTGGC               CCGGCGGCATCCTTG
-2.1      64 ..      80   GCGCTGTCTCGTATG              GGCAAGG TGC CGTGGCC              CGGCGGCATCCTTGx
-4.4      63 ..      81   CGCGCTGTCTCGTAT             GGGCAAGG TGC CGTGGCCC             GGCGGCATCCTTGxx
-3.1      62 ..      82   CCGCGCTGTCTCGTA            TGGGCAAGG TGC CGTGGCCCG            GCGGCATCCTTGxxx
-3.9      73 ..      83   CGTATGGGCAAGGTG                 CCG TGGCC CGG                 CGGCATCCTTGxxxx
-6.2      72 ..      84   TCGTATGGGCAAGGT                GCCG TGGCC CGGC                GGCATCCTTGxxxxx
-4.9      71 ..      85   CTCGTATGGGCAAGG               TGCCG TGGCC CGGCG               GCATCCTTGxxxxxx
-1.6      73 ..      86   CGTATGGGCAAGGTG               CCGT GGCCCG GCGG                CATCCTTGxxxxxxx
-3.9      72 ..      87   TCGTATGGGCAAGGT              GCCGT GGCCCG GCGGC               ATCCTTGxxxxxxxx
-4.8      71 ..      88   CTCGTATGGGCAAGG             TGCCGT GGCCCG GCGGCA              TCCTTGxxxxxxxxx
-3.5      70 ..      89   TCTCGTATGGGCAAG            GTGCCGT GGCCCG GCGGCAT             CCTTGxxxxxxxxxx
-5.8      69 ..      90   GTCTCGTATGGGCAA           GGTGCCGT GGCCCG GCGGCATC            CTTGxxxxxxxxxxx
-3.4      69 ..      91   GTCTCGTATGGGCAA          GG-TGCCGT GGCCCG GCGGCATCC           TTGxxxxxxxxxxxx
-4.3      68 ..      92   TGTCTCGTATGGGCA         AGG-TGCCGT GGCCCG GCGGCATCCT          TGxxxxxxxxxxxxx
-5.2      67 ..      93   CTGTCTCGTATGGGC        AAGG-TGCCGT GGCCCG GCGGCATCCTT         Gxxxxxxxxxxxxxx
