>JAHXDN010000001.1:1241848-1241940 Roseobacter insulae strain YSTF-M11 1, whole genome shotgun sequence FORWARD
 8.3       1 ..      11   xxxxxxxxxxxxxxx                 T GGTCGGGAG G                 GTGCCGGTGGGACGG
None       2 ..      12   xxxxxxxxxxxxxxT                  GGTCGGGAGGG                  TGCCGGTGGGACGGC
 3.3       3 ..      13   xxxxxxxxxxxxxTG                 GTC GGGAG GGT                 GCCGGTGGGACGGCA
 6.8       2 ..      14   xxxxxxxxxxxxxxT                GGTC GGGAG GGTG                CCGGTGGGACGGCAC
   6       3 ..      15   xxxxxxxxxxxxxTG                GT CGGGAGGGT GC                CGGTGGGACGGCACC
  -1       6 ..      16   xxxxxxxxxxTGGTC                 GGGA GGG TGCC                 GGTGGGACGGCACCT
-3.3       5 ..      17   xxxxxxxxxxxTGGT                CGGGA GGG TGCCG                GTGGGACGGCACCTG
  -2       4 ..      18   xxxxxxxxxxxxTGG               TCGGGA GGG TGCCGG               TGGGACGGCACCTGT
-0.7       3 ..      19   xxxxxxxxxxxxxTG              GTCGGGA GGG TGCCGGT              GGGACGGCACCTGTG
 2.8       2 ..      20   xxxxxxxxxxxxxxT             GGTCGGGA GGG TGCCGGTG             GGACGGCACCTGTGA
 4.1       1 ..      21   xxxxxxxxxxxxxxx            TGGTCGGGA GGG TGCCGGTGG            GACGGCACCTGTGAA
 7.2       4 ..      22   xxxxxxxxxxxxTGG             TCGGGAGG GTG CCGGTGGG             ACGGCACCTGTGAAT
  -1      13 ..      23   xxxTGGTCGGGAGGG                 TGCC GGT GGGA                 CGGCACCTGTGAATA
-3.3      12 ..      24   xxxxTGGTCGGGAGG                GTGCC GGT GGGAC                GGCACCTGTGAATAG
 0.2      11 ..      25   xxxxxTGGTCGGGAG               GGTGCC GGT GGGACG               GCACCTGTGAATAGA
-2.9      15 ..      26   xTGGTCGGGAGGGTG                CCG GTGGGA CGG                 CACCTGTGAATAGAC
-5.2      14 ..      27   xxTGGTCGGGAGGGT               GCCG GTGGGA CGGC                ACCTGTGAATAGACC
-6.1      13 ..      28   xxxTGGTCGGGAGGG              TGCCG GTGGGA CGGCA               CCTGTGAATAGACCG
-8.4      12 ..      29   xxxxTGGTCGGGAGG             GTGCCG GTGGGA CGGCAC              CTGTGAATAGACCGA
-10.7      11 ..      30   xxxxxTGGTCGGGAG            GGTGCCG GTGGGA CGGCACC             TGTGAATAGACCGAA
-9.4      10 ..      31   xxxxxxTGGTCGGGA           GGGTGCCG GTGGGA CGGCACCT            GTGAATAGACCGAAA
-5.9       9 ..      32   xxxxxxxTGGTCGGG          AGGGTGCCG GTGGGA CGGCACCTG           TGAATAGACCGAAAC
-4.6       8 ..      33   xxxxxxxxTGGTCGG         GAGGGTGCCG GTGGGA CGGCACCTGT          GAATAGACCGAAACG
-1.1       7 ..      34   xxxxxxxxxTGGTCG        GGAGGGTGCCG GTGGGA CGGCACCTGTG         AATAGACCGAAACGT
   2       4 ..      35   xxxxxxxxxxxxTGG     TCGGGAGGGTGCCG GTGGGA CGGCACC-TGT-GA      ATAGACCGAAACGTA
 5.3       4 ..      36   xxxxxxxxxxxxTGG     TCGGGAGGGTGCCG GTGGGA CGGCACC-TGTGAA      TAGACCGAAACGTAT
 6.6       3 ..      37   xxxxxxxxxxxxxTG    GTCGGGAGGGTGCCG GTGGGA CGGCACC-TGTGAAT     AGACCGAAACGTATC
 5.9       1 ..      38   xxxxxxxxxxxxxxx  TGGTCGGGAGGGTGCCG GTGGGA CGGCACC-TGT-GAATA   GACCGAAACGTATCG
 4.7      29 ..      39   GCCGGTGGGACGGCA                 C CTGTGAATA G                 ACCGAAACGTATCGT
 3.6      29 ..      40   GCCGGTGGGACGGCA                CCTG TGAA TAGA                 CCGAAACGTATCGTC
 6.8      31 ..      41   CGGTGGGACGGCACC                TGT GAATAG AC-                 CGAAACGTATCGTCT
 4.3      31 ..      42   CGGTGGGACGGCACC                TGT GAATAG ACC                 GAAACGTATCGTCTC
   2      30 ..      43   CCGGTGGGACGGCAC               CTGT GAATAG ACCG                AAACGTATCGTCTCG
 5.5      29 ..      44   GCCGGTGGGACGGCA              CCTGT GAATAG ACCGA               AACGTATCGTCTCGT
 6.6      31 ..      45   CGGTGGGACGGCACC               TGTG AATAGAC CGAA               ACGTATCGTCTCGTA
 7.6      36 ..      46   GGACGGCACCTGTGA                 AT AGACCGA AA                 CGTATCGTCTCGTAT
 6.8      32 ..      47   GGTGGGACGGCACCT              GT GAATAGACCGAA AC               GTATCGTCTCGTATG
 6.2      38 ..      48   ACGGCACCTGTGAAT                 AG ACCGAAA CG                 TATCGTCTCGTATGG
 6.8      39 ..      49   CGGCACCTGTGAATA                GAC CGAAAC GT-                 ATCGTCTCGTATGGG
 3.4      40 ..      50   GGCACCTGTGAATAG                 ACCG AAA CGTA                 TCGTCTCGTATGGGC
 3.4      38 ..      51   ACGGCACCTGTGAAT               AGAC CGAAAC GTAT                CGTCTCGTATGGGCG
 2.7      39 ..      52   CGGCACCTGTGAATA               GA-CCG AAA CGTATC               GTCTCGTATGGGCGA
-1.5      42 ..      53   CACCTGTGAATAGAC                CGA AACGTA TCG                 TCTCGTATGGGCGAG
   2      41 ..      54   GCACCTGTGAATAGA               CCGA AACGTA TCGT                CTCGTATGGGCGAGG
  -1      45 ..      55   CTGTGAATAGACCGA                 AACG TAT CGTC                 TCGTATGGGCGAGGT
-1.9      44 ..      56   CCTGTGAATAGACCG                AAACG TAT CGTCT                CGTATGGGCGAGGTG
-4.2      43 ..      57   ACCTGTGAATAGACC               GAAACG TAT CGTCTC               GTATGGGCGAGGTGC
-6.5      42 ..      58   CACCTGTGAATAGAC              CGAAACG TAT CGTCTCG              TATGGGCGAGGTGCC
  -3      41 ..      59   GCACCTGTGAATAGA             CCGAAACG TAT CGTCTCGT             ATGGGCGAGGTGCCG
 0.5      40 ..      60   GGCACCTGTGAATAG            ACCGAAACG TAT CGTCTCGTA            TGGGCGAGGTGCCGT
 0.6      50 ..      61   AATAGACCGAAACGT                AT-CG TCT CGTAT                GGGCGAGGTGCCGTG
-0.4      47 ..      62   GTGAATAGACCGAAA              CGTATCG TCT CG-TATG              GGCGAGGTGCCGTGG
 2.4      51 ..      63   ATAGACCGAAACGTA                TCGT CTCGT ATGG                GCGAGGTGCCGTGGC
   2      41 ..      64   GCACCTGTGAATAGA          CCGAAACG TATCGTCT CGTATGGG           CGAGGTGCCGTGGCC
   1      53 ..      65   AGACCGAAACGTATC                GTCT CGTAT GGGC                GAGGTGCCGTGGCCC
-1.3      52 ..      66   TAGACCGAAACGTAT               CGTCT CGTAT GGGCG               AGGTGCCGTGGCCCG
-2.2      56 ..      67   CCGAAACGTATCGTC                TCGT ATGG GCGA                 GGTGCCGTGGCCCGA
-4.5      55 ..      68   ACCGAAACGTATCGT               CTCGT ATGG GCGAG                GTGCCGTGGCCCGAC
-3.2      54 ..      69   GACCGAAACGTATCG              TCTCGT ATGG GCGAGG               TGCCGTGGCCCGACG
-1.9      53 ..      70   AGACCGAAACGTATC             GTCTCGT ATGG GCGAGGT              GCCGTGGCCCGACGG
-4.2      52 ..      71   TAGACCGAAACGTAT            CGTCTCGT ATGG GCGAGGTG             CCGTGGCCCGACGGC
-0.7      51 ..      72   ATAGACCGAAACGTA           TCGTCTCGT ATGG GCGAGGTGC            CGTGGCCCGACGGCT
-4.6      63 ..      73   GTATCGTCTCGTATG                 GGCG AGG TGCC                 GTGGCCCGACGGCTC
-1.1      62 ..      74   CGTATCGTCTCGTAT                GGGCG AGG TGCCG                TGGCCCGACGGCTCC
  -2      23 ..      75   GAGGGTGCCGGTGGG ACGGCACCTGTGAATAGACCGAAACG TAT CGTCTCG-TATGGGCG-AGGTGCCGT GGCCCGACGGCTCCC
 1.5      22 ..      76   GGAGGGTGCCGGTGG GACGGCACCTGTGAATAGACCGAAACG TAT CGTCTCG-TATGGGCG-AGGTGCCGTG GCCCGACGGCTCCCT
 2.5      65 ..      77   ATCGTCTCGTATGGG                CGAGG TGC CGTGG                CCCGACGGCTCCCTC
 0.2      64 ..      78   TATCGTCTCGTATGG               GCGAGG TGC CGTGGC               CCGACGGCTCCCTCG
-2.1      63 ..      79   GTATCGTCTCGTATG              GGCGAGG TGC CGTGGCC              CGACGGCTCCCTCGx
-4.4      62 ..      80   CGTATCGTCTCGTAT             GGGCGAGG TGC CGTGGCCC             GACGGCTCCCTCGxx
-3.1      61 ..      81   ACGTATCGTCTCGTA            TGGGCGAGG TGC CGTGGCCCG            ACGGCTCCCTCGxxx
 0.4      60 ..      82   AACGTATCGTCTCGT           ATGGGCGAGG TGC CGTGGCCCGA           CGGCTCCCTCGxxxx
-0.4      71 ..      83   TCGTATGGGCGAGGT                GCCG TGGCC CGAC                GGCTCCCTCGxxxxx
-2.6      57 ..      84   CGAAACGTATCGTCT        CGTATGGGCGAGG TGC CGTGGCCCG-ACG        GCTCCCTCGxxxxxx
-3.8      72 ..      85   CGTATGGGCGAGGTG               CCGT GGCCCG ACGG                CTCCCTCGxxxxxxx
-6.1      71 ..      86   TCGTATGGGCGAGGT              GCCGT GGCCCG ACGGC               TCCCTCGxxxxxxxx
-3.6      76 ..      87   TGGGCGAGGTGCCGT                GGCC CGAC GGCT                 CCCTCGxxxxxxxxx
-4.9      69 ..      88   TCTCGTATGGGCGAG            GTGCCGT GGCCCG ACGGCTC             CCTCGxxxxxxxxxx
-7.2      68 ..      89   GTCTCGTATGGGCGA           GGTGCCGT GGCCCG ACGGCTCC            CTCGxxxxxxxxxxx
-3.7      67 ..      90   CGTCTCGTATGGGCG          AGGTGCCGT GGCCCG ACGGCTCCC           TCGxxxxxxxxxxxx
-2.4      66 ..      91   TCGTCTCGTATGGGC         GAGGTGCCGT GGCCCG ACGGCTCCCT          CGxxxxxxxxxxxxx
-4.4      66 ..      92   TCGTCTCGTATGGGC        GA-GGTGCCGT GGCCCG ACGGCTCCCTC         Gxxxxxxxxxxxxxx
