>JWHR01000121.1:c68509-68440 Terrisporobacter othiniensis strain 08-306576 Contig121, whole genome shotgun sequence FORWARD
 6.1       1 ..      11   xxxxxxxxxxxxxxx                 A GCTTGTTTG T                 AGACGTAAAAGAACA
 6.5       1 ..      12   xxxxxxxxxxxxxxx                AGC TTGTTT GTA                 GACGTAAAAGAACAA
 1.8       3 ..      13   xxxxxxxxxxxxxAG                 CT TGTTTGT AG                 ACGTAAAAGAACAAA
 5.3       2 ..      14   xxxxxxxxxxxxxxA                GCT TGTTTGT AGA                CGTAAAAGAACAAAT
 4.9       2 ..      15   xxxxxxxxxxxxxxA               GCTTG TTTG TAGAC                GTAAAAGAACAAATT
 1.4       5 ..      16   xxxxxxxxxxxAGCT                TGTT TGTA GACG                 TAAAAGAACAAATTA
 4.9       4 ..      17   xxxxxxxxxxxxAGC               TTGTT TGTA GACGT                AAAAGAACAAATTAG
 3.6       7 ..      18   xxxxxxxxxAGCTTG                TTTG TAGA CGTA                 AAAGAACAAATTAGC
 2.8       8 ..      19   xxxxxxxxAGCTTGT                TTGT AGAC GTAA                 AAGAACAAATTAGCA
 1.9       7 ..      20   xxxxxxxxxAGCTTG               TTTGT AGAC GTAAA                AGAACAAATTAGCAA
 1.9       8 ..      21   xxxxxxxxAGCTTGT               TTGTA GACG TAAAA                GAACAAATTAGCAAA
   3       3 ..      22   xxxxxxxxxxxxxAG            CTTGTTTG TAGA CGTAAAAG             AACAAATTAGCAAAA
 5.8       4 ..      23   xxxxxxxxxxxxAGC            TTGTTTGT AGAC GTAAAAGA             ACAAATTAGCAAAAA
 5.2       4 ..      24   xxxxxxxxxxxxAGC           TTGTTTGTA GACG TA-AAAGAA            CAAATTAGCAAAAAC
 5.8       6 ..      25   xxxxxxxxxxAGCTT            GTTTGT AGACGTAA AAGAAC             AAATTAGCAAAAACT
 4.3      15 ..      26   xAGCTTGTTTGTAGA                CGT AAAAGA ACA                 AATTAGCAAAAACTC
   4       4 ..      27   xxxxxxxxxxxxAGC          TTGTTTGT AGACGTAA AAGAACAA           ATTAGCAAAAACTCT
 4.1       7 ..      28   xxxxxxxxxAGCTTG           TTTGT AGACGTAAAAGA ACAAA            TTAGCAAAAACTCTA
 5.4       6 ..      29   xxxxxxxxxxAGCTT          GTTTGT AGACGTAAAAGA ACAAAT           TAGCAAAAACTCTAG
 3.2      20 ..      30   TGTTTGTAGACGTAA                 AA GAACAAA TT                 AGCAAAAACTCTAGG
 4.3      17 ..      31   GCTTGTTTGTAGACG               TAA AAGAACAAA TTA               GCAAAAACTCTAGGT
 5.7       3 ..      32   xxxxxxxxxxxxxAG       CTTGTTTGT AGACGTAAAAGA ACAAATTAG        CAAAAACTCTAGGTG
 3.4       2 ..      33   xxxxxxxxxxxxxxA      GCTTGTTTGT AGACGTAAAAGA ACAAATTAGC       AAAAACTCTAGGTGA
 6.9       1 ..      34   xxxxxxxxxxxxxxx     AGCTTGTTTGT AGACGTAAAAGA ACAAATTAGCA      AAAACTCTAGGTGAT
None      25 ..      35   GTAGACGTAAAAGAA                  CAAATTAGCAA                  AAACTCTAGGTGATG
None      26 ..      36   TAGACGTAAAAGAAC                  AAATTAGCAAA                  AACTCTAGGTGATGT
 6.2      27 ..      37   AGACGTAAAAGAACA                 AATT AGC AAAA                 ACTCTAGGTGATGTA
 4.7      28 ..      38   GACGTAAAAGAACAA                 ATT AGCAA AAA                 CTCTAGGTGATGTAA
 5.7      28 ..      39   GACGTAAAAGAACAA                ATT AGCAAA AAC                 TCTAGGTGATGTAAA
 4.8      27 ..      40   AGACGTAAAAGAACA               AATT AGCAAA AACT                CTAGGTGATGTAAAC
 4.3      30 ..      41   CGTAAAAGAACAAAT                TAG CAAAAA CTC                 TAGGTGATGTAAACA
 2.8      31 ..      42   GTAAAAGAACAAATT                AG CAAAAACT CT                 AGGTGATGTAAACAC
 1.9      30 ..      43   CGTAAAAGAACAAAT               TAG CAAAAACT CTA                GGTGATGTAAACACG
 3.2      29 ..      44   ACGTAAAAGAACAAA              TTAG CAAAAACT CTAG               GTGATGTAAACACGT
 6.7      28 ..      45   GACGTAAAAGAACAA             ATTAG CAAAAACT CTAGG              TGATGTAAACACGTA
 5.8      27 ..      46   AGACGTAAAAGAACA            AATTAG CAAAAACT CTAGGT             GATGTAAACACGTAT
 2.6      37 ..      47   GAACAAATTAGCAAA                 AACT CTA GGTG                 ATGTAAACACGTATA
 3.4      38 ..      48   AACAAATTAGCAAAA                 ACTC TAG GTGA                 TGTAAACACGTATAA
 2.5      37 ..      49   GAACAAATTAGCAAA                AACTC TAG GTGAT                GTAAACACGTATAAA
 3.5      39 ..      50   ACAAATTAGCAAAAA                C-TC TAGGT GATG                TAAACACGTATAAAA
 2.6      38 ..      51   AACAAATTAGCAAAA               AC-TC TAGGT GATGT               AAACACGTATAAAAA
 3.2      42 ..      52   AATTAGCAAAAACTC                 TA GGTGATG TA                 AACACGTATAAAAAC
 6.7      41 ..      53   AAATTAGCAAAAACT                CTA GGTGATG TAA                ACACGTATAAAAACG
 5.8      40 ..      54   CAAATTAGCAAAAAC               TCTA GGTGATG TAAA               CACGTATAAAAACGT
 1.8      45 ..      55   TAGCAAAAACTCTAG                 GT GATGTAA AC                 ACGTATAAAAACGTA
 0.4      46 ..      56   AGCAAAAACTCTAGG                 TGAT GTA AACA                 CGTATAAAAACGTAx
-1.9      45 ..      57   TAGCAAAAACTCTAG                GTGAT GTA AACAC                GTATAAAAACGTAxx
 1.6      44 ..      58   TTAGCAAAAACTCTA               GGTGAT GTA AACACG               TATAAAAACGTAxxx
-0.8      48 ..      59   CAAAAACTCTAGGTG                ATGT AAAC ACGT                 ATAAAAACGTAxxxx
-0.2      42 ..      60   AATTAGCAAAAACTC             TAGGTGAT GTA AACACGTA             TAAAAACGTAxxxxx
 3.3      41 ..      61   AAATTAGCAAAAACT            CTAGGTGAT GTA AACACGTAT            AAAAACGTAxxxxxx
 2.4      40 ..      62   CAAATTAGCAAAAAC           TCTAGGTGAT GTA AACACGTATA           AAAACGTAxxxxxxx
 5.9      39 ..      63   ACAAATTAGCAAAAA          CTCTAGGTGAT GTA AACACGTATAA          AAACGTAxxxxxxxx
 5.4      49 ..      64   AAAAACTCTAGGTGA              TGTAAA CACG TATAAA               AACGTAxxxxxxxxx
 8.7      46 ..      65   AGCAAAAACTCTAGG            TGATGTA AACACG TATAAAA             ACGTAxxxxxxxxxx
None      56 ..      66   CTAGGTGATGTAAAC                  ACGTATAAAAA                  CGTAxxxxxxxxxxx
 6.8      57 ..      67   TAGGTGATGTAAACA                CGT ATAAAA AC-                 GTAxxxxxxxxxxxx
-1.5      57 ..      68   TAGGTGATGTAAACA                CGT ATAAAA ACG                 TAxxxxxxxxxxxxx
-2.4      56 ..      69   CTAGGTGATGTAAAC               ACGT ATAAAA ACGT                Axxxxxxxxxxxxxx
