>NFJT01000033.1:c22159-22104 Anaerofilum sp. An201 An201_contig_33, whole genome shotgun sequence FORWARD
 7.5       1 ..      11   xxxxxxxxxxxxxxx                --TGC CCG GCATG                GCGTAAAACTGCACA
 5.4       2 ..      12   xxxxxxxxxxxxxxT                GCC CGGCAT GG-                 CGTAAAACTGCACAG
-2.9       2 ..      13   xxxxxxxxxxxxxxT                GCC CGGCAT GGC                 GTAAAACTGCACAGC
-1.6       1 ..      14   xxxxxxxxxxxxxxx               TGCC CGGCAT GGCG                TAAAACTGCACAGCC
 2.7       2 ..      15   xxxxxxxxxxxxxxT               GC-CCG GCA TGGCGT               AAAACTGCACAGCCC
 1.8       1 ..      16   xxxxxxxxxxxxxxx              TGC-CCG GCA TGGCGTA              AAACTGCACAGCCCG
 7.8       1 ..      17   xxxxxxxxxxxxxxx             T-GC-CCG GCA TGGCGTAA             AACTGCACAGCCCGT
 8.4       8 ..      18   xxxxxxxxTGCCCGG                 CATG GCG TAAA                 ACTGCACAGCCCGTG
 7.6       9 ..      19   xxxxxxxTGCCCGGC                 AT GGCGTAA AA                 CTGCACAGCCCGTGG
 7.7       7 ..      20   xxxxxxxxxTGCCCG               G CATGGCGTAAAA C                TGCACAGCCCGTGGG
   4      11 ..      21   xxxxxTGCCCGGCAT                 GG CGTAAAA CT                 GCACAGCCCGTGGGA
 4.8      12 ..      22   xxxxTGCCCGGCATG                 GCGT AAA ACTG                 CACAGCCCGTGGGAG
-0.8      12 ..      23   xxxxTGCCCGGCATG                GC-GT AAA ACTGC                ACAGCCCGTGGGAGC
 1.6      10 ..      24   xxxxxxTGCCCGGCA               TGGCGT AAA ACTGCA               CAGCCCGTGGGAGCG
 1.3      12 ..      25   xxxxTGCCCGGCATG               GCGTA AAAC TGCAC                AGCCCGTGGGAGCGA
   2      10 ..      26   xxxxxxTGCCCGGCA             TG-GC-GT AAA ACTGCACA             GCCCGTGGGAGCGAC
 5.5       9 ..      27   xxxxxxxTGCCCGGC            ATG-GC-GT AAA ACTGCACAG            CCCGTGGGAGCGACC
 3.4       7 ..      28   xxxxxxxxxTGCCCG          GCATG-GC-GT AAA ACTGCACA-GC          CCGTGGGAGCGACCC
 1.1       6 ..      29   xxxxxxxxxxTGCCC         GGCATG-GC-GT AAA ACTGCACA-GCC         CGTGGGAGCGACCCC
 3.4      20 ..      30   CGGCATGGCGTAAAA                 CTGC ACA GCCC                 GTGGGAGCGACCCCG
 2.1       5 ..      31   xxxxxxxxxxxTGCC        CGGCATG-GC-GT AAA ACTGCACAGCCCG        TGGGAGCGACCCCGT
   2      19 ..      32   CCGGCATGGCGTAAA               ACTG CACAGC CCGT                GGGAGCGACCCCGTA
-2.5      23 ..      33   CATGGCGTAAAACTG                 CAC AGCCC GTG                 GGAGCGACCCCGTAA
   1      22 ..      34   GCATGGCGTAAAACT                GCAC AGCCC GTGG                GAGCGACCCCGTAAA
   1      23 ..      35   CATGGCGTAAAACTG                CACA GCCCG TGGG                AGCGACCCCGTAAAA
 3.4      26 ..      36   GGCGTAAAACTGCAC                 AGCC CGT GGGA                 GCGACCCCGTAAAAA
 1.1      25 ..      37   TGGCGTAAAACTGCA                CAGCC CGT GGGAG                CGACCCCGTAAAAAG
-2.2      27 ..      38   GCGTAAAACTGCACA                GC-CC GTG GGAGC                GACCCCGTAAAAAGC
 1.3      26 ..      39   GGCGTAAAACTGCAC               AGC-CC GTG GGAGCG               ACCCCGTAAAAAGCG
 2.2      29 ..      40   GTAAAACTGCACAGC                CCGT GGGA GCGA                 CCCCGTAAAAAGCGC
  -1      31 ..      41   AAAACTGCACAGCCC                 GTGG GAG CGAC                 CCCGTAAAAAGCGCA
 2.5      30 ..      42   TAAAACTGCACAGCC                CGTGG GAG CGACC                CCGTAAAAAGCGCAx
-3.9      33 ..      43   AACTGCACAGCCCGT                 GGG AGCGA CCC                 CGTAAAAAGCGCAxx
-2.9      33 ..      44   AACTGCACAGCCCGT                GGG AGCGAC CCC                 GTAAAAAGCGCAxxx
-2.5      30 ..      45   TAAAACTGCACAGCC              CGTGGG AGCGA CCC-CG              TAAAAAGCGCAxxxx
-0.3      31 ..      46   AAAACTGCACAGCCC              GTGGG AGCGAC CCCGT               AAAAAGCGCAxxxxx
 2.2      36 ..      47   TGCACAGCCCGTGGG                AGCG ACCC CGTA                 AAAAGCGCAxxxxxx
 4.8      38 ..      48   CACAGCCCGTGGGAG                 CGAC CCC GTAA                 AAAGCGCAxxxxxxx
 8.3      37 ..      49   GCACAGCCCGTGGGA                GCGAC CCC GTAAA                AAGCGCAxxxxxxxx
None      40 ..      50   CAGCCCGTGGGAGCG                  ACCCCGTAAAA                  AGCGCAxxxxxxxxx
None      41 ..      51   AGCCCGTGGGAGCGA                  CCCCGTAAAAA                  GCGCAxxxxxxxxxx
 4.7      42 ..      52   GCCCGTGGGAGCGAC                 C CCGTAAAAA G                 CGCAxxxxxxxxxxx
 4.8      43 ..      53   CCCGTGGGAGCGACC                 CCGT AAA AAGC                 GCAxxxxxxxxxxxx
-0.3      44 ..      54   CCGTGGGAGCGACCC                 CGT AAAAA GCG                 CAxxxxxxxxxxxxx
 3.2      43 ..      55   CCCGTGGGAGCGACC                CCGT AAAAA GCGC                Axxxxxxxxxxxxxx
