>JABXYM010000001.1:c2117071-2117009 Salipaludibacillus agaradhaerens strain B1096_S55 1, whole genome shotgun sequence FORWARD
 6.9       1 ..      11   xxxxxxxxxxxxxxx                 TTA CTATT TGT                 AGACGTTAAAGAACA
-1.1       2 ..      12   xxxxxxxxxxxxxxT                 TAC TATTT GTA                 GACGTTAAAGAACAA
 0.2       1 ..      13   xxxxxxxxxxxxxxx                TTAC TATTT GTAG                ACGTTAAAGAACAAA
 1.4       3 ..      14   xxxxxxxxxxxxxTT                ACTA TTTG TAGA                 CGTTAAAGAACAAAA
 4.9       2 ..      15   xxxxxxxxxxxxxxT               TACTA TTTG TAGAC                GTTAAAGAACAAAAG
 6.1       4 ..      16   xxxxxxxxxxxxTTA                CTATT TGT AGACG                TTAAAGAACAAAAGT
   5       6 ..      17   xxxxxxxxxxTTACT                ATTT GTAG ACGT                 TAAAGAACAAAAGTG
   8       7 ..      18   xxxxxxxxxTTACTA                TTTG TAGA CGTT                 AAAGAACAAAAGTGG
 5.4       9 ..      19   xxxxxxxTTACTATT                 TG TAGACGT TA                 AAGAACAAAAGTGGT
   4      10 ..      20   xxxxxxTTACTATTT                 GTAG ACG TTAA                 AGAACAAAAGTGGTC
 3.1       9 ..      21   xxxxxxxTTACTATT                TGTAG ACG TTAAA                GAACAAAAGTGGTCG
 4.4       8 ..      22   xxxxxxxxTTACTAT               TTGTAG ACG TTAAAG               AACAAAAGTGGTCGA
 3.5       7 ..      23   xxxxxxxxxTTACTA              TTTGTAG ACG TTAAAGA              ACAAAAGTGGTCGAG
   7       6 ..      24   xxxxxxxxxxTTACT             ATTTGTAG ACG TTAAAGAA             CAAAAGTGGTCGAGG
 3.9      15 ..      25   xTTACTATTTGTAGA                CGTT AAAG AAC-                 AAAAGTGGTCGAGGT
 1.4      15 ..      26   xTTACTATTTGTAGA                CGTT AAAG AACA                 AAAGTGGTCGAGGTC
 3.2      17 ..      27   TACTATTTGTAGACG                 TT AAAGAAC AA                 AAGTGGTCGAGGTCG
 4.1       7 ..      28   xxxxxxxxxTTACTA           TTTGT AGACGTTAAAGA ACAAA            AGTGGTCGAGGTCGT
 5.2      17 ..      29   TACTATTTGTAGACG                TT AAAGAACAA AA                GTGGTCGAGGTCGTA
 5.4      15 ..      30   xTTACTATTTGTAGA              CGTT AAAGAACA AAAG               TGGTCGAGGTCGTAA
 4.5      14 ..      31   xxTTACTATTTGTAG             ACGTT AAAGAACA AAAGT              GGTCGAGGTCGTAAC
 7.3       2 ..      32   xxxxxxxxxxxxxxT      TACTATTTGT AGACGTTAAAGA ACAAA-AGTG       GTCGAGGTCGTAACC
 5.8      22 ..      33   TTTGTAGACGTTAAA                GAAC AAAA GTGG                 TCGAGGTCGTAACCT
 0.4      24 ..      34   TGTAGACGTTAAAGA                 ACAA AAG TGGT                 CGAGGTCGTAACCTC
-0.9      22 ..      35   TTTGTAGACGTTAAA               GAACA AAAG TGGTC                GAGGTCGTAACCTCG
 2.6      21 ..      36   ATTTGTAGACGTTAA              AGAACA AAAG TGGTCG               AGGTCGTAACCTCGT
 6.1      20 ..      37   TATTTGTAGACGTTA             AAGAACA AAAG TGGTCGA              GGTCGTAACCTCGTA
 7.7      25 ..      38   GTAGACGTTAAAGAA               C AAAAGTGGTCGA G                GTCGTAACCTCGTAA
 8.7      25 ..      39   GTAGACGTTAAAGAA               C AAAAGTGGTCGAG G               TCGTAACCTCGTAAA
 7.1      29 ..      40   ACGTTAAAGAACAAA                A GTGGTCGAGG T                 CGTAACCTCGTAAAA
 5.7      30 ..      41   CGTTAAAGAACAAAA                G TGGTCGAGGT C                 GTAACCTCGTAAAAA
 3.4      32 ..      42   TTAAAGAACAAAAGT                 GGTC GAG GTCG                 TAACCTCGTAAAAAA
 4.7      33 ..      43   TAAAGAACAAAAGTG                GTCG AGGT CG-T                 AACCTCGTAAAAAAA
 2.5      34 ..      44   AAAGAACAAAAGTGG                T-CG AGGT CGTA                 ACCTCGTAAAAAAAA
   6      33 ..      45   TAAAGAACAAAAGTG               GT-CG AGGT CGTAA                CCTCGTAAAAAAAAC
 3.7      32 ..      46   TTAAAGAACAAAAGT              GGT-CG AGGT CGTAAC               CTCGTAAAAAAAACG
 2.5      32 ..      47   TTAAAGAACAAAAGT              GGT CGAGGTCGTA ACC               TCGTAAAAAAAACGT
-4.4      37 ..      48   GAACAAAAGTGGTCG                AGGT CGTA ACCT                 CGTAAAAAAAACGTA
-6.7      36 ..      49   AGAACAAAAGTGGTC               GAGGT CGTA ACCTC                GTAAAAAAAACGTAx
  -9      35 ..      50   AAGAACAAAAGTGGT              CGAGGT CGTA ACCTCG               TAAAAAAAACGTAxx
-5.5      34 ..      51   AAAGAACAAAAGTGG             TCGAGGT CGTA ACCTCGT              AAAAAAAACGTAxxx
-3.9      34 ..      52   AAAGAACAAAAGTGG            T-CGAGGT CGTA ACCTCGTA             AAAAAAACGTAxxxx
-0.4      33 ..      53   TAAAGAACAAAAGTG           GT-CGAGGT CGTA ACCTCGTAA            AAAAAACGTAxxxxx
 0.6      31 ..      54   GTTAAAGAACAAAAG          TGGTCGAGGT CGTA ACCTCGTAAA           AAAAACGTAxxxxxx
 2.2      31 ..      55   GTTAAAGAACAAAAG         TGGT-CGAGGT CGTA ACCTCGTAAAA          AAAACGTAxxxxxxx
 5.7      30 ..      56   CGTTAAAGAACAAAA        GTGGT-CGAGGT CGTA ACCTCGTAAAAA         AAACGTAxxxxxxxx
 7.6      47 ..      57   GGTCGAGGTCGTAAC                 CT CGTAAAA AA                 AACGTAxxxxxxxxx
 6.1      48 ..      58   GTCGAGGTCGTAACC                 T CGTAAAAAA A                 ACGTAxxxxxxxxxx
 7.1      48 ..      59   GTCGAGGTCGTAACC                T CGTAAAAAAA A                 CGTAxxxxxxxxxxx
 1.8      50 ..      60   CGAGGTCGTAACCTC                 GT AAAAAAA AC                 GTAxxxxxxxxxxxx
-0.5      49 ..      61   TCGAGGTCGTAACCT                CGT AAAAAAA ACG                TAxxxxxxxxxxxxx
   3      48 ..      62   GTCGAGGTCGTAACC               TCGT AAAAAAA ACGT               Axxxxxxxxxxxxxx
