>VFMF01000001.1:3819704-3819762 Clostridium sp. KNHs216 LY85DRAFT_unitig_0_quiver.1, whole genome shotgun sequence FORWARD
-3.9       1 ..      11   xxxxxxxxxxxxxxx                 CGC CGACT GCG                 GGCGTAATCGGCAGA
 1.1       2 ..      12   xxxxxxxxxxxxxxC                GCCG ACTG CGG-                 GCGTAATCGGCAGAG
-1.4       2 ..      13   xxxxxxxxxxxxxxC                GCCG ACTG CGGG                 CGTAATCGGCAGAGC
-1.9       2 ..      14   xxxxxxxxxxxxxxC                GCC GACTGCG GGC                GTAATCGGCAGAGCG
-4.2       1 ..      15   xxxxxxxxxxxxxxx               CGCC GACTGCG GGCG               TAATCGGCAGAGCGG
 1.8       6 ..      16   xxxxxxxxxxCGCCG                 AC TGCGGGC GT                 AATCGGCAGAGCGGC
 5.3       5 ..      17   xxxxxxxxxxxCGCC                GAC TGCGGGC GTA                ATCGGCAGAGCGGCG
 3.6       7 ..      18   xxxxxxxxxCGCCGA                CTGC GGGC GTAA                 TCGGCAGAGCGGCGC
 2.7       6 ..      19   xxxxxxxxxxCGCCG               ACTGC GGGC GTAAT                CGGCAGAGCGGCGCG
 0.4       5 ..      20   xxxxxxxxxxxCGCC              GACTGC GGGC GTAATC               GGCAGAGCGGCGCGA
-1.9       4 ..      21   xxxxxxxxxxxxCGC             CGACTGC GGGC GTAATCG              GCAGAGCGGCGCGAG
-4.2       3 ..      22   xxxxxxxxxxxxxCG            CCGACTGC GGGC GTAATCGG             CAGAGCGGCGCGAGG
-6.5       2 ..      23   xxxxxxxxxxxxxxC           GCCGACTGC GGGC GTAATCGGC            AGAGCGGCGCGAGGC
  -3       1 ..      24   xxxxxxxxxxxxxxx          CGCCGACTGC GGGC GTAATCGGCA           GAGCGGCGCGAGGCG
-2.8       1 ..      25   xxxxxxxxxxxxxxx         C-GCCGACTGC GGGC GTAATCGGCAG          AGCGGCGCGAGGCGC
 1.2       6 ..      26   xxxxxxxxxxCGCCG            ACTGCGGG CGTAA TCGGCAGA            GCGGCGCGAGGCGCG
 2.6       7 ..      27   xxxxxxxxxCGCCGA           CTGCGGGCG TAAT CGGCAG-AG            CGGCGCGAGGCGCGA
 4.9       5 ..      28   xxxxxxxxxxxCGCC          G-ACTGCGGG CGTAA TCGGCAGAGC          GGCGCGAGGCGCGAC
 2.6       4 ..      29   xxxxxxxxxxxxCGC         CG-ACTGCGGG CGTAA TCGGCAGAGCG         GCGCGAGGCGCGACC
-2.4      20 ..      30   GACTGCGGGCGTAAT                 CGGC AGA GCGG                 CGCGAGGCGCGACCT
  -2       2 ..      31   xxxxxxxxxxxxxxC       GCCG-ACTGCGGG CGTAA TCGGCAGAGCGGC       GCGAGGCGCGACCTC
-4.3       1 ..      32   xxxxxxxxxxxxxxx      CGCCG-ACTGCGGG CGTAA TCGGCAGAGCGGCG      CGAGGCGCGACCTCG
 1.4      22 ..      33   CTGCGGGCGTAATCG                GC AGAGCGGC GC                 GAGGCGCGACCTCGT
 0.8      20 ..      34   GACTGCGGGCGTAAT              CG-GC AGAGCG GCGCG               AGGCGCGACCTCGTA
-0.1      19 ..      35   CGACTGCGGGCGTAA             TCG-GC AGAGCG GCGCGA              GGCGCGACCTCGTAA
 3.4      18 ..      36   CCGACTGCGGGCGTA            ATCG-GC AGAGCG GCGCGAG             GCGCGACCTCGTAAA
 4.6      23 ..      37   TGCGGGCGTAATCGG               CAGAGC GGC GCGAGG               CGCGACCTCGTAAAA
 1.4      27 ..      38   GGCGTAATCGGCAGA                GC GGCGCGAG GC                 GCGACCTCGTAAAAA
-1.4      28 ..      39   GCGTAATCGGCAGAG                CGGC GCGA GGCG                 CGACCTCGTAAAAAA
-8.2      30 ..      40   GTAATCGGCAGAGCG                 GCGC GAG GCGC                 GACCTCGTAAAAAAG
-8.2      31 ..      41   TAATCGGCAGAGCGG                 CGCG AGG CGCG                 ACCTCGTAAAAAAGC
-4.7      30 ..      42   GTAATCGGCAGAGCG                GCGCG AGG CGCGA                CCTCGTAAAAAAGCG
  -7      29 ..      43   CGTAATCGGCAGAGC               GGCGCG AGG CGCGAC               CTCGTAAAAAAGCGT
-6.8      29 ..      44   CGTAATCGGCAGAGC              GG-CGCG AGG CGCGACC              TCGTAAAAAAGCGTA
-4.2      26 ..      45   GGGCGTAATCGGCAG            AGCGGCGCG AGG CGCGAC-CT            CGTAAAAAAGCGTAx
-6.5      25 ..      46   CGGGCGTAATCGGCA           GAGCGGCGCG AGG CGCGAC-CTC           GTAAAAAAGCGTAxx
-7.1      33 ..      47   ATCGGCAGAGCGGCG               CGAGG CGCGA CCTCG               TAAAAAAGCGTAxxx
-5.8      32 ..      48   AATCGGCAGAGCGGC              GCGAGG CGCGA CCTCGT              AAAAAAGCGTAxxxx
-2.3      31 ..      49   TAATCGGCAGAGCGG             CGCGAGG CGCGA CCTCGTA             AAAAAGCGTAxxxxx
 1.2      30 ..      50   GTAATCGGCAGAGCG            GCGCGAGG CGCGA CCTCGTAA            AAAAGCGTAxxxxxx
 4.6      19 ..      51   CGACTGCGGGCGTAA     TCGGCAGAGCGGCGCG AGG CGCGAC-CTC-GTAAA     AAAGCGTAxxxxxxx
 8.1      18 ..      52   CCGACTGCGGGCGTA    ATCGGCAGAGCGGCGCG AGG CGCGAC-CTC-GTAAAA    AAGCGTAxxxxxxxx
None      43 ..      53   CGGCGCGAGGCGCGA                  CCTCGTAAAAA                  AGCGTAxxxxxxxxx
 7.6      44 ..      54   GGCGCGAGGCGCGAC                 CT CGTAAAA AA                 GCGTAxxxxxxxxxx
 2.8      44 ..      55   GGCGCGAGGCGCGAC                CT CGTAAAAA AG                 CGTAxxxxxxxxxxx
 5.8      45 ..      56   GCGCGAGGCGCGACC                TCGT AAAA AAGC                 GTAxxxxxxxxxxxx
 0.7      46 ..      57   CGCGAGGCGCGACCT                CGT AAAAAA GCG                 TAxxxxxxxxxxxxx
 4.2      45 ..      58   GCGCGAGGCGCGACC               TCGT AAAAAA GCGT                Axxxxxxxxxxxxxx
