>GL945169.1:c33029-32966 Lachnospiraceae bacterium 1_4_56FAA genomic scaffold supercont1.7, whole genome shotgun sequence FORWARD
 6.1       1 ..      11   xxxxxxxxxxxxxxx                GGTC AGCT GAT-                 CAGACCTAAAATAGT
-2.2       1 ..      12   xxxxxxxxxxxxxxx                GGTC AGCT GATC                 AGACCTAAAATAGTC
 3.8       1 ..      13   xxxxxxxxxxxxxxx               -GGTC AGCT GATCA                GACCTAAAATAGTCA
 1.9       4 ..      14   xxxxxxxxxxxxGGT                 CAG CTGAT CAG                 ACCTAAAATAGTCAA
   1       3 ..      15   xxxxxxxxxxxxxGG                TCAG CTGAT CAGA                CCTAAAATAGTCAAT
-1.3       2 ..      16   xxxxxxxxxxxxxxG               GTCAG CTGAT CAGAC               CTAAAATAGTCAATT
-3.6       1 ..      17   xxxxxxxxxxxxxxx              GGTCAG CTGAT CAGACC              TAAAATAGTCAATTC
 2.4       1 ..      18   xxxxxxxxxxxxxxx             -GGTCAG CTGAT CAGACCT             AAAATAGTCAATTCG
 6.4       8 ..      19   xxxxxxxxGGTCAGC                T-GAT CAG ACCTA                AAATAGTCAATTCGT
   6       3 ..      20   xxxxxxxxxxxxxGG             TCAGCT GATCAG ACCTAA              AATAGTCAATTCGTG
 6.1      11 ..      21   xxxxxGGTCAGCTGA                 T CAGACCTAA A                 ATAGTCAATTCGTGG
 7.1      11 ..      22   xxxxxGGTCAGCTGA                T CAGACCTAAA A                 TAGTCAATTCGTGGC
 6.1      13 ..      23   xxxGGTCAGCTGATC                 A GACCTAAAA T                 AGTCAATTCGTGGCG
 7.6      14 ..      24   xxGGTCAGCTGATCA                 GA CCTAAAA TA                 GTCAATTCGTGGCGG
 7.7      12 ..      25   xxxxGGTCAGCTGAT               C AGACCTAAAATA G                TCAATTCGTGGCGGA
 0.4      16 ..      26   GGTCAGCTGATCAGA                 CCTA AAA TAGT                 CAATTCGTGGCGGAT
-0.3      14 ..      27   xxGGTCAGCTGATCA               GACCTA AAA TA-GTC               AATTCGTGGCGGATG
 3.2      13 ..      28   xxxGGTCAGCTGATC              AGACCTA AAA TA-GTCA              ATTCGTGGCGGATGG
 6.7      12 ..      29   xxxxGGTCAGCTGAT             CAGACCTA AAA TA-GTCAA             TTCGTGGCGGATGGT
 6.1      20 ..      30   AGCTGATCAGACCTA                 A AATAGTCAA T                 TCGTGGCGGATGGTT
 0.3      21 ..      31   GCTGATCAGACCTAA                 AAT AGTCA ATT                 CGTGGCGGATGGTTA
 3.8      20 ..      32   AGCTGATCAGACCTA                AAAT AGTCA ATTC                GTGGCGGATGGTTAC
 6.4      17 ..      33   GTCAGCTGATCAGAC              CTAA AATAGTCAA TTCG              TGGCGGATGGTTACA
 6.1      24 ..      34   GATCAGACCTAAAAT                 A GTCAATTCG T                 GGCGGATGGTTACAC
 7.4      23 ..      35   TGATCAGACCTAAAA                TA GTCAATTCG TG                GCGGATGGTTACACG
 1.1      26 ..      36   TCAGACCTAAAATAG                 TCA ATTCG TGG                 CGGATGGTTACACGC
-1.2      25 ..      37   ATCAGACCTAAAATA                GTCA ATTCG TGGC                GGATGGTTACACGCC
 2.3      24 ..      38   GATCAGACCTAAAAT               AGTCA ATTCG TGGCG               GATGGTTACACGCCT
 3.6      23 ..      39   TGATCAGACCTAAAA              TAGTCA ATTCG TGGCGG              ATGGTTACACGCCTA
-3.2      30 ..      40   ACCTAAAATAGTCAA                 TTCG TGG CGGA                 TGGTTACACGCCTAA
-4.1      29 ..      41   GACCTAAAATAGTCA                ATTCG TGG CGGAT                GGTTACACGCCTAAA
-0.6      28 ..      42   AGACCTAAAATAGTC               AATTCG TGG CGGATG               GTTACACGCCTAAAA
-2.9      27 ..      43   CAGACCTAAAATAGT              CAATTCG TGG CGGATGG              TTACACGCCTAAAAT
 0.6      26 ..      44   TCAGACCTAAAATAG             TCAATTCG TGG CGGATGGT             TACACGCCTAAAATA
 1.3      24 ..      45   GATCAGACCTAAAAT           AGTCAATTCG TGG CGGA-TGGTT           ACACGCCTAAAATAA
 0.4      23 ..      46   TGATCAGACCTAAAA          TAGTCAATTCG TGG CGGA-TGGTTA          CACGCCTAAAATAAC
 0.1      33 ..      47   TAAAATAGTCAATTC               GTGGC GGATG GTTAC               ACGCCTAAAATAACC
 3.6      32 ..      48   CTAAAATAGTCAATT              CGTGGC GGATG GTTACA              CGCCTAAAATAACCT
 2.5      39 ..      49   AGTCAATTCGTGGCG                GATG GTTA CA-C                 GCCTAAAATAACCTA
 1.2      32 ..      50   CTAAAATAGTCAATT             CGTG GCGGATGGTTA CACG             CCTAAAATAACCTAx
 1.1      36 ..      51   AATAGTCAATTCGTG              GCG GATGGTTACA CGC               CTAAAATAACCTAxx
-1.2      35 ..      52   AAATAGTCAATTCGT             GGCG GATGGTTACA CGCC              TAAAATAACCTAxxx
 2.3      34 ..      53   AAAATAGTCAATTCG            TGGCG GATGGTTACA CGCCT             AAAATAACCTAxxxx
 3.9      34 ..      54   AAAATAGTCAATTCG           T-GGCG GATGGTTACA CGCCTA            AAATAACCTAxxxxx
 1.3      44 ..      55   ATTCGTGGCGGATGG                TTA CACGCC TAA                 AATAACCTAxxxxxx
 4.8      43 ..      56   AATTCGTGGCGGATG               GTTA CACGCC TAAA                ATAACCTAxxxxxxx
 6.2      44 ..      57   ATTCGTGGCGGATGG               TT ACACGCCTAA AA                TAACCTAxxxxxxxx
 6.1      48 ..      58   GTGGCGGATGGTTAC                 A CGCCTAAAA T                 AACCTAxxxxxxxxx
 7.2      45 ..      59   TTCGTGGCGGATGGT               TA CACGCCTAAAA TA               ACCTAxxxxxxxxxx
 6.3      44 ..      60   ATTCGTGGCGGATGG              TTA CACGCCTAAAA TAA              CCTAxxxxxxxxxxx
   4      43 ..      61   AATTCGTGGCGGATG             GTTA CACGCCTAAAA TAAC             CTAxxxxxxxxxxxx
 1.7      42 ..      62   CAATTCGTGGCGGAT            GGTTA CACGCCTAAAA TAACC            TAxxxxxxxxxxxxx
 5.2      41 ..      63   TCAATTCGTGGCGGA           TGGTTA CACGCCTAAAA TAACCT           Axxxxxxxxxxxxxx
