>CP000568.1:2950205-2950266 Acetivibrio thermocellus ATCC 27405 chromosome, complete genome FORWARD
 8.3       1 ..      11   xxxxxxxxxxxxxxx                 T TTCGGTACT G                 CAGACGTAAAAGAAC
   7       2 ..      12   xxxxxxxxxxxxxxT                 TTCG GTA CTGC                 AGACGTAAAAGAACA
 3.6       2 ..      13   xxxxxxxxxxxxxxT                TTCG GTAC TGCA                 GACGTAAAAGAACAG
 1.2       4 ..      14   xxxxxxxxxxxxTTT                 CGGT ACT GCAG                 ACGTAAAAGAACAGG
 0.3       3 ..      15   xxxxxxxxxxxxxTT                TCGGT ACT GCAGA                CGTAAAAGAACAGGA
 1.8       6 ..      16   xxxxxxxxxxTTTCG                 GT ACTGCAG AC                 GTAAAAGAACAGGAC
 3.4       4 ..      17   xxxxxxxxxxxxTTT               CG GTACTGCAGA CG                TAAAAGAACAGGACA
 1.8       8 ..      18   xxxxxxxxTTTCGGT                 AC TGCAGAC GT                 AAAAGAACAGGACAC
 0.9       7 ..      19   xxxxxxxxxTTTCGG                TAC TGCAGAC GTA                AAAGAACAGGACACT
 3.6       9 ..      20   xxxxxxxTTTCGGTA                CTGC AGAC GTAA                 AAGAACAGGACACTC
 6.1       1 ..      21   xxxxxxxxxxxxxxx            TTTCGGT ACTGCAG ACGTAAA            AGAACAGGACACTCG
 6.2       7 ..      22   xxxxxxxxxTTTCGG              TACTGC AGAC GTAAAA               GAACAGGACACTCGT
 5.7      12 ..      23   xxxxTTTCGGTACTG                C AGACGTAAAA G                 AACAGGACACTCGTG
None      14 ..      24   xxTTTCGGTACTGCA                  GACGTAAAAGA                  ACAGGACACTCGTGG
 8.3      10 ..      25   xxxxxxTTTCGGTAC              TGC AGACGTAAAA GAA               CAGGACACTCGTGGA
 6.1       6 ..      26   xxxxxxxxxxTTTCG            GTACT GCAGACGTAAA AGAAC            AGGACACTCGTGGAA
 4.3      16 ..      27   TTTCGGTACTGCAGA                CGT AAAAGA ACA                 GGACACTCGTGGAAG
 4.5      16 ..      28   TTTCGGTACTGCAGA               C-GT AAAAGA ACAG                GACACTCGTGGAAGC
 6.3      16 ..      29   TTTCGGTACTGCAGA               CGT AAAAGAAC AGG                ACACTCGTGGAAGCG
 7.7       2 ..      30   xxxxxxxxxxxxxxT        TTCGGTACT GCAGACGTAAA AGAACAGGA        CACTCGTGGAAGCGA
 5.8      17 ..      31   TTCGGTACTGCAGAC               GT AAAAGAACAGG AC               ACTCGTGGAAGCGAC
 6.2      22 ..      32   TACTGCAGACGTAAA                 AG AACAGGA CA                 CTCGTGGAAGCGACC
 4.7      23 ..      33   ACTGCAGACGTAAAA                 G AACAGGACA C                 TCGTGGAAGCGACCA
 3.8      22 ..      34   TACTGCAGACGTAAA                AG AACAGGACA CT                CGTGGAAGCGACCAC
 3.8      23 ..      35   ACTGCAGACGTAAAA                GA ACAGGACAC TC                GTGGAAGCGACCACG
 1.2      26 ..      36   GCAGACGTAAAAGAA                 CAGG ACA CTCG                 TGGAAGCGACCACGA
 0.3      25 ..      37   TGCAGACGTAAAAGA                ACAGG ACA CTCGT                GGAAGCGACCACGAA
-1.9      26 ..      38   GCAGACGTAAAAGAA                CAGGA CAC TCGTG                GAAGCGACCACGAAA
 1.6      25 ..      39   TGCAGACGTAAAAGA               ACAGGA CAC TCGTGG               AAGCGACCACGAAAA
 5.1      24 ..      40   CTGCAGACGTAAAAG              AACAGGA CAC TCGTGGA              AGCGACCACGAAAAA
   7      31 ..      41   CGTAAAAGAACAGGA                 CACT CGT GGAA                 GCGACCACGAAAAAA
 4.8      32 ..      42   GTAAAAGAACAGGAC                 ACTC GTG GAAG                 CGACCACGAAAAAAA
 4.3      32 ..      43   GTAAAAGAACAGGAC                ACT CGTGGA AGC                 GACCACGAAAAAAAG
   2      31 ..      44   CGTAAAAGAACAGGA               CACT CGTGGA AGCG                ACCACGAAAAAAAGC
-2.2      34 ..      45   AAAAGAACAGGACAC                TCGT GGAA GCGA                 CCACGAAAAAAAGCG
  -1      36 ..      46   AAGAACAGGACACTC                 GTGG AAG CGAC                 CACGAAAAAAAGCGT
 0.9      28 ..      47   AGACGTAAAAGAACA            GGACACT CGTGGA AGCGACC             ACGAAAAAAAGCGTA
-1.5      37 ..      48   AGAACAGGACACTCG                TGG AAGCGA CCA                 CGAAAAAAAGCGTAx
-3.8      36 ..      49   AAGAACAGGACACTC               GTGG AAGCGA CCAC                GAAAAAAAGCGTAxx
-6.1      35 ..      50   AAAGAACAGGACACT              CGTGG AAGCGA CCACG               AAAAAAAGCGTAxxx
  -7      34 ..      51   AAAAGAACAGGACAC             TCGTGG AAGCGA CCACGA              AAAAAAGCGTAxxxx
-3.5      33 ..      52   TAAAAGAACAGGACA            CTCGTGG AAGCGA CCACGAA             AAAAAGCGTAxxxxx
   0      32 ..      53   GTAAAAGAACAGGAC           ACTCGTGG AAGCGA CCACGAAA            AAAAGCGTAxxxxxx
 3.5      31 ..      54   CGTAAAAGAACAGGA          CACTCGTGG AAGCGA CCACGAAAA           AAAGCGTAxxxxxxx
   7      30 ..      55   ACGTAAAAGAACAGG         ACACTCGTGG AAGCGA CCACGAAAAA          AAGCGTAxxxxxxxx
None      46 ..      56   CACTCGTGGAAGCGA                  CCACGAAAAAA                  AGCGTAxxxxxxxxx
None      47 ..      57   ACTCGTGGAAGCGAC                  CACGAAAAAAA                  GCGTAxxxxxxxxxx
 5.7      47 ..      58   ACTCGTGGAAGCGAC                C ACGAAAAAAA G                 CGTAxxxxxxxxxxx
 7.2      48 ..      59   CTCGTGGAAGCGACC                AC GAAAAAAA GC                 GTAxxxxxxxxxxxx
 1.4      49 ..      60   TCGTGGAAGCGACCA                CG AAAAAAAG CG                 TAxxxxxxxxxxxxx
 0.5      48 ..      61   CTCGTGGAAGCGACC               ACG AAAAAAAG CGT                Axxxxxxxxxxxxxx
