>SLXA01000001.1:c154924-154859 Frisingicoccus caecimuris strain DSM 28559 Ga0310541_101, whole genome shotgun sequence FORWARD
 6.1       1 ..      11   xxxxxxxxxxxxxxx                GGTC AGCA GAT-                 TAGACCTAAAACAGT
 1.4       1 ..      12   xxxxxxxxxxxxxxx                GGTC AGCA GATT                 AGACCTAAAACAGTC
 4.7       3 ..      13   xxxxxxxxxxxxxGG                 TCA GCAGA TTA                 GACCTAAAACAGTCG
 4.7       4 ..      14   xxxxxxxxxxxxGGT                 C AGCAGATTA G                 ACCTAAAACAGTCGC
 3.8       3 ..      15   xxxxxxxxxxxxxGG                TC AGCAGATTA GA                CCTAAAACAGTCGCT
 1.5       2 ..      16   xxxxxxxxxxxxxxG               GTC AGCAGATTA GAC               CTAAAACAGTCGCTT
-0.8       1 ..      17   xxxxxxxxxxxxxxx              GGTC AGCAGATTA GACC              TAAAACAGTCGCTTC
 0.4       8 ..      18   xxxxxxxxGGTCAGC                 AGAT TAG ACCT                 AAAACAGTCGCTTCG
 3.9       7 ..      19   xxxxxxxxxGGTCAG                CAGAT TAG ACCTA                AAACAGTCGCTTCGC
 5.3      10 ..      20   xxxxxxGGTCAGCAG                ATTA GACC TAA-                 AACAGTCGCTTCGCC
 2.8      10 ..      21   xxxxxxGGTCAGCAG                ATTA GACC TAAA                 ACAGTCGCTTCGCCG
 4.2      11 ..      22   xxxxxGGTCAGCAGA                TT AGACCTAA AA                 CAGTCGCTTCGCCGG
 4.4       9 ..      23   xxxxxxxGGTCAGCA               GATT AGACCTA AAAC               AGTCGCTTCGCCGGT
 7.2      13 ..      24   xxxGGTCAGCAGATT                AG ACCTAAAA CA                 GTCGCTTCGCCGGTG
 5.6       7 ..      25   xxxxxxxxxGGTCAG             CAGATT AGACCTA AAACAG             TCGCTTCGCCGGTGG
 2.8      15 ..      26   xGGTCAGCAGATTAG                AC CTAAAACA GT                 CGCTTCGCCGGTGGG
 0.5      14 ..      27   xxGGTCAGCAGATTA               GAC CTAAAACA GTC                GCTTCGCCGGTGGGC
   4      13 ..      28   xxxGGTCAGCAGATT              AGAC CTAAAACA GTCG               CTTCGCCGGTGGGCG
 7.5      12 ..      29   xxxxGGTCAGCAGAT             TAGAC CTAAAACA GTCGC              TTCGCCGGTGGGCGG
 6.1      20 ..      30   AGCAGATTAGACCTA                 A AACAGTCGC T                 TCGCCGGTGGGCGGT
 1.4      20 ..      31   AGCAGATTAGACCTA                AAAC AGTC GCTT                 CGCCGGTGGGCGGTT
 4.8      22 ..      32   CAGATTAGACCTAAA                 ACAG TCG CTTC                 GCCGGTGGGCGGTTA
 4.7      23 ..      33   AGATTAGACCTAAAA                 C AGTCGCTTC G                 CCGGTGGGCGGTTAC
 6.1      24 ..      34   GATTAGACCTAAAAC                AGTCG CTT CG-C-                CGGTGGGCGGTTACA
-2.4      25 ..      35   ATTAGACCTAAAACA                 GTCG CTT CGCC                 GGTGGGCGGTTACAC
 1.1      24 ..      36   GATTAGACCTAAAAC                AGTCG CTT CGCCG                GTGGGCGGTTACACA
-1.2      23 ..      37   AGATTAGACCTAAAA               CAGTCG CTT CGCCGG               TGGGCGGTTACACAC
-2.1      22 ..      38   CAGATTAGACCTAAA              ACAGTCG CTT CGCCGGT              GGGCGGTTACACACC
   1      27 ..      39   TAGACCTAAAACAGT                CGCT TCGCC GGTG                GGCGGTTACACACCT
 2.2      29 ..      40   GACCTAAAACAGTCG                CTTC GCCG GTGG                 GCGGTTACACACCTA
 2.4      27 ..      41   TAGACCTAAAACAGT               CGCTTC GCC GGTGGG               CGGTTACACACCTAA
 1.1      32 ..      42   CTAAAACAGTCGCTT                CGCC GGTG GGC-                 GGTTACACACCTAAA
-7.2      32 ..      43   CTAAAACAGTCGCTT                CGCC GGTG GGCG                 GTTACACACCTAAAA
-5.9      31 ..      44   CCTAAAACAGTCGCT               TCGCC GGTG GGCGG                TTACACACCTAAAAA
-2.6      33 ..      45   TAAAACAGTCGCTTC                GCCG GTGGG CGGT                TACACACCTAAAAAT
 0.9      32 ..      46   CTAAAACAGTCGCTT               CGCCG GTGGG CGGTT               ACACACCTAAAAATA
-1.431e-07      31 ..      47   CCTAAAACAGTCGCT              TCGCCG GTGGG CGGTTA              CACACCTAAAAATAA
 1.4      37 ..      48   ACAGTCGCTTCGCCG                GTGG GCGG TTAC                 ACACCTAAAAATAAC
 2.8      38 ..      49   CAGTCGCTTCGCCGG                TG GGCGGTTA CA                 CACCTAAAAATAACC
 0.5      37 ..      50   ACAGTCGCTTCGCCG               GTG GGCGGTTA CAC                ACCTAAAAATAACCT
   2      38 ..      51   CAGTCGCTTCGCCGG               TGGG CGGTTA CACA                CCTAAAAATAACCTA
-0.3      37 ..      52   ACAGTCGCTTCGCCG              GTGGG CGGTTA CACAC               CTAAAAATAACCTAx
-2.6      36 ..      53   AACAGTCGCTTCGCC             GGTGGG CGGTTA CACACC              TAAAAATAACCTAxx
 0.9      35 ..      54   AAACAGTCGCTTCGC            CGGTGGG CGGTTA CACACCT             AAAAATAACCTAxxx
   1      38 ..      55   CAGTCGCTTCGCCGG             TGGGCG GTTACA CACCTA              AAAATAACCTAxxxx
 1.3      45 ..      56   TTCGCCGGTGGGCGG                TTA CACACC TAA                 AAATAACCTAxxxxx
 4.8      44 ..      57   CTTCGCCGGTGGGCG               GTTA CACACC TAAA                AATAACCTAxxxxxx
 6.2      45 ..      58   TTCGCCGGTGGGCGG               TT ACACACCTAA AA                ATAACCTAxxxxxxx
 7.2      45 ..      59   TTCGCCGGTGGGCGG               TT ACACACCTAAA AA               TAACCTAxxxxxxxx
 7.1      49 ..      60   CCGGTGGGCGGTTAC                A CACCTAAAAA T                 AACCTAxxxxxxxxx
 8.2      46 ..      61   TCGCCGGTGGGCGGT              TA CACACCTAAAAA TA               ACCTAxxxxxxxxxx
 7.3      45 ..      62   TTCGCCGGTGGGCGG             TTA CACACCTAAAAA TAA              CCTAxxxxxxxxxxx
   5      44 ..      63   CTTCGCCGGTGGGCG            GTTA CACACCTAAAAA TAAC             CTAxxxxxxxxxxxx
 2.7      43 ..      64   GCTTCGCCGGTGGGC           GGTTA CACACCTAAAAA TAACC            TAxxxxxxxxxxxxx
 6.1      55 ..      65   GGCGGTTACACACCT                 A AAAATAACC T                 Axxxxxxxxxxxxxx
