>KC595518.2:4221-4282 Brevibacillus phage Davies, complete genome FORWARD
 8.3       1 ..      11   xxxxxxxxxxxxxxx                 T TTCGGTACT G                 TCGGCGTAAAAGAAC
   7       2 ..      12   xxxxxxxxxxxxxxT                 TTCG GTA CTGT                 CGGCGTAAAAGAACA
   8       2 ..      13   xxxxxxxxxxxxxxT                TTCG GTAC TGTC                 GGCGTAAAAGAACAG
  -1       4 ..      14   xxxxxxxxxxxxTTT                 CGGT ACT GTCG                 GCGTAAAAGAACAGG
 0.3       3 ..      15   xxxxxxxxxxxxxTT                TCGGT ACT GTCGG                CGTAAAAGAACAGGA
 3.8       2 ..      16   xxxxxxxxxxxxxxT               TTCGGT ACT GTCGGC               GTAAAAGAACAGGAC
 3.4       4 ..      17   xxxxxxxxxxxxTTT               CG GTACTGTCGG CG                TAAAAGAACAGGACA
 1.8       8 ..      18   xxxxxxxxTTTCGGT                 AC TGTCGGC GT                 AAAAGAACAGGACAT
 0.9       7 ..      19   xxxxxxxxxTTTCGG                TAC TGTCGGC GTA                AAAGAACAGGACATC
 4.4       6 ..      20   xxxxxxxxxxTTTCG               GTAC TGTCGGC GTAA               AAGAACAGGACATCA
 5.7      10 ..      21   xxxxxxTTTCGGTAC                TGT CGGCGT AAA                 AGAACAGGACATCAC
 6.1      12 ..      22   xxxxTTTCGGTACTG                 T CGGCGTAAA A                 GAACAGGACATCACC
 4.4       9 ..      23   xxxxxxxTTTCGGTA               CTGT CGGCGTA AAAG               AACAGGACATCACCG
 3.8      12 ..      24   xxxxTTTCGGTACTG                TC GGCGTAAAA GA                ACAGGACATCACCGG
   7       7 ..      25   xxxxxxxxxTTTCGG             TACTGT CGGCGTA AAAGAA             CAGGACATCACCGGA
 4.7       6 ..      26   xxxxxxxxxxTTTCG            GTACTGT CGGCGTA AAAGAAC            AGGACATCACCGGAC
 4.3      16 ..      27   TTTCGGTACTGTCGG                CGT AAAAGA ACA                 GGACATCACCGGACG
 3.6       9 ..      28   xxxxxxxTTTCGGTA            CTGT CGGCGTAAAAGA ACAG             GACATCACCGGACGC
 6.3      16 ..      29   TTTCGGTACTGTCGG               CGT AAAAGAAC AGG                ACATCACCGGACGCA
 6.2       7 ..      30   xxxxxxxxxTTTCGG          TACTGT CGGCGTAAAAGA ACAGGA           CATCACCGGACGCAA
 3.9       6 ..      31   xxxxxxxxxxTTTCG         GTACTGT CGGCGTAAAAGA ACAGGAC          ATCACCGGACGCAAC
 6.2      22 ..      32   TACTGTCGGCGTAAA                 AG AACAGGA CA                 TCACCGGACGCAACC
 5.3      21 ..      33   GTACTGTCGGCGTAA                AAG AACAGGA CAT                CACCGGACGCAACCG
 2.8      23 ..      34   ACTGTCGGCGTAAAA                GA ACAGGACA TC                 ACCGGACGCAACCGG
 6.3      22 ..      35   TACTGTCGGCGTAAA               AGA ACAGGACA TCA                CCGGACGCAACCGGG
   7      26 ..      36   GTCGGCGTAAAAGAA                 CAGG ACA TCAC                 CGGACGCAACCGGGA
 5.4      27 ..      37   TCGGCGTAAAAGAAC                AGG ACATCA CC-                 GGACGCAACCGGGAT
 2.9      27 ..      38   TCGGCGTAAAAGAAC                AGG ACATCA CCG                 GACGCAACCGGGATA
 0.6      26 ..      39   GTCGGCGTAAAAGAA               CAGG ACATCA CCGG                ACGCAACCGGGATAC
 4.1      25 ..      40   TGTCGGCGTAAAAGA              ACAGG ACATCA CCGGA               CGCAACCGGGATACA
 3.9      29 ..      41   GGCGTAAAAGAACAG                GAC ATCACCG GAC                GCAACCGGGATACAA
-4.768e-08      31 ..      42   CGTAAAAGAACAGGA                CATC ACCG GACG                 CAACCGGGATACAAA
 3.5      30 ..      43   GCGTAAAAGAACAGG               ACATC ACCG GACGC                AACCGGGATACAAAG
   7      29 ..      44   GGCGTAAAAGAACAG              GACATC ACCG GACGCA               ACCGGGATACAAAGC
 6.8      33 ..      45   TAAAAGAACAGGACA                TCAC CGGAC GCAA                CCGGGATACAAAGCG
None      36 ..      46   AAGAACAGGACATCA                  CCGGACGCAAC                  CGGGATACAAAGCGT
 5.4      37 ..      47   AGAACAGGACATCAC                CGG ACGCAA CC-                 GGGATACAAAGCGTA
-2.9      37 ..      48   AGAACAGGACATCAC                CGG ACGCAA CCG                 GGATACAAAGCGTAx
-5.2      36 ..      49   AAGAACAGGACATCA               CCGG ACGCAA CCGG                GATACAAAGCGTAxx
-1.7      35 ..      50   AAAGAACAGGACATC              ACCGG ACGCAA CCGGG               ATACAAAGCGTAxxx
-2.4      33 ..      51   TAAAAGAACAGGACA            TCACCGG ACGCAA CCGG-GA             TACAAAGCGTAxxxx
-3.3      32 ..      52   GTAAAAGAACAGGAC           ATCACCGG ACGCAA CCGG-GAT            ACAAAGCGTAxxxxx
 0.2      31 ..      53   CGTAAAAGAACAGGA          CATCACCGG ACGCAA CCGG-GATA           CAAAGCGTAxxxxxx
 2.5      42 ..      54   AGGACATCACCGGAC                GCAAC CGG GATAC                AAAGCGTAxxxxxxx
   6      41 ..      55   CAGGACATCACCGGA               CGCAAC CGG GATACA               AAGCGTAxxxxxxxx
 7.7      46 ..      56   CATCACCGGACGCAA                 CCG GGATA CAA                 AGCGTAxxxxxxxxx
None      47 ..      57   ATCACCGGACGCAAC                  CGGGATACAAA                  GCGTAxxxxxxxxxx
 5.7      47 ..      58   ATCACCGGACGCAAC                C GGGATACAAA G                 CGTAxxxxxxxxxxx
 4.7      49 ..      59   CACCGGACGCAACCG                 G GATACAAAG C                 GTAxxxxxxxxxxxx
 3.4      47 ..      60   ATCACCGGACGCAAC               CG GGATACAAAG CG                TAxxxxxxxxxxxxx
 2.6      51 ..      61   CCGGACGCAACCGGG                 ATAC AAA GCGT                 Axxxxxxxxxxxxxx
