>CP015439.1:c198254-198191 Anoxybacteroides amylolyticum strain DSM 15939 plasmid pDSM15939_1, complete sequence FORWARD
None       1 ..      11   xxxxxxxxxxxxxxx                  TTTTAGCATTT                  GTAGACGTTAAAGAA
 8.3       2 ..      12   xxxxxxxxxxxxxxT                 T TTAGCATTT G                 TAGACGTTAAAGAAC
 6.2       3 ..      13   xxxxxxxxxxxxxTT                 TTAG CAT TTGT                 AGACGTTAAAGAACA
 3.2       4 ..      14   xxxxxxxxxxxxTTT                 TA GCATTTG TA                 GACGTTAAAGAACAA
 4.5       3 ..      15   xxxxxxxxxxxxxTT                TTA GCATTTG TAG                ACGTTAAAGAACAAA
 3.6       2 ..      16   xxxxxxxxxxxxxxT               TTTA GCATTTG TAGA               CGTTAAAGAACAAAG
 5.7       6 ..      17   xxxxxxxxxxTTTTA                G CATTTGTAGA C                 GTTAAAGAACAAAGC
 3.6       7 ..      18   xxxxxxxxxTTTTAG                CATT TGTA GACG                 TTAAAGAACAAAGCG
 4.9       6 ..      19   xxxxxxxxxxTTTTA               GCATT TGTA GACGT                TAAAGAACAAAGCGG
   4       5 ..      20   xxxxxxxxxxxTTTT              AGCATT TGTA GACGTT               AAAGAACAAAGCGGT
 3.1       4 ..      21   xxxxxxxxxxxxTTT             TAGCATT TGTA GACGTTA              AAGAACAAAGCGGTT
 2.2       3 ..      22   xxxxxxxxxxxxxTT            TTAGCATT TGTA GACGTTAA             AGAACAAAGCGGTTC
 1.3       2 ..      23   xxxxxxxxxxxxxxT           TTTAGCATT TGTA GACGTTAAA            GAACAAAGCGGTTCG
 2.6       1 ..      24   xxxxxxxxxxxxxxx          TTTTAGCATT TGTA GACGTTAAAG           AACAAAGCGGTTCGT
 3.5       9 ..      25   xxxxxxxTTTTAGCA              TTTGTAG ACG TTAAAGA              ACAAAGCGGTTCGTG
   7       8 ..      26   xxxxxxxxTTTTAGC             ATTTGTAG ACG TTAAAGAA             CAAAGCGGTTCGTGG
 3.9      17 ..      27   TTTAGCATTTGTAGA                CGTT AAAG AAC-                 AAAGCGGTTCGTGGC
 1.4      17 ..      28   TTTAGCATTTGTAGA                CGTT AAAG AACA                 AAGCGGTTCGTGGCC
 3.2      19 ..      29   TAGCATTTGTAGACG                 TT AAAGAAC AA                 AGCGGTTCGTGGCCG
 4.1       9 ..      30   xxxxxxxTTTTAGCA           TTTGT AGACGTTAAAGA ACAAA            GCGGTTCGTGGCCGT
 4.4      17 ..      31   TTTAGCATTTGTAGA               CGTT AAAGAAC AAAG               CGGTTCGTGGCCGTA
 5.1      18 ..      32   TTAGCATTTGTAGAC               GTT AAAGAACAA AGC               GGTTCGTGGCCGTAA
 2.8      17 ..      33   TTTAGCATTTGTAGA              CGTT AAAGAACAA AGCG              GTTCGTGGCCGTAAC
 6.3      16 ..      34   TTTTAGCATTTGTAG             ACGTT AAAGAACAA AGCGG             TTCGTGGCCGTAACC
 3.3      25 ..      35   TTGTAGACGTTAAAG                 AAC AAAGC GGT                 TCGTGGCCGTAACCA
-0.1      25 ..      36   TTGTAGACGTTAAAG                AAC AAAGCG GTT                 CGTGGCCGTAACCAC
-2.4      24 ..      37   TTTGTAGACGTTAAA               GAAC AAAGCG GTTC                GTGGCCGTAACCACG
 1.1      23 ..      38   ATTTGTAGACGTTAA              AGAAC AAAGCG GTTCG               TGGCCGTAACCACGT
 0.2      22 ..      39   CATTTGTAGACGTTA             AAGAAC AAAGCG GTTCGT              GGCCGTAACCACGTT
 1.2      30 ..      40   GACGTTAAAGAACAA                 AGCG GTT CGTG                 GCCGTAACCACGTTA
 4.5      27 ..      41   GTAGACGTTAAAGAA               CAAAG CGGTT CGTGG               CCGTAACCACGTTAA
 1.4      31 ..      42   ACGTTAAAGAACAAA                GC GGTTCGTG GC                 CGTAACCACGTTAAA
  -1      33 ..      43   GTTAAAGAACAAAGC                 GGTT CGT GGCC                 GTAACCACGTTAAAA
-3.3      32 ..      44   CGTTAAAGAACAAAG                CGGTT CGT GGCCG                TAACCACGTTAAAAA
  -2      31 ..      45   ACGTTAAAGAACAAA               GCGGTT CGT GGCCGT               AACCACGTTAAAAAA
9.537e-08      35 ..      46   TAAAGAACAAAGCGG                TTCG TGGC CGTA                 ACCACGTTAAAAAAC
 1.6      35 ..      47   TAAAGAACAAAGCGG               TT-CG TGGC CGTAA                CCACGTTAAAAAACG
-0.7      34 ..      48   TTAAAGAACAAAGCG              GTT-CG TGGC CGTAAC               CACGTTAAAAAACGT
  -3      33 ..      49   GTTAAAGAACAAAGC             GGTT-CG TGGC CGTAACC              ACGTTAAAAAACGTA
-1.5      39 ..      50   GAACAAAGCGGTTCG                TGG CCGTAA CCA                 CGTTAAAAAACGTAx
-3.8      38 ..      51   AGAACAAAGCGGTTC               GTGG CCGTAA CCAC                GTTAAAAAACGTAxx
-6.1      37 ..      52   AAGAACAAAGCGGTT              CGTGG CCGTAA CCACG               TTAAAAAACGTAxxx
-2.6      36 ..      53   AAAGAACAAAGCGGT             TCGTGG CCGTAA CCACGT              TAAAAAACGTAxxxx
-0.1      28 ..      54   TAGACGTTAAAGAAC        AAAGCGGTT-CG TGGC CGTAACCACGTT         AAAAAACGTAxxxxx
  -4      45 ..      55   AGCGGTTCGTGGCCG                 TAAC CAC GTTA                 AAAAACGTAxxxxxx
-0.5      44 ..      56   AAGCGGTTCGTGGCC                GTAAC CAC GTTAA                AAAACGTAxxxxxxx
   3      43 ..      57   AAAGCGGTTCGTGGC               CGTAAC CAC GTTAAA               AAACGTAxxxxxxxx
 6.5      42 ..      58   CAAAGCGGTTCGTGG              CCGTAAC CAC GTTAAAA              AACGTAxxxxxxxxx
None      49 ..      59   GTTCGTGGCCGTAAC                  CACGTTAAAAA                  ACGTAxxxxxxxxxx
None      50 ..      60   TTCGTGGCCGTAACC                  ACGTTAAAAAA                  CGTAxxxxxxxxxxx
 3.9      51 ..      61   TCGTGGCCGTAACCA                CGTT AAAA AAC-                 GTAxxxxxxxxxxxx
-4.4      51 ..      62   TCGTGGCCGTAACCA                CGTT AAAA AACG                 TAxxxxxxxxxxxxx
-5.3      50 ..      63   TTCGTGGCCGTAACC               ACGTT AAAA AACGT                Axxxxxxxxxxxxxx
