>HF990755.1:123512-123567 Clostridium sp. CAG:7 genomic scaffold, scf280, whole genome shotgun sequence FORWARD
 4.7       1 ..      11   xxxxxxxxxxxxxxx                 TGT CCGGA ATG                 ACGTAAAACTACCAG
 6.8       2 ..      12   xxxxxxxxxxxxxxT                GTC CGGAAT GA-                 CGTAAAACTACCAGC
-1.5       2 ..      13   xxxxxxxxxxxxxxT                GTC CGGAAT GAC                 GTAAAACTACCAGCA
-0.2       1 ..      14   xxxxxxxxxxxxxxx               TGTC CGGAAT GACG                TAAAACTACCAGCAC
 2.9       4 ..      15   xxxxxxxxxxxxTGT                CCG GAATGA CGT                 AAAACTACCAGCACA
   2       3 ..      16   xxxxxxxxxxxxxTG               TCCG GAATGA CGTA                AAACTACCAGCACAA
 5.5       2 ..      17   xxxxxxxxxxxxxxT              GTCCG GAATGA CGTAA               AACTACCAGCACAAG
 4.6       1 ..      18   xxxxxxxxxxxxxxx             TGTCCG GAATGA CGTAAA              ACTACCAGCACAAGG
 7.6       9 ..      19   xxxxxxxTGTCCGGA                 AT GACGTAA AA                 CTACCAGCACAAGGG
 7.7       7 ..      20   xxxxxxxxxTGTCCG               G AATGACGTAAAA C                TACCAGCACAAGGGA
 7.2      10 ..      21   xxxxxxTGTCCGGAA                TG ACGTAAAA CT                 ACCAGCACAAGGGAA
 4.8      12 ..      22   xxxxTGTCCGGAATG                 ACGT AAA ACTA                 CCAGCACAAGGGAAG
 2.5      11 ..      23   xxxxxTGTCCGGAAT                GACGT AAA ACTAC                CAGCACAAGGGAAGC
 1.4      13 ..      24   xxxTGTCCGGAATGA                CGTA AAAC TACC                 AGCACAAGGGAAGCA
 4.9      12 ..      25   xxxxTGTCCGGAATG               ACGTA AAAC TACCA                GCACAAGGGAAGCAA
 7.6      13 ..      26   xxxTGTCCGGAATGA              C-G-TA AAAC TACCAG               CACAAGGGAAGCAAC
   7      14 ..      27   xxTGTCCGGAATGAC               GT AAAACTACCA GC                ACAAGGGAAGCAACC
 4.8      18 ..      28   TCCGGAATGACGTAA                 AACT ACC AGCA                 CAAGGGAAGCAACCC
 6.8      14 ..      29   xxTGTCCGGAATGAC              GT AAAACTACCAGC AC               AAGGGAAGCAACCCC
None      20 ..      30   CGGAATGACGTAAAA                  CTACCAGCACA                  AGGGAAGCAACCCCG
 6.1      21 ..      31   GGAATGACGTAAAAC                 T ACCAGCACA A                 GGGAAGCAACCCCGT
 3.8      20 ..      32   CGGAATGACGTAAAA                CT ACCAGCACA AG                GGAAGCAACCCCGTA
 0.4      23 ..      33   AATGACGTAAAACTA                 CC AGCACAA GG                 GAAGCAACCCCGTAA
 1.4      23 ..      34   AATGACGTAAAACTA                CC AGCACAAG GG                 AAGCAACCCCGTAAA
   3      21 ..      35   GGAATGACGTAAAAC               TACC AGCACAA GGGA               AGCAACCCCGTAAAA
   4      21 ..      36   GGAATGACGTAAAAC              TACC AGCACAAG GGAA               GCAACCCCGTAAAAA
 1.7      20 ..      37   CGGAATGACGTAAAA             CTACC AGCACAAG GGAAG              CAACCCCGTAAAAAG
 2.4      26 ..      38   GACGTAAAACTACCA                GC ACAAGGGAA GC                AACCCCGTAAAAAGC
 5.9      25 ..      39   TGACGTAAAACTACC               AGC ACAAGGGAA GCA               ACCCCGTAAAAAGCG
 7.7      30 ..      40   TAAAACTACCAGCAC                 AAG GGAAG CAA                 CCCCGTAAAAAGCGT
None      31 ..      41   AAAACTACCAGCACA                  AGGGAAGCAAC                  CCCGTAAAAAGCGTA
 0.4      32 ..      42   AAACTACCAGCACAA                 GG GAAGCAA CC                 CCGTAAAAAGCGTAx
-2.9      32 ..      43   AAACTACCAGCACAA                GGG AAGCAA CCC                 CGTAAAAAGCGTAxx
-1.9      32 ..      44   AAACTACCAGCACAA                GGG AAGCAAC CCC                GTAAAAAGCGTAxxx
 1.6      31 ..      45   AAAACTACCAGCACA               AGGG AAGCAAC CCCG               TAAAAAGCGTAxxxx
 0.7      30 ..      46   TAAAACTACCAGCAC              AAGGG AAGCAAC CCCGT              AAAAAGCGTAxxxxx
 4.2      29 ..      47   GTAAAACTACCAGCA             CAAGGG AAGCAAC CCCGTA             AAAAGCGTAxxxxxx
 4.8      38 ..      48   CCAGCACAAGGGAAG                 CAAC CCC GTAA                 AAAGCGTAxxxxxxx
 8.3      37 ..      49   ACCAGCACAAGGGAA                GCAAC CCC GTAAA                AAGCGTAxxxxxxxx
None      40 ..      50   AGCACAAGGGAAGCA                  ACCCCGTAAAA                  AGCGTAxxxxxxxxx
None      41 ..      51   GCACAAGGGAAGCAA                  CCCCGTAAAAA                  GCGTAxxxxxxxxxx
 4.7      42 ..      52   CACAAGGGAAGCAAC                 C CCGTAAAAA G                 CGTAxxxxxxxxxxx
 4.8      43 ..      53   ACAAGGGAAGCAACC                 CCGT AAA AAGC                 GTAxxxxxxxxxxxx
-0.3      44 ..      54   CAAGGGAAGCAACCC                 CGT AAAAA GCG                 TAxxxxxxxxxxxxx
 3.2      43 ..      55   ACAAGGGAAGCAACC                CCGT AAAAA GCGT                Axxxxxxxxxxxxxx
