>JACRSY010000063.1:c4082-4012 Zhenhengia yiwuensis strain NSJ-12 CP_SP_D3_27_ctg063, whole genome shotgun sequence FORWARD
 8.3       1 ..      11   xxxxxxxxxxxxxxx                 T TTTAGAGGT G                 TAGGCGTAAAAGAAC
None       2 ..      12   xxxxxxxxxxxxxxT                  TTTAGAGGTGT                  AGGCGTAAAAGAACA
   5       2 ..      13   xxxxxxxxxxxxxxT                TTTA GAGG TGTA                 GGCGTAAAAGAACAC
 3.5       3 ..      14   xxxxxxxxxxxxxTT                TTA GAGGTG TAG                 GCGTAAAAGAACACC
 4.8       2 ..      15   xxxxxxxxxxxxxxT               TTTA GAGGTG TAGG                CGTAAAAGAACACCT
 4.7       6 ..      16   xxxxxxxxxxTTTTA                 G AGGTGTAGG C                 GTAAAAGAACACCTA
 6.2       7 ..      17   xxxxxxxxxTTTTAG                 AG GTGTAGG CG                 TAAAAGAACACCTAT
 3.6       7 ..      18   xxxxxxxxxTTTTAG                AGGT GTAG GCGT                 AAAAGAACACCTATA
 5.8       8 ..      19   xxxxxxxxTTTTAGA                GGTG TAGG CGTA                 AAAGAACACCTATAA
 5.3      10 ..      20   xxxxxxTTTTAGAGG                TGTA GGCG TA-A                 AAGAACACCTATAAA
 2.8      10 ..      21   xxxxxxTTTTAGAGG                TGTA GGCG TAAA                 AGAACACCTATAAAT
 5.5       1 ..      22   xxxxxxxxxxxxxxx           TTTTA GAGGTGTAGGCG TAAAA            GAACACCTATAAATA
None      13 ..      23   xxxTTTTAGAGGTGT                  AGGCGTAAAAG                  AACACCTATAAATAA
 8.1      12 ..      24   xxxxTTTTAGAGGTG                T AGGCGTAAAAG A                ACACCTATAAATAAC
 8.7      14 ..      25   xxTTTTAGAGGTGTA                GGC GTAAAA GAA                 CACCTATAAATAACT
 5.7      15 ..      26   xTTTTAGAGGTGTAG                G CGTAAAAGAA C                 ACCTATAAATAACTC
 4.3      16 ..      27   TTTTAGAGGTGTAGG                CGT AAAAGA ACA                 CCTATAAATAACTCT
   2      15 ..      28   xTTTTAGAGGTGTAG               GCGT AAAAGA ACAC                CTATAAATAACTCTA
-0.3      14 ..      29   xxTTTTAGAGGTGTA              GGCGT AAAAGA ACACC               TATAAATAACTCTAT
-1.2      13 ..      30   xxxTTTTAGAGGTGT             AGGCGT AAAAGA ACACCT              ATAAATAACTCTATG
-2.1      12 ..      31   xxxxTTTTAGAGGTG            TAGGCGT AAAAGA ACACCTA             TAAATAACTCTATGA
-0.8      11 ..      32   xxxxxTTTTAGAGGT           GTAGGCGT AAAAGA ACACCTAT            AAATAACTCTATGAG
-1.7      10 ..      33   xxxxxxTTTTAGAGG          TGTAGGCGT AAAAGA ACACCTATA           AATAACTCTATGAGA
 1.2       3 ..      34   xxxxxxxxxxxxxTT      TTAGAGGTGT AGGCGTAAAAGA ACACCTATAA       ATAACTCTATGAGAA
 0.3       2 ..      35   xxxxxxxxxxxxxxT     TTTAGAGGTGT AGGCGTAAAAGA ACACCTATAAA      TAACTCTATGAGAAG
 3.8       1 ..      36   xxxxxxxxxxxxxxx    TTTTAGAGGTGT AGGCGTAAAAGA ACACCTATAAAT     AACTCTATGAGAAGC
 5.4       1 ..      37   xxxxxxxxxxxxxxx   T-TTTAGAGGTGT AGGCGTAAAAGA ACACCTATAAATA    ACTCTATGAGAAGCA
None      28 ..      38   AGGCGTAAAAGAACA                  CCTATAAATAA                  CTCTATGAGAAGCAA
 7.2      28 ..      39   AGGCGTAAAAGAACA                CCTA TAAA TAAC                 TCTATGAGAAGCAAA
 6.3      27 ..      40   TAGGCGTAAAAGAAC               ACCTA TAAA TAACT                CTATGAGAAGCAAAA
 8.6      30 ..      41   GCGTAAAAGAACACC                TA TAAATAAC TC                 TATGAGAAGCAAAAC
 5.7      31 ..      42   CGTAAAAGAACACCT                ATA AATAAC TCT                 ATGAGAAGCAAAACT
 2.8      32 ..      43   GTAAAAGAACACCTA                TAAA TAAC TCTA                 TGAGAAGCAAAACTC
 1.9      31 ..      44   CGTAAAAGAACACCT               ATAAA TAAC TCTAT                GAGAAGCAAAACTCG
 2.8      34 ..      45   AAAAGAACACCTATA                AATA ACTC TATG                 AGAAGCAAAACTCGT
 4.7      36 ..      46   AAGAACACCTATAAA                 TAA CTCTA TGA                 GAAGCAAAACTCGTA
 4.4      28 ..      47   AGGCGTAAAAGAACA            CCTATAAA TAAC TCTATGAG             AAGCAAAACTCGTAT
  -1      38 ..      48   GAACACCTATAAATA                 ACTC TAT GAGA                 AGCAAAACTCGTATA
 0.4      39 ..      49   AACACCTATAAATAA                 CTCT ATG AGAA                 GCAAAACTCGTATAA
 0.6      39 ..      50   AACACCTATAAATAA                C-TCT ATG AGAAG                CAAAACTCGTATAAA
 4.1      38 ..      51   GAACACCTATAAATA               AC-TCT ATG AGAAGC               AAAACTCGTATAAAA
 5.9      40 ..      52   ACACCTATAAATAAC               T-CT ATGAGA AGCA                AAACTCGTATAAAAG
 3.3      43 ..      53   CCTATAAATAACTCT                 ATG AGAAG CAA                 AACTCGTATAAAAGC
 2.4      42 ..      54   ACCTATAAATAACTC                TATG AGAAG CAAA                ACTCGTATAAAAGCG
 5.9      41 ..      55   CACCTATAAATAACT               CTATG AGAAG CAAAA               CTCGTATAAAAGCGT
 5.7      45 ..      56   TATAAATAACTCTAT                G AGAAGCAAAA C                 TCGTATAAAAGCGTA
 2.8      46 ..      57   ATAAATAACTCTATG                AG AAGCAAAA CT                 CGTATAAAAGCGTAx
 0.5      45 ..      58   TATAAATAACTCTAT               GAG AAGCAAAA CTC                GTATAAAAGCGTAxx
 1.8      44 ..      59   CTATAAATAACTCTA              TGAG AAGCAAAA CTCG               TATAAAAGCGTAxxx
 0.9      43 ..      60   CCTATAAATAACTCT             ATGAG AAGCAAAA CTCGT              ATAAAAGCGTAxxxx
-2.384e-08      42 ..      61   ACCTATAAATAACTC            TATGAG AAGCAAAA CTCGTA             TAAAAGCGTAxxxxx
 3.5      41 ..      62   CACCTATAAATAACT           CTATGAG AAGCAAAA CTCGTAT            AAAAGCGTAxxxxxx
 2.6      40 ..      63   ACACCTATAAATAAC          TCTATGAG AAGCAAAA CTCGTATA           AAAGCGTAxxxxxxx
 6.1      39 ..      64   AACACCTATAAATAA         CTCTATGAG AAGCAAAA CTCGTATAA          AAGCGTAxxxxxxxx
 7.5      40 ..      65   ACACCTATAAATAAC         TCTATGAGA AGCAAAAC TCGTATAAA          AGCGTAxxxxxxxxx
 7.6      56 ..      66   CTATGAGAAGCAAAA                 CT CGTATAA AA                 GCGTAxxxxxxxxxx
 2.8      56 ..      67   CTATGAGAAGCAAAA                CT CGTATAAA AG                 CGTAxxxxxxxxxxx
 5.8      57 ..      68   TATGAGAAGCAAAAC                TCGT ATAA AAGC                 GTAxxxxxxxxxxxx
 0.7      58 ..      69   ATGAGAAGCAAAACT                CGT ATAAAA GCG                 TAxxxxxxxxxxxxx
 2.6      55 ..      70   TCTATGAGAAGCAAA              ACTCGT ATAA AAGCGT               Axxxxxxxxxxxxxx
