>RQZE01000005.1:c73240-73179 Erysipelotrichaceae bacterium OH741_COT-311 scaffold_4, whole genome shotgun sequence FORWARD
 1.2       1 ..      11   xxxxxxxxxxxxxxx                 GGTC CTG GGCA                 TGACGTAAAAGTGCA
 2.6       2 ..      12   xxxxxxxxxxxxxxG                 GTCC TGG GCAT                 GACGTAAAAGTGCAA
 6.1       1 ..      13   xxxxxxxxxxxxxxx                GGTCC TGG GCATG                ACGTAAAAGTGCAAC
 1.4       3 ..      14   xxxxxxxxxxxxxGG                TCCT GGGC ATGA                 CGTAAAAGTGCAACC
-0.9       2 ..      15   xxxxxxxxxxxxxxG               GTCCT GGGC ATGAC                GTAAAAGTGCAACCG
 2.6       1 ..      16   xxxxxxxxxxxxxxx              GGTCCT GGGC ATGACG               TAAAAGTGCAACCGT
 5.5       7 ..      17   xxxxxxxxxGGTCCT                 GGG CATGA CGT                 AAAAGTGCAACCGTC
 4.6       6 ..      18   xxxxxxxxxxGGTCC                TGGG CATGA CGTA                AAAGTGCAACCGTCC
 8.1       5 ..      19   xxxxxxxxxxxGGTC               CTGGG CATGA CGTAA               AAGTGCAACCGTCCA
 8.1       6 ..      20   xxxxxxxxxxGGTCC               TGGGC ATGAC GTAAA               AGTGCAACCGTCCAA
 7.6      11 ..      21   xxxxxGGTCCTGGGC                 AT GACGTAA AA                 GTGCAACCGTCCAAG
 5.3      10 ..      22   xxxxxxGGTCCTGGG                CAT GACGTAA AAG                TGCAACCGTCCAAGT
 6.6       9 ..      23   xxxxxxxGGTCCTGG               GCAT GACGTAA AAGT               GCAACCGTCCAAGTG
 4.3      13 ..      24   xxxGGTCCTGGGCAT                GAC GTAAAA GTG                 CAACCGTCCAAGTGG
 2.8       9 ..      25   xxxxxxxGGTCCTGG              GCAT GACGTAAAA GTGC              AACCGTCCAAGTGGT
 3.6      12 ..      26   xxxxGGTCCTGGGCA              TG-AC GTAAAA GTGCA               ACCGTCCAAGTGGTG
 6.1      17 ..      27   GTCCTGGGCATGACG                 T AAAAGTGCA A                 CCGTCCAAGTGGTGC
 3.8      16 ..      28   GGTCCTGGGCATGAC                GT AAAAGTGCA AC                CGTCCAAGTGGTGCA
 7.3      15 ..      29   xGGTCCTGGGCATGA               CGT AAAAGTGCA ACC               GTCCAAGTGGTGCAA
 4.8      20 ..      30   CTGGGCATGACGTAA                 AAGT GCA ACCG                 TCCAAGTGGTGCAAC
 3.9      19 ..      31   CCTGGGCATGACGTA                AAAGT GCA ACCGT                CCAAGTGGTGCAACC
 2.2      13 ..      32   xxxGGTCCTGGGCAT            GACG TAAAAGTGCAAC CGTC             CAAGTGGTGCAACCA
 2.2      22 ..      33   GGGCATGACGTAAAA                GTGC AACC GTCC                 AAGTGGTGCAACCAC
 1.4      23 ..      34   GGCATGACGTAAAAG                TGCA ACCG TCCA                 AGTGGTGCAACCACG
 4.9      22 ..      35   GGGCATGACGTAAAA               GTGCA ACCG TCCAA                GTGGTGCAACCACGT
 5.7      25 ..      36   CATGACGTAAAAGTG                C AACCGTCCAA G                 TGGTGCAACCACGTA
 1.8      27 ..      37   TGACGTAAAAGTGCA                 AC CGTCCAA GT                 GGTGCAACCACGTAA
 4.7      28 ..      38   GACGTAAAAGTGCAA                 C CGTCCAAGT G                 GTGCAACCACGTAAA
-4.768e-08      28 ..      39   GACGTAAAAGTGCAA                CCGT CCAA GTGG                 TGCAACCACGTAAAA
-0.9      27 ..      40   TGACGTAAAAGTGCA               ACCGT CCAA GTGGT                GCAACCACGTAAAAA
   1      29 ..      41   ACGTAAAAGTGCAAC                CGTC CAAGT GGTG                CAACCACGTAAAAAT
 0.5      24 ..      42   GCATGACGTAAAAGT            GCAACCGT CCAA GTGGT-GC             AACCACGTAAAAATA
-0.4      23 ..      43   GGCATGACGTAAAAG           TGCAACCGT CCAA GTGGT-GCA            ACCACGTAAAAATAG
 3.1      22 ..      44   GGGCATGACGTAAAA          GTGCAACCGT CCAA GTGGT-GCAA           CCACGTAAAAATAGC
 3.3      22 ..      45   GGGCATGACGTAAAA         G-TGCAACCGT CCAA GTGGT-GCAAC          CACGTAAAAATAGCG
 4.3      35 ..      46   AAGTGCAACCGTCCA                AGT GGTGCA ACC                 ACGTAAAAATAGCGT
-5.4      37 ..      47   GTGCAACCGTCCAAG                 TGGT GCA ACCA                 CGTAAAAATAGCGTA
-7.7      36 ..      48   AGTGCAACCGTCCAA                GTGGT GCA ACCAC                GTAAAAATAGCGTAx
-4.2      35 ..      49   AAGTGCAACCGTCCA               AGTGGT GCA ACCACG               TAAAAATAGCGTAxx
-5.1      34 ..      50   AAAGTGCAACCGTCC              AAGTGGT GCA ACCACGT              AAAAATAGCGTAxxx
-1.6      33 ..      51   AAAAGTGCAACCGTC             CAAGTGGT GCA ACCACGTA             AAAATAGCGTAxxxx
 1.9      32 ..      52   TAAAAGTGCAACCGT            CCAAGTGGT GCA ACCACGTAA            AAATAGCGTAxxxxx
   1      31 ..      53   GTAAAAGTGCAACCG           TCCAAGTGGT GCA ACCACGTAAA           AATAGCGTAxxxxxx
 4.5      30 ..      54   CGTAAAAGTGCAACC          GTCCAAGTGGT GCA ACCACGTAAAA          ATAGCGTAxxxxxxx
   8      29 ..      55   ACGTAAAAGTGCAAC         CGTCCAAGTGGT GCA ACCACGTAAAAA         TAGCGTAxxxxxxxx
 8.1      44 ..      56   CGTCCAAGTGGTGCA                A CCACGTAAAAA T                AGCGTAxxxxxxxxx
 8.6      46 ..      57   TCCAAGTGGTGCAAC                CA CGTAAAAA TA                 GCGTAxxxxxxxxxx
 3.9      48 ..      58   CAAGTGGTGCAACCA                CGTA AAAA TA-G                 CGTAxxxxxxxxxxx
 2.6      49 ..      59   AAGTGGTGCAACCAC                 GTAA AAA TAGC                 GTAxxxxxxxxxxxx
 0.3      48 ..      60   CAAGTGGTGCAACCA                CGTAA AAA TAGCG                TAxxxxxxxxxxxxx
-0.6      47 ..      61   CCAAGTGGTGCAACC               ACGTAA AAA TAGCGT               Axxxxxxxxxxxxxx
