>LJIY01000001.1:c763179-763117 Psychrobacillus sp. FJAT-21963 super1, whole genome shotgun sequence FORWARD
 6.1       1 ..      11   xxxxxxxxxxxxxxx                 T GGCATTTGA A                 GACGTAAAAGAACAA
   8       1 ..      12   xxxxxxxxxxxxxxx                TGGC ATTT GAAG                 ACGTAAAAGAACAAA
 4.8       3 ..      13   xxxxxxxxxxxxxTG                 GCAT TTG AAGA                 CGTAAAAGAACAAAG
 2.5       2 ..      14   xxxxxxxxxxxxxxT                GGCAT TTG AAGAC                GTAAAAGAACAAAGC
 3.6       4 ..      15   xxxxxxxxxxxxTGG                CATT TGAA GACG                 TAAAAGAACAAAGCG
 4.9       3 ..      16   xxxxxxxxxxxxxTG               GCATT TGAA GACGT                AAAAGAACAAAGCGG
 3.6       6 ..      17   xxxxxxxxxxTGGCA                TTTG AAGA CGTA                 AAAGAACAAAGCGGT
 3.5       7 ..      18   xxxxxxxxxTGGCAT                TTG AAGACG TAA                 AAGAACAAAGCGGTT
 2.6       6 ..      19   xxxxxxxxxxTGGCA               TTTG AAGACG TAAA                AGAACAAAGCGGTTA
 2.9       6 ..      20   xxxxxxxxxxTGGCA               TTTGA AGACG TAAAA               GAACAAAGCGGTTAG
 3.8       4 ..      21   xxxxxxxxxxxxTGG             CATTTG AAGACG TAAAAG              AACAAAGCGGTTAGA
 7.3       3 ..      22   xxxxxxxxxxxxxTG            GCATTTG AAGACG TAAAAGA             ACAAAGCGGTTAGAG
 8.7      12 ..      23   xxxxTGGCATTTGAA                GAC GTAAAA GAA                 CAAAGCGGTTAGAGG
 6.7      12 ..      24   xxxxTGGCATTTGAA                G ACGTAAAAGAA C                AAAGCGGTTAGAGGA
 4.3      14 ..      25   xxTGGCATTTGAAGA                CGT AAAAGA ACA                 AAGCGGTTAGAGGAT
 6.1      16 ..      26   TGGCATTTGAAGACG                 T AAAAGAACA A                 AGCGGTTAGAGGATG
 7.1      16 ..      27   TGGCATTTGAAGACG                T AAAAGAACAA A                 GCGGTTAGAGGATGA
 7.3      14 ..      28   xxTGGCATTTGAAGA               CGT AAAAGAACA AAG               CGGTTAGAGGATGAA
   8      15 ..      29   xTGGCATTTGAAGAC               GT AAAAGAACAAA GC               GGTTAGAGGATGAAA
 5.7      14 ..      30   xxTGGCATTTGAAGA              CGT AAAAGAACAAA GCG              GTTAGAGGATGAAAA
None      21 ..      31   TTTGAAGACGTAAAA                  GAACAAAGCGG                  TTAGAGGATGAAAAC
 3.3      22 ..      32   TTGAAGACGTAAAAG                 AAC AAAGC GGT                 TAGAGGATGAAAACC
-0.1      22 ..      33   TTGAAGACGTAAAAG                AAC AAAGCG GTT                 AGAGGATGAAAACCT
 3.4      21 ..      34   TTTGAAGACGTAAAA               GAAC AAAGCG GTTA                GAGGATGAAAACCTC
 1.4      24 ..      35   GAAGACGTAAAAGAA                CAAA GCGG TTAG                 AGGATGAAAACCTCG
 4.9      23 ..      36   TGAAGACGTAAAAGA               ACAAA GCGG TTAGA                GGATGAAAACCTCGT
 7.7      24 ..      37   GAAGACGTAAAAGAA               C AAAGCGGTTAGA G                GATGAAAACCTCGTA
 6.2      28 ..      38   ACGTAAAAGAACAAA                 GC GGTTAGA GG                 ATGAAAACCTCGTAA
 7.2      28 ..      39   ACGTAAAAGAACAAA                GC GGTTAGAG GA                 TGAAAACCTCGTAAA
 6.3      27 ..      40   GACGTAAAAGAACAA               AGC GGTTAGAG GAT                GAAAACCTCGTAAAA
   6      29 ..      41   CGTAAAAGAACAAAG                CG GTTAGAGGA TG                AAAACCTCGTAAAAC
 2.5      32 ..      42   AAAAGAACAAAGCGG                 TTA GAGGA TGA                 AAACCTCGTAAAACA
 4.2      32 ..      43   AAAAGAACAAAGCGG                TT AGAGGATG AA                 AACCTCGTAAAACAA
 5.2      32 ..      44   AAAAGAACAAAGCGG                TT AGAGGATGA AA                ACCTCGTAAAACAAT
 6.2      32 ..      45   AAAAGAACAAAGCGG               TT AGAGGATGAA AA                CCTCGTAAAACAATC
 3.9      31 ..      46   TAAAAGAACAAAGCG              GTT AGAGGATGAA AAC               CTCGTAAAACAATCG
  -1      37 ..      47   AACAAAGCGGTTAGA                 GGAT GAA AACC                 TCGTAAAACAATCGT
-1.9      36 ..      48   GAACAAAGCGGTTAG                AGGAT GAA AACCT                CGTAAAACAATCGTA
-4.2      35 ..      49   AGAACAAAGCGGTTA               GAGGAT GAA AACCTC               GTAAAACAATCGTAx
-0.7      34 ..      50   AAGAACAAAGCGGTT              AGAGGAT GAA AACCTCG              TAAAACAATCGTAxx
 0.2      39 ..      51   CAAAGCGGTTAGAGG                ATGA AAACC TCGT                AAAACAATCGTAxxx
2.146e-07      33 ..      52   AAAGAACAAAGCGGT            TA-GAGGAT GAA AACCTCGTA            AAACAATCGTAxxxx
-0.9      32 ..      53   AAAAGAACAAAGCGG           TTA-GAGGAT GAA AACCTCGTAA           AACAATCGTAxxxxx
 2.6      31 ..      54   TAAAAGAACAAAGCG          GTTA-GAGGAT GAA AACCTCGTAAA          ACAATCGTAxxxxxx
 6.1      30 ..      55   GTAAAAGAACAAAGC         GGTTA-GAGGAT GAA AACCTCGTAAAA         CAATCGTAxxxxxxx
 5.5      31 ..      56   TAAAAGAACAAAGCG         GTTAGAGGATG AAAA CCTCGTAAAAC          AATCGTAxxxxxxxx
 8.9      47 ..      57   TTAGAGGATGAAAAC                CTCGT AAA AC-A-                ATCGTAxxxxxxxxx
 0.4      48 ..      58   TAGAGGATGAAAACC                 TCGT AAA ACAA                 TCGTAxxxxxxxxxx
 3.9      47 ..      59   TTAGAGGATGAAAAC                CTCGT AAA ACAAT                CGTAxxxxxxxxxxx
 4.7      50 ..      60   GAGGATGAAAACCTC                 G TAAAACAAT C                 GTAxxxxxxxxxxxx
 2.4      49 ..      61   AGAGGATGAAAACCT                CG TAAAACAAT CG                TAxxxxxxxxxxxxx
 5.9      48 ..      62   TAGAGGATGAAAACC               TCG TAAAACAAT CGT               Axxxxxxxxxxxxxx
