>CYYR01000004.1:c71363-71291 Roseburia inulinivorans strain 2789STDY5608835 genome assembly, contig: SCcontig000004, whole genome shotgun sequence FORWARD
 3.9       1 ..      11   xxxxxxxxxxxxxxx                -ACT GTGG AGTG                 TACAAGAACTTGTGA
 2.8       1 ..      12   xxxxxxxxxxxxxxx                AC TGTGGAGT GT                 ACAAGAACTTGTGAG
   4       3 ..      13   xxxxxxxxxxxxxAC                 TGTG GAG TGTA                 CAAGAACTTGTGAGT
 1.1       4 ..      14   xxxxxxxxxxxxACT                 GTG GAGTG TAC                 AAGAACTTGTGAGTA
 0.2       3 ..      15   xxxxxxxxxxxxxAC                TGTG GAGTG TACA                AGAACTTGTGAGTAG
 3.7       2 ..      16   xxxxxxxxxxxxxxA               CTGTG GAGTG TACAA               GAACTTGTGAGTAGC
 3.2       2 ..      17   xxxxxxxxxxxxxxA              CTGTGGA GTG TACA-AG              AACTTGTGAGTAGCG
 6.7       1 ..      18   xxxxxxxxxxxxxxx             ACTGTGGA GTG TACA-AGA             ACTTGTGAGTAGCGT
 6.2       9 ..      19   xxxxxxxACTGTGGA                 GTGT ACA AGAA                 CTTGTGAGTAGCGTA
 2.8       9 ..      20   xxxxxxxACTGTGGA                GT GTACAAGA AC                 TTGTGAGTAGCGTAT
 1.9       8 ..      21   xxxxxxxxACTGTGG               AGT GTACAAGA ACT                TGTGAGTAGCGTATT
 3.2       7 ..      22   xxxxxxxxxACTGTG              GAGT GTACAAGA ACTT               GTGAGTAGCGTATTG
 3.9      13 ..      23   xxxACTGTGGAGTGT                ACAA GAAC TTG-                 TGAGTAGCGTATTGT
  -3      13 ..      24   xxxACTGTGGAGTGT                ACAA GAAC TTGT                 GAGTAGCGTATTGTT
-1.7      12 ..      25   xxxxACTGTGGAGTG               TACAA GAAC TTGTG                AGTAGCGTATTGTTT
 1.8      11 ..      26   xxxxxACTGTGGAGT              GTACAA GAAC TTGTGA               GTAGCGTATTGTTTA
 3.1      10 ..      27   xxxxxxACTGTGGAG             TGTACAA GAAC TTGTGAG              TAGCGTATTGTTTAC
 3.9      18 ..      28   TGTGGAGTGTACAAG                AACT TGTG AGT-                 AGCGTATTGTTTACA
 1.4      18 ..      29   TGTGGAGTGTACAAG                AACT TGTG AGTA                 GCGTATTGTTTACAA
 1.8      20 ..      30   TGGAGTGTACAAGAA                 CT TGTGAGT AG                 CGTATTGTTTACAAT
 5.1      17 ..      31   CTGTGGAGTGTACAA              G-AACT TGTG AGTAGC               GTATTGTTTACAATC
 3.3      22 ..      32   GAGTGTACAAGAACT                 TGT GAGTA GCG                 TATTGTTTACAATCG
 3.3      23 ..      33   AGTGTACAAGAACTT                 GTG AGTAG CGT                 ATTGTTTACAATCGC
 2.4      22 ..      34   GAGTGTACAAGAACT                TGTG AGTAG CGTA                TTGTTTACAATCGCC
 3.9      23 ..      35   AGTGTACAAGAACTT                GTGAG TAG CGTAT                TGTTTACAATCGCCA
-0.4      26 ..      36   GTACAAGAACTTGTG                 AGTA GCG TATT                 GTTTACAATCGCCAA
 3.1      25 ..      37   TGTACAAGAACTTGT                GAGTA GCG TATTG                TTTACAATCGCCAAA
   5      27 ..      38   TACAAGAACTTGTGA                GTAG CGTA TTGT                 TTACAATCGCCAAAG
 0.4      29 ..      39   CAAGAACTTGTGAGT                 AGCG TAT TGTT                 TACAATCGCCAAAGC
 3.9      28 ..      40   ACAAGAACTTGTGAG                TAGCG TAT TGTTT                ACAATCGCCAAAGCA
 4.5      24 ..      41   GTGTACAAGAACTTG             TGAGTAG CGTA TTGTTTA              CAATCGCCAAAGCAT
-1.1      32 ..      42   GAACTTGTGAGTAGC                 GTA TTGTT TAC                 AATCGCCAAAGCATA
 1.3      22 ..      43   GAGTGTACAAGAACT           TGTGAGTAG CGTA TTGTTTACA            ATCGCCAAAGCATAC
 0.4      21 ..      44   GGAGTGTACAAGAAC          TTGTGAGTAG CGTA TTGTTTACAA           TCGCCAAAGCATACA
  -3      34 ..      45   ACTTGTGAGTAGCGT                ATTG TTTA CAAT                 CGCCAAAGCATACAC
 0.5      33 ..      46   AACTTGTGAGTAGCG               TATTG TTTA CAATC                GCCAAAGCATACACA
-1.6      31 ..      47   AGAACTTGTGAGTAG             CGTATTG TTTA CAAT-CG              CCAAAGCATACACAA
-3.9      30 ..      48   AAGAACTTGTGAGTA            GCGTATTG TTTA CAAT-CGC             CAAAGCATACACAAT
-0.4      29 ..      49   CAAGAACTTGTGAGT           AGCGTATTG TTTA CAAT-CGCC            AAAGCATACACAATG
-1.3      28 ..      50   ACAAGAACTTGTGAG          TAGCGTATTG TTTA CAAT-CGCCA           AAGCATACACAATGA
 2.2      27 ..      51   TACAAGAACTTGTGA         GTAGCGTATTG TTTA CAAT-CGCCAA          AGCATACACAATGAA
 4.3      38 ..      52   GTGAGTAGCGTATTG               TTT ACAATCGCC AAA               GCATACACAATGAAG
 5.7      42 ..      53   GTAGCGTATTGTTTA                C AATCGCCAAA G                 CATACACAATGAAGC
 5.2      37 ..      54   TGTGAGTAGCGTATT             GTTT ACAATCGCCA AAGC              ATACACAATGAAGCA
 2.5      45 ..      55   GCGTATTGTTTACAA                TCGC CAAA GC-A                 TACACAATGAAGCAG
 1.6      44 ..      56   AGCGTATTGTTTACA               ATCGC CAAA GC-AT                ACACAATGAAGCAGT
 5.1      43 ..      57   TAGCGTATTGTTTAC              AATCGC CAAA GC-ATA               CACAATGAAGCAGTA
 5.7      47 ..      58   GTATTGTTTACAATC                G CCAAAGCATA C                 ACAATGAAGCAGTAA
 7.7      36 ..      59   TTGTGAGTAGCGTAT          TGTTTAC AATCGCCAAA GCATACA           CAATGAAGCAGTAAx
 7.4      30 ..      60   AAGAACTTGTGAGTA      GCGTATTGTTT ACAATCGCCA AAGCA-TACAC       AATGAAGCAGTAAxx
None      51 ..      61   TGTTTACAATCGCCA                  AAGCATACACA                  ATGAAGCAGTAAxxx
 8.7      51 ..      62   TGTTTACAATCGCCA                AAG CATACA CAA                 TGAAGCAGTAAxxxx
 7.1      52 ..      63   GTTTACAATCGCCAA                A GCATACACAA T                 GAAGCAGTAAxxxxx
-1.1      54 ..      64   TTACAATCGCCAAAG                 CAT ACACA ATG                 AAGCAGTAAxxxxxx
 2.4      53 ..      65   TTTACAATCGCCAAA                GCAT ACACA ATGA                AGCAGTAAxxxxxxx
 0.4      56 ..      66   ACAATCGCCAAAGCA                 TACA CAA TGAA                 GCAGTAAxxxxxxxx
 3.9      55 ..      67   TACAATCGCCAAAGC                ATACA CAA TGAAG                CAGTAAxxxxxxxxx
 1.8      53 ..      68   TTTACAATCGCCAAA              GCATACA CAA TG-AAGC              AGTAAxxxxxxxxxx
 5.3      52 ..      69   GTTTACAATCGCCAA             AGCATACA CAA TG-AAGCA             GTAAxxxxxxxxxxx
 4.7      60 ..      70   TCGCCAAAGCATACA                 C AATGAAGCA G                 TAAxxxxxxxxxxxx
 0.4      61 ..      71   CGCCAAAGCATACAC                 AATG AAG CAGT                 AAxxxxxxxxxxxxx
 3.9      60 ..      72   TCGCCAAAGCATACA                CAATG AAG CAGTA                Axxxxxxxxxxxxxx
