>ON741189.1:c7351-7290 Bacillus phage vB_BceS_LY4, complete genome FORWARD
 2.5       1 ..      11   xxxxxxxxxxxxxxx                C-CT GTGG AGTG                 TTATATCAAACGAAA
 7.2       1 ..      12   xxxxxxxxxxxxxxx                CC TGTGGAGT GT                 TATATCAAACGAAAG
 8.4       3 ..      13   xxxxxxxxxxxxxCC                 TGTG GAG TGTT                 ATATCAAACGAAAGT
 6.4       3 ..      14   xxxxxxxxxxxxxCC                TG TGGAGTGT TA                 TATCAAACGAAAGTA
   5       4 ..      15   xxxxxxxxxxxxCCT                GTGG AGTG TTAT                 ATCAAACGAAAGTAG
 4.1       3 ..      16   xxxxxxxxxxxxxCC               TGTGG AGTG TTATA                TCAAACGAAAGTAGC
 6.2       7 ..      17   xxxxxxxxxCCTGTG                 GAGT GTT ATAT                 CAAACGAAAGTAGCT
 2.8       7 ..      18   xxxxxxxxxCCTGTG                GA GTGTTATA TC                 AAACGAAAGTAGCTT
   3       5 ..      19   xxxxxxxxxxxCCTG               TGGAGT GTT ATATCA               AACGAAAGTAGCTTC
 4.3       9 ..      20   xxxxxxxCCTGTGGA                GTG TTATAT CAA                 ACGAAAGTAGCTTCG
 4.7      11 ..      21   xxxxxCCTGTGGAGT                 GTT ATATC AAA                 CGAAAGTAGCTTCGG
-0.1      11 ..      22   xxxxxCCTGTGGAGT                GTT ATATCA AAC                 GAAAGTAGCTTCGGC
 1.2      10 ..      23   xxxxxxCCTGTGGAG               TGTT ATATCA AACG                AAAGTAGCTTCGGCA
 4.7       9 ..      24   xxxxxxxCCTGTGGA              GTGTT ATATCA AACGA               AAGTAGCTTCGGCAA
 3.9      15 ..      25   xCCTGTGGAGTGTTA                TATC AAAC GA-A                 AGTAGCTTCGGCAAA
 1.4      15 ..      26   xCCTGTGGAGTGTTA                TATC AAAC GAAA                 GTAGCTTCGGCAAAA
 4.9      14 ..      27   xxCCTGTGGAGTGTT               ATATC AAAC GAAAG                TAGCTTCGGCAAAAT
 6.5      14 ..      28   xxCCTGTGGAGTGTT              A-TATC AAAC GAAAGT               AGCTTCGGCAAAATC
 5.6      13 ..      29   xxxCCTGTGGAGTGT             TA-TATC AAAC GAAAGTA              GCTTCGGCAAAATCG
 5.3      18 ..      30   TGTGGAGTGTTATAT                CAA ACGAAAG TAG                CTTCGGCAAAATCGG
 4.6      11 ..      31   xxxxxCCTGTGGAGT           GTTA-TATC AAAC GAAAGTAGC            TTCGGCAAAATCGGA
 3.9      20 ..      32   TGGAGTGTTATATCA                AACGA AAG TAGCT                TCGGCAAAATCGGAC
   3      19 ..      33   GTGGAGTGTTATATC               AAACGA AAG TAGCTT               CGGCAAAATCGGACA
-0.1      23 ..      34   AGTGTTATATCAAAC                GAA AGTAGC TTC                 GGCAAAATCGGACAC
-2.4      22 ..      35   GAGTGTTATATCAAA               CGAA AGTAGC TTCG                GCAAAATCGGACACG
 1.1      21 ..      36   GGAGTGTTATATCAA              ACGAA AGTAGC TTCGG               CAAAATCGGACACGT
 1.2      27 ..      37   TTATATCAAACGAAA                 GTAG CTT CGGC                 AAAATCGGACACGTA
 2.5      28 ..      38   TATATCAAACGAAAG                TAGC TTCG GC-A                 AAATCGGACACGTAG
9.537e-08      28 ..      39   TATATCAAACGAAAG                TAGC TTCG GCAA                 AATCGGACACGTAGA
 3.5      27 ..      40   TTATATCAAACGAAA               GTAGC TTCG GCAAA                ATCGGACACGTAGAA
 4.7      31 ..      41   ATCAAACGAAAGTAG                 CTT CGGCA AAA                 TCGGACACGTAGAAG
 5.7      31 ..      42   ATCAAACGAAAGTAG                CTT CGGCAA AAT                 CGGACACGTAGAAGC
 3.4      30 ..      43   TATCAAACGAAAGTA               GCTT CGGCAA AATC                GGACACGTAGAAGCA
-0.3      34 ..      44   AAACGAAAGTAGCTT                 CGG CAAAA TCG                 GACACGTAGAAGCAG
   1      33 ..      45   CAAACGAAAGTAGCT                TCGG CAAAA TCGG                ACACGTAGAAGCAGG
 0.1      32 ..      46   TCAAACGAAAGTAGC               TTCGG CAAAA TCGGA               CACGTAGAAGCAGGA
 3.6      31 ..      47   ATCAAACGAAAGTAG              CTTCGG CAAAA TCGGAC              ACGTAGAAGCAGGAA
 7.1      32 ..      48   TCAAACGAAAGTAGC             T-TCGG CAAAAT CGGACA              CGTAGAAGCAGGAAx
 6.6      27 ..      49   TTATATCAAACGAAA          GTAGCTTCGG CAAAA TCGGA-C-AC          GTAGAAGCAGGAAxx
 6.4      34 ..      50   AAACGAAAGTAGCTT              CG GCAAAATCGGACA CG              TAGAAGCAGGAAxxx
 2.5      41 ..      51   AGTAGCTTCGGCAAA                ATCG GACA CG-T                 AGAAGCAGGAAxxxx
 2.5      42 ..      52   GTAGCTTCGGCAAAA                T-CG GACA CGTA                 GAAGCAGGAAxxxxx
 4.7      43 ..      53   TAGCTTCGGCAAAAT                 C GGACACGTA G                 AAGCAGGAAxxxxxx
 3.8      42 ..      54   GTAGCTTCGGCAAAA                TC GGACACGTA GA                AGCAGGAAxxxxxxx
 7.3      41 ..      55   AGTAGCTTCGGCAAA               ATC GGACACGTA GAA               GCAGGAAxxxxxxxx
 6.1      31 ..      56   ATCAAACGAAAGTAG         CTTCGGC AAAATCGGACAC GTAGAAG          CAGGAAxxxxxxxxx
 3.8      30 ..      57   TATCAAACGAAAGTA        GCTTCGGC AAAATCGGACAC GTAGAAGC         AGGAAxxxxxxxxxx
 7.3      29 ..      58   ATATCAAACGAAAGT       AGCTTCGGC AAAATCGGACAC GTAGAAGCA        GGAAxxxxxxxxxxx
 4.7      49 ..      59   CGGCAAAATCGGACA                C-GT AGAA GCAG                 GAAxxxxxxxxxxxx
 4.3      49 ..      60   CGGCAAAATCGGACA                CGT AGAAGC AGG                 AAxxxxxxxxxxxxx
 6.1      51 ..      61   GCAAAATCGGACACG                 T AGAAGCAGG A                 Axxxxxxxxxxxxxx
