>FORR01000021.1:c22915-22843 Thermoflavimicrobium dichotomicum strain DSM 44778 genome assembly, contig: Ga0104487_121, whole genome shotgun sequence FORWARD
 2.5       1 ..      11   xxxxxxxxxxxxxxx                C-CT GTGG AGTG                 TTACAGCAAACGAAA
 7.2       1 ..      12   xxxxxxxxxxxxxxx                CC TGTGGAGT GT                 TACAGCAAACGAAAG
 8.4       3 ..      13   xxxxxxxxxxxxxCC                 TGTG GAG TGTT                 ACAGCAAACGAAAGT
 6.4       3 ..      14   xxxxxxxxxxxxxCC                TG TGGAGTGT TA                 CAGCAAACGAAAGTA
 1.4       4 ..      15   xxxxxxxxxxxxCCT                GTGG AGTG TTAC                 AGCAAACGAAAGTAG
 0.5       3 ..      16   xxxxxxxxxxxxxCC               TGTGG AGTG TTACA                GCAAACGAAAGTAGT
-1.8       2 ..      17   xxxxxxxxxxxxxxC              CTGTGG AGTG TTACAG               CAAACGAAAGTAGTA
 1.7       1 ..      18   xxxxxxxxxxxxxxx             CCTGTGG AGTG TTACAGC              AAACGAAAGTAGTAT
 1.6       5 ..      19   xxxxxxxxxxxCCTG               TGGAGT GTT ACAGCA               AACGAAAGTAGTATC
 3.6       9 ..      20   xxxxxxxCCTGTGGA                GTGT TACA GCAA                 ACGAAAGTAGTATCT
 4.2       3 ..      21   xxxxxxxxxxxxxCC             TGTGGAGT GTT ACAGCAAA             CGAAAGTAGTATCTT
-0.1      11 ..      22   xxxxxCCTGTGGAGT                GTT ACAGCA AAC                 GAAAGTAGTATCTTC
 1.2      10 ..      23   xxxxxxCCTGTGGAG               TGTT ACAGCA AACG                AAAGTAGTATCTTCC
 4.7       9 ..      24   xxxxxxxCCTGTGGA              GTGTT ACAGCA AACGA               AAGTAGTATCTTCCT
 5.3      13 ..      25   xxxCCTGTGGAGTGT                TAC AGCAAAC GAA                AGTAGTATCTTCCTT
 4.4      12 ..      26   xxxxCCTGTGGAGTG               TTAC AGCAAAC GAAA               GTAGTATCTTCCTTG
 6.7      15 ..      27   xCCTGTGGAGTGTTA                C AGCAAACGAAA G                TAGTATCTTCCTTGG
   5      17 ..      28   CTGTGGAGTGTTACA                GC AAACGAAA GT                 AGTATCTTCCTTGGA
 4.9      13 ..      29   xxxCCTGTGGAGTGT              TAC AGCAAACGAAA GTA              GTATCTTCCTTGGAA
 5.3      18 ..      30   TGTGGAGTGTTACAG                CAA ACGAAAG TAG                TATCTTCCTTGGAAG
 0.4      21 ..      31   GGAGTGTTACAGCAA                 ACGA AAG TAGT                 ATCTTCCTTGGAAGT
 3.9      20 ..      32   TGGAGTGTTACAGCA                AACGA AAG TAGTA                TCTTCCTTGGAAGTA
   3      19 ..      33   GTGGAGTGTTACAGC               AAACGA AAG TAGTAT               CTTCCTTGGAAGTAC
 1.4      23 ..      34   AGTGTTACAGCAAAC                GAAA GTAG TATC                 TTCCTTGGAAGTACG
   4      25 ..      35   TGTTACAGCAAACGA                 AAGT AGT ATCT                 TCCTTGGAAGTACGA
-0.1      25 ..      36   TGTTACAGCAAACGA                AAG TAGTAT CTT                 CCTTGGAAGTACGAA
  -1      27 ..      37   TTACAGCAAACGAAA                 GTAG TAT CTTC                 CTTGGAAGTACGAAA
 1.1      23 ..      38   AGTGTTACAGCAAAC              GAAAG TAGTAT CTTCC               TTGGAAGTACGAAAT
 0.4      29 ..      39   ACAGCAAACGAAAGT                 AGTA TCT TCCT                 TGGAAGTACGAAATC
 0.7      24 ..      40   GTGTTACAGCAAACG              AAAGTAG TAT CTTCCTT              GGAAGTACGAAATCG
 4.2      23 ..      41   AGTGTTACAGCAAAC             GAAAGTAG TAT CTTCCTTG             GAAGTACGAAATCGG
 1.9      22 ..      42   GAGTGTTACAGCAAA            CGAAAGTAG TAT CTTCCTTGG            AAGTACGAAATCGGA
 1.1      33 ..      43   CAAACGAAAGTAGTA                 TCT TCCTT GGA                 AGTACGAAATCGGAC
 2.6      34 ..      44   AAACGAAAGTAGTAT                 CTTC CTT GGAA                 GTACGAAATCGGACA
-4.4      34 ..      45   AAACGAAAGTAGTAT                CTTC CTTG GAAG                 TACGAAATCGGACAC
-0.9      33 ..      46   CAAACGAAAGTAGTA               TCTTC CTTG GAAGT                ACGAAATCGGACACG
-0.2      31 ..      47   AGCAAACGAAAGTAG             TATCTTC CTTG GAAG-TA              CGAAATCGGACACGT
-2.5      30 ..      48   CAGCAAACGAAAGTA            GTATCTTC CTTG GAAG-TAC             GAAATCGGACACGTT
   1      29 ..      49   ACAGCAAACGAAAGT           AGTATCTTC CTTG GAAG-TACG            AAATCGGACACGTTG
 0.1      28 ..      50   TACAGCAAACGAAAG          TAGTATCTTC CTTG GAAG-TACGA           AATCGGACACGTTGA
 2.4      39 ..      51   AAAGTAGTATCTTCC                TTGG AAGTA CGAA                ATCGGACACGTTGAA
 4.3      31 ..      52   AGCAAACGAAAGTAG           TATCTTCCT TGGA AGTACGAAA            TCGGACACGTTGAAG
 5.6      30 ..      53   CAGCAAACGAAAGTA          GTATCTTCCT TGGA AGTACGAAAT           CGGACACGTTGAAGC
 3.8      42 ..      54   GTAGTATCTTCCTTG                GA AGTACGAAA TC                GGACACGTTGAAGCA
 7.2      44 ..      55   AGTATCTTCCTTGGA                AG TACGAAAT CG                 GACACGTTGAAGCAG
 4.7      46 ..      56   TATCTTCCTTGGAAG                TACG AAAT CG-G                 ACACGTTGAAGCAGG
9.537e-08      46 ..      57   TATCTTCCTTGGAAG                TACG AAAT CGGA                 CACGTTGAAGCAGGA
-2.3      45 ..      58   GTATCTTCCTTGGAA               GTACG AAAT CGGAC                ACGTTGAAGCAGGAA
 1.2      44 ..      59   AGTATCTTCCTTGGA              AGTACG AAAT CGGACA               CGTTGAAGCAGGAAx
 4.7      43 ..      60   TAGTATCTTCCTTGG             AAGTACG AAAT CGGACAC              GTTGAAGCAGGAAxx
 3.4      48 ..      61   TCTTCCTTGGAAGTA               CG AAATCGGACA CG                TTGAAGCAGGAAxxx
 2.5      47 ..      62   ATCTTCCTTGGAAGT              ACG AAATCGGACA CGT               TGAAGCAGGAAxxxx
9.537e-08      52 ..      63   CCTTGGAAGTACGAA                ATCG GACA CGTT                 GAAGCAGGAAxxxxx
 3.3      54 ..      64   TTGGAAGTACGAAAT                 CGG ACACG TTG                 AAGCAGGAAxxxxxx
 2.4      53 ..      65   CTTGGAAGTACGAAA                TCGG ACACG TTGA                AGCAGGAAxxxxxxx
 4.8      56 ..      66   GGAAGTACGAAATCG                 GACA CGT TGAA                 GCAGGAAxxxxxxxx
 7.7      54 ..      67   TTGGAAGTACGAAAT               C GGACACGTTGAA G                CAGGAAxxxxxxxxx
 6.7      56 ..      68   GGAAGTACGAAATCG                G ACACGTTGAAG C                AGGAAxxxxxxxxxx
 8.7      58 ..      69   AAGTACGAAATCGGA                CAC GTTGAA GCA                 GGAAxxxxxxxxxxx
 4.7      60 ..      70   GTACGAAATCGGACA                C-GT TGAA GCAG                 GAAxxxxxxxxxxxx
 2.6      61 ..      71   TACGAAATCGGACAC                 GTTG AAG CAGG                 AAxxxxxxxxxxxxx
 5.4      62 ..      72   ACGAAATCGGACACG                 TT GAAGCAG GA                 Axxxxxxxxxxxxxx
