>FUXA01000009.1:c136830-136758 Eubacterium ruminantium strain ATCC 17233 genome assembly, contig: EI46DRAFT_scaffold00007.7, whole genome shotgun sequence FORWARD
 3.9       1 ..      11   xxxxxxxxxxxxxxx                -ACT GTGG AGTG                 TACAAGAACTTGTGA
 2.8       1 ..      12   xxxxxxxxxxxxxxx                AC TGTGGAGT GT                 ACAAGAACTTGTGAG
   4       3 ..      13   xxxxxxxxxxxxxAC                 TGTG GAG TGTA                 CAAGAACTTGTGAGT
 1.1       4 ..      14   xxxxxxxxxxxxACT                 GTG GAGTG TAC                 AAGAACTTGTGAGTA
 0.2       3 ..      15   xxxxxxxxxxxxxAC                TGTG GAGTG TACA                AGAACTTGTGAGTAG
 3.7       2 ..      16   xxxxxxxxxxxxxxA               CTGTG GAGTG TACAA               GAACTTGTGAGTAGA
 3.2       2 ..      17   xxxxxxxxxxxxxxA              CTGTGGA GTG TACA-AG              AACTTGTGAGTAGAT
 6.7       1 ..      18   xxxxxxxxxxxxxxx             ACTGTGGA GTG TACA-AGA             ACTTGTGAGTAGATA
 6.2       9 ..      19   xxxxxxxACTGTGGA                 GTGT ACA AGAA                 CTTGTGAGTAGATAT
 2.8       9 ..      20   xxxxxxxACTGTGGA                GT GTACAAGA AC                 TTGTGAGTAGATATG
 1.9       8 ..      21   xxxxxxxxACTGTGG               AGT GTACAAGA ACT                TGTGAGTAGATATGA
 3.2       7 ..      22   xxxxxxxxxACTGTG              GAGT GTACAAGA ACTT               GTGAGTAGATATGAT
 3.9      13 ..      23   xxxACTGTGGAGTGT                ACAA GAAC TTG-                 TGAGTAGATATGATT
  -3      13 ..      24   xxxACTGTGGAGTGT                ACAA GAAC TTGT                 GAGTAGATATGATTT
-1.7      12 ..      25   xxxxACTGTGGAGTG               TACAA GAAC TTGTG                AGTAGATATGATTTC
 1.8      11 ..      26   xxxxxACTGTGGAGT              GTACAA GAAC TTGTGA               GTAGATATGATTTCA
 3.1      10 ..      27   xxxxxxACTGTGGAG             TGTACAA GAAC TTGTGAG              TAGATATGATTTCAA
 3.9      18 ..      28   TGTGGAGTGTACAAG                AACT TGTG AGT-                 AGATATGATTTCAAT
 1.4      18 ..      29   TGTGGAGTGTACAAG                AACT TGTG AGTA                 GATATGATTTCAATC
 1.8      20 ..      30   TGGAGTGTACAAGAA                 CT TGTGAGT AG                 ATATGATTTCAATCA
 5.3      19 ..      31   GTGGAGTGTACAAGA                ACT TGTGAGT AGA                TATGATTTCAATCAA
 4.4      18 ..      32   TGTGGAGTGTACAAG               AACT TGTGAGT AGAT               ATGATTTCAATCAAT
 3.5      22 ..      33   GAGTGTACAAGAACT                TGT GAGTAG ATA                 TGATTTCAATCAATC
 5.7      23 ..      34   AGTGTACAAGAACTT                GTG AGTAGA TAT                 GATTTCAATCAATCA
 4.7      20 ..      35   TGGAGTGTACAAGAA              CTTGT GAGTAG ATATG               ATTTCAATCAATCAA
 6.1      21 ..      36   GGAGTGTACAAGAAC              TTGTG AGTAGA TATGA               TTTCAATCAATCAAA
   5      26 ..      37   GTACAAGAACTTGTG                AGTA GATA TGAT                 TTCAATCAATCAAAA
 4.5      26 ..      38   GTACAAGAACTTGTG                AGT AGATATG ATT                TCAATCAATCAAAAG
-0.4      29 ..      39   CAAGAACTTGTGAGT                 AGAT ATG ATTT                 CAATCAATCAAAAGC
 0.4      30 ..      40   AAGAACTTGTGAGTA                 GATA TGA TTTC                 AATCAATCAAAAGCA
 3.9      29 ..      41   CAAGAACTTGTGAGT                AGATA TGA TTTCA                ATCAATCAAAAGCAT
   3      28 ..      42   ACAAGAACTTGTGAG               TAGATA TGA TTTCAA               TCAATCAAAAGCATA
   3      31 ..      43   AGAACTTGTGAGTAG               ATATG ATTT CA-AT                CAATCAAAAGCATAC
 0.7      30 ..      44   AAGAACTTGTGAGTA              GATATG ATTT CA-ATC               AATCAAAAGCATACA
  -3      34 ..      45   ACTTGTGAGTAGATA                TGAT TTCA ATCA                 ATCAAAAGCATACAC
 0.5      33 ..      46   AACTTGTGAGTAGAT               ATGAT TTCA ATCAA                TCAAAAGCATACACG
 1.2      31 ..      47   AGAACTTGTGAGTAG             ATATGAT TTCA ATCA-AT              CAAAAGCATACACGA
-1.1      30 ..      48   AAGAACTTGTGAGTA            GATATGAT TTCA ATCA-ATC             AAAAGCATACACGAT
-1.9      34 ..      49   ACTTGTGAGTAGATA              TGATT TCAATC AATCA               AAAGCATACACGATG
 1.5      28 ..      50   ACAAGAACTTGTGAG          TAGATATGAT TTCA ATCA-ATCAA           AAGCATACACGATGA
 0.7      32 ..      51   GAACTTGTGAGTAGA            TATGATT TCAATC AATCAAA             AGCATACACGATGAA
 4.2      31 ..      52   AGAACTTGTGAGTAG           ATATGATT TCAATC AATCAAAA            GCATACACGATGAAA
 4.6      20 ..      53   TGGAGTGTACAAGAA    CTTGTGAGTAGATATG ATTT CA-ATCAA-TCAAAAG     CATACACGATGAAAC
 6.5      35 ..      54   CTTGTGAGTAGATAT            GATTT CAATCAATCA AAAGC             ATACACGATGAAACA
 5.6      34 ..      55   ACTTGTGAGTAGATA           TGATTT CAATCAATCA AAAGCA            TACACGATGAAACAG
 3.2      46 ..      56   ATATGATTTCAATCA                 AT CAAAAGC AT                 ACACGATGAAACAGT
 3.8      32 ..      57   GAACTTGTGAGTAGA         TATGATTT CAATCAATCA AAAGCATA          CACGATGAAACAGTA
 7.3      31 ..      58   AGAACTTGTGAGTAG        ATATGATTT CAATCAATCA AAAGCATAC         ACGATGAAACAGTAA
 8.1      47 ..      59   TATGATTTCAATCAA                T CAAAAGCATAC A                CGATGAAACAGTAAx
None      50 ..      60   GATTTCAATCAATCA                  AAAGCATACAC                  GATGAAACAGTAAxx
 7.7      48 ..      61   ATGATTTCAATCAAT               C AAAAGCATACAC G                ATGAAACAGTAAxxx
 6.8      47 ..      62   TATGATTTCAATCAA              TC AAAAGCATACAC GA               TGAAACAGTAAxxxx
 4.3      52 ..      63   TTTCAATCAATCAAA                AGC ATACAC GAT                 GAAACAGTAAxxxxx
-1.1      54 ..      64   TCAATCAATCAAAAG                 CAT ACACG ATG                 AAACAGTAAxxxxxx
 2.4      53 ..      65   TTCAATCAATCAAAA                GCAT ACACG ATGA                AACAGTAAxxxxxxx
 0.4      56 ..      66   AATCAATCAAAAGCA                 TACA CGA TGAA                 ACAGTAAxxxxxxxx
 3.9      55 ..      67   CAATCAATCAAAAGC                ATACA CGA TGAAA                CAGTAAxxxxxxxxx
 7.4      54 ..      68   TCAATCAATCAAAAG               CATACA CGA TGAAAC               AGTAAxxxxxxxxxx
None      59 ..      69   CAATCAAAAGCATAC                  ACGATGAAACA                  GTAAxxxxxxxxxxx
 4.7      60 ..      70   AATCAAAAGCATACA                 C GATGAAACA G                 TAAxxxxxxxxxxxx
 2.6      61 ..      71   ATCAAAAGCATACAC                 GATG AAA CAGT                 AAxxxxxxxxxxxxx
 4.9      56 ..      72   AATCAATCAAAAGCA              TAC ACGATGAAACA GTA              Axxxxxxxxxxxxxx
