>FR891013.1:c40770-40698 Eubacterium rectale CAG:36 genomic scaffold, scf84, whole genome shotgun sequence FORWARD
 3.9       1 ..      11   xxxxxxxxxxxxxxx                -ACT GTGG AGTG                 TACAAGAACTTGTGA
 2.8       1 ..      12   xxxxxxxxxxxxxxx                AC TGTGGAGT GT                 ACAAGAACTTGTGAG
   4       3 ..      13   xxxxxxxxxxxxxAC                 TGTG GAG TGTA                 CAAGAACTTGTGAGT
 1.1       4 ..      14   xxxxxxxxxxxxACT                 GTG GAGTG TAC                 AAGAACTTGTGAGTA
 0.2       3 ..      15   xxxxxxxxxxxxxAC                TGTG GAGTG TACA                AGAACTTGTGAGTAG
 3.7       2 ..      16   xxxxxxxxxxxxxxA               CTGTG GAGTG TACAA               GAACTTGTGAGTAGC
 3.2       2 ..      17   xxxxxxxxxxxxxxA              CTGTGGA GTG TACA-AG              AACTTGTGAGTAGCG
 6.7       1 ..      18   xxxxxxxxxxxxxxx             ACTGTGGA GTG TACA-AGA             ACTTGTGAGTAGCGT
 6.2       9 ..      19   xxxxxxxACTGTGGA                 GTGT ACA AGAA                 CTTGTGAGTAGCGTA
 2.8       9 ..      20   xxxxxxxACTGTGGA                GT GTACAAGA AC                 TTGTGAGTAGCGTAT
 1.9       8 ..      21   xxxxxxxxACTGTGG               AGT GTACAAGA ACT                TGTGAGTAGCGTATT
 3.2       7 ..      22   xxxxxxxxxACTGTG              GAGT GTACAAGA ACTT               GTGAGTAGCGTATTG
 3.9      13 ..      23   xxxACTGTGGAGTGT                ACAA GAAC TTG-                 TGAGTAGCGTATTGT
  -3      13 ..      24   xxxACTGTGGAGTGT                ACAA GAAC TTGT                 GAGTAGCGTATTGTT
-1.7      12 ..      25   xxxxACTGTGGAGTG               TACAA GAAC TTGTG                AGTAGCGTATTGTTT
 1.8      11 ..      26   xxxxxACTGTGGAGT              GTACAA GAAC TTGTGA               GTAGCGTATTGTTTA
 3.1      10 ..      27   xxxxxxACTGTGGAG             TGTACAA GAAC TTGTGAG              TAGCGTATTGTTTAT
 3.9      18 ..      28   TGTGGAGTGTACAAG                AACT TGTG AGT-                 AGCGTATTGTTTATA
 1.4      18 ..      29   TGTGGAGTGTACAAG                AACT TGTG AGTA                 GCGTATTGTTTATAA
 1.8      20 ..      30   TGGAGTGTACAAGAA                 CT TGTGAGT AG                 CGTATTGTTTATAAT
 5.1      17 ..      31   CTGTGGAGTGTACAA              G-AACT TGTG AGTAGC               GTATTGTTTATAATC
 3.3      22 ..      32   GAGTGTACAAGAACT                 TGT GAGTA GCG                 TATTGTTTATAATCG
 3.3      23 ..      33   AGTGTACAAGAACTT                 GTG AGTAG CGT                 ATTGTTTATAATCGC
 2.4      22 ..      34   GAGTGTACAAGAACT                TGTG AGTAG CGTA                TTGTTTATAATCGCC
 3.9      23 ..      35   AGTGTACAAGAACTT                GTGAG TAG CGTAT                TGTTTATAATCGCCA
-0.4      26 ..      36   GTACAAGAACTTGTG                 AGTA GCG TATT                 GTTTATAATCGCCAA
 3.1      25 ..      37   TGTACAAGAACTTGT                GAGTA GCG TATTG                TTTATAATCGCCAAA
   5      27 ..      38   TACAAGAACTTGTGA                GTAG CGTA TTGT                 TTATAATCGCCAAAG
 0.4      29 ..      39   CAAGAACTTGTGAGT                 AGCG TAT TGTT                 TATAATCGCCAAAGC
 3.9      28 ..      40   ACAAGAACTTGTGAG                TAGCG TAT TGTTT                ATAATCGCCAAAGCA
 4.5      24 ..      41   GTGTACAAGAACTTG             TGAGTAG CGTA TTGTTTA              TAATCGCCAAAGCAT
 2.5      32 ..      42   GAACTTGTGAGTAGC                 GTA TTGTT TAT                 AATCGCCAAAGCATA
 0.3      33 ..      43   AACTTGTGAGTAGCG                 TAT TGTTT ATA                 ATCGCCAAAGCATAC
 3.8      32 ..      44   GAACTTGTGAGTAGC                GTAT TGTTT ATAA                TCGCCAAAGCATACA
 0.6      34 ..      45   ACTTGTGAGTAGCGT                ATTG TTTA TAAT                 CGCCAAAGCATACAC
   4      36 ..      46   TTGTGAGTAGCGTAT                 TGTT TAT AATC                 GCCAAAGCATACACA
   2      31 ..      47   AGAACTTGTGAGTAG             CGTATTG TTTA TAAT-CG              CCAAAGCATACACAT
-0.3      30 ..      48   AAGAACTTGTGAGTA            GCGTATTG TTTA TAAT-CGC             CAAAGCATACACATT
 3.2      29 ..      49   CAAGAACTTGTGAGT           AGCGTATTG TTTA TAAT-CGCC            AAAGCATACACATTG
 2.3      28 ..      50   ACAAGAACTTGTGAG          TAGCGTATTG TTTA TAAT-CGCCA           AAGCATACACATTGA
 4.3      35 ..      51   CTTGTGAGTAGCGTA              TTGTTTA TAA TCGCCAA              AGCATACACATTGAA
 4.3      38 ..      52   GTGAGTAGCGTATTG               TTT ATAATCGCC AAA               GCATACACATTGAAG
 7.5      38 ..      53   GTGAGTAGCGTATTG              TTT ATAATCGCCA AAG               CATACACATTGAAGC
 5.2      37 ..      54   TGTGAGTAGCGTATT             GTTT ATAATCGCCA AAGC              ATACACATTGAAGCA
 2.5      45 ..      55   GCGTATTGTTTATAA                TCGC CAAA GC-A                 TACACATTGAAGCAG
 1.6      44 ..      56   AGCGTATTGTTTATA               ATCGC CAAA GC-AT                ACACATTGAAGCAGT
 5.1      43 ..      57   TAGCGTATTGTTTAT              AATCGC CAAA GC-ATA               CACATTGAAGCAGTA
 5.7      47 ..      58   GTATTGTTTATAATC                G CCAAAGCATA C                 ACATTGAAGCAGTAA
None      49 ..      59   ATTGTTTATAATCGC                  CAAAGCATACA                  CATTGAAGCAGTAAx
 7.4      30 ..      60   AAGAACTTGTGAGTA      GCGTATTGTTT ATAATCGCCA AAGCA-TACAC       ATTGAAGCAGTAAxx
 6.7      36 ..      61   TTGTGAGTAGCGTAT         TGTTTAT AATCGCCAAAGC ATACACA          TTGAAGCAGTAAxxx
 4.3      51 ..      62   TGTTTATAATCGCCA                AAG CATACA CAT                 TGAAGCAGTAAxxxx
 3.4      50 ..      63   TTGTTTATAATCGCC               AAAG CATACA CATT                GAAGCAGTAAxxxxx
 1.1      49 ..      64   ATTGTTTATAATCGC              CAAAG CATACA CATTG               AAGCAGTAAxxxxxx
 4.6      48 ..      65   TATTGTTTATAATCG             CCAAAG CATACA CATTGA              AGCAGTAAxxxxxxx
 0.4      56 ..      66   ATAATCGCCAAAGCA                 TACA CAT TGAA                 GCAGTAAxxxxxxxx
 3.9      55 ..      67   TATAATCGCCAAAGC                ATACA CAT TGAAG                CAGTAAxxxxxxxxx
 1.8      53 ..      68   TTTATAATCGCCAAA              GCATACA CAT TG-AAGC              AGTAAxxxxxxxxxx
 5.3      52 ..      69   GTTTATAATCGCCAA             AGCATACA CAT TG-AAGCA             GTAAxxxxxxxxxxx
 4.7      60 ..      70   TCGCCAAAGCATACA                 C ATTGAAGCA G                 TAAxxxxxxxxxxxx
-1.8      61 ..      71   CGCCAAAGCATACAC                 ATTG AAG CAGT                 AAxxxxxxxxxxxxx
 1.7      60 ..      72   TCGCCAAAGCATACA                CATTG AAG CAGTA                Axxxxxxxxxxxxxx
