>AACY021623887.1:c206-149 Marine metagenome 1680420, whole genome shotgun sequence FORWARD
None       1 ..      11   xxxxxxxxxxxxxxx                  TTTCGTTCACC                  CTCACTAGAGGGCGC
None       2 ..      12   xxxxxxxxxxxxxxT                  TTCGTTCACCC                  TCACTAGAGGGCGCA
 7.7       3 ..      13   xxxxxxxxxxxxxTT                 TCG TTCAC CCT                 CACTAGAGGGCGCAG
 8.7       3 ..      14   xxxxxxxxxxxxxTT                TCG TTCACC CTC                 ACTAGAGGGCGCAGT
 7.2       4 ..      15   xxxxxxxxxxxxTTT                CG TTCACCCT CA                 CTAGAGGGCGCAGTT
 2.8       5 ..      16   xxxxxxxxxxxTTTC                GT TCACCCTC AC                 TAGAGGGCGCAGTTC
 6.3       4 ..      17   xxxxxxxxxxxxTTT               CGT TCACCCTC ACT                AGAGGGCGCAGTTCG
 5.4       3 ..      18   xxxxxxxxxxxxxTT              TCGT TCACCCTC ACTA               GAGGGCGCAGTTCGA
 5.7       8 ..      19   xxxxxxxxTTTCGTT                C ACCCTCACTA G                 AGGGCGCAGTTCGAG
 4.8       7 ..      20   xxxxxxxxxTTTCGT               TC ACCCTCACTA GA                GGGCGCAGTTCGAGT
1.907e-07      10 ..      21   xxxxxxTTTCGTTCA                CCCT CACT AGAG                 GGCGCAGTTCGAGTC
-5.8      11 ..      22   xxxxxTTTCGTTCAC                CCTC ACTA GAGG                 GCGCAGTTCGAGTCA
-8.1      10 ..      23   xxxxxxTTTCGTTCA               CCCTC ACTA GAGGG                CGCAGTTCGAGTCAT
-4.6       9 ..      24   xxxxxxxTTTCGTTC              ACCCTC ACTA GAGGGC               GCAGTTCGAGTCATA
-6.9       8 ..      25   xxxxxxxxTTTCGTT             CACCCTC ACTA GAGGGCG              CAGTTCGAGTCATAC
-3.4       7 ..      26   xxxxxxxxxTTTCGT            TCACCCTC ACTA GAGGGCGC             AGTTCGAGTCATACC
-4.3       6 ..      27   xxxxxxxxxxTTTCG           TTCACCCTC ACTA GAGGGCGCA            GTTCGAGTCATACCA
-0.8       5 ..      28   xxxxxxxxxxxTTTC          GTTCACCCTC ACTA GAGGGCGCAG           TTCGAGTCATACCAT
 0.8       5 ..      29   xxxxxxxxxxxTTTC         GTT-CACCCTC ACTA GAGGGCGCAGT          TCGAGTCATACCATG
 4.3       4 ..      30   xxxxxxxxxxxxTTT        CGTT-CACCCTC ACTA GAGGGCGCAGTT         CGAGTCATACCATGG
  -1      21 ..      31   TTCACCCTCACTAGA                 GGGC GCA GTTC                 GAGTCATACCATGGA
 2.5      20 ..      32   GTTCACCCTCACTAG                AGGGC GCA GTTCG                AGTCATACCATGGAA
 1.9      23 ..      33   CACCCTCACTAGAGG                 GCG CAGTT CGA                 GTCATACCATGGAAC
 1.9      24 ..      34   ACCCTCACTAGAGGG                 CGC AGTTC GAG                 TCATACCATGGAACG
 2.5      15 ..      35   xTTTCGTTCACCCTC            ACTAGAG GGCGCAG TTCGAGT            CATACCATGGAACGG
 0.9      22 ..      36   TCACCCTCACTAGAG               GGCGC AGTTC GAGTC               ATACCATGGAACGGG
 4.4      21 ..      37   TTCACCCTCACTAGA              GGGCGC AGTTC GAGTCA              TACCATGGAACGGGG
 3.5      20 ..      38   GTTCACCCTCACTAG             AGGGCGC AGTTC GAGTCAT             ACCATGGAACGGGGG
 4.8      29 ..      39   CACTAGAGGGCGCAG                 TTCG AGT CATA                 CCATGGAACGGGGGA
 2.5      28 ..      40   TCACTAGAGGGCGCA                GTTCG AGT CATAC                CATGGAACGGGGGAT
   6      27 ..      41   CTCACTAGAGGGCGC               AGTTCG AGT CATACC               ATGGAACGGGGGATG
 4.8      32 ..      42   TAGAGGGCGCAGTTC                 GAGT CAT ACCA                 TGGAACGGGGGATGG
 6.1      33 ..      43   AGAGGGCGCAGTTCG                 A GTCATACCA T                 GGAACGGGGGATGGC
 4.2      31 ..      44   CTAGAGGGCGCAGTT               CGAG TCATAC CATG                GAACGGGGGATGGCx
-1.8      35 ..      45   AGGGCGCAGTTCGAG                 TCAT ACC ATGG                 AACGGGGGATGGCxx
 1.7      34 ..      46   GAGGGCGCAGTTCGA                GTCAT ACC ATGGA                ACGGGGGATGGCxxx
 4.8      37 ..      47   GGCGCAGTTCGAGTC                 ATAC CAT GGAA                 CGGGGGATGGCxxxx
 2.9      32 ..      48   TAGAGGGCGCAGTTC              GAGTCAT ACC ATGGAAC              GGGGGATGGCxxxxx
 0.6      31 ..      49   CTAGAGGGCGCAGTT             CGAGTCAT ACC ATGGAACG             GGGGATGGCxxxxxx
  -1      40 ..      50   GCAGTTCGAGTCATA                 CCAT GGA ACGG                 GGGATGGCxxxxxxx
 1.2      41 ..      51   CAGTTCGAGTCATAC                 CATG GAA CGGG                 GGATGGCxxxxxxxx
-1.1      40 ..      52   GCAGTTCGAGTCATA                CCATG GAA CGGGG                GATGGCxxxxxxxxx
 2.4      39 ..      53   CGCAGTTCGAGTCAT               ACCATG GAA CGGGGG               ATGGCxxxxxxxxxx
 1.5      38 ..      54   GCGCAGTTCGAGTCA              TACCATG GAA CGGGGGA              TGGCxxxxxxxxxxx
 0.6      37 ..      55   GGCGCAGTTCGAGTC             ATACCATG GAA CGGGGGAT             GGCxxxxxxxxxxxx
-1.7      36 ..      56   GGGCGCAGTTCGAGT            CATACCATG GAA CGGGGGATG            GCxxxxxxxxxxxxx
-0.4      35 ..      57   AGGGCGCAGTTCGAG           TCATACCATG GAA CGGGGGATGG           Cxxxxxxxxxxxxxx
