>AACY022394159.1:235-290 Marine metagenome 1429668, whole genome shotgun sequence FORWARD
None       1 ..      11   xxxxxxxxxxxxxxx                  CTACGTTCATC                  CAATTTATTTGGACG
None       2 ..      12   xxxxxxxxxxxxxxC                  TACGTTCATCC                  AATTTATTTGGACGC
 7.1       2 ..      13   xxxxxxxxxxxxxxC                T ACGTTCATCC A                 ATTTATTTGGACGCA
 6.8       2 ..      14   xxxxxxxxxxxxxxC                TACG TTCAT CCAA                TTTATTTGGACGCAT
 2.5       5 ..      15   xxxxxxxxxxxCTAC                 GTT CATCC AAT                 TTATTTGGACGCATG
   6       4 ..      16   xxxxxxxxxxxxCTA                CGTT CATCC AATT                TATTTGGACGCATGA
 5.1       3 ..      17   xxxxxxxxxxxxxCT               ACGTT CATCC AATTT               ATTTGGACGCATGAT
 4.2       2 ..      18   xxxxxxxxxxxxxxC              TACGTT CATCC AATTTA              TTTGGACGCATGATT
 3.2       9 ..      19   xxxxxxxCTACGTTC                 AT CCAATTT AT                 TTGGACGCATGATTA
 6.7       8 ..      20   xxxxxxxxCTACGTT                CAT CCAATTT ATT                TGGACGCATGATTAG
 8.1       9 ..      21   xxxxxxxCTACGTTC                A TCCAATTTATT T                GGACGCATGATTAGA
-1.1      12 ..      22   xxxxCTACGTTCATC                 CAA TTTAT TTG                 GACGCATGATTAGAG
-3.4      11 ..      23   xxxxxCTACGTTCAT                CCAA TTTAT TTGG                ACGCATGATTAGAGA
-4.3      10 ..      24   xxxxxxCTACGTTCA               TCCAA TTTAT TTGGA               CGCATGATTAGAGAA
-0.8       9 ..      25   xxxxxxxCTACGTTC              ATCCAA TTTAT TTGGAC              GCATGATTAGAGAAT
-3.1       8 ..      26   xxxxxxxxCTACGTT             CATCCAA TTTAT TTGGACG             CATGATTAGAGAATA
 0.4       7 ..      27   xxxxxxxxxCTACGT            TCATCCAA TTTAT TTGGACGC            ATGATTAGAGAATAG
-0.5       6 ..      28   xxxxxxxxxxCTACG           TTCATCCAA TTTAT TTGGACGCA           TGATTAGAGAATAGG
 0.8       5 ..      29   xxxxxxxxxxxCTAC          GTTCATCCAA TTTAT TTGGACGCAT          GATTAGAGAATAGGG
-1.5       4 ..      30   xxxxxxxxxxxxCTA         CGTTCATCCAA TTTAT TTGGACGCATG         ATTAGAGAATAGGGA
   2       3 ..      31   xxxxxxxxxxxxxCT        ACGTTCATCCAA TTTAT TTGGACGCATGA        TTAGAGAATAGGGAA
 3.6       3 ..      32   xxxxxxxxxxxxxCT       A-CGTTCATCCAA TTTAT TTGGACGCATGAT       TAGAGAATAGGGAAC
 5.4      23 ..      33   CATCCAATTTATTTG                 GA CGCATGA TT                 AGAGAATAGGGAACG
 4.9      21 ..      34   TTCATCCAATTTATT               TGGAC GCAT GATTA                GAGAATAGGGAACGG
 4.7      25 ..      35   TCCAATTTATTTGGA                 C GCATGATTA G                 AGAATAGGGAACGGG
 5.3      19 ..      36   CGTTCATCCAATTTA             TTTGGAC GCAT GATTAGA              GAATAGGGAACGGGA
 3.9      25 ..      37   TCCAATTTATTTGGA                CGC ATGATTA GAG                AATAGGGAACGGGAT
 7.4      24 ..      38   ATCCAATTTATTTGG               ACGC ATGATTA GAGA               ATAGGGAACGGGATT
 6.1      29 ..      39   ATTTATTTGGACGCA                 T GATTAGAGA A                 TAGGGAACGGGATTC
 5.2      28 ..      40   AATTTATTTGGACGC                AT GATTAGAGA AT                AGGGAACGGGATTCT
 2.8      30 ..      41   TTTATTTGGACGCAT                GATT AGAG AATA                 GGGAACGGGATTCTC
 2.5      32 ..      42   TATTTGGACGCATGA                 TTA GAGAA TAG                 GGAACGGGATTCTCx
 5.6      27 ..      43   CAATTTATTTGGACG             CATGATT AGAG AAT-AGG              GAACGGGATTCTCxx
 5.3      27 ..      44   CAATTTATTTGGACG             CATGATT AGAG AATAGGG              AACGGGATTCTCxxx
 8.1      33 ..      45   ATTTGGACGCATGAT                T AGAGAATAGGG A                ACGGGATTCTCxxxx
 7.2      32 ..      46   TATTTGGACGCATGA               TT AGAGAATAGGG AA               CGGGATTCTCxxxxx
 4.7      37 ..      47   GGACGCATGATTAGA                 G AATAGGGAA C                 GGGATTCTCxxxxxx
 8.2      36 ..      48   TGGACGCATGATTAG                AG AATAGGGAA CG                GGATTCTCxxxxxxx
None      39 ..      49   ACGCATGATTAGAGA                  ATAGGGAACGG                  GATTCTCxxxxxxxx
   7      40 ..      50   CGCATGATTAGAGAA                 TAGG GAA CGGG                 ATTCTCxxxxxxxxx
 7.1      40 ..      51   CGCATGATTAGAGAA                T AGGGAACGGG A                 TTCTCxxxxxxxxxx
 6.2      39 ..      52   ACGCATGATTAGAGA               AT AGGGAACGGG AT                TCTCxxxxxxxxxxx
 5.3      38 ..      53   GACGCATGATTAGAG              AAT AGGGAACGGG ATT               CTCxxxxxxxxxxxx
-1.1      44 ..      54   TGATTAGAGAATAGG                 GAA CGGGA TTC                 TCxxxxxxxxxxxxx
 0.2      43 ..      55   ATGATTAGAGAATAG                GGAA CGGGA TTCT                Cxxxxxxxxxxxxxx
