>CP000097.1:937913-937973 Synechococcus sp. CC9902, complete genome FORWARD
None       1 ..      11   xxxxxxxxxxxxxxx                  AGACGTTGAGC                  TTGGCATGCTGAGCT
 2.8       1 ..      12   xxxxxxxxxxxxxxx                AG ACGTTGAG CT                 TGGCATGCTGAGCTG
 2.6       3 ..      13   xxxxxxxxxxxxxAG                 ACGT TGA GCTT                 GGCATGCTGAGCTGC
   4       4 ..      14   xxxxxxxxxxxxAGA                 CG TTGAGCT TG                 GCATGCTGAGCTGCA
 5.7       4 ..      15   xxxxxxxxxxxxAGA                C GTTGAGCTTG G                 CATGCTGAGCTGCAG
 3.6       5 ..      16   xxxxxxxxxxxAGAC                GTTG AGCT TGGC                 ATGCTGAGCTGCAGT
 1.8       7 ..      17   xxxxxxxxxAGACGT                 TG AGCTTGG CA                 TGCTGAGCTGCAGTT
 1.2       8 ..      18   xxxxxxxxAGACGTT                 GAGC TTG GCAT                 GCTGAGCTGCAGTTT
 2.5       7 ..      19   xxxxxxxxxAGACGT                TGAGC TTG GCATG                CTGAGCTGCAGTTTG
  -1      10 ..      20   xxxxxxAGACGTTGA                 GCTT GGC ATGC                 TGAGCTGCAGTTTGA
-1.9       9 ..      21   xxxxxxxAGACGTTG                AGCTT GGC ATGCT                GAGCTGCAGTTTGAA
 1.6       8 ..      22   xxxxxxxxAGACGTT               GAGCTT GGC ATGCTG               AGCTGCAGTTTGAAT
 0.7       7 ..      23   xxxxxxxxxAGACGT              TGAGCTT GGC ATGCTGA              GCTGCAGTTTGAATT
-0.9      11 ..      24   xxxxxAGACGTTGAG               CTTGG CATG CTGAG                CTGCAGTTTGAATTC
-3.2      10 ..      25   xxxxxxAGACGTTGA              GCTTGG CATG CTGAGC               TGCAGTTTGAATTCA
-4.1       9 ..      26   xxxxxxxAGACGTTG             AGCTTGG CATG CTGAGCT              GCAGTTTGAATTCAT
-0.8      16 ..      27   AGACGTTGAGCTTGG                CATGC TGA GC-TG                CAGTTTGAATTCATC
-3.1      15 ..      28   xAGACGTTGAGCTTG               GCATGC TGA GC-TGC               AGTTTGAATTCATCC
-1.5      18 ..      29   ACGTTGAGCTTGGCA                TGC TGAGCT GCA                 GTTTGAATTCATCCA
-2.5      20 ..      30   GTTGAGCTTGGCATG                 CTG AGCTG CAG                 TTTGAATTCATCCAG
-1.2      19 ..      31   CGTTGAGCTTGGCAT                GCTG AGCTG CAGT                TTGAATTCATCCAGG
 2.3      18 ..      32   ACGTTGAGCTTGGCA               TGCTG AGCTG CAGTT               TGAATTCATCCAGGC
 1.4      17 ..      33   GACGTTGAGCTTGGC              ATGCTG AGCTG CAGTTT              GAATTCATCCAGGCA
-0.9      16 ..      34   AGACGTTGAGCTTGG             CATGCTG AGCTG CAGTTTG             AATTCATCCAGGCAA
 2.6      15 ..      35   xAGACGTTGAGCTTG            GCATGCTG AGCTG CAGTTTGA            ATTCATCCAGGCAAC
 0.4      26 ..      36   CTTGGCATGCTGAGC                 TGCA GTT TGAA                 TTCATCCAGGCAACG
 3.9      25 ..      37   GCTTGGCATGCTGAG                CTGCA GTT TGAAT                TCATCCAGGCAACGG
 5.2      24 ..      38   AGCTTGGCATGCTGA               GCTGCA GTT TGAATT               CATCCAGGCAACGGG
 3.9      27 ..      39   TTGGCATGCTGAGCT                GCAGT TTG AATTC                ATCCAGGCAACGGGG
   3      26 ..      40   CTTGGCATGCTGAGC               TGCAGT TTG AATTCA               TCCAGGCAACGGGGG
 6.4      30 ..      41   GCATGCTGAGCTGCA                GT TTGAATTC AT                 CCAGGCAACGGGGGA
 4.2      24 ..      42   AGCTTGGCATGCTGA             GCTGCAGT TTG AATTCATC             CAGGCAACGGGGGAT
 3.3      33 ..      43   TGCTGAGCTGCAGTT                 TGA ATTCA TCC                 AGGCAACGGGGGATG
 1.4      33 ..      44   TGCTGAGCTGCAGTT                TGAA TTCA TCCA                 GGCAACGGGGGATGG
 2.7      32 ..      45   ATGCTGAGCTGCAGT               TTGAA TTCA TCCAG                GCAACGGGGGATGGG
   4      31 ..      46   CATGCTGAGCTGCAG              TTTGAA TTCA TCCAGG               CAACGGGGGATGGGT
 1.7      30 ..      47   GCATGCTGAGCTGCA             GTTTGAA TTCA TCCAGGC              AACGGGGGATGGGTx
 4.3      37 ..      48   GAGCTGCAGTTTGAA                TTC ATCCAG GCA                 ACGGGGGATGGGTxx
 5.2      37 ..      49   GAGCTGCAGTTTGAA                TT CATCCAGGC AA                CGGGGGATGGGTxxx
 6.4      27 ..      50   TTGGCATGCTGAGCT          GCAGTTTGAA TTCA TCCAGGCAAC           GGGGGATGGGTxxxx
 5.3      39 ..      51   GCTGCAGTTTGAATT                CAT CCAGGCA ACG                GGGGATGGGTxxxxx
 0.4      42 ..      52   GCAGTTTGAATTCAT                 CC AGGCAAC GG                 GGGATGGGTxxxxxx
-1.4      42 ..      53   GCAGTTTGAATTCAT                CCAG GCAA CGGG                 GGATGGGTxxxxxxx
-0.1      41 ..      54   TGCAGTTTGAATTCA               TCCAG GCAA CGGGG                GATGGGTxxxxxxxx
 2.4      41 ..      55   TGCAGTTTGAATTCA               TCCAGG CAA CGGGGG               ATGGGTxxxxxxxxx
   2      38 ..      56   AGCTGCAGTTTGAAT             TCATCC AGGCAAC GGGGGA             TGGGTxxxxxxxxxx
 1.6      40 ..      57   CTGCAGTTTGAATTC             ATCC AGGCAACGGG GGAT              GGGTxxxxxxxxxxx
-0.7      39 ..      58   GCTGCAGTTTGAATT            CATCC AGGCAACGGG GGATG             GGTxxxxxxxxxxxx
 0.6      38 ..      59   AGCTGCAGTTTGAAT           TCATCC AGGCAACGGG GGATGG            GTxxxxxxxxxxxxx
 1.9      37 ..      60   GAGCTGCAGTTTGAA          TTCATCC AGGCAACGGG GGATGGG           Txxxxxxxxxxxxxx
