>AACY023852401.1:c427-367 Marine metagenome ctg_1101668659752, whole genome shotgun sequence FORWARD
None       1 ..      11   xxxxxxxxxxxxxxx                  TTACGTTCATC                  TACTTAATCGTAGAC
None       2 ..      12   xxxxxxxxxxxxxxT                  TACGTTCATCT                  ACTTAATCGTAGACG
 4.2       2 ..      13   xxxxxxxxxxxxxxT                TA CGTTCATC TA                 CTTAATCGTAGACGC
 6.8       4 ..      14   xxxxxxxxxxxxTTA                CGT TCATCT AC-                 TTAATCGTAGACGCA
 4.3       4 ..      15   xxxxxxxxxxxxTTA                CGT TCATCT ACT                 TAATCGTAGACGCAT
 3.4       3 ..      16   xxxxxxxxxxxxxTT               ACGT TCATCT ACTT                AATCGTAGACGCATC
 2.5       2 ..      17   xxxxxxxxxxxxxxT              TACGT TCATCT ACTTA               ATCGTAGACGCATCA
 1.6       1 ..      18   xxxxxxxxxxxxxxx             TTACGT TCATCT ACTTAA              TCGTAGACGCATCAA
 3.2       9 ..      19   xxxxxxxTTACGTTC                 AT CTACTTA AT                 CGTAGACGCATCAAT
 6.7       8 ..      20   xxxxxxxxTTACGTT                CAT CTACTTA ATC                GTAGACGCATCAATA
 3.3      11 ..      21   xxxxxTTACGTTCAT                 CTA CTTAA TCG                 TAGACGCATCAATAC
 3.7       3 ..      22   xxxxxxxxxxxxxTT            ACGTTCA TCTACT TAATCGT             AGACGCATCAATACA
-0.1      12 ..      23   xxxxTTACGTTCATC                TAC TTAATC GTA                 GACGCATCAATACAT
-2.4      11 ..      24   xxxxxTTACGTTCAT               CTAC TTAATC GTAG                ACGCATCAATACATC
-3.3      10 ..      25   xxxxxxTTACGTTCA              TCTAC TTAATC GTAGA               CGCATCAATACATCA
 0.2       9 ..      26   xxxxxxxTTACGTTC             ATCTAC TTAATC GTAGAC              GCATCAATACATCAT
-2.1       8 ..      27   xxxxxxxxTTACGTT            CATCTAC TTAATC GTAGACG             CATCAATACATCATT
 1.4       7 ..      28   xxxxxxxxxTTACGT           TCATCTAC TTAATC GTAGACGC            ATCAATACATCATTC
 0.5       6 ..      29   xxxxxxxxxxTTACG          TTCATCTAC TTAATC GTAGACGCA           TCAATACATCATTCA
 1.6      18 ..      30   ACGTTCATCTACTTA               AT-CG TAGA CGCAT                CAATACATCATTCAT
 3.4      21 ..      31   TTCATCTACTTAATC                 GTAG ACG CATC                 AATACATCATTCATG
 3.9      22 ..      32   TCATCTACTTAATCG                TAGA CGCA TC-A                 ATACATCATTCATGG
 1.4      22 ..      33   TCATCTACTTAATCG                TAGA CGCA TCAA                 TACATCATTCATGGA
 2.7      21 ..      34   TTCATCTACTTAATC               GTAGA CGCA TCAAT                ACATCATTCATGGAA
 6.2      22 ..      35   TCATCTACTTAATCG               TA GACGCATCAA TA                CATCATTCATGGAAC
 3.9      21 ..      36   TTCATCTACTTAATC              GTA GACGCATCAA TAC               ATCATTCATGGAACG
 5.8      26 ..      37   CTACTTAATCGTAGA                CGCA TCAA TACA                 TCATTCATGGAACGG
 4.9      25 ..      38   TCTACTTAATCGTAG               ACGCA TCAA TACAT                CATTCATGGAACGGG
 2.6      24 ..      39   ATCTACTTAATCGTA              GACGCA TCAA TACATC               ATTCATGGAACGGGG
 4.7      30 ..      40   TTAATCGTAGACGCA                 TCA ATACA TCA                 TTCATGGAACGGGGG
 3.8      29 ..      41   CTTAATCGTAGACGC                ATCA ATACA TCAT                TCATGGAACGGGGGA
 0.3      32 ..      42   AATCGTAGACGCATC                 AAT ACATC ATT                 CATGGAACGGGGGAT
 3.8      31 ..      43   TAATCGTAGACGCAT                CAAT ACATC ATTC                ATGGAACGGGGGATG
 2.9      30 ..      44   TTAATCGTAGACGCA               TCAAT ACATC ATTCA               TGGAACGGGGGATGG
   2      29 ..      45   CTTAATCGTAGACGC              ATCAAT ACATC ATTCAT              GGAACGGGGGATGGT
-1.1      36 ..      46   GTAGACGCATCAATA                 CAT CATTC ATG                 GAACGGGGGATGGTG
 2.4      35 ..      47   CGTAGACGCATCAAT                ACAT CATTC ATGG                AACGGGGGATGGTGx
 1.5      34 ..      48   TCGTAGACGCATCAA               TACAT CATTC ATGGA               ACGGGGGATGGTGxx
   5      33 ..      49   ATCGTAGACGCATCA              ATACAT CATTC ATGGAA              CGGGGGATGGTGxxx
 0.4      40 ..      50   ACGCATCAATACATC                 ATTC ATG GAAC                 GGGGGATGGTGxxxx
-1.9      39 ..      51   GACGCATCAATACAT                CATTC ATG GAACG                GGGGATGGTGxxxxx
-0.6      38 ..      52   AGACGCATCAATACA               TCATTC ATG GAACGG               GGGATGGTGxxxxxx
 1.2      43 ..      53   CATCAATACATCATT                 CATG GAA CGGG                 GGATGGTGxxxxxxx
 0.6      36 ..      54   GTAGACGCATCAATA             CATCATTC ATG GAACGGGG             GATGGTGxxxxxxxx
 3.8      41 ..      55   CGCATCAATACATCA               TTCATG GAA CGGGGG               ATGGTGxxxxxxxxx
 3.2      34 ..      56   TCGTAGACGCATCAA           TACATCATTC ATG GAACGGGGGA           TGGTGxxxxxxxxxx
 2.3      33 ..      57   ATCGTAGACGCATCA          ATACATCATTC ATG GAACGGGGGAT          GGTGxxxxxxxxxxx
   1      36 ..      58   GTAGACGCATCAATA           CATCATTCAT GGA ACGGGGGATG           GTGxxxxxxxxxxxx
 3.5      31 ..      59   TAATCGTAGACGCAT        CAATACATCATTC ATG GAACGGGGGATGG        TGxxxxxxxxxxxxx
 2.8      49 ..      60   TACATCATTCATGGA                AC GGGGGATG GT                 Gxxxxxxxxxxxxxx
