>AACY021585725.1:c501-447 Marine metagenome 1172275, whole genome shotgun sequence FORWARD
 4.7       1 ..      11   xxxxxxxxxxxxxxx                 G TCCGTTCAT C                 CTTAATTGGACGCAT
 5.7       1 ..      12   xxxxxxxxxxxxxxx                G TCCGTTCATC C                 TTAATTGGACGCATG
 7.7       3 ..      13   xxxxxxxxxxxxxGT                 CCG TTCAT CCT                 TAATTGGACGCATGT
 8.7       3 ..      14   xxxxxxxxxxxxxGT                CCG TTCATC CTT                 AATTGGACGCATGTC
 7.8       2 ..      15   xxxxxxxxxxxxxxG               TCCG TTCATC CTTA                ATTGGACGCATGTCA
 1.8       6 ..      16   xxxxxxxxxxGTCCG                 TTCA TCC TTAA                 TTGGACGCATGTCAG
 3.1       5 ..      17   xxxxxxxxxxxGTCC                GTTCA TCC TTAAT                TGGACGCATGTCAGC
 4.7       8 ..      18   xxxxxxxxGTCCGTT                 CAT CCTTA ATT                 GGACGCATGTCAGCT
 2.8       8 ..      19   xxxxxxxxGTCCGTT                CA TCCTTAAT TG                 GACGCATGTCAGCTA
 3.9       3 ..      20   xxxxxxxxxxxxxGT             CCGTTCA TCCT TAATTGG              ACGCATGTCAGCTAG
-1.5      10 ..      21   xxxxxxGTCCGTTCA                TCC TTAATT GGA                 CGCATGTCAGCTAGC
 0.7       1 ..      22   xxxxxxxxxxxxxxx           GTCCGTTCA TCCT TAATTGGAC            GCATGTCAGCTAGCC
-1.4       4 ..      23   xxxxxxxxxxxxGTC            CGTTCA TCCTTAAT TGGACG             CATGTCAGCTAGCCA
 2.1       3 ..      24   xxxxxxxxxxxxxGT           CCGTTCA TCCTTAAT TGGACGC            ATGTCAGCTAGCCAT
 1.2       2 ..      25   xxxxxxxxxxxxxxG          TCCGTTCA TCCTTAAT TGGACGCA           TGTCAGCTAGCCATG
 2.5       1 ..      26   xxxxxxxxxxxxxxx         GTCCGTTCA TCCTTAAT TGGACGCAT          GTCAGCTAGCCATGG
 1.3       4 ..      27   xxxxxxxxxxxxGTC          CGTTCATCC TTAATT GGACGCATG           TCAGCTAGCCATGGA
 4.8       3 ..      28   xxxxxxxxxxxxxGT         CCGTTCATCC TTAATT GGACGCATGT          CAGCTAGCCATGGAA
 2.5      19 ..      29   CGTTCATCCTTAATT                GGAC GCAT GTC-                 AGCTAGCCATGGAAC
   0      19 ..      30   CGTTCATCCTTAATT                GGAC GCAT GTCA                 GCTAGCCATGGAACG
 1.3      18 ..      31   CCGTTCATCCTTAAT               TGGAC GCAT GTCAG                CTAGCCATGGAACGG
 4.8      17 ..      32   TCCGTTCATCCTTAA              TTGGAC GCAT GTCAGC               TAGCCATGGAACGGG
 2.9      22 ..      33   TCATCCTTAATTGGA                CGC ATGTCA GCT                 AGCCATGGAACGGGG
 4.6      14 ..      34   xxGTCCGTTCATCCT           TAATTGGAC GCAT GTC-AGCTA            GCCATGGAACGGGGG
 4.4      24 ..      35   ATCCTTAATTGGACG                CATG TCAG CTAG                 CCATGGAACGGGGGC
 2.1      23 ..      36   CATCCTTAATTGGAC               GCATG TCAG CTAGC                CATGGAACGGGGGCT
 1.9      27 ..      37   CTTAATTGGACGCAT                 GTC AGCTA GCC                 ATGGAACGGGGGCTA
   1      26 ..      38   CCTTAATTGGACGCA                TGTC AGCTA GCCA                TGGAACGGGGGCTAG
 0.1      25 ..      39   TCCTTAATTGGACGC               ATGTC AGCTA GCCAT               GGAACGGGGGCTAGG
-2.2      24 ..      40   ATCCTTAATTGGACG              CATGTC AGCTA GCCATG              GAACGGGGGCTAGGT
 1.3      23 ..      41   CATCCTTAATTGGAC             GCATGTC AGCTA GCCATGG             AACGGGGGCTAGGTx
 3.6      31 ..      42   ATTGGACGCATGTCA                GCTA GCCA TGGA                 ACGGGGGCTAGGTxx
 4.8      33 ..      43   TGGACGCATGTCAGC                 TAGC CAT GGAA                 CGGGGGCTAGGTxxx
   6      20 ..      44   GTTCATCCTTAATTG          GACGCATGTC AGCTA GCCATGGAAC          GGGGGCTAGGTxxxx
 7.2      34 ..      45   GGACGCATGTCAGCT                AG CCATGGAA CG                 GGGGCTAGGTxxxxx
  -1      36 ..      46   ACGCATGTCAGCTAG                 CCAT GGA ACGG                 GGGCTAGGTxxxxxx
 1.2      37 ..      47   CGCATGTCAGCTAGC                 CATG GAA CGGG                 GGCTAGGTxxxxxxx
-1.1      36 ..      48   ACGCATGTCAGCTAG                CCATG GAA CGGGG                GCTAGGTxxxxxxxx
 2.4      35 ..      49   GACGCATGTCAGCTA               GCCATG GAA CGGGGG               CTAGGTxxxxxxxxx
 1.1      35 ..      50   GACGCATGTCAGCTA              GCC ATGGAACGGG GGC               TAGGTxxxxxxxxxx
 0.2      34 ..      51   GGACGCATGTCAGCT             AGCC ATGGAACGGG GGCT              AGGTxxxxxxxxxxx
-0.7      33 ..      52   TGGACGCATGTCAGC            TAGCC ATGGAACGGG GGCTA             GGTxxxxxxxxxxxx
  -3      32 ..      53   TTGGACGCATGTCAG           CTAGCC ATGGAACGGG GGCTAG            GTxxxxxxxxxxxxx
 0.5      31 ..      54   ATTGGACGCATGTCA          GCTAGCC ATGGAACGGG GGCTAGG           Txxxxxxxxxxxxxx
