>AAOK01000003.1:c2958-2897 Synechococcus sp. WH 7805 1099646010149, whole genome shotgun sequence FORWARD
None       1 ..      11   xxxxxxxxxxxxxxx                  ACACGTTCACC                  TCACTCCTGGTGAGG
 7.1       1 ..      12   xxxxxxxxxxxxxxx                A CACGTTCACC T                 CACTCCTGGTGAGGC
 5.8       2 ..      13   xxxxxxxxxxxxxxA                CACG TTCA CCTC                 ACTCCTGGTGAGGCG
 6.2       4 ..      14   xxxxxxxxxxxxACA                 CG TTCACCT CA                 CTCCTGGTGAGGCGC
 1.8       5 ..      15   xxxxxxxxxxxACAC                 GT TCACCTC AC                 TCCTGGTGAGGCGCA
 5.3       4 ..      16   xxxxxxxxxxxxACA                CGT TCACCTC ACT                CCTGGTGAGGCGCAG
 6.7       5 ..      17   xxxxxxxxxxxACAC                G TTCACCTCACT C                CTGGTGAGGCGCAGT
 7.7       5 ..      18   xxxxxxxxxxxACAC               G TTCACCTCACTC C                TGGTGAGGCGCAGTT
 6.1       9 ..      19   xxxxxxxACACGTTC                 A CCTCACTCC T                 GGTGAGGCGCAGTTC
 3.8       8 ..      20   xxxxxxxxACACGTT                CA CCTCACTCC TG                GTGAGGCGCAGTTCG
 1.4      10 ..      21   xxxxxxACACGTTCA                CC TCACTCCT GG                 TGAGGCGCAGTTCGA
 0.5       9 ..      22   xxxxxxxACACGTTC               ACC TCACTCCT GGT                GAGGCGCAGTTCGAC
-3.2      13 ..      23   xxxACACGTTCACCT                 CACT CCT GGTG                 AGGCGCAGTTCGACT
-4.1      12 ..      24   xxxxACACGTTCACC                TCACT CCT GGTGA                GGCGCAGTTCGACTC
-6.4      11 ..      25   xxxxxACACGTTCAC               CTCACT CCT GGTGAG               GCGCAGTTCGACTCA
-8.7      10 ..      26   xxxxxxACACGTTCA              CCTCACT CCT GGTGAGG              CGCAGTTCGACTCAG
-5.2       9 ..      27   xxxxxxxACACGTTC             ACCTCACT CCT GGTGAGGC             GCAGTTCGACTCAGG
-7.5       8 ..      28   xxxxxxxxACACGTT            CACCTCACT CCT GGTGAGGCG            CAGTTCGACTCAGGC
  -4       7 ..      29   xxxxxxxxxACACGT           TCACCTCACT CCT GGTGAGGCGC           AGTTCGACTCAGGCC
-4.9       6 ..      30   xxxxxxxxxxACACG          TTCACCTCACT CCT GGTGAGGCGCA          GTTCGACTCAGGCCA
-1.4       5 ..      31   xxxxxxxxxxxACAC         GTTCACCTCACT CCT GGTGAGGCGCAG         TTCGACTCAGGCCAT
-2.1       3 ..      32   xxxxxxxxxxxxxAC       ACGTTCACCTCACT CCT GGTGAGGCGCA-GT       TCGACTCAGGCCATG
 1.2       3 ..      33   xxxxxxxxxxxxxAC       ACGTTCACCTCACT CCT GGTGAGGCGCAGTT       CGACTCAGGCCATGG
 2.1      23 ..      34   CACCTCACTCCTGGT                GAG GCGCAG TTC                 GACTCAGGCCATGGA
 3.4      22 ..      35   TCACCTCACTCCTGG               TGAG GCGCAG TTCG                ACTCAGGCCATGGAA
 1.9      26 ..      36   CTCACTCCTGGTGAG                 GCG CAGTT CGA                 CTCAGGCCATGGAAC
-0.4      25 ..      37   CCTCACTCCTGGTGA                GGCG CAGTT CGAC                TCAGGCCATGGAACG
-1.3      24 ..      38   ACCTCACTCCTGGTG               AGGCG CAGTT CGACT               CAGGCCATGGAACGG
-3.6      23 ..      39   CACCTCACTCCTGGT              GAGGCG CAGTT CGACTC              AGGCCATGGAACGGG
-4.5      22 ..      40   TCACCTCACTCCTGG             TGAGGCG CAGTT CGACTCA             GGCCATGGAACGGGG
  -1      21 ..      41   TTCACCTCACTCCTG            GTGAGGCG CAGTT CGACTCAG            GCCATGGAACGGGGA
 2.5      20 ..      42   GTTCACCTCACTCCT           GGTGAGGCG CAGTT CGACTCAGG           CCATGGAACGGGGAC
 2.5      31 ..      43   TCCTGGTGAGGCGCA                GTTCG ACT CAGGC                CATGGAACGGGGACC
 2.9      20 ..      44   GTTCACCTCACTCCT         GG--TGAGGCG CAGTT CGACTCAGGCC         ATGGAACGGGGACCT
   2      19 ..      45   CGTTCACCTCACTCC        TGG--TGAGGCG CAGTT CGACTCAGGCCA        TGGAACGGGGACCTG
 5.5      18 ..      46   ACGTTCACCTCACTC       CTGG--TGAGGCG CAGTT CGACTCAGGCCAT       GGAACGGGGACCTGA
 3.2      17 ..      47   CACGTTCACCTCACT      CCTGG--TGAGGCG CAGTT CGACTCAGGCCATG      GAACGGGGACCTGAG
 1.1      38 ..      48   GAGGCGCAGTTCGAC                 TCA GGCCA TGG                 AACGGGGACCTGAGx
 2.5      16 ..      49   ACACGTTCACCTCAC    TCC-TGG--TGAGGCG CAGTT CGACTCAGGCCATGGA    ACGGGGACCTGAGxx
 5.5      32 ..      50   CCTGGTGAGGCGCAG             TTCGA CTCAGGCCA TGGAA             CGGGGACCTGAGxxx
 3.2      31 ..      51   TCCTGGTGAGGCGCA            GTTCGA CTCAGGCCA TGGAAC            GGGGACCTGAGxxxx
 3.5      34 ..      52   TGGTGAGGCGCAGTT             CGACTCA GGCCA TGGAACG             GGGACCTGAGxxxxx
  -1      43 ..      53   GCAGTTCGACTCAGG                 CCAT GGA ACGG                 GGACCTGAGxxxxxx
 1.2      44 ..      54   CAGTTCGACTCAGGC                 CATG GAA CGGG                 GACCTGAGxxxxxxx
-1.1      43 ..      55   GCAGTTCGACTCAGG                CCATG GAA CGGGG                ACCTGAGxxxxxxxx
 2.4      42 ..      56   CGCAGTTCGACTCAG               GCCATG GAA CGGGGA               CCTGAGxxxxxxxxx
 0.1      41 ..      57   GCGCAGTTCGACTCA              GGCCATG GAA CGGGGAC              CTGAGxxxxxxxxxx
 0.3      41 ..      58   GCGCAGTTCGACTCA             GG-CCATG GAA CGGGGACC             TGAGxxxxxxxxxxx
-0.6      40 ..      59   GGCGCAGTTCGACTC            AGG-CCATG GAA CGGGGACCT            GAGxxxxxxxxxxxx
-2.9      39 ..      60   AGGCGCAGTTCGACT           CAGG-CCATG GAA CGGGGACCTG           AGxxxxxxxxxxxxx
-3.8      38 ..      61   GAGGCGCAGTTCGAC          TCAGG-CCATG GAA CGGGGACCTGA          Gxxxxxxxxxxxxxx
