>AACY023488045.1:c608-551 Marine metagenome ctg_1101668295396, whole genome shotgun sequence FORWARD
None       1 ..      11   xxxxxxxxxxxxxxx                  TTTCGTTCACC                  CTCTTTTGAGGGCGC
None       2 ..      12   xxxxxxxxxxxxxxT                  TTCGTTCACCC                  TCTTTTGAGGGCGCA
 7.7       3 ..      13   xxxxxxxxxxxxxTT                 TCG TTCAC CCT                 CTTTTGAGGGCGCAG
 8.7       3 ..      14   xxxxxxxxxxxxxTT                TCG TTCACC CTC                 TTTTGAGGGCGCAGT
 7.2       4 ..      15   xxxxxxxxxxxxTTT                CG TTCACCCT CT                 TTTGAGGGCGCAGTT
None       6 ..      16   xxxxxxxxxxTTTCG                  TTCACCCTCTT                  TTGAGGGCGCAGTTC
None       7 ..      17   xxxxxxxxxTTTCGT                  TCACCCTCTTT                  TGAGGGCGCAGTTCG
 7.6       8 ..      18   xxxxxxxxTTTCGTT                 CA CCCTCTT TT                 GAGGGCGCAGTTCGA
 2.8       8 ..      19   xxxxxxxxTTTCGTT                CA CCCTCTTT TG                 AGGGCGCAGTTCGAG
 1.9       7 ..      20   xxxxxxxxxTTTCGT               TCA CCCTCTTT TGA                GGGCGCAGTTCGAGT
 2.5      11 ..      21   xxxxxTTTCGTTCAC                CCTC TTTT GAG-                 GGCGCAGTTCGAGTC
-5.8      11 ..      22   xxxxxTTTCGTTCAC                CCTC TTTT GAGG                 GCGCAGTTCGAGTCA
-8.1      10 ..      23   xxxxxxTTTCGTTCA               CCCTC TTTT GAGGG                CGCAGTTCGAGTCAT
-4.6       9 ..      24   xxxxxxxTTTCGTTC              ACCCTC TTTT GAGGGC               GCAGTTCGAGTCATA
-6.9       8 ..      25   xxxxxxxxTTTCGTT             CACCCTC TTTT GAGGGCG              CAGTTCGAGTCATAC
-3.4       7 ..      26   xxxxxxxxxTTTCGT            TCACCCTC TTTT GAGGGCGC             AGTTCGAGTCATACC
-4.3       6 ..      27   xxxxxxxxxxTTTCG           TTCACCCTC TTTT GAGGGCGCA            GTTCGAGTCATACCA
-0.8       5 ..      28   xxxxxxxxxxxTTTC          GTTCACCCTC TTTT GAGGGCGCAG           TTCGAGTCATACCAT
 0.8       5 ..      29   xxxxxxxxxxxTTTC         GTT-CACCCTC TTTT GAGGGCGCAGT          TCGAGTCATACCATG
 4.3       4 ..      30   xxxxxxxxxxxxTTT        CGTT-CACCCTC TTTT GAGGGCGCAGTT         CGAGTCATACCATGG
  -1      21 ..      31   TTCACCCTCTTTTGA                 GGGC GCA GTTC                 GAGTCATACCATGGA
 2.5      20 ..      32   GTTCACCCTCTTTTG                AGGGC GCA GTTCG                AGTCATACCATGGAA
 1.9      23 ..      33   CACCCTCTTTTGAGG                 GCG CAGTT CGA                 GTCATACCATGGAAC
 1.9      24 ..      34   ACCCTCTTTTGAGGG                 CGC AGTTC GAG                 TCATACCATGGAACG
 3.2      23 ..      35   CACCCTCTTTTGAGG                GCGC AGTTC GAGT                CATACCATGGAACGG
 0.9      22 ..      36   TCACCCTCTTTTGAG               GGCGC AGTTC GAGTC               ATACCATGGAACGGG
 4.4      21 ..      37   TTCACCCTCTTTTGA              GGGCGC AGTTC GAGTCA              TACCATGGAACGGGG
 3.5      20 ..      38   GTTCACCCTCTTTTG             AGGGCGC AGTTC GAGTCAT             ACCATGGAACGGGGG
 4.8      29 ..      39   CTTTTGAGGGCGCAG                 TTCG AGT CATA                 CCATGGAACGGGGGA
 2.5      28 ..      40   TCTTTTGAGGGCGCA                GTTCG AGT CATAC                CATGGAACGGGGGAT
   6      27 ..      41   CTCTTTTGAGGGCGC               AGTTCG AGT CATACC               ATGGAACGGGGGATG
 4.8      32 ..      42   TTGAGGGCGCAGTTC                 GAGT CAT ACCA                 TGGAACGGGGGATGG
 6.1      33 ..      43   TGAGGGCGCAGTTCG                 A GTCATACCA T                 GGAACGGGGGATGGC
 4.2      31 ..      44   TTTGAGGGCGCAGTT               CGAG TCATAC CATG                GAACGGGGGATGGCx
-1.8      35 ..      45   AGGGCGCAGTTCGAG                 TCAT ACC ATGG                 AACGGGGGATGGCxx
 1.7      34 ..      46   GAGGGCGCAGTTCGA                GTCAT ACC ATGGA                ACGGGGGATGGCxxx
 4.8      37 ..      47   GGCGCAGTTCGAGTC                 ATAC CAT GGAA                 CGGGGGATGGCxxxx
 2.9      32 ..      48   TTGAGGGCGCAGTTC              GAGTCAT ACC ATGGAAC              GGGGGATGGCxxxxx
 0.6      31 ..      49   TTTGAGGGCGCAGTT             CGAGTCAT ACC ATGGAACG             GGGGATGGCxxxxxx
  -1      40 ..      50   GCAGTTCGAGTCATA                 CCAT GGA ACGG                 GGGATGGCxxxxxxx
 1.2      41 ..      51   CAGTTCGAGTCATAC                 CATG GAA CGGG                 GGATGGCxxxxxxxx
-1.1      40 ..      52   GCAGTTCGAGTCATA                CCATG GAA CGGGG                GATGGCxxxxxxxxx
 2.4      39 ..      53   CGCAGTTCGAGTCAT               ACCATG GAA CGGGGG               ATGGCxxxxxxxxxx
 1.5      38 ..      54   GCGCAGTTCGAGTCA              TACCATG GAA CGGGGGA              TGGCxxxxxxxxxxx
 0.6      37 ..      55   GGCGCAGTTCGAGTC             ATACCATG GAA CGGGGGAT             GGCxxxxxxxxxxxx
-1.7      36 ..      56   GGGCGCAGTTCGAGT            CATACCATG GAA CGGGGGATG            GCxxxxxxxxxxxxx
-0.4      35 ..      57   AGGGCGCAGTTCGAG           TCATACCATG GAA CGGGGGATGG           Cxxxxxxxxxxxxxx
