>AACY020280405.1:c1415-1365 Marine metagenome 1096626353049, whole genome shotgun sequence FORWARD
None       1 ..      11   xxxxxxxxxxxxxxx                  TACGTTCAACC                  TTTATGGTCGGAAGT
 0.4       2 ..      12   xxxxxxxxxxxxxxT                 ACGT TCA ACCT                 TTATGGTCGGAAGTA
 3.9       1 ..      13   xxxxxxxxxxxxxxx                TACGT TCA ACCTT                TATGGTCGGAAGTAA
 7.8       1 ..      14   xxxxxxxxxxxxxxx               TACG TTCAAC CTTT                ATGGTCGGAAGTAAG
 6.1       5 ..      15   xxxxxxxxxxxTACG                 T TCAACCTTT A                 TGGTCGGAAGTAAGC
 6.2       6 ..      16   xxxxxxxxxxTACGT                 TCAA CCT TTAT                 GGTCGGAAGTAAGCT
 1.8       7 ..      17   xxxxxxxxxTACGTT                 CA ACCTTTA TG                 GTCGGAAGTAAGCTT
 3.1       6 ..      18   xxxxxxxxxxTACGT                TCA ACCTTTA TGG                TCGGAAGTAAGCTTG
-2.5       9 ..      19   xxxxxxxTACGTTCA                 ACC TTTAT GGT                 CGGAAGTAAGCTTGA
   1       8 ..      20   xxxxxxxxTACGTTC                AACC TTTAT GGTC                GGAAGTAAGCTTGAA
-1.3       7 ..      21   xxxxxxxxxTACGTT               CAACC TTTAT GGTCG               GAAGTAAGCTTGAAG
4.768e-08       6 ..      22   xxxxxxxxxxTACGT              TCAACC TTTAT GGTCGG              AAGTAAGCTTGAAGC
-0.9       5 ..      23   xxxxxxxxxxxTACG             TTCAACC TTTAT GGTCGGA             AGTAAGCTTGAAGCT
 2.6       4 ..      24   xxxxxxxxxxxxTAC            GTTCAACC TTTAT GGTCGGAA            GTAAGCTTGAAGCTG
 0.3       3 ..      25   xxxxxxxxxxxxxTA           CGTTCAACC TTTAT GGTCGGAAG           TAAGCTTGAAGCTGA
-0.6       2 ..      26   xxxxxxxxxxxxxxT          ACGTTCAACC TTTAT GGTCGGAAGT          AAGCTTGAAGCTGAA
-1.5       1 ..      27   xxxxxxxxxxxxxxx         TACGTTCAACC TTTAT GGTCGGAAGTA         AGCTTGAAGCTGAAG
 4.5       1 ..      28   xxxxxxxxxxxxxxx        -TACGTTCAACC TTTAT GGTCGGAAGTAA        GCTTGAAGCTGAAGG
 5.9      12 ..      29   xxxxTACGTTCAACC             TTTAT GGTCGGAA GTAAG              CTTGAAGCTGAAGGA
   6      18 ..      30   CGTTCAACCTTTATG                GT CGGAAGTAA GC                TTGAAGCTGAAGGAA
   4      21 ..      31   TCAACCTTTATGGTC                 GG AAGTAAG CT                 TGAAGCTGAAGGAAC
 3.9      22 ..      32   CAACCTTTATGGTCG                GAAG TAAG CTT-                 GAAGCTGAAGGAACG
 1.4      22 ..      33   CAACCTTTATGGTCG                GAAG TAAG CTTG                 AAGCTGAAGGAACGC
 4.9      21 ..      34   TCAACCTTTATGGTC               GGAAG TAAG CTTGA                AGCTGAAGGAACGCA
 4.5       5 ..      35   xxxxxxxxxxxTACG       TTCAACCTT TATGGTCGGAAGT AAGCTTGAA       GCTGAAGGAACGCAT
 6.1      11 ..      36   xxxxxTACGTTCAAC         CTTTATGGT CGGAAGTA AGCTTGAAG          CTGAAGGAACGCATT
   6      25 ..      37   CCTTTATGGTCGGAA                GT AAGCTTGAA GC                TGAAGGAACGCATTx
-5.4      28 ..      38   TTATGGTCGGAAGTA                 AGCT TGA AGCT                 GAAGGAACGCATTxx
-1.9      27 ..      39   TTTATGGTCGGAAGT                AAGCT TGA AGCTG                AAGGAACGCATTxxx
-2.8      26 ..      40   CTTTATGGTCGGAAG               TAAGCT TGA AGCTGA               AGGAACGCATTxxxx
 0.7      25 ..      41   CCTTTATGGTCGGAA              GTAAGCT TGA AGCTGAA              GGAACGCATTxxxxx
-0.5      30 ..      42   ATGGTCGGAAGTAAG                CTTGA AGC TGAAG                GAACGCATTxxxxxx
   3      29 ..      43   TATGGTCGGAAGTAA               GCTTGA AGC TGAAGG               AACGCATTxxxxxxx
 6.5      28 ..      44   TTATGGTCGGAAGTA              AGCTTGA AGC TGAAGGA              ACGCATTxxxxxxxx
   7      35 ..      45   CGGAAGTAAGCTTGA                 AGCT GAA GGAA                 CGCATTxxxxxxxxx
 3.3      36 ..      46   GGAAGTAAGCTTGAA                 GCT GAAGG AAC                 GCATTxxxxxxxxxx
 4.7      37 ..      47   GAAGTAAGCTTGAAG                 C TGAAGGAAC G                 CATTxxxxxxxxxxx
 2.4      36 ..      48   GGAAGTAAGCTTGAA                GC TGAAGGAAC GC                ATTxxxxxxxxxxxx
 2.8      38 ..      49   AAGTAAGCTTGAAGC                TG AAGGAACG CA                 TTxxxxxxxxxxxxx
 3.3      40 ..      50   GTAAGCTTGAAGCTG                 AAG GAACG CAT                 Txxxxxxxxxxxxxx
