>AACY023585828.1:c575-523 Marine metagenome ctg_1101668393179, whole genome shotgun sequence FORWARD
 6.1       1 ..      11   xxxxxxxxxxxxxxx                 A TCGTTCATC T                 CGAATGAGACGGAAG
 7.7       2 ..      12   xxxxxxxxxxxxxxA                 TCG TTCAT CTC                 GAATGAGACGGAAGT
 0.4       3 ..      13   xxxxxxxxxxxxxAT                 CG TTCATCT CG                 AATGAGACGGAAGTA
-0.5       2 ..      14   xxxxxxxxxxxxxxA                TCG TTCATCT CGA                ATGAGACGGAAGTAG
-1.1       5 ..      15   xxxxxxxxxxxATCG                 TTC ATCTC GAA                 TGAGACGGAAGTAGG
 0.2       4 ..      16   xxxxxxxxxxxxATC                GTTC ATCTC GAAT                GAGACGGAAGTAGGT
-2.1       3 ..      17   xxxxxxxxxxxxxAT               CGTTC ATCTC GAATG               AGACGGAAGTAGGTA
  -3       2 ..      18   xxxxxxxxxxxxxxA              TCGTTC ATCTC GAATGA              GACGGAAGTAGGTAA
-0.7       5 ..      19   xxxxxxxxxxxATCG               TTCAT CTCGA ATGAG               ACGGAAGTAGGTAAT
-4.4       9 ..      20   xxxxxxxATCGTTCA                TCTC GAAT GAGA                 CGGAAGTAGGTAATG
-0.9       8 ..      21   xxxxxxxxATCGTTC               ATCTC GAAT GAGAC                GGAAGTAGGTAATGA
-3.2       7 ..      22   xxxxxxxxxATCGTT              CATCTC GAAT GAGACG               GAAGTAGGTAATGAT
-1.9       6 ..      23   xxxxxxxxxxATCGT             TCATCTC GAAT GAGACGG              AAGTAGGTAATGATG
-2.8       5 ..      24   xxxxxxxxxxxATCG            TTCATCTC GAAT GAGACGGA             AGTAGGTAATGATGC
 0.7       4 ..      25   xxxxxxxxxxxxATC           GTTCATCTC GAAT GAGACGGAA            GTAGGTAATGATGCC
-1.6       3 ..      26   xxxxxxxxxxxxxAT          CGTTCATCTC GAAT GAGACGGAAG           TAGGTAATGATGCCG
 1.9       2 ..      27   xxxxxxxxxxxxxxA         TCGTTCATCTC GAAT GAGACGGAAGT          AGGTAATGATGCCGA
 3.5       2 ..      28   xxxxxxxxxxxxxxA        T-CGTTCATCTC GAAT GAGACGGAAGTA         GGTAATGATGCCGAA
 5.8      18 ..      29   CGTTCATCTCGAATG                AGAC GGAA GTAG                 GTAATGATGCCGAAG
 6.2      20 ..      30   TTCATCTCGAATGAG                 AC GGAAGTA GG                 TAATGATGCCGAAGG
 2.8      20 ..      31   TTCATCTCGAATGAG                AC GGAAGTAG GT                 AATGATGCCGAAGGA
 6.3      19 ..      32   GTTCATCTCGAATGA               GAC GGAAGTAG GTA                ATGATGCCGAAGGAA
None      23 ..      33   ATCTCGAATGAGACG                  GAAGTAGGTAA                  TGATGCCGAAGGAAC
 6.1      24 ..      34   TCTCGAATGAGACGG                 A AGTAGGTAA T                 GATGCCGAAGGAACG
 6.9      25 ..      35   CTCGAATGAGACGGA                 AGT AGGTA ATG                 ATGCCGAAGGAACGC
 6.9      26 ..      36   TCGAATGAGACGGAA                 GTA GGTAA TGA                 TGCCGAAGGAACGCA
   6      25 ..      37   CTCGAATGAGACGGA                AGTA GGTAA TGAT                GCCGAAGGAACGCAC
 6.4      27 ..      38   CGAATGAGACGGAAG                TA GGTAATGA TG                 CCGAAGGAACGCACC
 4.1      26 ..      39   TCGAATGAGACGGAA               GTA GGTAATGA TGC                CGAAGGAACGCACCx
-2.2      29 ..      40   AATGAGACGGAAGTA                GGTA ATGA TGCC                 GAAGGAACGCACCxx
 1.3      28 ..      41   GAATGAGACGGAAGT               AGGTA ATGA TGCCG                AAGGAACGCACCxxx
 0.4      27 ..      42   CGAATGAGACGGAAG              TAGGTA ATGA TGCCGA               AGGAACGCACCxxxx
 3.9      26 ..      43   TCGAATGAGACGGAA             GTAGGTA ATGA TGCCGAA              GGAACGCACCxxxxx
 7.4      25 ..      44   CTCGAATGAGACGGA            AGTAGGTA ATGA TGCCGAAG             GAACGCACCxxxxxx
None      35 ..      45   ACGGAAGTAGGTAAT                  GATGCCGAAGG                  AACGCACCxxxxxxx
 7.5      36 ..      46   CGGAAGTAGGTAATG                ATGCC GAA GG-A-                ACGCACCxxxxxxxx
  -1      37 ..      47   GGAAGTAGGTAATGA                 TGCC GAA GGAA                 CGCACCxxxxxxxxx
 2.5      36 ..      48   CGGAAGTAGGTAATG                ATGCC GAA GGAAC                GCACCxxxxxxxxxx
   4      34 ..      49   GACGGAAGTAGGTAA              TGATGCC GAA GGAA-CG              CACCxxxxxxxxxxx
 2.4      38 ..      50   GAAGTAGGTAATGAT                GC CGAAGGAAC GC                ACCxxxxxxxxxxxx
 1.5      37 ..      51   GGAAGTAGGTAATGA               TGC CGAAGGAAC GCA               CCxxxxxxxxxxxxx
   5      36 ..      52   CGGAAGTAGGTAATG              ATGC CGAAGGAAC GCAC              Cxxxxxxxxxxxxxx
