>AACY021104451.1:c221-174 Marine metagenome 1092301076533, whole genome shotgun sequence FORWARD
None       1 ..      11   xxxxxxxxxxxxxxx                  TACGTTCATCC                  TCAGGGACGGAAGTA
 3.3       2 ..      12   xxxxxxxxxxxxxxT                 ACG TTCAT CCT                 CAGGGACGGAAGTAG
 6.8       1 ..      13   xxxxxxxxxxxxxxx                TACG TTCAT CCTC                AGGGACGGAAGTAGC
 7.2       3 ..      14   xxxxxxxxxxxxxTA                CG TTCATCCT CA                 GGGACGGAAGTAGCA
   4       5 ..      15   xxxxxxxxxxxTACG                 TTCA TCC TCAG                 GGACGGAAGTAGCAC
   4       6 ..      16   xxxxxxxxxxTACGT                 TC ATCCTCA GG                 GACGGAAGTAGCACA
 3.6       6 ..      17   xxxxxxxxxxTACGT                TCAT CCTC AGGG                 ACGGAAGTAGCACAA
 1.2       8 ..      18   xxxxxxxxTACGTTC                 ATCC TCA GGGA                 CGGAAGTAGCACAAA
   0       8 ..      19   xxxxxxxxTACGTTC                ATCC TCAG GGAC                 GGAAGTAGCACAAAG
-2.3       7 ..      20   xxxxxxxxxTACGTT               CATCC TCAG GGACG                GAAGTAGCACAAAGC
  -1       6 ..      21   xxxxxxxxxxTACGT              TCATCC TCAG GGACGG               AAGTAGCACAAAGCG
-1.9       5 ..      22   xxxxxxxxxxxTACG             TTCATCC TCAG GGACGGA              AGTAGCACAAAGCGA
 1.6       4 ..      23   xxxxxxxxxxxxTAC            GTTCATCC TCAG GGACGGAA             GTAGCACAAAGCGAA
-0.7       3 ..      24   xxxxxxxxxxxxxTA           CGTTCATCC TCAG GGACGGAAG            TAGCACAAAGCGAAG
-1.6       2 ..      25   xxxxxxxxxxxxxxT          ACGTTCATCC TCAG GGACGGAAGT           AGCACAAAGCGAAGG
-2.5       1 ..      26   xxxxxxxxxxxxxxx         TACGTTCATCC TCAG GGACGGAAGTA          GCACAAAGCGAAGGA
 3.5       1 ..      27   xxxxxxxxxxxxxxx        -TACGTTCATCC TCAG GGACGGAAGTAG         CACAAAGCGAAGGAA
 3.5      15 ..      28   xTACGTTCATCCTCA               GGGAC GGAA GTAGC                ACAAAGCGAAGGAAC
 6.2      19 ..      29   GTTCATCCTCAGGGA                 CG GAAGTAG CA                 CAAAGCGAAGGAACG
 4.7      20 ..      30   TTCATCCTCAGGGAC                 G GAAGTAGCA C                 AAAGCGAAGGAACGC
 7.2      20 ..      31   TTCATCCTCAGGGAC                GG AAGTAGCA CA                 AAGCGAAGGAACGCA
 4.8      22 ..      32   CATCCTCAGGGACGG                 AAGT AGC ACAA                 AGCGAAGGAACGCAC
 8.3      21 ..      33   TCATCCTCAGGGACG                GAAGT AGC ACAAA                GCGAAGGAACGCACT
 7.6      24 ..      34   TCCTCAGGGACGGAA                 GT AGCACAA AG                 CGAAGGAACGCACTx
   5      24 ..      35   TCCTCAGGGACGGAA                GT AGCACAAA GC                 GAAGGAACGCACTxx
 1.9      26 ..      36   CTCAGGGACGGAAGT                 AGC ACAAA GCG                 AAGGAACGCACTxxx
   1      25 ..      37   CCTCAGGGACGGAAG                TAGC ACAAA GCGA                AGGAACGCACTxxxx
 4.5      24 ..      38   TCCTCAGGGACGGAA               GTAGC ACAAA GCGAA               GGAACGCACTxxxxx
 5.7      28 ..      39   CAGGGACGGAAGTAG                C ACAAAGCGAA G                 GAACGCACTxxxxxx
 4.7      30 ..      40   GGGACGGAAGTAGCA                 C AAAGCGAAG G                 AACGCACTxxxxxxx
 8.2      29 ..      41   AGGGACGGAAGTAGC                AC AAAGCGAAG GA                ACGCACTxxxxxxxx
None      32 ..      42   GACGGAAGTAGCACA                  AAGCGAAGGAA                  CGCACTxxxxxxxxx
None      33 ..      43   ACGGAAGTAGCACAA                  AGCGAAGGAAC                  GCACTxxxxxxxxxx
 5.4      34 ..      44   CGGAAGTAGCACAAA                GCG AAGGAA CG-                 CACTxxxxxxxxxxx
-2.9      34 ..      45   CGGAAGTAGCACAAA                GCG AAGGAA CGC                 ACTxxxxxxxxxxxx
 0.6      33 ..      46   ACGGAAGTAGCACAA               AGCG AAGGAA CGCA                CTxxxxxxxxxxxxx
 4.1      32 ..      47   GACGGAAGTAGCACA              AAGCG AAGGAA CGCAC               Txxxxxxxxxxxxxx
