>AACY022943789.1:314-366 Marine metagenome ctg_1101667351140, whole genome shotgun sequence FORWARD
 6.1       1 ..      11   xxxxxxxxxxxxxxx                 A TCGTTCAAC T                 CTTTTTGAGTCGGAA
 4.8       2 ..      12   xxxxxxxxxxxxxxA                 TCGT TCA ACTC                 TTTTTGAGTCGGAAG
 3.9       1 ..      13   xxxxxxxxxxxxxxx                ATCGT TCA ACTCT                TTTTGAGTCGGAAGT
 8.3       4 ..      14   xxxxxxxxxxxxATC                 G TTCAACTCT T                 TTTGAGTCGGAAGTA
 8.8       1 ..      15   xxxxxxxxxxxxxxx               ATCG TTCAACT CTTT               TTGAGTCGGAAGTAA
 6.2       6 ..      16   xxxxxxxxxxATCGT                 TCAA CTC TTTT                 TGAGTCGGAAGTAAG
 4.7       7 ..      17   xxxxxxxxxATCGTT                 CAA CTCTT TTT                 GAGTCGGAAGTAAGC
-0.1       7 ..      18   xxxxxxxxxATCGTT                CAA CTCTTT TTG                 AGTCGGAAGTAAGCA
  -1       6 ..      19   xxxxxxxxxxATCGT               TCAA CTCTTT TTGA                GTCGGAAGTAAGCAT
-2.5      10 ..      20   xxxxxxATCGTTCAA                 CTC TTTTT GAG                 TCGGAAGTAAGCATT
-3.4       9 ..      21   xxxxxxxATCGTTCA                ACTC TTTTT GAGT                CGGAAGTAAGCATTG
 0.1       8 ..      22   xxxxxxxxATCGTTC               AACTC TTTTT GAGTC               GGAAGTAAGCATTGT
-2.2       7 ..      23   xxxxxxxxxATCGTT              CAACTC TTTTT GAGTCG              GAAGTAAGCATTGTG
-0.9       6 ..      24   xxxxxxxxxxATCGT             TCAACTC TTTTT GAGTCGG             AAGTAAGCATTGTGC
-1.8       5 ..      25   xxxxxxxxxxxATCG            TTCAACTC TTTTT GAGTCGGA            AGTAAGCATTGTGCT
-0.5      14 ..      26   xxATCGTTCAACTCT                TTTTG AGT CGGAA                GTAAGCATTGTGCTG
-0.6       3 ..      27   xxxxxxxxxxxxxAT          CGTTCAACTC TTTTT GAGTCGGAAG          TAAGCATTGTGCTGA
 2.9       2 ..      28   xxxxxxxxxxxxxxA         TCGTTCAACTC TTTTT GAGTCGGAAGT         AAGCATTGTGCTGAC
 3.4      11 ..      29   xxxxxATCGTTCAAC             TCTTTTTG AGT CGGAAGTA             AGCATTGTGCTGACG
 6.3      17 ..      30   TCGTTCAACTCTTTT               TGAGT CGGA AGTAA                GCATTGTGCTGACGG
 5.8      12 ..      31   xxxxATCGTTCAACT            CTTTTT GAGTCGGA AGTAAG             CATTGTGCTGACGGA
   6      20 ..      32   TTCAACTCTTTTTGA                GT CGGAAGTAA GC                ATTGTGCTGACGGAA
 6.2      23 ..      33   AACTCTTTTTGAGTC                 GG AAGTAAG CA                 TTGTGCTGACGGAAC
 8.3      24 ..      34   ACTCTTTTTGAGTCG                GAAG TAAG CAT-                 TGTGCTGACGGAACG
 3.2      25 ..      35   CTCTTTTTGAGTCGG                 AA GTAAGCA TT                 GTGCTGACGGAACGC
   5      25 ..      36   CTCTTTTTGAGTCGG                AAGT AAGC ATTG                 TGCTGACGGAACGCA
 1.8      27 ..      37   CTTTTTGAGTCGGAA                 GTAA GCA TTGT                 GCTGACGGAACGCAT
 5.3      26 ..      38   TCTTTTTGAGTCGGA                AGTAA GCA TTGTG                CTGACGGAACGCATG
 3.1      27 ..      39   CTTTTTGAGTCGGAA                GTA AGCATTG TGC                TGACGGAACGCATGx
-5.4      30 ..      40   TTTGAGTCGGAAGTA                 AGCA TTG TGCT                 GACGGAACGCATGxx
-1.9      29 ..      41   TTTTGAGTCGGAAGT                AAGCA TTG TGCTG                ACGGAACGCATGxxx
-2.8      28 ..      42   TTTTTGAGTCGGAAG               TAAGCA TTG TGCTGA               CGGAACGCATGxxxx
-5.1      27 ..      43   CTTTTTGAGTCGGAA              GTAAGCA TTG TGCTGAC              GGAACGCATGxxxxx
-1.6      26 ..      44   TCTTTTTGAGTCGGA             AGTAAGCA TTG TGCTGACG             GAACGCATGxxxxxx
 1.4      34 ..      45   AGTCGGAAGTAAGCA                TTGT GCTG ACGG                 AACGCATGxxxxxxx
 3.6      35 ..      46   GTCGGAAGTAAGCAT                TGTG CTGA CGGA                 ACGCATGxxxxxxxx
 2.6      37 ..      47   CGGAAGTAAGCATTG                 TGCT GAC GGAA                 CGCATGxxxxxxxxx
 0.3      36 ..      48   TCGGAAGTAAGCATT                GTGCT GAC GGAAC                GCATGxxxxxxxxxx
 1.6      35 ..      49   GTCGGAAGTAAGCAT               TGTGCT GAC GGAACG               CATGxxxxxxxxxxx
 1.6      31 ..      50   TTGAGTCGGAAGTAA            GCATTGTG CTGA CGGAACGC             ATGxxxxxxxxxxxx
-0.8      40 ..      51   AAGTAAGCATTGTGC                TGACG GAA CG-CA                TGxxxxxxxxxxxxx
 2.7      39 ..      52   GAAGTAAGCATTGTG               CTGACG GAA CG-CAT               Gxxxxxxxxxxxxxx
