>AACY020447591.1:c2625-2518 Marine metagenome 1096626592663, whole genome shotgun sequence FORWARD
None       1 ..      11   xxxxxxxxxxxxxxx                  ACTCAACGCTA                  ATTTAATTCGAAGAG
 7.6       2 ..      12   xxxxxxxxxxxxxxA                 CT CAACGCT AA                 TTTAATTCGAAGAGG
 6.7       1 ..      13   xxxxxxxxxxxxxxx                ACT CAACGCT AAT                TTAATTCGAAGAGGT
 6.3       1 ..      14   xxxxxxxxxxxxxxx               ACTCA ACGC TAATT                TAATTCGAAGAGGTG
 3.2       5 ..      15   xxxxxxxxxxxACTC                 AA CGCTAAT TT                 AATTCGAAGAGGTGA
 4.8       3 ..      16   xxxxxxxxxxxxxAC               TCAA CGCTAA TTTA                ATTCGAAGAGGTGAG
 5.8       3 ..      17   xxxxxxxxxxxxxAC               TCAA CGCTAAT TTAA               TTCGAAGAGGTGAGT
   4       8 ..      18   xxxxxxxxACTCAAC                 GCTA ATT TAAT                 TCGAAGAGGTGAGTT
 7.2       5 ..      19   xxxxxxxxxxxACTC               AA CGCTAATTTAA TT               CGAAGAGGTGAGTTT
 1.8      10 ..      20   xxxxxxACTCAACGC                 TAAT TTA ATTC                 GAAGAGGTGAGTTTT
-0.5       9 ..      21   xxxxxxxACTCAACG                CTAAT TTA ATTCG                AAGAGGTGAGTTTTG
   3       8 ..      22   xxxxxxxxACTCAAC               GCTAAT TTA ATTCGA               AGAGGTGAGTTTTGG
 2.5      13 ..      23   xxxACTCAACGCTAA                 TTT AATTC GAA                 GAGGTGAGTTTTGGG
 3.5      13 ..      24   xxxACTCAACGCTAA                TTT AATTCG AAG                 AGGTGAGTTTTGGGT
 4.5      13 ..      25   xxxACTCAACGCTAA                TTT AATTCGA AGA                GGTGAGTTTTGGGTG
 5.9       2 ..      26   xxxxxxxxxxxxxxA          CTCAACG CTAATTTAATT CGAAGAG          GTGAGTTTTGGGTGC
 2.6      17 ..      27   CTCAACGCTAATTTA                 ATTC GAA GAGG                 TGAGTTTTGGGTGCA
 1.7      16 ..      28   ACTCAACGCTAATTT                AATTC GAA GAGGT                GAGTTTTGGGTGCAC
   3      15 ..      29   xACTCAACGCTAATT               TAATTC GAA GAGGTG               AGTTTTGGGTGCACA
 2.1      14 ..      30   xxACTCAACGCTAAT              TTAATTC GAA GAGGTGA              GTTTTGGGTGCACAA
 3.4      13 ..      31   xxxACTCAACGCTAA             TTTAATTC GAA GAGGTGAG             TTTTGGGTGCACAAG
 2.5      12 ..      32   xxxxACTCAACGCTA            ATTTAATTC GAA GAGGTGAGT            TTTGGGTGCACAAGC
 1.6      11 ..      33   xxxxxACTCAACGCT           AATTTAATTC GAA GAGGTGAGTT           TTGGGTGCACAAGCA
 3.5      23 ..      34   GCTAATTTAATTCGA                AGA GGTGAG TTT                 TGGGTGCACAAGCAA
 2.6      22 ..      35   CGCTAATTTAATTCG               AAGA GGTGAG TTTT                GGGTGCACAAGCAAG
 3.5      20 ..      36   AACGCTAATTTAATT              CGAAG AGGTGAG TTTTG              GGTGCACAAGCAAGC
 3.8      20 ..      37   AACGCTAATTTAATT             CGAAGA GGTGAG TTTTGG              GTGCACAAGCAAGCC
 5.1      19 ..      38   CAACGCTAATTTAAT            TCGAAGA GGTGAG TTTTGGG             TGCACAAGCAAGCCG
 5.2      17 ..      39   CTCAACGCTAATTTA           ATTCGAAG AGGTGAG TTTTGGGT           GCACAAGCAAGCCGT
 8.4      30 ..      40   TAATTCGAAGAGGTG                 AGTT TTG GGTG                 CACAAGCAAGCCGTT
   4      31 ..      41   AATTCGAAGAGGTGA                 GT TTTGGGT GC                 ACAAGCAAGCCGTTC
 5.2      28 ..      42   TTTAATTCGAAGAGG               TGAGTT TTG GGTGCA               CAAGCAAGCCGTTCT
 2.9      27 ..      43   ATTTAATTCGAAGAG              GTGAGTT TTG GGTGCAC              AAGCAAGCCGTTCTA
 1.4      33 ..      44   TTCGAAGAGGTGAGT                TTTG GGTG CACA                 AGCAAGCCGTTCTAA
-0.1      34 ..      45   TCGAAGAGGTGAGTT                TTG GGTGCA CAA                 GCAAGCCGTTCTAAA
 1.2      33 ..      46   TTCGAAGAGGTGAGT               TTTG GGTGCA CAAG                CAAGCCGTTCTAAAC
   2      31 ..      47   AATTCGAAGAGGTGA             GTTT-TG GGTG CACAAGC              AAGCCGTTCTAAACG
 2.5      38 ..      48   AGAGGTGAGTTTTGG                GTGC ACAA GCA-                 AGCCGTTCTAAACGG
   0      38 ..      49   AGAGGTGAGTTTTGG                GTGC ACAA GCAA                 GCCGTTCTAAACGGA
 3.5      37 ..      50   AAGAGGTGAGTTTTG               GGTGC ACAA GCAAG                CCGTTCTAAACGGAT
 1.2      36 ..      51   GAAGAGGTGAGTTTT              GGGTGC ACAA GCAAGC               CGTTCTAAACGGATC
 1.4      36 ..      52   GAAGAGGTGAGTTTT             GG-GTGC ACAA GCAAGCC              GTTCTAAACGGATCC
 2.7      35 ..      53   CGAAGAGGTGAGTTT            TGG-GTGC ACAA GCAAGCCG             TTCTAAACGGATCCT
 3.3      44 ..      54   GAGTTTTGGGTGCAC                 AAG CAAGC CGT                 TCTAAACGGATCCTT
 1.1      45 ..      55   AGTTTTGGGTGCACA                 AGC AAGCC GTT                 CTAAACGGATCCTTA
 3.3      46 ..      56   GTTTTGGGTGCACAA                 GCA AGCCG TTC                 TAAACGGATCCTTAA
 2.4      45 ..      57   AGTTTTGGGTGCACA                AGCA AGCCG TTCT                AAACGGATCCTTAAA
 3.3      48 ..      58   TTTGGGTGCACAAGC                 AAG CCGTT CTA                 AACGGATCCTTAAAC
 6.8      47 ..      59   TTTTGGGTGCACAAG                CAAG CCGTT CTAA                ACGGATCCTTAAACA
None      50 ..      60   TGGGTGCACAAGCAA                  GCCGTTCTAAA                  CGGATCCTTAAACAC
 5.7      50 ..      61   TGGGTGCACAAGCAA                G CCGTTCTAAA C                 GGATCCTTAAACACG
-5.4      52 ..      62   GGTGCACAAGCAAGC                 CGTT CTA AACG                 GATCCTTAAACACGC
-7.7      51 ..      63   GGGTGCACAAGCAAG                CCGTT CTA AACGG                ATCCTTAAACACGCA
-4.2      50 ..      64   TGGGTGCACAAGCAA               GCCGTT CTA AACGGA               TCCTTAAACACGCAG
-5.1      49 ..      65   TTGGGTGCACAAGCA              AGCCGTT CTA AACGGAT              CCTTAAACACGCAGG
-1.6      48 ..      66   TTTGGGTGCACAAGC             AAGCCGTT CTA AACGGATC             CTTAAACACGCAGGT
 1.9      47 ..      67   TTTTGGGTGCACAAG            CAAGCCGTT CTA AACGGATCC            TTAAACACGCAGGTA
 1.2      45 ..      68   AGTTTTGGGTGCACA          AGCAAGCCGTT CTA AACGGATC-CT          TAAACACGCAGGTAG
 0.3      44 ..      69   GAGTTTTGGGTGCAC         AAGCAAGCCGTT CTA AACGGATC-CTT         AAACACGCAGGTAGC
 3.3      57 ..      70   ACAAGCAAGCCGTTC               TAA ACGGATCC TTA                AACACGCAGGTAGCC
   3      57 ..      71   ACAAGCAAGCCGTTC               TAAACG GAT CCTTAA               ACACGCAGGTAGCCT
 5.9      55 ..      72   GCACAAGCAAGCCGT             TCTAA ACGGATCC TTAAA              CACGCAGGTAGCCTC
 3.3      63 ..      73   AAGCCGTTCTAAACG                 GAT CCTTA AAC                 ACGCAGGTAGCCTCA
 6.8      62 ..      74   CAAGCCGTTCTAAAC                GGAT CCTTA AACA                CGCAGGTAGCCTCAA
 5.3      38 ..      75   AGAGGTGAGTTTTGG   GTGCACAAGCAAGCCGTT CTA AACGGATC-CTTAAACAC   GCAGGTAGCCTCAAA
 3.3      66 ..      76   CCGTTCTAAACGGAT                 CCT TAAAC ACG                 CAGGTAGCCTCAAAC
 5.8      66 ..      77   CCGTTCTAAACGGAT                CCTT AAAC ACGC                 AGGTAGCCTCAAACA
 4.9      65 ..      78   GCCGTTCTAAACGGA               TCCTT AAAC ACGCA                GGTAGCCTCAAACAT
 3.8      67 ..      79   CGTTCTAAACGGATC                CT TAAACACGC AG                GTAGCCTCAAACATG
 1.5      66 ..      80   CCGTTCTAAACGGAT               CCT TAAACACGC AGG               TAGCCTCAAACATGT
 3.3      71 ..      81   CTAAACGGATCCTTA                 AAC ACGCA GGT                 AGCCTCAAACATGTT
 4.3      71 ..      82   CTAAACGGATCCTTA                AAC ACGCAG GTA                 GCCTCAAACATGTTT
 2.5      73 ..      83   AAACGGATCCTTAAA                C-AC GCAG GTAG                 CCTCAAACATGTTTA
   6      72 ..      84   TAAACGGATCCTTAA               AC-AC GCAG GTAGC                CTCAAACATGTTTAA
 1.9      75 ..      85   ACGGATCCTTAAACA                 CGC AGGTA GCC                 TCAAACATGTTTAAT
   1      74 ..      86   AACGGATCCTTAAAC                ACGC AGGTA GCCT                CAAACATGTTTAATT
  -1      77 ..      87   GGATCCTTAAACACG                 CAGG TAG CCTC                 AAACATGTTTAATTC
 2.5      76 ..      88   CGGATCCTTAAACAC                GCAGG TAG CCTCA                AACATGTTTAATTCG
   6      75 ..      89   ACGGATCCTTAAACA               CGCAGG TAG CCTCAA               ACATGTTTAATTCGA
 4.8      80 ..      90   TCCTTAAACACGCAG                 GTAG CCT CAAA                 CATGTTTAATTCGAG
 2.5      79 ..      91   ATCCTTAAACACGCA                GGTAG CCT CAAAC                ATGTTTAATTCGAGT
   6      78 ..      92   GATCCTTAAACACGC               AGGTAG CCT CAAACA               TGTTTAATTCGAGTT
 5.4      78 ..      93   GATCCTTAAACACGC              AGGT AGCCTCAA ACAT               GTTTAATTCGAGTTT
 3.1      77 ..      94   GGATCCTTAAACACG             CAGGT AGCCTCAA ACATG              TTTAATTCGAGTTTx
 4.4      76 ..      95   CGGATCCTTAAACAC            GCAGGT AGCCTCAA ACATGT             TTAATTCGAGTTTxx
 3.7      82 ..      96   CTTAAACACGCAGGT               AGCCT CAAAC ATGTT               TAATTCGAGTTTxxx
 4.7      87 ..      97   ACACGCAGGTAGCCT                 CAA ACATG TTT                 AATTCGAGTTTxxxx
 2.8      87 ..      98   ACACGCAGGTAGCCT                CAAA CATG TTTA                 ATTCGAGTTTxxxxx
 1.9      86 ..      99   AACACGCAGGTAGCC               TCAAA CATG TTTAA                TTCGAGTTTxxxxxx
 5.4      85 ..     100   AAACACGCAGGTAGC              CTCAAA CATG TTTAAT               TCGAGTTTxxxxxxx
 4.7      91 ..     101   GCAGGTAGCCTCAAA                 CAT GTTTA ATT                 CGAGTTTxxxxxxxx
 6.6      83 ..     102   TTAAACACGCAGGTA            GCCTCAAA CATG TTTAATTC             GAGTTTxxxxxxxxx
   4      93 ..     103   AGGTAGCCTCAAACA                 TG TTTAATT CG                 AGTTTxxxxxxxxxx
 5.5      86 ..     104   AACACGCAGGTAGCC             TCAAA CATGTTTAA TTCGA             GTTTxxxxxxxxxxx
 3.2      85 ..     105   AAACACGCAGGTAGC            CTCAAA CATGTTTAA TTCGAG            TTTxxxxxxxxxxxx
 4.3      90 ..     106   CGCAGGTAGCCTCAA              ACATG TTTAATT CGAGT              TTxxxxxxxxxxxxx
 3.4      89 ..     107   ACGCAGGTAGCCTCA             AACATG TTTAATT CGAGTT             Txxxxxxxxxxxxxx
