>URS0000D6B5A4 ncRNA from 2 species FORWARD
 6.9       1 ..      11   xxxxxxxxxxxxxxx                CCGC CCAA GCC-                 UCUGACGCAAGCUCA
 3.4       2 ..      12   xxxxxxxxxxxxxxC                 CGCC CAA GCCU                 CUGACGCAAGCUCAA
 4.7       3 ..      13   xxxxxxxxxxxxxCC                 G CCCAAGCCU C                 UGACGCAAGCUCAAA
 8.2       2 ..      14   xxxxxxxxxxxxxxC                CG CCCAAGCCU CU                GACGCAAGCUCAAAU
 4.7       5 ..      15   xxxxxxxxxxxCCGC                 C CAAGCCUCU G                 ACGCAAGCUCAAAUC
 7.2       5 ..      16   xxxxxxxxxxxCCGC                CC AAGCCUCU GA                 CGCAAGCUCAAAUCG
 5.9       3 ..      17   xxxxxxxxxxxxxCC               GCC CAAGCCUCU GAC               GCAAGCUCAAAUCGG
 3.4       8 ..      18   xxxxxxxxCCGCCCA                 AGCC UCU GACG                 CAAGCUCAAAUCGGG
 0.4       9 ..      19   xxxxxxxCCGCCCAA                 GC CUCUGAC GC                 AAGCUCAAAUCGGGC
 3.9       8 ..      20   xxxxxxxxCCGCCCA                AGC CUCUGAC GCA                AGCUCAAAUCGGGCG
 7.4       7 ..      21   xxxxxxxxxCCGCCC               AAGC CUCUGAC GCAA               GCUCAAAUCGGGCGG
 5.1       6 ..      22   xxxxxxxxxxCCGCC              CAAGC CUCUGAC GCAAG              CUCAAAUCGGGCGGU
 4.4       9 ..      23   xxxxxxxCCGCCCAA               GC CUCUGACGCAA GC               UCAAAUCGGGCGGUx
 6.2      14 ..      24   xxCCGCCCAAGCCUC                 UG ACGCAAG CU                 CAAAUCGGGCGGUxx
 4.7      15 ..      25   xCCGCCCAAGCCUCU                 G ACGCAAGCU C                 AAAUCGGGCGGUxxx
 8.2      14 ..      26   xxCCGCCCAAGCCUC                UG ACGCAAGCU CA                AAUCGGGCGGUxxxx
 8.7      16 ..      27   CCGCCCAAGCCUCUG                ACG CAAGCU CAA                 AUCGGGCGGUxxxxx
None      18 ..      28   GCCCAAGCCUCUGAC                  GCAAGCUCAAA                  UCGGGCGGUxxxxxx
None      19 ..      29   CCCAAGCCUCUGACG                  CAAGCUCAAAU                  CGGGCGGUxxxxxxx
 6.7      18 ..      30   GCCCAAGCCUCUGAC                G CAAGCUCAAAU C                GGGCGGUxxxxxxxx
 4.4      17 ..      31   CGCCCAAGCCUCUGA               CG CAAGCUCAAAU CG               GGCGGUxxxxxxxxx
 6.2      22 ..      32   AAGCCUCUGACGCAA                 GC UCAAAUC GG                 GCGGUxxxxxxxxxx
 1.9      23 ..      33   AGCCUCUGACGCAAG                 CUC AAAUC GGG                 CGGUxxxxxxxxxxx
-0.4      22 ..      34   AAGCCUCUGACGCAA                GCUC AAAUC GGGC                GGUxxxxxxxxxxxx
 2.8      17 ..      35   CGCCCAAGCCUCUGA             CGCAAG CUCAAAU CGGGCG             GUxxxxxxxxxxxxx
 5.7      25 ..      36   CCUCUGACGCAAGCU                C AAAUCGGGCG G                 Uxxxxxxxxxxxxxx
