>URS0000D6D22E ncRNA from 1 species FORWARD
None       1 ..      11   xxxxxxxxxxxxxxx                  AAUGGACUGGC                  CUGCCUGGCAGGCCC
None       2 ..      12   xxxxxxxxxxxxxxA                  AUGGACUGGCC                  UGCCUGGCAGGCCCU
 1.9       3 ..      13   xxxxxxxxxxxxxAA                 UGG ACUGG CCU                 GCCUGGCAGGCCCUG
 5.4       2 ..      14   xxxxxxxxxxxxxxA                AUGG ACUGG CCUG                CCUGGCAGGCCCUGG
 4.7       5 ..      15   xxxxxxxxxxxAAUG                 G ACUGGCCUG C                 CUGGCAGGCCCUGGC
 2.4       4 ..      16   xxxxxxxxxxxxAAU                GG ACUGGCCUG CC                UGGCAGGCCCUGGCU
 5.9       3 ..      17   xxxxxxxxxxxxxAA               UGG ACUGGCCUG CCU               GGCAGGCCCUGGCUG
-1.4       7 ..      18   xxxxxxxxxAAUGGA                CUGG CCUG CCUG                 GCAGGCCCUGGCUGA
 2.1       6 ..      19   xxxxxxxxxxAAUGG               ACUGG CCUG CCUGG                CAGGCCCUGGCUGAC
-3.9      10 ..      20   xxxxxxAAUGGACUG                 GCC UGCCU GGC                 AGGCCCUGGCUGACU
-0.4       9 ..      21   xxxxxxxAAUGGACU                GGCC UGCCU GGCA                GGCCCUGGCUGACUG
-2.4      12 ..      22   xxxxAAUGGACUGGC                 CUGC CUG GCAG                 GCCCUGGCUGACUGU
-4.7      11 ..      23   xxxxxAAUGGACUGG                CCUGC CUG GCAGG                CCCUGGCUGACUGUU
  -7      10 ..      24   xxxxxxAAUGGACUG               GCCUGC CUG GCAGGC               CCUGGCUGACUGUUG
-9.3       9 ..      25   xxxxxxxAAUGGACU              GGCCUGC CUG GCAGGCC              CUGGCUGACUGUUGC
-5.8       8 ..      26   xxxxxxxxAAUGGAC             UGGCCUGC CUG GCAGGCCC             UGGCUGACUGUUGCC
-2.3       7 ..      27   xxxxxxxxxAAUGGA            CUGGCCUGC CUG GCAGGCCCU            GGCUGACUGUUGCCU
-2.1       7 ..      28   xxxxxxxxxAAUGGA           C-UGGCCUGC CUG GCAGGCCCUG           GCUGACUGUUGCCUG
-2.7      15 ..      29   xAAUGGACUGGCCUG               CCUGG CAGGC CCUGG               CUGACUGUUGCCUGA
  -5      14 ..      30   xxAAUGGACUGGCCU              GCCUGG CAGGC CCUGGC              UGACUGUUGCCUGAA
-1.5      13 ..      31   xxxAAUGGACUGGCC             UGCCUGG CAGGC CCUGGCU             GACUGUUGCCUGAAG
-3.8      12 ..      32   xxxxAAUGGACUGGC            CUGCCUGG CAGGC CCUGGCUG            ACUGUUGCCUGAAGA
-0.3      11 ..      33   xxxxxAAUGGACUGG           CCUGCCUGG CAGGC CCUGGCUGA           CUGUUGCCUGAAGAA
-2.6      10 ..      34   xxxxxxAAUGGACUG          GCCUGCCUGG CAGGC CCUGGCUGAC          UGUUGCCUGAAGAAG
 0.9       9 ..      35   xxxxxxxAAUGGACU         GGCCUGCCUGG CAGGC CCUGGCUGACU         GUUGCCUGAAGAAGG
 1.9      26 ..      36   CCUGCCUGGCAGGCC                 CUG GCUGA CUG                 UUGCCUGAAGAAGGG
 5.4      25 ..      37   GCCUGCCUGGCAGGC                CCUG GCUGA CUGU                UGCCUGAAGAAGGGU
 7.7      28 ..      38   UGCCUGGCAGGCCCU                 GGC UGACU GUU                 GCCUGAAGAAGGGUA
 7.7      26 ..      39   CCUGCCUGGCAGGCC               C UGGCUGACUGUU G                CCUGAAGAAGGGUAA
 1.4      29 ..      40   GCCUGGCAGGCCCUG                GC UGACUGUU GC                 CUGAAGAAGGGUAAx
-0.9      28 ..      41   UGCCUGGCAGGCCCU               GGC UGACUGUU GCC                UGAAGAAGGGUAAxx
 2.6      27 ..      42   CUGCCUGGCAGGCCC              UGGC UGACUGUU GCCU               GAAGAAGGGUAAxxx
 0.3      26 ..      43   CCUGCCUGGCAGGCC             CUGGC UGACUGUU GCCUG              AAGAAGGGUAAxxxx
 3.8      25 ..      44   GCCUGCCUGGCAGGC            CCUGGC UGACUGUU GCCUGA             AGAAGGGUAAxxxxx
 7.3      24 ..      45   GGCCUGCCUGGCAGG           CCCUGGC UGACUGUU GCCUGAA            GAAGGGUAAxxxxxx
 6.7      34 ..      46   GCAGGCCCUGGCUGA                C UGUUGCCUGAA G                AAGGGUAAxxxxxxx
None      37 ..      47   GGCCCUGGCUGACUG                  UUGCCUGAAGA                  AGGGUAAxxxxxxxx
 7.7      38 ..      48   GCCCUGGCUGACUGU                 UGC CUGAA GAA                 GGGUAAxxxxxxxxx
None      39 ..      49   CCCUGGCUGACUGUU                  GCCUGAAGAAG                  GGUAAxxxxxxxxxx
 0.4      40 ..      50   CCUGGCUGACUGUUG                 CC UGAAGAA GG                 GUAAxxxxxxxxxxx
 1.4      40 ..      51   CCUGGCUGACUGUUG                CC UGAAGAAG GG                 UAAxxxxxxxxxxxx
 4.9      39 ..      52   CCCUGGCUGACUGUU               GCC UGAAGAAG GGU                AAxxxxxxxxxxxxx
 8.4      38 ..      53   GCCCUGGCUGACUGU              UGCC UGAAGAAG GGUA               Axxxxxxxxxxxxxx
