>URS0000D6A42B ncRNA from 1 species FORWARD
None       1 ..      11   xxxxxxxxxxxxxxx                  AUGAUUCUUAG                  UUAAUCUUCAUUCAA
None       2 ..      12   xxxxxxxxxxxxxxA                  UGAUUCUUAGU                  UAAUCUUCAUUCAAC
None       3 ..      13   xxxxxxxxxxxxxAU                  GAUUCUUAGUU                  AAUCUUCAUUCAACC
None       4 ..      14   xxxxxxxxxxxxAUG                  AUUCUUAGUUA                  AUCUUCAUUCAACCA
None       5 ..      15   xxxxxxxxxxxAUGA                  UUCUUAGUUAA                  UCUUCAUUCAACCAU
None       6 ..      16   xxxxxxxxxxAUGAU                  UCUUAGUUAAU                  CUUCAUUCAACCAUG
 8.7       3 ..      17   xxxxxxxxxxxxxAU               G AUUCUUAGUUAAU C               UUCAUUCAACCAUGG
None       8 ..      18   xxxxxxxxAUGAUUC                  UUAGUUAAUCU                  UCAUUCAACCAUGGG
 7.7       9 ..      19   xxxxxxxAUGAUUCU                 UAG UUAAU CUU                 CAUUCAACCAUGGGU
None      10 ..      20   xxxxxxAUGAUUCUU                  AGUUAAUCUUC                  AUUCAACCAUGGGUU
 7.2      10 ..      21   xxxxxxAUGAUUCUU                AG UUAAUCUU CA                 UUCAACCAUGGGUUG
None      12 ..      22   xxxxAUGAUUCUUAG                  UUAAUCUUCAU                  UCAACCAUGGGUUGU
None      13 ..      23   xxxAUGAUUCUUAGU                  UAAUCUUCAUU                  CAACCAUGGGUUGUU
 7.7      11 ..      24   xxxxxAUGAUUCUUA               G UUAAUCUUCAUU C                AACCAUGGGUUGUUU
None      15 ..      25   xAUGAUUCUUAGUUA                  AUCUUCAUUCA                  ACCAUGGGUUGUUUU
None      16 ..      26   AUGAUUCUUAGUUAA                  UCUUCAUUCAA                  CCAUGGGUUGUUUUU
None      17 ..      27   UGAUUCUUAGUUAAU                  CUUCAUUCAAC                  CAUGGGUUGUUUUUG
None      18 ..      28   GAUUCUUAGUUAAUC                  UUCAUUCAACC                  AUGGGUUGUUUUUGU
None      19 ..      29   AUUCUUAGUUAAUCU                  UCAUUCAACCA                  UGGGUUGUUUUUGUU
None      20 ..      30   UUCUUAGUUAAUCUU                  CAUUCAACCAU                  GGGUUGUUUUUGUUA
 5.7      20 ..      31   UUCUUAGUUAAUCUU                C AUUCAACCAU G                 GGUUGUUUUUGUUAU
 6.7      20 ..      32   UUCUUAGUUAAUCUU                C AUUCAACCAUG G                GUUGUUUUUGUUAUG
 6.2      23 ..      33   UUAGUUAAUCUUCAU                 UC AACCAUG GG                 UUGUUUUUGUUAUGC
 7.2      23 ..      34   UUAGUUAAUCUUCAU                UC AACCAUGG GU                 UGUUUUUGUUAUGCA
 3.4      25 ..      35   AGUUAAUCUUCAUUC                 AACC AUG GGUU                 GUUUUUGUUAUGCAA
 1.1      24 ..      36   UAGUUAAUCUUCAUU                CAACC AUG GGUUG                UUUUUGUUAUGCAAA
 4.6      23 ..      37   UUAGUUAAUCUUCAU               UCAACC AUG GGUUGU               UUUUGUUAUGCAAAA
 8.1      22 ..      38   CUUAGUUAAUCUUCA              UUCAACC AUG GGUUGUU              UUUGUUAUGCAAAAA
None      29 ..      39   AAUCUUCAUUCAACC                  AUGGGUUGUUU                  UUGUUAUGCAAAAAA
None      30 ..      40   AUCUUCAUUCAACCA                  UGGGUUGUUUU                  UGUUAUGCAAAAAAA
None      31 ..      41   UCUUCAUUCAACCAU                  GGGUUGUUUUU                  GUUAUGCAAAAAAAU
 8.7      28 ..      42   UAAUCUUCAUUCAAC               C AUGGGUUGUUUUU G               UUAUGCAAAAAAAUA
None      33 ..      43   UUCAUUCAACCAUGG                  GUUGUUUUUGU                  UAUGCAAAAAAAUAA
None      34 ..      44   UCAUUCAACCAUGGG                  UUGUUUUUGUU                  AUGCAAAAAAAUAAG
None      35 ..      45   CAUUCAACCAUGGGU                  UGUUUUUGUUA                  UGCAAAAAAAUAAGU
None      36 ..      46   AUUCAACCAUGGGUU                  GUUUUUGUUAU                  GCAAAAAAAUAAGUA
None      37 ..      47   UUCAACCAUGGGUUG                  UUUUUGUUAUG                  CAAAAAAAUAAGUAA
 6.7      36 ..      48   AUUCAACCAUGGGUU                G UUUUUGUUAUG C                AAAAAAAUAAGUAAA
None      39 ..      49   CAACCAUGGGUUGUU                  UUUGUUAUGCA                  AAAAAAUAAGUAAAA
 7.7      40 ..      50   AACCAUGGGUUGUUU                 UUG UUAUG CAA                 AAAAAUAAGUAAAAC
None      41 ..      51   ACCAUGGGUUGUUUU                  UGUUAUGCAAA                  AAAAUAAGUAAAACU
None      42 ..      52   CCAUGGGUUGUUUUU                  GUUAUGCAAAA                  AAAUAAGUAAAACUU
None      43 ..      53   CAUGGGUUGUUUUUG                  UUAUGCAAAAA                  AAUAAGUAAAACUUA
None      44 ..      54   AUGGGUUGUUUUUGU                  UAUGCAAAAAA                  AUAAGUAAAACUUAG
None      45 ..      55   UGGGUUGUUUUUGUU                  AUGCAAAAAAA                  UAAGUAAAACUUAGG
None      46 ..      56   GGGUUGUUUUUGUUA                  UGCAAAAAAAU                  AAGUAAAACUUAGGU
None      47 ..      57   GGUUGUUUUUGUUAU                  GCAAAAAAAUA                  AGUAAAACUUAGGUU
None      48 ..      58   GUUGUUUUUGUUAUG                  CAAAAAAAUAA                  GUAAAACUUAGGUUG
 5.7      48 ..      59   GUUGUUUUUGUUAUG                C AAAAAAAUAA G                 UAAAACUUAGGUUGA
None      50 ..      60   UGUUUUUGUUAUGCA                  AAAAAAUAAGU                  AAAACUUAGGUUGAA
None      51 ..      61   GUUUUUGUUAUGCAA                  AAAAAUAAGUA                  AAACUUAGGUUGAAU
None      52 ..      62   UUUUUGUUAUGCAAA                  AAAAUAAGUAA                  AACUUAGGUUGAAUA
None      53 ..      63   UUUUGUUAUGCAAAA                  AAAUAAGUAAA                  ACUUAGGUUGAAUAA
None      54 ..      64   UUUGUUAUGCAAAAA                  AAUAAGUAAAA                  CUUAGGUUGAAUAAA
None      55 ..      65   UUGUUAUGCAAAAAA                  AUAAGUAAAAC                  UUAGGUUGAAUAAAC
None      56 ..      66   UGUUAUGCAAAAAAA                  UAAGUAAAACU                  UAGGUUGAAUAAACU
 7.7      57 ..      67   GUUAUGCAAAAAAAU                 AAG UAAAA CUU                 AGGUUGAAUAAACUU
None      58 ..      68   UUAUGCAAAAAAAUA                  AGUAAAACUUA                  GGUUGAAUAAACUUA
None      59 ..      69   UAUGCAAAAAAAUAA                  GUAAAACUUAG                  GUUGAAUAAACUUAA
None      60 ..      70   AUGCAAAAAAAUAAG                  UAAAACUUAGG                  UUGAAUAAACUUAAG
None      61 ..      71   UGCAAAAAAAUAAGU                  AAAACUUAGGU                  UGAAUAAACUUAAGU
None      62 ..      72   GCAAAAAAAUAAGUA                  AAACUUAGGUU                  GAAUAAACUUAAGUU
None      63 ..      73   CAAAAAAAUAAGUAA                  AACUUAGGUUG                  AAUAAACUUAAGUUU
 6.2      64 ..      74   AAAAAAAUAAGUAAA                 AC UUAGGUU GA                 AUAAACUUAAGUUUU
None      65 ..      75   AAAAAAUAAGUAAAA                  CUUAGGUUGAA                  UAAACUUAAGUUUUU
None      66 ..      76   AAAAAUAAGUAAAAC                  UUAGGUUGAAU                  AAACUUAAGUUUUUU
None      67 ..      77   AAAAUAAGUAAAACU                  UAGGUUGAAUA                  AACUUAAGUUUUUUU
None      68 ..      78   AAAUAAGUAAAACUU                  AGGUUGAAUAA                  ACUUAAGUUUUUUUA
None      69 ..      79   AAUAAGUAAAACUUA                  GGUUGAAUAAA                  CUUAAGUUUUUUUAU
 4.7      70 ..      80   AUAAGUAAAACUUAG                 G UUGAAUAAA C                 UUAAGUUUUUUUAUU
 8.2      69 ..      81   AAUAAGUAAAACUUA                GG UUGAAUAAA CU                UAAGUUUUUUUAUUU
 8.7      71 ..      82   UAAGUAAAACUUAGG                UUG AAUAAA CUU                 AAGUUUUUUUAUUUU
None      73 ..      83   AGUAAAACUUAGGUU                  GAAUAAACUUA                  AGUUUUUUUAUUUUA
None      74 ..      84   GUAAAACUUAGGUUG                  AAUAAACUUAA                  GUUUUUUUAUUUUAG
None      75 ..      85   UAAAACUUAGGUUGA                  AUAAACUUAAG                  UUUUUUUAUUUUAGU
None      76 ..      86   AAAACUUAGGUUGAA                  UAAACUUAAGU                  UUUUUUAUUUUAGUU
None      77 ..      87   AAACUUAGGUUGAAU                  AAACUUAAGUU                  UUUUUAUUUUAGUUA
None      78 ..      88   AACUUAGGUUGAAUA                  AACUUAAGUUU                  UUUUAUUUUAGUUAA
None      79 ..      89   ACUUAGGUUGAAUAA                  ACUUAAGUUUU                  UUUAUUUUAGUUAAG
None      80 ..      90   CUUAGGUUGAAUAAA                  CUUAAGUUUUU                  UUAUUUUAGUUAAGA
None      81 ..      91   UUAGGUUGAAUAAAC                  UUAAGUUUUUU                  UAUUUUAGUUAAGAA
None      82 ..      92   UAGGUUGAAUAAACU                  UAAGUUUUUUU                  AUUUUAGUUAAGAAA
None      83 ..      93   AGGUUGAAUAAACUU                  AAGUUUUUUUA                  UUUUAGUUAAGAAAA
None      84 ..      94   GGUUGAAUAAACUUA                  AGUUUUUUUAU                  UUUAGUUAAGAAAAA
None      85 ..      95   GUUGAAUAAACUUAA                  GUUUUUUUAUU                  UUAGUUAAGAAAAAU
None      86 ..      96   UUGAAUAAACUUAAG                  UUUUUUUAUUU                  UAGUUAAGAAAAAUA
None      87 ..      97   UGAAUAAACUUAAGU                  UUUUUUAUUUU                  AGUUAAGAAAAAUAA
None      88 ..      98   GAAUAAACUUAAGUU                  UUUUUAUUUUA                  GUUAAGAAAAAUAAA
None      89 ..      99   AAUAAACUUAAGUUU                  UUUUAUUUUAG                  UUAAGAAAAAUAAAC
None      90 ..     100   AUAAACUUAAGUUUU                  UUUAUUUUAGU                  UAAGAAAAAUAAACA
None      91 ..     101   UAAACUUAAGUUUUU                  UUAUUUUAGUU                  AAGAAAAAUAAACAA
None      92 ..     102   AAACUUAAGUUUUUU                  UAUUUUAGUUA                  AGAAAAAUAAACAAG
None      93 ..     103   AACUUAAGUUUUUUU                  AUUUUAGUUAA                  GAAAAAUAAACAAGU
None      94 ..     104   ACUUAAGUUUUUUUA                  UUUUAGUUAAG                  AAAAAUAAACAAGUG
None      95 ..     105   CUUAAGUUUUUUUAU                  UUUAGUUAAGA                  AAAAUAAACAAGUGG
None      96 ..     106   UUAAGUUUUUUUAUU                  UUAGUUAAGAA                  AAAUAAACAAGUGGU
None      97 ..     107   UAAGUUUUUUUAUUU                  UAGUUAAGAAA                  AAUAAACAAGUGGUG
None      98 ..     108   AAGUUUUUUUAUUUU                  AGUUAAGAAAA                  AUAAACAAGUGGUGG
None      99 ..     109   AGUUUUUUUAUUUUA                  GUUAAGAAAAA                  UAAACAAGUGGUGGU
None     100 ..     110   GUUUUUUUAUUUUAG                  UUAAGAAAAAU                  AAACAAGUGGUGGUA
None     101 ..     111   UUUUUUUAUUUUAGU                  UAAGAAAAAUA                  AACAAGUGGUGGUAG
None     102 ..     112   UUUUUUAUUUUAGUU                  AAGAAAAAUAA                  ACAAGUGGUGGUAGU
None     103 ..     113   UUUUUAUUUUAGUUA                  AGAAAAAUAAA                  CAAGUGGUGGUAGUC
 4.7     104 ..     114   UUUUAUUUUAGUUAA                 G AAAAAUAAA C                 AAGUGGUGGUAGUCC
 8.2     103 ..     115   UUUUUAUUUUAGUUA                AG AAAAAUAAA CA                AGUGGUGGUAGUCCG
None     106 ..     116   UUAUUUUAGUUAAGA                  AAAAUAAACAA                  GUGGUGGUAGUCCGC
None     107 ..     117   UAUUUUAGUUAAGAA                  AAAUAAACAAG                  UGGUGGUAGUCCGCC
None     108 ..     118   AUUUUAGUUAAGAAA                  AAUAAACAAGU                  GGUGGUAGUCCGCCA
None     109 ..     119   UUUUAGUUAAGAAAA                  AUAAACAAGUG                  GUGGUAGUCCGCCAC
None     110 ..     120   UUUAGUUAAGAAAAA                  UAAACAAGUGG                  UGGUAGUCCGCCACU
None     111 ..     121   UUAGUUAAGAAAAAU                  AAACAAGUGGU                  GGUAGUCCGCCACUC
 7.7     112 ..     122   UAGUUAAGAAAAAUA                 AAC AAGUG GUG                 GUAGUCCGCCACUCU
 6.2     113 ..     123   AGUUAAGAAAAAUAA                 AC AAGUGGU GG                 UAGUCCGCCACUCUA
 7.2     113 ..     124   AGUUAAGAAAAAUAA                AC AAGUGGUG GU                 AGUCCGCCACUCUAA
None     115 ..     125   UUAAGAAAAAUAAAC                  AAGUGGUGGUA                  GUCCGCCACUCUAAG
 6.7     114 ..     126   GUUAAGAAAAAUAAA                C AAGUGGUGGUA G                UCCGCCACUCUAAGG
None     117 ..     127   AAGAAAAAUAAACAA                  GUGGUGGUAGU                  CCGCCACUCUAAGGG
 5.7     117 ..     128   AAGAAAAAUAAACAA                G UGGUGGUAGU C                 CGCCACUCUAAGGGG
 0.4     119 ..     129   GAAAAAUAAACAAGU                 GG UGGUAGU CC                 GCCACUCUAAGGGGA
 3.9     118 ..     130   AGAAAAAUAAACAAG                UGG UGGUAGU CCG                CCACUCUAAGGGGAC
-1.4     120 ..     131   AAAAAUAAACAAGUG                GUGG UAGU CCGC                 CACUCUAAGGGGACG
-3.7     119 ..     132   GAAAAAUAAACAAGU               GGUGG UAGU CCGCC                ACUCUAAGGGGACGC
-0.2     118 ..     133   AGAAAAAUAAACAAG              UGGUGG UAGU CCGCCA               CUCUAAGGGGACGCC
-2.5     117 ..     134   AAGAAAAAUAAACAA             GUGGUGG UAGU CCGCCAC              UCUAAGGGGACGCCU
   1     116 ..     135   UAAGAAAAAUAAACA            AGUGGUGG UAGU CCGCCACU             CUAAGGGGACGCCUU
 4.5     115 ..     136   UUAAGAAAAAUAAAC           AAGUGGUGG UAGU CCGCCACUC            UAAGGGGACGCCUUU
   8     114 ..     137   GUUAAGAAAAAUAAA          CAAGUGGUGG UAGU CCGCCACUCU           AAGGGGACGCCUUUA
 7.7     128 ..     138   ACAAGUGGUGGUAGU                 CCG CCACU CUA                 AGGGGACGCCUUUAG
None     129 ..     139   CAAGUGGUGGUAGUC                  CGCCACUCUAA                  GGGGACGCCUUUAGA
 5.7     129 ..     140   CAAGUGGUGGUAGUC                C GCCACUCUAA G                 GGGACGCCUUUAGAA
 0.4     131 ..     141   AGUGGUGGUAGUCCG                 CC ACUCUAA GG                 GGACGCCUUUAGAAG
 1.4     131 ..     142   AGUGGUGGUAGUCCG                CC ACUCUAAG GG                 GACGCCUUUAGAAGA
-0.4     131 ..     143   AGUGGUGGUAGUCCG                CCAC UCUAA GGGG                ACGCCUUUAGAAGAA
 3.1     130 ..     144   AAGUGGUGGUAGUCC               GCCAC UCUAA GGGGA               CGCCUUUAGAAGAAG
   3     126 ..     145   AAACAAGUGGUGGUA            GUCCGCC ACUCUAA GG-GGAC            GCCUUUAGAAGAAGA
   1     129 ..     146   CAAGUGGUGGUAGUC             CG-CCAC UCUAA GGGGACG             CCUUUAGAAGAAGAG
 3.3     130 ..     147   AAGUGGUGGUAGUCC             GCCACUC UAAG GGGACGC              CUUUAGAAGAAGAGG
 5.5     126 ..     148   AAACAAGUGGUGGUA           GUCCGCCAC UCUAA GGGGACGCC           UUUAGAAGAAGAGGC
 1.9     139 ..     149   UAGUCCGCCACUCUA                 AGG GGACG CCU                 UUAGAAGAAGAGGCU
 3.4     140 ..     150   AGUCCGCCACUCUAA                 GGGG ACG CCUU                 UAGAAGAAGAGGCUA
 6.9     139 ..     151   UAGUCCGCCACUCUA                AGGGG ACG CCUUU                AGAAGAAGAGGCUAG
None     142 ..     152   UCCGCCACUCUAAGG                  GGACGCCUUUA                  GAAGAAGAGGCUAGG
None     143 ..     153   CCGCCACUCUAAGGG                  GACGCCUUUAG                  AAGAAGAGGCUAGGU
 6.2     144 ..     154   CGCCACUCUAAGGGG                 AC GCCUUUA GA                 AGAAGAGGCUAGGUG
 7.7     145 ..     155   GCCACUCUAAGGGGA                 CGC CUUUA GAA                 GAAGAGGCUAGGUGG
 4.4     145 ..     156   GCCACUCUAAGGGGA                CGCC UUUA GAAG                 AAGAGGCUAGGUGGU
 6.2     147 ..     157   CACUCUAAGGGGACG                 CC UUUAGAA GA                 AGAGGCUAGGUGGUA
None     148 ..     158   ACUCUAAGGGGACGC                  CUUUAGAAGAA                  GAGGCUAGGUGGUAU
 5.7     148 ..     159   ACUCUAAGGGGACGC                C UUUAGAAGAA G                 AGGCUAGGUGGUAUU
None     150 ..     160   UCUAAGGGGACGCCU                  UUAGAAGAAGA                  GGCUAGGUGGUAUUC
 7.7     148 ..     161   ACUCUAAGGGGACGC               C UUUAGAAGAAGA G                GCUAGGUGGUAUUCC
 5.4     147 ..     162   CACUCUAAGGGGACG              CC UUUAGAAGAAGA GG               CUAGGUGGUAUUCCG
 3.1     146 ..     163   CCACUCUAAGGGGAC             GCC UUUAGAAGAAGA GGC              UAGGUGGUAUUCCGG
 6.6     145 ..     164   GCCACUCUAAGGGGA            CGCC UUUAGAAGAAGA GGCU             AGGUGGUAUUCCGGU
 8.7     154 ..     165   AGGGGACGCCUUUAG                AAG AAGAGG CUA                 GGUGGUAUUCCGGUG
None     156 ..     166   GGGACGCCUUUAGAA                  GAAGAGGCUAG                  GUGGUAUUCCGGUGU
None     157 ..     167   GGACGCCUUUAGAAG                  AAGAGGCUAGG                  UGGUAUUCCGGUGUG
None     158 ..     168   GACGCCUUUAGAAGA                  AGAGGCUAGGU                  GGUAUUCCGGUGUGG
None     159 ..     169   ACGCCUUUAGAAGAA                  GAGGCUAGGUG                  GUAUUCCGGUGUGGG
None     160 ..     170   CGCCUUUAGAAGAAG                  AGGCUAGGUGG                  UAUUCCGGUGUGGGA
 7.7     161 ..     171   GCCUUUAGAAGAAGA                 GGC UAGGU GGU                 AUUCCGGUGUGGGAU
 8.7     161 ..     172   GCCUUUAGAAGAAGA                GGC UAGGUG GUA                 UUCCGGUGUGGGAUA
None     163 ..     173   CUUUAGAAGAAGAGG                  CUAGGUGGUAU                  UCCGGUGUGGGAUAC
None     164 ..     174   UUUAGAAGAAGAGGC                  UAGGUGGUAUU                  CCGGUGUGGGAUACU
 7.7     162 ..     175   CCUUUAGAAGAAGAG               G CUAGGUGGUAUU C                CGGUGUGGGAUACUU
 0.4     166 ..     176   UAGAAGAAGAGGCUA                 GG UGGUAUU CC                 GGUGUGGGAUACUUG
 3.9     165 ..     177   UUAGAAGAAGAGGCU                AGG UGGUAUU CCG                GUGUGGGAUACUUGG
 4.4     167 ..     178   AGAAGAAGAGGCUAG                GUGG UAUU CCGG                 UGUGGGAUACUUGGU
 7.9     166 ..     179   UAGAAGAAGAGGCUA               GGUGG UAUU CCGGU                GUGGGAUACUUGGUA
None     170 ..     180   AGAAGAGGCUAGGUG                  GUAUUCCGGUG                  UGGGAUACUUGGUAA
None     171 ..     181   GAAGAGGCUAGGUGG                  UAUUCCGGUGU                  GGGAUACUUGGUAAU
None     172 ..     182   AAGAGGCUAGGUGGU                  AUUCCGGUGUG                  GGAUACUUGGUAAUA
None     173 ..     183   AGAGGCUAGGUGGUA                  UUCCGGUGUGG                  GAUACUUGGUAAUAU
 1.9     174 ..     184   GAGGCUAGGUGGUAU                 UCC GGUGU GGG                 AUACUUGGUAAUAUG
 2.9     174 ..     185   GAGGCUAGGUGGUAU                UCC GGUGUG GGA                 UACUUGGUAAUAUGU
 6.4     173 ..     186   AGAGGCUAGGUGGUA               UUCC GGUGUG GGAU                ACUUGGUAAUAUGUA
None     177 ..     187   GCUAGGUGGUAUUCC                  GGUGUGGGAUA                  CUUGGUAAUAUGUAA
 4.7     178 ..     188   CUAGGUGGUAUUCCG                 G UGUGGGAUA C                 UUGGUAAUAUGUAAC
 6.2     179 ..     189   UAGGUGGUAUUCCGG                 UG UGGGAUA CU                 UGGUAAUAUGUAACG
 7.7     180 ..     190   AGGUGGUAUUCCGGU                 GUG GGAUA CUU                 GGUAAUAUGUAACGC
None     181 ..     191   GGUGGUAUUCCGGUG                  UGGGAUACUUG                  GUAAUAUGUAACGCU
 8.9     175 ..     192   AGGCUAGGUGGUAUU             CCG GUGUGGGAUACU UGG              UAAUAUGUAACGCUA
None     183 ..     193   UGGUAUUCCGGUGUG                  GGAUACUUGGU                  AAUAUGUAACGCUAA
None     184 ..     194   GGUAUUCCGGUGUGG                  GAUACUUGGUA                  AUAUGUAACGCUAAU
None     185 ..     195   GUAUUCCGGUGUGGG                  AUACUUGGUAA                  UAUGUAACGCUAAUU
None     186 ..     196   UAUUCCGGUGUGGGA                  UACUUGGUAAU                  AUGUAACGCUAAUUG
None     187 ..     197   AUUCCGGUGUGGGAU                  ACUUGGUAAUA                  UGUAACGCUAAUUGC
None     188 ..     198   UUCCGGUGUGGGAUA                  CUUGGUAAUAU                  GUAACGCUAAUUGCA
 5.7     188 ..     199   UUCCGGUGUGGGAUA                C UUGGUAAUAU G                 UAACGCUAAUUGCAU
None     190 ..     200   CCGGUGUGGGAUACU                  UGGUAAUAUGU                  AACGCUAAUUGCAUA
None     191 ..     201   CGGUGUGGGAUACUU                  GGUAAUAUGUA                  ACGCUAAUUGCAUAA
None     192 ..     202   GGUGUGGGAUACUUG                  GUAAUAUGUAA                  CGCUAAUUGCAUAAG
 5.7     192 ..     203   GGUGUGGGAUACUUG                G UAAUAUGUAA C                 GCUAAUUGCAUAAGA
None     194 ..     204   UGUGGGAUACUUGGU                  AAUAUGUAACG                  CUAAUUGCAUAAGAU
 7.7     192 ..     205   GGUGUGGGAUACUUG               G UAAUAUGUAACG C                UAAUUGCAUAAGAUU
None     196 ..     206   UGGGAUACUUGGUAA                  UAUGUAACGCU                  AAUUGCAUAAGAUUG
 7.7     197 ..     207   GGGAUACUUGGUAAU                 AUG UAACG CUA                 AUUGCAUAAGAUUGU
None     198 ..     208   GGAUACUUGGUAAUA                  UGUAACGCUAA                  UUGCAUAAGAUUGUA
None     199 ..     209   GAUACUUGGUAAUAU                  GUAACGCUAAU                  UGCAUAAGAUUGUAG
None     200 ..     210   AUACUUGGUAAUAUG                  UAACGCUAAUU                  GCAUAAGAUUGUAGG
None     201 ..     211   UACUUGGUAAUAUGU                  AACGCUAAUUG                  CAUAAGAUUGUAGGA
 6.2     202 ..     212   ACUUGGUAAUAUGUA                 AC GCUAAUU GC                 AUAAGAUUGUAGGAC
 1.9     203 ..     213   CUUGGUAAUAUGUAA                 CGC UAAUU GCA                 UAAGAUUGUAGGACG
 5.4     202 ..     214   ACUUGGUAAUAUGUA                ACGC UAAUU GCAU                AAGAUUGUAGGACGG
 8.9     201 ..     215   UACUUGGUAAUAUGU               AACGC UAAUU GCAUA               AGAUUGUAGGACGGA
None     206 ..     216   GGUAAUAUGUAACGC                  UAAUUGCAUAA                  GAUUGUAGGACGGAA
 6.7     205 ..     217   UGGUAAUAUGUAACG                C UAAUUGCAUAA G                AUUGUAGGACGGAAU
None     208 ..     218   UAAUAUGUAACGCUA                  AUUGCAUAAGA                  UUGUAGGACGGAAUU
None     209 ..     219   AAUAUGUAACGCUAA                  UUGCAUAAGAU                  UGUAGGACGGAAUUU
None     210 ..     220   AUAUGUAACGCUAAU                  UGCAUAAGAUU                  GUAGGACGGAAUUUA
None     211 ..     221   UAUGUAACGCUAAUU                  GCAUAAGAUUG                  UAGGACGGAAUUUAC
 7.2     211 ..     222   UAUGUAACGCUAAUU                GC AUAAGAUU GU                 AGGACGGAAUUUACA
None     213 ..     223   UGUAACGCUAAUUGC                  AUAAGAUUGUA                  GGACGGAAUUUACAG
 6.7     212 ..     224   AUGUAACGCUAAUUG                C AUAAGAUUGUA G                GACGGAAUUUACAGU
 7.7     212 ..     225   AUGUAACGCUAAUUG               C AUAAGAUUGUAG G                ACGGAAUUUACAGUC
None     216 ..     226   AACGCUAAUUGCAUA                  AGAUUGUAGGA                  CGGAAUUUACAGUCU
 4.7     217 ..     227   ACGCUAAUUGCAUAA                 G AUUGUAGGA C                 GGAAUUUACAGUCUU
 8.2     216 ..     228   AACGCUAAUUGCAUA                AG AUUGUAGGA CG                GAAUUUACAGUCUUG
 7.7     219 ..     229   GCUAAUUGCAUAAGA                 UUG UAGGA CGG                 AAUUUACAGUCUUGG
None     220 ..     230   CUAAUUGCAUAAGAU                  UGUAGGACGGA                  AUUUACAGUCUUGGU
None     221 ..     231   UAAUUGCAUAAGAUU                  GUAGGACGGAA                  UUUACAGUCUUGGUU
None     222 ..     232   AAUUGCAUAAGAUUG                  UAGGACGGAAU                  UUACAGUCUUGGUUU
None     223 ..     233   AUUGCAUAAGAUUGU                  AGGACGGAAUU                  UACAGUCUUGGUUUU
None     224 ..     234   UUGCAUAAGAUUGUA                  GGACGGAAUUU                  ACAGUCUUGGUUUUU
None     225 ..     235   UGCAUAAGAUUGUAG                  GACGGAAUUUA                  CAGUCUUGGUUUUUA
 5.7     225 ..     236   UGCAUAAGAUUGUAG                G ACGGAAUUUA C                 AGUCUUGGUUUUUAU
 6.2     227 ..     237   CAUAAGAUUGUAGGA                 CG GAAUUUA CA                 GUCUUGGUUUUUAUA
 2.9     227 ..     238   CAUAAGAUUGUAGGA                CGG AAUUUA CAG                 UCUUGGUUUUUAUAA
 6.4     226 ..     239   GCAUAAGAUUGUAGG               ACGG AAUUUA CAGU                CUUGGUUUUUAUAAA
 4.1     225 ..     240   UGCAUAAGAUUGUAG              GACGG AAUUUA CAGUC               UUGGUUUUUAUAAAC
 7.6     224 ..     241   UUGCAUAAGAUUGUA             GGACGG AAUUUA CAGUCU              UGGUUUUUAUAAACC
None     232 ..     242   GAUUGUAGGACGGAA                  UUUACAGUCUU                  GGUUUUUAUAAACCU
None     233 ..     243   AUUGUAGGACGGAAU                  UUACAGUCUUG                  GUUUUUAUAAACCUG
None     234 ..     244   UUGUAGGACGGAAUU                  UACAGUCUUGG                  UUUUUAUAAACCUGA
 6.2     235 ..     245   UGUAGGACGGAAUUU                 AC AGUCUUG GU                 UUUUAUAAACCUGAA
None     236 ..     246   GUAGGACGGAAUUUA                  CAGUCUUGGUU                  UUUAUAAACCUGAAA
None     237 ..     247   UAGGACGGAAUUUAC                  AGUCUUGGUUU                  UUAUAAACCUGAAAC
None     238 ..     248   AGGACGGAAUUUACA                  GUCUUGGUUUU                  UAUAAACCUGAAACU
None     239 ..     249   GGACGGAAUUUACAG                  UCUUGGUUUUU                  AUAAACCUGAAACUA
None     240 ..     250   GACGGAAUUUACAGU                  CUUGGUUUUUA                  UAAACCUGAAACUAA
None     241 ..     251   ACGGAAUUUACAGUC                  UUGGUUUUUAU                  AAACCUGAAACUAAG
None     242 ..     252   CGGAAUUUACAGUCU                  UGGUUUUUAUA                  AACCUGAAACUAAGU
None     243 ..     253   GGAAUUUACAGUCUU                  GGUUUUUAUAA                  ACCUGAAACUAAGUA
None     244 ..     254   GAAUUUACAGUCUUG                  GUUUUUAUAAA                  CCUGAAACUAAGUAA
 5.7     244 ..     255   GAAUUUACAGUCUUG                G UUUUUAUAAA C                 CUGAAACUAAGUAAG
 3.4     243 ..     256   GGAAUUUACAGUCUU               GG UUUUUAUAAA CC                UGAAACUAAGUAAGC
 6.9     242 ..     257   CGGAAUUUACAGUCU              UGG UUUUUAUAAA CCU               GAAACUAAGUAAGCx
None     248 ..     258   UUACAGUCUUGGUUU                  UUAUAAACCUG                  AAACUAAGUAAGCxx
None     249 ..     259   UACAGUCUUGGUUUU                  UAUAAACCUGA                  AACUAAGUAAGCxxx
None     250 ..     260   ACAGUCUUGGUUUUU                  AUAAACCUGAA                  ACUAAGUAAGCxxxx
None     251 ..     261   CAGUCUUGGUUUUUA                  UAAACCUGAAA                  CUAAGUAAGCxxxxx
None     252 ..     262   AGUCUUGGUUUUUAU                  AAACCUGAAAC                  UAAGUAAGCxxxxxx
None     253 ..     263   GUCUUGGUUUUUAUA                  AACCUGAAACU                  AAGUAAGCxxxxxxx
None     254 ..     264   UCUUGGUUUUUAUAA                  ACCUGAAACUA                  AGUAAGCxxxxxxxx
None     255 ..     265   CUUGGUUUUUAUAAA                  CCUGAAACUAA                  GUAAGCxxxxxxxxx
 4.7     256 ..     266   UUGGUUUUUAUAAAC                 C UGAAACUAA G                 UAAGCxxxxxxxxxx
 8.2     255 ..     267   CUUGGUUUUUAUAAA                CC UGAAACUAA GU                AAGCxxxxxxxxxxx
None     258 ..     268   GGUUUUUAUAAACCU                  GAAACUAAGUA                  AGCxxxxxxxxxxxx
None     259 ..     269   GUUUUUAUAAACCUG                  AAACUAAGUAA                  GCxxxxxxxxxxxxx
 8.7     256 ..     270   UUGGUUUUUAUAAAC               C UGAAACUAAGUAA G               Cxxxxxxxxxxxxxx
