>AL009126.3:c3774322-3774256 Bacillus subtilis subsp. subtilis str. 168 genome assembly, chromosome: 1 FORWARD
 7.6       1 ..      11   xxxxxxxxxxxxxxx                 AT AAAAGGA AC                 GGCGGCTAAATGCTT
 8.3       2 ..      12   xxxxxxxxxxxxxxA                 T AAAAGGAAC G                 GCGGCTAAATGCTTA
None       3 ..      13   xxxxxxxxxxxxxAT                  AAAAGGAACGG                  CGGCTAAATGCTTAG
None       4 ..      14   xxxxxxxxxxxxATA                  AAAGGAACGGC                  GGCTAAATGCTTAGG
None       5 ..      15   xxxxxxxxxxxATAA                  AAGGAACGGCG                  GCTAAATGCTTAGGC
 7.7       6 ..      16   xxxxxxxxxxATAAA                 AGG AACGG CGG                 CTAAATGCTTAGGCG
 4.7       7 ..      17   xxxxxxxxxATAAAA                 G GAACGGCGG C                 TAAATGCTTAGGCGT
 3.8       6 ..      18   xxxxxxxxxxATAAA                AG GAACGGCGG CT                AAATGCTTAGGCGTC
 5.8       8 ..      19   xxxxxxxxATAAAAG                GAAC GGCG GCTA                 AATGCTTAGGCGTCC
   7      10 ..      20   xxxxxxATAAAAGGA                 ACGG CGG CTAA                 ATGCTTAGGCGTCCT
None      11 ..      21   xxxxxATAAAAGGAA                  CGGCGGCTAAA                  TGCTTAGGCGTCCTG
 8.1      10 ..      22   xxxxxxATAAAAGGA                A CGGCGGCTAAA T                GCTTAGGCGTCCTGC
   6      11 ..      23   xxxxxATAAAAGGAA                CG GCGGCTAAA TG                CTTAGGCGTCCTGCC
 0.7      13 ..      24   xxxATAAAAGGAACG                GCG GCTAAA TGC                 TTAGGCGTCCTGCCT
-0.3      15 ..      25   xATAAAAGGAACGGC                 GGC TAAAT GCT                 TAGGCGTCCTGCCTA
 3.2      14 ..      26   xxATAAAAGGAACGG                CGGC TAAAT GCTT                AGGCGTCCTGCCTAA
 5.3      17 ..      27   TAAAAGGAACGGCGG                CTAA ATGC TTA-                 GGCGTCCTGCCTAAA
  -3      17 ..      28   TAAAAGGAACGGCGG                CTAA ATGC TTAG                 GCGTCCTGCCTAAAC
 0.5      16 ..      29   ATAAAAGGAACGGCG               GCTAA ATGC TTAGG                CGTCCTGCCTAAACA
-1.8      15 ..      30   xATAAAAGGAACGGC              GGCTAA ATGC TTAGGC               GTCCTGCCTAAACAC
-4.1      14 ..      31   xxATAAAAGGAACGG             CGGCTAA ATGC TTAGGCG              TCCTGCCTAAACACC
-2.8      13 ..      32   xxxATAAAAGGAACG            GCGGCTAA ATGC TTAGGCGT             CCTGCCTAAACACCG
-5.1      12 ..      33   xxxxATAAAAGGAAC           GGCGGCTAA ATGC TTAGGCGTC            CTGCCTAAACACCGC
-2.7      12 ..      34   xxxxATAAAAGGAAC          GG-CGGCTAA ATGC TTAGGCGTCC           TGCCTAAACACCGCC
-2.5      10 ..      35   xxxxxxATAAAAGGA         ACGGCGGCTAA ATGC TTAGGCGTCCT          GCCTAAACACCGCCG
-3.2      26 ..      36   CGGCGGCTAAATGCT                 TAGG CGT CCTG                 CCTAAACACCGCCGT
-1.3       8 ..      37   xxxxxxxxATAAAAG       GAACGGCGGCTAA ATGC TTAGGCGTCCTGC        CTAAACACCGCCGTC
-4.6      28 ..      38   GCGGCTAAATGCTTA                 GGCG TCC TGCC                 TAAACACCGCCGTCA
-5.5      27 ..      39   GGCGGCTAAATGCTT                AGGCG TCC TGCCT                AAACACCGCCGTCAT
-6.4      26 ..      40   CGGCGGCTAAATGCT               TAGGCG TCC TGCCTA               AACACCGCCGTCATC
-7.3      25 ..      41   ACGGCGGCTAAATGC              TTAGGCG TCC TGCCTAA              ACACCGCCGTCATCA
-3.8      24 ..      42   AACGGCGGCTAAATG             CTTAGGCG TCC TGCCTAAA             CACCGCCGTCATCAC
-6.1      23 ..      43   GAACGGCGGCTAAAT            GCTTAGGCG TCC TGCCTAAAC            ACCGCCGTCATCACA
  -7      22 ..      44   GGAACGGCGGCTAAA           TGCTTAGGCG TCC TGCCTAAACA           CCGCCGTCATCACAT
-3.5      21 ..      45   AGGAACGGCGGCTAA          ATGCTTAGGCG TCC TGCCTAAACAC          CGCCGTCATCACATC
-4.768e-07      20 ..      46   AAGGAACGGCGGCTA         AATGCTTAGGCG TCC TGCCTAAACACC         GCCGTCATCACATCC
 3.5      19 ..      47   AAAGGAACGGCGGCT        AAATGCTTAGGCG TCC TGCCTAAACACCG        CCGTCATCACATCCT
 2.4      36 ..      48   ATGCTTAGGCGTCCT                GC CTAAACACC GC                CGTCATCACATCCTG
 4.3      28 ..      49   GCGGCTAAATGCTTA           GGCGT CCTGCCTAAACA CCGCC            GTCATCACATCCTGT
 2.8      14 ..      50   xxATAAAAGGAACGG   CGGCTAAATGCTTAGGCG TCC TGCCTAAACACC--GCCG   TCATCACATCCTGTA
 4.1      13 ..      51   xxxATAAAAGGAACG  GCGGCTAAATGCTTAGGCG TCC TGCCTAAACACC--GCCGT  CATCACATCCTGTAA
 1.8      12 ..      52   xxxxATAAAAGGAAC GGCGGCTAAATGCTTAGGCG TCC TGCCTAAACACC--GCCGTC ATCACATCCTGTAAA
 5.3      11 ..      53   xxxxxATAAAAGGAA CGGCGGCTAAATGCTTAGGCG TCC TGCCTAAACACC--GCCGTCA TCACATCCTGTAAAx
 4.4      10 ..      54   xxxxxxATAAAAGGA ACGGCGGCTAAATGCTTAGGCG TCC TGCCTAAACACC--GCCGTCAT CACATCCTGTAAAxx
 7.9       9 ..      55   xxxxxxxATAAAAGG AACGGCGGCTAAATGCTTAGGCG TCC TGCCTAAACACC--GCCGTCATC ACATCCTGTAAAxxx
 6.2      46 ..      56   GTCCTGCCTAAACAC                 CG CCGTCAT CA                 CATCCTGTAAAxxxx
 4.7      47 ..      57   TCCTGCCTAAACACC                 G CCGTCATCA C                 ATCCTGTAAAxxxxx
 8.2      46 ..      58   GTCCTGCCTAAACAC                CG CCGTCATCA CA                TCCTGTAAAxxxxxx
 5.8      48 ..      59   CCTGCCTAAACACCG                CCGT CATC ACAT                 CCTGTAAAxxxxxxx
 3.5      47 ..      60   TCCTGCCTAAACACC               GCCGT CATC ACATC                CTGTAAAxxxxxxxx
 5.7      50 ..      61   TGCCTAAACACCGCC                G TCATCACATC C                 TGTAAAxxxxxxxxx
 7.5      50 ..      62   TGCCTAAACACCGCC                GTCAT CAC ATCCT                GTAAAxxxxxxxxxx
 2.8      52 ..      63   CCTAAACACCGCCGT                CA TCACATCC TG                 TAAAxxxxxxxxxxx
 3.3      54 ..      64   TAAACACCGCCGTCA                 TCA CATCC TGT                 AAAxxxxxxxxxxxx
 0.4      55 ..      65   AAACACCGCCGTCAT                 CACA TCC TGTA                 AAxxxxxxxxxxxxx
-0.5      54 ..      66   TAAACACCGCCGTCA                TCACA TCC TGTAA                Axxxxxxxxxxxxxx
