>BABE01000260.1:3320-3379 Human gut metagenome DNA, contig sequence: In-E_000260, whole genome shotgun sequence FORWARD
 6.2       1 ..      11   xxxxxxxxxxxxxxx                 GC AGTCAAC GG                 TACCGGAGGCGGTCT
 2.2       1 ..      12   xxxxxxxxxxxxxxx                GCAG TCAA CGGT                 ACCGGAGGCGGTCTG
 4.8       3 ..      13   xxxxxxxxxxxxxGC                 AGTC AAC GGTA                 CCGGAGGCGGTCTGT
 1.8       4 ..      14   xxxxxxxxxxxxGCA                 GT CAACGGT AC                 CGGAGGCGGTCTGTG
 5.3       3 ..      15   xxxxxxxxxxxxxGC                AGT CAACGGT ACC                GGAGGCGGTCTGTGC
   3       2 ..      16   xxxxxxxxxxxxxxG               CAGT CAACGGT ACCG               GAGGCGGTCTGTGCC
 5.7       6 ..      17   xxxxxxxxxxGCAGT                C AACGGTACCG G                 AGGCGGTCTGTGCCG
 3.4       8 ..      18   xxxxxxxxGCAGTCA                 ACGG TAC CGGA                 GGCGGTCTGTGCCGA
 2.1       6 ..      19   xxxxxxxxxxGCAGT               CAACG GTAC CGGAG                GCGGTCTGTGCCGAG
 3.4       5 ..      20   xxxxxxxxxxxGCAG              TCAACG GTAC CGGAGG               CGGTCTGTGCCGAGG
 1.1       4 ..      21   xxxxxxxxxxxxGCA             GTCAACG GTAC CGGAGGC              GGTCTGTGCCGAGGA
 1.2      12 ..      22   xxxxGCAGTCAACGG                 TACC GGA GGCG                 GTCTGTGCCGAGGAT
 1.1      13 ..      23   xxxGCAGTCAACGGT                ACCG GAGG CGG-                 TCTGTGCCGAGGATA
-5.8      13 ..      24   xxxGCAGTCAACGGT                ACCG GAGG CGGT                 CTGTGCCGAGGATAA
-2.3      12 ..      25   xxxxGCAGTCAACGG               TACCG GAGG CGGTC                TGTGCCGAGGATAAG
  -1      11 ..      26   xxxxxGCAGTCAACG              GTACCG GAGG CGGTCT               GTGCCGAGGATAAGG
-3.1       9 ..      27   xxxxxxxGCAGTCAA            CGGTACCG GAGG CGGT-CTG             TGCCGAGGATAAGGA
  -4       8 ..      28   xxxxxxxxGCAGTCA           ACGGTACCG GAGG CGGT-CTGT            GCCGAGGATAAGGAG
-0.5       7 ..      29   xxxxxxxxxGCAGTC          AACGGTACCG GAGG CGGT-CTGTG           CCGAGGATAAGGAGT
-0.3      20 ..      30   TCAACGGTACCGGAG                 GCG GTCTG TGC                 CGAGGATAAGGAGTT
-2.6      19 ..      31   GTCAACGGTACCGGA                GGCG GTCTG TGCC                GAGGATAAGGAGTTG
-3.6      21 ..      32   CAACGGTACCGGAGG                CGGT CTGT GCCG                 AGGATAAGGAGTTGA
-0.1      20 ..      33   TCAACGGTACCGGAG               GCGGT CTGT GCCGA                GGATAAGGAGTTGAC
 3.4      19 ..      34   GTCAACGGTACCGGA              GGCGGT CTGT GCCGAG               GATAAGGAGTTGACG
 2.1      24 ..      35   CGGTACCGGAGGCGG                TCT GTGCCG AGG                 ATAAGGAGTTGACGG
 1.5       5 ..      36   xxxxxxxxxxxGCAG      TCAACGGTACCGG AGGCGG TCTGTGCCGAGGA       TAAGGAGTTGACGGC
 2.6      27 ..      37   TACCGGAGGCGGTCT                 GTGC CGA GGAT                 AAGGAGTTGACGGCT
 1.7      26 ..      38   GTACCGGAGGCGGTC                TGTGC CGA GGATA                AGGAGTTGACGGCTA
 5.2      25 ..      39   GGTACCGGAGGCGGT               CTGTGC CGA GGATAA               GGAGTTGACGGCTAA
 4.7      30 ..      40   CGGAGGCGGTCTGTG                 C CGAGGATAA G                 GAGTTGACGGCTAAA
 1.4      30 ..      41   CGGAGGCGGTCTGTG                CC GAGGATAA GG                 AGTTGACGGCTAAAC
 4.2      24 ..      42   CGGTACCGGAGGCGG             TCTGTGCC GAG GATAAGGA             GTTGACGGCTAAACC
 6.2      28 ..      43   ACCGGAGGCGGTCTG              TGCC GAGGATAA GGAG               TTGACGGCTAAACCA
 7.1      33 ..      44   AGGCGGTCTGTGCCG                A GGATAAGGAG T                 TGACGGCTAAACCAC
 4.7      35 ..      45   GCGGTCTGTGCCGAG                 GAT AAGGA GTT                 GACGGCTAAACCACT
 6.1      31 ..      46   GGAGGCGGTCTGTGC              CGA GGATAAGGAG TTG               ACGGCTAAACCACTx
   4      37 ..      47   GGTCTGTGCCGAGGA                 TAAG GAG TTGA                 CGGCTAAACCACTxx
 2.7      35 ..      48   GCGGTCTGTGCCGAG               GATAA GGAG TTGAC                GGCTAAACCACTxxx
 6.2      34 ..      49   GGCGGTCTGTGCCGA              GGATAA GGAG TTGACG               GCTAAACCACTxxxx
 4.8      30 ..      50   CGGAGGCGGTCTGTG            CCGAGGAT AAGGA GTTGACGG            CTAAACCACTxxxxx
 2.5      29 ..      51   CCGGAGGCGGTCTGT           GCCGAGGAT AAGGA GTTGACGGC           TAAACCACTxxxxxx
 0.4      42 ..      52   GTGCCGAGGATAAGG                 AGTT GAC GGCT                 AAACCACTxxxxxxx
 3.9      41 ..      53   TGTGCCGAGGATAAG                GAGTT GAC GGCTA                AACCACTxxxxxxxx
 2.5      44 ..      54   GCCGAGGATAAGGAG                 TTG ACGGC TAA                 ACCACTxxxxxxxxx
 2.8      44 ..      55   GCCGAGGATAAGGAG                TTGA CGGC TAAA                 CCACTxxxxxxxxxx
 0.5      43 ..      56   TGCCGAGGATAAGGA               GTTGA CGGC TAAAC                CACTxxxxxxxxxxx
   4      42 ..      57   GTGCCGAGGATAAGG              AGTTGA CGGC TAAACC               ACTxxxxxxxxxxxx
 1.9      48 ..      58   AGGATAAGGAGTTGA                 CGG CTAAA CCA                 CTxxxxxxxxxxxxx
 4.7      49 ..      59   GGATAAGGAGTTGAC                 G GCTAAACCA C                 Txxxxxxxxxxxxxx
