>BABD01000872.1:c1354-1286 Human gut metagenome DNA, contig sequence: In-D_000872, whole genome shotgun sequence FORWARD
 2.5       1 ..      11   xxxxxxxxxxxxxxx                ATGC AGAC GC-T                 TAAAACACTTGGATG
9.537e-08       1 ..      12   xxxxxxxxxxxxxxx                ATGC AGAC GCTT                 AAAACACTTGGATGT
 4.2       2 ..      13   xxxxxxxxxxxxxxA                TGCAG ACG CT-TA                AAACACTTGGATGTA
 3.9       2 ..      14   xxxxxxxxxxxxxxA                TGCAG ACG CTTAA                AACACTTGGATGTAT
 7.4       1 ..      15   xxxxxxxxxxxxxxx               ATGCAG ACG CTTAAA               ACACTTGGATGTATG
None       6 ..      16   xxxxxxxxxxATGCA                  GACGCTTAAAA                  CACTTGGATGTATGT
 5.7       6 ..      17   xxxxxxxxxxATGCA                G ACGCTTAAAA C                 ACTTGGATGTATGTG
 4.8       8 ..      18   xxxxxxxxATGCAGA                 CGCT TAA AACA                 CTTGGATGTATGTGA
 4.7       9 ..      19   xxxxxxxATGCAGAC                 G CTTAAAACA C                 TTGGATGTATGTGAA
 6.8       5 ..      20   xxxxxxxxxxxATGC              AG ACGCTTAAAACA CT               TGGATGTATGTGAAT
 7.3       7 ..      21   xxxxxxxxxATGCAG               ACG CTTAAAACA CTT               GGATGTATGTGAATA
 2.5      12 ..      22   xxxxATGCAGACGCT                 TAA AACAC TTG                 GATGTATGTGAATAT
 3.8      11 ..      23   xxxxxATGCAGACGC                TTAA AACAC TTGG                ATGTATGTGAATATG
 4.1      11 ..      24   xxxxxATGCAGACGC               TTAAA ACAC TTGGA                TGTATGTGAATATGT
 3.3      15 ..      25   xATGCAGACGCTTAA                 AAC ACTTG GAT                 GTATGTGAATATGTG
 6.3       8 ..      26   xxxxxxxxATGCAGA             CGCTTAA AACAC TTGGATG             TATGTGAATATGTGT
-0.1      16 ..      27   ATGCAGACGCTTAAA                ACA CTTGGA TGT                 ATGTGAATATGTGTA
 3.4      15 ..      28   xATGCAGACGCTTAA               AACA CTTGGA TGTA                TGTGAATATGTGTAA
 2.5      14 ..      29   xxATGCAGACGCTTA              AAACA CTTGGA TGTAT               GTGAATATGTGTAAG
 3.6      19 ..      30   CAGACGCTTAAAACA                CTTG GATG TATG                 TGAATATGTGTAAGT
 2.7      18 ..      31   GCAGACGCTTAAAAC               ACTTG GATG TATGT                GAATATGTGTAAGTG
 0.4      17 ..      32   TGCAGACGCTTAAAA              CACTTG GATG TATGTG               AATATGTGTAAGTGT
 3.9      16 ..      33   ATGCAGACGCTTAAA             ACACTTG GATG TATGTGA              ATATGTGTAAGTGTT
 7.2      20 ..      34   AGACGCTTAAAACAC               TT GGATGTATGTG AA               TATGTGTAAGTGTTA
 4.2      24 ..      35   GCTTAAAACACTTGG                AT GTATGTGA AT                 ATGTGTAAGTGTTAC
 3.5      25 ..      36   CTTAAAACACTTGGA                TGT ATGTGA ATA                 TGTGTAAGTGTTACC
 0.6      26 ..      37   TTAAAACACTTGGAT                GTAT GTGA ATAT                 GTGTAAGTGTTACCT
 1.9      25 ..      38   CTTAAAACACTTGGA               TGTAT GTGA ATATG                TGTAAGTGTTACCTG
   1      24 ..      39   GCTTAAAACACTTGG              ATGTAT GTGA ATATGT               GTAAGTGTTACCTGT
 4.1      27 ..      40   TAAAACACTTGGATG               TATGT GAAT ATGTG                TAAGTGTTACCTGTT
 4.5      24 ..      41   GCTTAAAACACTTGG             ATGTATG TGAA TATGTGT              AAGTGTTACCTGTTC
 4.5      25 ..      42   CTTAAAACACTTGGA             TGTATGT GAAT ATGTGTA              AGTGTTACCTGTTCC
   4      20 ..      43   AGACGCTTAAAACAC          TTGGATGTAT GTGA ATATGTGTAA           GTGTTACCTGTTCCA
 1.7      19 ..      44   CAGACGCTTAAAACA         CTTGGATGTAT GTGA ATATGTGTAAG          TGTTACCTGTTCCAG
 0.8      18 ..      45   GCAGACGCTTAAAAC        ACTTGGATGTAT GTGA ATATGTGTAAGT         GTTACCTGTTCCAGA
-1.5      17 ..      46   TGCAGACGCTTAAAA       CACTTGGATGTAT GTGA ATATGTGTAAGTG        TTACCTGTTCCAGAA
-2.4      16 ..      47   ATGCAGACGCTTAAA      ACACTTGGATGTAT GTGA ATATGTGTAAGTGT       TACCTGTTCCAGAAG
-3.3      15 ..      48   xATGCAGACGCTTAA     AACACTTGGATGTAT GTGA ATATGTGTAAGTGTT      ACCTGTTCCAGAAGT
 0.2      14 ..      49   xxATGCAGACGCTTA    AAACACTTGGATGTAT GTGA ATATGTGTAAGTGTTA     CCTGTTCCAGAAGTG
  -4      40 ..      50   TGTATGTGAATATGT                 GTAA GTG TTAC                 CTGTTCCAGAAGTGG
-0.5      39 ..      51   ATGTATGTGAATATG                TGTAA GTG TTACC                TGTTCCAGAAGTGGA
 0.4      42 ..      52   TATGTGAATATGTGT                 AAGT GTT ACCT                 GTTCCAGAAGTGGAA
 1.7      41 ..      53   GTATGTGAATATGTG                TAAGT GTT ACCTG                TTCCAGAAGTGGAAA
 1.2      36 ..      54   TGGATGTATGTGAAT             ATGTGTAA GTG TTACCTGT             TCCAGAAGTGGAAAA
 4.3      33 ..      55   ACTTGGATGTATGTG          AATATGTGTAA GTG TTAC-C-TGTT          CCAGAAGTGGAAAAx
   2      32 ..      56   CACTTGGATGTATGT         GAATATGTGTAA GTG TTAC-C-TGTTC         CAGAAGTGGAAAAxx
 5.5      31 ..      57   ACACTTGGATGTATG        TGAATATGTGTAA GTG TTAC-C-TGTTCC        AGAAGTGGAAAAxxx
 4.8      29 ..      58   AAACACTTGGATGTA      TGTGAATATGTGTAA GTG TTAC-C-TGTTC-CA      GAAGTGGAAAAxxxx
 7.4      47 ..      59   GAATATGTGTAAGTG                TT ACCTGTTCC AG                AAGTGGAAAAxxxxx
  -1      50 ..      60   TATGTGTAAGTGTTA                 CCTG TTC CAGA                 AGTGGAAAAxxxxxx
 2.5      49 ..      61   ATATGTGTAAGTGTT                ACCTG TTC CAGAA                GTGGAAAAxxxxxxx
 2.8      51 ..      62   ATGTGTAAGTGTTAC                CT GTTCCAGA AG                 TGGAAAAxxxxxxxx
   3      49 ..      63   ATATGTGTAAGTGTT               ACCTGT TCC AGAAGT               GGAAAAxxxxxxxxx
 4.3      48 ..      64   AATATGTGTAAGTGT              TACCTGT TCC AGAAGTG              GAAAAxxxxxxxxxx
 2.5      55 ..      65   GTAAGTGTTACCTGT                TCCA GAAG TGG-                 AAAAxxxxxxxxxxx
-4.4      55 ..      66   GTAAGTGTTACCTGT                TCCA GAAG TGGA                 AAAxxxxxxxxxxxx
-5.3      54 ..      67   TGTAAGTGTTACCTG               TTCCA GAAG TGGAA                AAxxxxxxxxxxxxx
-1.8      53 ..      68   GTGTAAGTGTTACCT              GTTCCA GAAG TGGAAA               Axxxxxxxxxxxxxx
