>URS0000D65737 ncRNA from 1 species FORWARD
None       1 ..      11   xxxxxxxxxxxxxxx                  GCACGUCCCAG                  ACCUUUUCCAGUCUG
 7.2       1 ..      12   xxxxxxxxxxxxxxx                GC ACGUCCCA GA                 CCUUUUCCAGUCUGG
 6.7       1 ..      13   xxxxxxxxxxxxxxx                G CACGUCCCAGA C                CUUUUCCAGUCUGGC
 3.4       4 ..      14   xxxxxxxxxxxxGCA                 CGUC CCA GACC                 UUUUCCAGUCUGGCA
 6.9       3 ..      15   xxxxxxxxxxxxxGC                ACGUC CCA GACCU                UUUCCAGUCUGGCAG
None       6 ..      16   xxxxxxxxxxGCACG                  UCCCAGACCUU                  UUCCAGUCUGGCAGC
None       7 ..      17   xxxxxxxxxGCACGU                  CCCAGACCUUU                  UCCAGUCUGGCAGCU
None       8 ..      18   xxxxxxxxGCACGUC                  CCAGACCUUUU                  CCAGUCUGGCAGCUA
 8.7       5 ..      19   xxxxxxxxxxxGCAC               G UCCCAGACCUUUU C               CAGUCUGGCAGCUAC
 6.2      10 ..      20   xxxxxxGCACGUCCC                 AG ACCUUUU CC                 AGUCUGGCAGCUACA
 7.2      10 ..      21   xxxxxxGCACGUCCC                AG ACCUUUUC CA                 GUCUGGCAGCUACAC
 4.9       9 ..      22   xxxxxxxGCACGUCC               CAG ACCUUUUC CAG                UCUGGCAGCUACACC
 6.2      13 ..      23   xxxGCACGUCCCAGA                 CC UUUUCCA GU                 CUGGCAGCUACACCG
 4.9      11 ..      24   xxxxxGCACGUCCCA               GAC CUUUUCCA GUC                UGGCAGCUACACCGU
 8.4      10 ..      25   xxxxxxGCACGUCCC              AGAC CUUUUCCA GUCU               GGCAGCUACACCGUU
 6.1       9 ..      26   xxxxxxxGCACGUCC             CAGAC CUUUUCCA GUCUG              GCAGCUACACCGUUA
 3.8       8 ..      27   xxxxxxxxGCACGUC            CCAGAC CUUUUCCA GUCUGG             CAGCUACACCGUUAG
 1.9      18 ..      28   ACGUCCCAGACCUUU                 UCC AGUCU GGC                 AGCUACACCGUUAGA
 5.4      17 ..      29   CACGUCCCAGACCUU                UUCC AGUCU GGCA                GCUACACCGUUAGAA
 1.9      20 ..      30   GUCCCAGACCUUUUC                 CAG UCUGG CAG                 CUACACCGUUAGAAA
 5.4      19 ..      31   CGUCCCAGACCUUUU                CCAG UCUGG CAGC                UACACCGUUAGAAAC
 7.2      21 ..      32   UCCCAGACCUUUUCC                AG UCUGGCAG CU                 ACACCGUUAGAAACC
None      23 ..      33   CCAGACCUUUUCCAG                  UCUGGCAGCUA                  CACCGUUAGAAACCU
 6.7      22 ..      34   CCCAGACCUUUUCCA                G UCUGGCAGCUA C                ACCGUUAGAAACCUU
 6.2      25 ..      35   AGACCUUUUCCAGUC                 UG GCAGCUA CA                 CCGUUAGAAACCUUG
 4.7      26 ..      36   GACCUUUUCCAGUCU                 G GCAGCUACA C                 CGUUAGAAACCUUGC
 1.4      26 ..      37   GACCUUUUCCAGUCU                GG CAGCUACA CC                 GUUAGAAACCUUGCG
 1.9      28 ..      38   CCUUUUCCAGUCUGG                 CAG CUACA CCG                 UUAGAAACCUUGCGU
 5.4      27 ..      39   ACCUUUUCCAGUCUG                GCAG CUACA CCGU                UAGAAACCUUGCGUU
 8.7      29 ..      40   CUUUUCCAGUCUGGC                AGC UACACC GUU                 AGAAACCUUGCGUUU
None      31 ..      41   UUUCCAGUCUGGCAG                  CUACACCGUUA                  GAAACCUUGCGUUUG
 5.7      31 ..      42   UUUCCAGUCUGGCAG                C UACACCGUUA G                 AAACCUUGCGUUUGG
 6.2      33 ..      43   UCCAGUCUGGCAGCU                 AC ACCGUUA GA                 AACCUUGCGUUUGGU
 7.7      34 ..      44   CCAGUCUGGCAGCUA                 CAC CGUUA GAA                 ACCUUGCGUUUGGUG
None      35 ..      45   CAGUCUGGCAGCUAC                  ACCGUUAGAAA                  CCUUGCGUUUGGUGA
None      36 ..      46   AGUCUGGCAGCUACA                  CCGUUAGAAAC                  CUUGCGUUUGGUGAU
 6.2      37 ..      47   GUCUGGCAGCUACAC                 CG UUAGAAA CC                 UUGCGUUUGGUGAUU
 7.2      37 ..      48   GUCUGGCAGCUACAC                CG UUAGAAAC CU                 UGCGUUUGGUGAUUA
None      39 ..      49   CUGGCAGCUACACCG                  UUAGAAACCUU                  GCGUUUGGUGAUUAU
 7.7      37 ..      50   GUCUGGCAGCUACAC               C GUUAGAAACCUU G                CGUUUGGUGAUUAUG
 7.7      38 ..      51   UCUGGCAGCUACACC               G UUAGAAACCUUG C                GUUUGGUGAUUAUGG
 5.4      37 ..      52   GUCUGGCAGCUACAC              CG UUAGAAACCUUG CG               UUUGGUGAUUAUGGG
 8.9      36 ..      53   AGUCUGGCAGCUACA             CCG UUAGAAACCUUG CGU              UUGGUGAUUAUGGGC
 7.7      44 ..      54   AGCUACACCGUUAGA                 AAC CUUGC GUU                 UGGUGAUUAUGGGCA
None      45 ..      55   GCUACACCGUUAGAA                  ACCUUGCGUUU                  GGUGAUUAUGGGCAU
 4.7      46 ..      56   CUACACCGUUAGAAA                 C CUUGCGUUU G                 GUGAUUAUGGGCAUA
 1.4      46 ..      57   CUACACCGUUAGAAA                CC UUGCGUUU GG                 UGAUUAUGGGCAUAA
 4.9      45 ..      58   GCUACACCGUUAGAA               ACC UUGCGUUU GGU                GAUUAUGGGCAUAAC
 6.7      47 ..      59   UACACCGUUAGAAAC                C UUGCGUUUGGU G                AUUAUGGGCAUAACA
 6.2      50 ..      60   ACCGUUAGAAACCUU                 GC GUUUGGU GA                 UUAUGGGCAUAACAU
None      51 ..      61   CCGUUAGAAACCUUG                  CGUUUGGUGAU                  UAUGGGCAUAACAUU
None      52 ..      62   CGUUAGAAACCUUGC                  GUUUGGUGAUU                  AUGGGCAUAACAUUG
None      53 ..      63   GUUAGAAACCUUGCG                  UUUGGUGAUUA                  UGGGCAUAACAUUGG
None      54 ..      64   UUAGAAACCUUGCGU                  UUGGUGAUUAU                  GGGCAUAACAUUGGC
 8.7      51 ..      65   CCGUUAGAAACCUUG               C GUUUGGUGAUUAU G               GGCAUAACAUUGGCA
None      56 ..      66   AGAAACCUUGCGUUU                  GGUGAUUAUGG                  GCAUAACAUUGGCAA
None      57 ..      67   GAAACCUUGCGUUUG                  GUGAUUAUGGG                  CAUAACAUUGGCAAU
 5.7      57 ..      68   GAAACCUUGCGUUUG                G UGAUUAUGGG C                 AUAACAUUGGCAAUG
 7.2      58 ..      69   AAACCUUGCGUUUGG                UG AUUAUGGG CA                 UAACAUUGGCAAUGC
None      60 ..      70   ACCUUGCGUUUGGUG                  AUUAUGGGCAU                  AACAUUGGCAAUGCC
None      61 ..      71   CCUUGCGUUUGGUGA                  UUAUGGGCAUA                  ACAUUGGCAAUGCCC
None      62 ..      72   CUUGCGUUUGGUGAU                  UAUGGGCAUAA                  CAUUGGCAAUGCCCU
 8.7      59 ..      73   AACCUUGCGUUUGGU               G AUUAUGGGCAUAA C               AUUGGCAAUGCCCUU
 6.2      64 ..      74   UGCGUUUGGUGAUUA                 UG GGCAUAA CA                 UUGGCAAUGCCCUUU
 7.7      65 ..      75   GCGUUUGGUGAUUAU                 GGG CAUAA CAU                 UGGCAAUGCCCUUUU
None      66 ..      76   CGUUUGGUGAUUAUG                  GGCAUAACAUU                  GGCAAUGCCCUUUUC
None      67 ..      77   GUUUGGUGAUUAUGG                  GCAUAACAUUG                  GCAAUGCCCUUUUCU
 4.7      68 ..      78   UUUGGUGAUUAUGGG                 C AUAACAUUG G                 CAAUGCCCUUUUCUC
 2.4      67 ..      79   GUUUGGUGAUUAUGG                GC AUAACAUUG GC                AAUGCCCUUUUCUCA
 5.9      66 ..      80   CGUUUGGUGAUUAUG               GGC AUAACAUUG GCA               AUGCCCUUUUCUCAU
None      71 ..      81   GGUGAUUAUGGGCAU                  AACAUUGGCAA                  UGCCCUUUUCUCAUG
None      72 ..      82   GUGAUUAUGGGCAUA                  ACAUUGGCAAU                  GCCCUUUUCUCAUGC
 4.7      73 ..      83   UGAUUAUGGGCAUAA                 C AUUGGCAAU G                 CCCUUUUCUCAUGCU
 8.2      72 ..      84   GUGAUUAUGGGCAUA                AC AUUGGCAAU GC                CCUUUUCUCAUGCUU
 6.1      75 ..      85   AUUAUGGGCAUAACA                UUGGC AAU GCC--                CUUUUCUCAUGCUUG
-2.4      76 ..      86   UUAUGGGCAUAACAU                 UGGC AAU GCCC                 UUUUCUCAUGCUUGG
 1.1      75 ..      87   AUUAUGGGCAUAACA                UUGGC AAU GCCCU                UUUCUCAUGCUUGGU
 4.6      74 ..      88   GAUUAUGGGCAUAAC               AUUGGC AAU GCCCUU               UUCUCAUGCUUGGUU
 8.1      73 ..      89   UGAUUAUGGGCAUAA              CAUUGGC AAU GCCCUUU              UCUCAUGCUUGGUUG
None      80 ..      90   GGGCAUAACAUUGGC                  AAUGCCCUUUU                  CUCAUGCUUGGUUGC
 7.7      78 ..      91   AUGGGCAUAACAUUG               G CAAUGCCCUUUU C                UCAUGCUUGGUUGCU
 6.2      82 ..      92   GCAUAACAUUGGCAA                 UG CCCUUUU CU                 CAUGCUUGGUUGCUG
 4.7      83 ..      93   CAUAACAUUGGCAAU                 G CCCUUUUCU C                 AUGCUUGGUUGCUGU
 8.2      82 ..      94   GCAUAACAUUGGCAA                UG CCCUUUUCU CA                UGCUUGGUUGCUGUC
None      85 ..      95   UAACAUUGGCAAUGC                  CCUUUUCUCAU                  GCUUGGUUGCUGUCU
 4.7      86 ..      96   AACAUUGGCAAUGCC                 C UUUUCUCAU G                 CUUGGUUGCUGUCUG
 4.4      83 ..      97   CAUAACAUUGGCAAU               GC CCUUUUCUCAU GC               UUGGUUGCUGUCUGG
 7.9      82 ..      98   GCAUAACAUUGGCAA              UGC CCUUUUCUCAU GCU              UGGUUGCUGUCUGGU
None      89 ..      99   AUUGGCAAUGCCCUU                  UUCUCAUGCUU                  GGUUGCUGUCUGGUA
 8.7      86 ..     100   AACAUUGGCAAUGCC               C UUUUCUCAUGCUU G               GUUGCUGUCUGGUAU
 4.7      91 ..     101   UGGCAAUGCCCUUUU                 C UCAUGCUUG G                 UUGCUGUCUGGUAUU
 6.2      92 ..     102   GGCAAUGCCCUUUUC                 UC AUGCUUG GU                 UGCUGUCUGGUAUUA
None      93 ..     103   GCAAUGCCCUUUUCU                  CAUGCUUGGUU                  GCUGUCUGGUAUUAU
 5.7      93 ..     104   GCAAUGCCCUUUUCU                C AUGCUUGGUU G                 CUGUCUGGUAUUAUU
 5.4      95 ..     105   AAUGCCCUUUUCUCA                UGC UUGGUU GC-                 UGUCUGGUAUUAUUC
 2.9      95 ..     106   AAUGCCCUUUUCUCA                UGC UUGGUU GCU                 GUCUGGUAUUAUUCG
 4.7      97 ..     107   UGCCCUUUUCUCAUG                 C UUGGUUGCU G                 UCUGGUAUUAUUCGA
 8.2      96 ..     108   AUGCCCUUUUCUCAU                GC UUGGUUGCU GU                CUGGUAUUAUUCGAC
 7.7      96 ..     109   AUGCCCUUUUCUCAU               G CUUGGUUGCUGU C                UGGUAUUAUUCGACA
 6.2     100 ..     110   CCUUUUCUCAUGCUU                 GG UUGCUGU CU                 GGUAUUAUUCGACAG
 8.7      97 ..     111   UGCCCUUUUCUCAUG               C UUGGUUGCUGUCU G               GUAUUAUUCGACAGC
 8.4      97 ..     112   UGCCCUUUUCUCAUG              CUUG GUUGCUGU CUGG               UAUUAUUCGACAGCU
 7.7     103 ..     113   UUUCUCAUGCUUGGU                 UGC UGUCU GGU                 AUUAUUCGACAGCUU
 8.7     103 ..     114   UUUCUCAUGCUUGGU                UGC UGUCUG GUA                 UUAUUCGACAGCUUG
None     105 ..     115   UCUCAUGCUUGGUUG                  CUGUCUGGUAU                  UAUUCGACAGCUUGU
None     106 ..     116   CUCAUGCUUGGUUGC                  UGUCUGGUAUU                  AUUCGACAGCUUGUA
None     107 ..     117   UCAUGCUUGGUUGCU                  GUCUGGUAUUA                  UUCGACAGCUUGUAA
None     108 ..     118   CAUGCUUGGUUGCUG                  UCUGGUAUUAU                  UCGACAGCUUGUAAU
None     109 ..     119   AUGCUUGGUUGCUGU                  CUGGUAUUAUU                  CGACAGCUUGUAAUA
 7.7     107 ..     120   UCAUGCUUGGUUGCU               G UCUGGUAUUAUU C                GACAGCUUGUAAUAG
 6.2     111 ..     121   GCUUGGUUGCUGUCU                 GG UAUUAUU CG                 ACAGCUUGUAAUAGU
None     112 ..     122   CUUGGUUGCUGUCUG                  GUAUUAUUCGA                  CAGCUUGUAAUAGUA
 5.7     112 ..     123   CUUGGUUGCUGUCUG                G UAUUAUUCGA C                 AGCUUGUAAUAGUAU
None     114 ..     124   UGGUUGCUGUCUGGU                  AUUAUUCGACA                  GCUUGUAAUAGUAUC
 7.9     109 ..     125   AUGCUUGGUUGCUGU              CUG GUAUUAUUCGA CAG              CUUGUAAUAGUAUCC
 6.8     104 ..     126   UUCUCAUGCUUGGUU           GCUGUC UGGUAUUAUUC GACAGC           UUGUAAUAGUAUCCG
None     117 ..     127   UUGCUGUCUGGUAUU                  AUUCGACAGCU                  UGUAAUAGUAUCCGU
None     118 ..     128   UGCUGUCUGGUAUUA                  UUCGACAGCUU                  GUAAUAGUAUCCGUA
None     119 ..     129   GCUGUCUGGUAUUAU                  UCGACAGCUUG                  UAAUAGUAUCCGUAU
 7.2     119 ..     130   GCUGUCUGGUAUUAU                UC GACAGCUU GU                 AAUAGUAUCCGUAUA
 7.7     121 ..     131   UGUCUGGUAUUAUUC                 GAC AGCUU GUA                 AUAGUAUCCGUAUAU
None     122 ..     132   GUCUGGUAUUAUUCG                  ACAGCUUGUAA                  UAGUAUCCGUAUAUG
None     123 ..     133   UCUGGUAUUAUUCGA                  CAGCUUGUAAU                  AGUAUCCGUAUAUGC
None     124 ..     134   CUGGUAUUAUUCGAC                  AGCUUGUAAUA                  GUAUCCGUAUAUGCC
 6.7     123 ..     135   UCUGGUAUUAUUCGA                C AGCUUGUAAUA G                UAUCCGUAUAUGCCU
 7.2     125 ..     136   UGGUAUUAUUCGACA                GC UUGUAAUA GU                 AUCCGUAUAUGCCUA
None     127 ..     137   GUAUUAUUCGACAGC                  UUGUAAUAGUA                  UCCGUAUAUGCCUAC
None     128 ..     138   UAUUAUUCGACAGCU                  UGUAAUAGUAU                  CCGUAUAUGCCUACC
 4.7     129 ..     139   AUUAUUCGACAGCUU                 G UAAUAGUAU C                 CGUAUAUGCCUACCC
 5.7     129 ..     140   AUUAUUCGACAGCUU                G UAAUAGUAUC C                 GUAUAUGCCUACCCU
None     131 ..     141   UAUUCGACAGCUUGU                  AAUAGUAUCCG                  UAUAUGCCUACCCUA
None     132 ..     142   AUUCGACAGCUUGUA                  AUAGUAUCCGU                  AUAUGCCUACCCUAC
None     133 ..     143   UUCGACAGCUUGUAA                  UAGUAUCCGUA                  UAUGCCUACCCUACG
None     134 ..     144   UCGACAGCUUGUAAU                  AGUAUCCGUAU                  AUGCCUACCCUACGC
None     135 ..     145   CGACAGCUUGUAAUA                  GUAUCCGUAUA                  UGCCUACCCUACGCA
None     136 ..     146   GACAGCUUGUAAUAG                  UAUCCGUAUAU                  GCCUACCCUACGCAA
None     137 ..     147   ACAGCUUGUAAUAGU                  AUCCGUAUAUG                  CCUACCCUACGCAAC
 6.2     138 ..     148   CAGCUUGUAAUAGUA                 UC CGUAUAU GC                 CUACCCUACGCAACU
 8.7     135 ..     149   CGACAGCUUGUAAUA               G UAUCCGUAUAUGC C               UACCCUACGCAACUG
 6.2     140 ..     150   GCUUGUAAUAGUAUC                 CG UAUAUGC CU                 ACCCUACGCAACUGG
None     141 ..     151   CUUGUAAUAGUAUCC                  GUAUAUGCCUA                  CCCUACGCAACUGGG
 5.7     141 ..     152   CUUGUAAUAGUAUCC                G UAUAUGCCUA C                 CCUACGCAACUGGGC
 6.7     141 ..     153   CUUGUAAUAGUAUCC                G UAUAUGCCUAC C                CUACGCAACUGGGCG
 7.7     141 ..     154   CUUGUAAUAGUAUCC               G UAUAUGCCUACC C                UACGCAACUGGGCGU
 7.7     145 ..     155   UAAUAGUAUCCGUAU                 AUG CCUAC CCU                 ACGCAACUGGGCGUA
 8.7     145 ..     156   UAAUAGUAUCCGUAU                AUG CCUACC CUA                 CGCAACUGGGCGUAC
 4.7     147 ..     157   AUAGUAUCCGUAUAU                 G CCUACCCUA C                 GCAACUGGGCGUACU
 4.7     148 ..     158   UAGUAUCCGUAUAUG                 C CUACCCUAC G                 CAACUGGGCGUACUC
 2.4     147 ..     159   AUAGUAUCCGUAUAU                GC CUACCCUAC GC                AACUGGGCGUACUCC
 5.9     146 ..     160   AAUAGUAUCCGUAUA               UGC CUACCCUAC GCA               ACUGGGCGUACUCCU
None     151 ..     161   UAUCCGUAUAUGCCU                  ACCCUACGCAA                  CUGGGCGUACUCCUU
None     152 ..     162   AUCCGUAUAUGCCUA                  CCCUACGCAAC                  UGGGCGUACUCCUUG
None     153 ..     163   UCCGUAUAUGCCUAC                  CCUACGCAACU                  GGGCGUACUCCUUGC
 4.7     154 ..     164   CCGUAUAUGCCUACC                 C UACGCAACU G                 GGCGUACUCCUUGCA
 2.4     153 ..     165   UCCGUAUAUGCCUAC                CC UACGCAACU GG                GCGUACUCCUUGCAA
 0.1     152 ..     166   AUCCGUAUAUGCCUA               CCC UACGCAACU GGG               CGUACUCCUUGCAAU
 3.6     151 ..     167   UAUCCGUAUAUGCCU              ACCC UACGCAACU GGGC              GUACUCCUUGCAAUG
-2.9     157 ..     168   UAUAUGCCUACCCUA                CGC AACUGG GCG                 UACUCCUUGCAAUGG
 0.6     156 ..     169   GUAUAUGCCUACCCU               ACGC AACUGG GCGU                ACUCCUUGCAAUGGA
 4.1     155 ..     170   CGUAUAUGCCUACCC              UACGC AACUGG GCGUA               CUCCUUGCAAUGGAC
 7.6     154 ..     171   CCGUAUAUGCCUACC             CUACGC AACUGG GCGUAC              UCCUUGCAAUGGACU
None     162 ..     172   GCCUACCCUACGCAA                  CUGGGCGUACU                  CCUUGCAAUGGACUU
 6.9     163 ..     173   CCUACCCUACGCAAC                UGGG CGUA CUC-                 CUUGCAAUGGACUUU
 0.4     164 ..     174   CUACCCUACGCAACU                 GG GCGUACU CC                 UUGCAAUGGACUUUU
 2.9     164 ..     175   CUACCCUACGCAACU                GGG CGUACU CCU                 UGCAAUGGACUUUUU
 6.4     163 ..     176   CCUACCCUACGCAAC               UGGG CGUACU CCUU                GCAAUGGACUUUUUA
 4.1     162 ..     177   GCCUACCCUACGCAA              CUGGG CGUACU CCUUG               CAAUGGACUUUUUAC
 2.4     166 ..     178   ACCCUACGCAACUGG                GC GUACUCCUU GC                AAUGGACUUUUUACA
 5.9     165 ..     179   UACCCUACGCAACUG               GGC GUACUCCUU GCA               AUGGACUUUUUACAG
None     170 ..     180   UACGCAACUGGGCGU                  ACUCCUUGCAA                  UGGACUUUUUACAGU
None     171 ..     181   ACGCAACUGGGCGUA                  CUCCUUGCAAU                  GGACUUUUUACAGUU
 5.7     171 ..     182   ACGCAACUGGGCGUA                C UCCUUGCAAU G                 GACUUUUUACAGUUC
 0.4     173 ..     183   GCAACUGGGCGUACU                 CC UUGCAAU GG                 ACUUUUUACAGUUCC
 3.9     172 ..     184   CGCAACUGGGCGUAC                UCC UUGCAAU GGA                CUUUUUACAGUUCCU
 7.4     171 ..     185   ACGCAACUGGGCGUA               CUCC UUGCAAU GGAC               UUUUUACAGUUCCUA
 6.2     176 ..     186   ACUGGGCGUACUCCU                 UG CAAUGGA CU                 UUUUACAGUUCCUAC
None     177 ..     187   CUGGGCGUACUCCUU                  GCAAUGGACUU                  UUUACAGUUCCUACU
None     178 ..     188   UGGGCGUACUCCUUG                  CAAUGGACUUU                  UUACAGUUCCUACUU
None     179 ..     189   GGGCGUACUCCUUGC                  AAUGGACUUUU                  UACAGUUCCUACUUA
None     180 ..     190   GGCGUACUCCUUGCA                  AUGGACUUUUU                  ACAGUUCCUACUUAU
None     181 ..     191   GCGUACUCCUUGCAA                  UGGACUUUUUA                  CAGUUCCUACUUAUC
 4.7     182 ..     192   CGUACUCCUUGCAAU                 G GACUUUUUA C                 AGUUCCUACUUAUCC
 7.2     182 ..     193   CGUACUCCUUGCAAU                GG ACUUUUUA CA                 GUUCCUACUUAUCCG
None     184 ..     194   UACUCCUUGCAAUGG                  ACUUUUUACAG                  UUCCUACUUAUCCGG
 7.2     184 ..     195   UACUCCUUGCAAUGG                AC UUUUUACA GU                 UCCUACUUAUCCGGU
None     186 ..     196   CUCCUUGCAAUGGAC                  UUUUUACAGUU                  CCUACUUAUCCGGUU
 8.4     182 ..     197   CGUACUCCUUGCAAU              GGAC UUUUUACA GUUC               CUACUUAUCCGGUUU
 6.4     182 ..     198   CGUACUCCUUGCAAU              GG ACUUUUUACAGUU CC              UACUUAUCCGGUUUU
None     189 ..     199   CUUGCAAUGGACUUU                  UUACAGUUCCU                  ACUUAUCCGGUUUUA
None     190 ..     200   UUGCAAUGGACUUUU                  UACAGUUCCUA                  CUUAUCCGGUUUUAA
None     191 ..     201   UGCAAUGGACUUUUU                  ACAGUUCCUAC                  UUAUCCGGUUUUAAC
None     192 ..     202   GCAAUGGACUUUUUA                  CAGUUCCUACU                  UAUCCGGUUUUAACG
 8.7     192 ..     203   GCAAUGGACUUUUUA                CAG UUCCUA CUU                 AUCCGGUUUUAACGC
None     194 ..     204   AAUGGACUUUUUACA                  GUUCCUACUUA                  UCCGGUUUUAACGCU
None     195 ..     205   AUGGACUUUUUACAG                  UUCCUACUUAU                  CCGGUUUUAACGCUG
 6.7     194 ..     206   AAUGGACUUUUUACA                G UUCCUACUUAU C                CGGUUUUAACGCUGU
 7.7     194 ..     207   AAUGGACUUUUUACA               G UUCCUACUUAUC C                GGUUUUAACGCUGUU
 4.7     198 ..     208   GACUUUUUACAGUUC                 C UACUUAUCC G                 GUUUUAACGCUGUUU
 2.4     197 ..     209   GGACUUUUUACAGUU                CC UACUUAUCC GG                UUUUAACGCUGUUUU
 5.9     196 ..     210   UGGACUUUUUACAGU               UCC UACUUAUCC GGU               UUUAACGCUGUUUUA
None     201 ..     211   UUUUUACAGUUCCUA                  CUUAUCCGGUU                  UUAACGCUGUUUUAU
None     202 ..     212   UUUUACAGUUCCUAC                  UUAUCCGGUUU                  UAACGCUGUUUUAUU
None     203 ..     213   UUUACAGUUCCUACU                  UAUCCGGUUUU                  AACGCUGUUUUAUUG
None     204 ..     214   UUACAGUUCCUACUU                  AUCCGGUUUUA                  ACGCUGUUUUAUUGG
None     205 ..     215   UACAGUUCCUACUUA                  UCCGGUUUUAA                  CGCUGUUUUAUUGGC
None     206 ..     216   ACAGUUCCUACUUAU                  CCGGUUUUAAC                  GCUGUUUUAUUGGCG
 0.4     207 ..     217   CAGUUCCUACUUAUC                 CG GUUUUAA CG                 CUGUUUUAUUGGCGC
 3.9     206 ..     218   ACAGUUCCUACUUAU                CCG GUUUUAA CGC                UGUUUUAUUGGCGCA
 7.2     208 ..     219   AGUUCCUACUUAUCC                GG UUUUAACG CU                 GUUUUAUUGGCGCAA
 4.9     207 ..     220   CAGUUCCUACUUAUC               CGG UUUUAACG CUG                UUUUAUUGGCGCAAA
 8.4     206 ..     221   ACAGUUCCUACUUAU              CCGG UUUUAACG CUGU               UUUAUUGGCGCAAAG
None     212 ..     222   CCUACUUAUCCGGUU                  UUAACGCUGUU                  UUAUUGGCGCAAAGG
None     213 ..     223   CUACUUAUCCGGUUU                  UAACGCUGUUU                  UAUUGGCGCAAAGGU
None     214 ..     224   UACUUAUCCGGUUUU                  AACGCUGUUUU                  AUUGGCGCAAAGGUU
None     215 ..     225   ACUUAUCCGGUUUUA                  ACGCUGUUUUA                  UUGGCGCAAAGGUUU
None     216 ..     226   CUUAUCCGGUUUUAA                  CGCUGUUUUAU                  UGGCGCAAAGGUUUA
None     217 ..     227   UUAUCCGGUUUUAAC                  GCUGUUUUAUU                  GGCGCAAAGGUUUAC
 4.7     218 ..     228   UAUCCGGUUUUAACG                 C UGUUUUAUU G                 GCGCAAAGGUUUACG
 5.7     218 ..     229   UAUCCGGUUUUAACG                C UGUUUUAUUG G                 CGCAAAGGUUUACGG
 3.4     217 ..     230   UUAUCCGGUUUUAAC               GC UGUUUUAUUG GC                GCAAAGGUUUACGGA
 1.1     216 ..     231   CUUAUCCGGUUUUAA              CGC UGUUUUAUUG GCG               CAAAGGUUUACGGAU
 4.6     215 ..     232   ACUUAUCCGGUUUUA             ACGC UGUUUUAUUG GCGC              AAAGGUUUACGGAUA
 8.1     214 ..     233   UACUUAUCCGGUUUU            AACGC UGUUUUAUUG GCGCA             AAGGUUUACGGAUAA
None     224 ..     234   GUUUUAACGCUGUUU                  UAUUGGCGCAA                  AGGUUUACGGAUAAA
None     225 ..     235   UUUUAACGCUGUUUU                  AUUGGCGCAAA                  GGUUUACGGAUAAAC
None     226 ..     236   UUUAACGCUGUUUUA                  UUGGCGCAAAG                  GUUUACGGAUAAACA
None     227 ..     237   UUAACGCUGUUUUAU                  UGGCGCAAAGG                  UUUACGGAUAAACAA
 7.7     228 ..     238   UAACGCUGUUUUAUU                 GGC GCAAA GGU                 UUACGGAUAAACAAC
 8.7     228 ..     239   UAACGCUGUUUUAUU                GGC GCAAAG GUU                 UACGGAUAAACAACU
None     230 ..     240   ACGCUGUUUUAUUGG                  CGCAAAGGUUU                  ACGGAUAAACAACUA
None     231 ..     241   CGCUGUUUUAUUGGC                  GCAAAGGUUUA                  CGGAUAAACAACUAA
 5.7     231 ..     242   CGCUGUUUUAUUGGC                G CAAAGGUUUA C                 GGAUAAACAACUAAU
 3.4     230 ..     243   ACGCUGUUUUAUUGG               CG CAAAGGUUUA CG                GAUAAACAACUAAUA
 6.7     232 ..     244   GCUGUUUUAUUGGCG                C AAAGGUUUACG G                AUAAACAACUAAUAA
None     235 ..     245   GUUUUAUUGGCGCAA                  AGGUUUACGGA                  UAAACAACUAAUAAU
None     236 ..     246   UUUUAUUGGCGCAAA                  GGUUUACGGAU                  AAACAACUAAUAAUU
None     237 ..     247   UUUAUUGGCGCAAAG                  GUUUACGGAUA                  AACAACUAAUAAUUA
None     238 ..     248   UUAUUGGCGCAAAGG                  UUUACGGAUAA                  ACAACUAAUAAUUAA
None     239 ..     249   UAUUGGCGCAAAGGU                  UUACGGAUAAA                  CAACUAAUAAUUAAA
 7.7     237 ..     250   UUUAUUGGCGCAAAG               G UUUACGGAUAAA C                AACUAAUAAUUAAAC
None     241 ..     251   UUGGCGCAAAGGUUU                  ACGGAUAAACA                  ACUAAUAAUUAAACC
 7.7     242 ..     252   UGGCGCAAAGGUUUA                 CGG AUAAA CAA                 CUAAUAAUUAAACCU
 4.7     243 ..     253   GGCGCAAAGGUUUAC                 G GAUAAACAA C                 UAAUAAUUAAACCUU
 7.2     243 ..     254   GGCGCAAAGGUUUAC                GG AUAAACAA CU                 AAUAAUUAAACCUUU
None     245 ..     255   CGCAAAGGUUUACGG                  AUAAACAACUA                  AUAAUUAAACCUUUU
None     246 ..     256   GCAAAGGUUUACGGA                  UAAACAACUAA                  UAAUUAAACCUUUUG
None     247 ..     257   CAAAGGUUUACGGAU                  AAACAACUAAU                  AAUUAAACCUUUUGU
None     248 ..     258   AAAGGUUUACGGAUA                  AACAACUAAUA                  AUUAAACCUUUUGUG
None     249 ..     259   AAGGUUUACGGAUAA                  ACAACUAAUAA                  UUAAACCUUUUGUGU
None     250 ..     260   AGGUUUACGGAUAAA                  CAACUAAUAAU                  UAAACCUUUUGUGUG
None     251 ..     261   GGUUUACGGAUAAAC                  AACUAAUAAUU                  AAACCUUUUGUGUGC
None     252 ..     262   GUUUACGGAUAAACA                  ACUAAUAAUUA                  AACCUUUUGUGUGCG
None     253 ..     263   UUUACGGAUAAACAA                  CUAAUAAUUAA                  ACCUUUUGUGUGCGA
None     254 ..     264   UUACGGAUAAACAAC                  UAAUAAUUAAA                  CCUUUUGUGUGCGAA
None     255 ..     265   UACGGAUAAACAACU                  AAUAAUUAAAC                  CUUUUGUGUGCGAAA
None     256 ..     266   ACGGAUAAACAACUA                  AUAAUUAAACC                  UUUUGUGUGCGAAAC
None     257 ..     267   CGGAUAAACAACUAA                  UAAUUAAACCU                  UUUGUGUGCGAAACG
None     258 ..     268   GGAUAAACAACUAAU                  AAUUAAACCUU                  UUGUGUGCGAAACGU
None     259 ..     269   GAUAAACAACUAAUA                  AUUAAACCUUU                  UGUGUGCGAAACGUG
None     260 ..     270   AUAAACAACUAAUAA                  UUAAACCUUUU                  GUGUGCGAAACGUGG
None     261 ..     271   UAAACAACUAAUAAU                  UAAACCUUUUG                  UGUGCGAAACGUGGU
None     262 ..     272   AAACAACUAAUAAUU                  AAACCUUUUGU                  GUGCGAAACGUGGUU
 7.7     263 ..     273   AACAACUAAUAAUUA                 AAC CUUUU GUG                 UGCGAAACGUGGUUG
 6.2     264 ..     274   ACAACUAAUAAUUAA                 AC CUUUUGU GU                 GCGAAACGUGGUUGU
 4.7     265 ..     275   CAACUAAUAAUUAAA                 C CUUUUGUGU G                 CGAAACGUGGUUGUU
 7.2     265 ..     276   CAACUAAUAAUUAAA                CC UUUUGUGU GC                 GAAACGUGGUUGUUU
 5.7     266 ..     277   AACUAAUAAUUAAAC                C UUUUGUGUGC G                 AAACGUGGUUGUUUA
None     268 ..     278   CUAAUAAUUAAACCU                  UUUGUGUGCGA                  AACGUGGUUGUUUAA
None     269 ..     279   UAAUAAUUAAACCUU                  UUGUGUGCGAA                  ACGUGGUUGUUUAAC
None     270 ..     280   AAUAAUUAAACCUUU                  UGUGUGCGAAA                  CGUGGUUGUUUAACG
 4.7     271 ..     281   AUAAUUAAACCUUUU                 G UGUGCGAAA C                 GUGGUUGUUUAACGU
 6.2     272 ..     282   UAAUUAAACCUUUUG                 UG UGCGAAA CG                 UGGUUGUUUAACGUA
 7.7     273 ..     283   AAUUAAACCUUUUGU                 GUG CGAAA CGU                 GGUUGUUUAACGUAC
 3.4     274 ..     284   AUUAAACCUUUUGUG                 UGCG AAA CGUG                 GUUGUUUAACGUACU
 6.2     275 ..     285   UUAAACCUUUUGUGU                 GC GAAACGU GG                 UUGUUUAACGUACUC
 7.2     275 ..     286   UUAAACCUUUUGUGU                GC GAAACGUG GU                 UGUUUAACGUACUCU
None     277 ..     287   AAACCUUUUGUGUGC                  GAAACGUGGUU                  GUUUAACGUACUCUU
 6.7     276 ..     288   UAAACCUUUUGUGUG                C GAAACGUGGUU G                UUUAACGUACUCUUU
None     279 ..     289   ACCUUUUGUGUGCGA                  AACGUGGUUGU                  UUAACGUACUCUUUA
 8.7     279 ..     290   ACCUUUUGUGUGCGA                AAC GUGGUU GUU                 UAACGUACUCUUUAA
None     281 ..     291   CUUUUGUGUGCGAAA                  CGUGGUUGUUU                  AACGUACUCUUUAAU
None     282 ..     292   UUUUGUGUGCGAAAC                  GUGGUUGUUUA                  ACGUACUCUUUAAUC
None     283 ..     293   UUUGUGUGCGAAACG                  UGGUUGUUUAA                  CGUACUCUUUAAUCG
 4.7     284 ..     294   UUGUGUGCGAAACGU                 G GUUGUUUAA C                 GUACUCUUUAAUCGC
 4.4     281 ..     295   CUUUUGUGUGCGAAA               CG UGGUUGUUUAA CG               UACUCUUUAAUCGCU
 7.7     286 ..     296   GUGUGCGAAACGUGG                 UUG UUUAA CGU                 ACUCUUUAAUCGCUC
None     287 ..     297   UGUGCGAAACGUGGU                  UGUUUAACGUA                  CUCUUUAAUCGCUCC
 4.7     288 ..     298   GUGCGAAACGUGGUU                 G UUUAACGUA C                 UCUUUAAUCGCUCCG
 8.2     287 ..     299   UGUGCGAAACGUGGU                UG UUUAACGUA CU                CUUUAAUCGCUCCGA
 6.7     288 ..     300   GUGCGAAACGUGGUU                G UUUAACGUACU C                UUUAAUCGCUCCGAA
None     291 ..     301   CGAAACGUGGUUGUU                  UAACGUACUCU                  UUAAUCGCUCCGAAG
None     292 ..     302   GAAACGUGGUUGUUU                  AACGUACUCUU                  UAAUCGCUCCGAAGC
None     293 ..     303   AAACGUGGUUGUUUA                  ACGUACUCUUU                  AAUCGCUCCGAAGCG
None     294 ..     304   AACGUGGUUGUUUAA                  CGUACUCUUUA                  AUCGCUCCGAAGCGA
None     295 ..     305   ACGUGGUUGUUUAAC                  GUACUCUUUAA                  UCGCUCCGAAGCGAA
None     296 ..     306   CGUGGUUGUUUAACG                  UACUCUUUAAU                  CGCUCCGAAGCGAAC
 6.7     295 ..     307   ACGUGGUUGUUUAAC                G UACUCUUUAAU C                GCUCCGAAGCGAACA
 4.4     294 ..     308   AACGUGGUUGUUUAA               CG UACUCUUUAAU CG               CUCCGAAGCGAACAC
 6.2     299 ..     309   GGUUGUUUAACGUAC                 UC UUUAAUC GC                 UCCGAAGCGAACACA
None     300 ..     310   GUUGUUUAACGUACU                  CUUUAAUCGCU                  CCGAAGCGAACACAC
None     301 ..     311   UUGUUUAACGUACUC                  UUUAAUCGCUC                  CGAAGCGAACACACU
None     302 ..     312   UGUUUAACGUACUCU                  UUAAUCGCUCC                  GAAGCGAACACACUG
 7.7     300 ..     313   GUUGUUUAACGUACU               C UUUAAUCGCUCC G                AAGCGAACACACUGU
None     304 ..     314   UUUAACGUACUCUUU                  AAUCGCUCCGA                  AGCGAACACACUGUU
 3.4     305 ..     315   UUAACGUACUCUUUA                 AUCG CUC CGAA                 GCGAACACACUGUUU
 6.9     304 ..     316   UUUAACGUACUCUUU                AAUCG CUC CGAAG                CGAACACACUGUUUU
 5.4     307 ..     317   AACGUACUCUUUAAU                CGC UCCGAA GC-                 GAACACACUGUUUUG
-2.9     307 ..     318   AACGUACUCUUUAAU                CGC UCCGAA GCG                 AACACACUGUUUUGA
 0.6     306 ..     319   UAACGUACUCUUUAA               UCGC UCCGAA GCGA                ACACACUGUUUUGAU
 3.4     310 ..     320   GUACUCUUUAAUCGC                 UCCG AAG CGAA                 CACACUGUUUUGAUU
 6.4     308 ..     321   ACGUACUCUUUAAUC               GCUC CGAAGC GAAC                ACACUGUUUUGAUUU
 6.2     312 ..     322   ACUCUUUAAUCGCUC                 CG AAGCGAA CA                 CACUGUUUUGAUUUU
 4.7     313 ..     323   CUCUUUAAUCGCUCC                 G AAGCGAACA C                 ACUGUUUUGAUUUUA
 8.2     312 ..     324   ACUCUUUAAUCGCUC                CG AAGCGAACA CA                CUGUUUUGAUUUUAG
 6.7     313 ..     325   CUCUUUAAUCGCUCC                G AAGCGAACACA C                UGUUUUGAUUUUAGG
 4.4     315 ..     326   CUUUAAUCGCUCCGA                AGCG AACA CACU                 GUUUUGAUUUUAGGG
 4.7     317 ..     327   UUAAUCGCUCCGAAG                 C GAACACACU G                 UUUUGAUUUUAGGGC
 8.2     316 ..     328   UUUAAUCGCUCCGAA                GC GAACACACU GU                UUUGAUUUUAGGGCA
 7.7     319 ..     329   AAUCGCUCCGAAGCG                 AAC ACACU GUU                 UUGAUUUUAGGGCAA
None     320 ..     330   AUCGCUCCGAAGCGA                  ACACACUGUUU                  UGAUUUUAGGGCAAA
None     321 ..     331   UCGCUCCGAAGCGAA                  CACACUGUUUU                  GAUUUUAGGGCAAAA
 5.7     321 ..     332   UCGCUCCGAAGCGAA                C ACACUGUUUU G                 AUUUUAGGGCAAAAC
 7.2     322 ..     333   CGCUCCGAAGCGAAC                AC ACUGUUUU GA                 UUUUAGGGCAAAACU
 8.7     323 ..     334   GCUCCGAAGCGAACA                CAC UGUUUU GAU                 UUUAGGGCAAAACUA
None     325 ..     335   UCCGAAGCGAACACA                  CUGUUUUGAUU                  UUAGGGCAAAACUAU
None     326 ..     336   CCGAAGCGAACACAC                  UGUUUUGAUUU                  UAGGGCAAAACUAUC
None     327 ..     337   CGAAGCGAACACACU                  GUUUUGAUUUU                  AGGGCAAAACUAUCU
None     328 ..     338   GAAGCGAACACACUG                  UUUUGAUUUUA                  GGGCAAAACUAUCUU
 8.7     325 ..     339   UCCGAAGCGAACACA               C UGUUUUGAUUUUA G               GGCAAAACUAUCUUU
None     330 ..     340   AGCGAACACACUGUU                  UUGAUUUUAGG                  GCAAAACUAUCUUUC
None     331 ..     341   GCGAACACACUGUUU                  UGAUUUUAGGG                  CAAAACUAUCUUUCG
 4.7     332 ..     342   CGAACACACUGUUUU                 G AUUUUAGGG C                 AAAACUAUCUUUCGA
 8.2     331 ..     343   GCGAACACACUGUUU                UG AUUUUAGGG CA                AAACUAUCUUUCGAU
None     334 ..     344   AACACACUGUUUUGA                  UUUUAGGGCAA                  AACUAUCUUUCGAUU
None     335 ..     345   ACACACUGUUUUGAU                  UUUAGGGCAAA                  ACUAUCUUUCGAUUA
None     336 ..     346   CACACUGUUUUGAUU                  UUAGGGCAAAA                  CUAUCUUUCGAUUAA
None     337 ..     347   ACACUGUUUUGAUUU                  UAGGGCAAAAC                  UAUCUUUCGAUUAAA
 6.2     338 ..     348   CACUGUUUUGAUUUU                 AG GGCAAAA CU                 AUCUUUCGAUUAAAA
 7.7     339 ..     349   ACUGUUUUGAUUUUA                 GGG CAAAA CUA                 UCUUUCGAUUAAAAA
None     340 ..     350   CUGUUUUGAUUUUAG                  GGCAAAACUAU                  CUUUCGAUUAAAAAA
 4.7     341 ..     351   UGUUUUGAUUUUAGG                 G CAAAACUAU C                 UUUCGAUUAAAAAAC
 8.2     340 ..     352   CUGUUUUGAUUUUAG                GG CAAAACUAU CU                UUCGAUUAAAAAACC
None     343 ..     353   UUUUGAUUUUAGGGC                  AAAACUAUCUU                  UCGAUUAAAAAACCU
None     344 ..     354   UUUGAUUUUAGGGCA                  AAACUAUCUUU                  CGAUUAAAAAACCUU
 8.7     341 ..     355   UGUUUUGAUUUUAGG               G CAAAACUAUCUUU C               GAUUAAAAAACCUUU
 8.7     342 ..     356   GUUUUGAUUUUAGGG               C AAAACUAUCUUUC G               AUUAAAAAACCUUUU
 7.2     346 ..     357   UGAUUUUAGGGCAAA                AC UAUCUUUC GA                 UUAAAAAACCUUUUU
None     348 ..     358   AUUUUAGGGCAAAAC                  UAUCUUUCGAU                  UAAAAAACCUUUUUG
None     349 ..     359   UUUUAGGGCAAAACU                  AUCUUUCGAUU                  AAAAAACCUUUUUGU
None     350 ..     360   UUUAGGGCAAAACUA                  UCUUUCGAUUA                  AAAAACCUUUUUGUU
None     351 ..     361   UUAGGGCAAAACUAU                  CUUUCGAUUAA                  AAAACCUUUUUGUUU
None     352 ..     362   UAGGGCAAAACUAUC                  UUUCGAUUAAA                  AAACCUUUUUGUUUx
None     353 ..     363   AGGGCAAAACUAUCU                  UUCGAUUAAAA                  AACCUUUUUGUUUxx
None     354 ..     364   GGGCAAAACUAUCUU                  UCGAUUAAAAA                  ACCUUUUUGUUUxxx
None     355 ..     365   GGCAAAACUAUCUUU                  CGAUUAAAAAA                  CCUUUUUGUUUxxxx
 4.7     356 ..     366   GCAAAACUAUCUUUC                 G AUUAAAAAA C                 CUUUUUGUUUxxxxx
 5.7     356 ..     367   GCAAAACUAUCUUUC                G AUUAAAAAAC C                 UUUUUGUUUxxxxxx
None     358 ..     368   AAAACUAUCUUUCGA                  UUAAAAAACCU                  UUUUGUUUxxxxxxx
None     359 ..     369   AAACUAUCUUUCGAU                  UAAAAAACCUU                  UUUGUUUxxxxxxxx
None     360 ..     370   AACUAUCUUUCGAUU                  AAAAAACCUUU                  UUGUUUxxxxxxxxx
None     361 ..     371   ACUAUCUUUCGAUUA                  AAAAACCUUUU                  UGUUUxxxxxxxxxx
None     362 ..     372   CUAUCUUUCGAUUAA                  AAAACCUUUUU                  GUUUxxxxxxxxxxx
None     363 ..     373   UAUCUUUCGAUUAAA                  AAACCUUUUUG                  UUUxxxxxxxxxxxx
None     364 ..     374   AUCUUUCGAUUAAAA                  AACCUUUUUGU                  UUxxxxxxxxxxxxx
 7.7     365 ..     375   UCUUUCGAUUAAAAA                 ACC UUUUU GUU                 Uxxxxxxxxxxxxxx
