>URS0000D693BD ncRNA from 1 species FORWARD
 7.7       1 ..      11   xxxxxxxxxxxxxxx                 GUG GUGCG CGG                 AGAGGGUAACCACCG
None       2 ..      12   xxxxxxxxxxxxxxG                  UGGUGCGCGGA                  GAGGGUAACCACCGG
None       3 ..      13   xxxxxxxxxxxxxGU                  GGUGCGCGGAG                  AGGGUAACCACCGGC
None       4 ..      14   xxxxxxxxxxxxGUG                  GUGCGCGGAGA                  GGGUAACCACCGGCG
 7.7       5 ..      15   xxxxxxxxxxxGUGG                 UGC GCGGA GAG                 GGUAACCACCGGCGC
 3.4       6 ..      16   xxxxxxxxxxGUGGU                 GCGC GGA GAGG                 GUAACCACCGGCGCG
 1.9       7 ..      17   xxxxxxxxxGUGGUG                 CGC GGAGA GGG                 UAACCACCGGCGCGC
 5.4       6 ..      18   xxxxxxxxxxGUGGU                GCGC GGAGA GGGU                AACCACCGGCGCGCG
 8.9       5 ..      19   xxxxxxxxxxxGUGG               UGCGC GGAGA GGGUA               ACCACCGGCGCGCGU
None      10 ..      20   xxxxxxGUGGUGCGC                  GGAGAGGGUAA                  CCACCGGCGCGCGUC
 4.7      11 ..      21   xxxxxGUGGUGCGCG                 G AGAGGGUAA C                 CACCGGCGCGCGUCA
 2.4      10 ..      22   xxxxxxGUGGUGCGC                GG AGAGGGUAA CC                ACCGGCGCGCGUCAC
 5.9       9 ..      23   xxxxxxxGUGGUGCG               CGG AGAGGGUAA CCA               CCGGCGCGCGUCACU
-1.4      13 ..      24   xxxGUGGUGCGCGGA                GAGG GUAA CCAC                 CGGCGCGCGUCACUG
 0.4      15 ..      25   xGUGGUGCGCGGAGA                 GG GUAACCA CC                 GGCGCGCGUCACUGA
 0.3       9 ..      26   xxxxxxxGUGGUGCG             CGGAG AGGGUAAC CACCG              GCGCGCGUCACUGAU
 3.5       9 ..      27   xxxxxxxGUGGUGCG            CGGAGAGG GUAA CCAC-CGG             CGCGCGUCACUGAUA
 1.2       8 ..      28   xxxxxxxxGUGGUGC           GCGGAGAGG GUAA CCAC-CGGC            GCGCGUCACUGAUAU
-1.1       7 ..      29   xxxxxxxxxGUGGUG          CGCGGAGAGG GUAA CCAC-CGGCG           CGCGUCACUGAUAUA
-3.4       6 ..      30   xxxxxxxxxxGUGGU         GCGCGGAGAGG GUAA CCAC-CGGCGC          GCGUCACUGAUAUAU
-1.1       7 ..      31   xxxxxxxxxGUGGUG          CGCGGAGAGGG UAA CCACCGGCGCG          CGUCACUGAUAUAUC
-3.4       6 ..      32   xxxxxxxxxxGUGGU         GCGCGGAGAGGG UAA CCACCGGCGCGC         GUCACUGAUAUAUCC
 0.1       5 ..      33   xxxxxxxxxxxGUGG        UGCGCGGAGAGGG UAA CCACCGGCGCGCG        UCACUGAUAUAUCCA
 1.9      24 ..      34   CGGAGAGGGUAACCA                 CCG GCGCG CGU                 CACUGAUAUAUCCAC
 1.3       3 ..      35   xxxxxxxxxxxxxGU      GGUGCGCGGAGAGGG UAA CCACCGGCGCGCGUC      ACUGAUAUAUCCACC
 4.4      25 ..      36   GGAGAGGGUAACCAC                CGGC GCGC GUCA                 CUGAUAUAUCCACCG
 1.9      27 ..      37   AGAGGGUAACCACCG                 GCG CGCGU CAC                 UGAUAUAUCCACCGG
 3.4      28 ..      38   GAGGGUAACCACCGG                 CGCG CGU CACU                 GAUAUAUCCACCGGG
 3.1      25 ..      39   GGAGAGGGUAACCAC               CGGCG CGCGU CACUG               AUAUAUCCACCGGGG
 6.6      24 ..      40   CGGAGAGGGUAACCA              CCGGCG CGCGU CACUGA              UAUAUCCACCGGGGG
 8.7      30 ..      41   GGGUAACCACCGGCG                CGC GUCACU GAU                 AUAUCCACCGGGGGG
None      32 ..      42   GUAACCACCGGCGCG                  CGUCACUGAUA                  UAUCCACCGGGGGGU
None      33 ..      43   UAACCACCGGCGCGC                  GUCACUGAUAU                  AUCCACCGGGGGGUA
None      34 ..      44   AACCACCGGCGCGCG                  UCACUGAUAUA                  UCCACCGGGGGGUAA
None      35 ..      45   ACCACCGGCGCGCGU                  CACUGAUAUAU                  CCACCGGGGGGUAAG
 7.7      33 ..      46   UAACCACCGGCGCGC               G UCACUGAUAUAU C                CACCGGGGGGUAAGG
 8.7      33 ..      47   UAACCACCGGCGCGC               G UCACUGAUAUAUC C               ACCGGGGGGUAAGGG
 6.2      38 ..      48   ACCGGCGCGCGUCAC                 UG AUAUAUC CA                 CCGGGGGGUAAGGGG
 4.7      39 ..      49   CCGGCGCGCGUCACU                 G AUAUAUCCA C                 CGGGGGGUAAGGGGA
 5.7      39 ..      50   CCGGCGCGCGUCACU                G AUAUAUCCAC C                 GGGGGGUAAGGGGAG
 5.9      37 ..      51   CACCGGCGCGCGUCA               CUG AUAUAUCCA CCG               GGGGGUAAGGGGAGA
 6.9      37 ..      52   CACCGGCGCGCGUCA              CUG AUAUAUCCAC CGG               GGGGUAAGGGGAGAA
 7.1      35 ..      53   ACCACCGGCGCGCGU             CACUG AUAUAUCCA CCGGG             GGGUAAGGGGAGAAA
 3.4      44 ..      54   GCGCGUCACUGAUAU                 AUCC ACC GGGG                 GGUAAGGGGAGAAAA
 1.9      45 ..      55   CGCGUCACUGAUAUA                 UCC ACCGG GGG                 GUAAGGGGAGAAAAG
-2.4      46 ..      56   GCGUCACUGAUAUAU                 CCAC CGG GGGG                 UAAGGGGAGAAAAGG
 1.1      45 ..      57   CGCGUCACUGAUAUA                UCCAC CGG GGGGU                AAGGGGAGAAAAGGA
 4.4      47 ..      58   CGUCACUGAUAUAUC                CACC GGGG GGUA                 AGGGGAGAAAAGGAU
 7.9      46 ..      59   GCGUCACUGAUAUAU               CCACC GGGG GGUAA                GGGGAGAAAAGGAUA
 4.7      50 ..      60   CACUGAUAUAUCCAC                 C GGGGGGUAA G                 GGGAGAAAAGGAUAC
 2.4      49 ..      61   UCACUGAUAUAUCCA                CC GGGGGGUAA GG                GGAGAAAAGGAUACA
 3.4      49 ..      62   UCACUGAUAUAUCCA               CC GGGGGGUAAG GG                GAGAAAAGGAUACAG
 3.6      47 ..      63   CGUCACUGAUAUAUC              CACC GGGGGGUAA GGGG              AGAAAAGGAUACAGC
 7.1      46 ..      64   GCGUCACUGAUAUAU             CCACC GGGGGGUAA GGGGA             GAAAAGGAUACAGCG
 5.6      47 ..      65   CGUCACUGAUAUAUC             CACC GGGGGGUAAGG GGAG             AAAAGGAUACAGCGC
None      56 ..      66   UAUAUCCACCGGGGG                  GUAAGGGGAGA                  AAAGGAUACAGCGCG
None      57 ..      67   AUAUCCACCGGGGGG                  UAAGGGGAGAA                  AAGGAUACAGCGCGA
None      58 ..      68   UAUCCACCGGGGGGU                  AAGGGGAGAAA                  AGGAUACAGCGCGAC
None      59 ..      69   AUCCACCGGGGGGUA                  AGGGGAGAAAA                  GGAUACAGCGCGACG
None      60 ..      70   UCCACCGGGGGGUAA                  GGGGAGAAAAG                  GAUACAGCGCGACGA
None      61 ..      71   CCACCGGGGGGUAAG                  GGGAGAAAAGG                  AUACAGCGCGACGAA
None      62 ..      72   CACCGGGGGGUAAGG                  GGAGAAAAGGA                  UACAGCGCGACGAAG
None      63 ..      73   ACCGGGGGGUAAGGG                  GAGAAAAGGAU                  ACAGCGCGACGAAGU
None      64 ..      74   CCGGGGGGUAAGGGG                  AGAAAAGGAUA                  CAGCGCGACGAAGUU
 4.7      65 ..      75   CGGGGGGUAAGGGGA                 G AAAAGGAUA C                 AGCGCGACGAAGUUA
 8.2      64 ..      76   CCGGGGGGUAAGGGG                AG AAAAGGAUA CA                GCGCGACGAAGUUAG
None      67 ..      77   GGGGGUAAGGGGAGA                  AAAGGAUACAG                  CGCGACGAAGUUAGC
 7.7      65 ..      78   CGGGGGGUAAGGGGA               G AAAAGGAUACAG C                GCGACGAAGUUAGCA
 6.2      69 ..      79   GGGUAAGGGGAGAAA                 AG GAUACAG CG                 CGACGAAGUUAGCAC
 4.7      70 ..      80   GGUAAGGGGAGAAAA                 G GAUACAGCG C                 GACGAAGUUAGCACG
 7.2      70 ..      81   GGUAAGGGGAGAAAA                GG AUACAGCG CG                 ACGAAGUUAGCACGC
None      72 ..      82   UAAGGGGAGAAAAGG                  AUACAGCGCGA                  CGAAGUUAGCACGCU
 6.7      71 ..      83   GUAAGGGGAGAAAAG                G AUACAGCGCGA C                GAAGUUAGCACGCUG
None      74 ..      84   AGGGGAGAAAAGGAU                  ACAGCGCGACG                  AAGUUAGCACGCUGC
 7.2      74 ..      85   AGGGGAGAAAAGGAU                AC AGCGCGAC GA                 AGUUAGCACGCUGCC
 3.4      76 ..      86   GGGAGAAAAGGAUAC                 AGCG CGA CGAA                 GUUAGCACGCUGCCC
 1.1      75 ..      87   GGGGAGAAAAGGAUA                CAGCG CGA CGAAG                UUAGCACGCUGCCCC
 4.6      74 ..      88   AGGGGAGAAAAGGAU               ACAGCG CGA CGAAGU               UAGCACGCUGCCCCG
 8.1      73 ..      89   AAGGGGAGAAAAGGA              UACAGCG CGA CGAAGUU              AGCACGCUGCCCCGU
None      80 ..      90   GAAAAGGAUACAGCG                  CGACGAAGUUA                  GCACGCUGCCCCGUA
 5.7      80 ..      91   GAAAAGGAUACAGCG                C GACGAAGUUA G                 CACGCUGCCCCGUAA
 3.4      79 ..      92   AGAAAAGGAUACAGC               GC GACGAAGUUA GC                ACGCUGCCCCGUAAG
 6.2      83 ..      93   AAGGAUACAGCGCGA                 CG AAGUUAG CA                 CGCUGCCCCGUAAGG
 4.6      77 ..      94   GGAGAAAAGGAUACA             GCGC GACGAAGUUA GCAC              GCUGCCCCGUAAGGC
 2.4      83 ..      95   AAGGAUACAGCGCGA                CG AAGUUAGCA CG                CUGCCCCGUAAGGCU
 2.3      77 ..      96   GGAGAAAAGGAUACA            GCGCG ACGAAGUUAG CACGC             UGCCCCGUAAGGCUG
 5.8      76 ..      97   GGGAGAAAAGGAUAC           AGCGCG ACGAAGUUAG CACGCU            GCCCCGUAAGGCUGA
 3.5      75 ..      98   GGGGAGAAAAGGAUA          CAGCGCG ACGAAGUUAG CACGCUG           CCCCGUAAGGCUGAC
 4.5      77 ..      99   GGAGAAAAGGAUACA          GC-GCG ACGAAGUUAGCA CGCUGC           CCCGUAAGGCUGACG
 1.9      90 ..     100   CAGCGCGACGAAGUU                 AGC ACGCU GCC                 CCGUAAGGCUGACGU
 3.4      91 ..     101   AGCGCGACGAAGUUA                 GCAC GCU GCCC                 CGUAAGGCUGACGUA
 5.7      91 ..     102   AGCGCGACGAAGUUA                G CACGCUGCCC C                 GUAAGGCUGACGUAA
 4.4      92 ..     103   GCGCGACGAAGUUAG                CACG CUGC CCCG                 UAAGGCUGACGUAAx
 2.9      93 ..     104   CGCGACGAAGUUAGC                ACG CUGCCC CGU                 AAGGCUGACGUAAxx
 6.4      92 ..     105   GCGCGACGAAGUUAG               CACG CUGCCC CGUA                AGGCUGACGUAAxxx
None      96 ..     106   GACGAAGUUAGCACG                  CUGCCCCGUAA                  GGCUGACGUAAxxxx
 5.7      96 ..     107   GACGAAGUUAGCACG                C UGCCCCGUAA G                 GCUGACGUAAxxxxx
 5.4      98 ..     108   CGAAGUUAGCACGCU                GCC CCGUAA GG-                 CUGACGUAAxxxxxx
-2.9      98 ..     109   CGAAGUUAGCACGCU                GCC CCGUAA GGC                 UGACGUAAxxxxxxx
 0.6      97 ..     110   ACGAAGUUAGCACGC               UGCC CCGUAA GGCU                GACGUAAxxxxxxxx
-1.7      96 ..     111   GACGAAGUUAGCACG              CUGCC CCGUAA GGCUG               ACGUAAxxxxxxxxx
 1.8      95 ..     112   CGACGAAGUUAGCAC             GCUGCC CCGUAA GGCUGA              CGUAAxxxxxxxxxx
   2      95 ..     113   CGACGAAGUUAGCAC            G-CUGCC CCGUAA GGCUGAC             GUAAxxxxxxxxxxx
-0.3      94 ..     114   GCGACGAAGUUAGCA           CG-CUGCC CCGUAA GGCUGACG            UAAxxxxxxxxxxxx
 3.2      93 ..     115   CGCGACGAAGUUAGC          ACG-CUGCC CCGUAA GGCUGACGU           AAxxxxxxxxxxxxx
 6.7      92 ..     116   GCGCGACGAAGUUAG         CACG-CUGCC CCGUAA GGCUGACGUA          Axxxxxxxxxxxxxx
