>CP000440.1:3546030-3546096 Burkholderia ambifaria AMMD chromosome 1, complete sequence FORWARD
 1.8       1 ..      11   xxxxxxxxxxxxxxx                 TG TCTCCTC CA                 TGTCTCCTCCTGATA
 5.4       2 ..      12   xxxxxxxxxxxxxxT                 GT CTCCTCC AT                 GTCTCCTCCTGATAT
 6.7       1 ..      13   xxxxxxxxxxxxxxx                TGT CTCCTCC ATG                TCTCCTCCTGATATG
 7.2       3 ..      14   xxxxxxxxxxxxxTG                TC TCCTCCAT GT                 CTCCTCCTGATATGG
 4.9       2 ..      15   xxxxxxxxxxxxxxT               GTC TCCTCCAT GTC                TCCTCCTGATATGGA
 8.4       1 ..      16   xxxxxxxxxxxxxxx              TGTC TCCTCCAT GTCT               CCTCCTGATATGGAT
None       7 ..      17   xxxxxxxxxTGTCTC                  CTCCATGTCTC                  CTCCTGATATGGATT
None       8 ..      18   xxxxxxxxTGTCTCC                  TCCATGTCTCC                  TCCTGATATGGATTA
None       9 ..      19   xxxxxxxTGTCTCCT                  CCATGTCTCCT                  CCTGATATGGATTAA
 4.8      10 ..      20   xxxxxxTGTCTCCTC                 CATG TCT CCTC                 CTGATATGGATTAAG
 8.3       9 ..      21   xxxxxxxTGTCTCCT                CCATG TCT CCTCC                TGATATGGATTAAGC
 4.3      11 ..      22   xxxxxTGTCTCCTCC                ATG TCTCCT CCT                 GATATGGATTAAGCC
   2      10 ..      23   xxxxxxTGTCTCCTC               CATG TCTCCT CCTG                ATATGGATTAAGCCC
 1.8      14 ..      24   xxTGTCTCCTCCATG                 TC TCCTCCT GA                 TATGGATTAAGCCCG
 3.1      13 ..      25   xxxTGTCTCCTCCAT                GTC TCCTCCT GAT                ATGGATTAAGCCCGT
 2.2      12 ..      26   xxxxTGTCTCCTCCA               TGTC TCCTCCT GATA               TGGATTAAGCCCGTT
 1.3      11 ..      27   xxxxxTGTCTCCTCC              ATGTC TCCTCCT GATAT              GGATTAAGCCCGTTC
  -1      10 ..      28   xxxxxxTGTCTCCTC             CATGTC TCCTCCT GATATG             GATTAAGCCCGTTCC
-3.3       9 ..      29   xxxxxxxTGTCTCCT            CCATGTC TCCTCCT GATATGG            ATTAAGCCCGTTCCG
-4.2       8 ..      30   xxxxxxxxTGTCTCC           TCCATGTC TCCTCCT GATATGGA           TTAAGCCCGTTCCGC
-0.7       7 ..      31   xxxxxxxxxTGTCTC          CTCCATGTC TCCTCCT GATATGGAT          TAAGCCCGTTCCGCT
 2.8       6 ..      32   xxxxxxxxxxTGTCT         CCTCCATGTC TCCTCCT GATATGGATT         AAGCCCGTTCCGCTC
 0.6      22 ..      33   CTCCATGTCTCCTCC                TGAT ATGG ATTA                 AGCCCGTTCCGCTCT
 4.1      21 ..      34   CCTCCATGTCTCCTC               CTGAT ATGG ATTAA                GCCCGTTCCGCTCTG
 1.8      20 ..      35   TCCTCCATGTCTCCT              CCTGAT ATGG ATTAAG               CCCGTTCCGCTCTGC
 4.4       2 ..      36   xxxxxxxxxxxxxxT     GTCTCCTCCATGTC TCCTCCT GATATGGATTAAGC     CCGTTCCGCTCTGCG
 5.4      27 ..      37   TGTCTCCTCCTGATA                TGG ATTAAG CC-                 CGTTCCGCTCTGCGT
 0.4      28 ..      38   GTCTCCTCCTGATAT                 GG ATTAAGC CC                 GTTCCGCTCTGCGTG
 1.7      27 ..      39   TGTCTCCTCCTGATA                TGG ATTAAGC CCG                TTCCGCTCTGCGTGA
 0.8      26 ..      40   ATGTCTCCTCCTGAT               ATGG ATTAAGC CCGT               TCCGCTCTGCGTGAA
 4.3      25 ..      41   CATGTCTCCTCCTGA              TATGG ATTAAGC CCGTT              CCGCTCTGCGTGAAC
 3.6      23 ..      42   TCCATGTCTCCTCCT            GATATGG ATTAAGC CCGT-TC            CGCTCTGCGTGAACG
 2.5      28 ..      43   GTCTCCTCCTGATAT              GGA TTAAGCCCGT TCC               GCTCTGCGTGAACGG
 3.8      27 ..      44   TGTCTCCTCCTGATA             TGGA TTAAGCCCGT TCCG              CTCTGCGTGAACGGG
 0.4      35 ..      45   CCTGATATGGATTAA                 GC CCGTTCC GC                 TCTGCGTGAACGGGC
-0.5      34 ..      46   TCCTGATATGGATTA                AGC CCGTTCC GCT                CTGCGTGAACGGGCT
 1.1      35 ..      47   CCTGATATGGATTAA                GCCCG TTC CGCTC                TGCGTGAACGGGCTT
 0.2      34 ..      48   TCCTGATATGGATTA               AGCCCG TTC CGCTCT               GCGTGAACGGGCTTT
 3.7      33 ..      49   CTCCTGATATGGATT              AAGCCCG TTC CGCTCTG              CGTGAACGGGCTTTT
   5      39 ..      50   ATATGGATTAAGCCC                GT TCCGCTCT GC                 GTGAACGGGCTTTTT
 2.7      38 ..      51   GATATGGATTAAGCC               CGT TCCGCTCT GCG                TGAACGGGCTTTTTT
-2.4      42 ..      52   TGGATTAAGCCCGTT                 CCGC TCT GCGT                 GAACGGGCTTTTTTT
-2.2      42 ..      53   TGGATTAAGCCCGTT                C-CGC TCT GCGTG                AACGGGCTTTTTTTx
-3.1      41 ..      54   ATGGATTAAGCCCGT               TC-CGC TCT GCGTGA               ACGGGCTTTTTTTxx
  -4      40 ..      55   TATGGATTAAGCCCG              TTC-CGC TCT GCGTGAA              CGGGCTTTTTTTxxx
-6.3      39 ..      56   ATATGGATTAAGCCC             GTTC-CGC TCT GCGTGAAC             GGGCTTTTTTTxxxx
-8.6      38 ..      57   GATATGGATTAAGCC            CGTTC-CGC TCT GCGTGAACG            GGCTTTTTTTxxxxx
-10.9      37 ..      58   TGATATGGATTAAGC           CCGTTC-CGC TCT GCGTGAACGG           GCTTTTTTTxxxxxx
-13.2      36 ..      59   CTGATATGGATTAAG          CCCGTTC-CGC TCT GCGTGAACGGG          CTTTTTTTxxxxxxx
-15.5      35 ..      60   CCTGATATGGATTAA         GCCCGTTC-CGC TCT GCGTGAACGGGC         TTTTTTTxxxxxxxx
-16.4      34 ..      61   TCCTGATATGGATTA        AGCCCGTTC-CGC TCT GCGTGAACGGGCT        TTTTTTxxxxxxxxx
-17.3      33 ..      62   CTCCTGATATGGATT       AAGCCCGTTC-CGC TCT GCGTGAACGGGCTT       TTTTTxxxxxxxxxx
-13.8      32 ..      63   CCTCCTGATATGGAT      TAAGCCCGTTC-CGC TCT GCGTGAACGGGCTTT      TTTTxxxxxxxxxxx
-10.3      31 ..      64   TCCTCCTGATATGGA     TTAAGCCCGTTC-CGC TCT GCGTGAACGGGCTTTT     TTTxxxxxxxxxxxx
-11.2      30 ..      65   CTCCTCCTGATATGG    ATTAAGCCCGTTC-CGC TCT GCGTGAACGGGCTTTTT    TTxxxxxxxxxxxxx
-9.9      29 ..      66   TCTCCTCCTGATATG   GATTAAGCCCGTTC-CGC TCT GCGTGAACGGGCTTTTTT   Txxxxxxxxxxxxxx
