>U88237.1:1-43 Dengue virus type 2 polyprotein gene, partial cds FORWARD
 6.8       1 ..      11   xxxxxxxxxxxxxxx                ATG AATAAC CA-                 ACGAAAAAAGGCGAG
 4.3       1 ..      12   xxxxxxxxxxxxxxx                ATG AATAAC CAA                 CGAAAAAAGGCGAGA
 4.7       3 ..      13   xxxxxxxxxxxxxAT                 G AATAACCAA C                 GAAAAAAGGCGAGAA
   6       2 ..      14   xxxxxxxxxxxxxxA                TG AATAACCAA CG                AAAAAAGGCGAGAAG
None       5 ..      15   xxxxxxxxxxxATGA                  ATAACCAACGA                  AAAAAGGCGAGAAGT
 6.1       6 ..      16   xxxxxxxxxxATGAA                 T AACCAACGA A                 AAAAGGCGAGAAGTA
 5.8       6 ..      17   xxxxxxxxxxATGAA                TAAC CAAC GAAA                 AAAGGCGAGAAGTAC
 8.1       6 ..      18   xxxxxxxxxxATGAA                T AACCAACGAAA A                AAGGCGAGAAGTACG
None       9 ..      19   xxxxxxxATGAATAA                  CCAACGAAAAA                  AGGCGAGAAGTACGC
None      10 ..      20   xxxxxxATGAATAAC                  CAACGAAAAAA                  GGCGAGAAGTACGCC
 5.7      10 ..      21   xxxxxxATGAATAAC                C AACGAAAAAA G                 GCGAGAAGTACGCCT
 3.4       9 ..      22   xxxxxxxATGAATAA               CC AACGAAAAAA GG                CGAGAAGTACGCCTT
 6.9       8 ..      23   xxxxxxxxATGAATA              ACC AACGAAAAAA GGC               GAGAAGTACGCCTTT
 1.4      13 ..      24   xxxATGAATAACCAA                CG AAAAAAGG CG                 AGAAGTACGCCTTTC
 4.9      12 ..      25   xxxxATGAATAACCA               ACG AAAAAAGG CGA                GAAGTACGCCTTTCA
 7.7      13 ..      26   xxxATGAATAACCAA               C GAAAAAAGGCGA G                AAGTACGCCTTTCAA
None      17 ..      27   TGAATAACCAACGAA                  AAAAGGCGAGA                  AGTACGCCTTTCAAT
None      18 ..      28   GAATAACCAACGAAA                  AAAGGCGAGAA                  GTACGCCTTTCAATG
None      19 ..      29   AATAACCAACGAAAA                  AAGGCGAGAAG                  TACGCCTTTCAATGx
 6.1      20 ..      30   ATAACCAACGAAAAA                 A GGCGAGAAG T                 ACGCCTTTCAATGxx
 5.5      21 ..      31   TAACCAACGAAAAAA                 GGC GAGAA GTA                 CGCCTTTCAATGxxx
 4.7      22 ..      32   AACCAACGAAAAAAG                 G CGAGAAGTA C                 GCCTTTCAATGxxxx
 0.4      23 ..      33   ACCAACGAAAAAAGG                 CG AGAAGTA CG                 CCTTTCAATGxxxxx
-1.9      22 ..      34   AACCAACGAAAAAAG                GCG AGAAGTA CGC                CTTTCAATGxxxxxx
-4.2      21 ..      35   TAACCAACGAAAAAA               GGCG AGAAGTA CGCC               TTTCAATGxxxxxxx
-5.1      20 ..      36   ATAACCAACGAAAAA              AGGCG AGAAGTA CGCCT              TTCAATGxxxxxxxx
  -6      19 ..      37   AATAACCAACGAAAA             AAGGCG AGAAGTA CGCCTT             TCAATGxxxxxxxxx
-6.9      18 ..      38   GAATAACCAACGAAA            AAAGGCG AGAAGTA CGCCTTT            CAATGxxxxxxxxxx
-3.4      17 ..      39   TGAATAACCAACGAA           AAAAGGCG AGAAGTA CGCCTTTC           AATGxxxxxxxxxxx
 0.1      16 ..      40   ATGAATAACCAACGA          AAAAAGGCG AGAAGTA CGCCTTTCA          ATGxxxxxxxxxxxx
 3.6      15 ..      41   xATGAATAACCAACG         AAAAAAGGCG AGAAGTA CGCCTTTCAA         TGxxxxxxxxxxxxx
 4.9      14 ..      42   xxATGAATAACCAAC        GAAAAAAGGCG AGAAGTA CGCCTTTCAAT        Gxxxxxxxxxxxxxx
