>URS0000D6A789 ncRNA from 1 species FORWARD
None       1 ..      11   xxxxxxxxxxxxxxx                  CGGGGUCGGGC                  AGGCACCCCAUCAGA
 6.2       2 ..      12   xxxxxxxxxxxxxxC                 GG GGUCGGG CA                 GGCACCCCAUCAGAC
 3.9       1 ..      13   xxxxxxxxxxxxxxx                CGG GGUCGGG CAG                GCACCCCAUCAGACG
 6.4       1 ..      14   xxxxxxxxxxxxxxx               CGGG GUCGGG CAGG                CACCCCAUCAGACGG
 1.9       5 ..      15   xxxxxxxxxxxCGGG                 GUC GGGCA GGC                 ACCCCAUCAGACGGU
 5.4       4 ..      16   xxxxxxxxxxxxCGG                GGUC GGGCA GGCA                CCCCAUCAGACGGUU
 3.1       3 ..      17   xxxxxxxxxxxxxCG               GGGUC GGGCA GGCAC               CCCAUCAGACGGUUC
 0.4       8 ..      18   xxxxxxxxCGGGGUC                 GG GCAGGCA CC                 CCAUCAGACGGUUCU
-2.9       8 ..      19   xxxxxxxxCGGGGUC                GGG CAGGCA CCC                 CAUCAGACGGUUCUC
-1.9       8 ..      20   xxxxxxxxCGGGGUC                GGG CAGGCAC CCC                AUCAGACGGUUCUCC
 1.6       7 ..      21   xxxxxxxxxCGGGGU               CGGG CAGGCAC CCCA               UCAGACGGUUCUCCG
 4.4      11 ..      22   xxxxxCGGGGUCGGG                CAGG CACC CCAU                 CAGACGGUUCUCCGU
 2.1      10 ..      23   xxxxxxCGGGGUCGG               GCAGG CACC CCAUC                AGACGGUUCUCCGUC
 5.6       9 ..      24   xxxxxxxCGGGGUCG              GGCAGG CACC CCAUCA               GACGGUUCUCCGUCU
 4.7      15 ..      25   xCGGGGUCGGGCAGG                 C ACCCCAUCA G                 ACGGUUCUCCGUCUA
 6.2      16 ..      26   CGGGGUCGGGCAGGC                 AC CCCAUCA GA                 CGGUUCUCCGUCUAA
 5.9      13 ..      27   xxxCGGGGUCGGGCA               GGC ACCCCAUCA GAC               GGUUCUCCGUCUAAG
 4.4      17 ..      28   GGGGUCGGGCAGGCA                CCCC AUCA GACG                 GUUCUCCGUCUAAGU
 0.4      19 ..      29   GGUCGGGCAGGCACC                 CC AUCAGAC GG                 UUCUCCGUCUAAGUU
 3.9      18 ..      30   GGGUCGGGCAGGCAC                CCC AUCAGAC GGU                UCUCCGUCUAAGUUC
 7.4      17 ..      31   GGGGUCGGGCAGGCA               CCCC AUCAGAC GGUU               CUCCGUCUAAGUUCG
 7.1      14 ..      32   xxCGGGGUCGGGCAG             GCACC CCAUCAGAC GGUUC             UCCGUCUAAGUUCGG
None      23 ..      33   GGGCAGGCACCCCAU                  CAGACGGUUCU                  CCGUCUAAGUUCGGU
 8.7      23 ..      34   GGGCAGGCACCCCAU                CAG ACGGUU CUC                 CGUCUAAGUUCGGUx
 3.4      25 ..      35   GCAGGCACCCCAUCA                 GACG GUU CUCC                 GUCUAAGUUCGGUxx
 1.1      26 ..      36   CAGGCACCCCAUCAG                ACGG UUCU CCG-                 UCUAAGUUCGGUxxx
-1.4      26 ..      37   CAGGCACCCCAUCAG                ACGG UUCU CCGU                 CUAAGUUCGGUxxxx
-3.7      25 ..      38   GCAGGCACCCCAUCA               GACGG UUCU CCGUC                UAAGUUCGGUxxxxx
-0.2      24 ..      39   GGCAGGCACCCCAUC              AGACGG UUCU CCGUCU               AAGUUCGGUxxxxxx
 3.3      23 ..      40   GGGCAGGCACCCCAU             CAGACGG UUCU CCGUCUA              AGUUCGGUxxxxxxx
 6.8      22 ..      41   CGGGCAGGCACCCCA            UCAGACGG UUCU CCGUCUAA             GUUCGGUxxxxxxxx
 4.7      32 ..      42   CCCCAUCAGACGGUU                 C UCCGUCUAA G                 UUCGGUxxxxxxxxx
 6.2      33 ..      43   CCCAUCAGACGGUUC                 UC CGUCUAA GU                 UCGGUxxxxxxxxxx
 8.7      33 ..      44   CCCAUCAGACGGUUC                UCC GUCUAA GUU                 CGGUxxxxxxxxxxx
None      35 ..      45   CAUCAGACGGUUCUC                  CGUCUAAGUUC                  GGUxxxxxxxxxxxx
 1.4      35 ..      46   CAUCAGACGGUUCUC                CG UCUAAGUU CG                 GUxxxxxxxxxxxxx
-0.9      34 ..      47   CCAUCAGACGGUUCU               CCG UCUAAGUU CGG                Uxxxxxxxxxxxxxx
