>URS0000D6B08C ncRNA from 1 species FORWARD
None       1 ..      11   xxxxxxxxxxxxxxx                  GGGUCAACAGU                  UCACCCAGGCGUUGC
None       2 ..      12   xxxxxxxxxxxxxxG                  GGUCAACAGUU                  CACCCAGGCGUUGCC
 4.4       2 ..      13   xxxxxxxxxxxxxxG                GGUC AACA GUUC                 ACCCAGGCGUUGCCG
 7.9       1 ..      14   xxxxxxxxxxxxxxx               GGGUC AACA GUUCA                CCCAGGCGUUGCCGG
 5.9       1 ..      15   xxxxxxxxxxxxxxx               GGG UCAACAGUU CAC               CCAGGCGUUGCCGGA
 4.4       2 ..      16   xxxxxxxxxxxxxxG               GG UCAACAGUUCA CC               CAGGCGUUGCCGGAG
 2.1       1 ..      17   xxxxxxxxxxxxxxx              GGG UCAACAGUUCA CCC              AGGCGUUGCCGGAGC
 7.7       8 ..      18   xxxxxxxxGGGUCAA                 CAG UUCAC CCA                 GGCGUUGCCGGAGCC
 2.9       8 ..      19   xxxxxxxxGGGUCAA                CAG UUCACC CAG                 GCGUUGCCGGAGCCC
 6.4       7 ..      20   xxxxxxxxxGGGUCA               ACAG UUCACC CAGG                CGUUGCCGGAGCCCC
 5.7      10 ..      21   xxxxxxGGGUCAACA                G UUCACCCAGG C                 GUUGCCGGAGCCCCU
 6.9      12 ..      22   xxxxGGGUCAACAGU                UCAC CCAG GCG-                 UUGCCGGAGCCCCUU
 4.4      12 ..      23   xxxxGGGUCAACAGU                UCAC CCAG GCGU                 UGCCGGAGCCCCUUG
 7.7      14 ..      24   xxGGGUCAACAGUUC                 ACC CAGGC GUU                 GCCGGAGCCCCUUGC
 4.7      15 ..      25   xGGGUCAACAGUUCA                 C CCAGGCGUU G                 CCGGAGCCCCUUGCU
 6.2      16 ..      26   GGGUCAACAGUUCAC                 CC AGGCGUU GC                 CGGAGCCCCUUGCUC
 6.1      17 ..      27   GGUCAACAGUUCACC                CAGGC GUU GCC--                GGAGCCCCUUGCUCA
-2.4      18 ..      28   GUCAACAGUUCACCC                 AGGC GUU GCCG                 GAGCCCCUUGCUCAC
-4.7      17 ..      29   GGUCAACAGUUCACC                CAGGC GUU GCCGG                AGCCCCUUGCUCACG
-1.2      16 ..      30   GGGUCAACAGUUCAC               CCAGGC GUU GCCGGA               GCCCCUUGCUCACGC
-3.5      15 ..      31   xGGGUCAACAGUUCA              CCCAGGC GUU GCCGGAG              CCCCUUGCUCACGCU
-2.384e-07      14 ..      32   xxGGGUCAACAGUUC             ACCCAGGC GUU GCCGGAGC             CCCUUGCUCACGCUA
 0.1      19 ..      33   UCAACAGUUCACCCA               GGC GUUGCCGGA GCC               CCUUGCUCACGCUAA
 3.4      24 ..      34   AGUUCACCCAGGCGU                 UGCC GGA GCCC                 CUUGCUCACGCUAAA
 2.1      22 ..      35   ACAGUUCACCCAGGC               GUUGC CGGA GCCCC                UUGCUCACGCUAAAC
 3.4      26 ..      36   UUCACCCAGGCGUUG                 CCGG AGC CCCU                 UGCUCACGCUAAACC
 4.4      26 ..      37   UUCACCCAGGCGUUG                CCGG AGCC CCUU                 GCUCACGCUAAACCU
 4.6      26 ..      38   UUCACCCAGGCGUUG               C-CGG AGCC CCUUG                CUCACGCUAAACCUG
 2.3      25 ..      39   GUUCACCCAGGCGUU              GC-CGG AGCC CCUUGC               UCACGCUAAACCUGC
 1.9      30 ..      40   CCCAGGCGUUGCCGG                 AGC CCCUU GCU                 CACGCUAAACCUGCU
-0.4      29 ..      41   ACCCAGGCGUUGCCG                GAGC CCCUU GCUC                ACGCUAAACCUGCUG
 3.1      28 ..      42   CACCCAGGCGUUGCC               GGAGC CCCUU GCUCA               CGCUAAACCUGCUGx
 3.3      28 ..      43   CACCCAGGCGUUGCC              G-GAGC CCCUU GCUCAC              GCUAAACCUGCUGxx
   1      27 ..      44   UCACCCAGGCGUUGC             CG-GAGC CCCUU GCUCACG             CUAAACCUGCUGxxx
   2      25 ..      45   GUUCACCCAGGCGUU            GCCGGAGC CCCUU GCUCACGC            UAAACCUGCUGxxxx
 5.5      24 ..      46   AGUUCACCCAGGCGU           UGCCGGAGC CCCUU GCUCACGCU           AAACCUGCUGxxxxx
 4.4      36 ..      47   CGUUGCCGGAGCCCC                UUGC UCAC GCUA                 AACCUGCUGxxxxxx
 7.9      35 ..      48   GCGUUGCCGGAGCCC               CUUGC UCAC GCUAA                ACCUGCUGxxxxxxx
None      39 ..      49   UGCCGGAGCCCCUUG                  CUCACGCUAAA                  CCUGCUGxxxxxxxx
 6.7      38 ..      50   UUGCCGGAGCCCCUU                G CUCACGCUAAA C                CUGCUGxxxxxxxxx
 7.7      38 ..      51   UUGCCGGAGCCCCUU               G CUCACGCUAAAC C                UGCUGxxxxxxxxxx
 7.7      42 ..      52   CGGAGCCCCUUGCUC                 ACG CUAAA CCU                 GCUGxxxxxxxxxxx
 4.7      43 ..      53   GGAGCCCCUUGCUCA                 C GCUAAACCU G                 CUGxxxxxxxxxxxx
 0.4      44 ..      54   GAGCCCCUUGCUCAC                 GC UAAACCU GC                 UGxxxxxxxxxxxxx
 3.9      43 ..      55   GGAGCCCCUUGCUCA                CGC UAAACCU GCU                Gxxxxxxxxxxxxxx
