>URS0000D6AF7E sRNA from 4 species FORWARD
None       1 ..      11   xxxxxxxxxxxxxxx                  GAGUCGAUAAA                  GAACGCGAGAUGCGU
None       2 ..      12   xxxxxxxxxxxxxxG                  AGUCGAUAAAG                  AACGCGAGAUGCGUA
None       3 ..      13   xxxxxxxxxxxxxGA                  GUCGAUAAAGA                  ACGCGAGAUGCGUAU
 8.7       3 ..      14   xxxxxxxxxxxxxGA                GUC GAUAAA GAA                 CGCGAGAUGCGUAUA
 6.7       3 ..      15   xxxxxxxxxxxxxGA                G UCGAUAAAGAA C                GCGAGAUGCGUAUAU
 1.4       5 ..      16   xxxxxxxxxxxGAGU                CG AUAAAGAA CG                 CGAGAUGCGUAUAUU
 4.9       4 ..      17   xxxxxxxxxxxxGAG               UCG AUAAAGAA CGC                GAGAUGCGUAUAUUU
 3.4       5 ..      18   xxxxxxxxxxxGAGU               CG AUAAAGAACG CG                AGAUGCGUAUAUUUA
 6.9       4 ..      19   xxxxxxxxxxxxGAG              UCG AUAAAGAACG CGA               GAUGCGUAUAUUUAU
None      10 ..      20   xxxxxxGAGUCGAUA                  AAGAACGCGAG                  AUGCGUAUAUUUAUC
None      11 ..      21   xxxxxGAGUCGAUAA                  AGAACGCGAGA                  UGCGUAUAUUUAUCA
None      12 ..      22   xxxxGAGUCGAUAAA                  GAACGCGAGAU                  GCGUAUAUUUAUCAG
None      13 ..      23   xxxGAGUCGAUAAAG                  AACGCGAGAUG                  CGUAUAUUUAUCAGG
 6.2      14 ..      24   xxGAGUCGAUAAAGA                 AC GCGAGAU GC                 GUAUAUUUAUCAGGG
-3.9      15 ..      25   xGAGUCGAUAAAGAA                 CGC GAGAU GCG                 UAUAUUUAUCAGGGG
-0.4      14 ..      26   xxGAGUCGAUAAAGA                ACGC GAGAU GCGU                AUAUUUAUCAGGGGA
 3.1      13 ..      27   xxxGAGUCGAUAAAG               AACGC GAGAU GCGUA               UAUUUAUCAGGGGAC
 6.6      12 ..      28   xxxxGAGUCGAUAAA              GAACGC GAGAU GCGUAU              AUUUAUCAGGGGACA
None      19 ..      29   UCGAUAAAGAACGCG                  AGAUGCGUAUA                  UUUAUCAGGGGACAU
None      20 ..      30   CGAUAAAGAACGCGA                  GAUGCGUAUAU                  UUAUCAGGGGACAUC
None      21 ..      31   GAUAAAGAACGCGAG                  AUGCGUAUAUU                  UAUCAGGGGACAUCU
None      22 ..      32   AUAAAGAACGCGAGA                  UGCGUAUAUUU                  AUCAGGGGACAUCUG
None      23 ..      33   UAAAGAACGCGAGAU                  GCGUAUAUUUA                  UCAGGGGACAUCUGC
None      24 ..      34   AAAGAACGCGAGAUG                  CGUAUAUUUAU                  CAGGGGACAUCUGCU
 4.7      25 ..      35   AAGAACGCGAGAUGC                 G UAUAUUUAU C                 AGGGGACAUCUGCUU
 8.2      24 ..      36   AAAGAACGCGAGAUG                CG UAUAUUUAU CA                GGGGACAUCUGCUUU
 7.7      24 ..      37   AAAGAACGCGAGAUG               C GUAUAUUUAUCA G                GGGACAUCUGCUUUU
 8.7      24 ..      38   AAAGAACGCGAGAUG               C GUAUAUUUAUCAG G               GGACAUCUGCUUUUA
None      29 ..      39   ACGCGAGAUGCGUAU                  AUUUAUCAGGG                  GACAUCUGCUUUUAA
None      30 ..      40   CGCGAGAUGCGUAUA                  UUUAUCAGGGG                  ACAUCUGCUUUUAAU
None      31 ..      41   GCGAGAUGCGUAUAU                  UUAUCAGGGGA                  CAUCUGCUUUUAAUA
None      32 ..      42   CGAGAUGCGUAUAUU                  UAUCAGGGGAC                  AUCUGCUUUUAAUAG
None      33 ..      43   GAGAUGCGUAUAUUU                  AUCAGGGGACA                  UCUGCUUUUAAUAGC
None      34 ..      44   AGAUGCGUAUAUUUA                  UCAGGGGACAU                  CUGCUUUUAAUAGCA
None      35 ..      45   GAUGCGUAUAUUUAU                  CAGGGGACAUC                  UGCUUUUAAUAGCAA
 6.2      36 ..      46   AUGCGUAUAUUUAUC                 AG GGGACAU CU                 GCUUUUAAUAGCAAG
 3.9      35 ..      47   GAUGCGUAUAUUUAU                CAG GGGACAU CUG                CUUUUAAUAGCAAGG
 4.4      37 ..      48   UGCGUAUAUUUAUCA                GGGG ACAU CUGC                 UUUUAAUAGCAAGGC
 6.2      39 ..      49   CGUAUAUUUAUCAGG                 GG ACAUCUG CU                 UUUAAUAGCAAGGCA
None      40 ..      50   GUAUAUUUAUCAGGG                  GACAUCUGCUU                  UUAAUAGCAAGGCAC
None      41 ..      51   UAUAUUUAUCAGGGG                  ACAUCUGCUUU                  UAAUAGCAAGGCACG
None      42 ..      52   AUAUUUAUCAGGGGA                  CAUCUGCUUUU                  AAUAGCAAGGCACGG
None      43 ..      53   UAUUUAUCAGGGGAC                  AUCUGCUUUUA                  AUAGCAAGGCACGGG
None      44 ..      54   AUUUAUCAGGGGACA                  UCUGCUUUUAA                  UAGCAAGGCACGGGA
None      45 ..      55   UUUAUCAGGGGACAU                  CUGCUUUUAAU                  AGCAAGGCACGGGAA
None      46 ..      56   UUAUCAGGGGACAUC                  UGCUUUUAAUA                  GCAAGGCACGGGAAG
 6.7      45 ..      57   UUUAUCAGGGGACAU                C UGCUUUUAAUA G                CAAGGCACGGGAAGU
 1.4      47 ..      58   UAUCAGGGGACAUCU                GC UUUUAAUA GC                 AAGGCACGGGAAGUG
 4.9      46 ..      59   UUAUCAGGGGACAUC               UGC UUUUAAUA GCA                AGGCACGGGAAGUGU
 8.4      45 ..      60   UUUAUCAGGGGACAU              CUGC UUUUAAUA GCAA               GGCACGGGAAGUGUU
 7.7      48 ..      61   AUCAGGGGACAUCUG               C UUUUAAUAGCAA G                GCACGGGAAGUGUUG
 8.7      48 ..      62   AUCAGGGGACAUCUG               C UUUUAAUAGCAAG G               CACGGGAAGUGUUGA
 6.4      47 ..      63   UAUCAGGGGACAUCU              GC UUUUAAUAGCAAG GC              ACGGGAAGUGUUGAU
None      54 ..      64   GGACAUCUGCUUUUA                  AUAGCAAGGCA                  CGGGAAGUGUUGAUG
 3.4      55 ..      65   GACAUCUGCUUUUAA                 UAGC AAG GCAC                 GGGAAGUGUUGAUGU
 6.2      56 ..      66   ACAUCUGCUUUUAAU                 AG CAAGGCA CG                 GGAAGUGUUGAUGUU
 6.2      57 ..      67   CAUCUGCUUUUAAUA                 GC AAGGCAC GG                 GAAGUGUUGAUGUUU
 3.4      58 ..      68   AUCUGCUUUUAAUAG                 CAAG GCA CGGG                 AAGUGUUGAUGUUUU
 6.9      57 ..      69   CAUCUGCUUUUAAUA                GCAAG GCA CGGGA                AGUGUUGAUGUUUUG
None      60 ..      70   CUGCUUUUAAUAGCA                  AGGCACGGGAA                  GUGUUGAUGUUUUGG
 7.7      58 ..      71   AUCUGCUUUUAAUAG               C AAGGCACGGGAA G                UGUUGAUGUUUUGGA
 6.2      62 ..      72   GCUUUUAAUAGCAAG                 GC ACGGGAA GU                 GUUGAUGUUUUGGAA
 1.9      63 ..      73   CUUUUAAUAGCAAGG                 CAC GGGAA GUG                 UUGAUGUUUUGGAAG
 5.4      62 ..      74   GCUUUUAAUAGCAAG                GCAC GGGAA GUGU                UGAUGUUUUGGAAGA
 8.9      61 ..      75   UGCUUUUAAUAGCAA               GGCAC GGGAA GUGUU               GAUGUUUUGGAAGAC
 5.7      65 ..      76   UUUAAUAGCAAGGCA                C GGGAAGUGUU G                 AUGUUUUGGAAGACC
None      67 ..      77   UAAUAGCAAGGCACG                  GGAAGUGUUGA                  UGUUUUGGAAGACCU
None      68 ..      78   AAUAGCAAGGCACGG                  GAAGUGUUGAU                  GUUUUGGAAGACCUA
 8.7      65 ..      79   UUUAAUAGCAAGGCA               C GGGAAGUGUUGAU G               UUUUGGAAGACCUAU
None      70 ..      80   UAGCAAGGCACGGGA                  AGUGUUGAUGU                  UUUGGAAGACCUAUU
None      71 ..      81   AGCAAGGCACGGGAA                  GUGUUGAUGUU                  UUGGAAGACCUAUUG
None      72 ..      82   GCAAGGCACGGGAAG                  UGUUGAUGUUU                  UGGAAGACCUAUUGU
None      73 ..      83   CAAGGCACGGGAAGU                  GUUGAUGUUUU                  GGAAGACCUAUUGUG
None      74 ..      84   AAGGCACGGGAAGUG                  UUGAUGUUUUG                  GAAGACCUAUUGUGA
None      75 ..      85   AGGCACGGGAAGUGU                  UGAUGUUUUGG                  AAGACCUAUUGUGAA
None      76 ..      86   GGCACGGGAAGUGUU                  GAUGUUUUGGA                  AGACCUAUUGUGAAC
None      77 ..      87   GCACGGGAAGUGUUG                  AUGUUUUGGAA                  GACCUAUUGUGAACG
None      78 ..      88   CACGGGAAGUGUUGA                  UGUUUUGGAAG                  ACCUAUUGUGAACGU
None      79 ..      89   ACGGGAAGUGUUGAU                  GUUUUGGAAGA                  CCUAUUGUGAACGUG
 5.7      79 ..      90   ACGGGAAGUGUUGAU                G UUUUGGAAGA C                 CUAUUGUGAACGUGG
 6.7      79 ..      91   ACGGGAAGUGUUGAU                G UUUUGGAAGAC C                UAUUGUGAACGUGGA
 6.9      82 ..      92   GGAAGUGUUGAUGUU                UUGG AAGA CCU-                 AUUGUGAACGUGGAA
 4.4      82 ..      93   GGAAGUGUUGAUGUU                UUGG AAGA CCUA                 UUGUGAACGUGGAAU
 7.9      81 ..      94   GGGAAGUGUUGAUGU               UUUGG AAGA CCUAU                UGUGAACGUGGAAUU
None      85 ..      95   AGUGUUGAUGUUUUG                  GAAGACCUAUU                  GUGAACGUGGAAUUC
None      86 ..      96   GUGUUGAUGUUUUGG                  AAGACCUAUUG                  UGAACGUGGAAUUCC
None      87 ..      97   UGUUGAUGUUUUGGA                  AGACCUAUUGU                  GAACGUGGAAUUCCA
 7.7      88 ..      98   GUUGAUGUUUUGGAA                 GAC CUAUU GUG                 AACGUGGAAUUCCAA
 6.2      89 ..      99   UUGAUGUUUUGGAAG                 AC CUAUUGU GA                 ACGUGGAAUUCCAAC
 8.7      89 ..     100   UUGAUGUUUUGGAAG                ACC UAUUGU GAA                 CGUGGAAUUCCAACx
 6.4      88 ..     101   GUUGAUGUUUUGGAA               GACC UAUUGU GAAC                GUGGAAUUCCAACxx
 5.7      91 ..     102   GAUGUUUUGGAAGAC                C UAUUGUGAAC G                 UGGAAUUCCAACxxx
None      93 ..     103   UGUUUUGGAAGACCU                  AUUGUGAACGU                  GGAAUUCCAACxxxx
 7.7      91 ..     104   GAUGUUUUGGAAGAC               C UAUUGUGAACGU G                GAAUUCCAACxxxxx
 5.4      90 ..     105   UGAUGUUUUGGAAGA              CC UAUUGUGAACGU GG               AAUUCCAACxxxxxx
 8.9      89 ..     106   UUGAUGUUUUGGAAG             ACC UAUUGUGAACGU GGA              AUUCCAACxxxxxxx
None      97 ..     107   UUGGAAGACCUAUUG                  UGAACGUGGAA                  UUCCAACxxxxxxxx
None      98 ..     108   UGGAAGACCUAUUGU                  GAACGUGGAAU                  UCCAACxxxxxxxxx
None      99 ..     109   GGAAGACCUAUUGUG                  AACGUGGAAUU                  CCAACxxxxxxxxxx
 6.7      98 ..     110   UGGAAGACCUAUUGU                G AACGUGGAAUU C                CAACxxxxxxxxxxx
 6.2     101 ..     111   AAGACCUAUUGUGAA                 CG UGGAAUU CC                 AACxxxxxxxxxxxx
 6.9     102 ..     112   AGACCUAUUGUGAAC                GUGG AAUU CCA-                 ACxxxxxxxxxxxxx
 4.4     102 ..     113   AGACCUAUUGUGAAC                GUGG AAUU CCAA                 Cxxxxxxxxxxxxxx
