>AACY020150049.1:c2734-2667 Marine metagenome 1096626171529, whole genome shotgun sequence FORWARD
 7.6       1 ..      11   xxxxxxxxxxxxxxx                 TT GTGTGTA GG                 AGAAATTGATTTATT
   5       1 ..      12   xxxxxxxxxxxxxxx                TTGT GTGT AGGA                 GAAATTGATTTATTT
 7.4       1 ..      13   xxxxxxxxxxxxxxx                TT GTGTGTAGG AG                AAATTGATTTATTTC
 4.7       4 ..      14   xxxxxxxxxxxxTTG                 TGT GTAGG AGA                 AATTGATTTATTTCA
 5.8       1 ..      15   xxxxxxxxxxxxxxx               TTGT GTGTAGG AGAA               ATTGATTTATTTCAG
 4.7       6 ..      16   xxxxxxxxxxTTGTG                 TGT AGGAG AAA                 TTGATTTATTTCAGT
 5.4       7 ..      17   xxxxxxxxxTTGTGT                 GT AGGAGAA AT                 TGATTTATTTCAGTG
 7.6       8 ..      18   xxxxxxxxTTGTGTG                 TA GGAGAAA TT                 GATTTATTTCAGTGG
 5.7       8 ..      19   xxxxxxxxTTGTGTG                TAG GAGAAA TTG                 ATTTATTTCAGTGGA
 8.1       8 ..      20   xxxxxxxxTTGTGTG                T AGGAGAAATTG A                TTTATTTCAGTGGAA
 7.5       9 ..      21   xxxxxxxTTGTGTGT                AGGAG AAA TTGAT                TTATTTCAGTGGAAA
 5.4      12 ..      22   xxxxTTGTGTGTAGG                 AG AAATTGA TT                 TATTTCAGTGGAAAC
 2.5      13 ..      23   xxxTTGTGTGTAGGA                 GAA ATTGA TTT                 ATTTCAGTGGAAACA
 2.8      13 ..      24   xxxTTGTGTGTAGGA                GAAA TTGA TTTA                 TTTCAGTGGAAACAA
 1.9      12 ..      25   xxxxTTGTGTGTAGG               AGAAA TTGA TTTAT                TTCAGTGGAAACAAG
 1.3      15 ..      26   xTTGTGTGTAGGAGA                AAT TGATTT ATT                 TCAGTGGAAACAAGG
 0.4      14 ..      27   xxTTGTGTGTAGGAG               AAAT TGATTT ATTT                CAGTGGAAACAAGGA
-1.9      13 ..      28   xxxTTGTGTGTAGGA              GAAAT TGATTT ATTTC               AGTGGAAACAAGGAA
-0.1      18 ..      29   GTGTGTAGGAGAAAT                TGA TTTATT TCA                 GTGGAAACAAGGAAA
 1.2      17 ..      30   TGTGTGTAGGAGAAA               TTGA TTTATT TCAG                TGGAAACAAGGAAAC
 0.3      16 ..      31   TTGTGTGTAGGAGAA              ATTGA TTTATT TCAGT               GGAAACAAGGAAACA
 3.8      15 ..      32   xTTGTGTGTAGGAGA             AATTGA TTTATT TCAGTG              GAAACAAGGAAACAC
   5      22 ..      33   GTAGGAGAAATTGAT                TTAT TTCA GTGG                 AAACAAGGAAACACT
 4.1      21 ..      34   TGTAGGAGAAATTGA               TTTAT TTCA GTGGA                AACAAGGAAACACTT
-1.8      25 ..      35   GGAGAAATTGATTTA                 TTTC AGT GGAA                 ACAAGGAAACACTTG
  -3      25 ..      36   GGAGAAATTGATTTA                TTTC AGTG GAAA                 CAAGGAAACACTTGA
 0.5      24 ..      37   AGGAGAAATTGATTT               ATTTC AGTG GAAAC                AAGGAAACACTTGAT
-0.4      23 ..      38   TAGGAGAAATTGATT              TATTTC AGTG GAAACA               AGGAAACACTTGATA
-1.3      22 ..      39   GTAGGAGAAATTGAT             TTATTTC AGTG GAAACAA              GGAAACACTTGATAT
-1.907e-07      21 ..      40   TGTAGGAGAAATTGA            TTTATTTC AGTG GAAACAAG             GAAACACTTGATATA
 3.5      20 ..      41   GTGTAGGAGAAATTG           ATTTATTTC AGTG GAAACAAGG            AAACACTTGATATAG
 2.6      27 ..      42   AGAAATTGATTTATT              TCAGTG GAAA CAAGGA               AACACTTGATATAGA
 1.7      26 ..      43   GAGAAATTGATTTAT             TTCAGTG GAAA CAAGGAA              ACACTTGATATAGAT
 0.8      25 ..      44   GGAGAAATTGATTTA            TTTCAGTG GAAA CAAGGAAA             CACTTGATATAGATC
 4.3      24 ..      45   AGGAGAAATTGATTT           ATTTCAGTG GAAA CAAGGAAAC            ACTTGATATAGATCA
 3.4      23 ..      46   TAGGAGAAATTGATT          TATTTCAGTG GAAA CAAGGAAACA           CTTGATATAGATCAA
 4.5      30 ..      47   AATTGATTTATTTCA             GTG GAAACAAGGAAA CAC              TTGATATAGATCAAT
 3.6      29 ..      48   AAATTGATTTATTTC            AGTG GAAACAAGGAAA CACT             TGATATAGATCAATT
-0.1      38 ..      49   TATTTCAGTGGAAAC                AAG GAAACA CTT                 GATATAGATCAATTT
-2.4      37 ..      50   TTATTTCAGTGGAAA               CAAG GAAACA CTTG                ATATAGATCAATTTA
 1.1      36 ..      51   TTTATTTCAGTGGAA              ACAAG GAAACA CTTGA               TATAGATCAATTTAA
 0.2      35 ..      52   ATTTATTTCAGTGGA             AACAAG GAAACA CTTGAT              ATAGATCAATTTAAA
 3.7      34 ..      53   GATTTATTTCAGTGG            AAACAAG GAAACA CTTGATA             TAGATCAATTTAAAA
 4.7      44 ..      54   AGTGGAAACAAGGAA                 ACA CTTGA TAT                 AGATCAATTTAAAAx
 7.2      23 ..      55   TAGGAGAAATTGATT     TATTTC-AGTG GAAACAAGGAAA CACTTGATATA      GATCAATTTAAAAxx
 5.7      45 ..      56   GTGGAAACAAGGAAA                C ACTTGATATA G                 ATCAATTTAAAAxxx
 4.3      46 ..      57   TGGAAACAAGGAAAC                ACT TGATAT AGA                 TCAATTTAAAAxxxx
 5.3      46 ..      58   TGGAAACAAGGAAAC                ACTTG ATA TAGAT                CAATTTAAAAxxxxx
 3.9      49 ..      59   AAACAAGGAAACACT                TGAT ATAG ATC-                 AATTTAAAAxxxxxx
  -3      49 ..      60   AAACAAGGAAACACT                TGAT ATAG ATCA                 ATTTAAAAxxxxxxx
-3.9      48 ..      61   GAAACAAGGAAACAC               TTGAT ATAG ATCAA                TTTAAAAxxxxxxxx
-0.4      47 ..      62   GGAAACAAGGAAACA              CTTGAT ATAG ATCAAT               TTAAAAxxxxxxxxx
-1.3      46 ..      63   TGGAAACAAGGAAAC             ACTTGAT ATAG ATCAATT              TAAAAxxxxxxxxxx
-0.1      14 ..      64   xxTTGTGTGTAGGAG AAATTGATTTATTTC-AGTG GAAACAAGGAAA CACTTGATATAGATCAATTT AAAAxxxxxxxxxxx
 0.6      54 ..      65   AGGAAACACTTGATA                TAGA TCAA TTTA                 AAAxxxxxxxxxxxx
 4.1      53 ..      66   AAGGAAACACTTGAT               ATAGA TCAA TTTAA                AAxxxxxxxxxxxxx
 3.2      52 ..      67   CAAGGAAACACTTGA              TATAGA TCAA TTTAAA               Axxxxxxxxxxxxxx
