>AACY020962023.1:228-436 Marine metagenome 1551756, whole genome shotgun sequence FORWARD
 7.7       1 ..      11   xxxxxxxxxxxxxxx                 AGC AGCAC GGG                 AGAGCGACCCGTTAG
 6.2       2 ..      12   xxxxxxxxxxxxxxA                 GC AGCACGG GA                 GAGCGACCCGTTAGC
 3.4       3 ..      13   xxxxxxxxxxxxxAG                 CAGC ACG GGAG                 AGCGACCCGTTAGCT
 6.9       2 ..      14   xxxxxxxxxxxxxxA                GCAGC ACG GGAGA                GCGACCCGTTAGCTG
 6.7       3 ..      15   xxxxxxxxxxxxxAG                C AGCACGGGAGA G                CGACCCGTTAGCTGG
-1.4       5 ..      16   xxxxxxxxxxxAGCA                GCAC GGGA GAGC                 GACCCGTTAGCTGGC
 2.1       4 ..      17   xxxxxxxxxxxxAGC               AGCAC GGGA GAGCG                ACCCGTTAGCTGGCA
 2.9       7 ..      18   xxxxxxxxxAGCAGC                ACG GGAGAG CGA                 CCCGTTAGCTGGCAG
 3.3       2 ..      19   xxxxxxxxxxxxxxA             GCAGCAC GGGA GAGCGAC              CCGTTAGCTGGCAGA
 0.4      10 ..      20   xxxxxxAGCAGCACG                 GG AGAGCGA CC                 CGTTAGCTGGCAGAC
-1.9       9 ..      21   xxxxxxxAGCAGCAC                GGG AGAGCGA CCC                GTTAGCTGGCAGACA
-4.2       8 ..      22   xxxxxxxxAGCAGCA               CGGG AGAGCGA CCCG               TTAGCTGGCAGACAA
-5.1       7 ..      23   xxxxxxxxxAGCAGC              ACGGG AGAGCGA CCCGT              TAGCTGGCAGACAAT
-3.2      14 ..      24   xxAGCAGCACGGGAG                 AGCG ACC CGTT                 AGCTGGCAGACAATC
 0.3      13 ..      25   xxxAGCAGCACGGGA                GAGCG ACC CGTTA                GCTGGCAGACAATCC
 3.3      16 ..      26   AGCAGCACGGGAGAG                 CGA CCCGT TAG                 CTGGCAGACAATCCA
   1      15 ..      27   xAGCAGCACGGGAGA                GCGA CCCGT TAGC                TGGCAGACAATCCAG
 0.1      14 ..      28   xxAGCAGCACGGGAG               AGCGA CCCGT TAGCT               GGCAGACAATCCAGT
-0.9       3 ..      29   xxxxxxxxxxxxxAG        CAGC--ACGGG AGAGCGA CCCGTTAGCTG        GCAGACAATCCAGTC
-1.4      19 ..      30   AGCACGGGAGAGCGA                CCCG TTAG CTGG                 CAGACAATCCAGTCC
 2.1      18 ..      31   CAGCACGGGAGAGCG               ACCCG TTAG CTGGC                AGACAATCCAGTCCC
 5.6      17 ..      32   GCAGCACGGGAGAGC              GACCCG TTAG CTGGCA               GACAATCCAGTCCCC
 3.3      16 ..      33   AGCAGCACGGGAGAG             CGACCCG TTAG CTGGCAG              ACAATCCAGTCCCCA
 3.6      23 ..      34   CGGGAGAGCGACCCG                TTAG CTGG CAGA                 CAATCCAGTCCCCAT
 1.3      22 ..      35   ACGGGAGAGCGACCC               GTTAG CTGG CAGAC                AATCCAGTCCCCATC
 3.9      24 ..      36   GGGAGAGCGACCCGT                TAGCT GGC AGACA                ATCCAGTCCCCATCC
   3      23 ..      37   CGGGAGAGCGACCCG               TTAGCT GGC AGACAA               TCCAGTCCCCATCCC
 4.3      22 ..      38   ACGGGAGAGCGACCC              GTTAGCT GGC AGACAAT              CCAGTCCCCATCCCA
 3.5      26 ..      39   GAGAGCGACCCGTTA               GCTGG CAGA CAATC                CAGTCCCCATCCCAC
 1.4      29 ..      40   AGCGACCCGTTAGCT                GG CAGACAAT CC                 AGTCCCCATCCCACG
 0.5      28 ..      41   GAGCGACCCGTTAGC               TGG CAGACAAT CCA                GTCCCCATCCCACGG
-1.8      27 ..      42   AGAGCGACCCGTTAG              CTGG CAGACAAT CCAG               TCCCCATCCCACGGC
-0.5      26 ..      43   GAGAGCGACCCGTTA             GCTGG CAGACAAT CCAGT              CCCCATCCCACGGCA
-1.5      33 ..      44   ACCCGTTAGCTGGCA                GAC AATCCA GTC                 CCCATCCCACGGCAA
   2      32 ..      45   GACCCGTTAGCTGGC               AGAC AATCCA GTCC                CCATCCCACGGCAAC
 5.5      31 ..      46   CGACCCGTTAGCTGG              CAGAC AATCCA GTCCC               CATCCCACGGCAACT
 3.2      30 ..      47   GCGACCCGTTAGCTG             GCAGAC AATCCA GTCCCC              ATCCCACGGCAACTG
 2.5      28 ..      48   GAGCGACCCGTTAGC           TGGCAGAC AATCCA GTCC-CCA            TCCCACGGCAACTGT
 5.2      37 ..      49   GTTAGCTGGCAGACA                AT CCAGTCCCC AT                CCCACGGCAACTGTG
 3.7      26 ..      50   GAGAGCGACCCGTTA         GCTGGCAGAC AATCCA GTCC-CCATC          CCACGGCAACTGTGG
 6.2      41 ..      51   GCTGGCAGACAATCC                 AG TCCCCAT CC                 CACGGCAACTGTGGA
 4.7      42 ..      52   CTGGCAGACAATCCA                 G TCCCCATCC C                 ACGGCAACTGTGGAT
 6.1      43 ..      53   TGGCAGACAATCCAG                 T CCCCATCCC A                 CGGCAACTGTGGATG
 3.8      42 ..      54   CTGGCAGACAATCCA                GT CCCCATCCC AC                GGCAACTGTGGATGG
 4.7      45 ..      55   GCAGACAATCCAGTC                 C CCATCCCAC G                 GCAACTGTGGATGGG
  -1      46 ..      56   CAGACAATCCAGTCC                 CCAT CCC ACGG                 CAACTGTGGATGGGA
 2.5      45 ..      57   GCAGACAATCCAGTC                CCCAT CCC ACGGC                AACTGTGGATGGGAC
 3.4      48 ..      58   GACAATCCAGTCCCC                 ATCC CAC GGCA                 ACTGTGGATGGGACT
 4.8      49 ..      59   ACAATCCAGTCCCCA                 TCCC ACG GCAA                 CTGTGGATGGGACTG
 2.8      42 ..      60   CTGGCAGACAATCCA             GTCCCCAT CCC ACGGCAAC             TGTGGATGGGACTGG
 1.9      41 ..      61   GCTGGCAGACAATCC            AGTCCCCAT CCC ACGGCAACT            GTGGATGGGACTGGC
-0.4      40 ..      62   AGCTGGCAGACAATC           CAGTCCCCAT CCC ACGGCAACTG           TGGATGGGACTGGCT
-3.2      53 ..      63   TCCAGTCCCCATCCC                 ACGG CAA CTGT                 GGATGGGACTGGCTT
-5.5      52 ..      64   ATCCAGTCCCCATCC                CACGG CAA CTGTG                GATGGGACTGGCTTT
-7.8      51 ..      65   AATCCAGTCCCCATC               CCACGG CAA CTGTGG               ATGGGACTGGCTTTC
-4.3      50 ..      66   CAATCCAGTCCCCAT              CCCACGG CAA CTGTGGA              TGGGACTGGCTTTCT
-3.6      48 ..      67   GACAATCCAGTCCCC            ATCCCACGG CAA CTGTGG-AT            GGGACTGGCTTTCTG
-5.9      47 ..      68   AGACAATCCAGTCCC           CATCCCACGG CAA CTGTGG-ATG           GGACTGGCTTTCTGC
-8.2      46 ..      69   CAGACAATCCAGTCC          CCATCCCACGG CAA CTGTGG-ATGG          GACTGGCTTTCTGCG
-10.5      45 ..      70   GCAGACAATCCAGTC         CCCATCCCACGG CAA CTGTGG-ATGGG         ACTGGCTTTCTGCGC
  -7      44 ..      71   GGCAGACAATCCAGT        CCCCATCCCACGG CAA CTGTGG-ATGGGA        CTGGCTTTCTGCGCT
-7.7      42 ..      72   CTGGCAGACAATCCA      GTCCCCATCCCACGG CAA CTGTGG-ATGGG-AC      TGGCTTTCTGCGCTC
-8.6      41 ..      73   GCTGGCAGACAATCC     AGTCCCCATCCCACGG CAA CTGTGG-ATGGG-ACT     GGCTTTCTGCGCTCT
-10.9      40 ..      74   AGCTGGCAGACAATC    CAGTCCCCATCCCACGG CAA CTGTGG-ATGGG-ACTG    GCTTTCTGCGCTCTT
-13.2      39 ..      75   TAGCTGGCAGACAAT   CCAGTCCCCATCCCACGG CAA CTGTGG-ATGGG-ACTGG   CTTTCTGCGCTCTTC
-9.7      38 ..      76   TTAGCTGGCAGACAA  TCCAGTCCCCATCCCACGG CAA CTGTGG-ATGGG-ACTGGC  TTTCTGCGCTCTTCA
-10.6      37 ..      77   GTTAGCTGGCAGACA ATCCAGTCCCCATCCCACGG CAA CTGTGG-ATGGG-ACTGGCT TTCTGCGCTCTTCAG
-11.5      36 ..      78   CGTTAGCTGGCAGAC AATCCAGTCCCCATCCCACGG CAA CTGTGG-ATGGG-ACTGGCTT TCTGCGCTCTTCAGA
  -8      35 ..      79   CCGTTAGCTGGCAGA CAATCCAGTCCCCATCCCACGG CAA CTGTGG-ATGGG-ACTGGCTTT CTGCGCTCTTCAGAT
-8.7      33 ..      80   ACCCGTTAGCTGGCA GACAATCCAGTCCCCATCCCACGG CAA CTGTGG-ATGGG-ACTGGCTT-TC TGCGCTCTTCAGATC
-9.6      32 ..      81   GACCCGTTAGCTGGC AGACAATCCAGTCCCCATCCCACGG CAA CTGTGG-ATGGG-ACTGGCTT-TCT GCGCTCTTCAGATCT
-11.9      31 ..      82   CGACCCGTTAGCTGG CAGACAATCCAGTCCCCATCCCACGG CAA CTGTGG-ATGGG-ACTGGCTT-TCTG CGCTCTTCAGATCTC
-14.2      30 ..      83   GCGACCCGTTAGCTG GCAGACAATCCAGTCCCCATCCCACGG CAA CTGTGG-ATGGG-ACTGGCTT-TCTGC GCTCTTCAGATCTCT
-10.7      29 ..      84   AGCGACCCGTTAGCT GGCAGACAATCCAGTCCCCATCCCACGG CAA CTGTGG-ATGGG-ACTGGCTT-TCTGCG CTCTTCAGATCTCTG
-10.5      29 ..      85   AGCGACCCGTTAGCT G-GCAGACAATCCAGTCCCCATCCCACGG CAA CTGTGG-ATGGG-ACTGGCTT-TCTGCGC TCTTCAGATCTCTGA
  -7      28 ..      86   GAGCGACCCGTTAGC TG-GCAGACAATCCAGTCCCCATCCCACGG CAA CTGTGG-ATGGG-ACTGGCTT-TCTGCGCT CTTCAGATCTCTGAA
 1.5      29 ..      87   AGCGACCCGTTAGCT --G-GCAGACAATCCAGTCCCCATCCCACGG CAA CTGTGG-ATGGG-ACTGGCTT-TCTGCGCTC TTCAGATCTCTGAAA
 6.6      69 ..      88   CGGCAACTGTGGATG            GGACTG GCTTTCTG CGCTCT             TCAGATCTCTGAAAA
 7.8      71 ..      89   GCAACTGTGGATGGG             ACTGGC TTTCTGC GCTCTT             CAGATCTCTGAAAAG
 5.5      70 ..      90   GGCAACTGTGGATGG            GACTGGC TTTCTGC GCTCTTC            AGATCTCTGAAAAGA
 1.8      81 ..      91   ATGGGACTGGCTTTC                 TG CGCTCTT CA                 GATCTCTGAAAAGAG
-0.5      80 ..      92   GATGGGACTGGCTTT                CTG CGCTCTT CAG                ATCTCTGAAAAGAGT
-1.4      79 ..      93   GGATGGGACTGGCTT               TCTG CGCTCTT CAGA               TCTCTGAAAAGAGTT
 2.1      78 ..      94   TGGATGGGACTGGCT              TTCTG CGCTCTT CAGAT              CTCTGAAAAGAGTTG
-4.768e-08      84 ..      95   GGACTGGCTTTCTGC                GCTC TTCA GATC                 TCTGAAAAGAGTTGG
 3.5      83 ..      96   GGGACTGGCTTTCTG               CGCTC TTCA GATCT                CTGAAAAGAGTTGGT
 1.2      82 ..      97   TGGGACTGGCTTTCT              GCGCTC TTCA GATCTC               TGAAAAGAGTTGGTG
 4.7      81 ..      98   ATGGGACTGGCTTTC             TGCGCTC TTCA GATCTCT              GAAAAGAGTTGGTGC
 2.4      80 ..      99   GATGGGACTGGCTTT            CTGCGCTC TTCA GATCTCTG             AAAAGAGTTGGTGCA
-4.4      89 ..     100   GGCTTTCTGCGCTCT                TCAG ATCT CTGA                 AAAGAGTTGGTGCAT
-5.3      88 ..     101   TGGCTTTCTGCGCTC               TTCAG ATCT CTGAA                AAGAGTTGGTGCATT
-1.8      87 ..     102   CTGGCTTTCTGCGCT              CTTCAG ATCT CTGAAA               AGAGTTGGTGCATTC
-2.7      86 ..     103   ACTGGCTTTCTGCGC             TCTTCAG ATCT CTGAAAA              GAGTTGGTGCATTCG
  -5      85 ..     104   GACTGGCTTTCTGCG            CTCTTCAG ATCT CTGAAAAG             AGTTGGTGCATTCGC
-1.5      84 ..     105   GGACTGGCTTTCTGC           GCTCTTCAG ATCT CTGAAAAGA            GTTGGTGCATTCGCA
-4.4      95 ..     106   CTGCGCTCTTCAGAT                CTCT GAAA AGAG                 TTGGTGCATTCGCAC
-2.5      82 ..     107   TGGGACTGGCTTTCT         GCGCTCTTCAG ATCT CTGAAAAGAGT          TGGTGCATTCGCACT
-1.8      93 ..     108   TTCTGCGCTCTTCAG              ATCTCT GAAA AGAGTT               GGTGCATTCGCACTA
-1.3      80 ..     109   GATGGGACTGGCTTT       CTGCGCTCTTCAG ATCT CTGAAAAGAGTTG        GTGCATTCGCACTAA
-4.292e-07      79 ..     110   GGATGGGACTGGCTT      TCTGCGCTCTTCAG ATCT CTGAAAAGAGTTGG       TGCATTCGCACTAAA
 3.5      78 ..     111   TGGATGGGACTGGCT     TTCTGCGCTCTTCAG ATCT CTGAAAAGAGTTGGT      GCATTCGCACTAAAT
   4      87 ..     112   CTGGCTTTCTGCGCT         CTTCAGATCT CTGAAA AGAGTTGGTG          CATTCGCACTAAATC
 4.9      75 ..     113   CTGTGGATGGGACTG  GCTTTCTGCGCTCTTCAG ATCT CTGAAAAGAGTTGGT-GC   ATTCGCACTAAATCT
 6.4      98 ..     114   CGCTCTTCAGATCTC              TGAA AAGAGTTGG TGCA              TTCGCACTAAATCTT
 5.8     104 ..     115   TCAGATCTCTGAAAA                GAGT TGGT GCAT                 TCGCACTAAATCTTT
 2.6     106 ..     116   AGATCTCTGAAAAGA                 GTTG GTG CATT                 CGCACTAAATCTTTG
 1.2     104 ..     117   TCAGATCTCTGAAAA               GAGT TGGTGC ATTC                GCACTAAATCTTTGT
 3.3     108 ..     118   ATCTCTGAAAAGAGT                 TGG TGCAT TCG                 CACTAAATCTTTGTA
 4.7     109 ..     119   TCTCTGAAAAGAGTT                GGTG CATT CGC-                 ACTAAATCTTTGTAT
 2.2     109 ..     120   TCTCTGAAAAGAGTT                GGTG CATT CGCA                 CTAAATCTTTGTATT
-5.8     110 ..     121   CTCTGAAAAGAGTTG                GTGC ATTC GCAC                 TAAATCTTTGTATTG
-4.5     109 ..     122   TCTCTGAAAAGAGTT               GGTGC ATTC GCACT                AAATCTTTGTATTGC
-5.4     108 ..     123   ATCTCTGAAAAGAGT              TGGTGC ATTC GCACTA               AATCTTTGTATTGCG
-6.3     107 ..     124   GATCTCTGAAAAGAG             TTGGTGC ATTC GCACTAA              ATCTTTGTATTGCGA
-2.8     106 ..     125   AGATCTCTGAAAAGA            GTTGGTGC ATTC GCACTAAA             TCTTTGTATTGCGAC
-3.7     105 ..     126   CAGATCTCTGAAAAG           AGTTGGTGC ATTC GCACTAAAT            CTTTGTATTGCGACG
  -6     104 ..     127   TCAGATCTCTGAAAA          GAGTTGGTGC ATTC GCACTAAATC           TTTGTATTGCGACGA
-6.9     103 ..     128   TTCAGATCTCTGAAA         AGAGTTGGTGC ATTC GCACTAAATCT          TTGTATTGCGACGAA
-7.8     102 ..     129   CTTCAGATCTCTGAA        AAGAGTTGGTGC ATTC GCACTAAATCTT         TGTATTGCGACGAAC
-8.7     101 ..     130   TCTTCAGATCTCTGA       AAAGAGTTGGTGC ATTC GCACTAAATCTTT        GTATTGCGACGAACT
-5.2     100 ..     131   CTCTTCAGATCTCTG      AAAAGAGTTGGTGC ATTC GCACTAAATCTTTG       TATTGCGACGAACTT
-3.9      99 ..     132   GCTCTTCAGATCTCT     GAAAAGAGTTGGTGC ATTC GCACTAAATCTTTGT      ATTGCGACGAACTTG
-4.8      98 ..     133   CGCTCTTCAGATCTC    TGAAAAGAGTTGGTGC ATTC GCACTAAATCTTTGTA     TTGCGACGAACTTGT
-1.3      97 ..     134   GCGCTCTTCAGATCT   CTGAAAAGAGTTGGTGC ATTC GCACTAAATCTTTGTAT    TGCGACGAACTTGTT
 1.3     124 ..     135   GGTGCATTCGCACTA                AAT CTTTGT ATT                 GCGACGAACTTGTTT
-0.1      95 ..     136   CTGCGCTCTTCAGAT CTCTGAAAAGAGTTGGTGC ATTC GCACTAAATCTTTGTATTG  CGACGAACTTGTTTG
 0.8     118 ..     137   AGAGTTGGTGCATTC            GCACTAAA TCTT TGTATTGC             GACGAACTTGTTTGT
-1.5     117 ..     138   AAGAGTTGGTGCATT           CGCACTAAA TCTT TGTATTGCG            ACGAACTTGTTTGTA
-2.4     116 ..     139   AAAGAGTTGGTGCAT          TCGCACTAAA TCTT TGTATTGCGA           CGAACTTGTTTGTAG
 1.1     115 ..     140   AAAAGAGTTGGTGCA         TTCGCACTAAA TCTT TGTATTGCGAC          GAACTTGTTTGTAGC
 1.6     127 ..     141   GCATTCGCACTAAAT               CTTTGT ATT GCGACG               AACTTGTTTGTAGCG
 0.7     126 ..     142   TGCATTCGCACTAAA              TCTTTGT ATT GCGACGA              ACTTGTTTGTAGCGG
 0.3     128 ..     143   CATTCGCACTAAATC              TTTGT ATTGCG ACGAA               CTTGTTTGTAGCGGA
 1.9     131 ..     144   TCGCACTAAATCTTT               GTATTG CGA CGA-AC               TTGTTTGTAGCGGAT
 3.9     133 ..     145   GCACTAAATCTTTGT                ATTGC GAC GAACT                TGTTTGTAGCGGATA
 5.5     136 ..     146   CTAAATCTTTGTATT                 GCG ACGAA CTT                 GTTTGTAGCGGATAC
 1.1     137 ..     147   TAAATCTTTGTATTG                 CGA CGAAC TTG                 TTTGTAGCGGATACC
 2.4     136 ..     148   CTAAATCTTTGTATT                GCGA CGAAC TTGT                TTGTAGCGGATACCG
 1.4     138 ..     149   AAATCTTTGTATTGC                GACG AACT TGTT                 TGTAGCGGATACCGC
 4.9     137 ..     150   TAAATCTTTGTATTG               CGACG AACT TGTTT                GTAGCGGATACCGCA
-0.8     140 ..     151   ATCTTTGTATTGCGA                CGAA CTTG TTTG                 TAGCGGATACCGCAT
-1.7     139 ..     152   AATCTTTGTATTGCG               ACGAA CTTG TTTGT                AGCGGATACCGCATC
 1.8     138 ..     153   AAATCTTTGTATTGC              GACGAA CTTG TTTGTA               GCGGATACCGCATCG
-0.5     137 ..     154   TAAATCTTTGTATTG             CGACGAA CTTG TTTGTAG              CGGATACCGCATCGC
-2.8     136 ..     155   CTAAATCTTTGTATT            GCGACGAA CTTG TTTGTAGC             GGATACCGCATCGCT
-1.5     135 ..     156   ACTAAATCTTTGTAT           TGCGACGAA CTTG TTTGTAGCG            GATACCGCATCGCTC
-0.2     134 ..     157   CACTAAATCTTTGTA          TTGCGACGAA CTTG TTTGTAGCGG           ATACCGCATCGCTCG
 0.4     148 ..     158   ATTGCGACGAACTTG                 TTTG TAG CGGA                 TACCGCATCGCTCGG
 1.7     147 ..     159   TATTGCGACGAACTT                GTTTG TAG CGGAT                ACCGCATCGCTCGGG
 0.8     146 ..     160   GTATTGCGACGAACT               TGTTTG TAG CGGATA               CCGCATCGCTCGGGG
-1.1     151 ..     161   GCGACGAACTTGTTT                 GTA GCGGA TAC                 CGCATCGCTCGGGGG
 2.4     150 ..     162   TGCGACGAACTTGTT                TGTA GCGGA TACC                GCATCGCTCGGGGGG
 3.7     149 ..     163   TTGCGACGAACTTGT               TTGTA GCGGA TACCG               CATCGCTCGGGGGGA
-8.2     154 ..     164   ACGAACTTGTTTGTA                 GCGG ATA CCGC                 ATCGCTCGGGGGGAA
-4.7     153 ..     165   GACGAACTTGTTTGT                AGCGG ATA CCGCA                TCGCTCGGGGGGAAC
-3.1     153 ..     166   GACGAACTTGTTTGT               A-GCGG ATA CCGCAT               CGCTCGGGGGGAACG
-3.5     151 ..     167   GCGACGAACTTGTTT              GTAGCGG ATA CCGCATC              GCTCGGGGGGAACGC
-2.2     150 ..     168   TGCGACGAACTTGTT             TGTAGCGG ATA CCGCATCG             CTCGGGGGGAACGCT
 0.3     154 ..     169   ACGAACTTGTTTGTA              GCGGAT ACCGC AT-CGC              TCGGGGGGAACGCTG
  -1     160 ..     170   TTGTTTGTAGCGGAT                 ACCG CAT CGCT                 CGGGGGGAACGCTGT
 2.5     159 ..     171   CTTGTTTGTAGCGGA                TACCG CAT CGCTC                GGGGGGAACGCTGTT
 0.4     162 ..     172   GTTTGTAGCGGATAC                 CG CATCGCT CG                 GGGGGAACGCTGTTC
-1.9     161 ..     173   TGTTTGTAGCGGATA                CCG CATCGCT CGG                GGGGAACGCTGTTCT
 1.6     160 ..     174   TTGTTTGTAGCGGAT               ACCG CATCGCT CGGG               GGGAACGCTGTTCTC
 1.6     161 ..     175   TGTTTGTAGCGGATA               CCGC ATCGCTC GGGG               GGAACGCTGTTCTCC
 1.2     166 ..     176   GTAGCGGATACCGCA                 TCGC TCG GGGG                 GAACGCTGTTCTCCT
 1.2     167 ..     177   TAGCGGATACCGCAT                 CGCT CGG GGGG                 AACGCTGTTCTCCTC
 0.3     166 ..     178   GTAGCGGATACCGCA                TCGCT CGG GGGGA                ACGCTGTTCTCCTCG
 3.3     169 ..     179   GCGGATACCGCATCG                 CTC GGGGG GAA                 CGCTGTTCTCCTCGC
   1     168 ..     180   AGCGGATACCGCATC                GCTC GGGGG GAAC                GCTGTTCTCCTCGCG
-1.3     167 ..     181   TAGCGGATACCGCAT               CGCTC GGGGG GAACG               CTGTTCTCCTCGCGG
 1.9     172 ..     182   GATACCGCATCGCTC                 GGG GGGAA CGC                 TGTTCTCCTCGCGGT
 1.2     173 ..     183   ATACCGCATCGCTCG                 GGGG GAA CGCT                 GTTCTCCTCGCGGTT
  -1     164 ..     184   TTGTAGCGGATACCG            CATCGCTC GGGGG GAACGCTG            TTCTCCTCGCGGTTC
 0.3     163 ..     185   TTTGTAGCGGATACC           GCATCGCTC GGGGG GAACGCTGT           TCTCCTCGCGGTTCC
 3.8     162 ..     186   GTTTGTAGCGGATAC          CGCATCGCTC GGGGG GAACGCTGTT          CTCCTCGCGGTTCCG
-5.4     177 ..     187   CGCATCGCTCGGGGG                 GAAC GCT GTTC                 TCCTCGCGGTTCCGT
-4.1     176 ..     188   CCGCATCGCTCGGGG                GGAAC GCT GTTCT                CCTCGCGGTTCCGTC
-6.4     175 ..     189   ACCGCATCGCTCGGG               GGGAAC GCT GTTCTC               CTCGCGGTTCCGTCG
-8.7     174 ..     190   TACCGCATCGCTCGG              GGGGAAC GCT GTTCTCC              TCGCGGTTCCGTCGC
-7.4     173 ..     191   ATACCGCATCGCTCG             GGGGGAAC GCT GTTCTCCT             CGCGGTTCCGTCGCC
-9.7     172 ..     192   GATACCGCATCGCTC            GGGGGGAAC GCT GTTCTCCTC            GCGGTTCCGTCGCCC
 -12     171 ..     193   GGATACCGCATCGCT           CGGGGGGAAC GCT GTTCTCCTCG           CGGTTCCGTCGCCCC
-8.5     170 ..     194   CGGATACCGCATCGC          TCGGGGGGAAC GCT GTTCTCCTCGC          GGTTCCGTCGCCCCA
-10.8     169 ..     195   GCGGATACCGCATCG         CTCGGGGGGAAC GCT GTTCTCCTCGCG         GTTCCGTCGCCCCAx
-7.3     168 ..     196   AGCGGATACCGCATC        GCTCGGGGGGAAC GCT GTTCTCCTCGCGG        TTCCGTCGCCCCAxx
-5.7     168 ..     197   AGCGGATACCGCATC       GCT-CGGGGGGAAC GCT GTTCTCCTCGCGGT       TCCGTCGCCCCAxxx
-4.5     165 ..     198   TGTAGCGGATACCGC     ATCGCTCGGGGGGAAC GCT GTTCTCCTCGCG-GTT     CCGTCGCCCCAxxxx
  -3     163 ..     199   TTTGTAGCGGATACC   GCATCGCTCGGGGGGAAC GCT GTTCTCCTCG--CGGTTC   CGTCGCCCCAxxxxx
-3.3     163 ..     200   TTTGTAGCGGATACC   GCATCGCTCGGGGGGAAC GCT GTTCTCCTCGCG-GTTCC   GTCGCCCCAxxxxxx
-5.6     162 ..     201   GTTTGTAGCGGATAC  CGCATCGCTCGGGGGGAAC GCT GTTCTCCTCGCG-GTTCCG  TCGCCCCAxxxxxxx
-2.7     160 ..     202   TTGTTTGTAGCGGAT ACCGCATCGCTCGGGGGGAAC GCT GTTCTCCTCG--CGGTTCCGT CGCCCCAxxxxxxxx
 0.8     159 ..     203   CTTGTTTGTAGCGGA TACCGCATCGCTCGGGGGGAAC GCT GTTCTCCTCG--CGGTTCCGTC GCCCCAxxxxxxxxx
-1.2     192 ..     204   GAACGCTGTTCTCCT               CG-CG GTTC CGTCG                CCCCAxxxxxxxxxx
-3.3     193 ..     205   AACGCTGTTCTCCTC                GCGGT TCC GTCGC                CCCAxxxxxxxxxxx
-0.3     156 ..     206   GAACTTGTTTGTAGC GGATACCGCATCGCTCGGGGGGAAC GCT GTTCTCCTCG--CGGTTCCGTCGCC CCAxxxxxxxxxxxx
 1.6     156 ..     207   GAACTTGTTTGTAGC GGATACCGCATCGCTCGGGGGGAAC GCT GTTCTCCTCGCG-GTTCCGTCGCCC CAxxxxxxxxxxxxx
 0.9     154 ..     208   ACGAACTTGTTTGTA GCGGATACCGCATCGCTCGGGGGGAAC GCT GTTCTCCTCG--CGGTTCCGTCGCCCC Axxxxxxxxxxxxxx
