>AAFC03117925.1:24558-24758 Bos taurus breed Hereford Ctg13465, whole genome shotgun sequence FORWARD
 6.9       1 ..      11   xxxxxxxxxxxxxxx                 CAG ATTAC TTT                 TAAGTCTGAAGGGTT
 2.5       2 ..      12   xxxxxxxxxxxxxxC                 AGA TTACT TTT                 AAGTCTGAAGGGTTC
   6       1 ..      13   xxxxxxxxxxxxxxx                CAGA TTACT TTTA                AGTCTGAAGGGTTCT
 5.3       4 ..      14   xxxxxxxxxxxxCAG                ATTA CTTT TAA-                 GTCTGAAGGGTTCTA
 2.8       4 ..      15   xxxxxxxxxxxxCAG                ATTA CTTT TAAG                 TCTGAAGGGTTCTAT
 3.9       6 ..      16   xxxxxxxxxxCAGAT                TACT TTTA AGT-                 CTGAAGGGTTCTATT
 1.4       6 ..      17   xxxxxxxxxxCAGAT                TACT TTTA AGTC                 TGAAGGGTTCTATTC
 1.2       2 ..      18   xxxxxxxxxxxxxxC             AGA-TTA CTTT TAAGTCT              GAAGGGTTCTATTCA
-1.1       1 ..      19   xxxxxxxxxxxxxxx            CAGA-TTA CTTT TAAGTCTG             AAGGGTTCTATTCAA
 4.9       1 ..      20   xxxxxxxxxxxxxxx           -CAGA-TTA CTTT TAAGTCTGA            AGGGTTCTATTCAAA
 0.6      10 ..      21   xxxxxxCAGATTACT                TTTA AGTC TGAA                 GGGTTCTATTCAAAT
 1.9       9 ..      22   xxxxxxxCAGATTAC               TTTTA AGTC TGAAG                GGTTCTATTCAAATC
-0.4       8 ..      23   xxxxxxxxCAGATTA              CTTTTA AGTC TGAAGG               GTTCTATTCAAATCT
 2.1       8 ..      24   xxxxxxxxCAGATTA              CTTTTAA GTC TGAAGGG              TTCTATTCAAATCTT
 1.2       7 ..      25   xxxxxxxxxCAGATT             ACTTTTAA GTC TGAAGGGT             TCTATTCAAATCTTG
 1.7      14 ..      26   xxCAGATTACTTTTA                AGTCT GAA GGGTT                CTATTCAAATCTTGA
 5.2      13 ..      27   xxxCAGATTACTTTT               AAGTCT GAA GGGTTC               TATTCAAATCTTGAA
 0.4      18 ..      28   GATTACTTTTAAGTC                 TGAA GGG TTCT                 ATTCAAATCTTGAAA
   2      18 ..      29   GATTACTTTTAAGTC                T-GAA GGG TTCTA                TTCAAATCTTGAAAT
 2.6      20 ..      30   TTACTTTTAAGTCTG                 AAGG GTT CTAT                 TCAAATCTTGAAATG
 3.9      19 ..      31   ATTACTTTTAAGTCT                GAAGG GTT CTATT                CAAATCTTGAAATGT
 0.4      22 ..      32   ACTTTTAAGTCTGAA                 GGGT TCT ATTC                 AAATCTTGAAATGTC
   1      18 ..      33   GATTACTTTTAAGTC              TGAA-GG GTT CTATTCA              AATCTTGAAATGTCT
 4.5      17 ..      34   AGATTACTTTTAAGT             CTGAA-GG GTT CTATTCAA             ATCTTGAAATGTCTT
 3.2      25 ..      35   TTTAAGTCTGAAGGG                 TT CTATTCA AA                 TCTTGAAATGTCTTT
 4.5      24 ..      36   TTTTAAGTCTGAAGG                GTT CTATTCA AAT                CTTGAAATGTCTTTT
 2.2      23 ..      37   CTTTTAAGTCTGAAG               GGTT CTATTCA AATC               TTGAAATGTCTTTTG
 3.5      22 ..      38   ACTTTTAAGTCTGAA              GGGTT CTATTCA AATCT              TGAAATGTCTTTTGA
 2.6      21 ..      39   TACTTTTAAGTCTGA             AGGGTT CTATTCA AATCTT             GAAATGTCTTTTGAC
 6.1      20 ..      40   TTACTTTTAAGTCTG            AAGGGTT CTATTCA AATCTTG            AAATGTCTTTTGACT
  -4      31 ..      41   TCTGAAGGGTTCTAT                 TCAA ATC TTGA                 AATGTCTTTTGACTT
-4.9      30 ..      42   GTCTGAAGGGTTCTA                TTCAA ATC TTGAA                ATGTCTTTTGACTTT
-1.4      29 ..      43   AGTCTGAAGGGTTCT               ATTCAA ATC TTGAAA               TGTCTTTTGACTTTA
 0.2      29 ..      44   AGTCTGAAGGGTTCT              A-TTCAA ATC TTGAAAT              GTCTTTTGACTTTAT
-0.2      27 ..      45   TAAGTCTGAAGGGTT             CTATTCAA ATC TTGAAATG             TCTTTTGACTTTATA
 3.3      26 ..      46   TTAAGTCTGAAGGGT            TCTATTCAA ATC TTGAAATGT            CTTTTGACTTTATAT
 6.2      24 ..      47   TTTTAAGTCTGAAGG          GTTCTATTCAA ATC TTGAA-ATGTC          TTTTGACTTTATATT
 7.4      34 ..      48   GAAGGGTTCTATTCA               AATCTT GAA ATGTCT               TTTGACTTTATATTT
 5.8      38 ..      49   GGTTCTATTCAAATC                TTGA AATG TCTT                 TTGACTTTATATTTG
 2.5      40 ..      50   TTCTATTCAAATCTT                 GAA ATGTC TTT                 TGACTTTATATTTGA
 0.3      41 ..      51   TCTATTCAAATCTTG                 AAA TGTCT TTT                 GACTTTATATTTGAA
 1.9      39 ..      52   GTTCTATTCAAATCT               TGAAA TGTC TTTTG                ACTTTATATTTGAAA
   1      38 ..      53   GGTTCTATTCAAATC              TTGAAA TGTC TTTTGA               CTTTATATTTGAAAA
 2.5      44 ..      54   ATTCAAATCTTGAAA                TGTC TTTT GAC-                 TTTATATTTGAAAAC
   0      44 ..      55   ATTCAAATCTTGAAA                TGTC TTTT GACT                 TTATATTTGAAAACC
-0.9      43 ..      56   TATTCAAATCTTGAA               ATGTC TTTT GACTT                TATATTTGAAAACCT
-1.8      42 ..      57   CTATTCAAATCTTGA              AATGTC TTTT GACTTT               ATATTTGAAAACCTG
 1.7      41 ..      58   TCTATTCAAATCTTG             AAATGTC TTTT GACTTTA              TATTTGAAAACCTGT
   3      40 ..      59   TTCTATTCAAATCTT            GAAATGTC TTTT GACTTTAT             ATTTGAAAACCTGTA
 2.1      39 ..      60   GTTCTATTCAAATCT           TGAAATGTC TTTT GACTTTATA            TTTGAAAACCTGTAT
 5.6      38 ..      61   GGTTCTATTCAAATC          TTGAAATGTC TTTT GACTTTATAT           TTGAAAACCTGTATG
 5.4      52 ..      62   CTTGAAATGTCTTTT                 GA CTTTATA TT                 TGAAAACCTGTATGC
   5      52 ..      63   CTTGAAATGTCTTTT                GACT TTAT ATTT                 GAAAACCTGTATGCA
 4.7      54 ..      64   TGAAATGTCTTTTGA                 C TTTATATTT G                 AAAACCTGTATGCAT
   4      55 ..      65   GAAATGTCTTTTGAC                 TTTA TAT TTGA                 AAACCTGTATGCATG
 0.6      55 ..      66   GAAATGTCTTTTGAC                TTTA TATT TGAA                 AACCTGTATGCATGT
 2.3      55 ..      67   GAAATGTCTTTTGAC                TTT ATATTTG AAA                ACCTGTATGCATGTG
 3.3      55 ..      68   GAAATGTCTTTTGAC               TTT ATATTTGA AAA                CCTGTATGCATGTGC
 5.3      52 ..      69   CTTGAAATGTCTTTT             GACTTTA TATT TGAAAAC              CTGTATGCATGTGCA
 6.2      60 ..      70   GTCTTTTGACTTTAT                 ATTT GAA AACC                 TGTATGCATGTGCAT
 6.3      58 ..      71   ATGTCTTTTGACTTT               ATATT TGAA AACCT                GTATGCATGTGCATT
 5.5      62 ..      72   CTTTTGACTTTATAT                 TTG AAAAC CTG                 TATGCATGTGCATTC
 7.1      60 ..      73   GTCTTTTGACTTTAT               ATTTG AAAA CCTGT                ATGCATGTGCATTCA
   5      63 ..      74   TTTTGACTTTATATT                TGAA AACC TGTA                 TGCATGTGCATTCAT
 4.7      65 ..      75   TTGACTTTATATTTG                 AAA ACCTG TAT                 GCATGTGCATTCATG
 6.6      57 ..      76   AATGTCTTTTGACTT            TATATTTG AAAA CCTGTATG             CATGTGCATTCATGA
 4.9      64 ..      77   TTTGACTTTATATTT               GAAAA CCTG TATGC                ATGTGCATTCATGAA
   4      63 ..      78   TTTTGACTTTATATT              TGAAAA CCTG TATGCA               TGTGCATTCATGAAG
 6.8      67 ..      79   GACTTTATATTTGAA                AACC TGTAT GCAT                GTGCATTCATGAAGG
-4.768e-08      69 ..      80   CTTTATATTTGAAAA                CCTG TATG CATG                 TGCATTCATGAAGGG
-0.9      68 ..      81   ACTTTATATTTGAAA               ACCTG TATG CATGT                GCATTCATGAAGGGT
 2.6      67 ..      82   GACTTTATATTTGAA              AACCTG TATG CATGTG               CATTCATGAAGGGTA
 1.4      72 ..      83   TATATTTGAAAACCT                GTAT GCAT GTGC                 ATTCATGAAGGGTAG
 0.5      71 ..      84   TTATATTTGAAAACC               TGTAT GCAT GTGCA                TTCATGAAGGGTAGA
-4.4      74 ..      85   TATTTGAAAACCTGT                ATGC ATGT GCAT                 TCATGAAGGGTAGAG
-0.9      73 ..      86   ATATTTGAAAACCTG               TATGC ATGT GCATT                CATGAAGGGTAGAGA
-3.2      72 ..      87   TATATTTGAAAACCT              GTATGC ATGT GCATTC               ATGAAGGGTAGAGAC
-4.1      71 ..      88   TTATATTTGAAAACC             TGTATGC ATGT GCATTCA              TGAAGGGTAGAGACA
-0.6      70 ..      89   TTTATATTTGAAAAC            CTGTATGC ATGT GCATTCAT             GAAGGGTAGAGACAT
-2.9      69 ..      90   CTTTATATTTGAAAA           CCTGTATGC ATGT GCATTCATG            AAGGGTAGAGACATG
 0.6      68 ..      91   ACTTTATATTTGAAA          ACCTGTATGC ATGT GCATTCATGA           AGGGTAGAGACATGA
 0.2      75 ..      92   ATTTGAAAACCTGTA             TGCATG TGCATT CATGAA              GGGTAGAGACATGAT
 1.2      70 ..      93   TTTATATTTGAAAAC          CTGTATGCAT GTGC ATTCATGAAG           GGTAGAGACATGATG
-1.1      69 ..      94   CTTTATATTTGAAAA         CCTGTATGCAT GTGC ATTCATGAAGG          GTAGAGACATGATGA
 2.4      68 ..      95   ACTTTATATTTGAAA        ACCTGTATGCAT GTGC ATTCATGAAGGG         TAGAGACATGATGAA
 1.5      67 ..      96   GACTTTATATTTGAA       AACCTGTATGCAT GTGC ATTCATGAAGGGT        AGAGACATGATGAAT
   5      81 ..      97   AAACCTGTATGCATG              TGCATT CATGA AGGGTA              GAGACATGATGAATG
 5.7      87 ..      98   GTATGCATGTGCATT                C ATGAAGGGTA G                 AGACATGATGAATGT
 4.8      86 ..      99   TGTATGCATGTGCAT               TC ATGAAGGGTA GA                GACATGATGAATGTT
 6.1      85 ..     100   CTGTATGCATGTGCA              TTC ATGAAGGGTA GAG               ACATGATGAATGTTC
 6.2      86 ..     101   TGTATGCATGTGCAT              TCATGA AGGG TAGAGA               CATGATGAATGTTCT
 6.7      90 ..     102   TGCATGTGCATTCAT                G AAGGGTAGAGA C                ATGATGAATGTTCTC
 5.8      89 ..     103   ATGCATGTGCATTCA               TG AAGGGTAGAGA CA               TGATGAATGTTCTCA
 3.6      93 ..     104   ATGTGCATTCATGAA                GGGT AGAG ACAT                 GATGAATGTTCTCAC
 2.6      87 ..     105   GTATGCATGTGCATT             CATG AAGGGTAGAGA CATG             ATGAATGTTCTCACC
 1.7      86 ..     106   TGTATGCATGTGCAT            TCATG AAGGGTAGAGA CATGA            TGAATGTTCTCACCT
 5.2      85 ..     107   CTGTATGCATGTGCA           TTCATG AAGGGTAGAGA CATGAT           GAATGTTCTCACCTG
 4.5      83 ..     108   ACCTGTATGCATGTG         CATTCATG AAGGGTAGAGA CATG-ATG         AATGTTCTCACCTGA
 4.8      86 ..     109   TGTATGCATGTGCAT          TCATGAAG GGTAGAGA CATGATGA           ATGTTCTCACCTGAG
 3.9      85 ..     110   CTGTATGCATGTGCA         TTCATGAAG GGTAGAGA CATGATGAA          TGTTCTCACCTGAGT
   3      84 ..     111   CCTGTATGCATGTGC        ATTCATGAAG GGTAGAGA CATGATGAAT         GTTCTCACCTGAGTT
-1.1     102 ..     112   CATGAAGGGTAGAGA                 CAT GATGA ATG                 TTCTCACCTGAGTTA
  -2     101 ..     113   TCATGAAGGGTAGAG                ACAT GATGA ATGT                TCTCACCTGAGTTAG
-0.7     100 ..     114   TTCATGAAGGGTAGA               GACAT GATGA ATGTT               CTCACCTGAGTTAGA
 0.8      98 ..     115   CATTCATGAAGGGTA             GAGACAT GATGA ATGT-TC             TCACCTGAGTTAGAA
-0.1      97 ..     116   GCATTCATGAAGGGT            AGAGACAT GATGA ATGT-TCT            CACCTGAGTTAGAAC
-1.5      98 ..     117   CATTCATGAAGGGTA            GAG-ACAT GATGA ATGTTCTC            ACCTGAGTTAGAACC
-0.1     107 ..     118   AGGGTAGAGACATGA                TGA ATGTTC TCA                 CCTGAGTTAGAACCA
 1.3      95 ..     119   GTGCATTCATGAAGG         GTAGAG-ACAT GATGA ATGTTCTC-AC         CTGAGTTAGAACCAA
  -1      94 ..     120   TGTGCATTCATGAAG        GGTAGAG-ACAT GATGA ATGTTCTC-ACC        TGAGTTAGAACCAAA
 0.3      93 ..     121   ATGTGCATTCATGAA       GGGTAGAG-ACAT GATGA ATGTTCTC-ACCT       GAGTTAGAACCAAAC
 3.8      92 ..     122   CATGTGCATTCATGA      AGGGTAGAG-ACAT GATGA ATGTTCTC-ACCTG      AGTTAGAACCAAACC
 5.4     113 ..     123   GAGACATGATGAATG                 TT CTCACCT GA                 GTTAGAACCAAACCC
 2.1     113 ..     124   GAGACATGATGAATG                TTC TCACCT GAG                 TTAGAACCAAACCCA
   0     114 ..     125   AGACATGATGAATGT                TCTC ACCT GAGT                 TAGAACCAAACCCAG
 3.5     113 ..     126   GAGACATGATGAATG               TTCTC ACCT GAGTT                AGAACCAAACCCAGC
 1.4     116 ..     127   ACATGATGAATGTTC                TCAC CTGA GTTA                 GAACCAAACCCAGCG
-0.9     115 ..     128   GACATGATGAATGTT               CTCAC CTGA GTTAG                AACCAAACCCAGCGC
-1.8     114 ..     129   AGACATGATGAATGT              TCTCAC CTGA GTTAGA               ACCAAACCCAGCGCA
-2.7     113 ..     130   GAGACATGATGAATG             TTCTCAC CTGA GTTAGAA              CCAAACCCAGCGCAG
  -5     112 ..     131   AGAGACATGATGAAT            GTTCTCAC CTGA GTTAGAAC             CAAACCCAGCGCAGG
-1.5     111 ..     132   TAGAGACATGATGAA           TGTTCTCAC CTGA GTTAGAACC            AAACCCAGCGCAGGC
 0.1     111 ..     133   TAGAGACATGATGAA          TG-TTCTCAC CTGA GTTAGAACCA           AACCCAGCGCAGGCA
 3.6     110 ..     134   GTAGAGACATGATGA         ATG-TTCTCAC CTGA GTTAGAACCAA          ACCCAGCGCAGGCAG
 0.4     125 ..     135   ATGTTCTCACCTGAG                 TTAG AAC CAAA                 CCCAGCGCAGGCAGC
-1.9     124 ..     136   AATGTTCTCACCTGA                GTTAG AAC CAAAC                CCAGCGCAGGCAGCT
 1.6     123 ..     137   GAATGTTCTCACCTG               AGTTAG AAC CAAACC               CAGCGCAGGCAGCTG
-0.7     122 ..     138   TGAATGTTCTCACCT              GAGTTAG AAC CAAACCC              AGCGCAGGCAGCTGC
-1.6     121 ..     139   ATGAATGTTCTCACC             TGAGTTAG AAC CAAACCCA             GCGCAGGCAGCTGCC
-3.9     120 ..     140   GATGAATGTTCTCAC            CTGAGTTAG AAC CAAACCCAG            CGCAGGCAGCTGCCC
-0.4     119 ..     141   TGATGAATGTTCTCA           CCTGAGTTAG AAC CAAACCCAGC           GCAGGCAGCTGCCCT
-0.2     119 ..     142   TGATGAATGTTCTCA          C-CTGAGTTAG AAC CAAACCCAGCG          CAGGCAGCTGCCCTG
 3.3     118 ..     143   ATGATGAATGTTCTC         AC-CTGAGTTAG AAC CAAACCCAGCGC         AGGCAGCTGCCCTGA
 5.6     121 ..     144   ATGAATGTTCTCACC          TGAGTTAG AACCAAAC CCAGCGCA           GGCAGCTGCCCTGAG
 3.3     120 ..     145   GATGAATGTTCTCAC         CTGAGTTAG AACCAAAC CCAGCGCAG          GCAGCTGCCCTGAGC
 0.4     136 ..     146   TGAGTTAGAACCAAA                 CC CAGCGCA GG                 CAGCTGCCCTGAGCT
 2.9     136 ..     147   TGAGTTAGAACCAAA                CCC AGCGCA GGC                 AGCTGCCCTGAGCTT
 6.4     135 ..     148   CTGAGTTAGAACCAA               ACCC AGCGCA GGCA                GCTGCCCTGAGCTTT
-1.4     138 ..     149   AGTTAGAACCAAACC                CAGC GCAG GCAG                 CTGCCCTGAGCTTTG
 0.4     140 ..     150   TTAGAACCAAACCCA                 GC GCAGGCA GC                 TGCCCTGAGCTTTGT
-0.5     139 ..     151   GTTAGAACCAAACCC                AGC GCAGGCA GCT                GCCCTGAGCTTTGTT
-2.8     138 ..     152   AGTTAGAACCAAACC               CAGC GCAGGCA GCTG               CCCTGAGCTTTGTTA
-5.8     142 ..     153   AGAACCAAACCCAGC                GCAG GCAG CTGC                 CCTGAGCTTTGTTAT
-2.3     141 ..     154   TAGAACCAAACCCAG               CGCAG GCAG CTGCC                CTGAGCTTTGTTATT
-4.6     140 ..     155   TTAGAACCAAACCCA              GCGCAG GCAG CTGCCC               TGAGCTTTGTTATTA
-5.5     139 ..     156   GTTAGAACCAAACCC             AGCGCAG GCAG CTGCCCT              GAGCTTTGTTATTAC
-7.8     138 ..     157   AGTTAGAACCAAACC            CAGCGCAG GCAG CTGCCCTG             AGCTTTGTTATTACA
-4.3     137 ..     158   GAGTTAGAACCAAAC           CCAGCGCAG GCAG CTGCCCTGA            GCTTTGTTATTACAA
-6.6     136 ..     159   TGAGTTAGAACCAAA          CCCAGCGCAG GCAG CTGCCCTGAG           CTTTGTTATTACAAT
-3.9     140 ..     160   TTAGAACCAAACCCA            GCGCAGG CAGCTGC CCTGAGC            TTTGTTATTACAATT
-4.8     139 ..     161   GTTAGAACCAAACCC           AGCGCAGG CAGCTGC CCTGAGCT           TTGTTATTACAATTT
-4.9     133 ..     162   ACCTGAGTTAGAACC       AAACCCAGCGCAG GCAG CTGCCCTGAGCTT        TGTTATTACAATTTT
-3.3     133 ..     163   ACCTGAGTTAGAACC      AAA-CCCAGCGCAG GCAG CTGCCCTGAGCTTT       GTTATTACAATTTTG
-5.6     132 ..     164   CACCTGAGTTAGAAC     CAAA-CCCAGCGCAG GCAG CTGCCCTGAGCTTTG      TTATTACAATTTTGG
-4.6     130 ..     165   CTCACCTGAGTTAGA    ACCAAACCCAGCGCAG GCAG CTGCCCTGAGCTTTGT     TATTACAATTTTGGC
-5.5     129 ..     166   TCTCACCTGAGTTAG   AACCAAACCCAGCGCAG GCAG CTGCCCTGAGCTTTGTT    ATTACAATTTTGGCC
  -2     128 ..     167   TTCTCACCTGAGTTA  GAACCAAACCCAGCGCAG GCAG CTGCCCTGAGCTTTGTTA   TTACAATTTTGGCCT
-2.9     127 ..     168   GTTCTCACCTGAGTT AGAACCAAACCCAGCGCAG GCAG CTGCCCTGAGCTTTGTTAT  TACAATTTTGGCCTG
 0.6     126 ..     169   TGTTCTCACCTGAGT TAGAACCAAACCCAGCGCAG GCAG CTGCCCTGAGCTTTGTTATT ACAATTTTGGCCTGA
-0.3     125 ..     170   ATGTTCTCACCTGAG TTAGAACCAAACCCAGCGCAG GCAG CTGCCCTGAGCTTTGTTATTA CAATTTTGGCCTGAC
-2.6     124 ..     171   AATGTTCTCACCTGA GTTAGAACCAAACCCAGCGCAG GCAG CTGCCCTGAGCTTTGTTATTAC AATTTTGGCCTGACA
 0.9     123 ..     172   GAATGTTCTCACCTG AGTTAGAACCAAACCCAGCGCAG GCAG CTGCCCTGAGCTTTGTTATTACA ATTTTGGCCTGACAT
  -3     162 ..     173   CAGCTGCCCTGAGCT                TTGT TATT ACAA                 TTTTGGCCTGACATG
 0.5     161 ..     174   GCAGCTGCCCTGAGC               TTTGT TATT ACAAT                TTTGGCCTGACATGC
   4     160 ..     175   GGCAGCTGCCCTGAG              CTTTGT TATT ACAATT               TTGGCCTGACATGCG
 5.3     159 ..     176   AGGCAGCTGCCCTGA             GCTTTGT TATT ACAATTT              TGGCCTGACATGCGA
 4.4     158 ..     177   CAGGCAGCTGCCCTG            AGCTTTGT TATT ACAATTTT             GGCCTGACATGCGAG
 6.9     168 ..     178   CCCTGAGCTTTGTTA                 TTA CAATT TTG                 GCCTGACATGCGAGT
 5.7     168 ..     179   CCCTGAGCTTTGTTA                TTA CAATTT TGG                 CCTGACATGCGAGTT
 4.8     170 ..     180   CTGAGCTTTGTTATT                 ACAA TTT TGGC                 CTGACATGCGAGTTG
 8.3     169 ..     181   CCTGAGCTTTGTTAT                TACAA TTT TGGCC                TGACATGCGAGTTGG
 6.1     172 ..     182   GAGCTTTGTTATTAC                 A ATTTTGGCC T                 GACATGCGAGTTGGA
 3.8     171 ..     183   TGAGCTTTGTTATTA                CA ATTTTGGCC TG                ACATGCGAGTTGGAA
 5.4     174 ..     184   GCTTTGTTATTACAA                 TT TTGGCCT GA                 CATGCGAGTTGGAAA
 6.2     175 ..     185   CTTTGTTATTACAAT                 TTTG GCC TGAC                 ATGCGAGTTGGAAAA
 5.3     174 ..     186   GCTTTGTTATTACAA                TTTTG GCC TGACA                TGCGAGTTGGAAAAT
 4.3     176 ..     187   TTTGTTATTACAATT                TTG GCCTGA CAT                 GCGAGTTGGAAAATx
 5.6     175 ..     188   CTTTGTTATTACAAT               TTTG GCCTGA CATG                CGAGTTGGAAAATxx
  -1     179 ..     189   GTTATTACAATTTTG                 GCCT GAC ATGC                 GAGTTGGAAAATxxx
 2.5     178 ..     190   TGTTATTACAATTTT                GGCCT GAC ATGCG                AGTTGGAAAATxxxx
 1.6     177 ..     191   TTGTTATTACAATTT               TGGCCT GAC ATGCGA               GTTGGAAAATxxxxx
 2.8     181 ..     192   TATTACAATTTTGGC                CT GACATGCG AG                 TTGGAAAATxxxxxx
 4.5     179 ..     193   GTTATTACAATTTTG               GCCTG ACATG CGAGT               TGGAAAATxxxxxxx
 2.1     183 ..     194   TTACAATTTTGGCCT                GAC ATGCGA GTT                 GGAAAATxxxxxxxx
 1.8     185 ..     195   ACAATTTTGGCCTGA                 CA TGCGAGT TG                 GAAAATxxxxxxxxx
 1.1     181 ..     196   TATTACAATTTTGGC              CTGAC ATGCGA GTTGG               AAAATxxxxxxxxxx
 2.6     187 ..     197   AATTTTGGCCTGACA                 TGCG AGT TGGA                 AAATxxxxxxxxxxx
 4.3     187 ..     198   AATTTTGGCCTGACA                TGC GAGTTG GAA                 AATxxxxxxxxxxxx
 7.8     186 ..     199   CAATTTTGGCCTGAC               ATGC GAGTTG GAAA                ATxxxxxxxxxxxxx
 8.7     176 ..     200   TTTGTTATTACAATT         TTGGCCTGAC ATGCGA GTT-GGAAAA          Txxxxxxxxxxxxxx
