>URS0000D6644A sRNA from 1 species FORWARD
None       1 ..      11   xxxxxxxxxxxxxxx                  ACGACCGAUUG                  UAAAGCUAUAAAUGU
 7.2       1 ..      12   xxxxxxxxxxxxxxx                AC GACCGAUU GU                 AAAGCUAUAAAUGUC
 7.7       3 ..      13   xxxxxxxxxxxxxAC                 GAC CGAUU GUA                 AAGCUAUAAAUGUCU
None       4 ..      14   xxxxxxxxxxxxACG                  ACCGAUUGUAA                  AGCUAUAAAUGUCUC
None       5 ..      15   xxxxxxxxxxxACGA                  CCGAUUGUAAA                  GCUAUAAAUGUCUCA
 4.7       6 ..      16   xxxxxxxxxxACGAC                 C GAUUGUAAA G                 CUAUAAAUGUCUCAU
 4.7       7 ..      17   xxxxxxxxxACGACC                 G AUUGUAAAG C                 UAUAAAUGUCUCAUU
 8.2       6 ..      18   xxxxxxxxxxACGAC                CG AUUGUAAAG CU                AUAAAUGUCUCAUUA
 7.7       9 ..      19   xxxxxxxACGACCGA                 UUG UAAAG CUA                 UAAAUGUCUCAUUAU
None      10 ..      20   xxxxxxACGACCGAU                  UGUAAAGCUAU                  AAAUGUCUCAUUAUA
None      11 ..      21   xxxxxACGACCGAUU                  GUAAAGCUAUA                  AAUGUCUCAUUAUAA
None      12 ..      22   xxxxACGACCGAUUG                  UAAAGCUAUAA                  AUGUCUCAUUAUAAU
None      13 ..      23   xxxACGACCGAUUGU                  AAAGCUAUAAA                  UGUCUCAUUAUAAUA
None      14 ..      24   xxACGACCGAUUGUA                  AAGCUAUAAAU                  GUCUCAUUAUAAUAA
None      15 ..      25   xACGACCGAUUGUAA                  AGCUAUAAAUG                  UCUCAUUAUAAUAAU
 6.2      16 ..      26   ACGACCGAUUGUAAA                 GC UAUAAAU GU                 CUCAUUAUAAUAAUU
 5.7      16 ..      27   ACGACCGAUUGUAAA                G CUAUAAAUGU C                 UCAUUAUAAUAAUUU
None      18 ..      28   GACCGAUUGUAAAGC                  UAUAAAUGUCU                  CAUUAUAAUAAUUUU
 7.7      16 ..      29   ACGACCGAUUGUAAA               G CUAUAAAUGUCU C                AUUAUAAUAAUUUUG
None      20 ..      30   CCGAUUGUAAAGCUA                  UAAAUGUCUCA                  UUAUAAUAAUUUUGA
None      21 ..      31   CGAUUGUAAAGCUAU                  AAAUGUCUCAU                  UAUAAUAAUUUUGAU
None      22 ..      32   GAUUGUAAAGCUAUA                  AAUGUCUCAUU                  AUAAUAAUUUUGAUU
None      23 ..      33   AUUGUAAAGCUAUAA                  AUGUCUCAUUA                  UAAUAAUUUUGAUUU
None      24 ..      34   UUGUAAAGCUAUAAA                  UGUCUCAUUAU                  AAUAAUUUUGAUUUA
None      25 ..      35   UGUAAAGCUAUAAAU                  GUCUCAUUAUA                  AUAAUUUUGAUUUAA
None      26 ..      36   GUAAAGCUAUAAAUG                  UCUCAUUAUAA                  UAAUUUUGAUUUAAU
None      27 ..      37   UAAAGCUAUAAAUGU                  CUCAUUAUAAU                  AAUUUUGAUUUAAUA
None      28 ..      38   AAAGCUAUAAAUGUC                  UCAUUAUAAUA                  AUUUUGAUUUAAUAA
None      29 ..      39   AAGCUAUAAAUGUCU                  CAUUAUAAUAA                  UUUUGAUUUAAUAAU
None      30 ..      40   AGCUAUAAAUGUCUC                  AUUAUAAUAAU                  UUUGAUUUAAUAAUC
None      31 ..      41   GCUAUAAAUGUCUCA                  UUAUAAUAAUU                  UUGAUUUAAUAAUCA
None      32 ..      42   CUAUAAAUGUCUCAU                  UAUAAUAAUUU                  UGAUUUAAUAAUCAA
None      33 ..      43   UAUAAAUGUCUCAUU                  AUAAUAAUUUU                  GAUUUAAUAAUCAAA
None      34 ..      44   AUAAAUGUCUCAUUA                  UAAUAAUUUUG                  AUUUAAUAAUCAAAA
None      35 ..      45   UAAAUGUCUCAUUAU                  AAUAAUUUUGA                  UUUAAUAAUCAAAAU
None      36 ..      46   AAAUGUCUCAUUAUA                  AUAAUUUUGAU                  UUAAUAAUCAAAAUG
None      37 ..      47   AAUGUCUCAUUAUAA                  UAAUUUUGAUU                  UAAUAAUCAAAAUGG
None      38 ..      48   AUGUCUCAUUAUAAU                  AAUUUUGAUUU                  AAUAAUCAAAAUGGA
None      39 ..      49   UGUCUCAUUAUAAUA                  AUUUUGAUUUA                  AUAAUCAAAAUGGAA
None      40 ..      50   GUCUCAUUAUAAUAA                  UUUUGAUUUAA                  UAAUCAAAAUGGAAU
None      41 ..      51   UCUCAUUAUAAUAAU                  UUUGAUUUAAU                  AAUCAAAAUGGAAUU
None      42 ..      52   CUCAUUAUAAUAAUU                  UUGAUUUAAUA                  AUCAAAAUGGAAUUA
None      43 ..      53   UCAUUAUAAUAAUUU                  UGAUUUAAUAA                  UCAAAAUGGAAUUAU
None      44 ..      54   CAUUAUAAUAAUUUU                  GAUUUAAUAAU                  CAAAAUGGAAUUAUA
 5.7      44 ..      55   CAUUAUAAUAAUUUU                G AUUUAAUAAU C                 AAAAUGGAAUUAUAA
None      46 ..      56   UUAUAAUAAUUUUGA                  UUUAAUAAUCA                  AAAUGGAAUUAUAAU
None      47 ..      57   UAUAAUAAUUUUGAU                  UUAAUAAUCAA                  AAUGGAAUUAUAAUA
None      48 ..      58   AUAAUAAUUUUGAUU                  UAAUAAUCAAA                  AUGGAAUUAUAAUAU
None      49 ..      59   UAAUAAUUUUGAUUU                  AAUAAUCAAAA                  UGGAAUUAUAAUAUA
None      50 ..      60   AAUAAUUUUGAUUUA                  AUAAUCAAAAU                  GGAAUUAUAAUAUAA
None      51 ..      61   AUAAUUUUGAUUUAA                  UAAUCAAAAUG                  GAAUUAUAAUAUAAU
None      52 ..      62   UAAUUUUGAUUUAAU                  AAUCAAAAUGG                  AAUUAUAAUAUAAUx
 7.7      53 ..      63   AAUUUUGAUUUAAUA                 AUC AAAAU GGA                 AUUAUAAUAUAAUxx
 8.7      53 ..      64   AAUUUUGAUUUAAUA                AUC AAAAUG GAA                 UUAUAAUAUAAUxxx
None      55 ..      65   UUUUGAUUUAAUAAU                  CAAAAUGGAAU                  UAUAAUAUAAUxxxx
None      56 ..      66   UUUGAUUUAAUAAUC                  AAAAUGGAAUU                  AUAAUAUAAUxxxxx
None      57 ..      67   UUGAUUUAAUAAUCA                  AAAUGGAAUUA                  UAAUAUAAUxxxxxx
None      58 ..      68   UGAUUUAAUAAUCAA                  AAUGGAAUUAU                  AAUAUAAUxxxxxxx
None      59 ..      69   GAUUUAAUAAUCAAA                  AUGGAAUUAUA                  AUAUAAUxxxxxxxx
None      60 ..      70   AUUUAAUAAUCAAAA                  UGGAAUUAUAA                  UAUAAUxxxxxxxxx
None      61 ..      71   UUUAAUAAUCAAAAU                  GGAAUUAUAAU                  AUAAUxxxxxxxxxx
None      62 ..      72   UUAAUAAUCAAAAUG                  GAAUUAUAAUA                  UAAUxxxxxxxxxxx
None      63 ..      73   UAAUAAUCAAAAUGG                  AAUUAUAAUAU                  AAUxxxxxxxxxxxx
None      64 ..      74   AAUAAUCAAAAUGGA                  AUUAUAAUAUA                  AUxxxxxxxxxxxxx
None      65 ..      75   AUAAUCAAAAUGGAA                  UUAUAAUAUAA                  Uxxxxxxxxxxxxxx
