>URS0000D6862B sRNA from 1 species FORWARD
None       1 ..      11   xxxxxxxxxxxxxxx                  AACGAUACUUC                  UGUCAAGUCCUAAGU
None       2 ..      12   xxxxxxxxxxxxxxA                  ACGAUACUUCU                  GUCAAGUCCUAAGUA
 4.7       3 ..      13   xxxxxxxxxxxxxAA                 C GAUACUUCU G                 UCAAGUCCUAAGUAU
 8.2       2 ..      14   xxxxxxxxxxxxxxA                AC GAUACUUCU GU                CAAGUCCUAAGUAUC
 5.7       4 ..      15   xxxxxxxxxxxxAAC                G AUACUUCUGU C                 AAGUCCUAAGUAUCC
None       6 ..      16   xxxxxxxxxxAACGA                  UACUUCUGUCA                  AGUCCUAAGUAUCCU
None       7 ..      17   xxxxxxxxxAACGAU                  ACUUCUGUCAA                  GUCCUAAGUAUCCUA
 4.7       8 ..      18   xxxxxxxxAACGAUA                 C UUCUGUCAA G                 UCCUAAGUAUCCUAU
 8.2       7 ..      19   xxxxxxxxxAACGAU                AC UUCUGUCAA GU                CCUAAGUAUCCUAUG
 8.7       9 ..      20   xxxxxxxAACGAUAC                UUC UGUCAA GUC                 CUAAGUAUCCUAUGG
None      11 ..      21   xxxxxAACGAUACUU                  CUGUCAAGUCC                  UAAGUAUCCUAUGGA
 6.2      12 ..      22   xxxxAACGAUACUUC                 UG UCAAGUC CU                 AAGUAUCCUAUGGAU
None      13 ..      23   xxxAACGAUACUUCU                  GUCAAGUCCUA                  AGUAUCCUAUGGAUG
None      14 ..      24   xxAACGAUACUUCUG                  UCAAGUCCUAA                  GUAUCCUAUGGAUGG
 4.7      15 ..      25   xAACGAUACUUCUGU                 C AAGUCCUAA G                 UAUCCUAUGGAUGGC
 8.2      14 ..      26   xxAACGAUACUUCUG                UC AAGUCCUAA GU                AUCCUAUGGAUGGCA
None      17 ..      27   ACGAUACUUCUGUCA                  AGUCCUAAGUA                  UCCUAUGGAUGGCAG
None      18 ..      28   CGAUACUUCUGUCAA                  GUCCUAAGUAU                  CCUAUGGAUGGCAGC
 5.7      18 ..      29   CGAUACUUCUGUCAA                G UCCUAAGUAU C                 CUAUGGAUGGCAGCC
 6.7      18 ..      30   CGAUACUUCUGUCAA                G UCCUAAGUAUC C                UAUGGAUGGCAGCCU
None      21 ..      31   UACUUCUGUCAAGUC                  CUAAGUAUCCU                  AUGGAUGGCAGCCUG
None      22 ..      32   ACUUCUGUCAAGUCC                  UAAGUAUCCUA                  UGGAUGGCAGCCUGG
None      23 ..      33   CUUCUGUCAAGUCCU                  AAGUAUCCUAU                  GGAUGGCAGCCUGGC
 7.7      21 ..      34   UACUUCUGUCAAGUC               C UAAGUAUCCUAU G                GAUGGCAGCCUGGCA
 5.4      20 ..      35   AUACUUCUGUCAAGU              CC UAAGUAUCCUAU GG               AUGGCAGCCUGGCAA
 8.9      19 ..      36   GAUACUUCUGUCAAG             UCC UAAGUAUCCUAU GGA              UGGCAGCCUGGCAAG
 3.4      27 ..      37   UGUCAAGUCCUAAGU                 AUCC UAU GGAU                 GGCAGCCUGGCAAGA
 6.9      26 ..      38   CUGUCAAGUCCUAAG                UAUCC UAU GGAUG                GCAGCCUGGCAAGAU
 0.4      29 ..      39   UCAAGUCCUAAGUAU                 CC UAUGGAU GG                 CAGCCUGGCAAGAUG
 3.9      28 ..      40   GUCAAGUCCUAAGUA                UCC UAUGGAU GGC                AGCCUGGCAAGAUGA
 7.4      27 ..      41   UGUCAAGUCCUAAGU               AUCC UAUGGAU GGCA               GCCUGGCAAGAUGAU
 6.7      30 ..      42   CAAGUCCUAAGUAUC                C UAUGGAUGGCA G                CCUGGCAAGAUGAUC
 8.6      25 ..      43   UCUGUCAAGUCCUAA             GUAUCC UAUGGAU GGCAGC             CUGGCAAGAUGAUCA
 0.4      34 ..      44   UCCUAAGUAUCCUAU                 GG AUGGCAG CC                 UGGCAAGAUGAUCAG
 3.9      33 ..      45   GUCCUAAGUAUCCUA                UGG AUGGCAG CCU                GGCAAGAUGAUCAGG
 3.4      36 ..      46   CUAAGUAUCCUAUGG                 AUGG CAG CCUG                 GCAAGAUGAUCAGGA
 6.9      35 ..      47   CCUAAGUAUCCUAUG                GAUGG CAG CCUGG                CAAGAUGAUCAGGAG
 1.9      38 ..      48   AAGUAUCCUAUGGAU                 GGC AGCCU GGC                 AAGAUGAUCAGGAGA
 2.9      38 ..      49   AAGUAUCCUAUGGAU                GGC AGCCUG GCA                 AGAUGAUCAGGAGAA
 3.4      40 ..      50   GUAUCCUAUGGAUGG                 CAGC CUG GCAA                 GAUGAUCAGGAGAAU
 3.6      40 ..      51   GUAUCCUAUGGAUGG                C-AGC CUG GCAAG                AUGAUCAGGAGAAUA
 6.2      42 ..      52   AUCCUAUGGAUGGCA                 GC CUGGCAA GA                 UGAUCAGGAGAAUAC
 8.7      42 ..      53   AUCCUAUGGAUGGCA                GCC UGGCAA GAU                 GAUCAGGAGAAUACA
 4.7      44 ..      54   CCUAUGGAUGGCAGC                 C UGGCAAGAU G                 AUCAGGAGAAUACAC
 8.2      43 ..      55   UCCUAUGGAUGGCAG                CC UGGCAAGAU GA                UCAGGAGAAUACACC
 7.7      46 ..      56   UAUGGAUGGCAGCCU                 GGC AAGAU GAU                 CAGGAGAAUACACCU
 4.7      47 ..      57   AUGGAUGGCAGCCUG                 G CAAGAUGAU C                 AGGAGAAUACACCUU
 8.2      46 ..      58   UAUGGAUGGCAGCCU                GG CAAGAUGAU CA                GGAGAAUACACCUUU
 5.7      48 ..      59   UGGAUGGCAGCCUGG                C AAGAUGAUCA G                 GAGAAUACACCUUUG
 4.6      43 ..      60   UCCUAUGGAUGGCAG             CCUG GCAAGAUGAU CAGG              AGAAUACACCUUUGC
 8.1      42 ..      61   AUCCUAUGGAUGGCA            GCCUG GCAAGAUGAU CAGGA             GAAUACACCUUUGCC
 8.7      48 ..      62   UGGAUGGCAGCCUGG               C AAGAUGAUCAGGA G               AAUACACCUUUGCCU
None      53 ..      63   GGCAGCCUGGCAAGA                  UGAUCAGGAGA                  AUACACCUUUGCCUG
None      54 ..      64   GCAGCCUGGCAAGAU                  GAUCAGGAGAA                  UACACCUUUGCCUGG
None      55 ..      65   CAGCCUGGCAAGAUG                  AUCAGGAGAAU                  ACACCUUUGCCUGGA
None      56 ..      66   AGCCUGGCAAGAUGA                  UCAGGAGAAUA                  CACCUUUGCCUGGAA
 7.7      54 ..      67   GCAGCCUGGCAAGAU               G AUCAGGAGAAUA C                ACCUUUGCCUGGAAG
 6.2      58 ..      68   CCUGGCAAGAUGAUC                 AG GAGAAUA CA                 CCUUUGCCUGGAAGC
 4.7      59 ..      69   CUGGCAAGAUGAUCA                 G GAGAAUACA C                 CUUUGCCUGGAAGCC
-1.4      59 ..      70   CUGGCAAGAUGAUCA                GGAG AAUA CACC                 UUUGCCUGGAAGCCG
 2.1      58 ..      71   CCUGGCAAGAUGAUC               AGGAG AAUA CACCU                UUGCCUGGAAGCCGA
 5.6      57 ..      72   GCCUGGCAAGAUGAU              CAGGAG AAUA CACCUU               UGCCUGGAAGCCGAU
None      63 ..      73   CAAGAUGAUCAGGAG                  AAUACACCUUU                  GCCUGGAAGCCGAUG
None      64 ..      74   AAGAUGAUCAGGAGA                  AUACACCUUUG                  CCUGGAAGCCGAUGG
 7.7      62 ..      75   GCAAGAUGAUCAGGA               G AAUACACCUUUG C                CUGGAAGCCGAUGGC
 8.7      62 ..      76   GCAAGAUGAUCAGGA               G AAUACACCUUUGC C               UGGAAGCCGAUGGCA
None      67 ..      77   AUGAUCAGGAGAAUA                  CACCUUUGCCU                  GGAAGCCGAUGGCAU
 5.7      67 ..      78   AUGAUCAGGAGAAUA                C ACCUUUGCCU G                 GAAGCCGAUGGCAUG
 0.4      69 ..      79   GAUCAGGAGAAUACA                 CC UUUGCCU GG                 AAGCCGAUGGCAUGG
 3.9      68 ..      80   UGAUCAGGAGAAUAC                ACC UUUGCCU GGA                AGCCGAUGGCAUGGG
 7.4      67 ..      81   AUGAUCAGGAGAAUA               CACC UUUGCCU GGAA               GCCGAUGGCAUGGGU
 6.7      70 ..      82   AUCAGGAGAAUACAC                C UUUGCCUGGAA G                CCGAUGGCAUGGGUU
 5.4      73 ..      83   AGGAGAAUACACCUU                UGC CUGGAA GC-                 CGAUGGCAUGGGUUG
 1.9      74 ..      84   GGAGAAUACACCUUU                 GCC UGGAA GCC                 GAUGGCAUGGGUUGA
 4.7      75 ..      85   GAGAAUACACCUUUG                 C CUGGAAGCC G                 AUGGCAUGGGUUGAU
 3.4      76 ..      86   AGAAUACACCUUUGC                 CUGG AAG CCGA                 UGGCAUGGGUUGAUU
 6.9      75 ..      87   GAGAAUACACCUUUG                CCUGG AAG CCGAU                GGCAUGGGUUGAUUC
 6.7      76 ..      88   AGAAUACACCUUUGC                C UGGAAGCCGAU G                GCAUGGGUUGAUUCU
 4.4      75 ..      89   GAGAAUACACCUUUG               CC UGGAAGCCGAU GG               CAUGGGUUGAUUCUx
 2.1      74 ..      90   GGAGAAUACACCUUU              GCC UGGAAGCCGAU GGC              AUGGGUUGAUUCUxx
-2.4      81 ..      91   ACACCUUUGCCUGGA                 AGCC GAU GGCA                 UGGGUUGAUUCUxxx
 1.1      80 ..      92   UACACCUUUGCCUGG                AAGCC GAU GGCAU                GGGUUGAUUCUxxxx
 4.6      79 ..      93   AUACACCUUUGCCUG               GAAGCC GAU GGCAUG               GGUUGAUUCUxxxxx
 1.4      83 ..      94   ACCUUUGCCUGGAAG                CC GAUGGCAU GG                 GUUGAUUCUxxxxxx
 2.4      83 ..      95   ACCUUUGCCUGGAAG                CC GAUGGCAUG GG                UUGAUUCUxxxxxxx
 5.9      82 ..      96   CACCUUUGCCUGGAA               GCC GAUGGCAUG GGU               UGAUUCUxxxxxxxx
None      87 ..      97   UUGCCUGGAAGCCGA                  UGGCAUGGGUU                  GAUUCUxxxxxxxxx
 8.7      84 ..      98   CCUUUGCCUGGAAGC               C GAUGGCAUGGGUU G               AUUCUxxxxxxxxxx
 6.2      89 ..      99   GCCUGGAAGCCGAUG                 GC AUGGGUU GA                 UUCUxxxxxxxxxxx
None      90 ..     100   CCUGGAAGCCGAUGG                  CAUGGGUUGAU                  UCUxxxxxxxxxxxx
None      91 ..     101   CUGGAAGCCGAUGGC                  AUGGGUUGAUU                  CUxxxxxxxxxxxxx
 7.7      89 ..     102   GCCUGGAAGCCGAUG               G CAUGGGUUGAUU C                Uxxxxxxxxxxxxxx
