>AL137060.13:43050-43122 Human DNA sequence from clone RP11-34F20 on chromosome 13, complete sequence FORWARD
 3.2       1 ..      11   xxxxxxxxxxxxxxx                 AA AGGAGAA TT                 TACAAACATTTTGTT
 1.3       1 ..      12   xxxxxxxxxxxxxxx                AAA GGAGAA TTT                 ACAAACATTTTGTTC
   6       1 ..      13   xxxxxxxxxxxxxxx                AAAG GAGAA TTTA                CAAACATTTTGTTCC
 2.6       4 ..      14   xxxxxxxxxxxxAAA                 GGAG AAT TTAC                 AAACATTTTGTTCCT
 6.1       3 ..      15   xxxxxxxxxxxxxAA                AGGAG AAT TTACA                AACATTTTGTTCCTT
 8.7       5 ..      16   xxxxxxxxxxxAAAG                GAG AATTTA CAA                 ACATTTTGTTCCTTG
None       7 ..      17   xxxxxxxxxAAAGGA                  GAATTTACAAA                  CATTTTGTTCCTTGC
 5.7       7 ..      18   xxxxxxxxxAAAGGA                G AATTTACAAA C                 ATTTTGTTCCTTGCA
 6.2       9 ..      19   xxxxxxxAAAGGAGA                 ATTT ACA AACA                 TTTTGTTCCTTGCAG
 2.8       9 ..      20   xxxxxxxAAAGGAGA                ATTT ACAA ACAT                 TTTGTTCCTTGCAGT
 1.9       8 ..      21   xxxxxxxxAAAGGAG               AATTT ACAA ACATT                TTGTTCCTTGCAGTA
 3.2       7 ..      22   xxxxxxxxxAAAGGA              GAATTT ACAA ACATTT               TGTTCCTTGCAGTAC
 1.8      13 ..      23   xxxAAAGGAGAATTT                 ACAA ACA TTTT                 GTTCCTTGCAGTACA
  -4      14 ..      24   xxAAAGGAGAATTTA                 CAAA CAT TTTG                 TTCCTTGCAGTACAC
-4.9      13 ..      25   xxxAAAGGAGAATTT                ACAAA CAT TTTGT                TCCTTGCAGTACACC
  -4      16 ..      26   AAAGGAGAATTTACA                 AACA TTT TGTT                 CCTTGCAGTACACCT
-0.5      15 ..      27   xAAAGGAGAATTTAC                AAACA TTT TGTTC                CTTGCAGTACACCTT
   3      14 ..      28   xxAAAGGAGAATTTA               CAAACA TTT TGTTCC               TTGCAGTACACCTTT
 2.1      13 ..      29   xxxAAAGGAGAATTT              ACAAACA TTT TGTTCCT              TGCAGTACACCTTTC
 3.8       8 ..      30   xxxxxxxxAAAGGAG           AATTTACAAA CAT TTTGTTCCTT           GCAGTACACCTTTCA
 4.8      18 ..      31   AGGAGAATTTACAAA               CA TTTTGTTCCT TG                CAGTACACCTTTCAA
 7.5       7 ..      32   xxxxxxxxxAAAGGA         G-AATTTACAAA CAT TTTGTTCCTTGC         AGTACACCTTTCAAA
 1.1      23 ..      33   AATTTACAAACATTT                 TGT TCCTT GCA                 GTACACCTTTCAAAA
 2.4      22 ..      34   GAATTTACAAACATT                TTGT TCCTT GCAG                TACACCTTTCAAAAG
 5.7      24 ..      35   ATTTACAAACATTTT                GTT CCTTGC AGT                 ACACCTTTCAAAAGA
 0.4      26 ..      36   TTACAAACATTTTGT                 TCCT TGC AGTA                 CACCTTTCAAAAGAC
   2      24 ..      37   ATTTACAAACATTTT               GTTC CTTGCA GTAC                ACCTTTCAAAAGACA
 1.1      23 ..      38   AATTTACAAACATTT              TGTTC CTTGCA GTACA               CCTTTCAAAAGACAT
 3.2      24 ..      39   ATTTACAAACATTTT              GT-TCCT TGC AGTACAC              CTTTCAAAAGACATC
 6.2      30 ..      40   AAACATTTTGTTCCT                 TG CAGTACA CC                 TTTCAAAAGACATCT
 7.2      30 ..      41   AAACATTTTGTTCCT                TG CAGTACAC CT                 TTCAAAAGACATCTT
 3.3      32 ..      42   ACATTTTGTTCCTTG                 CAG TACAC CTT                 TCAAAAGACATCTTC
 4.6      31 ..      43   AACATTTTGTTCCTT                GCAG TACAC CTTT                CAAAAGACATCTTCA
 3.3      34 ..      44   ATTTTGTTCCTTGCA                 GTA CACCT TTC                 AAAAGACATCTTCAT
 4.7      30 ..      45   AAACATTTTGTTCCT              TGCAG TACACC TTTCA               AAAGACATCTTCATC
 3.8      29 ..      46   CAAACATTTTGTTCC             TTGCAG TACACC TTTCAA              AAGACATCTTCATCA
 7.3      28 ..      47   ACAAACATTTTGTTC            CTTGCAG TACACC TTTCAAA             AGACATCTTCATCAA
None      38 ..      48   TGTTCCTTGCAGTAC                  ACCTTTCAAAA                  GACATCTTCATCAAA
 0.4      39 ..      49   GTTCCTTGCAGTACA                 CCTT TCA AAAG                 ACATCTTCATCAAAT
 1.4      39 ..      50   GTTCCTTGCAGTACA                CCTT TCAA AAGA                 CATCTTCATCAAATA
 4.9      38 ..      51   TGTTCCTTGCAGTAC               ACCTT TCAA AAGAC                ATCTTCATCAAATAG
 1.4      41 ..      52   TCCTTGCAGTACACC                TTTC AAAA GACA                 TCTTCATCAAATAGG
 4.9      40 ..      53   TTCCTTGCAGTACAC               CTTTC AAAA GACAT                CTTCATCAAATAGGT
 7.6      44 ..      54   TTGCAGTACACCTTT                 CA AAAGACA TC                 TTCATCAAATAGGTA
 4.7      45 ..      55   TGCAGTACACCTTTC                 AAA AGACA TCT                 TCATCAAATAGGTAA
 2.8      45 ..      56   TGCAGTACACCTTTC                AAAA GACA TCTT                 CATCAAATAGGTAAG
 1.4      46 ..      57   GCAGTACACCTTTCA                AAAG ACAT CTTC                 ATCAAATAGGTAAGA
 3.3      48 ..      58   AGTACACCTTTCAAA                 AGA CATCT TCA                 TCAAATAGGTAAGAC
 2.4      47 ..      59   CAGTACACCTTTCAA                AAGA CATCT TCAT                CAAATAGGTAAGACx
 2.8      49 ..      60   GTACACCTTTCAAAA                GA CATCTTCA TC                 AAATAGGTAAGACxx
 6.3      48 ..      61   AGTACACCTTTCAAA               AGA CATCTTCA TCA                AATAGGTAAGACxxx
 7.6      52 ..      62   CACCTTTCAAAAGAC                 AT CTTCATC AA                 ATAGGTAAGACxxxx
 4.7      53 ..      63   ACCTTTCAAAAGACA                 TCT TCATC AAA                 TAGGTAAGACxxxxx
 3.8      52 ..      64   CACCTTTCAAAAGAC                ATCT TCATC AAAT                AGGTAAGACxxxxxx
 3.8      53 ..      65   ACCTTTCAAAAGACA                TCTT CATCA AATA                GGTAAGACxxxxxxx
 3.8      54 ..      66   CCTTTCAAAAGACAT                CT TCATCAAAT AG                GTAAGACxxxxxxxx
 3.3      54 ..      67   CCTTTCAAAAGACAT               CTTCAT CAA AT-AGG               TAAGACxxxxxxxxx
 1.1      58 ..      68   TCAAAAGACATCTTC                 ATC AAATA GGT                 AAGACxxxxxxxxxx
 4.6      57 ..      69   TTCAAAAGACATCTT                CATC AAATA GGTA                AGACxxxxxxxxxxx
 3.7      56 ..      70   TTTCAAAAGACATCT               TCATC AAATA GGTAA               GACxxxxxxxxxxxx
   3      54 ..      71   CCTTTCAAAAGACAT             CTTCATC AAATA GGT-AAG             ACxxxxxxxxxxxxx
 2.1      53 ..      72   ACCTTTCAAAAGACA            TCTTCATC AAATA GGT-AAGA            Cxxxxxxxxxxxxxx
