>AL137060.13:75754-75943 Human DNA sequence from clone RP11-34F20 on chromosome 13, complete sequence FORWARD
 4.8       1 ..      11   xxxxxxxxxxxxxxx                 TGTG GGG CCGA                 GGGGTCGTCTTATAG
 4.8       2 ..      12   xxxxxxxxxxxxxxT                 GTGG GGC CGAG                 GGGTCGTCTTATAGC
 6.1       1 ..      13   xxxxxxxxxxxxxxx                TGTGG GGC CGAGG                GGTCGTCTTATAGCT
None       4 ..      14   xxxxxxxxxxxxTGT                  GGGGCCGAGGG                  GTCGTCTTATAGCTA
None       5 ..      15   xxxxxxxxxxxTGTG                  GGGCCGAGGGG                  TCGTCTTATAGCTAC
 1.2       6 ..      16   xxxxxxxxxxTGTGG                 GGCC GAG GGGT                 CGTCTTATAGCTACC
-3.6       6 ..      17   xxxxxxxxxxTGTGG                GGCC GAGG GGTC                 GTCTTATAGCTACCA
-0.1       5 ..      18   xxxxxxxxxxxTGTG               GGGCC GAGG GGTCG                TCTTATAGCTACCAG
   0       8 ..      19   xxxxxxxxTGTGGGG                CCGA GGGG TCGT                 CTTATAGCTACCAGC
-2.3       7 ..      20   xxxxxxxxxTGTGGG               GCCGA GGGG TCGTC                TTATAGCTACCAGCC
  -1       6 ..      21   xxxxxxxxxxTGTGG              GGCCGA GGGG TCGTCT               TATAGCTACCAGCCC
 0.3       5 ..      22   xxxxxxxxxxxTGTG             GGGCCGA GGGG TCGTCTT              ATAGCTACCAGCCCA
 3.2       3 ..      23   xxxxxxxxxxxxxTG           TGGGGCCGA GGGG TCG-TCTTA            TAGCTACCAGCCCAC
 4.5       2 ..      24   xxxxxxxxxxxxxxT          GTGGGGCCGA GGGG TCG-TCTTAT           AGCTACCAGCCCACA
 3.6       1 ..      25   xxxxxxxxxxxxxxx         TGTGGGGCCGA GGGG TCG-TCTTATA          GCTACCAGCCCACAG
 6.1       9 ..      26   xxxxxxxTGTGGGGC             CGAGGGG TCGT CTTATAG              CTACCAGCCCACAGG
 3.9      15 ..      27   xTGTGGGGCCGAGGG                GTCGT CTT ATAGC                TACCAGCCCACAGGC
 2.6      18 ..      28   TGGGGCCGAGGGGTC                 GTCT TAT AGCT                 ACCAGCCCACAGGCA
 4.1      16 ..      29   TGTGGGGCCGAGGGG               TCGTCT TAT AG-CTA               CCAGCCCACAGGCAT
 1.8      15 ..      30   xTGTGGGGCCGAGGG              GTCGTCT TAT AG-CTAC              CAGCCCACAGGCATT
-0.5      14 ..      31   xxTGTGGGGCCGAGG             GGTCGTCT TAT AG-CTACC             AGCCCACAGGCATTT
   3      13 ..      32   xxxTGTGGGGCCGAG            GGGTCGTCT TAT AG-CTACCA            GCCCACAGGCATTTA
 4.8      20 ..      33   GGGCCGAGGGGTCGT               CT TATAGCTACC AG                CCCACAGGCATTTAG
 6.7      12 ..      34   xxxxTGTGGGGCCGA          G-GGGTCGTCT TAT AG-CTACCAGC          CCACAGGCATTTAGT
  -1      25 ..      35   GAGGGGTCGTCTTAT                 AGCT ACC AGCC                 CACAGGCATTTAGTC
 2.5      24 ..      36   CGAGGGGTCGTCTTA                TAGCT ACC AGCCC                ACAGGCATTTAGTCT
 4.1      24 ..      37   CGAGGGGTCGTCTTA               T-AGCT ACC AGCCCA               CAGGCATTTAGTCTA
 4.2      10 ..      38   xxxxxxTGTGGGGCC        GAGGGGTCGT CTTATAGCT ACCAGCCCAC        AGGCATTTAGTCTAC
 6.3       1 ..      39   xxxxxxxxxxxxxxx  TGTGGGGCCGAGGGGTCGT CTT ATAGCTAC-CAG-CCCACA  GGCATTTAGTCTACG
 4.7      30 ..      40   GTCGTCTTATAGCTA                 C CAGCCCACA G                 GCATTTAGTCTACGT
-1.4      30 ..      41   GTCGTCTTATAGCTA                CCAG CCCA CAGG                 CATTTAGTCTACGTT
 1.1      32 ..      42   CGTCTTATAGCTACC                AGCC CACA GGC-                 ATTTAGTCTACGTTG
-1.4      32 ..      43   CGTCTTATAGCTACC                AGCC CACA GGCA                 TTTAGTCTACGTTGG
 0.2      32 ..      44   CGTCTTATAGCTACC               A-GCC CACA GGCAT                TTAGTCTACGTTGGA
 3.7      31 ..      45   TCGTCTTATAGCTAC              CA-GCC CACA GGCATT               TAGTCTACGTTGGAG
 4.7      29 ..      46   GGTCGTCTTATAGCT             ACCAGCC CACA GGCATTT              AGTCTACGTTGGAGG
 3.8      28 ..      47   GGGTCGTCTTATAGC            TACCAGCC CACA GGCATTTA             GTCTACGTTGGAGGT
 1.5      27 ..      48   GGGGTCGTCTTATAG           CTACCAGCC CACA GGCATTTAG            TCTACGTTGGAGGTA
 2.8      26 ..      49   AGGGGTCGTCTTATA          GCTACCAGCC CACA GGCATTTAGT           CTACGTTGGAGGTAA
-0.3      40 ..      50   AGCTACCAGCCCACA                 GGC ATTTA GTC                 TACGTTGGAGGTAAA
-1.2      39 ..      51   TAGCTACCAGCCCAC                AGGC ATTTA GTCT                ACGTTGGAGGTAAAC
 2.3      38 ..      52   ATAGCTACCAGCCCA               CAGGC ATTTA GTCTA               CGTTGGAGGTAAACA
 5.3      41 ..      53   GCTACCAGCCCACAG                GCA TTTAGTC TAC                GTTGGAGGTAAACAA
 3.5      36 ..      54   TTATAGCTACCAGCC             CACAGGC ATTTA GTCTACG             TTGGAGGTAAACAAA
 3.1      43 ..      55   TACCAGCCCACAGGC                ATTTA GTC TACGT                TGGAGGTAAACAAAT
 6.6      42 ..      56   CTACCAGCCCACAGG               CATTTA GTC TACGTT               GGAGGTAAACAAATA
   5      46 ..      57   CAGCCCACAGGCATT                TAGT CTAC GTTG                 GAGGTAAACAAATAC
 6.3      45 ..      58   CCAGCCCACAGGCAT               TTAGT CTAC GTTGG                AGGTAAACAAATACG
-1.8      49 ..      59   CCCACAGGCATTTAG                 TCTA CGT TGGA                 GGTAAACAAATACGG
  -1      50 ..      60   CCACAGGCATTTAGT                 CTAC GTT GGAG                 GTAAACAAATACGGG
 0.3      49 ..      61   CCCACAGGCATTTAG                TCTAC GTT GGAGG                TAAACAAATACGGGT
 0.4      52 ..      62   ACAGGCATTTAGTCT                 ACGT TGG AGGT                 AAACAAATACGGGTC
-0.5      51 ..      63   CACAGGCATTTAGTC                TACGT TGG AGGTA                AACAAATACGGGTCC
   3      50 ..      64   CCACAGGCATTTAGT               CTACGT TGG AGGTAA               ACAAATACGGGTCCT
 2.1      49 ..      65   CCCACAGGCATTTAG              TCTACGT TGG AGGTAAA              CAAATACGGGTCCTG
-0.2      48 ..      66   GCCCACAGGCATTTA             GTCTACGT TGG AGGTAAAC             AAATACGGGTCCTGC
 2.8      56 ..      67   GCATTTAGTCTACGT                TG GAGGTAAA CA                 AATACGGGTCCTGCT
 1.9      55 ..      68   GGCATTTAGTCTACG               TTG GAGGTAAA CAA                ATACGGGTCCTGCTT
 1.5      45 ..      69   CCAGCCCACAGGCAT          TTAGTCTACGT TGG AGGTAAACAAA          TACGGGTCCTGCTTA
 2.2      43 ..      70   TACCAGCCCACAGGC        ATTTAGTCTACGT TGG AGGTAAAC-AAAT        ACGGGTCCTGCTTAG
 5.7      42 ..      71   CTACCAGCCCACAGG       CATTTAGTCTACGT TGG AGGTAAAC-AAATA       CGGGTCCTGCTTAGG
-0.1      61 ..      72   TAGTCTACGTTGGAG                GTA AACAAA TAC                 GGGTCCTGCTTAGGA
 3.4      60 ..      73   TTAGTCTACGTTGGA               GGTA AACAAA TACG                GGTCCTGCTTAGGAG
 6.9      59 ..      74   TTTAGTCTACGTTGG              AGGTA AACAAA TACGG               GTCCTGCTTAGGAGA
 6.2      65 ..      75   CTACGTTGGAGGTAA                 AC AAATACG GG                 TCCTGCTTAGGAGAA
 2.8      65 ..      76   CTACGTTGGAGGTAA                AC AAATACGG GT                 CCTGCTTAGGAGAAA
 6.3      64 ..      77   TCTACGTTGGAGGTA               AAC AAATACGG GTC                CTGCTTAGGAGAAAA
   9      61 ..      78   TAGTCTACGTTGGAG             GTAAAC AAATAC GGGTCC              TGCTTAGGAGAAAAG
 6.1      69 ..      79   GTTGGAGGTAAACAA                 A TACGGGTCC T                 GCTTAGGAGAAAAGA
 2.6      70 ..      80   TTGGAGGTAAACAAA                 TACG GGT CCTG                 CTTAGGAGAAAAGAA
 1.2      71 ..      81   TGGAGGTAAACAAAT                 ACGG GTC CTGC                 TTAGGAGAAAAGAAA
 2.8      71 ..      82   TGGAGGTAAACAAAT                A-CGG GTC CTGCT                TAGGAGAAAAGAAAA
 2.6      73 ..      83   GAGGTAAACAAATAC                 GGGT CCT GCTT                 AGGAGAAAAGAAAAA
 4.4      70 ..      84   TTGGAGGTAAACAAA               TACG GGTCCTG CTTA               GGAGAAAAGAAAAAC
 6.3      72 ..      85   GGAGGTAAACAAATA               C-GGGT CCT GCTTAG               GAGAAAAGAAAAACG
 2.5      76 ..      86   GTAAACAAATACGGG                TCCT GCTT AGG-                 AGAAAAGAAAAACGT
-4.4      76 ..      87   GTAAACAAATACGGG                TCCT GCTT AGGA                 GAAAAGAAAAACGTC
  -1      78 ..      88   AAACAAATACGGGTC                 CTGC TTA GGAG                 AAAAGAAAAACGTCT
 2.5      77 ..      89   TAAACAAATACGGGT                CCTGC TTA GGAGA                AAAGAAAAACGTCTT
 1.4      79 ..      90   AACAAATACGGGTCC                TGCT TAGG AGAA                 AAGAAAAACGTCTTA
 4.7      81 ..      91   CAAATACGGGTCCTG                 CTT AGGAG AAA                 AGAAAAACGTCTTAC
 3.2      82 ..      92   AAATACGGGTCCTGC                 TT AGGAGAA AA                 GAAAAACGTCTTACA
 0.9      81 ..      93   CAAATACGGGTCCTG                CTT AGGAGAA AAG                AAAAACGTCTTACAG
 4.4      80 ..      94   ACAAATACGGGTCCT               GCTT AGGAGAA AAGA               AAAACGTCTTACAGC
 3.5      79 ..      95   AACAAATACGGGTCC              TGCTT AGGAGAA AAGAA              AAACGTCTTACAGCC
   7      78 ..      96   AAACAAATACGGGTC             CTGCTT AGGAGAA AAGAAA             AACGTCTTACAGCCA
 8.2      82 ..      97   AAATACGGGTCCTGC              TT AGGAGAAAAGAA AA               ACGTCTTACAGCCAG
None      88 ..      98   GGGTCCTGCTTAGGA                  GAAAAGAAAAA                  CGTCTTACAGCCAGT
 5.7      88 ..      99   GGGTCCTGCTTAGGA                G AAAAGAAAAA C                 GTCTTACAGCCAGTG
None      90 ..     100   GTCCTGCTTAGGAGA                  AAAGAAAAACG                  TCTTACAGCCAGTGT
 3.3      91 ..     101   TCCTGCTTAGGAGAA                 AAG AAAAA CGT                 CTTACAGCCAGTGTC
 5.8      88 ..     102   GGGTCCTGCTTAGGA               GA AAAGAAAAACG TC               TTACAGCCAGTGTCT
-0.1      92 ..     103   CCTGCTTAGGAGAAA                AGA AAAACG TCT                 TACAGCCAGTGTCTA
  -1      91 ..     104   TCCTGCTTAGGAGAA               AAGA AAAACG TCTT                ACAGCCAGTGTCTAA
 2.5      90 ..     105   GTCCTGCTTAGGAGA              AAAGA AAAACG TCTTA               CAGCCAGTGTCTAAA
 3.4      93 ..     106   CTGCTTAGGAGAAAA               GAAA AACGTC TTAC                AGCCAGTGTCTAAAC
 6.9      92 ..     107   CCTGCTTAGGAGAAA              AGAAA AACGTC TTACA               GCCAGTGTCTAAACT
 4.8      98 ..     108   TAGGAGAAAAGAAAA                 ACGT CTT ACAG                 CCAGTGTCTAAACTC
   5      98 ..     109   TAGGAGAAAAGAAAA                AC-GT CTT ACAGC                CAGTGTCTAAACTCC
  -1     100 ..     110   GGAGAAAAGAAAAAC                 GTCT TAC AGCC                 AGTGTCTAAACTCCA
 2.5      99 ..     111   AGGAGAAAAGAAAAA                CGTCT TAC AGCCA                GTGTCTAAACTCCAA
 1.8     102 ..     112   AGAAAAGAAAAACGT                 CT TACAGCC AG                 TGTCTAAACTCCAAA
 1.8      98 ..     113   TAGGAGAAAAGAAAA              AC-GTCT TAC AGCCAGT              GTCTAAACTCCAAAC
 1.1     104 ..     114   AAAAGAAAAACGTCT                 TAC AGCCA GTG                 TCTAAACTCCAAACA
-1.1     105 ..     115   AAAGAAAAACGTCTT                 ACA GCCAG TGT                 CTAAACTCCAAACAA
 2.4     104 ..     116   AAAAGAAAAACGTCT                TACA GCCAG TGTC                TAAACTCCAAACAAC
  -1     107 ..     117   AGAAAAACGTCTTAC                 AGCC AGT GTCT                 AAACTCCAAACAACG
 2.5     106 ..     118   AAGAAAAACGTCTTA                CAGCC AGT GTCTA                AACTCCAAACAACGG
 4.8     109 ..     119   AAAAACGTCTTACAG                 CCAG TGT CTAA                 ACTCCAAACAACGGA
 5.1     104 ..     120   AAAAGAAAAACGTCT              TACAGCC AGT GTCTAAA              CTCCAAACAACGGAA
 6.8     111 ..     121   AAACGTCTTACAGCC                AGT GTCTAA AC-                 TCCAAACAACGGAAT
-0.1     111 ..     122   AAACGTCTTACAGCC                AGT GTCTAA ACT                 CCAAACAACGGAATG
1.907e-07     112 ..     123   AACGTCTTACAGCCA                GTGT CTAA ACTC                 CAAACAACGGAATGT
 3.5     111 ..     124   AAACGTCTTACAGCC               AGTGT CTAA ACTCC                AAACAACGGAATGTA
 3.8     113 ..     125   ACGTCTTACAGCCAG                TG TCTAAACTC CA                AACAACGGAATGTAT
 7.1     115 ..     126   GTCTTACAGCCAGTG                T CTAAACTCCA A                 ACAACGGAATGTATC
 6.1     117 ..     127   CTTACAGCCAGTGTC                 T AAACTCCAA A                 CAACGGAATGTATCA
 4.4     114 ..     128   CGTCTTACAGCCAGT               GTCT AAACTCC AAAC               AACGGAATGTATCAA
 3.5     113 ..     129   ACGTCTTACAGCCAG              TGTCT AAACTCC AAACA              ACGGAATGTATCAAT
   7     112 ..     130   AACGTCTTACAGCCA             GTGTCT AAACTCC AAACAA             CGGAATGTATCAATG
 7.2     112 ..     131   AACGTCTTACAGCCA            G-TGTCT AAACTCC AAACAAC            GGAATGTATCAATGA
 5.7     121 ..     132   CAGCCAGTGTCTAAA                C TCCAAACAAC G                 GAATGTATCAATGAG
 0.4     123 ..     133   GCCAGTGTCTAAACT                 CC AAACAAC GG                 AATGTATCAATGAGA
-0.5     122 ..     134   AGCCAGTGTCTAAAC                TCC AAACAAC GGA                ATGTATCAATGAGAC
   3     121 ..     135   CAGCCAGTGTCTAAA               CTCC AAACAAC GGAA               TGTATCAATGAGACC
 2.1     120 ..     136   ACAGCCAGTGTCTAA              ACTCC AAACAAC GGAAT              GTATCAATGAGACCT
 3.5     124 ..     137   CCAGTGTCTAAACTC               CAAAC AACG GAATG                TATCAATGAGACCTT
-0.1     127 ..     138   GTGTCTAAACTCCAA                ACA ACGGAA TGT                 ATCAATGAGACCTTG
 2.6     129 ..     139   GTCTAAACTCCAAAC                 AACG GAA TGTA                 TCAATGAGACCTTGT
 2.5     125 ..     140   CAGTGTCTAAACTCC              AAACA ACGGAA TGTAT               CAATGAGACCTTGTA
   6     124 ..     141   CCAGTGTCTAAACTC             CAAACA ACGGAA TGTATC              AATGAGACCTTGTAT
 3.3     132 ..     142   TAAACTCCAAACAAC                 GGA ATGTA TCA                 ATGAGACCTTGTATA
 6.8     131 ..     143   CTAAACTCCAAACAA                CGGA ATGTA TCAA                TGAGACCTTGTATAT
 0.4     134 ..     144   AACTCCAAACAACGG                 AATG TAT CAAT                 GAGACCTTGTATATG
 3.9     133 ..     145   AAACTCCAAACAACG                GAATG TAT CAATG                AGACCTTGTATATGG
 6.1     136 ..     146   CTCCAAACAACGGAA                 T GTATCAATG A                 GACCTTGTATATGGA
 5.1     131 ..     147   CTAAACTCCAAACAA              CGGAATG TAT CAATGAG              ACCTTGTATATGGAT
 0.4     138 ..     148   CCAAACAACGGAATG                 TATC AAT GAGA                 CCTTGTATATGGATA
-1.9     137 ..     149   TCCAAACAACGGAAT                GTATC AAT GAGAC                CTTGTATATGGATAC
 1.6     136 ..     150   CTCCAAACAACGGAA               TGTATC AAT GAGACC               TTGTATATGGATACA
 0.7     135 ..     151   ACTCCAAACAACGGA              ATGTATC AAT GAGACCT              TGTATATGGATACAC
-0.2     134 ..     152   AACTCCAAACAACGG             AATGTATC AAT GAGACCTT             GTATATGGATACACG
-1.9     141 ..     153   AACAACGGAATGTAT                CAATG AGA CCTTG                TATATGGATACACGT
 1.6     140 ..     154   AAACAACGGAATGTA               TCAATG AGA CCTTGT               ATATGGATACACGTG
 2.3     138 ..     155   CCAAACAACGGAATG             TATCAATG AGA CCTTG-TA             TATGGATACACGTGC
 0.4     146 ..     156   CGGAATGTATCAATG                 AGAC CTT GTAT                 ATGGATACACGTGCA
 1.4     138 ..     157   CCAAACAACGGAATG            TAT-CAATG AGA CCTTGTATA            TGGATACACGTGCAT
 1.8     135 ..     158   ACTCCAAACAACGGA          ATGTATCAATG AGA CCTTG-TATAT          GGATACACGTGCATT
 3.3     149 ..     159   AATGTATCAATGAGA                 CCT TGTAT ATG                 GATACACGTGCATTT
-4.768e-08     149 ..     160   AATGTATCAATGAGA                CCTT GTAT ATGG                 ATACACGTGCATTTA
 3.5     148 ..     161   GAATGTATCAATGAG               ACCTT GTAT ATGGA                TACACGTGCATTTAA
   4     139 ..     162   CAAACAACGGAATGT          ATCAATGAGAC CTT GTAT-ATGGAT          ACACGTGCATTTAAA
 3.1     138 ..     163   CCAAACAACGGAATG         TATCAATGAGAC CTT GTAT-ATGGATA         CACGTGCATTTAAAA
  -3     153 ..     164   TATCAATGAGACCTT                GTAT ATGG ATAC                 ACGTGCATTTAAAAC
-3.9     152 ..     165   GTATCAATGAGACCT               TGTAT ATGG ATACA                CGTGCATTTAAAACC
-0.4     151 ..     166   TGTATCAATGAGACC              TTGTAT ATGG ATACAC               GTGCATTTAAAACCG
-2.7     150 ..     167   ATGTATCAATGAGAC             CTTGTAT ATGG ATACACG              TGCATTTAAAACCGC
 0.8     149 ..     168   AATGTATCAATGAGA            CCTTGTAT ATGG ATACACGT             GCATTTAAAACCGCC
   1     149 ..     169   AATGTATCAATGAGA           C-CTTGTAT ATGG ATACACGTG            CATTTAAAACCGCCC
 1.7     153 ..     170   TATCAATGAGACCTT             GTATATG GATA CACGTGC              ATTTAAAACCGCCCT
 0.8     152 ..     171   GTATCAATGAGACCT            TGTATATG GATA CACGTGCA             TTTAAAACCGCCCTG
 1.4     161 ..     172   AGACCTTGTATATGG                ATAC ACGT GCAT                 TTAAAACCGCCCTGC
 2.7     160 ..     173   GAGACCTTGTATATG               GATAC ACGT GCATT                TAAAACCGCCCTGCC
   4     159 ..     174   TGAGACCTTGTATAT              GGATAC ACGT GCATTT               AAAACCGCCCTGCCG
 3.1     158 ..     175   ATGAGACCTTGTATA             TGGATAC ACGT GCATTTA              AAACCGCCCTGCCGG
 6.6     157 ..     176   AATGAGACCTTGTAT            ATGGATAC ACGT GCATTTAA             AACCGCCCTGCCGGx
 5.7     156 ..     177   CAATGAGACCTTGTA           TATGGATAC ACGT GCATTTAAA            ACCGCCCTGCCGGxx
 5.2     151 ..     178   TGTATCAATGAGACC        TTGTATATGGAT ACAC GTGCATTTAAAA         CCGCCCTGCCGGxxx
 3.8     167 ..     179   TGTATATGGATACAC                GT GCATTTAAA AC                CGCCCTGCCGGxxxx
 5.7     169 ..     180   TATATGGATACACGT                G CATTTAAAAC C                 GCCCTGCCGGxxxxx
 5.4     166 ..     181   TTGTATATGGATACA              CG TGCATTTAAAAC CG               CCCTGCCGGxxxxxx
 3.4     169 ..     182   TATATGGATACACGT               GC ATTTAAAACC GC                CCTGCCGGxxxxxxx
 6.9     168 ..     183   GTATATGGATACACG              TGC ATTTAAAACC GCC               CTGCCGGxxxxxxxx
 4.6     167 ..     184   TGTATATGGATACAC             GTGC ATTTAAAACC GCCC              TGCCGGxxxxxxxxx
 6.1     175 ..     185   GATACACGTGCATTT                 A AAACCGCCC T                 GCCGGxxxxxxxxxx
 7.4     164 ..     186   CCTTGTATATGGATA          CACGTGC ATTTAAAACC GCCC-TG           CCGGxxxxxxxxxxx
 5.5     169 ..     187   TATATGGATACACGT             GCA TTTAAAACCGCCC TGC             CGGxxxxxxxxxxxx
   7     178 ..     188   ACACGTGCATTTAAA                 ACCG CCC TGCC                 GGxxxxxxxxxxxxx
-2.4     179 ..     189   CACGTGCATTTAAAA                 CCGC CCT GCCG                 Gxxxxxxxxxxxxxx
