>URS0000D66910 ncRNA from 1 species FORWARD
 3.4       1 ..      11   xxxxxxxxxxxxxxx                 AUCC CGC GGAA                 AGCUAACGACUUGAA
None       2 ..      12   xxxxxxxxxxxxxxA                  UCCCGCGGAAA                  GCUAACGACUUGAAU
 4.7       3 ..      13   xxxxxxxxxxxxxAU                 C CCGCGGAAA G                 CUAACGACUUGAAUC
 6.2       4 ..      14   xxxxxxxxxxxxAUC                 CC GCGGAAA GC                 UAACGACUUGAAUCC
 1.9       5 ..      15   xxxxxxxxxxxAUCC                 CGC GGAAA GCU                 AACGACUUGAAUCCC
 5.4       4 ..      16   xxxxxxxxxxxxAUC                CCGC GGAAA GCUA                ACGACUUGAAUCCCG
 8.9       3 ..      17   xxxxxxxxxxxxxAU               CCCGC GGAAA GCUAA               CGACUUGAAUCCCGG
 4.7       8 ..      18   xxxxxxxxAUCCCGC                 G GAAAGCUAA C                 GACUUGAAUCCCGGA
 2.4       7 ..      19   xxxxxxxxxAUCCCG                CG GAAAGCUAA CG                ACUUGAAUCCCGGAG
 5.9       6 ..      20   xxxxxxxxxxAUCCC               GCG GAAAGCUAA CGA               CUUGAAUCCCGGAGC
 6.1       6 ..      21   xxxxxxxxxxAUCCC              G-CG GAAAGCUAA CGAC              UUGAAUCCCGGAGCG
 6.2      12 ..      22   xxxxAUCCCGCGGAA                 AG CUAACGA CU                 UGAAUCCCGGAGCGA
None      13 ..      23   xxxAUCCCGCGGAAA                  GCUAACGACUU                  GAAUCCCGGAGCGAG
 4.7      14 ..      24   xxAUCCCGCGGAAAG                 C UAACGACUU G                 AAUCCCGGAGCGAGA
 8.2      13 ..      25   xxxAUCCCGCGGAAA                GC UAACGACUU GA                AUCCCGGAGCGAGAC
 7.7      16 ..      26   AUCCCGCGGAAAGCU                 AAC GACUU GAA                 UCCCGGAGCGAGACC
None      17 ..      27   UCCCGCGGAAAGCUA                  ACGACUUGAAU                  CCCGGAGCGAGACCG
None      18 ..      28   CCCGCGGAAAGCUAA                  CGACUUGAAUC                  CCGGAGCGAGACCGG
 4.7      19 ..      29   CCGCGGAAAGCUAAC                 G ACUUGAAUC C                 CGGAGCGAGACCGGG
 5.7      19 ..      30   CCGCGGAAAGCUAAC                G ACUUGAAUCC C                 GGAGCGAGACCGGGG
 3.4      18 ..      31   CCCGCGGAAAGCUAA               CG ACUUGAAUCC CG                GAGCGAGACCGGGGC
 4.4      21 ..      32   GCGGAAAGCUAACGA                CUUG AAUC CCGG                 AGCGAGACCGGGGCG
 7.9      20 ..      33   CGCGGAAAGCUAACG               ACUUG AAUC CCGGA                GCGAGACCGGGGCGG
 7.7      21 ..      34   GCGGAAAGCUAACGA               C UUGAAUCCCGGA G                CGAGACCGGGGCGGG
 5.7      24 ..      35   GAAAGCUAACGACUU                G AAUCCCGGAG C                 GAGACCGGGGCGGGA
 7.7      26 ..      36   AAGCUAACGACUUGA                 AUC CCGGA GCG                 AGACCGGGGCGGGAG
 3.4      27 ..      37   AGCUAACGACUUGAA                 UCCC GGA GCGA                 GACCGGGGCGGGAGx
-2.4      28 ..      38   GCUAACGACUUGAAU                 CCCG GAG CGAG                 ACCGGGGCGGGAGxx
 1.1      27 ..      39   AGCUAACGACUUGAA                UCCCG GAG CGAGA                CCGGGGCGGGAGxxx
 4.6      26 ..      40   AAGCUAACGACUUGA               AUCCCG GAG CGAGAC               CGGGGCGGGAGxxxx
 0.4      31 ..      41   AACGACUUGAAUCCC                 GG AGCGAGA CC                 GGGGCGGGAGxxxxx
-1.9      30 ..      42   UAACGACUUGAAUCC                CGG AGCGAGA CCG                GGGCGGGAGxxxxxx
-4.2      29 ..      43   CUAACGACUUGAAUC               CCGG AGCGAGA CCGG               GGCGGGAGxxxxxxx
-6.5      28 ..      44   GCUAACGACUUGAAU              CCCGG AGCGAGA CCGGG              GCGGGAGxxxxxxxx
  -3      27 ..      45   AGCUAACGACUUGAA             UCCCGG AGCGAGA CCGGGG             CGGGAGxxxxxxxxx
 0.5      26 ..      46   AAGCUAACGACUUGA            AUCCCGG AGCGAGA CCGGGGC            GGGAGxxxxxxxxxx
 2.4      35 ..      47   ACUUGAAUCCCGGAG                CG AGACCGGGG CG                GGAGxxxxxxxxxxx
   1      29 ..      48   CUAACGACUUGAAUC            CCGGAGCG AGAC CGGGGCGG             GAGxxxxxxxxxxxx
-2.4      39 ..      49   GAAUCCCGGAGCGAG                 ACCG GGG CGGG                 AGxxxxxxxxxxxxx
 1.1      38 ..      50   UGAAUCCCGGAGCGA                GACCG GGG CGGGA                Gxxxxxxxxxxxxxx
