>URS0000D69209 sRNA from 1 species FORWARD
None       1 ..      11   xxxxxxxxxxxxxxx                  GAUCUUUGACA                  UAUUUGGUAAGCGAU
None       2 ..      12   xxxxxxxxxxxxxxG                  AUCUUUGACAU                  AUUUGGUAAGCGAUA
None       3 ..      13   xxxxxxxxxxxxxGA                  UCUUUGACAUA                  UUUGGUAAGCGAUAG
None       4 ..      14   xxxxxxxxxxxxGAU                  CUUUGACAUAU                  UUGGUAAGCGAUAGU
None       5 ..      15   xxxxxxxxxxxGAUC                  UUUGACAUAUU                  UGGUAAGCGAUAGUA
None       6 ..      16   xxxxxxxxxxGAUCU                  UUGACAUAUUU                  GGUAAGCGAUAGUAA
 7.7       4 ..      17   xxxxxxxxxxxxGAU               C UUUGACAUAUUU G                GUAAGCGAUAGUAAC
 8.7       4 ..      18   xxxxxxxxxxxxGAU               C UUUGACAUAUUUG G               UAAGCGAUAGUAACA
 6.2       9 ..      19   xxxxxxxGAUCUUUG                 AC AUAUUUG GU                 AAGCGAUAGUAACAA
None      10 ..      20   xxxxxxGAUCUUUGA                  CAUAUUUGGUA                  AGCGAUAGUAACAAG
None      11 ..      21   xxxxxGAUCUUUGAC                  AUAUUUGGUAA                  GCGAUAGUAACAAGA
 6.7      10 ..      22   xxxxxxGAUCUUUGA                C AUAUUUGGUAA G                CGAUAGUAACAAGAG
None      13 ..      23   xxxGAUCUUUGACAU                  AUUUGGUAAGC                  GAUAGUAACAAGAGA
 8.7      10 ..      24   xxxxxxGAUCUUUGA               C AUAUUUGGUAAGC G               AUAGUAACAAGAGAU
 7.7      15 ..      25   xGAUCUUUGACAUAU                 UUG GUAAG CGA                 UAGUAACAAGAGAUA
None      16 ..      26   GAUCUUUGACAUAUU                  UGGUAAGCGAU                  AGUAACAAGAGAUAA
None      17 ..      27   AUCUUUGACAUAUUU                  GGUAAGCGAUA                  GUAACAAGAGAUAAU
None      18 ..      28   UCUUUGACAUAUUUG                  GUAAGCGAUAG                  UAACAAGAGAUAAUC
None      19 ..      29   CUUUGACAUAUUUGG                  UAAGCGAUAGU                  AACAAGAGAUAAUCA
None      20 ..      30   UUUGACAUAUUUGGU                  AAGCGAUAGUA                  ACAAGAGAUAAUCAA
None      21 ..      31   UUGACAUAUUUGGUA                  AGCGAUAGUAA                  CAAGAGAUAAUCAAG
 4.7      22 ..      32   UGACAUAUUUGGUAA                 G CGAUAGUAA C                 AAGAGAUAAUCAAGU
 6.2      23 ..      33   GACAUAUUUGGUAAG                 CG AUAGUAA CA                 AGAGAUAAUCAAGUG
None      24 ..      34   ACAUAUUUGGUAAGC                  GAUAGUAACAA                  GAGAUAAUCAAGUGG
 6.7      23 ..      35   GACAUAUUUGGUAAG                C GAUAGUAACAA G                AGAUAAUCAAGUGGG
None      26 ..      36   AUAUUUGGUAAGCGA                  UAGUAACAAGA                  GAUAAUCAAGUGGGG
 8.7      23 ..      37   GACAUAUUUGGUAAG               C GAUAGUAACAAGA G               AUAAUCAAGUGGGGA
None      28 ..      38   AUUUGGUAAGCGAUA                  GUAACAAGAGA                  UAAUCAAGUGGGGAC
None      29 ..      39   UUUGGUAAGCGAUAG                  UAACAAGAGAU                  AAUCAAGUGGGGACG
None      30 ..      40   UUGGUAAGCGAUAGU                  AACAAGAGAUA                  AUCAAGUGGGGACGC
None      31 ..      41   UGGUAAGCGAUAGUA                  ACAAGAGAUAA                  UCAAGUGGGGACGCG
None      32 ..      42   GGUAAGCGAUAGUAA                  CAAGAGAUAAU                  CAAGUGGGGACGCGC
None      33 ..      43   GUAAGCGAUAGUAAC                  AAGAGAUAAUC                  AAGUGGGGACGCGCA
 6.2      34 ..      44   UAAGCGAUAGUAACA                 AG AGAUAAU CA                 AGUGGGGACGCGCAU
 7.7      35 ..      45   AAGCGAUAGUAACAA                 GAG AUAAU CAA                 GUGGGGACGCGCAUC
 7.4      32 ..      46   GGUAAGCGAUAGUAA               CAAG AGAUAAU CAAG               UGGGGACGCGCAUCC
None      37 ..      47   GCGAUAGUAACAAGA                  GAUAAUCAAGU                  GGGGACGCGCAUCCC
None      38 ..      48   CGAUAGUAACAAGAG                  AUAAUCAAGUG                  GGGACGCGCAUCCCC
None      39 ..      49   GAUAGUAACAAGAGA                  UAAUCAAGUGG                  GGACGCGCAUCCCCA
None      40 ..      50   AUAGUAACAAGAGAU                  AAUCAAGUGGG                  GACGCGCAUCCCCAC
 7.7      41 ..      51   UAGUAACAAGAGAUA                 AUC AAGUG GGG                 ACGCGCAUCCCCACC
 6.2      42 ..      52   AGUAACAAGAGAUAA                 UC AAGUGGG GA                 CGCGCAUCCCCACCA
None      43 ..      53   GUAACAAGAGAUAAU                  CAAGUGGGGAC                  GCGCAUCCCCACCAG
 5.7      43 ..      54   GUAACAAGAGAUAAU                C AAGUGGGGAC G                 CGCAUCCCCACCAGU
 6.9      45 ..      55   AACAAGAGAUAAUCA                AGUG GGGA CGC-                 GCAUCCCCACCAGUG
 4.4      45 ..      56   AACAAGAGAUAAUCA                AGUG GGGA CGCG                 CAUCCCCACCAGUGA
 2.9      46 ..      57   ACAAGAGAUAAUCAA                GUG GGGACG CGC                 AUCCCCACCAGUGAC
 3.4      48 ..      58   AAGAGAUAAUCAAGU                 GGGG ACG CGCA                 UCCCCACCAGUGACU
 6.9      47 ..      59   CAAGAGAUAAUCAAG                UGGGG ACG CGCAU                CCCCACCAGUGACUA
 4.6      46 ..      60   ACAAGAGAUAAUCAA               GUGGGG ACG CGCAUC               CCCACCAGUGACUAA
 1.4      50 ..      61   GAGAUAAUCAAGUGG                GG ACGCGCAU CC                 CCACCAGUGACUAAC
-0.9      49 ..      62   AGAGAUAAUCAAGUG               GGG ACGCGCAU CCC                CACCAGUGACUAACC
-3.2      48 ..      63   AAGAGAUAAUCAAGU              GGGG ACGCGCAU CCCC               ACCAGUGACUAACCG
 0.3      47 ..      64   CAAGAGAUAAUCAAG             UGGGG ACGCGCAU CCCCA              CCAGUGACUAACCGC
  -2      46 ..      65   ACAAGAGAUAAUCAA            GUGGGG ACGCGCAU CCCCAC             CAGUGACUAACCGCC
 1.5      45 ..      66   AACAAGAGAUAAUCA           AGUGGGG ACGCGCAU CCCCACC            AGUGACUAACCGCCC
   5      44 ..      67   UAACAAGAGAUAAUC          AAGUGGGG ACGCGCAU CCCCACCA           GUGACUAACCGCCCU
 2.7      43 ..      68   GUAACAAGAGAUAAU         CAAGUGGGG ACGCGCAU CCCCACCAG          UGACUAACCGCCCUU
 6.2      42 ..      69   AGUAACAAGAGAUAA        UCAAGUGGGG ACGCGCAU CCCCACCAGU         GACUAACCGCCCUUC
 1.9      60 ..      70   AGUGGGGACGCGCAU                 CCC CACCA GUG                 ACUAACCGCCCUUCG
 4.4      60 ..      71   AGUGGGGACGCGCAU                CCCC ACCA GUGA                 CUAACCGCCCUUCGG
 7.9      59 ..      72   AAGUGGGGACGCGCA               UCCCC ACCA GUGAC                UAACCGCCCUUCGGG
None      63 ..      73   GGGGACGCGCAUCCC                  CACCAGUGACU                  AACCGCCCUUCGGGG
None      64 ..      74   GGGACGCGCAUCCCC                  ACCAGUGACUA                  ACCGCCCUUCGGGGC
None      65 ..      75   GGACGCGCAUCCCCA                  CCAGUGACUAA                  CCGCCCUUCGGGGCA
None      66 ..      76   GACGCGCAUCCCCAC                  CAGUGACUAAC                  CGCCCUUCGGGGCAC
 6.2      67 ..      77   ACGCGCAUCCCCACC                 AG UGACUAA CC                 GCCCUUCGGGGCACU
 3.9      66 ..      78   GACGCGCAUCCCCAC                CAG UGACUAA CCG                CCCUUCGGGGCACUA
 2.9      68 ..      79   CGCGCAUCCCCACCA                GUG ACUAAC CGC                 CCUUCGGGGCACUAU
 1.9      70 ..      80   CGCAUCCCCACCAGU                 GAC UAACC GCC                 CUUCGGGGCACUAUC
 4.9      68 ..      81   CGCGCAUCCCCACCA               GUG ACUAACCG CCC                UUCGGGGCACUAUCG
 8.4      67 ..      82   ACGCGCAUCCCCACC              AGUG ACUAACCG CCCU               UCGGGGCACUAUCGU
None      73 ..      83   AUCCCCACCAGUGAC                  UAACCGCCCUU                  CGGGGCACUAUCGUU
 8.7      70 ..      84   CGCAUCCCCACCAGU               G ACUAACCGCCCUU C               GGGGCACUAUCGUUA
 7.7      72 ..      85   CAUCCCCACCAGUGA               C UAACCGCCCUUC G                GGGCACUAUCGUUAG
-3.9      76 ..      86   CCCACCAGUGACUAA                 CCG CCCUU CGG                 GGCACUAUCGUUAGC
-0.4      75 ..      87   CCCCACCAGUGACUA                ACCG CCCUU CGGG                GCACUAUCGUUAGCC
-2.4      78 ..      88   CACCAGUGACUAACC                 GCCC UUC GGGG                 CACUAUCGUUAGCCC
-7.2      78 ..      89   CACCAGUGACUAACC                GCCC UUCG GGGC                 ACUAUCGUUAGCCCU
-3.7      77 ..      90   CCACCAGUGACUAAC               CGCCC UUCG GGGCA                CUAUCGUUAGCCCUA
-0.2      76 ..      91   CCCACCAGUGACUAA              CCGCCC UUCG GGGCAC               UAUCGUUAGCCCUAG
 3.3      75 ..      92   CCCCACCAGUGACUA             ACCGCCC UUCG GGGCACU              AUCGUUAGCCCUAGA
 6.8      74 ..      93   UCCCCACCAGUGACU            AACCGCCC UUCG GGGCACUA             UCGUUAGCCCUAGAC
None      84 ..      94   UGACUAACCGCCCUU                  CGGGGCACUAU                  CGUUAGCCCUAGACC
 4.7      85 ..      95   GACUAACCGCCCUUC                 G GGGCACUAU C                 GUUAGCCCUAGACCU
 2.4      84 ..      96   UGACUAACCGCCCUU                CG GGGCACUAU CG                UUAGCCCUAGACCUA
 5.9      83 ..      97   GUGACUAACCGCCCU               UCG GGGCACUAU CGU               UAGCCCUAGACCUAU
 8.7      87 ..      98   CUAACCGCCCUUCGG                GGC ACUAUC GUU                 AGCCCUAGACCUAUU
None      89 ..      99   AACCGCCCUUCGGGG                  CACUAUCGUUA                  GCCCUAGACCUAUUG
 5.7      89 ..     100   AACCGCCCUUCGGGG                C ACUAUCGUUA G                 CCCUAGACCUAUUGU
 3.4      88 ..     101   UAACCGCCCUUCGGG               GC ACUAUCGUUA GC                CCUAGACCUAUUGUG
 1.1      87 ..     102   CUAACCGCCCUUCGG              GGC ACUAUCGUUA GCC               CUAGACCUAUUGUGC
-1.2      86 ..     103   ACUAACCGCCCUUCG             GGGC ACUAUCGUUA GCCC              UAGACCUAUUGUGCU
 2.3      85 ..     104   GACUAACCGCCCUUC            GGGGC ACUAUCGUUA GCCCU             AGACCUAUUGUGCUA
 5.8      84 ..     105   UGACUAACCGCCCUU           CGGGGC ACUAUCGUUA GCCCUA            GACCUAUUGUGCUAG
 5.7      95 ..     106   CCUUCGGGGCACUAU                C GUUAGCCCUA G                 ACCUAUUGUGCUAGG
None      97 ..     107   UUCGGGGCACUAUCG                  UUAGCCCUAGA                  CCUAUUGUGCUAGGG
 6.7      96 ..     108   CUUCGGGGCACUAUC                G UUAGCCCUAGA C                CUAUUGUGCUAGGGG
 3.4      99 ..     109   CGGGGCACUAUCGUU                 AGCC CUA GACC                 UAUUGUGCUAGGGGA
 6.9      98 ..     110   UCGGGGCACUAUCGU                UAGCC CUA GACCU                AUUGUGCUAGGGGAG
None     101 ..     111   GGGCACUAUCGUUAG                  CCCUAGACCUA                  UUGUGCUAGGGGAGA
None     102 ..     112   GGCACUAUCGUUAGC                  CCUAGACCUAU                  UGUGCUAGGGGAGAA
None     103 ..     113   GCACUAUCGUUAGCC                  CUAGACCUAUU                  GUGCUAGGGGAGAAG
 5.7     103 ..     114   GCACUAUCGUUAGCC                C UAGACCUAUU G                 UGCUAGGGGAGAAGC
None     105 ..     115   ACUAUCGUUAGCCCU                  AGACCUAUUGU                  GCUAGGGGAGAAGCC
 6.9     101 ..     116   GGGCACUAUCGUUAG              CCC UAGACCUAUU GUG               CUAGGGGAGAAGCCA
 4.4     106 ..     117   CUAUCGUUAGCCCUA                GACC UAUU GUGC                 UAGGGGAGAAGCCAA
 7.9     105 ..     118   ACUAUCGUUAGCCCU               AGACC UAUU GUGCU                AGGGGAGAAGCCAAG
None     109 ..     119   UCGUUAGCCCUAGAC                  CUAUUGUGCUA                  GGGGAGAAGCCAAGG
 5.7     109 ..     120   UCGUUAGCCCUAGAC                C UAUUGUGCUA G                 GGGAGAAGCCAAGGA
 3.4     108 ..     121   AUCGUUAGCCCUAGA               CC UAUUGUGCUA GG                GGAGAAGCCAAGGAG
 4.4     108 ..     122   AUCGUUAGCCCUAGA               CC UAUUGUGCUAG GG               GAGAAGCCAAGGAGA
 5.4     108 ..     123   AUCGUUAGCCCUAGA              CC UAUUGUGCUAGG GG               AGAAGCCAAGGAGAG
 8.9     107 ..     124   UAUCGUUAGCCCUAG             ACC UAUUGUGCUAGG GGA              GAAGCCAAGGAGAGG
 7.7     115 ..     125   GCCCUAGACCUAUUG                 UGC UAGGG GAG                 AAGCCAAGGAGAGGC
 6.2     116 ..     126   CCCUAGACCUAUUGU                 GC UAGGGGA GA                 AGCCAAGGAGAGGCA
None     117 ..     127   CCUAGACCUAUUGUG                  CUAGGGGAGAA                  GCCAAGGAGAGGCAU
 5.7     117 ..     128   CCUAGACCUAUUGUG                C UAGGGGAGAA G                 CCAAGGAGAGGCAUC
 3.4     116 ..     129   CCCUAGACCUAUUGU               GC UAGGGGAGAA GC                CAAGGAGAGGCAUCG
 0.4     120 ..     130   AGACCUAUUGUGCUA                 GG GGAGAAG CC                 AAGGAGAGGCAUCGG
 1.9     121 ..     131   GACCUAUUGUGCUAG                 GGG AGAAG CCA                 AGGAGAGGCAUCGGG
 5.4     120 ..     132   AGACCUAUUGUGCUA                GGGG AGAAG CCAA                GGAGAGGCAUCGGGU
 5.1     117 ..     133   CCUAGACCUAUUGUG              CUAGG GGAGAAG CCAAG              GAGAGGCAUCGGGUG
 7.6     117 ..     134   CCUAGACCUAUUGUG             CUAGGG GAGAAG CCAAGG              AGAGGCAUCGGGUGA
None     125 ..     135   UAUUGUGCUAGGGGA                  GAAGCCAAGGA                  GAGGCAUCGGGUGAG
None     126 ..     136   AUUGUGCUAGGGGAG                  AAGCCAAGGAG                  AGGCAUCGGGUGAGU
None     127 ..     137   UUGUGCUAGGGGAGA                  AGCCAAGGAGA                  GGCAUCGGGUGAGUA
 7.7     128 ..     138   UGUGCUAGGGGAGAA                 GCC AAGGA GAG                 GCAUCGGGUGAGUAA
 0.4     129 ..     139   GUGCUAGGGGAGAAG                 CC AAGGAGA GG                 CAUCGGGUGAGUAAG
-1.9     128 ..     140   UGUGCUAGGGGAGAA                GCC AAGGAGA GGC                AUCGGGUGAGUAAGC
 1.6     127 ..     141   UUGUGCUAGGGGAGA               AGCC AAGGAGA GGCA               UCGGGUGAGUAAGCA
 5.1     126 ..     142   AUUGUGCUAGGGGAG              AAGCC AAGGAGA GGCAU              CGGGUGAGUAAGCAC
 2.8     125 ..     143   UAUUGUGCUAGGGGA             GAAGCC AAGGAGA GGCAUC             GGGUGAGUAAGCACU
 6.3     124 ..     144   CUAUUGUGCUAGGGG            AGAAGCC AAGGAGA GGCAUCG            GGUGAGUAAGCACUC
 6.4     129 ..     145   GUGCUAGGGGAGAAG              CC AAGGAGAGGCAUC GG              GUGAGUAAGCACUCC
 8.1     130 ..     146   UGCUAGGGGAGAAGC              CAAGGAG AGG CAUCGGG              UGAGUAAGCACUCCC
None     137 ..     147   GGAGAAGCCAAGGAG                  AGGCAUCGGGU                  GAGUAAGCACUCCCU
 7.7     138 ..     148   GAGAAGCCAAGGAGA                 GGC AUCGG GUG                 AGUAAGCACUCCCUC
 6.2     139 ..     149   AGAAGCCAAGGAGAG                 GC AUCGGGU GA                 GUAAGCACUCCCUCU
 4.7     140 ..     150   GAAGCCAAGGAGAGG                 C AUCGGGUGA G                 UAAGCACUCCCUCUG
 8.2     139 ..     151   AGAAGCCAAGGAGAG                GC AUCGGGUGA GU                AAGCACUCCCUCUGC
 8.7     141 ..     152   AAGCCAAGGAGAGGC                AUC GGGUGA GUA                 AGCACUCCCUCUGCC
None     143 ..     153   GCCAAGGAGAGGCAU                  CGGGUGAGUAA                  GCACUCCCUCUGCCC
 5.7     143 ..     154   GCCAAGGAGAGGCAU                C GGGUGAGUAA G                 CACUCCCUCUGCCCC
 4.7     145 ..     155   CAAGGAGAGGCAUCG                 G GUGAGUAAG C                 ACUCCCUCUGCCCCU
 7.2     145 ..     156   CAAGGAGAGGCAUCG                GG UGAGUAAG CA                 CUCCCUCUGCCCCUU
 2.9     146 ..     157   AAGGAGAGGCAUCGG                GUG AGUAAG CAC                 UCCCUCUGCCCCUUG
 4.4     147 ..     158   AGGAGAGGCAUCGGG                UGAG UAAG CACU                 CCCUCUGCCCCUUGC
 2.1     146 ..     159   AAGGAGAGGCAUCGG               GUGAG UAAG CACUC                CCUCUGCCCCUUGCU
-0.2     145 ..     160   CAAGGAGAGGCAUCG              GGUGAG UAAG CACUCC               CUCUGCCCCUUGCUU
-2.5     144 ..     161   CCAAGGAGAGGCAUC             GGGUGAG UAAG CACUCCC              UCUGCCCCUUGCUUG
   1     143 ..     162   GCCAAGGAGAGGCAU            CGGGUGAG UAAG CACUCCCU             CUGCCCCUUGCUUGG
 4.5     142 ..     163   AGCCAAGGAGAGGCA           UCGGGUGAG UAAG CACUCCCUC            UGCCCCUUGCUUGGA
 7.2     153 ..     164   GGCAUCGGGUGAGUA                AG CACUCCCU CU                 GCCCCUUGCUUGGAC
 4.7     155 ..     165   CAUCGGGUGAGUAAG                 C ACUCCCUCU G                 CCCCUUGCUUGGACA
 2.4     154 ..     166   GCAUCGGGUGAGUAA                GC ACUCCCUCU GC                CCCUUGCUUGGACAC
 1.1     138 ..     167   GAGAAGCCAAGGAGA       GGCAUCGGGUGAG UAAG CACUCCCUCUGCC        CCUUGCUUGGACACU
 4.6     137 ..     168   GGAGAAGCCAAGGAG      AGGCAUCGGGUGAG UAAG CACUCCCUCUGCCC       CUUGCUUGGACACUC
 2.3     136 ..     169   GGGAGAAGCCAAGGA     GAGGCAUCGGGUGAG UAAG CACUCCCUCUGCCCC      UUGCUUGGACACUCG
 5.8     135 ..     170   GGGGAGAAGCCAAGG    AGAGGCAUCGGGUGAG UAAG CACUCCCUCUGCCCCU     UGCUUGGACACUCGG
None     161 ..     171   GUGAGUAAGCACUCC                  CUCUGCCCCUU                  GCUUGGACACUCGGU
 5.7     161 ..     172   GUGAGUAAGCACUCC                C UCUGCCCCUU G                 CUUGGACACUCGGUG
 7.2     162 ..     173   UGAGUAAGCACUCCC                UC UGCCCCUU GC                 UUGGACACUCGGUGA
 1.9     164 ..     174   AGUAAGCACUCCCUC                 UGC CCCUU GCU                 UGGACACUCGGUGAG
 5.4     163 ..     175   GAGUAAGCACUCCCU                CUGC CCCUU GCUU                GGACACUCGGUGAGC
 4.7     166 ..     176   UAAGCACUCCCUCUG                 C CCCUUGCUU G                 GACACUCGGUGAGCG
 0.4     167 ..     177   AAGCACUCCCUCUGC                 CC CUUGCUU GG                 ACACUCGGUGAGCGA
 2.9     167 ..     178   AAGCACUCCCUCUGC                CCC UUGCUU GGA                 CACUCGGUGAGCGAA
 1.6     165 ..     179   GUAAGCACUCCCUCU               GCCC CUUGCUU GGAC               ACUCGGUGAGCGAAA
 5.1     164 ..     180   AGUAAGCACUCCCUC              UGCCC CUUGCUU GGACA              CUCGGUGAGCGAAAC
 8.6     163 ..     181   GAGUAAGCACUCCCU             CUGCCC CUUGCUU GGACAC             UCGGUGAGCGAAACG
 7.2     171 ..     182   ACUCCCUCUGCCCCU                UG CUUGGACA CU                 CGGUGAGCGAAACGC
 5.7     172 ..     183   CUCCCUCUGCCCCUU                G CUUGGACACU C                 GGUGAGCGAAACGCC
 4.4     173 ..     184   UCCCUCUGCCCCUUG                CUUG GACA CUCG                 GUGAGCGAAACGCCC
 6.1     168 ..     185   AGCACUCCCUCUGCC             CCUUG CUUGGACA CUCGG              UGAGCGAAACGCCCU
None     176 ..     186   CUCUGCCCCUUGCUU                  GGACACUCGGU                  GAGCGAAACGCCCUG
 7.3     166 ..     187   UAAGCACUCCCUCUG           CCCCUUG CUUGGACA CUCGGUG            AGCGAAACGCCCUGA
 3.4     178 ..     188   CUGCCCCUUGCUUGG                 ACAC UCG GUGA                 GCGAAACGCCCUGAC
 1.9     179 ..     189   UGCCCCUUGCUUGGA                 CAC UCGGU GAG                 CGAAACGCCCUGACG
 3.4     180 ..     190   GCCCCUUGCUUGGAC                 ACUC GGU GAGC                 GAAACGCCCUGACGA
 1.1     179 ..     191   UGCCCCUUGCUUGGA                CACUC GGU GAGCG                AAACGCCCUGACGAU
 1.9     182 ..     192   CCCUUGCUUGGACAC                 UCG GUGAG CGA                 AACGCCCUGACGAUA
 5.4     181 ..     193   CCCCUUGCUUGGACA                CUCG GUGAG CGAA                ACGCCCUGACGAUAC
 8.9     180 ..     194   GCCCCUUGCUUGGAC               ACUCG GUGAG CGAAA               CGCCCUGACGAUACx
 4.7     185 ..     195   UUGCUUGGACACUCG                 G UGAGCGAAA C                 GCCCUGACGAUACxx
 3.4     183 ..     196   CCUUGCUUGGACACU               CG GUGAGCGAAA CG                CCCUGACGAUACxxx
 1.9     187 ..     197   GCUUGGACACUCGGU                 GAG CGAAA CGC                 CCUGACGAUACxxxx
-2.4     188 ..     198   CUUGGACACUCGGUG                 AGCG AAA CGCC                 CUGACGAUACxxxxx
-4.7     187 ..     199   GCUUGGACACUCGGU                GAGCG AAA CGCCC                UGACGAUACxxxxxx
-1.2     186 ..     200   UGCUUGGACACUCGG               UGAGCG AAA CGCCCU               GACGAUACxxxxxxx
 2.3     185 ..     201   UUGCUUGGACACUCG              GUGAGCG AAA CGCCCUG              ACGAUACxxxxxxxx
 5.8     184 ..     202   CUUGCUUGGACACUC             GGUGAGCG AAA CGCCCUGA             CGAUACxxxxxxxxx
   6     184 ..     203   CUUGCUUGGACACUC            G-GUGAGCG AAA CGCCCUGAC            GAUACxxxxxxxxxx
 3.7     183 ..     204   CCUUGCUUGGACACU           CG-GUGAGCG AAA CGCCCUGACG           AUACxxxxxxxxxxx
 2.9     194 ..     205   CACUCGGUGAGCGAA                ACG CCCUGA CGA                 UACxxxxxxxxxxxx
 6.4     193 ..     206   ACACUCGGUGAGCGA               AACG CCCUGA CGAU                ACxxxxxxxxxxxxx
None     197 ..     207   UCGGUGAGCGAAACG                  CCCUGACGAUA                  Cxxxxxxxxxxxxxx
