>URS0000D66925 ncRNA from 1 species FORWARD
 0.4       1 ..      11   xxxxxxxxxxxxxxx                 GC CUCCUUA GC                 GAAUAGUCGUCCGGU
 4.7       2 ..      12   xxxxxxxxxxxxxxG                 C CUCCUUAGC G                 AAUAGUCGUCCGGUU
 4.4       2 ..      13   xxxxxxxxxxxxxxG                CCUC CUUA GCGA                 AUAGUCGUCCGGUUA
 7.7       4 ..      14   xxxxxxxxxxxxGCC                 UCC UUAGC GAA                 UAGUCGUCCGGUUAA
None       5 ..      15   xxxxxxxxxxxGCCU                  CCUUAGCGAAU                  AGUCGUCCGGUUAAC
None       6 ..      16   xxxxxxxxxxGCCUC                  CUUAGCGAAUA                  GUCGUCCGGUUAACG
 5.7       6 ..      17   xxxxxxxxxxGCCUC                C UUAGCGAAUA G                 UCGUCCGGUUAACGG
None       8 ..      18   xxxxxxxxGCCUCCU                  UAGCGAAUAGU                  CGUCCGGUUAACGGC
 7.7       9 ..      19   xxxxxxxGCCUCCUU                 AGC GAAUA GUC                 GUCCGGUUAACGGCG
 5.4      10 ..      20   xxxxxxGCCUCCUUA                GCG AAUAGU CG-                 UCCGGUUAACGGCGU
 2.9      10 ..      21   xxxxxxGCCUCCUUA                GCG AAUAGU CGU                 CCGGUUAACGGCGUG
 3.1      10 ..      22   xxxxxxGCCUCCUUA               G-CG AAUAGU CGUC                CGGUUAACGGCGUGC
 5.7      12 ..      23   xxxxGCCUCCUUAGC                G AAUAGUCGUC C                 GGUUAACGGCGUGCU
 3.4      11 ..      24   xxxxxGCCUCCUUAG               CG AAUAGUCGUC CG                GUUAACGGCGUGCUU
 6.9      10 ..      25   xxxxxxGCCUCCUUA              GCG AAUAGUCGUC CGG               UUAACGGCGUGCUUG
None      16 ..      26   GCCUCCUUAGCGAAU                  AGUCGUCCGGU                  UAACGGCGUGCUUGU
 7.7      17 ..      27   CCUCCUUAGCGAAUA                 GUC GUCCG GUU                 AACGGCGUGCUUGUC
None      18 ..      28   CUCCUUAGCGAAUAG                  UCGUCCGGUUA                  ACGGCGUGCUUGUCA
None      19 ..      29   UCCUUAGCGAAUAGU                  CGUCCGGUUAA                  CGGCGUGCUUGUCAG
 4.7      20 ..      30   CCUUAGCGAAUAGUC                 G UCCGGUUAA C                 GGCGUGCUUGUCAGU
 2.4      19 ..      31   UCCUUAGCGAAUAGU                CG UCCGGUUAA CG                GCGUGCUUGUCAGUA
-3.9      22 ..      32   UUAGCGAAUAGUCGU                 CCG GUUAA CGG                 CGUGCUUGUCAGUAA
-0.4      21 ..      33   CUUAGCGAAUAGUCG                UCCG GUUAA CGGC                GUGCUUGUCAGUAAG
-2.5      19 ..      34   UCCUUAGCGAAUAGU              CGUCCG GUUAA CGG-CG              UGCUUGUCAGUAAGA
   1      18 ..      35   CUCCUUAGCGAAUAG             UCGUCCG GUUAA CGG-CGU             GCUUGUCAGUAAGAC
 4.5      17 ..      36   CCUCCUUAGCGAAUA            GUCGUCCG GUUAA CGG-CGUG            CUUGUCAGUAAGACG
 4.7      17 ..      37   CCUCCUUAGCGAAUA           G-UCGUCCG GUUAA CGG-CGUGC           UUGUCAGUAAGACGA
 7.7      28 ..      38   AAUAGUCGUCCGGUU                 AAC GGCGU GCU                 UGUCAGUAAGACGAC
 7.7      29 ..      39   AUAGUCGUCCGGUUA                 ACG GCGUG CUU                 GUCAGUAAGACGACA
 4.7      30 ..      40   UAGUCGUCCGGUUAA                 C GGCGUGCUU G                 UCAGUAAGACGACAA
 8.2      29 ..      41   AUAGUCGUCCGGUUA                AC GGCGUGCUU GU                CAGUAAGACGACAAG
 2.9      31 ..      42   AGUCGUCCGGUUAAC                GGC GUGCUU GUC                 AGUAAGACGACAAGA
 6.2      33 ..      43   UCGUCCGGUUAACGG                 CG UGCUUGU CA                 GUAAGACGACAAGAU
 5.7      33 ..      44   UCGUCCGGUUAACGG                C GUGCUUGUCA G                 UAAGACGACAAGAUA
None      35 ..      45   GUCCGGUUAACGGCG                  UGCUUGUCAGU                  AAGACGACAAGAUAG
 8.7      35 ..      46   GUCCGGUUAACGGCG                UGC UUGUCA GUA                 AGACGACAAGAUAGC
None      37 ..      47   CCGGUUAACGGCGUG                  CUUGUCAGUAA                  GACGACAAGAUAGCU
 5.7      37 ..      48   CCGGUUAACGGCGUG                C UUGUCAGUAA G                 ACGACAAGAUAGCUU
None      39 ..      49   GGUUAACGGCGUGCU                  UGUCAGUAAGA                  CGACAAGAUAGCUUG
 1.9      40 ..      50   GUUAACGGCGUGCUU                 GUC AGUAA GAC                 GACAAGAUAGCUUGG
 5.4      39 ..      51   GGUUAACGGCGUGCU                UGUC AGUAA GACG                ACAAGAUAGCUUGGG
 7.2      41 ..      52   UUAACGGCGUGCUUG                UC AGUAAGAC GA                 CAAGAUAGCUUGGGA
 4.9      40 ..      53   GUUAACGGCGUGCUU               GUC AGUAAGAC GAC                AAGAUAGCUUGGGAG
 7.2      43 ..      54   AACGGCGUGCUUGUC                AG UAAGACGA CA                 AGAUAGCUUGGGAGG
None      45 ..      55   CGGCGUGCUUGUCAG                  UAAGACGACAA                  GAUAGCUUGGGAGGU
 8.7      42 ..      56   UAACGGCGUGCUUGU               C AGUAAGACGACAA G               AUAGCUUGGGAGGUU
None      47 ..      57   GCGUGCUUGUCAGUA                  AGACGACAAGA                  UAGCUUGGGAGGUUU
 7.7      48 ..      58   CGUGCUUGUCAGUAA                 GAC GACAA GAU                 AGCUUGGGAGGUUUU
None      49 ..      59   GUGCUUGUCAGUAAG                  ACGACAAGAUA                  GCUUGGGAGGUUUUC
 4.7      50 ..      60   UGCUUGUCAGUAAGA                 C GACAAGAUA G                 CUUGGGAGGUUUUCx
 4.7      51 ..      61   GCUUGUCAGUAAGAC                 G ACAAGAUAG C                 UUGGGAGGUUUUCxx
 8.2      50 ..      62   UGCUUGUCAGUAAGA                CG ACAAGAUAG CU                UGGGAGGUUUUCxxx
None      53 ..      63   UUGUCAGUAAGACGA                  CAAGAUAGCUU                  GGGAGGUUUUCxxxx
 4.4      53 ..      64   UUGUCAGUAAGACGA                CAAG AUAG CUUG                 GGAGGUUUUCxxxxx
 6.7      53 ..      65   UUGUCAGUAAGACGA                C AAGAUAGCUUG G                GAGGUUUUCxxxxxx
 7.7      53 ..      66   UUGUCAGUAAGACGA               C AAGAUAGCUUGG G                AGGUUUUCxxxxxxx
None      57 ..      67   CAGUAAGACGACAAG                  AUAGCUUGGGA                  GGUUUUCxxxxxxxx
None      58 ..      68   AGUAAGACGACAAGA                  UAGCUUGGGAG                  GUUUUCxxxxxxxxx
None      59 ..      69   GUAAGACGACAAGAU                  AGCUUGGGAGG                  UUUUCxxxxxxxxxx
 6.2      60 ..      70   UAAGACGACAAGAUA                 GC UUGGGAG GU                 UUUCxxxxxxxxxxx
None      61 ..      71   AAGACGACAAGAUAG                  CUUGGGAGGUU                  UUCxxxxxxxxxxxx
None      62 ..      72   AGACGACAAGAUAGC                  UUGGGAGGUUU                  UCxxxxxxxxxxxxx
None      63 ..      73   GACGACAAGAUAGCU                  UGGGAGGUUUU                  Cxxxxxxxxxxxxxx
