>URS0000D6C906 ncRNA from 1 species FORWARD
None       1 ..      11   xxxxxxxxxxxxxxx                  UUCAAUUACUG                  AACAAUACUGUUGCA
 6.2       2 ..      12   xxxxxxxxxxxxxxU                 UC AAUUACU GA                 ACAAUACUGUUGCAG
None       3 ..      13   xxxxxxxxxxxxxUU                  CAAUUACUGAA                  CAAUACUGUUGCAGU
None       4 ..      14   xxxxxxxxxxxxUUC                  AAUUACUGAAC                  AAUACUGUUGCAGUG
None       5 ..      15   xxxxxxxxxxxUUCA                  AUUACUGAACA                  AUACUGUUGCAGUGA
None       6 ..      16   xxxxxxxxxxUUCAA                  UUACUGAACAA                  UACUGUUGCAGUGAA
None       7 ..      17   xxxxxxxxxUUCAAU                  UACUGAACAAU                  ACUGUUGCAGUGAAU
None       8 ..      18   xxxxxxxxUUCAAUU                  ACUGAACAAUA                  CUGUUGCAGUGAAUA
None       9 ..      19   xxxxxxxUUCAAUUA                  CUGAACAAUAC                  UGUUGCAGUGAAUAG
 6.2      10 ..      20   xxxxxxUUCAAUUAC                 UG AACAAUA CU                 GUUGCAGUGAAUAGU
 3.9       9 ..      21   xxxxxxxUUCAAUUA                CUG AACAAUA CUG                UUGCAGUGAAUAGUU
 7.4       8 ..      22   xxxxxxxxUUCAAUU               ACUG AACAAUA CUGU               UGCAGUGAAUAGUUU
 8.7      12 ..      23   xxxxUUCAAUUACUG                AAC AAUACU GUU                 GCAGUGAAUAGUUUG
 4.7      14 ..      24   xxUUCAAUUACUGAA                 C AAUACUGUU G                 CAGUGAAUAGUUUGG
 8.2      13 ..      25   xxxUUCAAUUACUGA                AC AAUACUGUU GC                AGUGAAUAGUUUGGA
None      16 ..      26   UUCAAUUACUGAACA                  AUACUGUUGCA                  GUGAAUAGUUUGGAU
 7.7      14 ..      27   xxUUCAAUUACUGAA               C AAUACUGUUGCA G                UGAAUAGUUUGGAUG
 3.4      18 ..      28   CAAUUACUGAACAAU                 ACUG UUG CAGU                 GAAUAGUUUGGAUGU
 4.7      19 ..      29   AAUUACUGAACAAUA                 C UGUUGCAGU G                 AAUAGUUUGGAUGUG
 8.2      18 ..      30   CAAUUACUGAACAAU                AC UGUUGCAGU GA                AUAGUUUGGAUGUGA
None      21 ..      31   UUACUGAACAAUACU                  GUUGCAGUGAA                  UAGUUUGGAUGUGAA
None      22 ..      32   UACUGAACAAUACUG                  UUGCAGUGAAU                  AGUUUGGAUGUGAAC
None      23 ..      33   ACUGAACAAUACUGU                  UGCAGUGAAUA                  GUUUGGAUGUGAACU
None      24 ..      34   CUGAACAAUACUGUU                  GCAGUGAAUAG                  UUUGGAUGUGAACUU
 7.2      24 ..      35   CUGAACAAUACUGUU                GC AGUGAAUA GU                 UUGGAUGUGAACUUA
None      26 ..      36   GAACAAUACUGUUGC                  AGUGAAUAGUU                  UGGAUGUGAACUUAG
None      27 ..      37   AACAAUACUGUUGCA                  GUGAAUAGUUU                  GGAUGUGAACUUAGG
 7.7      25 ..      38   UGAACAAUACUGUUG               C AGUGAAUAGUUU G                GAUGUGAACUUAGGU
 8.7      25 ..      39   UGAACAAUACUGUUG               C AGUGAAUAGUUUG G               AUGUGAACUUAGGUU
None      30 ..      40   AAUACUGUUGCAGUG                  AAUAGUUUGGA                  UGUGAACUUAGGUUU
None      31 ..      41   AUACUGUUGCAGUGA                  AUAGUUUGGAU                  GUGAACUUAGGUUUA
None      32 ..      42   UACUGUUGCAGUGAA                  UAGUUUGGAUG                  UGAACUUAGGUUUAA
None      33 ..      43   ACUGUUGCAGUGAAU                  AGUUUGGAUGU                  GAACUUAGGUUUAAG
None      34 ..      44   CUGUUGCAGUGAAUA                  GUUUGGAUGUG                  AACUUAGGUUUAAGU
None      35 ..      45   UGUUGCAGUGAAUAG                  UUUGGAUGUGA                  ACUUAGGUUUAAGUG
None      36 ..      46   GUUGCAGUGAAUAGU                  UUGGAUGUGAA                  CUUAGGUUUAAGUGU
 7.7      34 ..      47   CUGUUGCAGUGAAUA               G UUUGGAUGUGAA C                UUAGGUUUAAGUGUA
 6.2      38 ..      48   UGCAGUGAAUAGUUU                 GG AUGUGAA CU                 UAGGUUUAAGUGUAU
None      39 ..      49   GCAGUGAAUAGUUUG                  GAUGUGAACUU                  AGGUUUAAGUGUAUU
None      40 ..      50   CAGUGAAUAGUUUGG                  AUGUGAACUUA                  GGUUUAAGUGUAUUG
None      41 ..      51   AGUGAAUAGUUUGGA                  UGUGAACUUAG                  GUUUAAGUGUAUUGU
None      42 ..      52   GUGAAUAGUUUGGAU                  GUGAACUUAGG                  UUUAAGUGUAUUGUA
None      43 ..      53   UGAAUAGUUUGGAUG                  UGAACUUAGGU                  UUAAGUGUAUUGUAA
None      44 ..      54   GAAUAGUUUGGAUGU                  GAACUUAGGUU                  UAAGUGUAUUGUAAA
None      45 ..      55   AAUAGUUUGGAUGUG                  AACUUAGGUUU                  AAGUGUAUUGUAAAU
None      46 ..      56   AUAGUUUGGAUGUGA                  ACUUAGGUUUA                  AGUGUAUUGUAAAUA
None      47 ..      57   UAGUUUGGAUGUGAA                  CUUAGGUUUAA                  GUGUAUUGUAAAUAC
 5.7      47 ..      58   UAGUUUGGAUGUGAA                C UUAGGUUUAA G                 UGUAUUGUAAAUACA
None      49 ..      59   GUUUGGAUGUGAACU                  UAGGUUUAAGU                  GUAUUGUAAAUACAC
 7.7      47 ..      60   UAGUUUGGAUGUGAA               C UUAGGUUUAAGU G                UAUUGUAAAUACACC
None      51 ..      61   UUGGAUGUGAACUUA                  GGUUUAAGUGU                  AUUGUAAAUACACCG
None      52 ..      62   UGGAUGUGAACUUAG                  GUUUAAGUGUA                  UUGUAAAUACACCGC
None      53 ..      63   GGAUGUGAACUUAGG                  UUUAAGUGUAU                  UGUAAAUACACCGCA
None      54 ..      64   GAUGUGAACUUAGGU                  UUAAGUGUAUU                  GUAAAUACACCGCAC
None      55 ..      65   AUGUGAACUUAGGUU                  UAAGUGUAUUG                  UAAAUACACCGCACC
None      56 ..      66   UGUGAACUUAGGUUU                  AAGUGUAUUGU                  AAAUACACCGCACCA
None      57 ..      67   GUGAACUUAGGUUUA                  AGUGUAUUGUA                  AAUACACCGCACCAU
None      58 ..      68   UGAACUUAGGUUUAA                  GUGUAUUGUAA                  AUACACCGCACCAUC
None      59 ..      69   GAACUUAGGUUUAAG                  UGUAUUGUAAA                  UACACCGCACCAUCU
None      60 ..      70   AACUUAGGUUUAAGU                  GUAUUGUAAAU                  ACACCGCACCAUCUA
None      61 ..      71   ACUUAGGUUUAAGUG                  UAUUGUAAAUA                  CACCGCACCAUCUAG
 6.7      60 ..      72   AACUUAGGUUUAAGU                G UAUUGUAAAUA C                ACCGCACCAUCUAGG
None      63 ..      73   UUAGGUUUAAGUGUA                  UUGUAAAUACA                  CCGCACCAUCUAGGA
 7.9      58 ..      74   UGAACUUAGGUUUAA              GUG UAUUGUAAAUA CAC              CGCACCAUCUAGGAG
 4.7      65 ..      75   AGGUUUAAGUGUAUU                 G UAAAUACAC C                 GCACCAUCUAGGAGA
 8.2      64 ..      76   UAGGUUUAAGUGUAU                UG UAAAUACAC CG                CACCAUCUAGGAGAA
 6.7      65 ..      77   AGGUUUAAGUGUAUU                G UAAAUACACCG C                ACCAUCUAGGAGAAC
None      68 ..      78   UUUAAGUGUAUUGUA                  AAUACACCGCA                  CCAUCUAGGAGAACA
 8.7      65 ..      79   AGGUUUAAGUGUAUU               G UAAAUACACCGCA C               CAUCUAGGAGAACAG
None      70 ..      80   UAAGUGUAUUGUAAA                  UACACCGCACC                  AUCUAGGAGAACAGA
None      71 ..      81   AAGUGUAUUGUAAAU                  ACACCGCACCA                  UCUAGGAGAACAGAG
None      72 ..      82   AGUGUAUUGUAAAUA                  CACCGCACCAU                  CUAGGAGAACAGAGU
None      73 ..      83   GUGUAUUGUAAAUAC                  ACCGCACCAUC                  UAGGAGAACAGAGUU
None      74 ..      84   UGUAUUGUAAAUACA                  CCGCACCAUCU                  AGGAGAACAGAGUUU
 8.7      74 ..      85   UGUAUUGUAAAUACA                CCG CACCAU CUA                 GGAGAACAGAGUUUA
 5.7      75 ..      86   GUAUUGUAAAUACAC                C GCACCAUCUA G                 GAGAACAGAGUUUAC
 3.4      74 ..      87   UGUAUUGUAAAUACA               CC GCACCAUCUA GG                AGAACAGAGUUUACU
 1.9      78 ..      88   UUGUAAAUACACCGC                 ACC AUCUA GGA                 GAACAGAGUUUACUC
-0.4      77 ..      89   AUUGUAAAUACACCG                CACC AUCUA GGAG                AACAGAGUUUACUCU
 3.1      76 ..      90   UAUUGUAAAUACACC               GCACC AUCUA GGAGA               ACAGAGUUUACUCUG
 6.6      75 ..      91   GUAUUGUAAAUACAC              CGCACC AUCUA GGAGAA              CAGAGUUUACUCUGU
None      82 ..      92   AAAUACACCGCACCA                  UCUAGGAGAAC                  AGAGUUUACUCUGUU
None      83 ..      93   AAUACACCGCACCAU                  CUAGGAGAACA                  GAGUUUACUCUGUUC
 5.7      83 ..      94   AAUACACCGCACCAU                C UAGGAGAACA G                 AGUUUACUCUGUUCU
None      85 ..      95   UACACCGCACCAUCU                  AGGAGAACAGA                  GUUUACUCUGUUCUU
 7.7      83 ..      96   AAUACACCGCACCAU               C UAGGAGAACAGA G                UUUACUCUGUUCUUU
None      87 ..      97   CACCGCACCAUCUAG                  GAGAACAGAGU                  UUACUCUGUUCUUUU
None      88 ..      98   ACCGCACCAUCUAGG                  AGAACAGAGUU                  UACUCUGUUCUUUUA
None      89 ..      99   CCGCACCAUCUAGGA                  GAACAGAGUUU                  ACUCUGUUCUUUUAU
None      90 ..     100   CGCACCAUCUAGGAG                  AACAGAGUUUA                  CUCUGUUCUUUUAUU
 6.7      89 ..     101   CCGCACCAUCUAGGA                G AACAGAGUUUA C                UCUGUUCUUUUAUUU
None      92 ..     102   CACCAUCUAGGAGAA                  CAGAGUUUACU                  CUGUUCUUUUAUUUA
 6.9      93 ..     103   ACCAUCUAGGAGAAC                AGAG UUUA CUC-                 UGUUCUUUUAUUUAU
 4.4      93 ..     104   ACCAUCUAGGAGAAC                AGAG UUUA CUCU                 GUUCUUUUAUUUAUU
 2.1      92 ..     105   CACCAUCUAGGAGAA               CAGAG UUUA CUCUG                UUCUUUUAUUUAUUC
 5.6      91 ..     106   GCACCAUCUAGGAGA              ACAGAG UUUA CUCUGU               UCUUUUAUUUAUUCU
None      97 ..     107   UCUAGGAGAACAGAG                  UUUACUCUGUU                  CUUUUAUUUAUUCUx
 6.7      96 ..     108   AUCUAGGAGAACAGA                G UUUACUCUGUU C                UUUUAUUUAUUCUxx
None      99 ..     109   UAGGAGAACAGAGUU                  UACUCUGUUCU                  UUUAUUUAUUCUxxx
None     100 ..     110   AGGAGAACAGAGUUU                  ACUCUGUUCUU                  UUAUUUAUUCUxxxx
None     101 ..     111   GGAGAACAGAGUUUA                  CUCUGUUCUUU                  UAUUUAUUCUxxxxx
None     102 ..     112   GAGAACAGAGUUUAC                  UCUGUUCUUUU                  AUUUAUUCUxxxxxx
None     103 ..     113   AGAACAGAGUUUACU                  CUGUUCUUUUA                  UUUAUUCUxxxxxxx
None     104 ..     114   GAACAGAGUUUACUC                  UGUUCUUUUAU                  UUAUUCUxxxxxxxx
None     105 ..     115   AACAGAGUUUACUCU                  GUUCUUUUAUU                  UAUUCUxxxxxxxxx
None     106 ..     116   ACAGAGUUUACUCUG                  UUCUUUUAUUU                  AUUCUxxxxxxxxxx
None     107 ..     117   CAGAGUUUACUCUGU                  UCUUUUAUUUA                  UUCUxxxxxxxxxxx
None     108 ..     118   AGAGUUUACUCUGUU                  CUUUUAUUUAU                  UCUxxxxxxxxxxxx
None     109 ..     119   GAGUUUACUCUGUUC                  UUUUAUUUAUU                  CUxxxxxxxxxxxxx
None     110 ..     120   AGUUUACUCUGUUCU                  UUUAUUUAUUC                  Uxxxxxxxxxxxxxx
