>URS0000D6652C sRNA from 1 species FORWARD
 7.7       1 ..      11   xxxxxxxxxxxxxxx                 CGG UUCCG CUU                 GCGAGCAGGCUUUCG
 5.7       1 ..      12   xxxxxxxxxxxxxxx                C GGUUCCGCUU G                 CGAGCAGGCUUUCGG
 4.7       3 ..      13   xxxxxxxxxxxxxCG                 G UUCCGCUUG C                 GAGCAGGCUUUCGGU
 3.4       1 ..      14   xxxxxxxxxxxxxxx               CG GUUCCGCUUG CG                AGCAGGCUUUCGGUA
 6.2       5 ..      15   xxxxxxxxxxxCGGU                 UC CGCUUGC GA                 GCAGGCUUUCGGUAC
 1.1       6 ..      16   xxxxxxxxxxCGGUU                C-CG CUUG CGAG                 CAGGCUUUCGGUACG
 4.4       6 ..      17   xxxxxxxxxxCGGUU                CCGC UUGC GAGC                 AGGCUUUCGGUACGA
 2.9       7 ..      18   xxxxxxxxxCGGUUC                CGC UUGCGA GCA                 GGCUUUCGGUACGAA
 0.6       6 ..      19   xxxxxxxxxxCGGUU               CCGC UUGCGA GCAG                GCUUUCGGUACGAAU
 0.8       6 ..      20   xxxxxxxxxxCGGUU              CC-GC UUGCGA GCAGG               CUUUCGGUACGAAUA
 2.1       8 ..      21   xxxxxxxxCGGUUCC               GCUUG CGAG CAGGC                UUUCGGUACGAAUAG
 2.9      11 ..      22   xxxxxCGGUUCCGCU                UGC GAGCAG GCU                 UUCGGUACGAAUAGG
 6.4      10 ..      23   xxxxxxCGGUUCCGC               UUGC GAGCAG GCUU                UCGGUACGAAUAGGG
None      14 ..      24   xxCGGUUCCGCUUGC                  GAGCAGGCUUU                  CGGUACGAAUAGGGG
 5.7      14 ..      25   xxCGGUUCCGCUUGC                G AGCAGGCUUU C                 GGUACGAAUAGGGGC
 3.4      13 ..      26   xxxCGGUUCCGCUUG               CG AGCAGGCUUU CG                GUACGAAUAGGGGCA
 1.9      17 ..      27   GGUUCCGCUUGCGAG                 CAG GCUUU CGG                 UACGAAUAGGGGCAG
 5.4      16 ..      28   CGGUUCCGCUUGCGA                GCAG GCUUU CGGU                ACGAAUAGGGGCAGG
 7.7      19 ..      29   UUCCGCUUGCGAGCA                 GGC UUUCG GUA                 CGAAUAGGGGCAGGC
 4.7      20 ..      30   UCCGCUUGCGAGCAG                 G CUUUCGGUA C                 GAAUAGGGGCAGGCA
 4.3      13 ..      31   xxxCGGUUCCGCUUG             CGAGCAG GCUUU CGGUACG             AAUAGGGGCAGGCAC
 7.8      12 ..      32   xxxxCGGUUCCGCUU            GCGAGCAG GCUUU CGGUACGA            AUAGGGGCAGGCACC
 3.4      23 ..      33   GCUUGCGAGCAGGCU                 UUCG GUA CGAA                 UAGGGGCAGGCACCC
 6.9      22 ..      34   CGCUUGCGAGCAGGC                UUUCG GUA CGAAU                AGGGGCAGGCACCCA
None      25 ..      35   UUGCGAGCAGGCUUU                  CGGUACGAAUA                  GGGGCAGGCACCCAU
 5.7      25 ..      36   UUGCGAGCAGGCUUU                C GGUACGAAUA G                 GGGCAGGCACCCAUC
 6.7      25 ..      37   UUGCGAGCAGGCUUU                C GGUACGAAUAG G                GGCAGGCACCCAUCG
 7.7      25 ..      38   UUGCGAGCAGGCUUU               C GGUACGAAUAGG G                GCAGGCACCCAUCGU
 6.2      29 ..      39   GAGCAGGCUUUCGGU                 AC GAAUAGG GG                 CAGGCACCCAUCGUC
 6.4      27 ..      40   GCGAGCAGGCUUUCG               GUAC GAAUAG GGGC                AGGCACCCAUCGUCA
 7.2      30 ..      41   AGCAGGCUUUCGGUA                CG AAUAGGGG CA                 GGCACCCAUCGUCAA
 6.7      30 ..      42   AGCAGGCUUUCGGUA                C GAAUAGGGGCA G                GCACCCAUCGUCAAC
 7.7      30 ..      43   AGCAGGCUUUCGGUA               C GAAUAGGGGCAG G                CACCCAUCGUCAACA
 7.7      31 ..      44   GCAGGCUUUCGGUAC               G AAUAGGGGCAGG C                ACCCAUCGUCAACAC
 6.2      35 ..      45   GCUUUCGGUACGAAU                 AG GGGCAGG CA                 CCCAUCGUCAACACA
 1.9      36 ..      46   CUUUCGGUACGAAUA                 GGG GCAGG CAC                 CCAUCGUCAACACAC
-1.4      36 ..      47   CUUUCGGUACGAAUA                GGGG CAGG CACC                 CAUCGUCAACACACC
-2.9      37 ..      48   UUUCGGUACGAAUAG                GGG CAGGCA CCC                 AUCGUCAACACACCC
 0.6      36 ..      49   CUUUCGGUACGAAUA               GGGG CAGGCA CCCA                UCGUCAACACACCCA
 3.4      40 ..      50   CGGUACGAAUAGGGG                 CAGG CAC CCAU                 CGUCAACACACCCAG
 1.1      39 ..      51   UCGGUACGAAUAGGG                GCAGG CAC CCAUC                GUCAACACACCCAGC
 4.6      38 ..      52   UUCGGUACGAAUAGG               GGCAGG CAC CCAUCG               UCAACACACCCAGCG
 6.2      43 ..      53   UACGAAUAGGGGCAG                 GC ACCCAUC GU                 CAACACACCCAGCGA
 3.9      42 ..      54   GUACGAAUAGGGGCA                GGC ACCCAUC GUC                AACACACCCAGCGAA
 7.4      41 ..      55   GGUACGAAUAGGGGC               AGGC ACCCAUC GUCA               ACACACCCAGCGAAG
None      46 ..      56   GAAUAGGGGCAGGCA                  CCCAUCGUCAA                  CACACCCAGCGAAGG
 8.6      39 ..      57   UCGGUACGAAUAGGG             GCAGGC ACCCAUC GUCAAC             ACACCCAGCGAAGGU
None      48 ..      58   AUAGGGGCAGGCACC                  CAUCGUCAACA                  CACCCAGCGAAGGUG
None      49 ..      59   UAGGGGCAGGCACCC                  AUCGUCAACAC                  ACCCAGCGAAGGUGU
None      50 ..      60   AGGGGCAGGCACCCA                  UCGUCAACACA                  CCCAGCGAAGGUGUG
 8.7      50 ..      61   AGGGGCAGGCACCCA                UCG UCAACA CAC                 CCAGCGAAGGUGUGG
 4.7      52 ..      62   GGGCAGGCACCCAUC                 G UCAACACAC C                 CAGCGAAGGUGUGGA
 5.7      52 ..      63   GGGCAGGCACCCAUC                G UCAACACACC C                 AGCGAAGGUGUGGAA
None      54 ..      64   GCAGGCACCCAUCGU                  CAACACACCCA                  GCGAAGGUGUGGAAC
 5.7      54 ..      65   GCAGGCACCCAUCGU                C AACACACCCA G                 CGAAGGUGUGGAACC
 6.2      56 ..      66   AGGCACCCAUCGUCA                 AC ACACCCA GC                 GAAGGUGUGGAACCG
 1.9      57 ..      67   GGCACCCAUCGUCAA                 CAC ACCCA GCG                 AAGGUGUGGAACCGU
 3.4      58 ..      68   GCACCCAUCGUCAAC                 ACAC CCA GCGA                 AGGUGUGGAACCGUU
 6.9      57 ..      69   GGCACCCAUCGUCAA                CACAC CCA GCGAA                GGUGUGGAACCGUUA
 4.4      59 ..      70   CACCCAUCGUCAACA                CACC CAGC GAAG                 GUGUGGAACCGUUAC
 0.4      61 ..      71   CCCAUCGUCAACACA                 CC CAGCGAA GG                 UGUGGAACCGUUACG
 2.9      61 ..      72   CCCAUCGUCAACACA                CCC AGCGAA GGU                 GUGGAACCGUUACGG
 1.6      59 ..      73   CACCCAUCGUCAACA               CACC CAGCGAA GGUG               UGGAACCGUUACGGA
 5.1      58 ..      74   GCACCCAUCGUCAAC              ACACC CAGCGAA GGUGU              GGAACCGUUACGGAU
 2.8      57 ..      75   GGCACCCAUCGUCAA             CACACC CAGCGAA GGUGUG             GAACCGUUACGGAUC
 4.4      62 ..      76   CCAUCGUCAACACAC               CC AGCGAAGGUGU GG               AACCGUUACGGAUCU
 7.9      61 ..      77   CCCAUCGUCAACACA              CCC AGCGAAGGUGU GGA              ACCGUUACGGAUCUU
None      68 ..      78   UCAACACACCCAGCG                  AAGGUGUGGAA                  CCGUUACGGAUCUUA
 6.7      67 ..      79   GUCAACACACCCAGC                G AAGGUGUGGAA C                CGUUACGGAUCUUAG
 0.4      70 ..      80   AACACACCCAGCGAA                 GG UGUGGAA CC                 GUUACGGAUCUUAGA
 3.9      69 ..      81   CAACACACCCAGCGA                AGG UGUGGAA CCG                UUACGGAUCUUAGAG
 7.4      68 ..      82   UCAACACACCCAGCG               AAGG UGUGGAA CCGU               UACGGAUCUUAGAGA
None      73 ..      83   ACACCCAGCGAAGGU                  GUGGAACCGUU                  ACGGAUCUUAGAGAA
None      74 ..      84   CACCCAGCGAAGGUG                  UGGAACCGUUA                  CGGAUCUUAGAGAAG
 4.7      75 ..      85   ACCCAGCGAAGGUGU                 G GAACCGUUA C                 GGAUCUUAGAGAAGA
 7.2      75 ..      86   ACCCAGCGAAGGUGU                GG AACCGUUA CG                 GAUCUUAGAGAAGAA
 6.1      77 ..      87   CCAGCGAAGGUGUGG                AACCG UUA CGG--                AUCUUAGAGAAGAAA
-2.4      78 ..      88   CAGCGAAGGUGUGGA                 ACCG UUA CGGA                 UCUUAGAGAAGAAAG
 1.1      77 ..      89   CCAGCGAAGGUGUGG                AACCG UUA CGGAU                CUUAGAGAAGAAAGA
-1.2      76 ..      90   CCCAGCGAAGGUGUG               GAACCG UUA CGGAUC               UUAGAGAAGAAAGAA
 2.3      75 ..      91   ACCCAGCGAAGGUGU              GGAACCG UUA CGGAUCU              UAGAGAAGAAAGAAU
 5.8      74 ..      92   CACCCAGCGAAGGUG             UGGAACCG UUA CGGAUCUU             AGAGAAGAAAGAAUC
None      83 ..      93   AAGGUGUGGAACCGU                  UACGGAUCUUA                  GAGAAGAAAGAAUCC
 8.7      80 ..      94   GCGAAGGUGUGGAAC               C GUUACGGAUCUUA G               AGAAGAAAGAAUCCA
 7.2      84 ..      95   AGGUGUGGAACCGUU                AC GGAUCUUA GA                 GAAGAAAGAAUCCAG
 5.7      85 ..      96   GGUGUGGAACCGUUA                C GGAUCUUAGA G                 AAGAAAGAAUCCAGA
None      87 ..      97   UGUGGAACCGUUACG                  GAUCUUAGAGA                  AGAAAGAAUCCAGAU
 7.7      88 ..      98   GUGGAACCGUUACGG                 AUC UUAGA GAA                 GAAAGAAUCCAGAUA
 8.7      85 ..      99   GGUGUGGAACCGUUA               C GGAUCUUAGAGAA G               AAAGAAUCCAGAUAC
 7.2      89 ..     100   UGGAACCGUUACGGA                UC UUAGAGAA GA                 AAGAAUCCAGAUACU
None      91 ..     101   GAACCGUUACGGAUC                  UUAGAGAAGAA                  AGAAUCCAGAUACUG
None      92 ..     102   AACCGUUACGGAUCU                  UAGAGAAGAAA                  GAAUCCAGAUACUGC
 7.7      90 ..     103   GGAACCGUUACGGAU               C UUAGAGAAGAAA G                AAUCCAGAUACUGCA
None      94 ..     104   CCGUUACGGAUCUUA                  GAGAAGAAAGA                  AUCCAGAUACUGCAA
None      95 ..     105   CGUUACGGAUCUUAG                  AGAAGAAAGAA                  UCCAGAUACUGCAAG
None      96 ..     106   GUUACGGAUCUUAGA                  GAAGAAAGAAU                  CCAGAUACUGCAAGC
 5.7      96 ..     107   GUUACGGAUCUUAGA                G AAGAAAGAAU C                 CAGAUACUGCAAGCG
 6.2      98 ..     108   UACGGAUCUUAGAGA                 AG AAAGAAU CC                 AGAUACUGCAAGCGx
 7.2      98 ..     109   UACGGAUCUUAGAGA                AG AAAGAAUC CA                 GAUACUGCAAGCGxx
None     100 ..     110   CGGAUCUUAGAGAAG                  AAAGAAUCCAG                  AUACUGCAAGCGxxx
None     101 ..     111   GGAUCUUAGAGAAGA                  AAGAAUCCAGA                  UACUGCAAGCGxxxx
None     102 ..     112   GAUCUUAGAGAAGAA                  AGAAUCCAGAU                  ACUGCAAGCGxxxxx
None     103 ..     113   AUCUUAGAGAAGAAA                  GAAUCCAGAUA                  CUGCAAGCGxxxxxx
 5.7     103 ..     114   AUCUUAGAGAAGAAA                G AAUCCAGAUA C                 UGCAAGCGxxxxxxx
None     105 ..     115   CUUAGAGAAGAAAGA                  AUCCAGAUACU                  GCAAGCGxxxxxxxx
None     106 ..     116   UUAGAGAAGAAAGAA                  UCCAGAUACUG                  CAAGCGxxxxxxxxx
 3.4     107 ..     117   UAGAGAAGAAAGAAU                 CCAG AUA CUGC                 AAGCGxxxxxxxxxx
 6.9     106 ..     118   UUAGAGAAGAAAGAA                UCCAG AUA CUGCA                AGCGxxxxxxxxxxx
 8.7     108 ..     119   AGAGAAGAAAGAAUC                CAG AUACUG CAA                 GCGxxxxxxxxxxxx
 6.4     107 ..     120   UAGAGAAGAAAGAAU               CCAG AUACUG CAAG                CGxxxxxxxxxxxxx
 5.7     110 ..     121   AGAAGAAAGAAUCCA                G AUACUGCAAG C                 Gxxxxxxxxxxxxxx
