>URS0000D6BD41 ncRNA from 1 species FORWARD
 4.7       1 ..      11   xxxxxxxxxxxxxxx                 G GCUAGUAAG C                 GCUAGGCUAAAGUGU
 2.9       1 ..      12   xxxxxxxxxxxxxxx                GGC UAGUAA GCG                 CUAGGCUAAAGUGUG
 1.4       2 ..      13   xxxxxxxxxxxxxxG                GC UAGUAAGC GC                 UAGGCUAAAGUGUGG
 4.9       1 ..      14   xxxxxxxxxxxxxxx               GGC UAGUAAGC GCU                AGGCUAAAGUGUGGC
 8.7       4 ..      15   xxxxxxxxxxxxGGC                UAG UAAGCG CUA                 GGCUAAAGUGUGGCG
 6.4       3 ..      16   xxxxxxxxxxxxxGG               CUAG UAAGCG CUAG                GCUAAAGUGUGGCGU
 8.7       3 ..      17   xxxxxxxxxxxxxGG               C UAGUAAGCGCUAG G               CUAAAGUGUGGCGUC
 6.4       2 ..      18   xxxxxxxxxxxxxxG              GC UAGUAAGCGCUAG GC              UAAAGUGUGGCGUCC
 1.9       9 ..      19   xxxxxxxGGCUAGUA                 AGC GCUAG GCU                 AAAGUGUGGCGUCCG
 3.4      10 ..      20   xxxxxxGGCUAGUAA                 GCGC UAG GCUA                 AAGUGUGGCGUCCGA
 6.9       9 ..      21   xxxxxxxGGCUAGUA                AGCGC UAG GCUAA                AGUGUGGCGUCCGAA
None      12 ..      22   xxxxGGCUAGUAAGC                  GCUAGGCUAAA                  GUGUGGCGUCCGAAG
 4.7      13 ..      23   xxxGGCUAGUAAGCG                 C UAGGCUAAA G                 UGUGGCGUCCGAAGG
 8.2      12 ..      24   xxxxGGCUAGUAAGC                GC UAGGCUAAA GU                GUGGCGUCCGAAGGG
 5.9      11 ..      25   xxxxxGGCUAGUAAG               CGC UAGGCUAAA GUG               UGGCGUCCGAAGGGA
None      16 ..      26   GGCUAGUAAGCGCUA                  GGCUAAAGUGU                  GGCGUCCGAAGGGAU
 7.9      11 ..      27   xxxxxGGCUAGUAAG              CGC UAGGCUAAAGU GUG              GCGUCCGAAGGGAUC
 4.7      18 ..      28   CUAGUAAGCGCUAGG                 C UAAAGUGUG G                 CGUCCGAAGGGAUCA
 2.4      17 ..      29   GCUAGUAAGCGCUAG                GC UAAAGUGUG GC                GUCCGAAGGGAUCAG
 5.9      16 ..      30   GGCUAGUAAGCGCUA               GGC UAAAGUGUG GCG               UCCGAAGGGAUCAGC
 7.7      21 ..      31   GUAAGCGCUAGGCUA                 AAG UGUGG CGU                 CCGAAGGGAUCAGCA
 7.9      16 ..      32   GGCUAGUAAGCGCUA              GGC UAAAGUGUGGC GUC              CGAAGGGAUCAGCAG
 4.7      23 ..      33   AAGCGCUAGGCUAAA                 G UGUGGCGUC C                 GAAGGGAUCAGCAGC
 6.2      24 ..      34   AGCGCUAGGCUAAAG                 UG UGGCGUC CG                 AAGGGAUCAGCAGCC
 3.4      25 ..      35   GCGCUAGGCUAAAGU                 GUGG CGU CCGA                 AGGGAUCAGCAGCCU
 6.9      24 ..      36   AGCGCUAGGCUAAAG                UGUGG CGU CCGAA                GGGAUCAGCAGCCUA
None      27 ..      37   GCUAGGCUAAAGUGU                  GGCGUCCGAAG                  GGAUCAGCAGCCUAA
 6.2      28 ..      38   CUAGGCUAAAGUGUG                 GC GUCCGAA GG                 GAUCAGCAGCCUAAC
 4.7      29 ..      39   UAGGCUAAAGUGUGG                 C GUCCGAAGG G                 AUCAGCAGCCUAACA
 3.4      30 ..      40   AGGCUAAAGUGUGGC                 GUCC GAA GGGA                 UCAGCAGCCUAACAG
 4.4      30 ..      41   AGGCUAAAGUGUGGC                GUCC GAAG GGAU                 CAGCAGCCUAACAGA
 4.6      28 ..      42   CUAGGCUAAAGUGUG               GCGUCC GAA GGGAUC               AGCAGCCUAACAGAA
 6.2      33 ..      43   CUAAAGUGUGGCGUC                 CG AAGGGAU CA                 GCAGCCUAACAGAAG
 3.9      32 ..      44   GCUAAAGUGUGGCGU                CCG AAGGGAU CAG                CAGCCUAACAGAAGU
 4.4      34 ..      45   UAAAGUGUGGCGUCC                GAAG GGAU CAGC                 AGCCUAACAGAAGUU
 6.2      36 ..      46   AAGUGUGGCGUCCGA                 AG GGAUCAG CA                 GCCUAACAGAAGUUA
 5.6      32 ..      47   GCUAAAGUGUGGCGU              CCGAAG GGAU CAGCAG               CCUAACAGAAGUUAG
 4.7      38 ..      48   GUGUGGCGUCCGAAG                 G GAUCAGCAG C                 CUAACAGAAGUUAGG
 1.4      38 ..      49   GUGUGGCGUCCGAAG                GG AUCAGCAG CC                 UAACAGAAGUUAGGA
 4.9      37 ..      50   AGUGUGGCGUCCGAA               GGG AUCAGCAG CCU                AACAGAAGUUAGGAA
 8.4      36 ..      51   AAGUGUGGCGUCCGA              AGGG AUCAGCAG CCUA               ACAGAAGUUAGGAAA
None      42 ..      52   GGCGUCCGAAGGGAU                  CAGCAGCCUAA                  CAGAAGUUAGGAAAC
 8.7      39 ..      53   UGUGGCGUCCGAAGG               G AUCAGCAGCCUAA C               AGAAGUUAGGAAACU
 7.2      43 ..      54   GCGUCCGAAGGGAUC                AG CAGCCUAA CA                 GAAGUUAGGAAACUC
 1.9      45 ..      55   GUCCGAAGGGAUCAG                 CAG CCUAA CAG                 AAGUUAGGAAACUCA
 5.4      44 ..      56   CGUCCGAAGGGAUCA                GCAG CCUAA CAGA                AGUUAGGAAACUCAC
 7.7      47 ..      57   CCGAAGGGAUCAGCA                 GCC UAACA GAA                 GUUAGGAAACUCACU
 4.7      48 ..      58   CGAAGGGAUCAGCAG                 C CUAACAGAA G                 UUAGGAAACUCACUC
 7.2      48 ..      59   CGAAGGGAUCAGCAG                CC UAACAGAA GU                 UAGGAAACUCACUCU
None      50 ..      60   AAGGGAUCAGCAGCC                  UAACAGAAGUU                  AGGAAACUCACUCUA
None      51 ..      61   AGGGAUCAGCAGCCU                  AACAGAAGUUA                  GGAAACUCACUCUAG
 7.7      49 ..      62   GAAGGGAUCAGCAGC               C UAACAGAAGUUA G                GAAACUCACUCUAGG
 4.7      53 ..      63   GGAUCAGCAGCCUAA                 C AGAAGUUAG G                 AAACUCACUCUAGGG
 8.2      52 ..      64   GGGAUCAGCAGCCUA                AC AGAAGUUAG GA                AACUCACUCUAGGGA
None      55 ..      65   AUCAGCAGCCUAACA                  GAAGUUAGGAA                  ACUCACUCUAGGGAC
None      56 ..      66   UCAGCAGCCUAACAG                  AAGUUAGGAAA                  CUCACUCUAGGGACU
 6.7      55 ..      67   AUCAGCAGCCUAACA                G AAGUUAGGAAA C                UCACUCUAGGGACUA
 7.2      57 ..      68   CAGCAGCCUAACAGA                AG UUAGGAAA CU                 CACUCUAGGGACUAG
 5.7      58 ..      69   AGCAGCCUAACAGAA                G UUAGGAAACU C                 ACUCUAGGGACUAGC
None      60 ..      70   CAGCCUAACAGAAGU                  UAGGAAACUCA                  CUCUAGGGACUAGCC
 7.7      58 ..      71   AGCAGCCUAACAGAA               G UUAGGAAACUCA C                UCUAGGGACUAGCCU
 6.2      62 ..      72   GCCUAACAGAAGUUA                 GG AAACUCA CU                 CUAGGGACUAGCCUC
 4.7      63 ..      73   CCUAACAGAAGUUAG                 G AAACUCACU C                 UAGGGACUAGCCUCC
 8.2      62 ..      74   GCCUAACAGAAGUUA                GG AAACUCACU CU                AGGGACUAGCCUCCU
None      65 ..      75   UAACAGAAGUUAGGA                  AACUCACUCUA                  GGGACUAGCCUCCUC
None      66 ..      76   AACAGAAGUUAGGAA                  ACUCACUCUAG                  GGACUAGCCUCCUCx
 4.7      67 ..      77   ACAGAAGUUAGGAAA                 C UCACUCUAG G                 GACUAGCCUCCUCxx
 2.9      67 ..      78   ACAGAAGUUAGGAAA                CUC ACUCUA GGG                 ACUAGCCUCCUCxxx
 4.4      68 ..      79   CAGAAGUUAGGAAAC                UCAC UCUA GGGA                 CUAGCCUCCUCxxxx
 7.9      67 ..      80   ACAGAAGUUAGGAAA               CUCAC UCUA GGGAC                UAGCCUCCUCxxxxx
None      71 ..      81   AAGUUAGGAAACUCA                  CUCUAGGGACU                  AGCCUCCUCxxxxxx
None      72 ..      82   AGUUAGGAAACUCAC                  UCUAGGGACUA                  GCCUCCUCxxxxxxx
 3.4      73 ..      83   GUUAGGAAACUCACU                 CUAG GGA CUAG                 CCUCCUCxxxxxxxx
 6.9      72 ..      84   AGUUAGGAAACUCAC                UCUAG GGA CUAGC                CUCCUCxxxxxxxxx
 5.4      75 ..      85   UAGGAAACUCACUCU                AGG GACUAG CC-                 UCCUCxxxxxxxxxx
 1.9      76 ..      86   AGGAAACUCACUCUA                 GGG ACUAG CCU                 CCUCxxxxxxxxxxx
 2.1      76 ..      87   AGGAAACUCACUCUA                G-GG ACUAG CCUC                CUCxxxxxxxxxxxx
 1.4      77 ..      88   GGAAACUCACUCUAG                GG ACUAGCCU CC                 UCxxxxxxxxxxxxx
 4.9      76 ..      89   AGGAAACUCACUCUA               GGG ACUAGCCU CCU                Cxxxxxxxxxxxxxx
