>URS0000D6B57B ncRNA from 1 species FORWARD
None       1 ..      11   xxxxxxxxxxxxxxx                  UUGGGAGAUUC                  CGAAAACCCUUAAGA
 5.4       2 ..      12   xxxxxxxxxxxxxxU                UGG GAGAUU CC-                 GAAAACCCUUAAGAG
 1.9       3 ..      13   xxxxxxxxxxxxxUU                 GGG AGAUU CCG                 AAAACCCUUAAGAGA
 5.4       2 ..      14   xxxxxxxxxxxxxxU                UGGG AGAUU CCGA                AAACCCUUAAGAGAG
 8.9       1 ..      15   xxxxxxxxxxxxxxx               UUGGG AGAUU CCGAA               AACCCUUAAGAGAGU
None       6 ..      16   xxxxxxxxxxUUGGG                  AGAUUCCGAAA                  ACCCUUAAGAGAGUA
None       7 ..      17   xxxxxxxxxUUGGGA                  GAUUCCGAAAA                  CCCUUAAGAGAGUAG
 5.7       7 ..      18   xxxxxxxxxUUGGGA                G AUUCCGAAAA C                 CCUUAAGAGAGUAGG
 5.4       4 ..      19   xxxxxxxxxxxxUUG              GG AGAUUCCGAAAA CC               CUUAAGAGAGUAGGA
 3.1       3 ..      20   xxxxxxxxxxxxxUU             GGG AGAUUCCGAAAA CCC              UUAAGAGAGUAGGAU
 6.6       2 ..      21   xxxxxxxxxxxxxxU            UGGG AGAUUCCGAAAA CCCU             UAAGAGAGUAGGAUx
 8.7      11 ..      22   xxxxxUUGGGAGAUU                CCG AAAACC CUU                 AAGAGAGUAGGAUxx
None      13 ..      23   xxxUUGGGAGAUUCC                  GAAAACCCUUA                  AGAGAGUAGGAUxxx
None      14 ..      24   xxUUGGGAGAUUCCG                  AAAACCCUUAA                  GAGAGUAGGAUxxxx
 7.7      12 ..      25   xxxxUUGGGAGAUUC               C GAAAACCCUUAA G                AGAGUAGGAUxxxxx
None      16 ..      26   UUGGGAGAUUCCGAA                  AACCCUUAAGA                  GAGUAGGAUxxxxxx
 6.9      17 ..      27   UGGGAGAUUCCGAAA                ACCC UUAA GAG-                 AGUAGGAUxxxxxxx
 4.4      17 ..      28   UGGGAGAUUCCGAAA                ACCC UUAA GAGA                 GUAGGAUxxxxxxxx
 2.9      18 ..      29   GGGAGAUUCCGAAAA                CCC UUAAGA GAG                 UAGGAUxxxxxxxxx
 6.4      17 ..      30   UGGGAGAUUCCGAAA               ACCC UUAAGA GAGU                AGGAUxxxxxxxxxx
None      21 ..      31   AGAUUCCGAAAACCC                  UUAAGAGAGUA                  GGAUxxxxxxxxxxx
 6.7      20 ..      32   GAGAUUCCGAAAACC                C UUAAGAGAGUA G                GAUxxxxxxxxxxxx
 4.4      19 ..      33   GGAGAUUCCGAAAAC               CC UUAAGAGAGUA GG               AUxxxxxxxxxxxxx
 7.9      18 ..      34   GGGAGAUUCCGAAAA              CCC UUAAGAGAGUA GGA              Uxxxxxxxxxxxxxx
