>AF352373.1:2144-2429 Lupinus luteus early nodulin (ENOD40-2) gene, complete cds FORWARD
 0.4       1 ..      11   xxxxxxxxxxxxxxx                 ATGA AGC TCTT                 TTGGCAAAAATCCAT
 6.4       1 ..      12   xxxxxxxxxxxxxxx                -ATGA AGC TCTTT                TGGCAAAAATCCATC
 1.8       3 ..      13   xxxxxxxxxxxxxAT                 GAAG CTC TTTT                 GGCAAAAATCCATCA
 3.1       2 ..      14   xxxxxxxxxxxxxxA                TGAAG CTC TTTTG                GCAAAAATCCATCAA
 6.3       2 ..      15   xxxxxxxxxxxxxxA               TGAAG CTCT TTTGG                CAAAAATCCATCAAT
-0.3       6 ..      16   xxxxxxxxxxATGAA                 GCT CTTTT GGC                 AAAAATCCATCAATG
 3.2       5 ..      17   xxxxxxxxxxxATGA                AGCT CTTTT GGCA                AAAATCCATCAATGG
 6.1       8 ..      18   xxxxxxxxATGAAGC                 T CTTTTGGCA A                 AAATCCATCAATGGT
 4.7       9 ..      19   xxxxxxxATGAAGCT                 CTT TTGGC AAA                 AATCCATCAATGGTT
-2.6      10 ..      20   xxxxxxATGAAGCTC                 TTTT GGC AAAA                 ATCCATCAATGGTTC
-1.6      10 ..      21   xxxxxxATGAAGCTC                TTTT GGCA AAAA                 TCCATCAATGGTTCT
 1.9       9 ..      22   xxxxxxxATGAAGCT               CTTTT GGCA AAAAT                CCATCAATGGTTCTT
 3.1       6 ..      23   xxxxxxxxxxATGAA             GCTCTTT TGGC AAAAATC              CATCAATGGTTCTTG
 0.4      14 ..      24   xxATGAAGCTCTTTT                 GG CAAAAAT CC                 ATCAATGGTTCTTGA
-0.5      13 ..      25   xxxATGAAGCTCTTT                TGG CAAAAAT CCA                TCAATGGTTCTTGAT
   3      12 ..      26   xxxxATGAAGCTCTT               TTGG CAAAAAT CCAT               CAATGGTTCTTGATT
 5.9       3 ..      27   xxxxxxxxxxxxxAT          GAAGCTCTTTT GGC AAAAATCCATC          AATGGTTCTTGATTC
   5       2 ..      28   xxxxxxxxxxxxxxA         TGAAGCTCTTTT GGC AAAAATCCATCA         ATGGTTCTTGATTCA
 5.2      12 ..      29   xxxxATGAAGCTCTT             TTGG CAAAAATCCA TCAA              TGGTTCTTGATTCAT
 4.7      20 ..      30   AGCTCTTTTGGCAAA                 AAT CCATC AAT                 GGTTCTTGATTCATG
 5.7      20 ..      31   AGCTCTTTTGGCAAA                AAT CCATCA ATG                 GTTCTTGATTCATGA
 2.5      22 ..      32   CTCTTTTGGCAAAAA                TCCA TCAA TGG-                 TTCTTGATTCATGAA
   0      22 ..      33   CTCTTTTGGCAAAAA                TCCA TCAA TGGT                 TCTTGATTCATGAAG
-0.9      21 ..      34   GCTCTTTTGGCAAAA               ATCCA TCAA TGGTT                CTTGATTCATGAAGA
 2.6      20 ..      35   AGCTCTTTTGGCAAA              AATCCA TCAA TGGTTC               TTGATTCATGAAGAA
 1.7      19 ..      36   AAGCTCTTTTGGCAA             AAATCCA TCAA TGGTTCT              TGATTCATGAAGAAG
 0.8      18 ..      37   GAAGCTCTTTTGGCA            AAAATCCA TCAA TGGTTCTT             GATTCATGAAGAAGC
-0.1      27 ..      38   TTGGCAAAAATCCAT                CAA TGGTTC TTG                 ATTCATGAAGAAGCA
  -1      26 ..      39   TTTGGCAAAAATCCA               TCAA TGGTTC TTGA                TTCATGAAGAAGCAT
-1.9      25 ..      40   TTTTGGCAAAAATCC              ATCAA TGGTTC TTGAT               TCATGAAGAAGCATG
 1.6      24 ..      41   CTTTTGGCAAAAATC             CATCAA TGGTTC TTGATT              CATGAAGAAGCATGG
 3.6      31 ..      42   CAAAAATCCATCAAT                GGTT CTTG ATTC                 ATGAAGAAGCATGGA
 2.7      30 ..      43   GCAAAAATCCATCAA               TGGTT CTTG ATTCA                TGAAGAAGCATGGAT
 1.8      29 ..      44   GGCAAAAATCCATCA              ATGGTT CTTG ATTCAT               GAAGAAGCATGGATT
  -1      35 ..      45   AATCCATCAATGGTT                 CTTG ATT CATG                 AAGAAGCATGGATTA
-1.9      34 ..      46   AAATCCATCAATGGT                TCTTG ATT CATGA                AGAAGCATGGATTAA
-2.8      33 ..      47   AAAATCCATCAATGG               TTCTTG ATT CATGAA               GAAGCATGGATTAAC
 0.5      35 ..      48   AATCCATCAATGGTT               CTTGA TTCA TGAAG                AAGCATGGATTAACA
-0.4      34 ..      49   AAATCCATCAATGGT              TCTTGA TTCA TGAAGA               AGCATGGATTAACAG
-1.3      33 ..      50   AAAATCCATCAATGG             TTCTTGA TTCA TGAAGAA              GCATGGATTAACAGT
 2.2      32 ..      51   AAAAATCCATCAATG            GTTCTTGA TTCA TGAAGAAG             CATGGATTAACAGTG
-0.1      31 ..      52   CAAAAATCCATCAAT           GGTTCTTGA TTCA TGAAGAAGC            ATGGATTAACAGTGT
  -1      30 ..      53   GCAAAAATCCATCAA          TGGTTCTTGA TTCA TGAAGAAGCA           TGGATTAACAGTGTG
-1.9      29 ..      54   GGCAAAAATCCATCA         ATGGTTCTTGA TTCA TGAAGAAGCAT          GGATTAACAGTGTGA
-2.4      42 ..      55   CAATGGTTCTTGATT               CATG AAGAAG CATG                GATTAACAGTGTGAG
-1.1      41 ..      56   TCAATGGTTCTTGAT              TCATG AAGAAG CATGG               ATTAACAGTGTGAGA
  -2      40 ..      57   ATCAATGGTTCTTGA             TTCATG AAGAAG CATGGA              TTAACAGTGTGAGAG
-2.9      39 ..      58   CATCAATGGTTCTTG            ATTCATG AAGAAG CATGGAT             TAACAGTGTGAGAGG
-1.6      38 ..      59   CCATCAATGGTTCTT           GATTCATG AAGAAG CATGGATT            AACAGTGTGAGAGGG
-2.5      37 ..      60   TCCATCAATGGTTCT          TGATTCATG AAGAAG CATGGATTA           ACAGTGTGAGAGGGT
-3.4      36 ..      61   ATCCATCAATGGTTC         TTGATTCATG AAGAAG CATGGATTAA          CAGTGTGAGAGGGTC
 0.1      35 ..      62   AATCCATCAATGGTT        CTTGATTCATG AAGAAG CATGGATTAAC         AGTGTGAGAGGGTCC
-0.8      34 ..      63   AAATCCATCAATGGT       TCTTGATTCATG AAGAAG CATGGATTAACA        GTGTGAGAGGGTCCT
 0.5      33 ..      64   AAAATCCATCAATGG      TTCTTGATTCATG AAGAAG CATGGATTAACAG       TGTGAGAGGGTCCTC
 1.8      32 ..      65   AAAAATCCATCAATG     GTTCTTGATTCATG AAGAAG CATGGATTAACAGT      GTGAGAGGGTCCTCA
 2.3      52 ..      66   TGATTCATGAAGAAG               CATGG ATTAA CAGTG               TGAGAGGGTCCTCAC
 3.6      51 ..      67   TTGATTCATGAAGAA              GCATGG ATTAA CAGTGT              GAGAGGGTCCTCACC
 6.4      52 ..      68   TGATTCATGAAGAAG              CATG GATTAACAG TGTG              AGAGGGTCCTCACCC
 0.4      59 ..      69   TGAAGAAGCATGGAT                 TAAC AGT GTGA                 GAGGGTCCTCACCCC
 1.7      58 ..      70   ATGAAGAAGCATGGA                TTAAC AGT GTGAG                AGGGTCCTCACCCCT
 3.9      59 ..      71   TGAAGAAGCATGGAT                TAACA GTG TGAGA                GGGTCCTCACCCCTC
 4.7      62 ..      72   AGAAGCATGGATTAA                 C AGTGTGAGA G                 GGTCCTCACCCCTCA
 5.7      62 ..      73   AGAAGCATGGATTAA                C AGTGTGAGAG G                 GTCCTCACCCCTCAC
 6.7      62 ..      74   AGAAGCATGGATTAA                C AGTGTGAGAGG G                TCCTCACCCCTCACA
 5.8      61 ..      75   AAGAAGCATGGATTA               AC AGTGTGAGAGG GT               CCTCACCCCTCACAC
 4.7      66 ..      76   GCATGGATTAACAGT                 G TGAGAGGGT C                 CTCACCCCTCACACT
 3.3      67 ..      77   CATGGATTAACAGTG                 TGA GAGGG TCC                 TCACCCCTCACACTC
 2.6      68 ..      78   ATGGATTAACAGTGT                 GAGA GGG TCCT                 CACCCCTCACACTCC
-1.5      68 ..      79   ATGGATTAACAGTGT                GAG AGGGTC CTC                 ACCCCTCACACTCCA
-2.4      67 ..      80   CATGGATTAACAGTG               TGAG AGGGTC CTCA                CCCCTCACACTCCAC
-4.7      66 ..      81   GCATGGATTAACAGT              GTGAG AGGGTC CTCAC               CCCTCACACTCCACC
-1.2      65 ..      82   AGCATGGATTAACAG             TGTGAG AGGGTC CTCACC              CCTCACACTCCACCA
-5.8      72 ..      83   ATTAACAGTGTGAGA                GGGT CCTC ACCC                 CTCACACTCCACCAC
-2.3      71 ..      84   GATTAACAGTGTGAG               AGGGT CCTC ACCCC                TCACACTCCACCACT
  -3      69 ..      85   TGGATTAACAGTGTG             AGAGGGT CCTC ACCC-CT              CACACTCCACCACTT
-5.3      68 ..      86   ATGGATTAACAGTGT            GAGAGGGT CCTC ACCC-CTC             ACACTCCACCACTTC
-6.2      67 ..      87   CATGGATTAACAGTG           TGAGAGGGT CCTC ACCC-CTCA            CACTCCACCACTTCC
-8.5      66 ..      88   GCATGGATTAACAGT          GTGAGAGGGT CCTC ACCC-CTCAC           ACTCCACCACTTCCA
-9.4      65 ..      89   AGCATGGATTAACAG         TGTGAGAGGGT CCTC ACCC-CTCACA          CTCCACCACTTCCAA
-11.7      64 ..      90   AAGCATGGATTAACA        GTGTGAGAGGGT CCTC ACCC-CTCACAC         TCCACCACTTCCAAC
-12.6      63 ..      91   GAAGCATGGATTAAC       AGTGTGAGAGGGT CCTC ACCC-CTCACACT        CCACCACTTCCAACA
-9.1      62 ..      92   AGAAGCATGGATTAA      CAGTGTGAGAGGGT CCTC ACCC-CTCACACTC       CACCACTTCCAACAG
-5.6      61 ..      93   AAGAAGCATGGATTA     ACAGTGTGAGAGGGT CCTC ACCC-CTCACACTCC      ACCACTTCCAACAGT
-2.1      60 ..      94   GAAGAAGCATGGATT    AACAGTGTGAGAGGGT CCTC ACCC-CTCACACTCCA     CCACTTCCAACAGTT
 1.4      59 ..      95   TGAAGAAGCATGGAT   TAACAGTGTGAGAGGGT CCTC ACCC-CTCACACTCCAC    CACTTCCAACAGTTT
 4.9      58 ..      96   ATGAAGAAGCATGGA  TTAACAGTGTGAGAGGGT CCTC ACCC-CTCACACTCCACC   ACTTCCAACAGTTTG
   6      54 ..      97   ATTCATGAAGAAGCA TGGATTAACAGTGTGAGAGGGT CCTC ACCC-CTCACAC--TCCA-CCA CTTCCAACAGTTTGT
 6.1      56 ..      98   TCATGAAGAAGCATG GATTAACAGTGTGAGAGGGT CCTC ACCC-CTCACACTCCACCAC TTCCAACAGTTTGTT
 4.7      89 ..      99   GTCCTCACCCCTCAC                 ACT CCACC ACT                 TCCAACAGTTTGTTT
 7.1      89 ..     100   GTCCTCACCCCTCAC                A CTCCACCACT T                 CCAACAGTTTGTTTT
 8.8      55 ..     101   TTCATGAAGAAGCAT GGATTAACAGTGTGAGAGGG TCCTCAC CCCTCACACTCCACCACTTC CAACAGTTTGTTTTG
None      92 ..     102   CTCACCCCTCACACT                  CCACCACTTCC                  AACAGTTTGTTTTGG
 8.1      91 ..     103   CCTCACCCCTCACAC                T CCACCACTTCC A                ACAGTTTGTTTTGGT
None      94 ..     104   CACCCCTCACACTCC                  ACCACTTCCAA                  CAGTTTGTTTTGGTT
None      95 ..     105   ACCCCTCACACTCCA                  CCACTTCCAAC                  AGTTTGTTTTGGTTT
None      96 ..     106   CCCCTCACACTCCAC                  CACTTCCAACA                  GTTTGTTTTGGTTTT
 5.7      96 ..     107   CCCCTCACACTCCAC                C ACTTCCAACA G                 TTTGTTTTGGTTTTA
-0.1      97 ..     108   CCCTCACACTCCACC                ACT TCCAAC AGT                 TTGTTTTGGTTTTAG
 3.4      96 ..     109   CCCCTCACACTCCAC               CACT TCCAAC AGTT                TGTTTTGGTTTTAGC
 6.9      95 ..     110   ACCCCTCACACTCCA              CCACT TCCAAC AGTTT               GTTTTGGTTTTAGCT
 0.4     101 ..     111   CACACTCCACCACTT                 CCAA CAG TTTG                 TTTTGGTTTTAGCTA
 1.4     101 ..     112   CACACTCCACCACTT                CCAA CAGT TTGT                 TTTGGTTTTAGCTAT
  -4     103 ..     113   CACTCCACCACTTCC                 AACA GTT TGTT                 TTGGTTTTAGCTATT
-0.5     102 ..     114   ACACTCCACCACTTC                CAACA GTT TGTTT                TGGTTTTAGCTATTG
   3     101 ..     115   CACACTCCACCACTT               CCAACA GTT TGTTTT               GGTTTTAGCTATTGG
 1.5     102 ..     116   ACACTCCACCACTTC               CAACA GTTTG TTTTG               GTTTTAGCTATTGGC
-0.8     101 ..     117   CACACTCCACCACTT              CCAACA GTTTG TTTTGG              TTTTAGCTATTGGCT
 2.7     100 ..     118   TCACACTCCACCACT             TCCAACA GTTTG TTTTGGT             TTTAGCTATTGGCTT
 4.9     103 ..     119   CACTCCACCACTTCC              AAC AGTTTGTTTTG GTT              TTAGCTATTGGCTTC
 8.4     102 ..     120   ACACTCCACCACTTC             CAAC AGTTTGTTTTG GTTT             TAGCTATTGGCTTCT
 8.3     111 ..     121   CACTTCCAACAGTTT                 G TTTTGGTTT T                 AGCTATTGGCTTCTG
 6.1     112 ..     122   ACTTCCAACAGTTTG                 T TTTGGTTTT A                 GCTATTGGCTTCTGT
 5.4     113 ..     123   CTTCCAACAGTTTGT                 TT TGGTTTT AG                 CTATTGGCTTCTGTA
 4.1     111 ..     124   CACTTCCAACAGTTT               GTT TTGGTTTT AGC                TATTGGCTTCTGTAA
 4.8     115 ..     125   TCCAACAGTTTGTTT                 TGGT TTT AGCT                 ATTGGCTTCTGTAAT
 1.4     115 ..     126   TCCAACAGTTTGTTT                TGGT TTTA GCTA                 TTGGCTTCTGTAATC
 4.9     114 ..     127   TTCCAACAGTTTGTT               TTGGT TTTA GCTAT                TGGCTTCTGTAATCA
 6.7     116 ..     128   CCAACAGTTTGTTTT                GGT TTTAGCT ATT                GGCTTCTGTAATCAC
 6.6     102 ..     129   ACACTCCACCACTTC        CAACAGTT TGTTTTGGTTTT AGCTATTG         GCTTCTGTAATCACC
   4     120 ..     130   CAGTTTGTTTTGGTT                 TTAG CTA TTGG                 CTTCTGTAATCACCA
 7.3     117 ..     131   CAACAGTTTGTTTTG               GTT TTAGCTATT GGC               TTCTGTAATCACCAA
-3.2     122 ..     132   GTTTGTTTTGGTTTT                 AGCT ATT GGCT                 TCTGTAATCACCAAG
 0.3     121 ..     133   AGTTTGTTTTGGTTT                TAGCT ATT GGCTT                CTGTAATCACCAAGG
 3.8     120 ..     134   CAGTTTGTTTTGGTT               TTAGCT ATT GGCTTC               TGTAATCACCAAGGG
 4.8     122 ..     135   GTTTGTTTTGGTTTT               AG CTATTGGCTT CT                GTAATCACCAAGGGA
 6.1     121 ..     136   AGTTTGTTTTGGTTT              TAG CTATTGGCTT CTG               TAATCACCAAGGGAT
 3.6     126 ..     137   GTTTTGGTTTTAGCT                ATTG GCTT CTGT                 AATCACCAAGGGATA
 2.7     125 ..     138   TGTTTTGGTTTTAGC               TATTG GCTT CTGTA                ATCACCAAGGGATAG
 3.6     128 ..     139   TTTGGTTTTAGCTAT                TGGC TTCT GTAA                 TCACCAAGGGATAGC
 3.6     126 ..     140   GTTTTGGTTTTAGCT               ATTG GCTTCTG TAAT               CACCAAGGGATAGCA
 1.4     130 ..     141   TGGTTTTAGCTATTG                GCTT CTGT AATC                 ACCAAGGGATAGCAT
 3.7     128 ..     142   TTTGGTTTTAGCTAT               TGGCT TCTGT AATCA               CCAAGGGATAGCATA
 5.1     129 ..     143   TTGGTTTTAGCTATT              G-GCTT CTGT AATCAC               CAAGGGATAGCATAC
 5.4     129 ..     144   TTGGTTTTAGCTATT              GG CTTCTGTAATCA CC               AAGGGATAGCATACA
 1.8     135 ..     145   TTAGCTATTGGCTTC                 TG TAATCAC CA                 AGGGATAGCATACAT
 3.6     127 ..     146   TTTTGGTTTTAGCTA            TTGG CTTCTGTAATCA CCAA             GGGATAGCATACATA
 4.2     131 ..     147   GGTTTTAGCTATTGG             CTTCTGT AATC ACC-AAG              GGATAGCATACATAG
 3.9     131 ..     148   GGTTTTAGCTATTGG             CTTCTGT AATC ACCAAGG              GATAGCATACATAGT
 5.5     139 ..     149   CTATTGGCTTCTGTA                 ATC ACCAA GGG                 ATAGCATACATAGTA
  -1     140 ..     150   TATTGGCTTCTGTAA                 TCAC CAA GGGA                 TAGCATACATAGTAT
-1.9     139 ..     151   CTATTGGCTTCTGTA                ATCAC CAA GGGAT                AGCATACATAGTATT
 1.6     138 ..     152   GCTATTGGCTTCTGT               AATCAC CAA GGGATA               GCATACATAGTATTA
 2.9     137 ..     153   AGCTATTGGCTTCTG              TAATCAC CAA GGGATAG              CATACATAGTATTAA
 0.6     136 ..     154   TAGCTATTGGCTTCT             GTAATCAC CAA GGGATAGC             ATACATAGTATTAAT
-0.3     135 ..     155   TTAGCTATTGGCTTC            TGTAATCAC CAA GGGATAGCA            TACATAGTATTAATC
 3.2     134 ..     156   TTTAGCTATTGGCTT           CTGTAATCAC CAA GGGATAGCAT           ACATAGTATTAATCT
 2.3     133 ..     157   TTTTAGCTATTGGCT          TCTGTAATCAC CAA GGGATAGCATA          CATAGTATTAATCTC
 0.4     148 ..     158   TCTGTAATCACCAAG                 GGAT AGC ATAC                 ATAGTATTAATCTCT
 3.9     147 ..     159   TTCTGTAATCACCAA                GGGAT AGC ATACA                TAGTATTAATCTCTA
   3     146 ..     160   CTTCTGTAATCACCA               AGGGAT AGC ATACAT               AGTATTAATCTCTAT
 3.2     151 ..     161   GTAATCACCAAGGGA                 TA GCATACA TA                 GTATTAATCTCTATG
 4.2     144 ..     162   GGCTTCTGTAATCAC             CAAGGGAT AGC ATACATAG             TATTAATCTCTATGA
   4     153 ..     163   AATCACCAAGGGATA                 GC ATACATA GT                 ATTAATCTCTATGAC
 6.2     151 ..     164   GTAATCACCAAGGGA               TA GCATACATAG TA                TTAATCTCTATGACT
  -4     155 ..     165   TCACCAAGGGATAGC                 ATAC ATA GTAT                 TAATCTCTATGACTA
-0.5     154 ..     166   ATCACCAAGGGATAG                CATAC ATA GTATT                AATCTCTATGACTAA
   3     153 ..     167   AATCACCAAGGGATA               GCATAC ATA GTATTA               ATCTCTATGACTAAC
 5.3     156 ..     168   CACCAAGGGATAGCA                TACAT AGT ATTAA                TCTCTATGACTAACA
 3.2     159 ..     169   CAAGGGATAGCATAC                 AT AGTATTA AT                 CTCTATGACTAACAG
 2.7     149 ..     170   CTGTAATCACCAAGG           GATAGCATAC ATA GTAT-TAATC           TCTATGACTAACAGA
 1.8     161 ..     171   AGGGATAGCATACAT                 AG TATTAAT CT                 CTATGACTAACAGAA
 1.7     147 ..     172   TTCTGTAATCACCAA         GGGATAGCATAC ATA GTAT-TAATCTC         TATGACTAACAGAAG
 0.8     146 ..     173   CTTCTGTAATCACCA        AGGGATAGCATAC ATA GTAT-TAATCTCT        ATGACTAACAGAAGC
 2.9     160 ..     174   AAGGGATAGCATACA               TAG TATTAATCT CTA               TGACTAACAGAAGCA
   2     159 ..     175   CAAGGGATAGCATAC              ATAG TATTAATCT CTAT              GACTAACAGAAGCAT
-0.3     158 ..     176   CCAAGGGATAGCATA             CATAG TATTAATCT CTATG             ACTAACAGAAGCATA
 2.8     166 ..     177   TAGCATACATAGTAT                TAAT CTCT ATGA                 CTAACAGAAGCATAT
 3.3     168 ..     178   GCATACATAGTATTA                 ATC TCTAT GAC                 TAACAGAAGCATATA
 2.4     167 ..     179   AGCATACATAGTATT                AATC TCTAT GACT                AACAGAAGCATATAA
 1.5     166 ..     180   TAGCATACATAGTAT               TAATC TCTAT GACTA               ACAGAAGCATATAAG
 0.6     165 ..     181   ATAGCATACATAGTA              TTAATC TCTAT GACTAA              CAGAAGCATATAAGC
 4.1     164 ..     182   GATAGCATACATAGT             ATTAATC TCTAT GACTAAC             AGAAGCATATAAGCA
 3.2     163 ..     183   GGATAGCATACATAG            TATTAATC TCTAT GACTAACA            GAAGCATATAAGCAT
 2.4     172 ..     184   ACATAGTATTAATCT                CTAT GACTA ACAG                AAGCATATAAGCATT
 1.5     171 ..     185   TACATAGTATTAATC               TCTAT GACTA ACAGA               AGCATATAAGCATTC
 4.8     176 ..     186   AGTATTAATCTCTAT                 GACT AAC AGAA                 GCATATAAGCATTCT
 5.2     170 ..     187   ATACATAGTATTAAT             CTCTATG ACTAA CAGA-AG             CATATAAGCATTCTC
 4.3     177 ..     188   GTATTAATCTCTATG                ACT AACAGA AGC                 ATATAAGCATTCTCC
 3.6     175 ..     189   TAGTATTAATCTCTA              TGACT AACAGA AG-CA               TATAAGCATTCTCCA
 2.7     174 ..     190   ATAGTATTAATCTCT             ATGACT AACAGA AG-CAT              ATAAGCATTCTCCAT
 1.8     173 ..     191   CATAGTATTAATCTC            TATGACT AACAGA AG-CATA             TAAGCATTCTCCATT
 5.3     172 ..     192   ACATAGTATTAATCT           CTATGACT AACAGA AG-CATAT            AAGCATTCTCCATTG
 4.4     171 ..     193   TACATAGTATTAATC          TCTATGACT AACAGA AG-CATATA           AGCATTCTCCATTGG
 7.9     170 ..     194   ATACATAGTATTAAT         CTCTATGACT AACAGA AG-CATATAA          GCATTCTCCATTGGA
   6     178 ..     195   TATTAATCTCTATGA             CTAACA GAAGCA TATAAG              CATTCTCCATTGGAG
 5.4     186 ..     196   TCTATGACTAACAGA                AGC ATATAA GC-                 ATTCTCCATTGGAGC
 2.9     186 ..     197   TCTATGACTAACAGA                AGC ATATAA GCA                 TTCTCCATTGGAGCA
   2     185 ..     198   CTCTATGACTAACAG               AAGC ATATAA GCAT                TCTCCATTGGAGCAA
 3.3     184 ..     199   TCTCTATGACTAACA              GAAGC ATATAA GCATT               CTCCATTGGAGCAAA
 1.3     184 ..     200   TCTCTATGACTAACA             GAA-GC ATATAA GCATTC              TCCATTGGAGCAAAG
 0.4     183 ..     201   ATCTCTATGACTAAC            AGAA-GC ATATAA GCATTCT             CCATTGGAGCAAAGG
 3.9     182 ..     202   AATCTCTATGACTAA           CAGAA-GC ATATAA GCATTCTC            CATTGGAGCAAAGGC
 3.7     184 ..     203   TCTCTATGACTAACA            GAAGCAT ATAAGC ATTCTCC             ATTGGAGCAAAGGCT
 4.8     194 ..     204   TAACAGAAGCATATA                 AGCA TTC TCCA                 TTGGAGCAAAGGCTT
 3.9     193 ..     205   CTAACAGAAGCATAT                AAGCA TTC TCCAT                TGGAGCAAAGGCTTT
 4.7     196 ..     206   ACAGAAGCATATAAG                 CAT TCTCC ATT                 GGAGCAAAGGCTTTC
 1.4     196 ..     207   ACAGAAGCATATAAG                CATT CTCC ATTG                 GAGCAAAGGCTTTCT
 4.9     195 ..     208   AACAGAAGCATATAA               GCATT CTCC ATTGG                AGCAAAGGCTTTCTT
 1.1     199 ..     209   GAAGCATATAAGCAT                 TCT CCATT GGA                 GCAAAGGCTTTCTTT
-6.8     200 ..     210   AAGCATATAAGCATT                 CTCC ATT GGAG                 CAAAGGCTTTCTTTG
-3.3     199 ..     211   GAAGCATATAAGCAT                TCTCC ATT GGAGC                AAAGGCTTTCTTTGG
-4.2     198 ..     212   AGAAGCATATAAGCA               TTCTCC ATT GGAGCA               AAGGCTTTCTTTGGC
-2.6     198 ..     213   AGAAGCATATAAGCA              TT-CTCC ATT GGAGCAA              AGGCTTTCTTTGGCT
 0.4     204 ..     214   ATATAAGCATTCTCC                 ATTG GAG CAAA                 GGCTTTCTTTGGCTA
-1.9     203 ..     215   CATATAAGCATTCTC                CATTG GAG CAAAG                GCTTTCTTTGGCTAC
-4.2     202 ..     216   GCATATAAGCATTCT               CCATTG GAG CAAAGG               CTTTCTTTGGCTACA
-0.7     201 ..     217   AGCATATAAGCATTC              TCCATTG GAG CAAAGGC              TTTCTTTGGCTACAG
 1.4     194 ..     218   TAACAGAAGCATATA         AGC-ATT-CTCC ATT GGAGCAAAGGCT         TTCTTTGGCTACAGC
-2.2     208 ..     219   AAGCATTCTCCATTG                GAGC AAAG GCTT                 TCTTTGGCTACAGCT
-0.9     207 ..     220   TAAGCATTCTCCATT               GGAGC AAAG GCTTT                CTTTGGCTACAGCTA
 1.4     210 ..     221   GCATTCTCCATTGGA                GCAA AGGC TTTC                 TTTGGCTACAGCTAG
 0.5     209 ..     222   AGCATTCTCCATTGG               AGCAA AGGC TTTCT                TTGGCTACAGCTAGG
-1.8     213 ..     223   TTCTCCATTGGAGCA                 AAGG CTT TCTT                 TGGCTACAGCTAGGG
-2.7     212 ..     224   ATTCTCCATTGGAGC                AAAGG CTT TCTTT                GGCTACAGCTAGGGC
  -5     211 ..     225   CATTCTCCATTGGAG               CAAAGG CTT TCTTTG               GCTACAGCTAGGGCA
-1.5     210 ..     226   GCATTCTCCATTGGA              GCAAAGG CTT TCTTTGG              CTACAGCTAGGGCAA
-1.9     210 ..     227   GCATTCTCCATTGGA             GCAAAGG CTTT CTTTGGC              TACAGCTAGGGCAAG
-2.8     209 ..     228   AGCATTCTCCATTGG            AGCAAAGG CTTT CTTTGGCT             ACAGCTAGGGCAAGC
 0.7     208 ..     229   AAGCATTCTCCATTG           GAGCAAAGG CTTT CTTTGGCTA            CAGCTAGGGCAAGCC
-1.6     207 ..     230   TAAGCATTCTCCATT          GGAGCAAAGG CTTT CTTTGGCTAC           AGCTAGGGCAAGCCG
-2.5     206 ..     231   ATAAGCATTCTCCAT         TGGAGCAAAGG CTTT CTTTGGCTACA          GCTAGGGCAAGCCGG
-1.2     205 ..     232   TATAAGCATTCTCCA        TTGGAGCAAAGG CTTT CTTTGGCTACAG         CTAGGGCAAGCCGGC
 2.3     204 ..     233   ATATAAGCATTCTCC       ATTGGAGCAAAGG CTTT CTTTGGCTACAGC        TAGGGCAAGCCGGCA
 3.9     204 ..     234   ATATAAGCATTCTCC      A-TTGGAGCAAAGG CTTT CTTTGGCTACAGCT       AGGGCAAGCCGGCAA
-2.2     224 ..     235   AGCAAAGGCTTTCTT                TGGC TACA GCTA                 GGGCAAGCCGGCAAG
-0.9     223 ..     236   GAGCAAAGGCTTTCT               TTGGC TACA GCTAG                GGCAAGCCGGCAAGT
 0.4     222 ..     237   GGAGCAAAGGCTTTC              TTTGGC TACA GCTAGG               GCAAGCCGGCAAGTC
-1.9     221 ..     238   TGGAGCAAAGGCTTT             CTTTGGC TACA GCTAGGG              CAAGCCGGCAAGTCA
 1.6     220 ..     239   TTGGAGCAAAGGCTT            TCTTTGGC TACA GCTAGGGC             AAGCCGGCAAGTCAT
 0.7     219 ..     240   ATTGGAGCAAAGGCT           TTCTTTGGC TACA GCTAGGGCA            AGCCGGCAAGTCATC
-0.2     218 ..     241   CATTGGAGCAAAGGC          TTTCTTTGGC TACA GCTAGGGCAA           GCCGGCAAGTCATCA
-2.5     217 ..     242   CCATTGGAGCAAAGG         CTTTCTTTGGC TACA GCTAGGGCAAG          CCGGCAAGTCATCAC
-4.8     216 ..     243   TCCATTGGAGCAAAG        GCTTTCTTTGGC TACA GCTAGGGCAAGC         CGGCAAGTCATCACA
-7.1     215 ..     244   CTCCATTGGAGCAAA       GGCTTTCTTTGGC TACA GCTAGGGCAAGCC        GGCAAGTCATCACAA
-3.6     214 ..     245   TCTCCATTGGAGCAA      AGGCTTTCTTTGGC TACA GCTAGGGCAAGCCG       GCAAGTCATCACAAA
-0.1     213 ..     246   TTCTCCATTGGAGCA     AAGGCTTTCTTTGGC TACA GCTAGGGCAAGCCGG      CAAGTCATCACAAAA
 1.1     232 ..     247   CTTTCTTTGGCTACA              GCTAGG GCAAG CC-GGC              AAGTCATCACAAAAA
 2.9     237 ..     248   TTTGGCTACAGCTAG                GGC AAGCCG GCA                 AGTCATCACAAAAAG
 6.4     236 ..     249   CTTTGGCTACAGCTA               GGGC AAGCCG GCAA                GTCATCACAAAAAGG
 4.4     239 ..     250   TGGCTACAGCTAGGG                CAAG CCGG CAAG                 TCATCACAAAAAGGC
 5.7     238 ..     251   TTGGCTACAGCTAGG               GCAAG CCGG CAAGT                CATCACAAAAAGGCA
 1.9     242 ..     252   CTACAGCTAGGGCAA                 GCC GGCAA GTC                 ATCACAAAAAGGCAT
 5.4     241 ..     253   GCTACAGCTAGGGCA                AGCC GGCAA GTCA                TCACAAAAAGGCATG
 4.5     240 ..     254   GGCTACAGCTAGGGC               AAGCC GGCAA GTCAT               CACAAAAAGGCATGG
   4     245 ..     255   CAGCTAGGGCAAGCC                 GG CAAGTCA TC                 ACAAAAAGGCATGGA
 7.2     245 ..     256   CAGCTAGGGCAAGCC                GG CAAGTCAT CA                 CAAAAAGGCATGGAC
 5.7     246 ..     257   AGCTAGGGCAAGCCG                G CAAGTCATCA C                 AAAAAGGCATGGACT
 8.3     248 ..     258   CTAGGGCAAGCCGGC                AAGT CATC ACA-                 AAAAGGCATGGACTC
 5.8     248 ..     259   CTAGGGCAAGCCGGC                AAGT CATC ACAA                 AAAGGCATGGACTCC
 7.6     250 ..     260   AGGGCAAGCCGGCAA                 GT CATCACA AA                 AAGGCATGGACTCCA
 6.1     251 ..     261   GGGCAAGCCGGCAAG                 T CATCACAAA A                 AGGCATGGACTCCAT
 7.1     251 ..     262   GGGCAAGCCGGCAAG                T CATCACAAAA A                 GGCATGGACTCCATT
 4.3     252 ..     263   GGCAAGCCGGCAAGT                CAT CACAAA AAG                 GCATGGACTCCATTA
   4     254 ..     264   CAAGCCGGCAAGTCA                 TC ACAAAAA GG                 CATGGACTCCATTAG
 3.3     250 ..     265   AGGGCAAGCCGGCAA              GTCAT CACAAA AAGGC               ATGGACTCCATTAGG
 6.8     254 ..     266   CAAGCCGGCAAGTCA                TCAC AAAAA GGCA                TGGACTCCATTAGGG
 5.9     253 ..     267   GCAAGCCGGCAAGTC               ATCAC AAAAA GGCAT               GGACTCCATTAGGGG
 2.8     257 ..     268   GCCGGCAAGTCATCA                CA AAAAGGCA TG                 GACTCCATTAGGGGT
 4.9     251 ..     269   GGGCAAGCCGGCAAG             TCATCAC AAAAA GGCATGG             ACTCCATTAGGGGTC
 5.6     254 ..     270   CAAGCCGGCAAGTCA             TCACA AAAAGGCA TG-GA              CTCCATTAGGGGTCC
 6.4     250 ..     271   AGGGCAAGCCGGCAA           GT-CATCAC AAAAA GGCATGGAC           TCCATTAGGGGTCCT
  -1     262 ..     272   CAAGTCATCACAAAA                 AGGC ATG GACT                 CCATTAGGGGTCCTx
 2.5     261 ..     273   GCAAGTCATCACAAA                AAGGC ATG GACTC                CATTAGGGGTCCTxx
 1.4     263 ..     274   AAGTCATCACAAAAA                GG CATGGACT CC                 ATTAGGGGTCCTxxx
 4.9     262 ..     275   CAAGTCATCACAAAA               AGG CATGGACT CCA                TTAGGGGTCCTxxxx
-5.4     266 ..     276   TCATCACAAAAAGGC                 ATGG ACT CCAT                 TAGGGGTCCTxxxxx
-1.9     265 ..     277   GTCATCACAAAAAGG                CATGG ACT CCATT                AGGGGTCCTxxxxxx
 1.6     264 ..     278   AGTCATCACAAAAAG               GCATGG ACT CCATTA               GGGGTCCTxxxxxxx
 4.3     265 ..     279   GTCATCACAAAAAGG              C--ATGG ACT CCATTAG              GGGTCCTxxxxxxxx
 3.3     270 ..     280   CACAAAAAGGCATGG                 ACT CCATT AGG                 GGTCCTxxxxxxxxx
-0.3     271 ..     281   ACAAAAAGGCATGGA                 CTC CATTA GGG                 GTCCTxxxxxxxxxx
-3.6     271 ..     282   ACAAAAAGGCATGGA                CTCC ATTA GGGG                 TCCTxxxxxxxxxxx
-4.5     270 ..     283   CACAAAAAGGCATGG               ACTCC ATTA GGGGT                CCTxxxxxxxxxxxx
-6.8     269 ..     284   TCACAAAAAGGCATG              GACTCC ATTA GGGGTC               CTxxxxxxxxxxxxx
-9.1     268 ..     285   ATCACAAAAAGGCAT             GGACTCC ATTA GGGGTCC              Txxxxxxxxxxxxxx
