>ABEF01041528.1:252-304 Marine metagenome HOTS_Contig41528, whole genome shotgun sequence FORWARD
 4.8       1 ..      11   xxxxxxxxxxxxxxx                 AAAC AAA GGTA                 TCGACACTAGTCAGC
 1.4       1 ..      12   xxxxxxxxxxxxxxx                AAAC AAAG GTAT                 CGACACTAGTCAGCG
 7.2       2 ..      13   xxxxxxxxxxxxxxA                AACA AAGG TATC                 GACACTAGTCAGCGA
 3.3       4 ..      14   xxxxxxxxxxxxAAA                 CAA AGGTA TCG                 ACACTAGTCAGCGAG
 6.8       3 ..      15   xxxxxxxxxxxxxAA                ACAA AGGTA TCGA                CACTAGTCAGCGAGG
None       6 ..      16   xxxxxxxxxxAAACA                  AAGGTATCGAC                  ACTAGTCAGCGAGGG
 6.2       7 ..      17   xxxxxxxxxAAACAA                 AG GTATCGA CA                 CTAGTCAGCGAGGGT
 2.5       8 ..      18   xxxxxxxxAAACAAA                G-GT ATCG ACAC                 TAGTCAGCGAGGGTT
 1.6       7 ..      19   xxxxxxxxxAAACAA               AG-GT ATCG ACACT                AGTCAGCGAGGGTTC
 3.2      10 ..      20   xxxxxxAAACAAAGG                 TA TCGACAC TA                 GTCAGCGAGGGTTCG
 4.8      11 ..      21   xxxxxAAACAAAGGT                 ATCG ACA CTAG                 TCAGCGAGGGTTCGC
 4.8      12 ..      22   xxxxAAACAAAGGTA                 TCGA CAC TAGT                 CAGCGAGGGTTCGCC
 2.5      13 ..      23   xxxAAACAAAGGTAT                CGAC ACTA GTC-                 AGCGAGGGTTCGCCC
   0      13 ..      24   xxxAAACAAAGGTAT                CGAC ACTA GTCA                 GCGAGGGTTCGCCCA
 0.2      13 ..      25   xxxAAACAAAGGTAT               C-GAC ACTA GTCAG                CGAGGGTTCGCCCAC
 3.7      12 ..      26   xxxxAAACAAAGGTA              TC-GAC ACTA GTCAGC               GAGGGTTCGCCCACT
1.907e-07      16 ..      27   AAACAAAGGTATCGA                CACT AGTC AGCG                 AGGGTTCGCCCACTA
 3.5      12 ..      28   xxxxAAACAAAGGTA              TCG ACACTAGTCAG CGA              GGGTTCGCCCACTAG
-4.768e-08      18 ..      29   ACAAAGGTATCGACA                CTAG TCAG CGAG                 GGTTCGCCCACTAGT
 3.5      17 ..      30   AACAAAGGTATCGAC               ACTAG TCAG CGAGG                GTTCGCCCACTAGTG
 1.2      16 ..      31   AAACAAAGGTATCGA              CACTAG TCAG CGAGGG               TTCGCCCACTAGTGC
 0.3      15 ..      32   xAAACAAAGGTATCG             ACACTAG TCAG CGAGGGT              TCGCCCACTAGTGCG
 1.6      14 ..      33   xxAAACAAAGGTATC            GACACTAG TCAG CGAGGGTT             CGCCCACTAGTGCGA
 3.6      23 ..      34   GGTATCGACACTAGT                CAGC GAGG GTTC                 GCCCACTAGTGCGAT
 1.7      13 ..      35   xxxAAACAAAGGTAT          CGA-CACTAG TCAG CGAGGGTTCG           CCCACTAGTGCGATT
-5.8      25 ..      36   TATCGACACTAGTCA                GCGA GGGT TCGC                 CCACTAGTGCGATTT
-2.3      24 ..      37   GTATCGACACTAGTC               AGCGA GGGT TCGCC                CACTAGTGCGATTTT
 1.1      28 ..      38   CGACACTAGTCAGCG                AGGG TTCG CCC-                 ACTAGTGCGATTTTT
-1.4      28 ..      39   CGACACTAGTCAGCG                AGGG TTCG CCCA                 CTAGTGCGATTTTTx
-3.7      27 ..      40   TCGACACTAGTCAGC               GAGGG TTCG CCCAC                TAGTGCGATTTTTxx
-2.9      20 ..      41   AAAGGTATCGACACT           AGTCAGCGA GGGT TCGCCCACT            AGTGCGATTTTTxxx
-3.8      19 ..      42   CAAAGGTATCGACAC          TAGTCAGCGA GGGT TCGCCCACTA           GTGCGATTTTTxxxx
-6.1      18 ..      43   ACAAAGGTATCGACA         CTAGTCAGCGA GGGT TCGCCCACTAG          TGCGATTTTTxxxxx
  -7      17 ..      44   AACAAAGGTATCGAC        ACTAGTCAGCGA GGGT TCGCCCACTAGT         GCGATTTTTxxxxxx
-9.3      16 ..      45   AAACAAAGGTATCGA       CACTAGTCAGCGA GGGT TCGCCCACTAGTG        CGATTTTTxxxxxxx
-5.8      15 ..      46   xAAACAAAGGTATCG      ACACTAGTCAGCGA GGGT TCGCCCACTAGTGC       GATTTTTxxxxxxxx
-7.9      13 ..      47   xxxAAACAAAGGTAT    CGACACTAGTCAGCGA GGGT TCGCCCACTAGTG-CG     ATTTTTxxxxxxxxx
-8.8      12 ..      48   xxxxAAACAAAGGTA   TCGACACTAGTCAGCGA GGGT TCGCCCACTAGTG-CGA    TTTTTxxxxxxxxxx
-9.7      11 ..      49   xxxxxAAACAAAGGT  ATCGACACTAGTCAGCGA GGGT TCGCCCACTAGTG-CGAT   TTTTxxxxxxxxxxx
-6.2      10 ..      50   xxxxxxAAACAAAGG TATCGACACTAGTCAGCGA GGGT TCGCCCACTAGTG-CGATT  TTTxxxxxxxxxxxx
-4.9       9 ..      51   xxxxxxxAAACAAAG GTATCGACACTAGTCAGCGA GGGT TCGCCCACTAGTG-CGATTT TTxxxxxxxxxxxxx
-3.6       8 ..      52   xxxxxxxxAAACAAA GGTATCGACACTAGTCAGCGA GGGT TCGCCCACTAGTG-CGATTTT Txxxxxxxxxxxxxx
