>URS0000D6C308 ncRNA from 1 species FORWARD
None       1 ..      11   xxxxxxxxxxxxxxx                  AAGGCAGGGCG                  UCCAAGUCUCGCAGU
 3.4       2 ..      12   xxxxxxxxxxxxxxA                 AGGC AGG GCGU                 CCAAGUCUCGCAGUA
 1.9       3 ..      13   xxxxxxxxxxxxxAA                 GGC AGGGC GUC                 CAAGUCUCGCAGUAU
 1.4       3 ..      14   xxxxxxxxxxxxxAA                GG CAGGGCGU CC                 AAGUCUCGCAGUAUU
 4.9       2 ..      15   xxxxxxxxxxxxxxA               AGG CAGGGCGU CCA                AGUCUCGCAGUAUUG
 3.4       6 ..      16   xxxxxxxxxxAAGGC                 AGGG CGU CCAA                 GUCUCGCAGUAUUGC
 1.1       5 ..      17   xxxxxxxxxxxAAGG                CAGGG CGU CCAAG                UCUCGCAGUAUUGCA
 4.6       4 ..      18   xxxxxxxxxxxxAAG               GCAGGG CGU CCAAGU               CUCGCAGUAUUGCAU
 2.3       3 ..      19   xxxxxxxxxxxxxAA              GGCAGGG CGU CCAAGUC              UCGCAGUAUUGCAUU
 3.4      10 ..      20   xxxxxxAAGGCAGGG                 CGUC CAA GUCU                 CGCAGUAUUGCAUUC
 1.1       9 ..      21   xxxxxxxAAGGCAGG                GCGUC CAA GUCUC                GCAGUAUUGCAUUCC
 2.4      10 ..      22   xxxxxxAAGGCAGGG                CG UCCAAGUCU CG                CAGUAUUGCAUUCCU
 0.1       9 ..      23   xxxxxxxAAGGCAGG               GCG UCCAAGUCU CGC               AGUAUUGCAUUCCUC
 3.6       8 ..      24   xxxxxxxxAAGGCAG              GGCG UCCAAGUCU CGCA              GUAUUGCAUUCCUCU
 3.5       5 ..      25   xxxxxxxxxxxAAGG            CAGGGCGUC CAA GUCUCGCAG            UAUUGCAUUCCUCUG
   7       4 ..      26   xxxxxxxxxxxxAAG           GCAGGGCGUC CAA GUCUCGCAGU           AUUGCAUUCCUCUGU
 7.7      17 ..      27   AGGCAGGGCGUCCAA                 GUC UCGCA GUA                 UUGCAUUCCUCUGUA
None      18 ..      28   GGCAGGGCGUCCAAG                  UCUCGCAGUAU                  UGCAUUCCUCUGUAC
None      19 ..      29   GCAGGGCGUCCAAGU                  CUCGCAGUAUU                  GCAUUCCUCUGUACG
 5.7      19 ..      30   GCAGGGCGUCCAAGU                C UCGCAGUAUU G                 CAUUCCUCUGUACGU
 5.4      21 ..      31   AGGGCGUCCAAGUCU                CGC AGUAUU GC-                 AUUCCUCUGUACGUU
 2.9      21 ..      32   AGGGCGUCCAAGUCU                CGC AGUAUU GCA                 UUCCUCUGUACGUUA
 6.4      20 ..      33   CAGGGCGUCCAAGUC               UCGC AGUAUU GCAU                UCCUCUGUACGUUAG
None      24 ..      34   GCGUCCAAGUCUCGC                  AGUAUUGCAUU                  CCUCUGUACGUUAGC
 4.7      25 ..      35   CGUCCAAGUCUCGCA                 G UAUUGCAUU C                 CUCUGUACGUUAGCU
 5.7      25 ..      36   CGUCCAAGUCUCGCA                G UAUUGCAUUC C                 UCUGUACGUUAGCUA
None      27 ..      37   UCCAAGUCUCGCAGU                  AUUGCAUUCCU                  CUGUACGUUAGCUAU
 7.7      25 ..      38   CGUCCAAGUCUCGCA               G UAUUGCAUUCCU C                UGUACGUUAGCUAUC
 6.2      29 ..      39   CAAGUCUCGCAGUAU                 UG CAUUCCU CU                 GUACGUUAGCUAUCA
 8.9      23 ..      40   GGCGUCCAAGUCUCG             CAG UAUUGCAUUCCU CUG              UACGUUAGCUAUCAU
 7.2      30 ..      41   AAGUCUCGCAGUAUU                GC AUUCCUCU GU                 ACGUUAGCUAUCAUG
None      32 ..      42   GUCUCGCAGUAUUGC                  AUUCCUCUGUA                  CGUUAGCUAUCAUGG
 7.7      30 ..      43   AAGUCUCGCAGUAUU               G CAUUCCUCUGUA C                GUUAGCUAUCAUGGU
 7.7      31 ..      44   AGUCUCGCAGUAUUG               C AUUCCUCUGUAC G                UUAGCUAUCAUGGUU
 6.2      35 ..      45   UCGCAGUAUUGCAUU                 CC UCUGUAC GU                 UAGCUAUCAUGGUUA
 7.7      36 ..      46   CGCAGUAUUGCAUUC                 CUC UGUAC GUU                 AGCUAUCAUGGUUAA
None      37 ..      47   GCAGUAUUGCAUUCC                  UCUGUACGUUA                  GCUAUCAUGGUUAAC
 4.7      38 ..      48   CAGUAUUGCAUUCCU                 C UGUACGUUA G                 CUAUCAUGGUUAACA
 8.2      37 ..      49   GCAGUAUUGCAUUCC                UC UGUACGUUA GC                UAUCAUGGUUAACAG
 7.2      39 ..      50   AGUAUUGCAUUCCUC                UG UACGUUAG CU                 AUCAUGGUUAACAGC
None      41 ..      51   UAUUGCAUUCCUCUG                  UACGUUAGCUA                  UCAUGGUUAACAGCC
None      42 ..      52   AUUGCAUUCCUCUGU                  ACGUUAGCUAU                  CAUGGUUAACAGCCU
 7.7      40 ..      53   GUAUUGCAUUCCUCU               G UACGUUAGCUAU C                AUGGUUAACAGCCUA
 7.2      43 ..      54   UUGCAUUCCUCUGUA                CG UUAGCUAU CA                 UGGUUAACAGCCUAG
None      45 ..      55   GCAUUCCUCUGUACG                  UUAGCUAUCAU                  GGUUAACAGCCUAGC
 7.7      43 ..      56   UUGCAUUCCUCUGUA               C GUUAGCUAUCAU G                GUUAACAGCCUAGCG
 8.7      43 ..      57   UUGCAUUCCUCUGUA               C GUUAGCUAUCAUG G               UUAACAGCCUAGCGA
 6.2      48 ..      58   UUCCUCUGUACGUUA                 GC UAUCAUG GU                 UAACAGCCUAGCGAC
None      49 ..      59   UCCUCUGUACGUUAG                  CUAUCAUGGUU                  AACAGCCUAGCGACC
None      50 ..      60   CCUCUGUACGUUAGC                  UAUCAUGGUUA                  ACAGCCUAGCGACCG
None      51 ..      61   CUCUGUACGUUAGCU                  AUCAUGGUUAA                  CAGCCUAGCGACCGA
 8.7      48 ..      62   UUCCUCUGUACGUUA               G CUAUCAUGGUUAA C               AGCCUAGCGACCGAG
None      53 ..      63   CUGUACGUUAGCUAU                  CAUGGUUAACA                  GCCUAGCGACCGAGC
 5.7      53 ..      64   CUGUACGUUAGCUAU                C AUGGUUAACA G                 CCUAGCGACCGAGCC
 8.9      48 ..      65   UUCCUCUGUACGUUA             GCU AUCAUGGUUAAC AGC              CUAGCGACCGAGCCU
 0.4      56 ..      66   UACGUUAGCUAUCAU                 GG UUAACAG CC                 UAGCGACCGAGCCUU
 3.9      55 ..      67   GUACGUUAGCUAUCA                UGG UUAACAG CCU                AGCGACCGAGCCUUU
 7.4      54 ..      68   UGUACGUUAGCUAUC               AUGG UUAACAG CCUA               GCGACCGAGCCUUUG
 5.1      53 ..      69   CUGUACGUUAGCUAU              CAUGG UUAACAG CCUAG              CGACCGAGCCUUUGC
 7.7      57 ..      70   ACGUUAGCUAUCAUG               G UUAACAGCCUAG C                GACCGAGCCUUUGCA
 6.1      61 ..      71   UAGCUAUCAUGGUUA                ACAGC CUA GC-G-                ACCGAGCCUUUGCAG
 3.4      62 ..      72   AGCUAUCAUGGUUAA                 CAGC CUA GCGA                 CCGAGCCUUUGCAGC
 6.9      61 ..      73   UAGCUAUCAUGGUUA                ACAGC CUA GCGAC                CGAGCCUUUGCAGCG
 4.4      63 ..      74   GCUAUCAUGGUUAAC                AGCC UAGC GACC                 GAGCCUUUGCAGCGU
 2.1      62 ..      75   AGCUAUCAUGGUUAA               CAGCC UAGC GACCG                AGCCUUUGCAGCGUG
 5.6      61 ..      76   UAGCUAUCAUGGUUA              ACAGCC UAGC GACCGA               GCCUUUGCAGCGUGC
 4.4      66 ..      77   AUCAUGGUUAACAGC                CUAG CGAC CGAG                 CCUUUGCAGCGUGCU
 4.4      64 ..      78   CUAUCAUGGUUAACA               GC CUAGCGACCGA GC               CUUUGCAGCGUGCUU
 2.9      68 ..      79   CAUGGUUAACAGCCU                AGC GACCGA GCC                 UUUGCAGCGUGCUUC
 3.4      70 ..      80   UGGUUAACAGCCUAG                 CGAC CGA GCCU                 UUGCAGCGUGCUUCG
 6.9      69 ..      81   AUGGUUAACAGCCUA                GCGAC CGA GCCUU                UGCAGCGUGCUUCGG
None      72 ..      82   GUUAACAGCCUAGCG                  ACCGAGCCUUU                  GCAGCGUGCUUCGGG
 4.7      73 ..      83   UUAACAGCCUAGCGA                 C CGAGCCUUU G                 CAGCGUGCUUCGGGU
 5.4      69 ..      84   AUGGUUAACAGCCUA              GC GACCGAGCCUUU GC               AGCGUGCUUCGGGUU
 6.9      75 ..      85   AACAGCCUAGCGACC                GAGC CUUU GCA-                 GCGUGCUUCGGGUUC
 4.4      75 ..      86   AACAGCCUAGCGACC                GAGC CUUU GCAG                 CGUGCUUCGGGUUCC
 0.4      77 ..      87   CAGCCUAGCGACCGA                 GC CUUUGCA GC                 GUGCUUCGGGUUCCC
 2.3      74 ..      88   UAACAGCCUAGCGAC              CG-AGC CUUU GCAGCG               UGCUUCGGGUUCCCU
 5.8      73 ..      89   UUAACAGCCUAGCGA             CCG-AGC CUUU GCAGCGU              GCUUCGGGUUCCCUG
 5.1      74 ..      90   UAACAGCCUAGCGAC              CGAGC CUUUGCA GCGUG              CUUCGGGUUCCCUGA
 4.4      77 ..      91   CAGCCUAGCGACCGA               GC CUUUGCAGCGU GC               UUCGGGUUCCCUGAU
 1.9      82 ..      92   UAGCGACCGAGCCUU                 UGC AGCGU GCU                 UCGGGUUCCCUGAUC
 5.4      81 ..      93   CUAGCGACCGAGCCU                UUGC AGCGU GCUU                CGGGUUCCCUGAUCA
 4.4      83 ..      94   AGCGACCGAGCCUUU                GCAG CGUG CUUC                 GGGUUCCCUGAUCAG
 5.7      84 ..      95   GCGACCGAGCCUUUG                C AGCGUGCUUC G                 GGUUCCCUGAUCAGG
 1.9      86 ..      96   GACCGAGCCUUUGCA                 GCG UGCUU CGG                 GUUCCCUGAUCAGGA
 3.4      87 ..      97   ACCGAGCCUUUGCAG                 CGUG CUU CGGG                 UUCCCUGAUCAGGAG
 6.9      86 ..      98   GACCGAGCCUUUGCA                GCGUG CUU CGGGU                UCCCUGAUCAGGAGA
 7.7      89 ..      99   CGAGCCUUUGCAGCG                 UGC UUCGG GUU                 CCCUGAUCAGGAGAA
 4.7      90 ..     100   GAGCCUUUGCAGCGU                 G CUUCGGGUU C                 CCUGAUCAGGAGAAG
 5.7      90 ..     101   GAGCCUUUGCAGCGU                G CUUCGGGUUC C                 CUGAUCAGGAGAAGG
 5.9      88 ..     102   CCGAGCCUUUGCAGC               GUG CUUCGGGUU CCC               UGAUCAGGAGAAGGA
 3.4      93 ..     103   CCUUUGCAGCGUGCU                 UCGG GUU CCCU                 GAUCAGGAGAAGGAC
-2.4      94 ..     104   CUUUGCAGCGUGCUU                 CGGG UUC CCUG                 AUCAGGAGAAGGACG
 1.1      93 ..     105   CCUUUGCAGCGUGCU                UCGGG UUC CCUGA                UCAGGAGAAGGACGC
 4.6      92 ..     106   GCCUUUGCAGCGUGC               UUCGGG UUC CCUGAU               CAGGAGAAGGACGCU
 3.4      97 ..     107   UGCAGCGUGCUUCGG                 GUUC CCU GAUC                 AGGAGAAGGACGCUG
 6.9      96 ..     108   UUGCAGCGUGCUUCG                GGUUC CCU GAUCA                GGAGAAGGACGCUGU
 6.9      94 ..     109   CUUUGCAGCGUGCUU              CGG GUUCCCUGAU CAG               GAGAAGGACGCUGUx
 0.4     100 ..     110   AGCGUGCUUCGGGUU                 CC CUGAUCA GG                 AGAAGGACGCUGUxx
 2.9     100 ..     111   AGCGUGCUUCGGGUU                CCC UGAUCA GGA                 GAAGGACGCUGUxxx
 3.1     100 ..     112   AGCGUGCUUCGGGUU               C-CC UGAUCA GGAG                AAGGACGCUGUxxxx
 6.6      99 ..     113   CAGCGUGCUUCGGGU              UC-CC UGAUCA GGAGA               AGGACGCUGUxxxxx
None     104 ..     114   UGCUUCGGGUUCCCU                  GAUCAGGAGAA                  GGACGCUGUxxxxxx
 7.7     102 ..     115   CGUGCUUCGGGUUCC               C UGAUCAGGAGAA G                GACGCUGUxxxxxxx
 5.4     101 ..     116   GCGUGCUUCGGGUUC              CC UGAUCAGGAGAA GG               ACGCUGUxxxxxxxx
 7.2     106 ..     117   CUUCGGGUUCCCUGA                UC AGGAGAAG GA                 CGCUGUxxxxxxxxx
 7.4     104 ..     118   UGCUUCGGGUUCCCU               GAUC AGGAGAA GGAC               GCUGUxxxxxxxxxx
 6.2     109 ..     119   CGGGUUCCCUGAUCA                 GG AGAAGGA CG                 CUGUxxxxxxxxxxx
 1.9     110 ..     120   GGGUUCCCUGAUCAG                 GAG AAGGA CGC                 UGUxxxxxxxxxxxx
 5.4     109 ..     121   CGGGUUCCCUGAUCA                GGAG AAGGA CGCU                GUxxxxxxxxxxxxx
 6.9     107 ..     122   UUCGGGUUCCCUGAU              CAG GAGAAGGACG CUG               Uxxxxxxxxxxxxxx
