>AM398681.1:c1935873-1935792 Flavobacterium psychrophilum JIP02/86 complete genome FORWARD
 8.3       1 ..      11   xxxxxxxxxxxxxxx                 T TCTAGCCCT G                 ATAGTAGTGGAAATC
 1.8       2 ..      12   xxxxxxxxxxxxxxT                 TC TAGCCCT GA                 TAGTAGTGGAAATCC
 5.3       1 ..      13   xxxxxxxxxxxxxxx                TTC TAGCCCT GAT                AGTAGTGGAAATCCT
 0.4       4 ..      14   xxxxxxxxxxxxTTC                 TAGC CCT GATA                 GTAGTGGAAATCCTT
-1.9       3 ..      15   xxxxxxxxxxxxxTT                CTAGC CCT GATAG                TAGTGGAAATCCTTT
 1.6       2 ..      16   xxxxxxxxxxxxxxT               TCTAGC CCT GATAGT               AGTGGAAATCCTTTT
 0.7       1 ..      17   xxxxxxxxxxxxxxx              TTCTAGC CCT GATAGTA              GTGGAAATCCTTTTT
 3.9       3 ..      18   xxxxxxxxxxxxxTT              CTA GCCCTGATAG TAG               TGGAAATCCTTTTTT
 3.6       8 ..      19   xxxxxxxxTTCTAGC                CCTG ATAG TAGT                 GGAAATCCTTTTTTC
 1.3       7 ..      20   xxxxxxxxxTTCTAG               CCCTG ATAG TAGTG                GAAATCCTTTTTTCT
 1.5       7 ..      21   xxxxxxxxxTTCTAG              CC-CTG ATAG TAGTGG               AAATCCTTTTTTCTG
   5       6 ..      22   xxxxxxxxxxTTCTA             GCC-CTG ATAG TAGTGGA              AATCCTTTTTTCTGG
 4.6       1 ..      23   xxxxxxxxxxxxxxx           TTCTAGCCCT GAT AGTAGTGGAA           ATCCTTTTTTCTGGC
 7.1      13 ..      24   xxxTTCTAGCCCTGA                T AGTAGTGGAA A                 TCCTTTTTTCTGGCT
 5.4      15 ..      25   xTTCTAGCCCTGATA                 GT AGTGGAA AT                 CCTTTTTTCTGGCTC
 3.9      11 ..      26   xxxxxTTCTAGCCCT              GAT AGTAGTGGAA ATC               CTTTTTTCTGGCTCC
 3.9      15 ..      27   xTTCTAGCCCTGATA                GTAGT GGA AATCC                TTTTTTCTGGCTCCT
 2.8      17 ..      28   TCTAGCCCTGATAGT                AGTGG AAA TC-CT                TTTTTCTGGCTCCTT
 2.2      18 ..      29   CTAGCCCTGATAGTA                GTGG AAAT CCTT                 TTTTCTGGCTCCTTT
 1.3      17 ..      30   TCTAGCCCTGATAGT               AGTGG AAAT CCTTT                TTTCTGGCTCCTTTA
-0.4      21 ..      31   GCCCTGATAGTAGTG                 GAAA TCC TTTT                 TTCTGGCTCCTTTAG
 0.3      22 ..      32   CCCTGATAGTAGTGG                 AAA TCCTT TTT                 TCTGGCTCCTTTAGC
 1.3      22 ..      33   CCCTGATAGTAGTGG                AAA TCCTTT TTT                 CTGGCTCCTTTAGCC
  -1      21 ..      34   GCCCTGATAGTAGTG               GAAA TCCTTT TTTC                TGGCTCCTTTAGCCA
 0.3      20 ..      35   AGCCCTGATAGTAGT              GGAAA TCCTTT TTTCT               GGCTCCTTTAGCCAG
 1.6      19 ..      36   TAGCCCTGATAGTAG             TGGAAA TCCTTT TTTCTG              GCTCCTTTAGCCAGG
 1.4      26 ..      37   GATAGTAGTGGAAAT                CC TTTTTTCT GG                 CTCCTTTAGCCAGGA
 4.9      25 ..      38   TGATAGTAGTGGAAA               TCC TTTTTTCT GGC                TCCTTTAGCCAGGAA
   4      24 ..      39   CTGATAGTAGTGGAA              ATCC TTTTTTCT GGCT               CCTTTAGCCAGGAAA
 7.5      23 ..      40   CCTGATAGTAGTGGA             AATCC TTTTTTCT GGCTC              CTTTAGCCAGGAAAA
 5.6      15 ..      41   xTTCTAGCCCTGATA        GTAG-TGGAAA TCCTTT TTTCTGGCTCC         TTTAGCCAGGAAAAA
 4.7      14 ..      42   xxTTCTAGCCCTGAT       AGTAG-TGGAAA TCCTTT TTTCTGGCTCCT        TTAGCCAGGAAAAAG
 8.2      13 ..      43   xxxTTCTAGCCCTGA      TAGTAG-TGGAAA TCCTTT TTTCTGGCTCCTT       TAGCCAGGAAAAAGA
   7      34 ..      44   TGGAAATCCTTTTTT                 CTGG CTC CTTT                 AGCCAGGAAAAAGAT
 4.7      35 ..      45   GGAAATCCTTTTTTC                 TGG CTCCT TTA                 GCCAGGAAAAAGATT
 2.4      34 ..      46   TGGAAATCCTTTTTT                CTGG CTCCT TTAG                CCAGGAAAAAGATTG
-2.5      37 ..      47   AAATCCTTTTTTCTG                 GCT CCTTT AGC                 CAGGAAAAAGATTGC
-4.8      36 ..      48   GAAATCCTTTTTTCT                GGCT CCTTT AGCC                AGGAAAAAGATTGCA
-5.7      35 ..      49   GGAAATCCTTTTTTC               TGGCT CCTTT AGCCA               GGAAAAAGATTGCAA
  -8      34 ..      50   TGGAAATCCTTTTTT              CTGGCT CCTTT AGCCAG              GAAAAAGATTGCAAC
-6.7      33 ..      51   GTGGAAATCCTTTTT             TCTGGCT CCTTT AGCCAGG             AAAAAGATTGCAACG
-7.6      32 ..      52   AGTGGAAATCCTTTT            TTCTGGCT CCTTT AGCCAGGA            AAAAGATTGCAACGG
-8.5      31 ..      53   TAGTGGAAATCCTTT           TTTCTGGCT CCTTT AGCCAGGAA           AAAGATTGCAACGGA
-9.4      30 ..      54   GTAGTGGAAATCCTT          TTTTCTGGCT CCTTT AGCCAGGAAA          AAGATTGCAACGGAT
-10.3      29 ..      55   AGTAGTGGAAATCCT         TTTTTCTGGCT CCTTT AGCCAGGAAAA         AGATTGCAACGGATA
-11.2      28 ..      56   TAGTAGTGGAAATCC        TTTTTTCTGGCT CCTTT AGCCAGGAAAAA        GATTGCAACGGATAG
-13.5      27 ..      57   ATAGTAGTGGAAATC       CTTTTTTCTGGCT CCTTT AGCCAGGAAAAAG       ATTGCAACGGATAGC
 -10      26 ..      58   GATAGTAGTGGAAAT      CCTTTTTTCTGGCT CCTTT AGCCAGGAAAAAGA      TTGCAACGGATAGCA
-9.3      24 ..      59   CTGATAGTAGTGGAA    ATCCTTTTTTCTGGCT CCTTT AGCCAGGAAAAAG-AT    TGCAACGGATAGCAG
-10.2      23 ..      60   CCTGATAGTAGTGGA   AATCCTTTTTTCTGGCT CCTTT AGCCAGGAAAAAG-ATT   GCAACGGATAGCAGG
-6.7      22 ..      61   CCCTGATAGTAGTGG  AAATCCTTTTTTCTGGCT CCTTT AGCCAGGAAAAAG-ATTG  CAACGGATAGCAGGA
  -9      21 ..      62   GCCCTGATAGTAGTG GAAATCCTTTTTTCTGGCT CCTTT AGCCAGGAAAAAG-ATTGC AACGGATAGCAGGAA
-5.5      20 ..      63   AGCCCTGATAGTAGT GGAAATCCTTTTTTCTGGCT CCTTT AGCCAGGAAAAAG-ATTGCA ACGGATAGCAGGAAA
-6.4      19 ..      64   TAGCCCTGATAGTAG TGGAAATCCTTTTTTCTGGCT CCTTT AGCCAGGAAAAAG-ATTGCAA CGGATAGCAGGAAAT
-8.7      18 ..      65   CTAGCCCTGATAGTA GTGGAAATCCTTTTTTCTGGCT CCTTT AGCCAGGAAAAAG-ATTGCAAC GGATAGCAGGAAATA
-5.2      17 ..      66   TCTAGCCCTGATAGT AGTGGAAATCCTTTTTTCTGGCT CCTTT AGCCAGGAAAAAG-ATTGCAACG GATAGCAGGAAATAG
-3.9      16 ..      67   TTCTAGCCCTGATAG TAGTGGAAATCCTTTTTTCTGGCT CCTTT AGCCAGGAAAAAG-ATTGCAACGG ATAGCAGGAAATAGC
-0.4      15 ..      68   xTTCTAGCCCTGATA GTAGTGGAAATCCTTTTTTCTGGCT CCTTT AGCCAGGAAAAAG-ATTGCAACGGA TAGCAGGAAATAGCx
-1.3      14 ..      69   xxTTCTAGCCCTGAT AGTAGTGGAAATCCTTTTTTCTGGCT CCTTT AGCCAGGAAAAAG-ATTGCAACGGAT AGCAGGAAATAGCxx
-2.2      13 ..      70   xxxTTCTAGCCCTGA TAGTAGTGGAAATCCTTTTTTCTGGCT CCTTT AGCCAGGAAAAAG-ATTGCAACGGATA GCAGGAAATAGCxxx
 3.8      13 ..      71   xxxTTCTAGCCCTGA -TAGTAGTGGAAATCCTTTTTTCTGGCT CCTTT AGCCAGGAAAAAG-ATTGCAACGGATAG CAGGAAATAGCxxxx
-4.768e-08      61 ..      72   GCCAGGAAAAAGATT                GCAA CGGA TAGC                 AGGAAATAGCxxxxx
-0.9      60 ..      73   AGCCAGGAAAAAGAT               TGCAA CGGA TAGCA                GGAAATAGCxxxxxx
 0.4      59 ..      74   TAGCCAGGAAAAAGA              TTGCAA CGGA TAGCAG               GAAATAGCxxxxxxx
 3.9      58 ..      75   TTAGCCAGGAAAAAG             ATTGCAA CGGA TAGCAGG              AAATAGCxxxxxxxx
 7.4      57 ..      76   TTTAGCCAGGAAAAA            GATTGCAA CGGA TAGCAGGA             AATAGCxxxxxxxxx
 7.1      59 ..      77   TAGCCAGGAAAAAGA             TTGCAAC GGATA GCAGGAA             ATAGCxxxxxxxxxx
 7.6      68 ..      78   AAAAGATTGCAACGG                 AT AGCAGGA AA                 TAGCxxxxxxxxxxx
 4.2      68 ..      79   AAAAGATTGCAACGG                AT AGCAGGAA AT                 AGCxxxxxxxxxxxx
 4.2      69 ..      80   AAAGATTGCAACGGA                TA GCAGGAAA TA                 GCxxxxxxxxxxxxx
 7.7      68 ..      81   AAAAGATTGCAACGG               ATA GCAGGAAA TAG                Cxxxxxxxxxxxxxx
