>BABB01008120.1:c763-624 Human gut metagenome DNA, contig sequence: In-A_008120, whole genome shotgun sequence FORWARD
 6.1       1 ..      11   xxxxxxxxxxxxxxx                TTGC CGGT GTA-                 AGTCCGGTCACGGTA
-0.8       1 ..      12   xxxxxxxxxxxxxxx                TTGC CGGT GTAA                 GTCCGGTCACGGTAA
 5.2       1 ..      13   xxxxxxxxxxxxxxx               -TTGC CGGT GTAAG                TCCGGTCACGGTAAT
   5       3 ..      14   xxxxxxxxxxxxxTT                GC CGGTGTAA GT                 CCGGTCACGGTAATC
 3.9       3 ..      15   xxxxxxxxxxxxxTT                GCC GGTGTAA GTC                CGGTCACGGTAATCG
 0.4       6 ..      16   xxxxxxxxxxTTGCC                 GG TGTAAGT CC                 GGTCACGGTAATCGC
-1.9       5 ..      17   xxxxxxxxxxxTTGC                CGG TGTAAGT CCG                GTCACGGTAATCGCC
-4.2       4 ..      18   xxxxxxxxxxxxTTG               CCGG TGTAAGT CCGG               TCACGGTAATCGCCA
-2.9       3 ..      19   xxxxxxxxxxxxxTT              GCCGG TGTAAGT CCGGT              CACGGTAATCGCCAG
-0.5       3 ..      20   xxxxxxxxxxxxxTT             G-CCGG TGTAAGT CCGGTC             ACGGTAATCGCCAGT
-1.4       2 ..      21   xxxxxxxxxxxxxxT            TG-CCGG TGTAAGT CCGGTCA            CGGTAATCGCCAGTG
 2.1       1 ..      22   xxxxxxxxxxxxxxx           TTG-CCGG TGTAAGT CCGGTCAC           GGTAATCGCCAGTGA
 4.3      12 ..      23   xxxxTTGCCGGTGTA                AGT CCGGTC ACG                 GTAATCGCCAGTGAG
 1.1      14 ..      24   xxTTGCCGGTGTAAG                TCCG GTCA CGG-                 TAATCGCCAGTGAGC
-1.4      14 ..      25   xxTTGCCGGTGTAAG                TCCG GTCA CGGT                 AATCGCCAGTGAGCC
 0.2      14 ..      26   xxTTGCCGGTGTAAG               T-CCG GTCA CGGTA                ATCGCCAGTGAGCCG
 3.4       1 ..      27   xxxxxxxxxxxxxxx        TTGCCGGTG TAAGTCCGGT CA-CGGTAA         TCGCCAGTGAGCCGT
 2.8      12 ..      28   xxxxTTGCCGGTGTA             AGT-CCG GTCA CGGTAAT              CGCCAGTGAGCCGTG
 1.7      17 ..      29   TGCCGGTGTAAGTCC                GGTCA CGG TAATC                GCCAGTGAGCCGTGT
-0.6      16 ..      30   TTGCCGGTGTAAGTC               CGGTCA CGG TAATCG               CCAGTGAGCCGTGTA
 1.2      21 ..      31   GGTGTAAGTCCGGTC                 ACGG TAA TCGC                 CAGTGAGCCGTGTAG
 3.3      17 ..      32   TGCCGGTGTAAGTCC              GGTCA CGGTAA TCGCC               AGTGAGCCGTGTAGT
 2.2      22 ..      33   GTGTAAGTCCGGTCA                CGGT AATC GCCA                 GTGAGCCGTGTAGTT
 2.4      22 ..      34   GTGTAAGTCCGGTCA               C-GGT AATC GCCAG                TGAGCCGTGTAGTTA
 1.5      21 ..      35   GGTGTAAGTCCGGTC              AC-GGT AATC GCCAGT               GAGCCGTGTAGTTAA
-0.8      20 ..      36   CGGTGTAAGTCCGGT             CAC-GGT AATC GCCAGTG              AGCCGTGTAGTTAAA
-1.7      19 ..      37   CCGGTGTAAGTCCGG            TCAC-GGT AATC GCCAGTGA             GCCGTGTAGTTAAAC
 1.8      18 ..      38   GCCGGTGTAAGTCCG           GTCAC-GGT AATC GCCAGTGAG            CCGTGTAGTTAAACT
-0.5      17 ..      39   TGCCGGTGTAAGTCC          GGTCAC-GGT AATC GCCAGTGAGC           CGTGTAGTTAAACTC
-0.3      17 ..      40   TGCCGGTGTAAGTCC         GG-TCAC-GGT AATC GCCAGTGAGCC          GTGTAGTTAAACTCG
-2.6      16 ..      41   TTGCCGGTGTAAGTC        CGG-TCAC-GGT AATC GCCAGTGAGCCG         TGTAGTTAAACTCGG
 0.9      15 ..      42   xTTGCCGGTGTAAGT       CCGG-TCAC-GGT AATC GCCAGTGAGCCGT        GTAGTTAAACTCGGT
 1.1      15 ..      43   xTTGCCGGTGTAAGT      C-CGG-TCAC-GGT AATC GCCAGTGAGCCGTG       TAGTTAAACTCGGTG
 3.5      13 ..      44   xxxTTGCCGGTGTAA     GTCCGG-TCAC-GGT AATC GCCAGTGAGCCGTGT      AGTTAAACTCGGTGC
 4.8      25 ..      45   TAAGTCCGGTCACGG            TAATCGCC AGTGA GCCGTGTA            GTTAAACTCGGTGCG
   7      36 ..      46   ACGGTAATCGCCAGT                 GAGC CGT GTAG                 TTAAACTCGGTGCGT
 6.1      37 ..      47   CGGTAATCGCCAGTG                 A GCCGTGTAG T                 TAAACTCGGTGCGTT
 2.1      37 ..      48   CGGTAATCGCCAGTG                AGC CGTGTA GTT                 AAACTCGGTGCGTTG
 5.6      36 ..      49   ACGGTAATCGCCAGT               GAGC CGTGTA GTTA                AACTCGGTGCGTTGT
 4.7      35 ..      50   CACGGTAATCGCCAG              TGAGC CGTGTA GTTAA               ACTCGGTGCGTTGTA
 7.6      41 ..      51   AATCGCCAGTGAGCC                 GT GTAGTTA AA                 CTCGGTGCGTTGTAG
 1.4      41 ..      52   AATCGCCAGTGAGCC                GTGT AGTT AAAC                 TCGGTGCGTTGTAGT
 4.3      42 ..      53   ATCGCCAGTGAGCCG                TGT AGTTAA ACT                 CGGTGCGTTGTAGTA
 0.4      44 ..      54   CGCCAGTGAGCCGTG                 TAGT TAA ACTC                 GGTGCGTTGTAGTAA
-0.3      40 ..      55   TAATCGCCAGTGAGC              CGTGT AGTTAA ACTCG               GTGCGTTGTAGTAAT
-2.6      39 ..      56   GTAATCGCCAGTGAG             CCGTGT AGTTAA ACTCGG              TGCGTTGTAGTAATA
-1.3      38 ..      57   GGTAATCGCCAGTGA            GCCGTGT AGTTAA ACTCGGT             GCGTTGTAGTAATAC
 2.2      37 ..      58   CGGTAATCGCCAGTG           AGCCGTGT AGTTAA ACTCGGTG            CGTTGTAGTAATACA
-0.1      36 ..      59   ACGGTAATCGCCAGT          GAGCCGTGT AGTTAA ACTCGGTGC           GTTGTAGTAATACAG
 1.2      35 ..      60   CACGGTAATCGCCAG         TGAGCCGTGT AGTTAA ACTCGGTGCG          TTGTAGTAATACAGG
  -1      51 ..      61   GAGCCGTGTAGTTAA                 ACTC GGT GCGT                 TGTAGTAATACAGGG
-1.9      50 ..      62   TGAGCCGTGTAGTTA                AACTC GGT GCGTT                GTAGTAATACAGGGT
-0.7      32 ..      63   GGTCACGGTAATCGC      CAGTGAGCCGTGT AGTTAA ACTCGGTGCGTTG       TAGTAATACAGGGTG
 2.7      51 ..      64   GAGCCGTGTAGTTAA               AC-TCG GTG CGTTGT               AGTAATACAGGGTGC
 2.3      48 ..      65   AGTGAGCCGTGTAGT             TA-AACTC GGT GCGTTGTA             GTAATACAGGGTGCT
 2.6      56 ..      66   GTGTAGTTAAACTCG                 GTGC GTT GTAG                 TAATACAGGGTGCTA
 3.9      55 ..      67   CGTGTAGTTAAACTC                GGTGC GTT GTAGT                AATACAGGGTGCTAA
 2.1      57 ..      68   TGTAGTTAAACTCGG                TGC GTTGTA GTA                 ATACAGGGTGCTAAG
 5.6      56 ..      69   GTGTAGTTAAACTCG               GTGC GTTGTA GTAA                TACAGGGTGCTAAGC
 1.8      60 ..      70   AGTTAAACTCGGTGC                 GTTG TAG TAAT                 ACAGGGTGCTAAGCG
 5.3      59 ..      71   TAGTTAAACTCGGTG                CGTTG TAG TAATA                CAGGGTGCTAAGCGA
   3      58 ..      72   GTAGTTAAACTCGGT               GCGTTG TAG TAATAC               AGGGTGCTAAGCGAG
  -3      62 ..      73   TTAAACTCGGTGCGT                TGTA GTAA TACA                 GGGTGCTAAGCGAGT
-1.7      61 ..      74   GTTAAACTCGGTGCG               TTGTA GTAA TACAG                GGTGCTAAGCGAGTG
 1.8      60 ..      75   AGTTAAACTCGGTGC              GTTGTA GTAA TACAGG               GTGCTAAGCGAGTGG
-0.5      59 ..      76   TAGTTAAACTCGGTG             CGTTGTA GTAA TACAGGG              TGCTAAGCGAGTGGA
 0.8      58 ..      77   GTAGTTAAACTCGGT            GCGTTGTA GTAA TACAGGGT             GCTAAGCGAGTGGAT
 2.1      57 ..      78   TGTAGTTAAACTCGG           TGCGTTGTA GTAA TACAGGGTG            CTAAGCGAGTGGATA
-0.2      56 ..      79   GTGTAGTTAAACTCG          GTGCGTTGTA GTAA TACAGGGTGC           TAAGCGAGTGGATAA
 1.1      55 ..      80   CGTGTAGTTAAACTC         GGTGCGTTGTA GTAA TACAGGGTGCT          AAGCGAGTGGATAAA
 0.8      67 ..      81   CTCGGTGCGTTGTAG               TAATAC AGG GTGCTA               AGCGAGTGGATAAAG
 3.7      53 ..      82   GCCGTGTAGTTAAAC       TCGGTGCGTTGTA GTAA TACAGGGTGCTAA        GCGAGTGGATAAAGT
 1.4      52 ..      83   AGCCGTGTAGTTAAA      CTCGGTGCGTTGTA GTAA TACAGGGTGCTAAG       CGAGTGGATAAAGTA
 4.7      74 ..      84   CGTTGTAGTAATACA                 G GGTGCTAAG C                 GAGTGGATAAAGTAA
 4.1      59 ..      85   TAGTTAAACTCGGTG        CGTTGTAGTA ATACAGGG TGCTA-AGCG         AGTGGATAAAGTAAC
 1.2      76 ..      86   TTGTAGTAATACAGG                 GTGC TAA GCGA                 GTGGATAAAGTAACC
 4.7      75 ..      87   GTTGTAGTAATACAG                GGTGC TAA GCGAG                TGGATAAAGTAACCT
 1.1      78 ..      88   GTAGTAATACAGGGT                 GCT AAGCG AGT                 GGATAAAGTAACCTT
 2.4      77 ..      89   TGTAGTAATACAGGG                TGCT AAGCG AGTG                GATAAAGTAACCTTG
 2.1      79 ..      90   TAGTAATACAGGGTG                CTA AGCGAG TGG                 ATAAAGTAACCTTGA
 5.6      78 ..      91   GTAGTAATACAGGGT               GCTA AGCGAG TGGA                TAAAGTAACCTTGAA
 3.3      82 ..      92   TAATACAGGGTGCTA                 AGC GAGTG GAT                 AAAGTAACCTTGAAA
 4.9      80 ..      93   AGTAATACAGGGTGC               TAAGC GAGT GGATA                AAGTAACCTTGAAAA
 5.9      80 ..      94   AGTAATACAGGGTGC               TAAGC GAGTG GATAA               AGTAACCTTGAAAAA
None      85 ..      95   TACAGGGTGCTAAGC                  GAGTGGATAAA                  GTAACCTTGAAAAAG
 6.7      84 ..      96   ATACAGGGTGCTAAG                C GAGTGGATAAA G                TAACCTTGAAAAAGG
 5.7      86 ..      97   ACAGGGTGCTAAGCG                AGT GGATAA AGT                 AACCTTGAAAAAGGT
 5.4      88 ..      98   AGGGTGCTAAGCGAG                 TG GATAAAG TA                 ACCTTGAAAAAGGTG
 7.1      88 ..      99   AGGGTGCTAAGCGAG                T GGATAAAGTA A                 CCTTGAAAAAGGTGC
 0.4      90 ..     100   GGTGCTAAGCGAGTG                 GATA AAG TAAC                 CTTGAAAAAGGTGCG
-1.9      89 ..     101   GGGTGCTAAGCGAGT                GGATA AAG TAACC                TTGAAAAAGGTGCGA
 1.6      88 ..     102   AGGGTGCTAAGCGAG               TGGATA AAG TAACCT               TGAAAAAGGTGCGAG
 0.4      93 ..     103   GCTAAGCGAGTGGAT                 AAAG TAA CCTT                 GAAAAAGGTGCGAGC
 1.4      93 ..     104   GCTAAGCGAGTGGAT                AAAG TAAC CTTG                 AAAAAGGTGCGAGCA
 0.5      92 ..     105   TGCTAAGCGAGTGGA               TAAAG TAAC CTTGA                AAAAGGTGCGAGCAA
   4      91 ..     106   GTGCTAAGCGAGTGG              ATAAAG TAAC CTTGAA               AAAGGTGCGAGCAAT
 4.8      97 ..     107   AGCGAGTGGATAAAG                 TAAC CTT GAAA                 AAGGTGCGAGCAATC
 7.1      97 ..     108   AGCGAGTGGATAAAG                T AACCTTGAAA A                 AGGTGCGAGCAATCA
 8.1      97 ..     109   AGCGAGTGGATAAAG                T AACCTTGAAAA A                GGTGCGAGCAATCAT
 0.4     100 ..     110   GAGTGGATAAAGTAA                 CCTT GAA AAAG                 GTGCGAGCAATCATG
-4.4     100 ..     111   GAGTGGATAAAGTAA                CCTT GAAA AAGG                 TGCGAGCAATCATGC
-5.3      99 ..     112   CGAGTGGATAAAGTA               ACCTT GAAA AAGGT                GCGAGCAATCATGCA
-1.8      98 ..     113   GCGAGTGGATAAAGT              AACCTT GAAA AAGGTG               CGAGCAATCATGCAG
-0.3      96 ..     114   AAGCGAGTGGATAAA            GTAACCTT GAAA AAGGT-GC             GAGCAATCATGCAGA
 3.2      95 ..     115   TAAGCGAGTGGATAA           AGTAACCTT GAAA AAGGT-GCG            AGCAATCATGCAGAC
 3.7     102 ..     116   GTGGATAAAGTAACC               TTGAA AAAGG TGCGA               GCAATCATGCAGACC
 1.4     101 ..     117   AGTGGATAAAGTAAC              CTTGAA AAAGG TGCGAG              CAATCATGCAGACCG
 4.9     100 ..     118   GAGTGGATAAAGTAA             CCTTGAA AAAGG TGCGAGC             AATCATGCAGACCGT
 4.8     109 ..     119   AAGTAACCTTGAAAA                 AGGT GCG AGCA                 ATCATGCAGACCGTA
 6.9     102 ..     120   GTGGATAAAGTAACC             TTG AAAAAGGTGCGAG CAA             TCATGCAGACCGTAA
 3.6     110 ..     121   AGTAACCTTGAAAAA                GGTG CGAG CAAT                 CATGCAGACCGTAAC
 3.1     110 ..     122   AGTAACCTTGAAAAA                GGT GCGAGCA ATC                ATGCAGACCGTAACA
 2.8     112 ..     123   TAACCTTGAAAAAGG                TG CGAGCAAT CA                 TGCAGACCGTAACAT
 3.6     113 ..     124   AACCTTGAAAAAGGT                GCGA GCAA TCAT                 GCAGACCGTAACATA
 2.2     114 ..     125   ACCTTGAAAAAGGTG                CGAG CAAT CATG                 CAGACCGTAACATAA
-0.1     113 ..     126   AACCTTGAAAAAGGT               GCGAG CAAT CATGC                AGACCGTAACATAAx
  -1     112 ..     127   TAACCTTGAAAAAGG              TGCGAG CAAT CATGCA               GACCGTAACATAAxx
 2.5     111 ..     128   GTAACCTTGAAAAAG             GTGCGAG CAAT CATGCAG              ACCGTAACATAAxxx
   6     110 ..     129   AGTAACCTTGAAAAA            GGTGCGAG CAAT CATGCAGA             CCGTAACATAAxxxx
 3.3     120 ..     130   AAAAAGGTGCGAGCA                 ATC ATGCA GAC                 CGTAACATAAxxxxx
 4.2     110 ..     131   AGTAACCTTGAAAAA          GGTGCGAGCA ATCA TGCA-G-ACC           GTAACATAAxxxxxx
 4.5     118 ..     132   TGAAAAAGGTGCGAG               CAATC ATGCA GACCG               TAACATAAxxxxxxx
 1.1     123 ..     133   AAGGTGCGAGCAATC                 ATG CAGAC CGT                 AACATAAxxxxxxxx
 1.1     124 ..     134   AGGTGCGAGCAATCA                 TGC AGACC GTA                 ACATAAxxxxxxxxx
 3.7     121 ..     135   AAAAGGTGCGAGCAA               TCATG CAGAC CGTAA               CATAAxxxxxxxxxx
 5.7     125 ..     136   GGTGCGAGCAATCAT                G CAGACCGTAA C                 ATAAxxxxxxxxxxx
 4.8     124 ..     137   AGGTGCGAGCAATCA               TG CAGACCGTAA CA                TAAxxxxxxxxxxxx
 3.9     123 ..     138   AAGGTGCGAGCAATC              ATG CAGACCGTAA CAT               AAxxxxxxxxxxxxx
 7.4     122 ..     139   AAAGGTGCGAGCAAT             CATG CAGACCGTAA CATA              Axxxxxxxxxxxxxx
