>AP006618.1:133448-133513 Nocardia farcinica IFM 10152 DNA, complete genome FORWARD
 6.9       1 ..      11   xxxxxxxxxxxxxxx                GACG AGCC CGG-                 TGCGCGGGCTCCCGG
 1.8       2 ..      12   xxxxxxxxxxxxxxG                 AC GAGCCCG GT                 GCGCGGGCTCCCGGA
   4       3 ..      13   xxxxxxxxxxxxxGA                 CG AGCCCGG TG                 CGCGGGCTCCCGGAC
 1.2       4 ..      14   xxxxxxxxxxxxGAC                 GAGC CCG GTGC                 GCGGGCTCCCGGACG
-1.1       3 ..      15   xxxxxxxxxxxxxGA                CGAGC CCG GTGCG                CGGGCTCCCGGACGA
-2.4       6 ..      16   xxxxxxxxxxGACGA                 GCCC GGT GCGC                 GGGCTCCCGGACGAG
-2.7       3 ..      17   xxxxxxxxxxxxxGA               CGAGC CCGGT GCGCG               GGCTCCCGGACGAGG
-3.9       8 ..      18   xxxxxxxxGACGAGC                 CCG GTGCG CGG                 GCTCCCGGACGAGGG
-6.2       7 ..      19   xxxxxxxxxGACGAG                CCCG GTGCG CGGG                CTCCCGGACGAGGGG
-8.5       6 ..      20   xxxxxxxxxxGACGA               GCCCG GTGCG CGGGC               TCCCGGACGAGGGGT
-9.4       5 ..      21   xxxxxxxxxxxGACG              AGCCCG GTGCG CGGGCT              CCCGGACGAGGGGTG
-11.7       4 ..      22   xxxxxxxxxxxxGAC             GAGCCCG GTGCG CGGGCTC             CCGGACGAGGGGTGC
-8.2       3 ..      23   xxxxxxxxxxxxxGA            CGAGCCCG GTGCG CGGGCTCC            CGGACGAGGGGTGCC
-4.7       2 ..      24   xxxxxxxxxxxxxxG           ACGAGCCCG GTGCG CGGGCTCCC           GGACGAGGGGTGCCG
-2.5       8 ..      25   xxxxxxxxGACGAGC             CCGGTGC GCGG GCTCCCG              GACGAGGGGTGCCGT
-4.8       7 ..      26   xxxxxxxxxGACGAG            CCCGGTGC GCGG GCTCCCGG             ACGAGGGGTGCCGTA
-1.3       6 ..      27   xxxxxxxxxxGACGA           GCCCGGTGC GCGG GCTCCCGGA            CGAGGGGTGCCGTAC
-1.9      11 ..      28   xxxxxGACGAGCCCG             GTGCGCGG GCT CC-CGGAC             GAGGGGTGCCGTACC
  -1      14 ..      29   xxGACGAGCCCGGTG              CG-CGGG CTC CCGGACG              AGGGGTGCCGTACCC
 2.5      13 ..      30   xxxGACGAGCCCGGT             GCG-CGGG CTC CCGGACGA             GGGGTGCCGTACCCG
-1.5      20 ..      31   AGCCCGGTGCGCGGG                CTC CCGGAC GAG                 GGGTGCCGTACCCGG
 0.4      22 ..      32   CCCGGTGCGCGGGCT                 CC CGGACGA GG                 GGTGCCGTACCCGGA
-2.9      22 ..      33   CCCGGTGCGCGGGCT                CCC GGACGA GGG                 GTGCCGTACCCGGAG
-1.9      22 ..      34   CCCGGTGCGCGGGCT                CCC GGACGAG GGG                TGCCGTACCCGGAGT
 0.7      19 ..      35   GAGCCCGGTGCGCGG              GCTCC CGGACGA GGGGT              GCCGTACCCGGAGTG
-0.7      20 ..      36   AGCCCGGTGCGCGGG              CTCCC GGACGAG GGGTG              CCGTACCCGGAGTGC
  -3      19 ..      37   GAGCCCGGTGCGCGG             GCTCCC GGACGAG GGGTGC             CGTACCCGGAGTGCG
-5.3      18 ..      38   CGAGCCCGGTGCGCG            GGCTCCC GGACGAG GGGTGCC            GTACCCGGAGTGCGA
-1.8      17 ..      39   ACGAGCCCGGTGCGC           GGGCTCCC GGACGAG GGGTGCCG           TACCCGGAGTGCGAC
  -1      30 ..      40   GCGGGCTCCCGGACG                 AGGG GTG CCGT                 ACCCGGAGTGCGACA
 2.5      29 ..      41   CGCGGGCTCCCGGAC                GAGGG GTG CCGTA                CCCGGAGTGCGACAA
 0.9      13 ..      42   xxxGACGAGCCCGGT       GCGCGGGCTCCC GGACGAG GGGTGCC-GTAC       CCGGAGTGCGACAAG
-3.2      33 ..      43   GGCTCCCGGACGAGG                 GGTG CCG TACC                 CGGAGTGCGACAAGA
-5.5      32 ..      44   GGGCTCCCGGACGAG                GGGTG CCG TACCC                GGAGTGCGACAAGAC
  -2      31 ..      45   CGGGCTCCCGGACGA               GGGGTG CCG TACCCG               GAGTGCGACAAGACG
-2.3       8 ..      46   xxxxxxxxGACGAGC  CCGGTGCGCGGGCTCCC GGACGAG GGGTGCC-GTAC-CCGG  AGTGCGACAAGACGG
-1.4      36 ..      47   TCCCGGACGAGGGGT                GCCG TACC CGGA                 GTGCGACAAGACGGC
-2.4      20 ..      48   AGCCCGGTGCGCGGG       CTCCCGG-ACG AGGGGTGC CGTACCCGGAG        TGCGACAAGACGGCC
-1.1      19 ..      49   GAGCCCGGTGCGCGG      GCTCCCGG-ACG AGGGGTGC CGTACCCGGAGT       GCGACAAGACGGCCC
 1.1      40 ..      50   GGACGAGGGGTGCCG                 TAC CCGGA GTG                 CGACAAGACGGCCCG
-1.2      39 ..      51   CGGACGAGGGGTGCC                GTAC CCGGA GTGC                GACAAGACGGCCCGA
-3.5      38 ..      52   CCGGACGAGGGGTGC               CGTAC CCGGA GTGCG               ACAAGACGGCCCGAx
   0      37 ..      53   CCCGGACGAGGGGTG              CCGTAC CCGGA GTGCGA              CAAGACGGCCCGAxx
-2.3      36 ..      54   TCCCGGACGAGGGGT             GCCGTAC CCGGA GTGCGAC             AAGACGGCCCGAxxx
-3.2      35 ..      55   CTCCCGGACGAGGGG            TGCCGTAC CCGGA GTGCGACA            AGACGGCCCGAxxxx
 0.3      34 ..      56   GCTCCCGGACGAGGG           GTGCCGTAC CCGGA GTGCGACAA           GACGGCCCGAxxxxx
 3.8      33 ..      57   GGCTCCCGGACGAGG          GGTGCCGTAC CCGGA GTGCGACAAG          ACGGCCCGAxxxxxx
 7.3      32 ..      58   GGGCTCCCGGACGAG         GGGTGCCGTAC CCGGA GTGCGACAAGA         CGGCCCGAxxxxxxx
 2.8      48 ..      59   GGTGCCGTACCCGGA                GT GCGACAAG AC                 GGCCCGAxxxxxxxx
 3.7      44 ..      60   GAGGGGTGCCGTACC              CGGAGTG CGA CAAGACG              GCCCGAxxxxxxxxx
 1.4      43 ..      61   CGAGGGGTGCCGTAC             CCGGAGTG CGA CAAGACGG             CCCGAxxxxxxxxxx
 1.9      52 ..      62   CCGTACCCGGAGTGC                 GAC AAGAC GGC                 CCGAxxxxxxxxxxx
 2.9      52 ..      63   CCGTACCCGGAGTGC                GAC AAGACG GCC                 CGAxxxxxxxxxxxx
 3.1      50 ..      64   TGCCGTACCCGGAGT               GCGAC AAGAC GGCCC               GAxxxxxxxxxxxxx
 3.5      44 ..      65   GAGGGGTGCCGTACC          CGGAGTGCG ACAAGA CG-GC-CCG           Axxxxxxxxxxxxxx
