>BAAY01013587.1:c1155-1074 Human gut metagenome DNA, contig sequence: F2-W_013587, whole genome shotgun sequence FORWARD
 0.4       1 ..      11   xxxxxxxxxxxxxxx                 CTTT GGT AATG                 ACCGCAAGCGGTCAT
 5.4       2 ..      12   xxxxxxxxxxxxxxC                 TT TGGTAAT GA                 CCGCAAGCGGTCATT
 7.2       2 ..      13   xxxxxxxxxxxxxxC                TTTG GTAA TGAC                 CGCAAGCGGTCATTA
 2.5       4 ..      14   xxxxxxxxxxxxCTT                TGGT AATG ACC-                 GCAAGCGGTCATTAC
-2.2       4 ..      15   xxxxxxxxxxxxCTT                TGGT AATG ACCG                 CAAGCGGTCATTACA
 1.3       3 ..      16   xxxxxxxxxxxxxCT               TTGGT AATG ACCGC                AAGCGGTCATTACAG
 0.4       2 ..      17   xxxxxxxxxxxxxxC              TTTGGT AATG ACCGCA               AGCGGTCATTACAGT
   2       2 ..      18   xxxxxxxxxxxxxxC             TT-TGGT AATG ACCGCAA              GCGGTCATTACAGTG
-0.3       1 ..      19   xxxxxxxxxxxxxxx            CTT-TGGT AATG ACCGCAAG             CGGTCATTACAGTGA
 5.7       1 ..      20   xxxxxxxxxxxxxxx           -CTT-TGGT AATG ACCGCAAGC            GGTCATTACAGTGAA
   5      10 ..      21   xxxxxxCTTTGGTAA                TG ACCGCAAG CG                 GTCATTACAGTGAAA
 1.1      12 ..      22   xxxxCTTTGGTAATG                ACCG CAAG CGG-                 TCATTACAGTGAAAT
-5.8      12 ..      23   xxxxCTTTGGTAATG                ACCG CAAG CGGT                 CATTACAGTGAAATT
-8.1      11 ..      24   xxxxxCTTTGGTAAT               GACCG CAAG CGGTC                ATTACAGTGAAATTA
  -9      10 ..      25   xxxxxxCTTTGGTAA              TGACCG CAAG CGGTCA               TTACAGTGAAATTAG
-9.9       9 ..      26   xxxxxxxCTTTGGTA             ATGACCG CAAG CGGTCAT              TACAGTGAAATTAGC
-10.8       8 ..      27   xxxxxxxxCTTTGGT            AATGACCG CAAG CGGTCATT             ACAGTGAAATTAGCC
-11.7       7 ..      28   xxxxxxxxxCTTTGG           TAATGACCG CAAG CGGTCATTA            CAGTGAAATTAGCCG
 -14       6 ..      29   xxxxxxxxxxCTTTG          GTAATGACCG CAAG CGGTCATTAC           AGTGAAATTAGCCGT
-10.5       5 ..      30   xxxxxxxxxxxCTTT         GGTAATGACCG CAAG CGGTCATTACA          GTGAAATTAGCCGTT
-9.2       4 ..      31   xxxxxxxxxxxxCTT        TGGTAATGACCG CAAG CGGTCATTACAG         TGAAATTAGCCGTTG
-5.7       3 ..      32   xxxxxxxxxxxxxCT       TTGGTAATGACCG CAAG CGGTCATTACAGT        GAAATTAGCCGTTGG
-6.4       1 ..      33   xxxxxxxxxxxxxxx     CTTTGGTAATGACCG CAAG CGGTCATTAC-AGTG      AAATTAGCCGTTGGC
-2.8       2 ..      34   xxxxxxxxxxxxxxC     TT-TGGTAATGACCG CAAG CGGTCATTACAGTGA      AATTAGCCGTTGGCG
-1.2       2 ..      35   xxxxxxxxxxxxxxC    TTTG--GTAATGACCG CAAG CGGTCATTACAGTGAA     ATTAGCCGTTGGCGA
 0.4      26 ..      36   GACCGCAAGCGGTCA                 TTAC AGT GAAA                 TTAGCCGTTGGCGAG
-0.5      25 ..      37   TGACCGCAAGCGGTC                ATTAC AGT GAAAT                TAGCCGTTGGCGAGT
   3      24 ..      38   ATGACCGCAAGCGGT               CATTAC AGT GAAATT               AGCCGTTGGCGAGTG
 2.1      23 ..      39   AATGACCGCAAGCGG              TCATTAC AGT GAAATTA              GCCGTTGGCGAGTGA
 4.2      29 ..      40   CGCAAGCGGTCATTA                C-AGT GAA ATTAG                CCGTTGGCGAGTGAA
 2.6      31 ..      41   CAAGCGGTCATTACA                 GTGA AAT TAGC                 CGTTGGCGAGTGAAA
 3.5      21 ..      42   GTAATGACCGCAAGC           GG-TCATTAC AGT GAAATTAGCC           GTTGGCGAGTGAAAT
 1.2      20 ..      43   GGTAATGACCGCAAG          CGG-TCATTAC AGT GAAATTAGCCG          TTGGCGAGTGAAATC
 2.5      19 ..      44   TGGTAATGACCGCAA         GCGG-TCATTAC AGT GAAATTAGCCGT         TGGCGAGTGAAATCT
 1.6      18 ..      45   TTGGTAATGACCGCA        AGCGG-TCATTAC AGT GAAATTAGCCGTT        GGCGAGTGAAATCTG
 3.1      16 ..      46   CTTTGGTAATGACCG      CAAGCGG-TCATTAC AGT GAAATTAGCCG-TTG      GCGAGTGAAATCTGA
 2.8      16 ..      47   CTTTGGTAATGACCG      CAAGCGG-TCATTAC AGT GAAATTAGCCGTTGG      CGAGTGAAATCTGAC
 0.5      15 ..      48   xCTTTGGTAATGACC     GCAAGCGG-TCATTAC AGT GAAATTAGCCGTTGGC     GAGTGAAATCTGACT
-2.4      39 ..      49   CATTACAGTGAAATT                 AGCC GTT GGCG                 AGTGAAATCTGACTT
-3.3      38 ..      50   TCATTACAGTGAAAT                TAGCC GTT GGCGA                GTGAAATCTGACTTT
  -2      37 ..      51   GTCATTACAGTGAAA               TTAGCC GTT GGCGAG               TGAAATCTGACTTTG
-2.9      36 ..      52   GGTCATTACAGTGAA              ATTAGCC GTT GGCGAGT              GAAATCTGACTTTGT
 0.6      35 ..      53   CGGTCATTACAGTGA             AATTAGCC GTT GGCGAGTG             AAATCTGACTTTGTC
 3.6      10 ..      54   xxxxxxCTTTGGTAA TGAC-CGCAAGCGG-TCATTAC AGT GAAATTAGCCGTTGGCGAGTGA AATCTGACTTTGTCA
 4.1      37 ..      55   GTCATTACAGTGAAA            TTAGC-CG TTGG CGAGTGAA             ATCTGACTTTGTCAG
 5.2      44 ..      56   CAGTGAAATTAGCCG                TT GGCGAGTGA AA                TCTGACTTTGTCAGG
 6.5      43 ..      57   ACAGTGAAATTAGCC               GTT GGCGAGTGA AAT               CTGACTTTGTCAGGT
 5.7      47 ..      58   TGAAATTAGCCGTTG                G CGAGTGAAAT C                 TGACTTTGTCAGGTG
 4.3      48 ..      59   GAAATTAGCCGTTGG                CGA GTGAAA TCT                 GACTTTGTCAGGTGA
 3.9      48 ..      60   GAAATTAGCCGTTGG                CGAGT GAA ATCTG                ACTTTGTCAGGTGAA
 7.4      44 ..      61   CAGTGAAATTAGCCG             TTGG CGAGTGAAAT CTGA              CTTTGTCAGGTGAAA
 1.4      51 ..      62   ATTAGCCGTTGGCGA                GTGA AATC TGAC                 TTTGTCAGGTGAAAT
 0.5      50 ..      63   AATTAGCCGTTGGCG               AGTGA AATC TGACT                TTGTCAGGTGAAATT
 1.8      49 ..      64   AAATTAGCCGTTGGC              GAGTGA AATC TGACTT               TGTCAGGTGAAATTG
 1.3      54 ..      65   AGCCGTTGGCGAGTG                AAA TCTGAC TTT                 GTCAGGTGAAATTGC
 4.4      52 ..      66   TTAGCCGTTGGCGAG               TGAAAT CTG ACTTTG               TCAGGTGAAATTGCC
 5.7      51 ..      67   ATTAGCCGTTGGCGA              GTGAAAT CTG ACTTTGT              CAGGTGAAATTGCCC
 4.5      46 ..      68   GTGAAATTAGCCGTT          GGC-GAGTGA AATC TGACTTTGTC           AGGTGAAATTGCCCx
-5.4      59 ..      69   TTGGCGAGTGAAATC                 TGAC TTT GTCA                 GGTGAAATTGCCCxx
-7.7      58 ..      70   GTTGGCGAGTGAAAT                CTGAC TTT GTCAG                GTGAAATTGCCCxxx
-6.4      57 ..      71   CGTTGGCGAGTGAAA               TCTGAC TTT GTCAGG               TGAAATTGCCCxxxx
-7.3      56 ..      72   CCGTTGGCGAGTGAA              ATCTGAC TTT GTCAGGT              GAAATTGCCCxxxxx
-3.8      55 ..      73   GCCGTTGGCGAGTGA             AATCTGAC TTT GTCAGGTG             AAATTGCCCxxxxxx
-0.3      54 ..      74   AGCCGTTGGCGAGTG            AAATCTGAC TTT GTCAGGTGA            AATTGCCCxxxxxxx
 3.1      63 ..      75   CGAGTGAAATCTGAC                TTTGT CAG GTGAA                ATTGCCCxxxxxxxx
 1.4      65 ..      76   AGTGAAATCTGACTT                TGTC AGGT GAAA                 TTGCCCxxxxxxxxx
 3.5      56 ..      77   CCGTTGGCGAGTGAA           ATCTGACTT TGTC AGGTGAAAT            TGCCCxxxxxxxxxx
 2.6      55 ..      78   GCCGTTGGCGAGTGA          AATCTGACTT TGTC AGGTGAAATT           GCCCxxxxxxxxxxx
 2.1      68 ..      79   GAAATCTGACTTTGT                CAG GTGAAA TTG                 CCCxxxxxxxxxxxx
 3.8      53 ..      80   TAGCCGTTGGCGAGT        GAAATCTGACTT TGTC AGGTGAAATTGC         CCxxxxxxxxxxxxx
-4.768e-08      70 ..      81   AATCTGACTTTGTCA                GGTG AAAT TGCC                 Cxxxxxxxxxxxxxx
