>FP929049.1:3216698-3216766 Roseburia intestinalis M50/1 draft genome FORWARD
 5.4       1 ..      11   xxxxxxxxxxxxxxx                AGC CGAAAC GC-                 TCCACCCTGGAGCGT
-1.5       1 ..      12   xxxxxxxxxxxxxxx                AGC CGAAAC GCT                 CCACCCTGGAGCGTC
 3.6       2 ..      13   xxxxxxxxxxxxxxA                G-CCG AAA CGCTC                CACCCTGGAGCGTCA
 3.3       4 ..      14   xxxxxxxxxxxxAGC                 CGA AACGC TCC                 ACCCTGGAGCGTCAG
 5.8       4 ..      15   xxxxxxxxxxxxAGC                CGAA ACGC TCCA                 CCCTGGAGCGTCAGC
 4.5       2 ..      16   xxxxxxxxxxxxxxA               GCCGA AACGC TCCAC               CCTGGAGCGTCAGCC
 6.7       5 ..      17   xxxxxxxxxxxAGCC                G AAACGCTCCAC C                CTGGAGCGTCAGCCG
 7.7       5 ..      18   xxxxxxxxxxxAGCC               G AAACGCTCCACC C                TGGAGCGTCAGCCGC
 4.3       8 ..      19   xxxxxxxxAGCCGAA                ACG CTCCAC CCT                 GGAGCGTCAGCCGCG
   5       9 ..      20   xxxxxxxAGCCGAAA                CG CTCCACCC TG                 GAGCGTCAGCCGCGG
   4      11 ..      21   xxxxxAGCCGAAACG                 CT CCACCCT GG                 AGCGTCAGCCGCGGG
-5.4      12 ..      22   xxxxAGCCGAAACGC                 TCCA CCC TGGA                 GCGTCAGCCGCGGGA
-7.7      11 ..      23   xxxxxAGCCGAAACG                CTCCA CCC TGGAG                CGTCAGCCGCGGGAT
 -10      10 ..      24   xxxxxxAGCCGAAAC               GCTCCA CCC TGGAGC               GTCAGCCGCGGGATG
-12.3       9 ..      25   xxxxxxxAGCCGAAA              CGCTCCA CCC TGGAGCG              TCAGCCGCGGGATGA
-13.2       8 ..      26   xxxxxxxxAGCCGAA             ACGCTCCA CCC TGGAGCGT             CAGCCGCGGGATGAT
-9.7       7 ..      27   xxxxxxxxxAGCCGA            AACGCTCCA CCC TGGAGCGTC            AGCCGCGGGATGATC
-6.2       6 ..      28   xxxxxxxxxxAGCCG           AAACGCTCCA CCC TGGAGCGTCA           GCCGCGGGATGATCG
-2.7       5 ..      29   xxxxxxxxxxxAGCC          GAAACGCTCCA CCC TGGAGCGTCAG          CCGCGGGATGATCGC
-4.6       2 ..      30   xxxxxxxxxxxxxxA       GCCGAAACGCTCCA CCC TGGAGCG-T-CAGC       CGCGGGATGATCGCC
-1.3       2 ..      31   xxxxxxxxxxxxxxA       GCCGAAACGCTCCA CCC TGGAGCG-TCAGCC       GCGGGATGATCGCCC
-1.3       3 ..      32   xxxxxxxxxxxxxAG       CCG-AAACGCTCCA CCC TGGAGCGTCAGCCG       CGGGATGATCGCCCG
-3.9      23 ..      33   ACGCTCCACCCTGGA                 GCG TCAGC CGC                 GGGATGATCGCCCGG
-0.4      22 ..      34   AACGCTCCACCCTGG                AGCG TCAGC CGCG                GGATGATCGCCCGGC
 1.1      18 ..      35   CCGAAACGCTCCACC             CTGGAGC GTCA GCCGCGG              GATGATCGCCCGGCT
-1.2      17 ..      36   GCCGAAACGCTCCAC            CCTGGAGC GTCA GCCGCGGG             ATGATCGCCCGGCTC
 2.3      16 ..      37   AGCCGAAACGCTCCA           CCCTGGAGC GTCA GCCGCGGGA            TGATCGCCCGGCTCT
  -1      28 ..      38   CCACCCTGGAGCGTC                 AGCC GCG GGAT                 GATCGCCCGGCTCTG
-3.3      27 ..      39   TCCACCCTGGAGCGT                CAGCC GCG GGATG                ATCGCCCGGCTCTGA
-4.2      26 ..      40   CTCCACCCTGGAGCG               TCAGCC GCG GGATGA               TCGCCCGGCTCTGAT
-2.9      25 ..      41   GCTCCACCCTGGAGC              GTCAGCC GCG GGATGAT              CGCCCGGCTCTGATG
-0.5      25 ..      42   GCTCCACCCTGGAGC             G-TCAGCC GCG GGATGATC             GCCCGGCTCTGATGA
-2.8      24 ..      43   CGCTCCACCCTGGAG            CG-TCAGCC GCG GGATGATCG            CCCGGCTCTGATGAT
-5.1      23 ..      44   ACGCTCCACCCTGGA           GCG-TCAGCC GCG GGATGATCGC           CCGGCTCTGATGATG
-1.6      22 ..      45   AACGCTCCACCCTGG          AGCG-TCAGCC GCG GGATGATCGCC          CGGCTCTGATGATGG
-3.9      21 ..      46   AAACGCTCCACCCTG         GAGCG-TCAGCC GCG GGATGATCGCCC         GGCTCTGATGATGGC
-4.2      33 ..      47   CTGGAGCGTCAGCCG               CGGG ATGATCG CCCG               GCTCTGATGATGGCA
-4.7      18 ..      48   CCGAAACGCTCCACC      CTGGAGCG-TCAGCC GCG GGATGATCGC-CCGG      CTCTGATGATGGCAG
-6.7      29 ..      49   CACCCTGGAGCGTCA            GCCGCGGGA TGA TCGCCCGGC            TCTGATGATGGCAGA
-7.6      28 ..      50   CCACCCTGGAGCGTC           AGCCGCGGGA TGA TCGCCCGGCT           CTGATGATGGCAGAT
-4.1      27 ..      51   TCCACCCTGGAGCGT          CAGCCGCGGGA TGA TCGCCCGGCTC          TGATGATGGCAGATC
-0.6      26 ..      52   CTCCACCCTGGAGCG         TCAGCCGCGGGA TGA TCGCCCGGCTCT         GATGATGGCAGATCA
 0.8      27 ..      53   TCCACCCTGGAGCGT         CAGCCGCGGG ATGATCG CCCGGCTCTG         ATGATGGCAGATCAA
-0.1      26 ..      54   CTCCACCCTGGAGCG        TCAGCCGCGGG ATGATCG CCCGGCTCTGA        TGATGGCAGATCAAA
 1.2      25 ..      55   GCTCCACCCTGGAGC       GTCAGCCGCGGG ATGATCG CCCGGCTCTGAT       GATGGCAGATCAAAx
-1.1      24 ..      56   CGCTCCACCCTGGAG      CGTCAGCCGCGGG ATGATCG CCCGGCTCTGATG      ATGGCAGATCAAAxx
 1.5      41 ..      57   TCAGCCGCGGGATGA              TCGCCCG GCT CTGATGA              TGGCAGATCAAAxxx
 0.6      40 ..      58   GTCAGCCGCGGGATG             ATCGCCCG GCT CTGATGAT             GGCAGATCAAAxxxx
 2.5      49 ..      59   GGGATGATCGCCCGG                C-TC TGAT GATG                 GCAGATCAAAxxxxx
 1.9      45 ..      60   CCGCGGGATGATCGC              CCGGC TCTGAT GATGG               CAGATCAAAxxxxxx
 1.3      48 ..      61   CGGGATGATCGCCCG               GCTCT GATG ATGGC                AGATCAAAxxxxxxx
 1.8      52 ..      62   ATGATCGCCCGGCTC                 TG ATGATGG CA                 GATCAAAxxxxxxxx
-0.5      51 ..      63   GATGATCGCCCGGCT                CTG ATGATGG CAG                ATCAAAxxxxxxxxx
-1.4      50 ..      64   GGATGATCGCCCGGC               TCTG ATGATGG CAGA               TCAAAxxxxxxxxxx
 2.1      49 ..      65   GGGATGATCGCCCGG              CTCTG ATGATGG CAGAT              CAAAxxxxxxxxxxx
-1.1      56 ..      66   TCGCCCGGCTCTGAT                 GAT GGCAG ATC                 AAAxxxxxxxxxxxx
  -2      55 ..      67   ATCGCCCGGCTCTGA                TGAT GGCAG ATCA                AAxxxxxxxxxxxxx
 1.5      54 ..      68   GATCGCCCGGCTCTG               ATGAT GGCAG ATCAA               Axxxxxxxxxxxxxx
