>AF425644.1:679-767 Hepatitis D virus isolate TWD2577-66 genotype I, complete genome FORWARD
-1.1       1 ..      11   xxxxxxxxxxxxxxx                 ATG GCCGG CAT                 GGTCCCAGCCTCCTC
 4.9       1 ..      12   xxxxxxxxxxxxxxx                -ATG GCCGG CATG                GTCCCAGCCTCCTCG
None       3 ..      13   xxxxxxxxxxxxxAT                  GGCCGGCATGG                  TCCCAGCCTCCTCGC
  -1       4 ..      14   xxxxxxxxxxxxATG                 GCCG GCA TGGT                 CCCAGCCTCCTCGCT
-3.3       3 ..      15   xxxxxxxxxxxxxAT                GGCCG GCA TGGTC                CCAGCCTCCTCGCTG
-0.9       3 ..      16   xxxxxxxxxxxxxAT               GG-CCG GCA TGGTCC               CAGCCTCCTCGCTGG
  -1       7 ..      17   xxxxxxxxxATGGCC                 GGCA TGG TCCC                 AGCCTCCTCGCTGGC
 2.5       6 ..      18   xxxxxxxxxxATGGC                CGGCA TGG TCCCA                GCCTCCTCGCTGGCG
 0.2       5 ..      19   xxxxxxxxxxxATGG               CCGGCA TGG TCCCAG               CCTCCTCGCTGGCGC
-2.1       4 ..      20   xxxxxxxxxxxxATG              GCCGGCA TGG TCCCAGC              CTCCTCGCTGGCGCC
-4.4       3 ..      21   xxxxxxxxxxxxxAT             GGCCGGCA TGG TCCCAGCC             TCCTCGCTGGCGCCG
-0.9       2 ..      22   xxxxxxxxxxxxxxA            TGGCCGGCA TGG TCCCAGCCT            CCTCGCTGGCGCCGG
 2.6       1 ..      23   xxxxxxxxxxxxxxx           ATGGCCGGCA TGG TCCCAGCCTC           CTCGCTGGCGCCGGC
 2.4      12 ..      24   xxxxATGGCCGGCAT                GG TCCCAGCCT CC                TCGCTGGCGCCGGCT
 3.9       3 ..      25   xxxxxxxxxxxxxAT          GGCCGGCATG GTCC CA-GCCTCCT           CGCTGGCGCCGGCTG
 6.3       3 ..      26   xxxxxxxxxxxxxAT         G-GCCGGCATG GTCC CA-GCCTCCTC          GCTGGCGCCGGCTGG
-4.768e-08      16 ..      27   ATGGCCGGCATGGTC                CCAG CCTC CTCG                 CTGGCGCCGGCTGGG
 3.5      15 ..      28   xATGGCCGGCATGGT               CCCAG CCTC CTCGC                TGGCGCCGGCTGGGC
-1.5      18 ..      29   GGCCGGCATGGTCCC                AGC CTCCTC GCT                 GGCGCCGGCTGGGCA
-3.8      17 ..      30   TGGCCGGCATGGTCC               CAGC CTCCTC GCTG                GCGCCGGCTGGGCAA
-6.1      16 ..      31   ATGGCCGGCATGGTC              CCAGC CTCCTC GCTGG               CGCCGGCTGGGCAAC
-2.6      15 ..      32   xATGGCCGGCATGGT             CCCAGC CTCCTC GCTGGC              GCCGGCTGGGCAACA
-2.4      15 ..      33   xATGGCCGGCATGGT            C-CCAGC CTCCTC GCTGGCG             CCGGCTGGGCAACAT
-3.6      13 ..      34   xxxATGGCCGGCATG           GTCCCAGC CTCCTC GCTGGCGC            CGGCTGGGCAACATT
-5.9      12 ..      35   xxxxATGGCCGGCAT          GGTCCCAGC CTCCTC GCTGGCGCC           GGCTGGGCAACATTC
-4.6      11 ..      36   xxxxxATGGCCGGCA         TGGTCCCAGC CTCCTC GCTGGCGCCG          GCTGGGCAACATTCC
-1.1      10 ..      37   xxxxxxATGGCCGGC        ATGGTCCCAGC CTCCTC GCTGGCGCCGG         CTGGGCAACATTCCG
-3.6      27 ..      38   GGTCCCAGCCTCCTC                GCTG GCGC CGGC                 TGGGCAACATTCCGA
-1.9       7 ..      39   xxxxxxxxxATGGCC     GGCATGGTCCCAGC CTCCTC GCTGGCGCCG-GCT      GGGCAACATTCCGAA
-4.2       6 ..      40   xxxxxxxxxxATGGC    CGGCATGGTCCCAGC CTCCTC GCTGGCGCCG-GCTG     GGCAACATTCCGAAG
-6.5       5 ..      41   xxxxxxxxxxxATGG   CCGGCATGGTCCCAGC CTCCTC GCTGGCGCCG-GCTGG    GCAACATTCCGAAGG
-6.8      15 ..      42   xATGGCCGGCATGGT        CCCAGCCTCCTC GCTG GCGCCGGCTGGG         CAACATTCCGAAGGG
-5.3       3 ..      43   xxxxxxxxxxxxxAT GGCCGGCATGGTCCCAGC CTCCTC GCTGGCGCCG-GCTGGGC  AACATTCCGAAGGGG
-6.2       2 ..      44   xxxxxxxxxxxxxxA TGGCCGGCATGGTCCCAGC CTCCTC GCTGGCGCCG-GCTGGGCA ACATTCCGAAGGGGA
-2.7       1 ..      45   xxxxxxxxxxxxxxx ATGGCCGGCATGGTCCCAGC CTCCTC GCTGGCGCCG-GCTGGGCAA CATTCCGAAGGGGAC
-0.5      12 ..      46   xxxxATGGCCGGCAT    GGT-CCCAGCCTCCTC GCTG GCGCCGGCTGGGCAAC     ATTCCGAAGGGGACC
-1.4      11 ..      47   xxxxxATGGCCGGCA   TGGT-CCCAGCCTCCTC GCTG GCGCCGGCTGGGCAACA    TTCCGAAGGGGACCG
-2.3      10 ..      48   xxxxxxATGGCCGGC  ATGGT-CCCAGCCTCCTC GCTG GCGCCGGCTGGGCAACAT   TCCGAAGGGGACCGT
 1.2       9 ..      49   xxxxxxxATGGCCGG CATGGT-CCCAGCCTCCTC GCTG GCGCCGGCTGGGCAACATT  CCGAAGGGGACCGTC
-1.1       8 ..      50   xxxxxxxxATGGCCG GCATGGT-CCCAGCCTCCTC GCTG GCGCCGGCTGGGCAACATTC CGAAGGGGACCGTCC
-3.4       7 ..      51   xxxxxxxxxATGGCC GGCATGGT-CCCAGCCTCCTC GCTG GCGCCGGCTGGGCAACATTCC GAAGGGGACCGTCCC
-5.7       6 ..      52   xxxxxxxxxxATGGC CGGCATGGT-CCCAGCCTCCTC GCTG GCGCCGGCTGGGCAACATTCCG AAGGGGACCGTCCCT
-2.2       5 ..      53   xxxxxxxxxxxATGG CCGGCATGGT-CCCAGCCTCCTC GCTG GCGCCGGCTGGGCAACATTCCGA AGGGGACCGTCCCTC
 1.3       4 ..      54   xxxxxxxxxxxxATG GCCGGCATGGT-CCCAGCCTCCTC GCTG GCGCCGGCTGGGCAACATTCCGAA GGGGACCGTCCCTCG
   4       5 ..      55   xxxxxxxxxxxATGG C--CGGCATGGT-CCCAGCCTCCTC GCTG GCGCCGGCTGGGCAACATTCCGAAG GGGACCGTCCCTCGG
 0.4      46 ..      56   GCGCCGGCTGGGCAA                 CATT CCG AAGG                 GGACCGTCCCTCGGT
 3.6      46 ..      57   GCGCCGGCTGGGCAA                CATT CCGA AGGG                 GACCGTCCCTCGGTA
  -1      48 ..      58   GCCGGCTGGGCAACA                 TTCC GAA GGGG                 ACCGTCCCTCGGTAA
-2.5      49 ..      59   CCGGCTGGGCAACAT                 TCC GAAGG GGA                 CCGTCCCTCGGTAAT
   1      48 ..      60   GCCGGCTGGGCAACA                TTCC GAAGG GGAC                CGTCCCTCGGTAATG
 4.5      47 ..      61   CGCCGGCTGGGCAAC               ATTCC GAAGG GGACC               GTCCCTCGGTAATGG
 1.4      51 ..      62   GGCTGGGCAACATTC                CG AAGGGGAC CG                 TCCCTCGGTAATGGC
  -1      53 ..      63   CTGGGCAACATTCCG                 AAGG GGA CCGT                 CCCTCGGTAATGGCG
-3.3      52 ..      64   GCTGGGCAACATTCC                GAAGG GGA CCGTC                CCTCGGTAATGGCGA
-0.3      55 ..      65   GGGCAACATTCCGAA                 GGG GACCG TCC                 CTCGGTAATGGCGAA
-6.8      56 ..      66   GGCAACATTCCGAAG                 GGGA CCG TCCC                 TCGGTAATGGCGAAT
-5.5      55 ..      67   GGGCAACATTCCGAA                GGGGA CCG TCCCT                CGGTAATGGCGAATG
-3.1      55 ..      68   GGGCAACATTCCGAA               G-GGGA CCG TCCCTC               GGTAATGGCGAATGG
-3.1      51 ..      69   GGCTGGGCAACATTC            CGAAGGGG ACCG TCCC-TCG             GTAATGGCGAATGGG
-5.4      50 ..      70   CGGCTGGGCAACATT           CCGAAGGGG ACCG TCCC-TCGG            TAATGGCGAATGGGA
-4.8      59 ..      71   AACATTCCGAAGGGG                ACCG TCCCT CGGT                AATGGCGAATGGGAC
-2.8      48 ..      72   GCCGGCTGGGCAACA         TTCCGAAGGGG ACCG TCCC-TCGGTA          ATGGCGAATGGGACC
-1.2      48 ..      73   GCCGGCTGGGCAACA        TT-CCGAAGGGG ACCG TCCC-TCGGTAA         TGGCGAATGGGACCC
-2.1      47 ..      74   CGCCGGCTGGGCAAC       ATT-CCGAAGGGG ACCG TCCC-TCGGTAAT        GGCGAATGGGACCCA
-4.4      46 ..      75   GCGCCGGCTGGGCAA      CATT-CCGAAGGGG ACCG TCCC-TCGGTAATG       GCGAATGGGACCCAx
-0.9      45 ..      76   GGCGCCGGCTGGGCA     ACATT-CCGAAGGGG ACCG TCCC-TCGGTAATGG      CGAATGGGACCCAxx
 2.6      44 ..      77   TGGCGCCGGCTGGGC    AACATT-CCGAAGGGG ACCG TCCC-TCGGTAATGGC     GAATGGGACCCAxxx
 0.3      43 ..      78   CTGGCGCCGGCTGGG   CAACATT-CCGAAGGGG ACCG TCCC-TCGGTAATGGCG    AATGGGACCCAxxxx
-0.5      67 ..      79   GAAGGGGACCGTCCC                TCG GTAATGG CGA                ATGGGACCCAxxxxx
   3      66 ..      80   CGAAGGGGACCGTCC               CTCG GTAATGG CGAA               TGGGACCCAxxxxxx
 6.4      70 ..      81   GGGGACCGTCCCTCG                GT AATGGCGA AT                 GGGACCCAxxxxxxx
 4.2      64 ..      82   TCCGAAGGGGACCGT             CCCTCG GTAATGG CGAATG             GGACCCAxxxxxxxx
 2.8      60 ..      83   ACATTCCGAAGGGGA          CCGTCCCTCG GTAA TGGCGAATGG           GACCCAxxxxxxxxx
 4.6      64 ..      84   TCCGAAGGGGACCGT           CCC--TCG GTAATGG CGAATGGG           ACCCAxxxxxxxxxx
 3.7      63 ..      85   TTCCGAAGGGGACCG          TCCC--TCG GTAATGG CGAATGGGA          CCCAxxxxxxxxxxx
 1.4      62 ..      86   ATTCCGAAGGGGACC         GTCCC--TCG GTAATGG CGAATGGGAC         CCAxxxxxxxxxxxx
 2.4      75 ..      87   CCGTCCCTCGGTAAT                GG CGAATGGGA CC                CAxxxxxxxxxxxxx
 2.9      55 ..      88   GGGCAACATTCCGAA     GGGGACCGTCCCTCG GTAA TGGCGAATGGGACCC      Axxxxxxxxxxxxxx
