>NC_038882.1:9213-9389 Hepatitis C virus (isolate H77) genotype 1, complete cds FORWARD
 5.4       1 ..      11   xxxxxxxxxxxxxxx                -CC AATAGC GGC                 CGCTGGCCGGCTGGA
None       2 ..      12   xxxxxxxxxxxxxxC                  CAATAGCGGCC                  GCTGGCCGGCTGGAC
 5.7       2 ..      13   xxxxxxxxxxxxxxC                C AATAGCGGCC G                 CTGGCCGGCTGGACT
   7       4 ..      14   xxxxxxxxxxxxCCA                 ATAG CGG CCGC                 TGGCCGGCTGGACTT
 2.5       5 ..      15   xxxxxxxxxxxCCAA                TAGC GGCC GCT-                 GGCCGGCTGGACTTG
-2.2       5 ..      16   xxxxxxxxxxxCCAA                TAGC GGCC GCTG                 GCCGGCTGGACTTGT
 1.2       7 ..      17   xxxxxxxxxCCAATA                 GCGG CCG CTGG                 CCGGCTGGACTTGTC
 1.4       7 ..      18   xxxxxxxxxCCAATA                G-CGG CCG CTGGC                CGGCTGGACTTGTCC
-8.2       9 ..      19   xxxxxxxCCAATAGC                 GGCC GCT GGCC                 GGCTGGACTTGTCCG
-10.5       8 ..      20   xxxxxxxxCCAATAG                CGGCC GCT GGCCG                GCTGGACTTGTCCGG
  -7       7 ..      21   xxxxxxxxxCCAATA               GCGGCC GCT GGCCGG               CTGGACTTGTCCGGT
-6.8       7 ..      22   xxxxxxxxxCCAATA              G-CGGCC GCT GGCCGGC              TGGACTTGTCCGGTT
-7.7       6 ..      23   xxxxxxxxxxCCAAT             AG-CGGCC GCT GGCCGGCT             GGACTTGTCCGGTTG
-7.2       8 ..      24   xxxxxxxxCCAATAG              CGGCCG CTGGC CGGCTG              GACTTGTCCGGTTGG
-3.7       7 ..      25   xxxxxxxxxCCAATA             GCGGCCG CTGGC CGGCTGG             ACTTGTCCGGTTGGT
-0.2       6 ..      26   xxxxxxxxxxCCAAT            AGCGGCCG CTGGC CGGCTGGA            CTTGTCCGGTTGGTT
-1.4      16 ..      27   CCAATAGCGGCCGCT                GGCC GGCT GGAC                 TTGTCCGGTTGGTTC
 1.6       6 ..      28   xxxxxxxxxxCCAAT          AG--CGGCCG CTGGC CGGCTGGACT          TGTCCGGTTGGTTCA
 1.5       3 ..      29   xxxxxxxxxxxxxCC         AATAGCGGCCG CTGGC CGGCTGGACTT         GTCCGGTTGGTTCAC
-0.8       2 ..      30   xxxxxxxxxxxxxxC        CAATAGCGGCCG CTGGC CGGCTGGACTTG        TCCGGTTGGTTCACG
 2.7       1 ..      31   xxxxxxxxxxxxxxx       CCAATAGCGGCCG CTGGC CGGCTGGACTTGT       CCGGTTGGTTCACGG
 1.7      20 ..      32   TAGCGGCCGCTGGCC                GGC TGGACTT GTC                CGGTTGGTTCACGGC
 2.5      23 ..      33   CGGCCGCTGGCCGGC                TGGA CTTG TCC-                 GGTTGGTTCACGGCT
-2.2      23 ..      34   CGGCCGCTGGCCGGC                TGGA CTTG TCCG                 GTTGGTTCACGGCTG
-4.5      22 ..      35   GCGGCCGCTGGCCGG               CTGGA CTTG TCCGG                TTGGTTCACGGCTGG
-3.2      21 ..      36   AGCGGCCGCTGGCCG              GCTGGA CTTG TCCGGT               TGGTTCACGGCTGGC
-1.9      20 ..      37   TAGCGGCCGCTGGCC             GGCTGGA CTTG TCCGGTT              GGTTCACGGCTGGCT
-4.2      19 ..      38   ATAGCGGCCGCTGGC            CGGCTGGA CTTG TCCGGTTG             GTTCACGGCTGGCTA
-6.5      18 ..      39   AATAGCGGCCGCTGG           CCGGCTGGA CTTG TCCGGTTGG            TTCACGGCTGGCTAC
-5.2      17 ..      40   CAATAGCGGCCGCTG          GCCGGCTGGA CTTG TCCGGTTGGT           TCACGGCTGGCTACA
-3.9      16 ..      41   CCAATAGCGGCCGCT         GGCCGGCTGGA CTTG TCCGGTTGGTT          CACGGCTGGCTACAG
-1.5      16 ..      42   CCAATAGCGGCCGCT        GG-CCGGCTGGA CTTG TCCGGTTGGTTC         ACGGCTGGCTACAGC
-2.4      15 ..      43   xCCAATAGCGGCCGC       TGG-CCGGCTGGA CTTG TCCGGTTGGTTCA        CGGCTGGCTACAGCG
 0.8      13 ..      44   xxxCCAATAGCGGCC      GCTGGCCGGCTGGA CTTG TCCGGTTGGTTCAC       GGCTGGCTACAGCGG
-1.5      12 ..      45   xxxxCCAATAGCGGC     CGCTGGCCGGCTGGA CTTG TCCGGTTGGTTCACG      GCTGGCTACAGCGGG
-3.8      11 ..      46   xxxxxCCAATAGCGG    CCGCTGGCCGGCTGGA CTTG TCCGGTTGGTTCACGG     CTGGCTACAGCGGGG
-6.1      10 ..      47   xxxxxxCCAATAGCG   GCCGCTGGCCGGCTGGA CTTG TCCGGTTGGTTCACGGC    TGGCTACAGCGGGGG
-4.8       9 ..      48   xxxxxxxCCAATAGC  GGCCGCTGGCCGGCTGGA CTTG TCCGGTTGGTTCACGGCT   GGCTACAGCGGGGGA
-7.1       8 ..      49   xxxxxxxxCCAATAG CGGCCGCTGGCCGGCTGGA CTTG TCCGGTTGGTTCACGGCTG  GCTACAGCGGGGGAG
-3.6       7 ..      50   xxxxxxxxxCCAATA GCGGCCGCTGGCCGGCTGGA CTTG TCCGGTTGGTTCACGGCTGG CTACAGCGGGGGAGA
-3.4       7 ..      51   xxxxxxxxxCCAATA G-CGGCCGCTGGCCGGCTGGA CTTG TCCGGTTGGTTCACGGCTGGC TACAGCGGGGGAGAC
-4.3       6 ..      52   xxxxxxxxxxCCAAT AG-CGGCCGCTGGCCGGCTGGA CTTG TCCGGTTGGTTCACGGCTGGCT ACAGCGGGGGAGACA
-5.2       5 ..      53   xxxxxxxxxxxCCAA TAG-CGGCCGCTGGCCGGCTGGA CTTG TCCGGTTGGTTCACGGCTGGCTA CAGCGGGGGAGACAT
-1.7       4 ..      54   xxxxxxxxxxxxCCA ATAG-CGGCCGCTGGCCGGCTGGA CTTG TCCGGTTGGTTCACGGCTGGCTAC AGCGGGGGAGACATT
 1.8       3 ..      55   xxxxxxxxxxxxxCC AATAG-CGGCCGCTGGCCGGCTGGA CTTG TCCGGTTGGTTCACGGCTGGCTACA GCGGGGGAGACATTT
-0.5       2 ..      56   xxxxxxxxxxxxxxC CAATAG-CGGCCGCTGGCCGGCTGGA CTTG TCCGGTTGGTTCACGGCTGGCTACAG CGGGGGAGACATTTA
-5.8      46 ..      57   TCCGGTTGGTTCACG                GCTG GCTA CAGC                 GGGGGAGACATTTAT
-2.3      45 ..      58   GTCCGGTTGGTTCAC               GGCTG GCTA CAGCG                GGGGAGACATTTATC
-4.6      44 ..      59   TGTCCGGTTGGTTCA              CGGCTG GCTA CAGCGG               GGGAGACATTTATCA
-1.1      43 ..      60   TTGTCCGGTTGGTTC             ACGGCTG GCTA CAGCGGG              GGAGACATTTATCAC
-3.4      42 ..      61   CTTGTCCGGTTGGTT            CACGGCTG GCTA CAGCGGGG             GAGACATTTATCACA
-2.1      41 ..      62   ACTTGTCCGGTTGGT           TCACGGCTG GCTA CAGCGGGGG            AGACATTTATCACAG
  -3      40 ..      63   GACTTGTCCGGTTGG          TTCACGGCTG GCTA CAGCGGGGGA           GACATTTATCACAGC
 0.5      39 ..      64   GGACTTGTCCGGTTG         GTTCACGGCTG GCTA CAGCGGGGGAG          ACATTTATCACAGCG
   4      38 ..      65   TGGACTTGTCCGGTT        GGTTCACGGCTG GCTA CAGCGGGGGAGA         CATTTATCACAGCGT
 3.2      49 ..      66   GGTTGGTTCACGGCT             GGCTAC AGCGGG GGAGAC              ATTTATCACAGCGTG
 2.3      48 ..      67   CGGTTGGTTCACGGC            TGGCTAC AGCGGG GGAGACA             TTTATCACAGCGTGT
 5.5      58 ..      68   ACGGCTGGCTACAGC                 GGG GGAGA CAT                 TTATCACAGCGTGTC
 4.8      59 ..      69   CGGCTGGCTACAGCG                 GGGG AGA CATT                 TATCACAGCGTGTCT
 6.1      58 ..      70   ACGGCTGGCTACAGC                GGGGG AGA CATTT                ATCACAGCGTGTCTC
 6.2      61 ..      71   GCTGGCTACAGCGGG                 GGAG ACA TTTA                 TCACAGCGTGTCTCA
 6.2      62 ..      72   CTGGCTACAGCGGGG                 GAGA CAT TTAT                 CACAGCGTGTCTCAT
 1.4      62 ..      73   CTGGCTACAGCGGGG                GAGA CATT TATC                 ACAGCGTGTCTCATG
 4.3      63 ..      74   TGGCTACAGCGGGGG                AGA CATTTA TCA                 CAGCGTGTCTCATGC
   2      62 ..      75   CTGGCTACAGCGGGG               GAGA CATTTA TCAC                AGCGTGTCTCATGCC
 5.5      61 ..      76   GCTGGCTACAGCGGG              GGAGA CATTTA TCACA               GCGTGTCTCATGCCC
 5.7      66 ..      77   CTACAGCGGGGGAGA                C ATTTATCACA G                 CGTGTCTCATGCCCG
   4      56 ..      78   TCACGGCTGGCTACA           GCGGGGGAGA CAT TTATCACAGC           GTGTCTCATGCCCGG
 5.6      66 ..      79   CTACAGCGGGGGAGA               CATT TATCAC AGCG                TGTCTCATGCCCGGC
 4.7      65 ..      80   GCTACAGCGGGGGAG              ACATT TATCAC AGCGT               GTCTCATGCCCGGCC
 5.7      70 ..      81   AGCGGGGGAGACATT                TAT CACAGC GTG                 TCTCATGCCCGGCCC
  -1      72 ..      82   CGGGGGAGACATTTA                 TCAC AGC GTGT                 CTCATGCCCGGCCCC
 0.4      73 ..      83   GGGGGAGACATTTAT                 CACA GCG TGTC                 TCATGCCCGGCCCCG
   2      63 ..      84   TGGCTACAGCGGGGG           AGACAT TTATCACAGC GTGTCT            CATGCCCGGCCCCGC
-0.3      62 ..      85   CTGGCTACAGCGGGG          GAGACAT TTATCACAGC GTGTCTC           ATGCCCGGCCCCGCT
 3.2      61 ..      86   GCTGGCTACAGCGGG         GGAGACAT TTATCACAGC GTGTCTCA          TGCCCGGCCCCGCTG
 4.5      60 ..      87   GGCTGGCTACAGCGG        GGGAGACAT TTATCACAGC GTGTCTCAT         GCCCGGCCCCGCTGG
-3.2      78 ..      88   AGACATTTATCACAG                 CGTG TCT CATG                 CCCGGCCCCGCTGGT
-5.5      77 ..      89   GAGACATTTATCACA                GCGTG TCT CATGC                CCGGCCCCGCTGGTT
  -2      76 ..      90   GGAGACATTTATCAC               AGCGTG TCT CATGCC               CGGCCCCGCTGGTTC
 1.5      75 ..      91   GGGAGACATTTATCA              CAGCGTG TCT CATGCCC              GGCCCCGCTGGTTCT
 0.9      78 ..      92   AGACATTTATCACAG               CGTGT CTCAT GCCCG               GCCCCGCTGGTTCTG
 2.7      73 ..      93   GGGGGAGACATTTAT            CACAGCGTG TCT CATGCCCGG            CCCCGCTGGTTCTGG
 2.7      81 ..      94   CATTTATCACAGCGT               GTC TCATGCCC GGC                CCCGCTGGTTCTGGT
 5.2      81 ..      95   CATTTATCACAGCGT               GTCT CATGCCC GGCC               CCGCTGGTTCTGGTT
 3.4      86 ..      96   ATCACAGCGTGTCTC                 ATGC CCG GCCC                 CGCTGGTTCTGGTTT
 6.2      87 ..      97   TCACAGCGTGTCTCA                 TG CCCGGCC CC                 GCTGGTTCTGGTTTT
 4.1      78 ..      98   AGACATTTATCACAG            CGTGTCT CATGCCC GGCCCCG            CTGGTTCTGGTTTTG
 1.4      88 ..      99   CACAGCGTGTCTCAT                GC CCGGCCCC GC                 TGGTTCTGGTTTTGC
 0.9      76 ..     100   GGAGACATTTATCAC          AGCGTGTCT CATGCCC GGCCCCGCT          GGTTCTGGTTTTGCC
-4.6      91 ..     101   AGCGTGTCTCATGCC                 CGGC CCC GCTG                 GTTCTGGTTTTGCCT
-6.9      90 ..     102   CAGCGTGTCTCATGC                CCGGC CCC GCTGG                TTCTGGTTTTGCCTA
-3.4      89 ..     103   ACAGCGTGTCTCATG               CCCGGC CCC GCTGGT               TCTGGTTTTGCCTAC
-2.1      88 ..     104   CACAGCGTGTCTCAT              GCCCGGC CCC GCTGGTT              CTGGTTTTGCCTACT
-0.1      92 ..     105   GCGTGTCTCATGCCC               GGCCC CGCT GGTTC                TGGTTTTGCCTACTC
 0.5      86 ..     106   ATCACAGCGTGTCTC            ATGCCCGGC CCC GCTGGTTCT            GGTTTTGCCTACTCC
-1.8      85 ..     107   TATCACAGCGTGTCT           CATGCCCGGC CCC GCTGGTTCTG           GTTTTGCCTACTCCT
-2.2      90 ..     108   CAGCGTGTCTCATGC             CCGGCCCC GCT GGTTCTGG             TTTTGCCTACTCCTG
 0.1      88 ..     109   CACAGCGTGTCTCAT           GCCCGGCCC CGCT GGTTCTGGT            TTTGCCTACTCCTGC
 2.6      88 ..     110   CACAGCGTGTCTCAT           GCCCGGCCCC GCT GGTTCTGGTT           TTGCCTACTCCTGCT
 2.7      86 ..     111   ATCACAGCGTGTCTC         ATGCCCGGCCC CGCT GGTTCTGGTTT          TGCCTACTCCTGCTC
 5.2      86 ..     112   ATCACAGCGTGTCTC         ATGCCCGGCCCC GCT GGTTCTGGTTTT         GCCTACTCCTGCTCG
 2.9      85 ..     113   TATCACAGCGTGTCT        CATGCCCGGCCCC GCT GGTTCTGGTTTTG        CCTACTCCTGCTCGC
   6     102 ..     114   TGCCCGGCCCCGCTG                GT TCTGGTTTT GC                CTACTCCTGCTCGCT
 3.7     101 ..     115   ATGCCCGGCCCCGCT               GGT TCTGGTTTT GCC               TACTCCTGCTCGCTG
 1.2     106 ..     116   CGGCCCCGCTGGTTC                 TGGT TTT GCCT                 ACTCCTGCTCGCTGC
 2.1     106 ..     117   CGGCCCCGCTGGTTC                TGG TTTTGC CTA                 CTCCTGCTCGCTGCA
 1.8     108 ..     118   GCCCCGCTGGTTCTG                 GT TTTGCCT AC                 TCCTGCTCGCTGCAG
 3.1     107 ..     119   GGCCCCGCTGGTTCT                GGT TTTGCCT ACT                CCTGCTCGCTGCAGG
 5.5     107 ..     120   GGCCCCGCTGGTTCT               G-GT TTTGCCT ACTC               CTGCTCGCTGCAGGG
 4.4     107 ..     121   GGCCCCGCTGGTTCT               GG TTTTGCCTACT CC               TGCTCGCTGCAGGGG
 6.2     112 ..     122   CGCTGGTTCTGGTTT                 TG CCTACTC CT                 GCTCGCTGCAGGGGT
 5.6     105 ..     123   CCGGCCCCGCTGGTT             CTGG TTTTGCCTACT CCTG             CTCGCTGCAGGGGTA
 1.4     113 ..     124   GCTGGTTCTGGTTTT                GC CTACTCCT GC                 TCGCTGCAGGGGTAG
 4.9     112 ..     125   CGCTGGTTCTGGTTT               TGC CTACTCCT GCT                CGCTGCAGGGGTAGG
 7.1     113 ..     126   GCTGGTTCTGGTTTT               GCCTA CTCC TGCTC                GCTGCAGGGGTAGGC
 5.3     115 ..     127   TGGTTCTGGTTTTGC                CTA CTCCTGC TCG                CTGCAGGGGTAGGCA
 5.4     113 ..     128   GCTGGTTCTGGTTTT              GC CTACTCCTGCTC GC               TGCAGGGGTAGGCAT
 7.7     119 ..     129   TCTGGTTTTGCCTAC                 TCC TGCTC GCT                 GCAGGGGTAGGCATC
 4.7     120 ..     130   CTGGTTTTGCCTACT                 C CTGCTCGCT G                 CAGGGGTAGGCATCT
 4.4     120 ..     131   CTGGTTTTGCCTACT                CCTG CTCG CTGC                 AGGGGTAGGCATCTA
-2.5     122 ..     132   GGTTTTGCCTACTCC                 TGC TCGCT GCA                 GGGGTAGGCATCTAC
-4.8     121 ..     133   TGGTTTTGCCTACTC                CTGC TCGCT GCAG                GGGTAGGCATCTACC
-7.1     120 ..     134   CTGGTTTTGCCTACT               CCTGC TCGCT GCAGG               GGTAGGCATCTACCT
-5.8     119 ..     135   TCTGGTTTTGCCTAC              TCCTGC TCGCT GCAGGG              GTAGGCATCTACCTC
-8.1     118 ..     136   TTCTGGTTTTGCCTA             CTCCTGC TCGCT GCAGGGG             TAGGCATCTACCTCC
  -9     117 ..     137   GTTCTGGTTTTGCCT            ACTCCTGC TCGCT GCAGGGGT            AGGCATCTACCTCCT
-9.9     116 ..     138   GGTTCTGGTTTTGCC           TACTCCTGC TCGCT GCAGGGGTA           GGCATCTACCTCCTC
-12.2     115 ..     139   TGGTTCTGGTTTTGC          CTACTCCTGC TCGCT GCAGGGGTAG          GCATCTACCTCCTCC
-14.5     114 ..     140   CTGGTTCTGGTTTTG         CCTACTCCTGC TCGCT GCAGGGGTAGG         CATCTACCTCCTCCC
-16.8     113 ..     141   GCTGGTTCTGGTTTT        GCCTACTCCTGC TCGCT GCAGGGGTAGGC        ATCTACCTCCTCCCC
-17.7     112 ..     142   CGCTGGTTCTGGTTT       TGCCTACTCCTGC TCGCT GCAGGGGTAGGCA       TCTACCTCCTCCCCA
-14.2     111 ..     143   CCGCTGGTTCTGGTT      TTGCCTACTCCTGC TCGCT GCAGGGGTAGGCAT      CTACCTCCTCCCCAA
-10.7     110 ..     144   CCCGCTGGTTCTGGT     TTTGCCTACTCCTGC TCGCT GCAGGGGTAGGCATC     TACCTCCTCCCCAAC
-7.2     109 ..     145   CCCCGCTGGTTCTGG    TTTTGCCTACTCCTGC TCGCT GCAGGGGTAGGCATCT    ACCTCCTCCCCAACC
-5.6     109 ..     146   CCCCGCTGGTTCTGG   T-TTTGCCTACTCCTGC TCGCT GCAGGGGTAGGCATCTA   CCTCCTCCCCAACCG
-7.9     108 ..     147   GCCCCGCTGGTTCTG  GT-TTTGCCTACTCCTGC TCGCT GCAGGGGTAGGCATCTAC  CTCCTCCCCAACCGA
-10.2     107 ..     148   GGCCCCGCTGGTTCT GGT-TTTGCCTACTCCTGC TCGCT GCAGGGGTAGGCATCTACC TCCTCCCCAACCGAT
-6.7     106 ..     149   CGGCCCCGCTGGTTC TGGT-TTTGCCTACTCCTGC TCGCT GCAGGGGTAGGCATCTACCT CCTCCCCAACCGATG
-7.7     133 ..     150   CTCCTGCTCGCTGCA             GGGGTAG GCAT CTACCTC              CTCCCCAACCGATGA
-5.3     133 ..     151   CTCCTGCTCGCTGCA            GG-GGTAG GCAT CTACCTCC             TCCCCAACCGATGAA
-6.2     132 ..     152   ACTCCTGCTCGCTGC           AGG-GGTAG GCAT CTACCTCCT            CCCCAACCGATGAAG
  -3     130 ..     153   CTACTCCTGCTCGCT          GCAGGGGTAG GCAT CTACCTCCTC           CCCAACCGATGAAGG
  -5     130 ..     154   CTACTCCTGCTCGCT         GCAGG-GGTAG GCAT CTACCTCCTCC          CCAACCGATGAAGGT
-1.5     129 ..     155   CCTACTCCTGCTCGC        TGCAGG-GGTAG GCAT CTACCTCCTCCC         CAACCGATGAAGGTT
-1.9     134 ..     156   TCCTGCTCGCTGCAG           GGGTAGG CATCTACCT CCTCCCC           AACCGATGAAGGTTG
 1.6     133 ..     157   CTCCTGCTCGCTGCA          GGGGTAGG CATCTACCT CCTCCCCA          ACCGATGAAGGTTGG
 4.3     125 ..     158   TTTGCCTACTCCTGC     TCGCTGCAGGGGTAG GCAT CTACCTCCTCCCCAA      CCGATGAAGGTTGGG
   3     130 ..     159   CTACTCCTGCTCGCT       GCAGGGGTAGG CATCTACCT CCT-CCCCAAC       CGATGAAGGTTGGGG
 5.5     123 ..     160   GTTTTGCCTACTCCT   GCTCGCTGCAGGGGTAG GCAT CTACCTCCTCCCCAACC    GATGAAGGTTGGGGT
 4.2     128 ..     161   GCCTACTCCTGCTCG     CTGCAGGGGTAGG CATCTACCT CCT-CCCCAACCG     ATGAAGGTTGGGGTA
 1.8     152 ..     162   TAGGCATCTACCTCC                 TC CCCAACC GA                 TGAAGGTTGGGGTAA
 5.3     151 ..     163   GTAGGCATCTACCTC                CTC CCCAACC GAT                GAAGGTTGGGGTAAx
   3     150 ..     164   GGTAGGCATCTACCT               CCTC CCCAACC GATG               AAGGTTGGGGTAAxx
 2.1     149 ..     165   GGGTAGGCATCTACC              TCCTC CCCAACC GATGA              AGGTTGGGGTAAxxx
 5.6     148 ..     166   GGGGTAGGCATCTAC             CTCCTC CCCAACC GATGAA             GGTTGGGGTAAxxxx
 3.3     147 ..     167   AGGGGTAGGCATCTA            CCTCCTC CCCAACC GATGAAG            GTTGGGGTAAxxxxx
 2.1     155 ..     168   GCATCTACCTCCTCC               CCAAC CGAT GAAGG                TTGGGGTAAxxxxxx
-1.5     158 ..     169   TCTACCTCCTCCCCA                ACC GATGAA GGT                 TGGGGTAAxxxxxxx
-2.4     157 ..     170   ATCTACCTCCTCCCC               AACC GATGAA GGTT                GGGGTAAxxxxxxxx
-4.7     156 ..     171   CATCTACCTCCTCCC              CAACC GATGAA GGTTG               GGGTAAxxxxxxxxx
  -7     155 ..     172   GCATCTACCTCCTCC             CCAACC GATGAA GGTTGG              GGTAAxxxxxxxxxx
-9.3     154 ..     173   GGCATCTACCTCCTC            CCCAACC GATGAA GGTTGGG             GTAAxxxxxxxxxxx
-11.6     153 ..     174   AGGCATCTACCTCCT           CCCCAACC GATGAA GGTTGGGG            TAAxxxxxxxxxxxx
-8.1     152 ..     175   TAGGCATCTACCTCC          TCCCCAACC GATGAA GGTTGGGGT           AAxxxxxxxxxxxxx
-6.5     152 ..     176   TAGGCATCTACCTCC         T-CCCCAACC GATGAA GGTTGGGGTA          Axxxxxxxxxxxxxx
