>AF353562.1:c601-464 Vibrio harveyi putative transcription regulator TxR (txR) and putative tetracycline efflux pump EffJ (effJ) genes, complete cds FORWARD
None       1 ..      11   xxxxxxxxxxxxxxx                  TCATCACCATC                  ATCACCCAGCCTAGT
 2.8       1 ..      12   xxxxxxxxxxxxxxx                TCAT CACC ATCA                 TCACCCAGCCTAGTC
 1.8       3 ..      13   xxxxxxxxxxxxxTC                 ATCA CCA TCAT                 CACCCAGCCTAGTCT
 5.3       2 ..      14   xxxxxxxxxxxxxxT                CATCA CCA TCATC                ACCCAGCCTAGTCTT
 4.4       1 ..      15   xxxxxxxxxxxxxxx               TCATCA CCA TCATCA               CCCAGCCTAGTCTTT
None       6 ..      16   xxxxxxxxxxTCATC                  ACCATCATCAC                  CCAGCCTAGTCTTTC
None       7 ..      17   xxxxxxxxxTCATCA                  CCATCATCACC                  CAGCCTAGTCTTTCG
None       8 ..      18   xxxxxxxxTCATCAC                  CATCATCACCC                  AGCCTAGTCTTTCGG
None       9 ..      19   xxxxxxxTCATCACC                  ATCATCACCCA                  GCCTAGTCTTTCGGG
 6.7       8 ..      20   xxxxxxxxTCATCAC                C ATCATCACCCA G                CCTAGTCTTTCGGGA
 7.2      10 ..      21   xxxxxxTCATCACCA                TC ATCACCCA GC                 CTAGTCTTTCGGGAG
 7.7      12 ..      22   xxxxTCATCACCATC                 ATC ACCCA GCC                 TAGTCTTTCGGGAGA
 7.1      12 ..      23   xxxxTCATCACCATC                A TCACCCAGCC T                 AGTCTTTCGGGAGAT
 7.1      13 ..      24   xxxTCATCACCATCA                T CACCCAGCCT A                 GTCTTTCGGGAGATG
 5.7      14 ..      25   xxTCATCACCATCAT                C ACCCAGCCTA G                 TCTTTCGGGAGATGT
 2.8      15 ..      26   xTCATCACCATCATC                AC CCAGCCTA GT                 CTTTCGGGAGATGTA
 6.3      14 ..      27   xxTCATCACCATCAT               CAC CCAGCCTA GTC                TTTCGGGAGATGTAC
 6.8      18 ..      28   ATCACCATCATCACC                CAG CCTAGT CT-                 TTCGGGAGATGTACG
 4.3      18 ..      29   ATCACCATCATCACC                CAG CCTAGT CTT                 TCGGGAGATGTACGC
 6.4      19 ..      30   TCACCATCATCACCC                AG CCTAGTCT TT                 CGGGAGATGTACGCA
 5.7      20 ..      31   CACCATCATCACCCA                G CCTAGTCTTT C                 GGGAGATGTACGCAT
 2.6      22 ..      32   CCATCATCACCCAGC                 CTAG TCT TTCG                 GGAGATGTACGCATA
 0.3      21 ..      33   ACCATCATCACCCAG                CCTAG TCT TTCGG                GAGATGTACGCATAC
 2.7      21 ..      34   ACCATCATCACCCAG               CCT AGTCTTTC GGG                AGATGTACGCATACC
 4.8      25 ..      35   TCATCACCCAGCCTA                 GTCT TTC GGGA                 GATGTACGCATACCC
 3.6      25 ..      36   TCATCACCCAGCCTA                GTCT TTCG GGAG                 ATGTACGCATACCCG
-0.8      26 ..      37   CATCACCCAGCCTAG                TCTT TCGG GAGA                 TGTACGCATACCCGG
 0.5      25 ..      38   TCATCACCCAGCCTA               GTCTT TCGG GAGAT                GTACGCATACCCGGG
 1.2      11 ..      39   xxxxxTCATCACCAT        CATCACCC AGCCTAGTCTTTC GGGAGATG        TACGCATACCCGGGA
 4.7      10 ..      40   xxxxxxTCATCACCA       TCATCACCC AGCCTAGTCTTTC GGGAGATGT       ACGCATACCCGGGAG
 4.6      29 ..      41   CACCCAGCCTAGTCT                TTCG GGAGA TGTA                CGCATACCCGGGAGA
 3.9      25 ..      42   TCATCACCCAGCCTA             GTCTTTC GGGA GATGTAC              GCATACCCGGGAGAT
 2.4      31 ..      43   CCCAGCCTAGTCTTT                CG GGAGATGTA CG                CATACCCGGGAGATA
 1.9      34 ..      44   AGCCTAGTCTTTCGG                 GAG ATGTA CGC                 ATACCCGGGAGATAG
   5      29 ..      45   CACCCAGCCTAGTCT              TTCG GGAGATGTA CGCA              TACCCGGGAGATAGG
 3.9      36 ..      46   CCTAGTCTTTCGGGA                GATG TACG CAT-                 ACCCGGGAGATAGGA
 1.4      36 ..      47   CCTAGTCTTTCGGGA                GATG TACG CATA                 CCCGGGAGATAGGAA
 1.6      36 ..      48   CCTAGTCTTTCGGGA               G-ATG TACG CATAC                CCGGGAGATAGGAAA
 1.4      38 ..      49   TAGTCTTTCGGGAGA                TGTA CGCA TACC                 CGGGAGATAGGAAAC
 0.3      33 ..      50   CAGCCTAGTCTTTCG             GGAGATG TACG CATACCC              GGGAGATAGGAAACT
-1.8      31 ..      51   CCCAGCCTAGTCTTT           CGGGAGATG TACG CATA-CCCG            GGAGATAGGAAACTC
-0.5      30 ..      52   ACCCAGCCTAGTCTT          TCGGGAGATG TACG CATA-CCCGG           GAGATAGGAAACTCC
 0.8      29 ..      53   CACCCAGCCTAGTCT         TTCGGGAGATG TACG CATA-CCCGGG          AGATAGGAAACTCCC
-0.1      28 ..      54   TCACCCAGCCTAGTC        TTTCGGGAGATG TACG CATA-CCCGGGA         GATAGGAAACTCCCG
-2.4      27 ..      55   ATCACCCAGCCTAGT       CTTTCGGGAGATG TACG CATA-CCCGGGAG        ATAGGAAACTCCCGG
-3.3      26 ..      56   CATCACCCAGCCTAG      TCTTTCGGGAGATG TACG CATA-CCCGGGAGA       TAGGAAACTCCCGGA
  -2      25 ..      57   TCATCACCCAGCCTA     GTCTTTCGGGAGATG TACG CATA-CCCGGGAGAT      AGGAAACTCCCGGAG
 0.9      23 ..      58   CATCATCACCCAGCC   TAGTCTTTCGGGAGATG TACG CATA-CCCGGGAGA-TA    GGAAACTCCCGGAGG
-1.4      22 ..      59   CCATCATCACCCAGC  CTAGTCTTTCGGGAGATG TACG CATA-CCCGGGAGA-TAG   GAAACTCCCGGAGGT
-3.7      21 ..      60   ACCATCATCACCCAG CCTAGTCTTTCGGGAGATG TACG CATA-CCCGGGAGA-TAGG  AAACTCCCGGAGGTG
-0.2      20 ..      61   CACCATCATCACCCA GCCTAGTCTTTCGGGAGATG TACG CATA-CCCGGGAGA-TAGGA AACTCCCGGAGGTGA
 3.3      19 ..      62   TCACCATCATCACCC AGCCTAGTCTTTCGGGAGATG TACG CATA-CCCGGGAGA-TAGGAA ACTCCCGGAGGTGAA
 6.8      18 ..      63   ATCACCATCATCACC CAGCCTAGTCTTTCGGGAGATG TACG CATA-CCCGGGAGA-TAGGAAA CTCCCGGAGGTGAAA
 5.7      53 ..      64   TGTACGCATACCCGG                G AGATAGGAAA C                 TCCCGGAGGTGAAAA
 1.4      54 ..      65   GTACGCATACCCGGG                AGAT AGGA AACT                 CCCGGAGGTGAAAAT
-0.9      53 ..      66   TGTACGCATACCCGG               GAGAT AGGA AACTC                CCGGAGGTGAAAATC
-3.2      52 ..      67   ATGTACGCATACCCG              GGAGAT AGGA AACTCC               CGGAGGTGAAAATCA
-5.5      51 ..      68   GATGTACGCATACCC             GGGAGAT AGGA AACTCCC              GGAGGTGAAAATCAA
-7.8      50 ..      69   AGATGTACGCATACC            CGGGAGAT AGGA AACTCCCG             GAGGTGAAAATCAAA
-10.1      49 ..      70   GAGATGTACGCATAC           CCGGGAGAT AGGA AACTCCCGG            AGGTGAAAATCAAAG
-6.6      48 ..      71   GGAGATGTACGCATA          CCCGGGAGAT AGGA AACTCCCGGA           GGTGAAAATCAAAGT
-6.4      48 ..      72   GGAGATGTACGCATA         C-CCGGGAGAT AGGA AACTCCCGGAG          GTGAAAATCAAAGTG
-2.9      47 ..      73   GGGAGATGTACGCAT        AC-CCGGGAGAT AGGA AACTCCCGGAGG         TGAAAATCAAAGTGA
-2.7      45 ..      74   TCGGGAGATGTACGC       ATACCCGGGAGAT AGGA AACTCCCGGAGGT        GAAAATCAAAGTGAA
  -5      44 ..      75   TTCGGGAGATGTACG      CATACCCGGGAGAT AGGA AACTCCCGGAGGTG       AAAATCAAAGTGAAA
-1.5      43 ..      76   TTTCGGGAGATGTAC     GCATACCCGGGAGAT AGGA AACTCCCGGAGGTGA      AAATCAAAGTGAAAA
   2      42 ..      77   CTTTCGGGAGATGTA    CGCATACCCGGGAGAT AGGA AACTCCCGGAGGTGAA     AATCAAAGTGAAAAC
 5.5      41 ..      78   TCTTTCGGGAGATGT   ACGCATACCCGGGAGAT AGGA AACTCCCGGAGGTGAAA    ATCAAAGTGAAAACA
 4.6      40 ..      79   GTCTTTCGGGAGATG  TACGCATACCCGGGAGAT AGGA AACTCCCGGAGGTGAAAA   TCAAAGTGAAAACAG
 5.5      37 ..      80   CTAGTCTTTCGGGAG ATGTACGCATACCCGGGAGAT AGGA AACTCCCGG--AGGTGAAAAT CAAAGTGAAAACAGA
 2.8      70 ..      81   GATAGGAAACTCCCG                GA GGTGAAAA TC                 AAAGTGAAAACAGAT
 3.6      71 ..      82   ATAGGAAACTCCCGG                AGGT GAAA ATCA                 AAGTGAAAACAGATT
 0.4      73 ..      83   AGGAAACTCCCGGAG                 GTGA AAA TCAA                 AGTGAAAACAGATTT
 3.9      72 ..      84   TAGGAAACTCCCGGA                GGTGA AAA TCAAA                GTGAAAACAGATTTT
 7.4      71 ..      85   ATAGGAAACTCCCGG               AGGTGA AAA TCAAAG               TGAAAACAGATTTTA
 6.1      76 ..      86   AAACTCCCGGAGGTG                 A AAATCAAAG T                 GAAAACAGATTTTAA
 6.2      77 ..      87   AACTCCCGGAGGTGA                 AAAT CAA AGTG                 AAAACAGATTTTAAA
 8.6      65 ..      88   CGGGAGATAGGAAAC          TCCCGGAGGT GAAA ATCAAAGTGA           AAACAGATTTTAAAC
 0.4      79 ..      89   CTCCCGGAGGTGAAA                 ATCA AAG TGAA                 AACAGATTTTAAACC
 3.9      78 ..      90   ACTCCCGGAGGTGAA                AATCA AAG TGAAA                ACAGATTTTAAACCC
 7.1      80 ..      91   TCCCGGAGGTGAAAA                T CAAAGTGAAA A                 CAGATTTTAAACCCT
None      82 ..      92   CCGGAGGTGAAAATC                  AAAGTGAAAAC                  AGATTTTAAACCCTC
 8.3      83 ..      93   CGGAGGTGAAAATCA                AAGT GAAA ACA-                 GATTTTAAACCCTCG
 5.8      83 ..      94   CGGAGGTGAAAATCA                AAGT GAAA ACAG                 ATTTTAAACCCTCGG
 5.8      84 ..      95   GGAGGTGAAAATCAA                AGTG AAAA CAGA                 TTTTAAACCCTCGGG
 4.9      83 ..      96   CGGAGGTGAAAATCA               AAGTG AAAA CAGAT                TTTAAACCCTCGGGA
   4      82 ..      97   CCGGAGGTGAAAATC              AAAGTG AAAA CAGATT               TTAAACCCTCGGGAG
 0.3      88 ..      98   GTGAAAATCAAAGTG                 AAA ACAGA TTT                 TAAACCCTCGGGAGA
-1.6      88 ..      99   GTGAAAATCAAAGTG                AAAA CAGA TTTT                 AAACCCTCGGGAGAC
 0.7      86 ..     100   AGGTGAAAATCAAAG               TGAAA ACAGA TTTTA               AACCCTCGGGAGACC
   1      86 ..     101   AGGTGAAAATCAAAG              TGAAAA CAGA TTTTAA               ACCCTCGGGAGACCA
 4.5      85 ..     102   GAGGTGAAAATCAAA             GTGAAAA CAGA TTTTAAA              CCCTCGGGAGACCAA
 4.1      85 ..     103   GAGGTGAAAATCAAA             GTGAAAA CAGAT TTTAAAC             CCTCGGGAGACCAAC
 0.4      94 ..     104   ATCAAAGTGAAAACA                 GATT TTA AACC                 CTCGGGAGACCAACA
 3.9      93 ..     105   AATCAAAGTGAAAAC                AGATT TTA AACCC                TCGGGAGACCAACAT
 4.8      93 ..     106   AATCAAAGTGAAAAC               AG ATTTTAAACC CT                CGGGAGACCAACATC
 4.8      94 ..     107   ATCAAAGTGAAAACA               GA TTTTAAACCC TC                GGGAGACCAACATCT
 6.9      98 ..     108   AAGTGAAAACAGATT                 TTA AACCC TCG                 GGAGACCAACATCTC
 5.1      67 ..     109   GGAGATAGGAAACTC CCGGAGG-TGAAAATC AAAGTGAAAACA GATTTTAAACCCTCGG GAGACCAACATCTCT
 2.8      66 ..     110   GGGAGATAGGAAACT CCCGGAGG-TGAAAATC AAAGTGAAAACA GATTTTAAACCCTCGGG AGACCAACATCTCTC
 1.9      65 ..     111   CGGGAGATAGGAAAC TCCCGGAGG-TGAAAATC AAAGTGAAAACA GATTTTAAACCCTCGGGA GACCAACATCTCTCG
-0.4      64 ..     112   CCGGGAGATAGGAAA CTCCCGGAGG-TGAAAATC AAAGTGAAAACA GATTTTAAACCCTCGGGAG ACCAACATCTCTCGA
 3.1      63 ..     113   CCCGGGAGATAGGAA ACTCCCGGAGG-TGAAAATC AAAGTGAAAACA GATTTTAAACCCTCGGGAGA CCAACATCTCTCGAG
 5.8     103 ..     114   AAAACAGATTTTAAA                CCCT CGGG AGAC                 CAACATCTCTCGAGG
 5.8     104 ..     115   AAACAGATTTTAAAC                CCTC GGGA GACC                 AACATCTCTCGAGGG
 2.5     106 ..     116   ACAGATTTTAAACCC                TCGG GAGA CC-A                 ACATCTCTCGAGGGT
9.537e-08     106 ..     117   ACAGATTTTAAACCC                TCGG GAGA CCAA                 CATCTCTCGAGGGTT
 3.5     105 ..     118   AACAGATTTTAAACC               CTCGG GAGA CCAAC                ATCTCTCGAGGGTTT
 6.2     109 ..     119   GATTTTAAACCCTCG                 GG AGACCAA CA                 TCTCTCGAGGGTTTT
 5.5     110 ..     120   ATTTTAAACCCTCGG                 GAG ACCAA CAT                 CTCTCGAGGGTTTTT
 2.8     110 ..     121   ATTTTAAACCCTCGG                GA GACCAACA TC                 TCTCGAGGGTTTTTT
-0.1     111 ..     122   TTTTAAACCCTCGGG                AGA CCAACA TCT                 CTCGAGGGTTTTTTA
-2.4     110 ..     123   ATTTTAAACCCTCGG               GAGA CCAACA TCTC                TCGAGGGTTTTTTAG
-1.1     109 ..     124   GATTTTAAACCCTCG              GGAGA CCAACA TCTCT               CGAGGGTTTTTTAGx
-3.4     108 ..     125   AGATTTTAAACCCTC             GGGAGA CCAACA TCTCTC              GAGGGTTTTTTAGxx
-5.7     107 ..     126   CAGATTTTAAACCCT            CGGGAGA CCAACA TCTCTCG             AGGGTTTTTTAGxxx
-6.6     106 ..     127   ACAGATTTTAAACCC           TCGGGAGA CCAACA TCTCTCGA            GGGTTTTTTAGxxxx
-8.9     105 ..     128   AACAGATTTTAAACC          CTCGGGAGA CCAACA TCTCTCGAG           GGTTTTTTAGxxxxx
-11.2     104 ..     129   AAACAGATTTTAAAC         CCTCGGGAGA CCAACA TCTCTCGAGG          GTTTTTTAGxxxxxx
-13.5     103 ..     130   AAAACAGATTTTAAA        CCCTCGGGAGA CCAACA TCTCTCGAGGG         TTTTTTAGxxxxxxx
-14.4     102 ..     131   GAAAACAGATTTTAA       ACCCTCGGGAGA CCAACA TCTCTCGAGGGT        TTTTTAGxxxxxxxx
-15.3     101 ..     132   TGAAAACAGATTTTA      AACCCTCGGGAGA CCAACA TCTCTCGAGGGTT       TTTTAGxxxxxxxxx
-16.2     100 ..     133   GTGAAAACAGATTTT     AAACCCTCGGGAGA CCAACA TCTCTCGAGGGTTT      TTTAGxxxxxxxxxx
-12.7      99 ..     134   AGTGAAAACAGATTT    TAAACCCTCGGGAGA CCAACA TCTCTCGAGGGTTTT     TTAGxxxxxxxxxxx
-9.2      98 ..     135   AAGTGAAAACAGATT   TTAAACCCTCGGGAGA CCAACA TCTCTCGAGGGTTTTT    TAGxxxxxxxxxxxx
-5.7      97 ..     136   AAAGTGAAAACAGAT  TTTAAACCCTCGGGAGA CCAACA TCTCTCGAGGGTTTTTT   AGxxxxxxxxxxxxx
-6.6      96 ..     137   CAAAGTGAAAACAGA TTTTAAACCCTCGGGAGA CCAACA TCTCTCGAGGGTTTTTTA  Gxxxxxxxxxxxxxx
