>AF067154.1:1449-1500 HIV-1 isolate 301999 from India, complete genome FORWARD
   4       1 ..      11   xxxxxxxxxxxxxxx                 TTTT TTA GGGA                 AAATTTGGCCTTCCC
 1.8       2 ..      12   xxxxxxxxxxxxxxT                 TTTT TAG GGAA                 AATTTGGCCTTCCCA
-0.4       3 ..      13   xxxxxxxxxxxxxTT                 TTTT AGG GAAA                 ATTTGGCCTTCCCAC
-1.6       3 ..      14   xxxxxxxxxxxxxTT                TTTT AGGG AAAA                 TTTGGCCTTCCCACA
 1.9       2 ..      15   xxxxxxxxxxxxxxT               TTTTT AGGG AAAAT                TTGGCCTTCCCACAA
 5.4       1 ..      16   xxxxxxxxxxxxxxx              TTTTTT AGGG AAAATT               TGGCCTTCCCACAAG
 4.7       7 ..      17   xxxxxxxxxTTTTTT                 AGG GAAAA TTT                 GGCCTTCCCACAAGG
   6       6 ..      18   xxxxxxxxxxTTTTT                TAGG GAAAA TTTG                GCCTTCCCACAAGGG
 6.2       9 ..      19   xxxxxxxTTTTTTAG                 GGAA AAT TTGG                 CCTTCCCACAAGGGG
 3.9       8 ..      20   xxxxxxxxTTTTTTA                GGGAA AAT TTGGC                CTTCCCACAAGGGGA
 2.4       9 ..      21   xxxxxxxTTTTTTAG                GG AAAATTTGG CC                TTCCCACAAGGGGAG
 2.5       7 ..      22   xxxxxxxxxTTTTTT              AGG GAAAATTTGG CCT               TCCCACAAGGGGAGG
 2.8       7 ..      23   xxxxxxxxxTTTTTT              AGGG AAAATTTGG CCTT              CCCACAAGGGGAGGC
 2.9      10 ..      24   xxxxxxTTTTTTAGG               GAA AATTTGGCC TTC               CCACAAGGGGAGGCC
 0.6       9 ..      25   xxxxxxxTTTTTTAG              GGAA AATTTGGCC TTCC              CACAAGGGGAGGCCA
-1.7       8 ..      26   xxxxxxxxTTTTTTA             GGGAA AATTTGGCC TTCCC             ACAAGGGGAGGCCAG
-2.5      17 ..      27   TTTTTAGGGAAAATT                 TGG CCTTC CCA                 CAAGGGGAGGCCAGG
   1      16 ..      28   TTTTTTAGGGAAAAT                TTGG CCTTC CCAC                AAGGGGAGGCCAGGG
 0.1      15 ..      29   xTTTTTTAGGGAAAA               TTTGG CCTTC CCACA               AGGGGAGGCCAGGGA
 1.7      15 ..      30   xTTTTTTAGGGAAAA              TT-TGG CCTTC CCACAA              GGGGAGGCCAGGGAA
-1.1      21 ..      31   TAGGGAAAATTTGGC                 CTT CCCAC AAG                 GGGAGGCCAGGGAAT
-3.4      20 ..      32   TTAGGGAAAATTTGG                CCTT CCCAC AAGG                GGAGGCCAGGGAATT
-0.3      23 ..      33   GGGAAAATTTGGCCT                 TCC CACAA GGG                 GAGGCCAGGGAATTT
-3.9      24 ..      34   GGAAAATTTGGCCTT                 CCC ACAAG GGG                 AGGCCAGGGAATTTC
-4.8      23 ..      35   GGGAAAATTTGGCCT                TCCC ACAAG GGGA                GGCCAGGGAATTTCC
-6.8      21 ..      36   TAGGGAAAATTTGGC              CTTCCC ACAA GGGGAG               GCCAGGGAATTTCCT
-9.1      20 ..      37   TTAGGGAAAATTTGG             CCTTCCC ACAA GGGGAGG              CCAGGGAATTTCCTT
-11.4      19 ..      38   TTTAGGGAAAATTTG            GCCTTCCC ACAA GGGGAGGC             CAGGGAATTTCCTTx
-13.7      18 ..      39   TTTTAGGGAAAATTT           GGCCTTCCC ACAA GGGGAGGCC            AGGGAATTTCCTTxx
-14.6      17 ..      40   TTTTTAGGGAAAATT          TGGCCTTCCC ACAA GGGGAGGCCA           GGGAATTTCCTTxxx
-13.3      16 ..      41   TTTTTTAGGGAAAAT         TTGGCCTTCCC ACAA GGGGAGGCCAG          GGAATTTCCTTxxxx
 -12      15 ..      42   xTTTTTTAGGGAAAA        TTTGGCCTTCCC ACAA GGGGAGGCCAGG         GAATTTCCTTxxxxx
-8.5      14 ..      43   xxTTTTTTAGGGAAA       ATTTGGCCTTCCC ACAA GGGGAGGCCAGGG        AATTTCCTTxxxxxx
  -5      13 ..      44   xxxTTTTTTAGGGAA      AATTTGGCCTTCCC ACAA GGGGAGGCCAGGGA       ATTTCCTTxxxxxxx
-1.5      12 ..      45   xxxxTTTTTTAGGGA     AAATTTGGCCTTCCC ACAA GGGGAGGCCAGGGAA      TTTCCTTxxxxxxxx
-2.4      11 ..      46   xxxxxTTTTTTAGGG    AAAATTTGGCCTTCCC ACAA GGGGAGGCCAGGGAAT     TTCCTTxxxxxxxxx
-1.1      10 ..      47   xxxxxxTTTTTTAGG   GAAAATTTGGCCTTCCC ACAA GGGGAGGCCAGGGAATT    TCCTTxxxxxxxxxx
-1.4      11 ..      48   xxxxxTTTTTTAGGG  AAAATT--TGGCCTTCCC ACAA GGGGAGGCCAGGGAATTT   CCTTxxxxxxxxxxx
-3.7      10 ..      49   xxxxxxTTTTTTAGG GAAAATT--TGGCCTTCCC ACAA GGGGAGGCCAGGGAATTTC  CTTxxxxxxxxxxxx
  -6       9 ..      50   xxxxxxxTTTTTTAG GGAAAATT--TGGCCTTCCC ACAA GGGGAGGCCAGGGAATTTCC TTxxxxxxxxxxxxx
  -5       7 ..      51   xxxxxxxxxTTTTTT AGGGAA-AATTTGGCCTTCCC ACAA GGGGAGGCCAGGGAATTTCCT Txxxxxxxxxxxxxx
