>URS0000D676F5 ncRNA from 1 species FORWARD
None       1 ..      11   xxxxxxxxxxxxxxx                  GAUCAGCAAUA                  GGGCAUAGGUGACAC
None       2 ..      12   xxxxxxxxxxxxxxG                  AUCAGCAAUAG                  GGCAUAGGUGACACA
 6.2       3 ..      13   xxxxxxxxxxxxxGA                 UC AGCAAUA GG                 GCAUAGGUGACACAA
 4.7       4 ..      14   xxxxxxxxxxxxGAU                 C AGCAAUAGG G                 CAUAGGUGACACAAG
 5.4       5 ..      15   xxxxxxxxxxxGAUC                AGC AAUAGG GC-                 AUAGGUGACACAAGG
 2.9       5 ..      16   xxxxxxxxxxxGAUC                AGC AAUAGG GCA                 UAGGUGACACAAGGC
 6.4       4 ..      17   xxxxxxxxxxxxGAU               CAGC AAUAGG GCAU                AGGUGACACAAGGCA
None       8 ..      18   xxxxxxxxGAUCAGC                  AAUAGGGCAUA                  GGUGACACAAGGCAG
 6.7       7 ..      19   xxxxxxxxxGAUCAG                C AAUAGGGCAUA G                GUGACACAAGGCAGU
 7.7       7 ..      20   xxxxxxxxxGAUCAG               C AAUAGGGCAUAG G                UGACACAAGGCAGUU
None      11 ..      21   xxxxxGAUCAGCAAU                  AGGGCAUAGGU                  GACACAAGGCAGUUG
None      12 ..      22   xxxxGAUCAGCAAUA                  GGGCAUAGGUG                  ACACAAGGCAGUUGU
None      13 ..      23   xxxGAUCAGCAAUAG                  GGCAUAGGUGA                  CACAAGGCAGUUGUC
 2.9      13 ..      24   xxxGAUCAGCAAUAG                GGC AUAGGU GAC                 ACAAGGCAGUUGUCA
 6.4      12 ..      25   xxxxGAUCAGCAAUA               GGGC AUAGGU GACA                CAAGGCAGUUGUCAC
 5.9      12 ..      26   xxxxGAUCAGCAAUA               GGG CAUAGGUGA CAC               AAGGCAGUUGUCACG
None      17 ..      27   AUCAGCAAUAGGGCA                  UAGGUGACACA                  AGGCAGUUGUCACGA
 7.7      18 ..      28   UCAGCAAUAGGGCAU                 AGG UGACA CAA                 GGCAGUUGUCACGAC
 8.7      15 ..      29   xGAUCAGCAAUAGGG               C AUAGGUGACACAA G               GCAGUUGUCACGACG
None      20 ..      30   AGCAAUAGGGCAUAG                  GUGACACAAGG                  CAGUUGUCACGACGG
 5.7      20 ..      31   AGCAAUAGGGCAUAG                G UGACACAAGG C                 AGUUGUCACGACGGA
 4.4      21 ..      32   GCAAUAGGGCAUAGG                UGAC ACAA GGCA                 GUUGUCACGACGGAA
 7.9      20 ..      33   AGCAAUAGGGCAUAG               GUGAC ACAA GGCAG                UUGUCACGACGGAAC
 7.2      23 ..      34   AAUAGGGCAUAGGUG                AC ACAAGGCA GU                 UGUCACGACGGAACU
 8.7      24 ..      35   AUAGGGCAUAGGUGA                CAC AAGGCA GUU                 GUCACGACGGAACUC
 4.7      26 ..      36   AGGGCAUAGGUGACA                 C AAGGCAGUU G                 UCACGACGGAACUCU
 8.2      25 ..      37   UAGGGCAUAGGUGAC                AC AAGGCAGUU GU                CACGACGGAACUCUG
 6.9      28 ..      38   GGCAUAGGUGACACA                AGGC AGUU GUC-                 ACGACGGAACUCUGU
 4.4      28 ..      39   GGCAUAGGUGACACA                AGGC AGUU GUCA                 CGACGGAACUCUGUG
 4.7      30 ..      40   CAUAGGUGACACAAG                 G CAGUUGUCA C                 GACGGAACUCUGUGC
 4.7      31 ..      41   AUAGGUGACACAAGG                 C AGUUGUCAC G                 ACGGAACUCUGUGCC
 8.2      30 ..      42   CAUAGGUGACACAAG                GC AGUUGUCAC GA                CGGAACUCUGUGCCC
 3.4      33 ..      43   AGGUGACACAAGGCA                 GUUG UCA CGAC                 GGAACUCUGUGCCCG
 6.9      32 ..      44   UAGGUGACACAAGGC                AGUUG UCA CGACG                GAACUCUGUGCCCGG
 4.6      31 ..      45   AUAGGUGACACAAGG               CAGUUG UCA CGACGG               AACUCUGUGCCCGGA
 7.7      36 ..      46   UGACACAAGGCAGUU                 GUC ACGAC GGA                 ACUCUGUGCCCGGAA
 8.7      36 ..      47   UGACACAAGGCAGUU                GUC ACGACG GAA                 CUCUGUGCCCGGAAG
 6.7      36 ..      48   UGACACAAGGCAGUU                G UCACGACGGAA C                UCUGUGCCCGGAAGA
None      39 ..      49   CACAAGGCAGUUGUC                  ACGACGGAACU                  CUGUGCCCGGAAGAC
 8.7      36 ..      50   UGACACAAGGCAGUU               G UCACGACGGAACU C               UGUGCCCGGAAGACU
 7.2      40 ..      51   ACAAGGCAGUUGUCA                CG ACGGAACU CU                 GUGCCCGGAAGACUU
 6.7      40 ..      52   ACAAGGCAGUUGUCA                C GACGGAACUCU G                UGCCCGGAAGACUUG
 4.4      42 ..      53   AAGGCAGUUGUCACG                ACGG AACU CUGU                 GCCCGGAAGACUUGC
 5.7      43 ..      54   AGGCAGUUGUCACGA                C GGAACUCUGU G                 CCCGGAAGACUUGCA
 3.4      45 ..      55   GCAGUUGUCACGACG                 GAAC UCU GUGC                 CCGGAAGACUUGCAA
 1.1      44 ..      56   GGCAGUUGUCACGAC                GGAAC UCU GUGCC                CGGAAGACUUGCAAA
 3.4      44 ..      57   GGCAGUUGUCACGAC               GG AACUCUGUGC CC                GGAAGACUUGCAAAG
 1.1      43 ..      58   AGGCAGUUGUCACGA              CGG AACUCUGUGC CCG               GAAGACUUGCAAAGG
 3.4      49 ..      59   UUGUCACGACGGAAC                 UCUG UGC CCGG                 AAGACUUGCAAAGGU
 4.4      49 ..      60   UUGUCACGACGGAAC                UCUG UGCC CGGA                 AGACUUGCAAAGGUA
 7.9      48 ..      61   GUUGUCACGACGGAA               CUCUG UGCC CGGAA                GACUUGCAAAGGUAC
 6.7      50 ..      62   UGUCACGACGGAACU                C UGUGCCCGGAA G                ACUUGCAAAGGUACU
None      53 ..      63   CACGACGGAACUCUG                  UGCCCGGAAGA                  CUUGCAAAGGUACUU
 1.9      54 ..      64   ACGACGGAACUCUGU                 GCC CGGAA GAC                 UUGCAAAGGUACUUU
 5.4      53 ..      65   CACGACGGAACUCUG                UGCC CGGAA GACU                UGCAAAGGUACUUUC
 7.7      56 ..      66   GACGGAACUCUGUGC                 CCG GAAGA CUU                 GCAAAGGUACUUUCC
 4.4      56 ..      67   GACGGAACUCUGUGC                CCGG AAGA CUUG                 CAAAGGUACUUUCCC
 3.1      54 ..      68   ACGACGGAACUCUGU               GCCCG GAAGA CUUGC               AAAGGUACUUUCCCU
 6.6      53 ..      69   CACGACGGAACUCUG              UGCCCG GAAGA CUUGCA              AAGGUACUUUCCCUU
 7.7      60 ..      70   GAACUCUGUGCCCGG                 AAG ACUUG CAA                 AGGUACUUUCCCUUC
None      61 ..      71   AACUCUGUGCCCGGA                  AGACUUGCAAA                  GGUACUUUCCCUUCC
None      62 ..      72   ACUCUGUGCCCGGAA                  GACUUGCAAAG                  GUACUUUCCCUUCCx
 6.2      63 ..      73   CUCUGUGCCCGGAAG                 AC UUGCAAA GG                 UACUUUCCCUUCCxx
 7.2      63 ..      74   CUCUGUGCCCGGAAG                AC UUGCAAAG GU                 ACUUUCCCUUCCxxx
None      65 ..      75   CUGUGCCCGGAAGAC                  UUGCAAAGGUA                  CUUUCCCUUCCxxxx
 8.7      62 ..      76   ACUCUGUGCCCGGAA               G ACUUGCAAAGGUA C               UUUCCCUUCCxxxxx
 7.2      66 ..      77   UGUGCCCGGAAGACU                UG CAAAGGUA CU                 UUCCCUUCCxxxxxx
None      68 ..      78   UGCCCGGAAGACUUG                  CAAAGGUACUU                  UCCCUUCCxxxxxxx
None      69 ..      79   GCCCGGAAGACUUGC                  AAAGGUACUUU                  CCCUUCCxxxxxxxx
 7.7      67 ..      80   GUGCCCGGAAGACUU               G CAAAGGUACUUU C                CCUUCCxxxxxxxxx
 5.4      71 ..      81   CCGGAAGACUUGCAA                AGG UACUUU CC-                 CUUCCxxxxxxxxxx
 0.4      72 ..      82   CGGAAGACUUGCAAA                 GG UACUUUC CC                 UUCCxxxxxxxxxxx
 3.9      71 ..      83   CCGGAAGACUUGCAA                AGG UACUUUC CCU                UCCxxxxxxxxxxxx
 7.4      70 ..      84   CCCGGAAGACUUGCA               AAGG UACUUUC CCUU               CCxxxxxxxxxxxxx
 6.7      73 ..      85   GGAAGACUUGCAAAG                G UACUUUCCCUU C                Cxxxxxxxxxxxxxx
