>URS0000D66C4C ncRNA from 1 species FORWARD
 4.7       1 ..      11   xxxxxxxxxxxxxxx                 G UCACGCGAG C                 GGCAACGGCUAACGG
 6.9       2 ..      12   xxxxxxxxxxxxxxG                UCAC GCGA GCG-                 GCAACGGCUAACGGU
 1.1       3 ..      13   xxxxxxxxxxxxxGU                CACG CGAG CG-G                 CAACGGCUAACGGUG
 2.1       1 ..      14   xxxxxxxxxxxxxxx               GUCAC GCGA GCGGC                AACGGCUAACGGUGA
 1.9       5 ..      15   xxxxxxxxxxxGUCA                 CGC GAGCG GCA                 ACGGCUAACGGUGAG
 5.4       4 ..      16   xxxxxxxxxxxxGUC                ACGC GAGCG GCAA                CGGCUAACGGUGAGU
 5.7       6 ..      17   xxxxxxxxxxGUCAC                G CGAGCGGCAA C                 GGCUAACGGUGAGUA
 1.4       7 ..      18   xxxxxxxxxGUCACG                CG AGCGGCAA CG                 GCUAACGGUGAGUAC
 4.9       6 ..      19   xxxxxxxxxxGUCAC               GCG AGCGGCAA CGG                CUAACGGUGAGUACC
-2.4      10 ..      20   xxxxxxGUCACGCGA                 GCGG CAA CGGC                 UAACGGUGAGUACCC
 1.1       9 ..      21   xxxxxxxGUCACGCG                AGCGG CAA CGGCU                AACGGUGAGUACCCU
 4.4      11 ..      22   xxxxxGUCACGCGAG                CGGC AACG GCUA                 ACGGUGAGUACCCUC
 7.9      10 ..      23   xxxxxxGUCACGCGA               GCGGC AACG GCUAA                CGGUGAGUACCCUCA
 5.7      13 ..      24   xxxGUCACGCGAGCG                G CAACGGCUAA C                 GGUGAGUACCCUCAC
 3.5       5 ..      25   xxxxxxxxxxxGUCA            CGCGAGCGG CAA CGGCUAACG            GUGAGUACCCUCACC
 1.9      16 ..      26   GUCACGCGAGCGGCA                 ACG GCUAA CGG                 UGAGUACCCUCACCC
 4.4      16 ..      27   GUCACGCGAGCGGCA                ACGG CUAA CGGU                 GAGUACCCUCACCCU
 3.1      14 ..      28   xxGUCACGCGAGCGG               CAACG GCUAA CGGUG               AGUACCCUCACCCUC
 6.2      19 ..      29   ACGCGAGCGGCAACG                 GC UAACGGU GA                 GUACCCUCACCCUCU
 4.7      20 ..      30   CGCGAGCGGCAACGG                 C UAACGGUGA G                 UACCCUCACCCUCUG
 8.2      19 ..      31   ACGCGAGCGGCAACG                GC UAACGGUGA GU                ACCCUCACCCUCUGG
 7.7      22 ..      32   CGAGCGGCAACGGCU                 AAC GGUGA GUA                 CCCUCACCCUCUGGC
 8.7      19 ..      33   ACGCGAGCGGCAACG               G CUAACGGUGAGUA C               CCUCACCCUCUGGCC
 5.4      24 ..      34   AGCGGCAACGGCUAA                CGG UGAGUA CC-                 CUCACCCUCUGGCCU
 0.4      25 ..      35   GCGGCAACGGCUAAC                 GG UGAGUAC CC                 UCACCCUCUGGCCUA
 3.9      24 ..      36   AGCGGCAACGGCUAA                CGG UGAGUAC CCU                CACCCUCUGGCCUAC
 2.9      26 ..      37   CGGCAACGGCUAACG                GUG AGUACC CUC                 ACCCUCUGGCCUACC
 4.4      27 ..      38   GGCAACGGCUAACGG                UGAG UACC CUCA                 CCCUCUGGCCUACCU
 2.1      26 ..      39   CGGCAACGGCUAACG               GUGAG UACC CUCAC                CCUCUGGCCUACCUU
-0.2      25 ..      40   GCGGCAACGGCUAAC              GGUGAG UACC CUCACC               CUCUGGCCUACCUUA
 3.3      24 ..      41   AGCGGCAACGGCUAA             CGGUGAG UACC CUCACCC              UCUGGCCUACCUUAA
 6.8      23 ..      42   GAGCGGCAACGGCUA            ACGGUGAG UACC CUCACCCU             CUGGCCUACCUUAAG
 6.1      26 ..      43   CGGCAACGGCUAACG             GUGAG UACCCUCA CCCUC              UGGCCUACCUUAAGA
None      34 ..      44   GCUAACGGUGAGUAC                  CCUCACCCUCU                  GGCCUACCUUAAGAA
 4.7      35 ..      45   CUAACGGUGAGUACC                 C UCACCCUCU G                 GCCUACCUUAAGAAC
 2.4      34 ..      46   GCUAACGGUGAGUAC                CC UCACCCUCU GG                CCUACCUUAAGAACG
 5.9      33 ..      47   GGCUAACGGUGAGUA               CCC UCACCCUCU GGC               CUACCUUAAGAACGG
 3.4      38 ..      48   ACGGUGAGUACCCUC                 ACCC UCU GGCC                 UACCUUAAGAACGGG
 6.9      37 ..      49   AACGGUGAGUACCCU                CACCC UCU GGCCU                ACCUUAAGAACGGGA
None      40 ..      50   GGUGAGUACCCUCAC                  CCUCUGGCCUA                  CCUUAAGAACGGGAU
None      41 ..      51   GUGAGUACCCUCACC                  CUCUGGCCUAC                  CUUAAGAACGGGAUA
None      42 ..      52   UGAGUACCCUCACCC                  UCUGGCCUACC                  UUAAGAACGGGAUAG
 6.9      43 ..      53   GAGUACCCUCACCCU                CUGG CCUA CCU-                 UAAGAACGGGAUAGU
 4.4      43 ..      54   GAGUACCCUCACCCU                CUGG CCUA CCUU                 AAGAACGGGAUAGUU
 7.9      42 ..      55   UGAGUACCCUCACCC               UCUGG CCUA CCUUA                AGAACGGGAUAGUUC
None      46 ..      56   UACCCUCACCCUCUG                  GCCUACCUUAA                  GAACGGGAUAGUUCU
 4.7      47 ..      57   ACCCUCACCCUCUGG                 C CUACCUUAA G                 AACGGGAUAGUUCUU
 7.2      47 ..      58   ACCCUCACCCUCUGG                CC UACCUUAA GA                 ACGGGAUAGUUCUUC
 7.7      49 ..      59   CCUCACCCUCUGGCC                 UAC CUUAA GAA                 CGGGAUAGUUCUUCA
 8.4      45 ..      60   GUACCCUCACCCUCU              GGCC UACCUUAA GAAC               GGGAUAGUUCUUCAG
 4.7      51 ..      61   UCACCCUCUGGCCUA                 C CUUAAGAAC G                 GGAUAGUUCUUCAGG
 1.4      51 ..      62   UCACCCUCUGGCCUA                CC UUAAGAAC GG                 GAUAGUUCUUCAGGC
 2.4      51 ..      63   UCACCCUCUGGCCUA                CC UUAAGAACG GG                AUAGUUCUUCAGGCU
 5.9      50 ..      64   CUCACCCUCUGGCCU               ACC UUAAGAACG GGA               UAGUUCUUCAGGCUG
None      55 ..      65   CCUCUGGCCUACCUU                  AAGAACGGGAU                  AGUUCUUCAGGCUGU
None      56 ..      66   CUCUGGCCUACCUUA                  AGAACGGGAUA                  GUUCUUCAGGCUGUU
None      57 ..      67   UCUGGCCUACCUUAA                  GAACGGGAUAG                  UUCUUCAGGCUGUUU
None      58 ..      68   CUGGCCUACCUUAAG                  AACGGGAUAGU                  UCUUCAGGCUGUUUG
 8.7      58 ..      69   CUGGCCUACCUUAAG                AAC GGGAUA GUU                 CUUCAGGCUGUUUGC
 6.4      57 ..      70   UCUGGCCUACCUUAA               GAAC GGGAUA GUUC                UUCAGGCUGUUUGCG
 6.2      61 ..      71   GCCUACCUUAAGAAC                 GG GAUAGUU CU                 UCAGGCUGUUUGCGG
 8.7      61 ..      72   GCCUACCUUAAGAAC                GGG AUAGUU CUU                 CAGGCUGUUUGCGGG
 4.7      63 ..      73   CUACCUUAAGAACGG                 G AUAGUUCUU C                 AGGCUGUUUGCGGGU
 8.2      62 ..      74   CCUACCUUAAGAACG                GG AUAGUUCUU CA                GGCUGUUUGCGGGUU
 6.9      60 ..      75   GGCCUACCUUAAGAA              CGG GAUAGUUCUU CAG               GCUGUUUGCGGGUUC
None      66 ..      76   CCUUAAGAACGGGAU                  AGUUCUUCAGG                  CUGUUUGCGGGUUCC
 4.7      67 ..      77   CUUAAGAACGGGAUA                 G UUCUUCAGG C                 UGUUUGCGGGUUCCG
 7.7      68 ..      78   UUAAGAACGGGAUAG                 UUC UUCAG GCU                 GUUUGCGGGUUCCGU
None      69 ..      79   UAAGAACGGGAUAGU                  UCUUCAGGCUG                  UUUGCGGGUUCCGUU
 7.2      69 ..      80   UAAGAACGGGAUAGU                UC UUCAGGCU GU                 UUGCGGGUUCCGUUA
 7.7      71 ..      81   AGAACGGGAUAGUUC                 UUC AGGCU GUU                 UGCGGGUUCCGUUAG
None      72 ..      82   GAACGGGAUAGUUCU                  UCAGGCUGUUU                  GCGGGUUCCGUUAGG
 4.7      73 ..      83   AACGGGAUAGUUCUU                 C AGGCUGUUU G                 CGGGUUCCGUUAGGU
 8.2      72 ..      84   GAACGGGAUAGUUCU                UC AGGCUGUUU GC                GGGUUCCGUUAGGUG
 1.9      75 ..      85   CGGGAUAGUUCUUCA                 GGC UGUUU GCG                 GGUUCCGUUAGGUGG
 4.9      73 ..      86   AACGGGAUAGUUCUU               CAG GCUGUUUG CGG                GUUCCGUUAGGUGGC
 3.1      73 ..      87   AACGGGAUAGUUCUU               CAGGC UGUUU GCGGG               UUCCGUUAGGUGGCG
 6.6      72 ..      88   GAACGGGAUAGUUCU              UCAGGC UGUUU GCGGGU              UCCGUUAGGUGGCGC
None      79 ..      89   AUAGUUCUUCAGGCU                  GUUUGCGGGUU                  CCGUUAGGUGGCGCU
 5.7      79 ..      90   AUAGUUCUUCAGGCU                G UUUGCGGGUU C                 CGUUAGGUGGCGCUG
 6.4      75 ..      91   CGGGAUAGUUCUUCA              GG CUGUUUGCGGGUU CC              GUUAGGUGGCGCUGU
 6.1      82 ..      92   GUUCUUCAGGCUGUU                UGCGG GUU CCG--                UUAGGUGGCGCUGUA
-2.4      83 ..      93   UUCUUCAGGCUGUUU                 GCGG GUU CCGU                 UAGGUGGCGCUGUAG
 1.1      82 ..      94   GUUCUUCAGGCUGUU                UGCGG GUU CCGUU                AGGUGGCGCUGUAGA
 4.6      81 ..      95   AGUUCUUCAGGCUGU               UUGCGG GUU CCGUUA               GGUGGCGCUGUAGAG
 6.7      84 ..      96   UCUUCAGGCUGUUUG                C GGGUUCCGUUA G                GUGGCGCUGUAGAGG
 7.7      84 ..      97   UCUUCAGGCUGUUUG               C GGGUUCCGUUAG G                UGGCGCUGUAGAGGC
 6.9      88 ..      98   CAGGCUGUUUGCGGG                UUCC GUUA GGU-                 GGCGCUGUAGAGGCC
 4.4      88 ..      99   CAGGCUGUUUGCGGG                UUCC GUUA GGUG                 GCGCUGUAGAGGCCA
 0.4      90 ..     100   GGCUGUUUGCGGGUU                 CC GUUAGGU GG                 CGCUGUAGAGGCCAC
 3.9      89 ..     101   AGGCUGUUUGCGGGU                UCC GUUAGGU GGC                GCUGUAGAGGCCACU
 1.4      91 ..     102   GCUGUUUGCGGGUUC                CG UUAGGUGG CG                 CUGUAGAGGCCACUC
 4.9      90 ..     103   GGCUGUUUGCGGGUU               CCG UUAGGUGG CGC                UGUAGAGGCCACUCG
 8.4      89 ..     104   AGGCUGUUUGCGGGU              UCCG UUAGGUGG CGCU               GUAGAGGCCACUCGG
 6.9      90 ..     105   GGCUGUUUGCGGGUU              CCG UUAGGUGGCG CUG               UAGAGGCCACUCGGG
None      96 ..     106   UUGCGGGUUCCGUUA                  GGUGGCGCUGU                  AGAGGCCACUCGGGC
None      97 ..     107   UGCGGGUUCCGUUAG                  GUGGCGCUGUA                  GAGGCCACUCGGGCU
None      98 ..     108   GCGGGUUCCGUUAGG                  UGGCGCUGUAG                  AGGCCACUCGGGCUC
None      99 ..     109   CGGGUUCCGUUAGGU                  GGCGCUGUAGA                  GGCCACUCGGGCUCG
 6.9     100 ..     110   GGGUUCCGUUAGGUG                GCGC UGUA GAG-                 GCCACUCGGGCUCGA
 4.4     100 ..     111   GGGUUCCGUUAGGUG                GCGC UGUA GAGG                 CCACUCGGGCUCGAC
 0.4     102 ..     112   GUUCCGUUAGGUGGC                 GC UGUAGAG GC                 CACUCGGGCUCGACA
 0.1      99 ..     113   CGGGUUCCGUUAGGU               GGC GCUGUAGAG GCC               ACUCGGGCUCGACAC
 3.6      98 ..     114   GCGGGUUCCGUUAGG              UGGC GCUGUAGAG GCCA              CUCGGGCUCGACACU
 1.3      97 ..     115   UGCGGGUUCCGUUAG             GUGGC GCUGUAGAG GCCAC             UCGGGCUCGACACUG
 4.8      96 ..     116   UUGCGGGUUCCGUUA            GGUGGC GCUGUAGAG GCCACU            CGGGCUCGACACUGC
   5      96 ..     117   UUGCGGGUUCCGUUA           G-GUGGC GCUGUAGAG GCCACUC           GGGCUCGACACUGCG
 4.4     107 ..     118   GUUAGGUGGCGCUGU                AGAG GCCA CUCG                 GGCUCGACACUGCGU
 7.7     109 ..     119   UAGGUGGCGCUGUAG                 AGG CCACU CGG                 GCUCGACACUGCGUU
 6.9     110 ..     120   AGGUGGCGCUGUAGA                GGCC ACUC GGG-                 CUCGACACUGCGUUA
-3.9     111 ..     121   GGUGGCGCUGUAGAG                 GCC ACUCG GGC                 UCGACACUGCGUUAC
-0.4     110 ..     122   AGGUGGCGCUGUAGA                GGCC ACUCG GGCU                CGACACUGCGUUACC
-0.2     110 ..     123   AGGUGGCGCUGUAGA               G-GCC ACUCG GGCUC               GACACUGCGUUACCU
 3.3     109 ..     124   UAGGUGGCGCUGUAG              AG-GCC ACUCG GGCUCG              ACACUGCGUUACCUC
 6.8     106 ..     125   CGUUAGGUGGCGCUG            UAGAGGCC ACUC GGGCUCGA             CACUGCGUUACCUCG
 4.4     115 ..     126   GCGCUGUAGAGGCCA                CUCG GGCU CGAC                 ACUGCGUUACCUCGC
 6.2     117 ..     127   GCUGUAGAGGCCACU                 CG GGCUCGA CA                 CUGCGUUACCUCGCA
 1.9     118 ..     128   CUGUAGAGGCCACUC                 GGG CUCGA CAC                 UGCGUUACCUCGCAG
 5.4     117 ..     129   GCUGUAGAGGCCACU                CGGG CUCGA CACU                GCGUUACCUCGCAGG
 4.9     117 ..     130   GCUGUAGAGGCCACU               CGG GCUCGACA CUG                CGUUACCUCGCAGGU
 1.4     120 ..     131   GUAGAGGCCACUCGG                GC UCGACACU GC                 GUUACCUCGCAGGUC
 2.9     121 ..     132   UAGAGGCCACUCGGG                CUC GACACU GCG                 UUACCUCGCAGGUCA
 2.9     122 ..     133   AGAGGCCACUCGGGC                UCG ACACUG CGU                 UACCUCGCAGGUCAC
 6.4     121 ..     134   UAGAGGCCACUCGGG               CUCG ACACUG CGUU                ACCUCGCAGGUCACC
None     125 ..     135   GGCCACUCGGGCUCG                  ACACUGCGUUA                  CCUCGCAGGUCACCG
 6.7     124 ..     136   AGGCCACUCGGGCUC                G ACACUGCGUUA C                CUCGCAGGUCACCGA
 5.3     118 ..     137   CUGUAGAGGCCACUC            GGGCUCG ACACUG CGUUACC             UCGCAGGUCACCGAU
 7.7     128 ..     138   CACUCGGGCUCGACA                 CUG CGUUA CCU                 CGCAGGUCACCGAUA
 6.9     129 ..     139   ACUCGGGCUCGACAC                UGCG UUAC CUC-                 GCAGGUCACCGAUAC
 4.4     129 ..     140   ACUCGGGCUCGACAC                UGCG UUAC CUCG                 CAGGUCACCGAUACA
-2.9     130 ..     141   CUCGGGCUCGACACU                GCG UUACCU CGC                 AGGUCACCGAUACAC
 0.6     129 ..     142   ACUCGGGCUCGACAC               UGCG UUACCU CGCA                GGUCACCGAUACACG
-1.7     128 ..     143   CACUCGGGCUCGACA              CUGCG UUACCU CGCAG               GUCACCGAUACACGG
 1.8     127 ..     144   CCACUCGGGCUCGAC             ACUGCG UUACCU CGCAGG              UCACCGAUACACGGG
 1.9     135 ..     145   GCUCGACACUGCGUU                 ACC UCGCA GGU                 CACCGAUACACGGGU
 3.2     124 ..     146   AGGCCACUCGGGCUC          GACACUGCG UUACCU CGCAG-GUC           ACCGAUACACGGGUU
 6.7     123 ..     147   GAGGCCACUCGGGCU         CGACACUGCG UUACCU CGCAG-GUCA          CCGAUACACGGGUUU
 6.6     132 ..     148   CGGGCUCGACACUGC              GUUACC UCGCA GGUCAC              CGAUACACGGGUUUC
 6.2     139 ..     149   GACACUGCGUUACCU                 CG CAGGUCA CC                 GAUACACGGGUUUCG
 1.4     139 ..     150   GACACUGCGUUACCU                CG CAGGUCAC CG                 AUACACGGGUUUCGU
 3.4     141 ..     151   CACUGCGUUACCUCG                 CAGG UCA CCGA                 UACACGGGUUUCGUG
 6.9     140 ..     152   ACACUGCGUUACCUC                GCAGG UCA CCGAU                ACACGGGUUUCGUGA
None     143 ..     153   CUGCGUUACCUCGCA                  GGUCACCGAUA                  CACGGGUUUCGUGAU
 4.7     144 ..     154   UGCGUUACCUCGCAG                 G UCACCGAUA C                 ACGGGUUUCGUGAUC
 8.2     143 ..     155   CUGCGUUACCUCGCA                GG UCACCGAUA CA                CGGGUUUCGUGAUCG
 6.7     144 ..     156   UGCGUUACCUCGCAG                G UCACCGAUACA C                GGGUUUCGUGAUCGU
 5.7     146 ..     157   CGUUACCUCGCAGGU                C ACCGAUACAC G                 GGUUUCGUGAUCGUG
-3.9     148 ..     158   UUACCUCGCAGGUCA                 CCG AUACA CGG                 GUUUCGUGAUCGUGG
-0.4     147 ..     159   GUUACCUCGCAGGUC                ACCG AUACA CGGG                UUUCGUGAUCGUGGU
 3.1     146 ..     160   CGUUACCUCGCAGGU               CACCG AUACA CGGGU               UUCGUGAUCGUGGUC
 6.6     145 ..     161   GCGUUACCUCGCAGG              UCACCG AUACA CGGGUU              UCGUGAUCGUGGUCU
None     152 ..     162   CUCGCAGGUCACCGA                  UACACGGGUUU                  CGUGAUCGUGGUCUG
 7.7     150 ..     163   ACCUCGCAGGUCACC               G AUACACGGGUUU C                GUGAUCGUGGUCUGU
 4.7     154 ..     164   CGCAGGUCACCGAUA                 C ACGGGUUUC G                 UGAUCGUGGUCUGUG
 1.9     155 ..     165   GCAGGUCACCGAUAC                 ACG GGUUU CGU                 GAUCGUGGUCUGUGU
-0.4     154 ..     166   CGCAGGUCACCGAUA                CACG GGUUU CGUG                AUCGUGGUCUGUGUA
 3.1     153 ..     167   UCGCAGGUCACCGAU               ACACG GGUUU CGUGA               UCGUGGUCUGUGUAG
 6.6     152 ..     168   CUCGCAGGUCACCGA              UACACG GGUUU CGUGAU              CGUGGUCUGUGUAGC
 4.7     159 ..     169   GUCACCGAUACACGG                 G UUUCGUGAU C                 GUGGUCUGUGUAGCG
 4.4     156 ..     170   CAGGUCACCGAUACA               CG GGUUUCGUGAU CG               UGGUCUGUGUAGCGC
 6.9     161 ..     171   CACCGAUACACGGGU                UUCG UGAU CGU-                 GGUCUGUGUAGCGCC
 4.4     161 ..     172   CACCGAUACACGGGU                UUCG UGAU CGUG                 GUCUGUGUAGCGCCC
 4.7     163 ..     173   CCGAUACACGGGUUU                 C GUGAUCGUG G                 UCUGUGUAGCGCCCG
 8.2     162 ..     174   ACCGAUACACGGGUU                UC GUGAUCGUG GU                CUGUGUAGCGCCCGG
 5.7     164 ..     175   CGAUACACGGGUUUC                G UGAUCGUGGU C                 UGUGUAGCGCCCGGA
 7.2     165 ..     176   GAUACACGGGUUUCG                UG AUCGUGGU CU                 GUGUAGCGCCCGGAC
 8.7     163 ..     177   CCGAUACACGGGUUU               C GUGAUCGUGGUCU G               UGUAGCGCCCGGACC
 6.2     168 ..     178   ACACGGGUUUCGUGA                 UC GUGGUCU GU                 GUAGCGCCCGGACCA
 4.7     169 ..     179   CACGGGUUUCGUGAU                 C GUGGUCUGU G                 UAGCGCCCGGACCAA
 8.2     168 ..     180   ACACGGGUUUCGUGA                UC GUGGUCUGU GU                AGCGCCCGGACCAAU
None     171 ..     181   CGGGUUUCGUGAUCG                  UGGUCUGUGUA                  GCGCCCGGACCAAUC
 7.7     169 ..     182   CACGGGUUUCGUGAU               C GUGGUCUGUGUA G                CGCCCGGACCAAUCC
 4.7     173 ..     183   GGUUUCGUGAUCGUG                 G UCUGUGUAG C                 GCCCGGACCAAUCCG
 5.4     169 ..     184   CACGGGUUUCGUGAU              CG UGGUCUGUGUAG CG               CCCGGACCAAUCCGG
 6.4     172 ..     185   GGGUUUCGUGAUCGU               GGUC UGUGUA GCGC                CCGGACCAAUCCGGC
 3.4     176 ..     186   UUCGUGAUCGUGGUC                 UGUG UAG CGCC                 CGGACCAAUCCGGCC
 1.9     177 ..     187   UCGUGAUCGUGGUCU                 GUG UAGCG CCC                 GGACCAAUCCGGCCA
 4.9     175 ..     188   UUUCGUGAUCGUGGU               CUG UGUAGCGC CCG                GACCAAUCCGGCCAG
 3.1     175 ..     189   UUUCGUGAUCGUGGU               CUGUG UAGCG CCCGG               ACCAAUCCGGCCAGU
 6.6     174 ..     190   GUUUCGUGAUCGUGG              UCUGUG UAGCG CCCGGA              CCAAUCCGGCCAGUG
 4.3     173 ..     191   GGUUUCGUGAUCGUG             GUCUGUG UAGCG CCCGGAC             CAAUCCGGCCAGUGx
   2     172 ..     192   GGGUUUCGUGAUCGU            GGUCUGUG UAGCG CCCGGACC            AAUCCGGCCAGUGxx
 5.5     171 ..     193   CGGGUUUCGUGAUCG           UGGUCUGUG UAGCG CCCGGACCA           AUCCGGCCAGUGxxx
   9     170 ..     194   ACGGGUUUCGUGAUC          GUGGUCUGUG UAGCG CCCGGACCAA          UCCGGCCAGUGxxxx
None     185 ..     195   GUGGUCUGUGUAGCG                  CCCGGACCAAU                  CCGGCCAGUGxxxxx
 6.7     184 ..     196   CGUGGUCUGUGUAGC                G CCCGGACCAAU C                CGGCCAGUGxxxxxx
 5.4     187 ..     197   GGUCUGUGUAGCGCC                CGG ACCAAU CC-                 GGCCAGUGxxxxxxx
-2.9     187 ..     198   GGUCUGUGUAGCGCC                CGG ACCAAU CCG                 GCCAGUGxxxxxxxx
-5.2     186 ..     199   UGGUCUGUGUAGCGC               CCGG ACCAAU CCGG                CCAGUGxxxxxxxxx
-1.7     185 ..     200   GUGGUCUGUGUAGCG              CCCGG ACCAAU CCGGC               CAGUGxxxxxxxxxx
  -4     184 ..     201   CGUGGUCUGUGUAGC             GCCCGG ACCAAU CCGGCC              AGUGxxxxxxxxxxx
-0.5     183 ..     202   UCGUGGUCUGUGUAG            CGCCCGG ACCAAU CCGGCCA             GUGxxxxxxxxxxxx
-0.3     183 ..     203   UCGUGGUCUGUGUAG           C-GCCCGG ACCAAU CCGGCCAG            UGxxxxxxxxxxxxx
 3.2     182 ..     204   AUCGUGGUCUGUGUA          GC-GCCCGG ACCAAU CCGGCCAGU           Gxxxxxxxxxxxxxx
