>AACY023717910.1:c1180-1101 Marine metagenome ctg_1101668525261, whole genome shotgun sequence FORWARD
 3.3       1 ..      11   xxxxxxxxxxxxxxx                 CTT ATTAC ACG                 CAAAGGTAGTAAGCA
 8.4       2 ..      12   xxxxxxxxxxxxxxC                 TTAT TAC ACGC                 AAAGGTAGTAAGCAA
 6.1       3 ..      13   xxxxxxxxxxxxxCT                 T ATTACACGC A                 AAGGTAGTAAGCAAA
 5.2       2 ..      14   xxxxxxxxxxxxxxC                TT ATTACACGC AA                AGGTAGTAAGCAAAT
 3.2       5 ..      15   xxxxxxxxxxxCTTA                 TT ACACGCA AA                 GGTAGTAAGCAAATT
 3.9       1 ..      16   xxxxxxxxxxxxxxx              CTT ATTACACGCA AAG               GTAGTAAGCAAATTA
 5.7       1 ..      17   xxxxxxxxxxxxxxx              CTTAT TACACGC AAAGG              TAGTAAGCAAATTAA
 2.8       7 ..      18   xxxxxxxxxCTTATT                AC ACGCAAAG GT                 AGTAAGCAAATTAAA
 1.9       6 ..      19   xxxxxxxxxxCTTAT               TAC ACGCAAAG GTA                GTAAGCAAATTAAAT
 3.2       5 ..      20   xxxxxxxxxxxCTTA              TTAC ACGCAAAG GTAG               TAAGCAAATTAAATA
 2.3       4 ..      21   xxxxxxxxxxxxCTT             ATTAC ACGCAAAG GTAGT              AAGCAAATTAAATAA
 1.4       3 ..      22   xxxxxxxxxxxxxCT            TATTAC ACGCAAAG GTAGTA             AGCAAATTAAATAAA
 0.5       2 ..      23   xxxxxxxxxxxxxxC           TTATTAC ACGCAAAG GTAGTAA            GCAAATTAAATAAAG
-1.8       1 ..      24   xxxxxxxxxxxxxxx          CTTATTAC ACGCAAAG GTAGTAAG           CAAATTAAATAAAGG
 4.2       1 ..      25   xxxxxxxxxxxxxxx         -CTTATTAC ACGCAAAG GTAGTAAGC          AAATTAAATAAAGGA
 5.5      16 ..      26   CTTATTACACGCAAA                 GGT AGTAA GCA                 AATTAAATAAAGGAA
 7.6      17 ..      27   TTATTACACGCAAAG                 GT AGTAAGC AA                 ATTAAATAAAGGAAA
 5.8      17 ..      28   TTATTACACGCAAAG                GTAG TAAG CAAA                 TTAAATAAAGGAAAC
 4.7      19 ..      29   ATTACACGCAAAGGT                 AGT AAGCA AAT                 TAAATAAAGGAAACT
 3.5      19 ..      30   ATTACACGCAAAGGT                AGT AAGCAA ATT                 AAATAAAGGAAACTT
 0.3      21 ..      31   TACACGCAAAGGTAG                 TAA GCAAA TTA                 AATAAAGGAAACTTT
 3.8      20 ..      32   TTACACGCAAAGGTA                GTAA GCAAA TTAA                ATAAAGGAAACTTTA
 7.3      19 ..      33   ATTACACGCAAAGGT               AGTAA GCAAA TTAAA               TAAAGGAAACTTTAT
 7.1      23 ..      34   CACGCAAAGGTAGTA                A GCAAATTAAA T                 AAAGGAAACTTTATT
 6.7      18 ..      35   TATTACACGCAAAGG             TAGTAAG CAAA TTAAATA              AAGGAAACTTTATTT
 6.2      26 ..      36   GCAAAGGTAGTAAGC                 AAAT TAA ATAA                 AGGAAACTTTATTTA
None      27 ..      37   CAAAGGTAGTAAGCA                  AATTAAATAAA                  GGAAACTTTATTTAG
 4.7      28 ..      38   AAAGGTAGTAAGCAA                 ATT AAATA AAG                 GAAACTTTATTTAGT
 7.6      29 ..      39   AAGGTAGTAAGCAAA                 TT AAATAAA GG                 AAACTTTATTTAGTT
 6.1      30 ..      40   AGGTAGTAAGCAAAT                 T AAATAAAGG A                 AACTTTATTTAGTTT
 5.2      29 ..      41   AAGGTAGTAAGCAAA                TT AAATAAAGG AA                ACTTTATTTAGTTTG
 6.2      29 ..      42   AAGGTAGTAAGCAAA               TT AAATAAAGGA AA                CTTTATTTAGTTTGT
 7.6      33 ..      43   TAGTAAGCAAATTAA                 AT AAAGGAA AC                 TTTATTTAGTTTGTA
 6.7      32 ..      44   GTAGTAAGCAAATTA                AAT AAAGGAA ACT                TTATTTAGTTTGTAT
 3.2      35 ..      45   GTAAGCAAATTAAAT                 AA AGGAAAC TT                 TATTTAGTTTGTATC
  -3      35 ..      46   GTAAGCAAATTAAAT                AAAG GAAA CTTT                 ATTTAGTTTGTATCG
-3.9      34 ..      47   AGTAAGCAAATTAAA               TAAAG GAAA CTTTA                TTTAGTTTGTATCGG
-4.8      33 ..      48   TAGTAAGCAAATTAA              ATAAAG GAAA CTTTAT               TTAGTTTGTATCGGG
-5.7      32 ..      49   GTAGTAAGCAAATTA             AATAAAG GAAA CTTTATT              TAGTTTGTATCGGGA
-6.6      31 ..      50   GGTAGTAAGCAAATT            AAATAAAG GAAA CTTTATTT             AGTTTGTATCGGGAG
-7.5      30 ..      51   AGGTAGTAAGCAAAT           TAAATAAAG GAAA CTTTATTTA            GTTTGTATCGGGAGG
-6.2      29 ..      52   AAGGTAGTAAGCAAA          TTAAATAAAG GAAA CTTTATTTAG           TTTGTATCGGGAGGA
-7.1      28 ..      53   AAAGGTAGTAAGCAA         ATTAAATAAAG GAAA CTTTATTTAGT          TTGTATCGGGAGGAA
  -8      27 ..      54   CAAAGGTAGTAAGCA        AATTAAATAAAG GAAA CTTTATTTAGTT         TGTATCGGGAGGAAA
-8.9      26 ..      55   GCAAAGGTAGTAAGC       AAATTAAATAAAG GAAA CTTTATTTAGTTT        GTATCGGGAGGAAAT
-11.2      25 ..      56   CGCAAAGGTAGTAAG      CAAATTAAATAAAG GAAA CTTTATTTAGTTTG       TATCGGGAGGAAATG
-9.9      24 ..      57   ACGCAAAGGTAGTAA     GCAAATTAAATAAAG GAAA CTTTATTTAGTTTGT      ATCGGGAGGAAATGC
-6.4      23 ..      58   CACGCAAAGGTAGTA    AGCAAATTAAATAAAG GAAA CTTTATTTAGTTTGTA     TCGGGAGGAAATGCA
-7.3      22 ..      59   ACACGCAAAGGTAGT   AAGCAAATTAAATAAAG GAAA CTTTATTTAGTTTGTAT    CGGGAGGAAATGCAC
-3.8      21 ..      60   TACACGCAAAGGTAG  TAAGCAAATTAAATAAAG GAAA CTTTATTTAGTTTGTATC   GGGAGGAAATGCACG
-0.3      20 ..      61   TTACACGCAAAGGTA GTAAGCAAATTAAATAAAG GAAA CTTTATTTAGTTTGTATCG  GGAGGAAATGCACGA
 1.2      18 ..      62   TATTACACGCAAAGG TAGTAAGCAAATTAAATAAAG GAAA CTTTATTTAGTTTGTAT-CGG GAGGAAATGCACGAT
 2.6      53 ..      63   GGAAACTTTATTTAG                 TTTG TAT CGGG                 AGGAAATGCACGATA
 5.4      54 ..      64   GAAACTTTATTTAGT                 TT GTATCGG GA                 GGAAATGCACGATAC
 6.4      54 ..      65   GAAACTTTATTTAGT                TT GTATCGGG AG                 GAAATGCACGATACA
 7.7      53 ..      66   GGAAACTTTATTTAG               TTT GTATCGGG AGG                AAATGCACGATACAx
 6.1      57 ..      67   ACTTTATTTAGTTTG                TATC GGGA GG-A                 AATGCACGATACAxx
 3.3      58 ..      68   CTTTATTTAGTTTGT                 ATC GGGAG GAA                 ATGCACGATACAxxx
 2.4      57 ..      69   ACTTTATTTAGTTTG                TATC GGGAG GAAA                TGCACGATACAxxxx
 3.7      56 ..      70   AACTTTATTTAGTTT               GTATC GGGAG GAAAT               GCACGATACAxxxxx
   5      55 ..      71   AAACTTTATTTAGTT              TGTATC GGGAG GAAATG              CACGATACAxxxxxx
 3.3      62 ..      72   ATTTAGTTTGTATCG                 GGA GGAAA TGC                 ACGATACAxxxxxxx
 3.3      55 ..      73   AAACTTTATTTAGTT             TGTAT CGGGAGGAA ATGCA             CGATACAxxxxxxxx
 2.9      63 ..      74   TTTAGTTTGTATCGG                GAG GAAATG CAC                 GATACAxxxxxxxxx
 2.6      60 ..      75   TTATTTAGTTTGTAT              CGGG AGGAAATG CACG               ATACAxxxxxxxxxx
 1.7      59 ..      76   TTTATTTAGTTTGTA             TCGGG AGGAAATG CACGA              TACAxxxxxxxxxxx
 0.8      58 ..      77   CTTTATTTAGTTTGT            ATCGGG AGGAAATG CACGAT             ACAxxxxxxxxxxxx
-0.1      57 ..      78   ACTTTATTTAGTTTG           TATCGGG AGGAAATG CACGATA            CAxxxxxxxxxxxxx
-2.4      56 ..      79   AACTTTATTTAGTTT          GTATCGGG AGGAAATG CACGATAC           Axxxxxxxxxxxxxx
