>URS0000D6C30D sRNA from 1 species FORWARD
None       1 ..      11   xxxxxxxxxxxxxxx                  UCAUUGAGAUG                  CUGGGCGCUAUGGUC
 7.2       1 ..      12   xxxxxxxxxxxxxxx                UC AUUGAGAU GC                 UGGGCGCUAUGGUCG
None       3 ..      13   xxxxxxxxxxxxxUC                  AUUGAGAUGCU                  GGGCGCUAUGGUCGU
 6.7       2 ..      14   xxxxxxxxxxxxxxU                C AUUGAGAUGCU G                GGCGCUAUGGUCGUC
 7.7       2 ..      15   xxxxxxxxxxxxxxU               C AUUGAGAUGCUG G                GCGCUAUGGUCGUCC
 8.7       2 ..      16   xxxxxxxxxxxxxxU               C AUUGAGAUGCUGG G               CGCUAUGGUCGUCCU
 5.7       6 ..      17   xxxxxxxxxxUCAUU                G AGAUGCUGGG C                 GCUAUGGUCGUCCUC
 7.2       7 ..      18   xxxxxxxxxUCAUUG                AG AUGCUGGG CG                 CUAUGGUCGUCCUCC
 3.4       9 ..      19   xxxxxxxUCAUUGAG                 AUGC UGG GCGC                 UAUGGUCGUCCUCCU
 1.9      10 ..      20   xxxxxxUCAUUGAGA                 UGC UGGGC GCU                 AUGGUCGUCCUCCUC
 5.4       9 ..      21   xxxxxxxUCAUUGAG                AUGC UGGGC GCUA                UGGUCGUCCUCCUCC
 8.9       8 ..      22   xxxxxxxxUCAUUGA               GAUGC UGGGC GCUAU               GGUCGUCCUCCUCCG
 5.7      12 ..      23   xxxxUCAUUGAGAUG                C UGGGCGCUAU G                 GUCGUCCUCCUCCGG
 6.7      12 ..      24   xxxxUCAUUGAGAUG                C UGGGCGCUAUG G                UCGUCCUCCUCCGGC
 7.7      15 ..      25   xUCAUUGAGAUGCUG                 GGC GCUAU GGU                 CGUCCUCCUCCGGCU
 2.9      15 ..      26   xUCAUUGAGAUGCUG                GGC GCUAUG GUC                 GUCCUCCUCCGGCUG
 0.4      17 ..      27   CAUUGAGAUGCUGGG                 CG CUAUGGU CG                 UCCUCCUCCGGCUGA
 3.9      16 ..      28   UCAUUGAGAUGCUGG                GCG CUAUGGU CGU                CCUCCUCCGGCUGAC
 1.6      15 ..      29   xUCAUUGAGAUGCUG               GGCG CUAUGGU CGUC               CUCCUCCGGCUGACC
-0.7      14 ..      30   xxUCAUUGAGAUGCU              GGGCG CUAUGGU CGUCC              UCCUCCGGCUGACCU
 2.8      13 ..      31   xxxUCAUUGAGAUGC             UGGGCG CUAUGGU CGUCCU             CCUCCGGCUGACCUC
 4.4      21 ..      32   GAGAUGCUGGGCGCU                AUGG UCGU CCUC                 CUCCGGCUGACCUCC
 0.4      23 ..      33   GAUGCUGGGCGCUAU                 GG UCGUCCU CC                 UCCGGCUGACCUCCU
 3.9      22 ..      34   AGAUGCUGGGCGCUA                UGG UCGUCCU CCU                CCGGCUGACCUCCUU
 4.4      24 ..      35   AUGCUGGGCGCUAUG                GUCG UCCU CCUC                 CGGCUGACCUCCUUC
 2.1      23 ..      36   GAUGCUGGGCGCUAU               GGUCG UCCU CCUCC                GGCUGACCUCCUUCU
 1.4      26 ..      37   GCUGGGCGCUAUGGU                CG UCCUCCUC CG                 GCUGACCUCCUUCUC
 4.9      25 ..      38   UGCUGGGCGCUAUGG               UCG UCCUCCUC CGG                CUGACCUCCUUCUCA
 2.6      24 ..      39   AUGCUGGGCGCUAUG              GUCG UCCUCCUC CGGC               UGACCUCCUUCUCAG
 3.4      30 ..      40   GGCGCUAUGGUCGUC                 CUCC UCC GGCU                 GACCUCCUUCUCAGC
 1.1      29 ..      41   GGGCGCUAUGGUCGU                CCUCC UCC GGCUG                ACCUCCUUCUCAGCU
 4.6      28 ..      42   UGGGCGCUAUGGUCG               UCCUCC UCC GGCUGA               CCUCCUUCUCAGCUG
 2.3      27 ..      43   CUGGGCGCUAUGGUC              GUCCUCC UCC GGCUGAC              CUCCUUCUCAGCUGC
   3      23 ..      44   GAUGCUGGGCGCUAU           GGUCGUCC UCCUCC GGCUGACC            UCCUUCUCAGCUGCU
 6.5      22 ..      45   AGAUGCUGGGCGCUA          UGGUCGUCC UCCUCC GGCUGACCU           CCUUCUCAGCUGCUG
 4.4      35 ..      46   UAUGGUCGUCCUCCU                CCGG CUGA CCUC                 CUUCUCAGCUGCUGA
 0.4      37 ..      47   UGGUCGUCCUCCUCC                 GG CUGACCU CC                 UUCUCAGCUGCUGAC
 3.9      36 ..      48   AUGGUCGUCCUCCUC                CGG CUGACCU CCU                UCUCAGCUGCUGACC
 7.4      35 ..      49   UAUGGUCGUCCUCCU               CCGG CUGACCU CCUU               CUCAGCUGCUGACCG
 5.4      38 ..      50   GGUCGUCCUCCUCCG                GCUG ACCUC CUUC                UCAGCUGCUGACCGG
 7.2      40 ..      51   UCGUCCUCCUCCGGC                UG ACCUCCUU CU                 CAGCUGCUGACCGGC
 5.7      41 ..      52   CGUCCUCCUCCGGCU                G ACCUCCUUCU C                 AGCUGCUGACCGGCG
None      43 ..      53   UCCUCCUCCGGCUGA                  CCUCCUUCUCA                  GCUGCUGACCGGCGC
 4.7      44 ..      54   CCUCCUCCGGCUGAC                 C UCCUUCUCA G                 CUGCUGACCGGCGCC
 4.6      38 ..      55   GGUCGUCCUCCUCCG             GCUG ACCUCCUUCU CAGC              UGCUGACCGGCGCCG
 8.1      37 ..      56   UGGUCGUCCUCCUCC            GGCUG ACCUCCUUCU CAGCU             GCUGACCGGCGCCGC
 3.4      47 ..      57   CCUCCGGCUGACCUC                 CUUC UCA GCUG                 CUGACCGGCGCCGCA
 6.9      46 ..      58   UCCUCCGGCUGACCU                CCUUC UCA GCUGC                UGACCGGCGCCGCAC
 8.7      48 ..      59   CUCCGGCUGACCUCC                UUC UCAGCU GCU                 GACCGGCGCCGCACA
 4.7      50 ..      60   CCGGCUGACCUCCUU                 C UCAGCUGCU G                 ACCGGCGCCGCACAG
 3.4      51 ..      61   CGGCUGACCUCCUUC                 UCAG CUG CUGA                 CCGGCGCCGCACAGG
 6.9      50 ..      62   CCGGCUGACCUCCUU                CUCAG CUG CUGAC                CGGCGCCGCACAGGC
 6.2      53 ..      63   GCUGACCUCCUUCUC                 AG CUGCUGA CC                 GGCGCCGCACAGGCG
 3.9      52 ..      64   GGCUGACCUCCUUCU                CAG CUGCUGA CCG                GCGCCGCACAGGCGG
 1.9      55 ..      65   UGACCUCCUUCUCAG                 CUG CUGAC CGG                 CGCCGCACAGGCGGC
-0.4      54 ..      66   CUGACCUCCUUCUCA                GCUG CUGAC CGGC                GCCGCACAGGCGGCA
 2.9      56 ..      67   GACCUCCUUCUCAGC                UGC UGACCG GCG                 CCGCACAGGCGGCAU
 0.8      54 ..      68   CUGACCUCCUUCUCA              GCUGC UGACCG GC-GC               CGCACAGGCGGCAUC
 4.1      54 ..      69   CUGACCUCCUUCUCA              GCUGC UGACCG GCGCC               GCACAGGCGGCAUCU
   2      52 ..      70   GGCUGACCUCCUUCU            CAGCUGC UGACCG GC-GCCG             CACAGGCGGCAUCUC
 0.3      54 ..      71   CUGACCUCCUUCUCA             GCUGC UGACCGGC GCCGC              ACAGGCGGCAUCUCA
 3.8      53 ..      72   GCUGACCUCCUUCUC            AGCUGC UGACCGGC GCCGCA             CAGGCGGCAUCUCAG
 2.1      60 ..      73   UCCUUCUCAGCUGCU               GACCG GCGC CGCAC                AGGCGGCAUCUCAGC
 3.4      64 ..      74   UCUCAGCUGCUGACC                 GGCG CCG CACA                 GGCGGCAUCUCAGCU
 1.1      63 ..      75   UUCUCAGCUGCUGAC                CGGCG CCG CACAG                GCGGCAUCUCAGCUU
-1.2      62 ..      76   CUUCUCAGCUGCUGA               CCGGCG CCG CACAGG               CGGCAUCUCAGCUUC
-3.9      67 ..      77   CAGCUGCUGACCGGC                 GCC GCACA GGC                 GGCAUCUCAGCUUCG
-6.2      66 ..      78   UCAGCUGCUGACCGG                CGCC GCACA GGCG                GCAUCUCAGCUUCGU
-7.2      68 ..      79   AGCUGCUGACCGGCG                CCGC ACAG GCGG                 CAUCUCAGCUUCGUG
-9.5      67 ..      80   CAGCUGCUGACCGGC               GCCGC ACAG GCGGC                AUCUCAGCUUCGUGU
  -6      66 ..      81   UCAGCUGCUGACCGG              CGCCGC ACAG GCGGCA               UCUCAGCUUCGUGUG
-2.5      65 ..      82   CUCAGCUGCUGACCG             GCGCCGC ACAG GCGGCAU              CUCAGCUUCGUGUGC
-4.8      64 ..      83   UCUCAGCUGCUGACC            GGCGCCGC ACAG GCGGCAUC             UCAGCUUCGUGUGCA
-1.3      63 ..      84   UUCUCAGCUGCUGAC           CGGCGCCGC ACAG GCGGCAUCU            CAGCUUCGUGUGCAA
 1.4      64 ..      85   UCUCAGCUGCUGACC          G-G-CGCCGC ACAG GCGGCAUCUC           AGCUUCGUGUGCAAA
 4.4      75 ..      86   GACCGGCGCCGCACA                GGCG GCAU CUCA                 GCUUCGUGUGCAAAA
 1.9      77 ..      87   CCGGCGCCGCACAGG                 CGG CAUCU CAG                 CUUCGUGUGCAAAAA
-0.4      76 ..      88   ACCGGCGCCGCACAG                GCGG CAUCU CAGC                UUCGUGUGCAAAAAG
 2.9      78 ..      89   CGGCGCCGCACAGGC                GGC AUCUCA GCU                 UCGUGUGCAAAAAGC
 6.4      77 ..      90   CCGGCGCCGCACAGG               CGGC AUCUCA GCUU                CGUGUGCAAAAAGCC
 4.1      76 ..      91   ACCGGCGCCGCACAG              GCGGC AUCUCA GCUUC               GUGUGCAAAAAGCCC
 5.4      77 ..      92   CCGGCGCCGCACAGG              CG GCAUCUCAGCUU CG               UGUGCAAAAAGCCCG
 7.2      82 ..      93   GCCGCACAGGCGGCA                UC UCAGCUUC GU                 GUGCAAAAAGCCCGU
 2.9      83 ..      94   CCGCACAGGCGGCAU                CUC AGCUUC GUG                 UGCAAAAAGCCCGUC
 6.4      82 ..      95   GCCGCACAGGCGGCA               UCUC AGCUUC GUGU                GCAAAAAGCCCGUCx
 4.9      83 ..      96   CCGCACAGGCGGCAU               CUC AGCUUCGU GUG                CAAAAAGCCCGUCxx
 0.4      87 ..      97   ACAGGCGGCAUCUCA                 GC UUCGUGU GC                 AAAAAGCCCGUCxxx
 3.9      86 ..      98   CACAGGCGGCAUCUC                AGC UUCGUGU GCA                AAAAGCCCGUCxxxx
 7.4      85 ..      99   GCACAGGCGGCAUCU               CAGC UUCGUGU GCAA               AAAGCCCGUCxxxxx
None      90 ..     100   GGCGGCAUCUCAGCU                  UCGUGUGCAAA                  AAGCCCGUCxxxxxx
None      91 ..     101   GCGGCAUCUCAGCUU                  CGUGUGCAAAA                  AGCCCGUCxxxxxxx
None      92 ..     102   CGGCAUCUCAGCUUC                  GUGUGCAAAAA                  GCCCGUCxxxxxxxx
 6.7      91 ..     103   GCGGCAUCUCAGCUU                C GUGUGCAAAAA G                CCCGUCxxxxxxxxx
 4.7      94 ..     104   GCAUCUCAGCUUCGU                 G UGCAAAAAG C                 CCGUCxxxxxxxxxx
 1.9      95 ..     105   CAUCUCAGCUUCGUG                 UGC AAAAA GCC                 CGUCxxxxxxxxxxx
-0.4      94 ..     106   GCAUCUCAGCUUCGU                GUGC AAAAA GCCC                GUCxxxxxxxxxxxx
 3.1      93 ..     107   GGCAUCUCAGCUUCG               UGUGC AAAAA GCCCG               UCxxxxxxxxxxxxx
 6.6      92 ..     108   CGGCAUCUCAGCUUC              GUGUGC AAAAA GCCCGU              Cxxxxxxxxxxxxxx
