>Y09188.1:1-35 H.sapiens mRNA for ferritin L-chain FORWARD
None       1 ..      11   xxxxxxxxxxxxxxx                  CTGTCTCTTGC                  TTCAACAGTGTTTGG
 5.5       2 ..      12   xxxxxxxxxxxxxxC                 TGT CTCTT GCT                 TCAACAGTGTTTGGA
   8       2 ..      13   xxxxxxxxxxxxxxC                TGTC TCTT GCTT                 CAACAGTGTTTGGAC
 5.7       3 ..      14   xxxxxxxxxxxxxCT                G TCTCTTGCTT C                 AACAGTGTTTGGACG
 4.8       2 ..      15   xxxxxxxxxxxxxxC               TG TCTCTTGCTT CA                ACAGTGTTTGGACGG
 6.1       6 ..      16   xxxxxxxxxxCTGTC                 T CTTGCTTCA A                 CAGTGTTTGGACGGA
 0.4       7 ..      17   xxxxxxxxxCTGTCT                 CTTG CTT CAAC                 AGTGTTTGGACGGAA
-0.5       6 ..      18   xxxxxxxxxxCTGTC                TCTTG CTT CAACA                GTGTTTGGACGGAAC
-2.8       5 ..      19   xxxxxxxxxxxCTGT               CTCTTG CTT CAACAG               TGTTTGGACGGAACA
 0.7       4 ..      20   xxxxxxxxxxxxCTG              TCTCTTG CTT CAACAGT              GTTTGGACGGAACAG
 2.4       9 ..      21   xxxxxxxCTGTCTCT                TGCT TCAAC AGTG                TTTGGACGGAACAGx
 5.8       3 ..      22   xxxxxxxxxxxxxCT            GT-CTCTTG CTT CAACAGTGT            TTGGACGGAACAGxx
 5.8      12 ..      23   xxxxCTGTCTCTTGC                TTCA ACAG TGTT                 TGGACGGAACAGxxx
 0.4      14 ..      24   xxCTGTCTCTTGCTT                 CAAC AGT GTTT                 GGACGGAACAGxxxx
-0.1      14 ..      25   xxCTGTCTCTTGCTT                CAA CAGTGT TTG                 GACGGAACAGxxxxx
 1.2      13 ..      26   xxxCTGTCTCTTGCT               TCAA CAGTGT TTGG                ACGGAACAGxxxxxx
 0.3      12 ..      27   xxxxCTGTCTCTTGC              TTCAA CAGTGT TTGGA               CGGAACAGxxxxxxx
 3.8      11 ..      28   xxxxxCTGTCTCTTG             CTTCAA CAGTGT TTGGAC              GGAACAGxxxxxxxx
   4      11 ..      29   xxxxxCTGTCTCTTG            C-TTCAA CAGTGT TTGGACG             GAACAGxxxxxxxxx
   2      17 ..      30   TGTCTCTTGCTTCAA               CAGT GTTTGG ACGG                AACAGxxxxxxxxxx
 5.5      16 ..      31   CTGTCTCTTGCTTCA              ACAGT GTTTGG ACGGA               ACAGxxxxxxxxxxx
 2.5      22 ..      32   CTTGCTTCAACAGTG                 TTT GGACG GAA                 CAGxxxxxxxxxxxx
 0.2      21 ..      33   TCTTGCTTCAACAGT                GTTT GGACG GAAC                AGxxxxxxxxxxxxx
-0.7      20 ..      34   CTCTTGCTTCAACAG               TGTTT GGACG GAACA               Gxxxxxxxxxxxxxx
