>Y07609.1:151-354 M.musculus mRNA for ROX protein FORWARD
None       1 ..      11   xxxxxxxxxxxxxxx                  TTTTATTTTGC                  AAATATTTTGGGAGA
   4       2 ..      12   xxxxxxxxxxxxxxT                 TTTA TTT TGCA                 AATATTTTGGGAGAC
 3.1       1 ..      13   xxxxxxxxxxxxxxx                TTTTA TTT TGCAA                ATATTTTGGGAGACA
 2.3       2 ..      14   xxxxxxxxxxxxxxT                TTT ATTTTGC AAA                TATTTTGGGAGACAT
-2.6       5 ..      15   xxxxxxxxxxxTTTT                 ATTT TGC AAAT                 ATTTTGGGAGACATT
-3.5       4 ..      16   xxxxxxxxxxxxTTT                TATTT TGC AAATA                TTTTGGGAGACATTG
-2.384e-07       3 ..      17   xxxxxxxxxxxxxTT               TTATTT TGC AAATAT               TTTGGGAGACATTGA
 3.5       2 ..      18   xxxxxxxxxxxxxxT              TTTATTT TGC AAATATT              TTGGGAGACATTGAT
   7       1 ..      19   xxxxxxxxxxxxxxx             TTTTATTT TGC AAATATTT             TGGGAGACATTGATT
   4      10 ..      20   xxxxxxTTTTATTTT                 GCAA ATA TTTT                 GGGAGACATTGATTT
  -4      11 ..      21   xxxxxTTTTATTTTG                 CAAA TAT TTTG                 GGAGACATTGATTTT
-0.5      10 ..      22   xxxxxxTTTTATTTT                GCAAA TAT TTTGG                GAGACATTGATTTTT
 0.8       9 ..      23   xxxxxxxTTTTATTT               TGCAAA TAT TTTGGG               AGACATTGATTTTTC
-0.1       8 ..      24   xxxxxxxxTTTTATT              TTGCAAA TAT TTTGGGA              GACATTGATTTTTCT
 1.2       7 ..      25   xxxxxxxxxTTTTAT             TTTGCAAA TAT TTTGGGAG             ACATTGATTTTTCTC
 0.3       6 ..      26   xxxxxxxxxxTTTTA            TTTTGCAAA TAT TTTGGGAGA            CATTGATTTTTCTCC
 3.8       5 ..      27   xxxxxxxxxxxTTTT           ATTTTGCAAA TAT TTTGGGAGAC           ATTGATTTTTCTCCC
 2.9       4 ..      28   xxxxxxxxxxxxTTT          TATTTTGCAAA TAT TTTGGGAGACA          TTGATTTTTCTCCCC
 3.2      14 ..      29   xxTTTTATTTTGCAA              ATATTT TGGG AGACAT               TGATTTTTCTCCCCG
 2.3      13 ..      30   xxxTTTTATTTTGCA             AATATTT TGGG AGACATT              GATTTTTCTCCCCGT
 5.8      12 ..      31   xxxxTTTTATTTTGC            AAATATTT TGGG AGACATTG             ATTTTTCTCCCCGTG
   7      19 ..      32   TATTTTGCAAATATT               TTGG GAGACA TTGA                TTTTTCTCCCCGTGC
 8.3      23 ..      33   TTGCAAATATTTTGG                 G AGACATTGA T                 TTTTCTCCCCGTGCT
 2.6      24 ..      34   TGCAAATATTTTGGG                 AGAC ATT GATT                 TTTCTCCCCGTGCTC
 3.5      24 ..      35   TGCAAATATTTTGGG                AGA CATTGA TTT                 TTCTCCCCGTGCTCC
 4.5      24 ..      36   TGCAAATATTTTGGG                AGA CATTGAT TTT                TCTCCCCGTGCTCCC
 4.1      24 ..      37   TGCAAATATTTTGGG               AGACA TTGA TTTTT                CTCCCCGTGCTCCCC
 1.8      23 ..      38   TTGCAAATATTTTGG              GAGACA TTGA TTTTTC               TCCCCGTGCTCCCCC
 2.5      24 ..      39   TGCAAATATTTTGGG              AGACA TTGATT TTTCT               CCCCGTGCTCCCCCG
 0.2      23 ..      40   TTGCAAATATTTTGG             GAGACA TTGATT TTTCTC              CCCGTGCTCCCCCGT
-2.1      22 ..      41   TTTGCAAATATTTTG            GGAGACA TTGATT TTTCTCC             CCGTGCTCCCCCGTT
-4.4      21 ..      42   TTTTGCAAATATTTT           GGGAGACA TTGATT TTTCTCCC            CGTGCTCCCCCGTTC
-0.9      20 ..      43   ATTTTGCAAATATTT          TGGGAGACA TTGATT TTTCTCCCC           GTGCTCCCCCGTTCT
 0.4      19 ..      44   TATTTTGCAAATATT         TTGGGAGACA TTGATT TTTCTCCCCG          TGCTCCCCCGTTCTT
 3.9      18 ..      45   TTATTTTGCAAATAT        TTTGGGAGACA TTGATT TTTCTCCCCGT         GCTCCCCCGTTCTTT
 5.2      17 ..      46   TTTATTTTGCAAATA       TTTTGGGAGACA TTGATT TTTCTCCCCGTG        CTCCCCCGTTCTTTT
 3.4      37 ..      47   GGAGACATTGATTTT                 TCTC CCC GTGC                 TCCCCCGTTCTTTTC
 6.9      36 ..      48   GGGAGACATTGATTT                TTCTC CCC GTGCT                CCCCCGTTCTTTTCT
 7.8      23 ..      49   TTGCAAATATTTTGG        GAGACATTG ATTTTTCTCC CCGTG-CTC         CCCCGTTCTTTTCTG
 5.5      22 ..      50   TTTGCAAATATTTTG       GGAGACATTG ATTTTTCTCC CCGTG-CTCC        CCCGTTCTTTTCTGA
 3.2      21 ..      51   TTTTGCAAATATTTT      GGGAGACATTG ATTTTTCTCC CCGTG-CTCCC       CCGTTCTTTTCTGAG
 6.7      20 ..      52   ATTTTGCAAATATTT     TGGGAGACATTG ATTTTTCTCC CCGTG-CTCCCC      CGTTCTTTTCTGAGG
 3.4      43 ..      53   ATTGATTTTTCTCCC                 CGTG CTC CCCC                 GTTCTTTTCTGAGGA
-1.4      43 ..      54   ATTGATTTTTCTCCC                CGTG CTCC CCCG                 TTCTTTTCTGAGGAG
 2.1      42 ..      55   CATTGATTTTTCTCC               CCGTG CTCC CCCGT                TCTTTTCTGAGGAGT
 5.6      41 ..      56   ACATTGATTTTTCTC              CCCGTG CTCC CCCGTT               CTTTTCTGAGGAGTG
 4.2      44 ..      57   TTGATTTTTCTCCCC               GTGC TCCCCC GTTC                TTTTCTGAGGAGTGC
 7.7      43 ..      58   ATTGATTTTTCTCCC              CGTGC TCCCCC GTTCT               TTTCTGAGGAGTGCG
None      49 ..      59   TTTTCTCCCCGTGCT                  CCCCCGTTCTT                  TTCTGAGGAGTGCGC
None      50 ..      60   TTTCTCCCCGTGCTC                  CCCCGTTCTTT                  TCTGAGGAGTGCGCT
None      51 ..      61   TTCTCCCCGTGCTCC                  CCCGTTCTTTT                  CTGAGGAGTGCGCTG
None      52 ..      62   TCTCCCCGTGCTCCC                  CCGTTCTTTTC                  TGAGGAGTGCGCTGC
 6.2      53 ..      63   CTCCCCGTGCTCCCC                 CG TTCTTTT CT                 GAGGAGTGCGCTGCG
 3.9      52 ..      64   TCTCCCCGTGCTCCC                CCG TTCTTTT CTG                AGGAGTGCGCTGCGC
 5.4      55 ..      65   CCCCGTGCTCCCCCG                 TT CTTTTCT GA                 GGAGTGCGCTGCGCC
 2.1      55 ..      66   CCCCGTGCTCCCCCG                TTC TTTTCT GAG                 GAGTGCGCTGCGCCG
 0.4      57 ..      67   CCGTGCTCCCCCGTT                 CTTT TCT GAGG                 AGTGCGCTGCGCCGC
-0.5      56 ..      68   CCCGTGCTCCCCCGT                TCTTT TCT GAGGA                GTGCGCTGCGCCGCC
-0.5      57 ..      69   CCGTGCTCCCCCGTT                CTTTT CTG AGGAG                TGCGCTGCGCCGCCC
 0.9      46 ..      70   GATTTTTCTCCCCGT          GCTCCCCCG TTCTTTT CTGAGGAGT          GCGCTGCGCCGCCCA
-0.2      53 ..      71   CTCCCCGTGCTCCCC             CGTTCTTT TCT GAGGAGTG             CGCTGCGCCGCCCAG
-0.1      44 ..      72   TTGATTTTTCTCCCC        GTGCTCCCCCG TTCTTTT CTGAGGAGTGC        GCTGCGCCGCCCAGC
-2.4      43 ..      73   ATTGATTTTTCTCCC       CGTGCTCCCCCG TTCTTTT CTGAGGAGTGCG       CTGCGCCGCCCAGCC
 1.1      42 ..      74   CATTGATTTTTCTCC      CCGTGCTCCCCCG TTCTTTT CTGAGGAGTGCGC      TGCGCCGCCCAGCCC
 1.8      65 ..      75   CCCCGTTCTTTTCTG                 AG GAGTGCG CT                 GCGCCGCCCAGCCCT
 2.3      40 ..      76   GACATTGATTTTTCT    CCCCGTGCTCCCCCG TTCTTTT CTGAGGAGTGCGCTG    CGCCGCCCAGCCCTG
-4.768e-08      66 ..      77   CCCGTTCTTTTCTGA                GGAG TGCG CTGC                 GCCGCCCAGCCCTGT
 3.5      38 ..      78   GAGACATTGATTTTT  CTCCCCGTGCTCCCCCG TTCTTTT CTGAGGAGTGCGCTGCG  CCGCCCAGCCCTGTC
-4.6      69 ..      79   GTTCTTTTCTGAGGA                 GTGC GCT GCGC                 CGCCCAGCCCTGTCG
-2.4      70 ..      80   TTCTTTTCTGAGGAG                 TGCG CTG CGCC                 GCCCAGCCCTGTCGC
 1.1      69 ..      81   GTTCTTTTCTGAGGA                GTGCG CTG CGCCG                CCCAGCCCTGTCGCC
-2.9      71 ..      82   TCTTTTCTGAGGAGT                GCG CTGCGC CGC                 CCAGCCCTGTCGCCC
-3.3      66 ..      83   CCCGTTCTTTTCTGA             GGAGTGCG CTG CGC-CGCC             CAGCCCTGTCGCCCC
-1.7      69 ..      84   GTTCTTTTCTGAGGA              GTGCG CTGCGC CGCCC               AGCCCTGTCGCCCCC
  -1      75 ..      85   TTCTGAGGAGTGCGC                 TGCG CCG CCCA                 GCCCTGTCGCCCCCC
-3.3      74 ..      86   TTTCTGAGGAGTGCG                CTGCG CCG CCCAG                CCCTGTCGCCCCCCG
-5.6      73 ..      87   TTTTCTGAGGAGTGC               GCTGCG CCG CCCAGC               CCTGTCGCCCCCCGG
-2.1      72 ..      88   CTTTTCTGAGGAGTG              CGCTGCG CCG CCCAGCC              CTGTCGCCCCCCGGA
-4.4      71 ..      89   TCTTTTCTGAGGAGT             GCGCTGCG CCG CCCAGCCC             TGTCGCCCCCCGGAG
-0.9      70 ..      90   TTCTTTTCTGAGGAG            TGCGCTGCG CCG CCCAGCCCT            GTCGCCCCCCGGAGG
 1.8      74 ..      91   TTTCTGAGGAGTGCG             CTGCGC CGCCCA GCCCTG              TCGCCCCCCGGAGGT
 1.7      68 ..      92   CGTTCTTTTCTGAGG          AGTGCGCTGCG CCG CCCAGCCCTGT          CGCCCCCCGGAGGTG
-0.6      67 ..      93   CCGTTCTTTTCTGAG         GAGTGCGCTGCG CCG CCCAGCCCTGTC         GCCCCCCGGAGGTGA
 1.2      84 ..      94   GTGCGCTGCGCCGCC                 CAGC CCT GTCG                 CCCCCCGGAGGTGAT
 0.9      71 ..      95   TCTTTTCTGAGGAGT         GCG-CTGCGC CGCCCA GCCCTGTCGC          CCCCCGGAGGTGATC
 1.9      86 ..      96   GCGCTGCGCCGCCCA                 GCC CTGTC GCC                 CCCCGGAGGTGATCC
 2.1      69 ..      97   GTTCTTTTCTGAGGA       GTGCG-CTGCGC CGCCCA GCCCTGTCGCCC        CCCGGAGGTGATCCC
   4      76 ..      98   TCTGAGGAGTGCGCT           GCGCCGCC CAGCCCT GTCGCCCC           CCGGAGGTGATCCCT
 3.3      67 ..      99   CCGTTCTTTTCTGAG     GAGTGCG-CTGCGC CGCCCA GCCCTGTCGCCCCC      CGGAGGTGATCCCTC
   1      66 ..     100   CCCGTTCTTTTCTGA    GGAGTGCG-CTGCGC CGCCCA GCCCTGTCGCCCCCC     GGAGGTGATCCCTCC
 3.9      89 ..     101   CTGCGCCGCCCAGCC                CTG TCGCCCC CCG                GAGGTGATCCCTCCC
-0.3      92 ..     102   CGCCGCCCAGCCCTG                 TCG CCCCC CGG                 AGGTGATCCCTCCCT
 2.8      92 ..     103   CGCCGCCCAGCCCTG                TC GCCCCCCG GA                 GGTGATCCCTCCCTC
-1.4      93 ..     104   GCCGCCCAGCCCTGT                CGCC CCCC GGAG                 GTGATCCCTCCCTCC
-2.4      95 ..     105   CGCCCAGCCCTGTCG                 CCCC CCG GAGG                 TGATCCCTCCCTCCT
-1.1      94 ..     106   CCGCCCAGCCCTGTC                GCCCC CCG GAGGT                GATCCCTCCCTCCTG
-3.4      93 ..     107   GCCGCCCAGCCCTGT               CGCCCC CCG GAGGTG               ATCCCTCCCTCCTGC
-4.3      92 ..     108   CGCCGCCCAGCCCTG              TCGCCCC CCG GAGGTGA              TCCCTCCCTCCTGCC
  -3      91 ..     109   GCGCCGCCCAGCCCT             GTCGCCCC CCG GAGGTGAT             CCCTCCCTCCTGCCG
-0.6      91 ..     110   GCGCCGCCCAGCCCT            G-TCGCCCC CCG GAGGTGATC            CCTCCCTCCTGCCGG
-2.5     101 ..     111   GCCCTGTCGCCCCCC                 GGA GGTGA TCC                 CTCCCTCCTGCCGGC
   1     100 ..     112   AGCCCTGTCGCCCCC                CGGA GGTGA TCCC                TCCCTCCTGCCGGCC
-2.5     103 ..     113   CCTGTCGCCCCCCGG                 AGG TGATC CCT                 CCCTCCTGCCGGCCC
-4.8     102 ..     114   CCCTGTCGCCCCCCG                GAGG TGATC CCTC                CCTCCTGCCGGCCCG
-7.1     101 ..     115   GCCCTGTCGCCCCCC               GGAGG TGATC CCTCC               CTCCTGCCGGCCCGC
-3.6     100 ..     116   AGCCCTGTCGCCCCC              CGGAGG TGATC CCTCCC              TCCTGCCGGCCCGCC
-0.7     103 ..     117   CCTGTCGCCCCCCGG              AGGTGA TCCC TC-CCT               CCTGCCGGCCCGCCA
  -3     102 ..     118   CCCTGTCGCCCCCCG             GAGGTGA TCCC TC-CCTC              CTGCCGGCCCGCCAG
-5.3     101 ..     119   GCCCTGTCGCCCCCC            GGAGGTGA TCCC TC-CCTCC             TGCCGGCCCGCCAGC
-1.8     100 ..     120   AGCCCTGTCGCCCCC           CGGAGGTGA TCCC TC-CCTCCT            GCCGGCCCGCCAGCC
-4.1      99 ..     121   CAGCCCTGTCGCCCC          CCGGAGGTGA TCCC TC-CCTCCTG           CCGGCCCGCCAGCCT
-0.6      98 ..     122   CCAGCCCTGTCGCCC         CCCGGAGGTGA TCCC TC-CCTCCTGC          CGGCCCGCCAGCCTG
 2.9      97 ..     123   CCCAGCCCTGTCGCC        CCCCGGAGGTGA TCCC TC-CCTCCTGCC         GGCCCGCCAGCCTGA
 0.6      96 ..     124   GCCCAGCCCTGTCGC       CCCCCGGAGGTGA TCCC TC-CCTCCTGCCG        GCCCGCCAGCCTGAC
-1.7      95 ..     125   CGCCCAGCCCTGTCG      CCCCCCGGAGGTGA TCCC TC-CCTCCTGCCGG       CCCGCCAGCCTGACC
  -4      94 ..     126   CCGCCCAGCCCTGTC     GCCCCCCGGAGGTGA TCCC TC-CCTCCTGCCGGC      CCGCCAGCCTGACCT
-0.5      93 ..     127   GCCGCCCAGCCCTGT    CGCCCCCCGGAGGTGA TCCC TC-CCTCCTGCCGGCC     CGCCAGCCTGACCTG
   3      92 ..     128   CGCCGCCCAGCCCTG   TCGCCCCCCGGAGGTGA TCCC TC-CCTCCTGCCGGCCC    GCCAGCCTGACCTGT
 1.9     119 ..     129   GGTGATCCCTCCCTC                 CTG CCGGC CCG                 CCAGCCTGACCTGTG
 4.4      94 ..     130   CCGCCCAGCCCTGTC   GCCCCCCGG-AGGTG ATCCCTCC CTCCTGCCGGCCCGC    CAGCCTGACCTGTGC
-2.4     121 ..     131   TGATCCCTCCCTCCT                 GCCG GCC CGCC                 AGCCTGACCTGTGCT
-3.3     120 ..     132   GTGATCCCTCCCTCC                TGCCG GCC CGCCA                GCCTGACCTGTGCTT
-5.6     119 ..     133   GGTGATCCCTCCCTC               CTGCCG GCC CGCCAG               CCTGACCTGTGCTTG
-3.7     121 ..     134   TGATCCCTCCCTCCT               GCCGG CCCG CCAGC                CTGACCTGTGCTTGG
-2.9     124 ..     135   TCCCTCCCTCCTGCC                GGC CCGCCA GCC                 TGACCTGTGCTTGGC
 0.6     123 ..     136   ATCCCTCCCTCCTGC               CGGC CCGCCA GCCT                GACCTGTGCTTGGCT
-1.7     122 ..     137   GATCCCTCCCTCCTG              CCGGC CCGCCA GCCTG               ACCTGTGCTTGGCTC
 0.1     117 ..     138   GAGGTGATCCCTCCC           TCCTGCCGG CCCG CCAGCCTGA            CCTGTGCTTGGCTCC
  -1     129 ..     139   CCCTCCTGCCGGCCC                 GCCA GCC TGAC                 CTGTGCTTGGCTCCG
 0.8     124 ..     140   TCCCTCCCTCCTGCC              GGCCCG CCAGC CTGACC              TGTGCTTGGCTCCGC
 4.3     123 ..     141   ATCCCTCCCTCCTGC             CGGCCCG CCAGC CTGACCT             GTGCTTGGCTCCGCG
-1.5     131 ..     142   CTCCTGCCGGCCCGC                CAG CCTGAC CTG                 TGCTTGGCTCCGCGG
   2     130 ..     143   CCTCCTGCCGGCCCG               CCAG CCTGAC CTGT                GCTTGGCTCCGCGGG
 2.2     130 ..     144   CCTCCTGCCGGCCCG              C-CAG CCTGAC CTGTG               CTTGGCTCCGCGGGC
-0.1     129 ..     145   CCCTCCTGCCGGCCC             GC-CAG CCTGAC CTGTGC              TTGGCTCCGCGGGCC
 1.5     132 ..     146   TCCTGCCGGCCCGCC               AGC CTGACCTGT GCT               TGGCTCCGCGGGCCG
 2.6     137 ..     147   CCGGCCCGCCAGCCT                 GACC TGT GCTT                 GGCTCCGCGGGCCGC
 2.7     130 ..     148   CCTCCTGCCGGCCCG             CCAGC CTGACCTGT GCTTG             GCTCCGCGGGCCGCA
 0.4     139 ..     149   GGCCCGCCAGCCTGA                 CC TGTGCTT GG                 CTCCGCGGGCCGCAG
 0.6     129 ..     150   CCCTCCTGCCGGCCC           GCCA-GC CTGACCTGT GCTTGGC           TCCGCGGGCCGCAGC
 0.2     132 ..     151   TCCTGCCGGCCCGCC            AGCCTGAC CTGT GCTTGGCT             CCGCGGGCCGCAGCC
-2.4     142 ..     152   CCGCCAGCCTGACCT                 GTGC TTG GCTC                 CGCGGGCCGCAGCCT
 1.1     141 ..     153   CCCGCCAGCCTGACC                TGTGC TTG GCTCC                GCGGGCCGCAGCCTC
-1.2     140 ..     154   GCCCGCCAGCCTGAC               CTGTGC TTG GCTCCG               CGGGCCGCAGCCTCG
 1.4     144 ..     155   GCCAGCCTGACCTGT                GC TTGGCTCC GC                 GGGCCGCAGCCTCGG
 2.2     145 ..     156   CCAGCCTGACCTGTG                CTTG GCTC CGCG                 GGCCGCAGCCTCGGC
 0.5     127 ..     157   CTCCCTCCTGCCGGC      CCGC-CAGCCTGAC CTGT GCTTGGCTCCGCGG       GCCGCAGCCTCGGCC
-1.8     126 ..     158   CCTCCCTCCTGCCGG     CCCGC-CAGCCTGAC CTGT GCTTGGCTCCGCGGG      CCGCAGCCTCGGCCC
-4.6     149 ..     159   CCTGACCTGTGCTTG                 GCTC CGC GGGC                 CGCAGCCTCGGCCCC
-6.9     148 ..     160   GCCTGACCTGTGCTT                GGCTC CGC GGGCC                GCAGCCTCGGCCCCG
-8.7     123 ..     161   ATCCCTCCCTCCTGC  CGGCCCGC-CAGCCTGAC CTGT GCTTGGCTCCGCGGGCCG   CAGCCTCGGCCCCGG
-5.2     122 ..     162   GATCCCTCCCTCCTG CCGGCCCGC-CAGCCTGAC CTGT GCTTGGCTCCGCGGGCCGC  AGCCTCGGCCCCGGC
-5.9     120 ..     163   GTGATCCCTCCCTCC TGCCGGCCCGC-CAGCCTGAC CTGT GCTTGGCTCCGCGGGCCG-CA GCCTCGGCCCCGGCG
-8.2     119 ..     164   GGTGATCCCTCCCTC CTGCCGGCCCGC-CAGCCTGAC CTGT GCTTGGCTCCGCGGGCCG-CAG CCTCGGCCCCGGCGC
-5.1     144 ..     165   GCCAGCCTGACCTGT           GCT-TGGCTC CGC GGGCCGCAGC           CTCGGCCCCGGCGCG
-5.9     148 ..     166   GCCTGACCTGTGCTT             GGCTCCG CGGGC CGCAGCC             TCGGCCCCGGCGCGC
-3.6     156 ..     167   TGTGCTTGGCTCCGC                GGGC CGCA GCCT                 CGGCCCCGGCGCGCC
-1.2     156 ..     168   TGTGCTTGGCTCCGC               G-GGC CGCA GCCTC                GGCCCCGGCGCGCCC
-3.5     155 ..     169   CTGTGCTTGGCTCCG              CG-GGC CGCA GCCTCG               GCCCCGGCGCGCCCC
-4.5     152 ..     170   GACCTGTGCTTGGCT            CCGCGGGC CGCA GCCT-CGG             CCCCGGCGCGCCCCC
-5.2     158 ..     171   TGCTTGGCTCCGCGG               GCCG CAGCCT CGGC                CCCGGCGCGCCCCCG
-7.5     157 ..     172   GTGCTTGGCTCCGCG              GGCCG CAGCCT CGGCC               CCGGCGCGCCCCCGG
-9.8     156 ..     173   TGTGCTTGGCTCCGC             GGGCCG CAGCCT CGGCCC              CGGCGCGCCCCCGGC
-6.3     155 ..     174   CTGTGCTTGGCTCCG            CGGGCCG CAGCCT CGGCCCC             GGCGCGCCCCCGGCT
-8.4     153 ..     175   ACCTGTGCTTGGCTC          CGCGGGCCG CAGCCT CGGCCC-CG           GCGCGCCCCCGGCTG
-10.7     152 ..     176   GACCTGTGCTTGGCT         CCGCGGGCCG CAGCCT CGGCCC-CGG          CGCGCCCCCGGCTGC
-7.2     151 ..     177   TGACCTGTGCTTGGC        TCCGCGGGCCG CAGCCT CGGCCC-CGGC         GCGCCCCCGGCTGCT
-9.5     150 ..     178   CTGACCTGTGCTTGG       CTCCGCGGGCCG CAGCCT CGGCCC-CGGCG        CGCCCCCGGCTGCTC
-11.8     149 ..     179   CCTGACCTGTGCTTG      GCTCCGCGGGCCG CAGCCT CGGCCC-CGGCGC       GCCCCCGGCTGCTCT
-8.3     148 ..     180   GCCTGACCTGTGCTT     GGCTCCGCGGGCCG CAGCCT CGGCCC-CGGCGCG      CCCCCGGCTGCTCTC
-8.2     154 ..     181   CCTGTGCTTGGCTCC        GCGGGCCGCAGC CTCG GCCCCGGCGCGC         CCCCGGCTGCTCTCG
-4.8     148 ..     182   GCCTGACCTGTGCTT    GGCTC-CGCGGGCCG CAGCCT CGGCCCCGGCGCGCC     CCCGGCTGCTCTCGC
-2.9     157 ..     183   GTGCTTGGCTCCGCG        GGCCGCAGCC TCGGCCCC GGC-GCGCCC         CCGGCTGCTCTCGCC
-5.2     156 ..     184   TGTGCTTGGCTCCGC       GGGCCGCAGCC TCGGCCCC GGC-GCGCCCC        CGGCTGCTCTCGCCG
-2.4     175 ..     185   CGCAGCCTCGGCCCC                 GGCG CGC CCCC                 GGCTGCTCTCGCCGC
-4.7     174 ..     186   CCGCAGCCTCGGCCC                CGGCG CGC CCCCG                GCTGCTCTCGCCGCG
  -7     173 ..     187   GCCGCAGCCTCGGCC               CCGGCG CGC CCCCGG               CTGCTCTCGCCGCGA
-3.5     172 ..     188   GGCCGCAGCCTCGGC              CCCGGCG CGC CCCCGGC              TGCTCTCGCCGCGAT
-2.4     179 ..     189   GCCTCGGCCCCGGCG                 CGCC CCC GGCT                 GCTCTCGCCGCGATG
-4.3     162 ..     190   TGGCTCCGCGGGCCG        CAGCCTCGGCCCC GGC GCGCCCCCGGCTG        CTCTCGCCGCGATGx
-6.6     161 ..     191   TTGGCTCCGCGGGCC       GCAGCCTCGGCCCC GGC GCGCCCCCGGCTGC       TCTCGCCGCGATGxx
-3.1     160 ..     192   CTTGGCTCCGCGGGC      CGCAGCCTCGGCCCC GGC GCGCCCCCGGCTGCT      CTCGCCGCGATGxxx
-3.3     176 ..     193   GCAGCCTCGGCCCCG             GCGC-GCC CCC GGCTGCTC             TCGCCGCGATGxxxx
  -2     175 ..     194   CGCAGCCTCGGCCCC            GGCGC-GCC CCC GGCTGCTCT            CGCCGCGATGxxxxx
-0.6     157 ..     195   GTGCTTGGCTCCGCG   GGCCGCAGCCTCGGCCCC GGC GCGCCCCCGGCTGCTCTC   GCCGCGATGxxxxxx
-2.7     155 ..     196   CTGTGCTTGGCTCCG CGGGCCGCAGCCTCGGCCCC GGC GCGCCCCCGGCTGCT-CTCG CCGCGATGxxxxxxx
  -5     154 ..     197   CCTGTGCTTGGCTCC GCGGGCCGCAGCCTCGGCCCC GGC GCGCCCCCGGCTGCT-CTCGC CGCGATGxxxxxxxx
-1.9     186 ..     198   CCCCGGCGCGCCCCC                GGC TGCTCTC GCC                GCGATGxxxxxxxxx
-4.2     185 ..     199   GCCCCGGCGCGCCCC               CGGC TGCTCTC GCCG               CGATGxxxxxxxxxx
-3.7     187 ..     200   CCCGGCGCGCCCCCG               GCTGC TCTC GCCGC                GATGxxxxxxxxxxx
  -3     183 ..     201   CGGCCCCGGCGCGCC             CCCGGC TGCTCTC GCCGCG             ATGxxxxxxxxxxxx
  -1     192 ..     202   CGCGCCCCCGGCTGC                 TCTC GCC GCGA                 TGxxxxxxxxxxxxx
  -1     193 ..     203   GCGCCCCCGGCTGCT                 CTCG CCG CGAT                 Gxxxxxxxxxxxxxx
