>AB020568.1:165-737 Hepatitis A virus genomic RNA, complete sequence, isolate FH2 FORWARD
 2.6       1 ..      11   xxxxxxxxxxxxxxx                 CAGG GTT CTTT                 AATCTGTTTCTCTAT
 7.2       1 ..      12   xxxxxxxxxxxxxxx                CAGG GTTC TTTA                 ATCTGTTTCTCTATA
None       3 ..      13   xxxxxxxxxxxxxCA                  GGGTTCTTTAA                  TCTGTTTCTCTATAA
 6.9       4 ..      14   xxxxxxxxxxxxCAG                 GGT TCTTT AAT                 CTGTTTCTCTATAAG
-0.8       4 ..      15   xxxxxxxxxxxxCAG                GGTT CTTT AATC                 TGTTTCTCTATAAGA
 0.5       3 ..      16   xxxxxxxxxxxxxCA               GGGTT CTTT AATCT                GTTTCTCTATAAGAA
 1.4       1 ..      17   xxxxxxxxxxxxxxx              CAGGGT TCTTT AATCTG              TTTCTCTATAAGAAC
 5.6       2 ..      18   xxxxxxxxxxxxxxC             A-GGGTT CTTT AATCTGT              TTCTCTATAAGAACA
 8.4       9 ..      19   xxxxxxxCAGGGTTC                 TTTA ATC TGTT                 TCTCTATAAGAACAC
None      10 ..      20   xxxxxxCAGGGTTCT                  TTAATCTGTTT                  CTCTATAAGAACACT
 4.7      11 ..      21   xxxxxCAGGGTTCTT                 TAA TCTGT TTC                 TCTATAAGAACACTC
 6.1      12 ..      22   xxxxCAGGGTTCTTT                 A ATCTGTTTC T                 CTATAAGAACACTCA
 8.6      12 ..      23   xxxxCAGGGTTCTTT                AA TCTGTTTC TC                 TATAAGAACACTCAA
 7.1      13 ..      24   xxxCAGGGTTCTTTA                A TCTGTTTCTC T                 ATAAGAACACTCAAT
 7.1      14 ..      25   xxCAGGGTTCTTTAA                T CTGTTTCTCT A                 TAAGAACACTCAATT
 6.2      13 ..      26   xxxCAGGGTTCTTTA               AT CTGTTTCTCT AT                AAGAACACTCAATTT
 3.5      16 ..      27   CAGGGTTCTTTAATC                TGT TTCTCT ATA                 AGAACACTCAATTTT
 3.2      18 ..      28   GGGTTCTTTAATCTG                 TT TCTCTAT AA                 GAACACTCAATTTTC
 3.5      18 ..      29   GGGTTCTTTAATCTG                TTT CTCTAT AAG                 AACACTCAATTTTCA
-1.1      20 ..      30   GTTCTTTAATCTGTT                 TCT CTATA AGA                 ACACTCAATTTTCAC
  -2      19 ..      31   GGTTCTTTAATCTGT                TTCT CTATA AGAA                CACTCAATTTTCACG
 1.5      18 ..      32   GGGTTCTTTAATCTG               TTTCT CTATA AGAAC               ACTCAATTTTCACGC
 0.8      16 ..      33   CAGGGTTCTTTAATC             TGTTTCT CTATA AGA-ACA             CTCAATTTTCACGCT
 0.8      17 ..      34   AGGGTTCTTTAATCT             GT-TTCT CTATA AGAACAC             TCAATTTTCACGCTT
 4.3      16 ..      35   CAGGGTTCTTTAATC            TGT-TTCT CTATA AGAACACT            CAATTTTCACGCTTT
 7.6      26 ..      36   TAATCTGTTTCTCTA                 TA AGAACAC TC                 AATTTTCACGCTTTC
 1.4      26 ..      37   TAATCTGTTTCTCTA                TAAG AACA CTCA                 ATTTTCACGCTTTCT
 4.9      25 ..      38   TTAATCTGTTTCTCT               ATAAG AACA CTCAA                TTTTCACGCTTTCTG
 6.5      25 ..      39   TTAATCTGTTTCTCT              A-TAAG AACA CTCAAT               TTTCACGCTTTCTGT
 3.2      30 ..      40   CTGTTTCTCTATAAG                 AA CACTCAA TT                 TTCACGCTTTCTGTC
 4.2      30 ..      41   CTGTTTCTCTATAAG                AA CACTCAAT TT                 TCACGCTTTCTGTCT
 3.6      28 ..      42   ATCTGTTTCTCTATA               AGAA CACTCAA TTTT               CACGCTTTCTGTCTT
 1.5      29 ..      43   TCTGTTTCTCTATAA               GAACA CTCAA TTTTC               ACGCTTTCTGTCTTC
   5      28 ..      44   ATCTGTTTCTCTATA              AGAACA CTCAA TTTTCA              CGCTTTCTGTCTTCT
 7.2      34 ..      45   TTCTCTATAAGAACA                CTCA ATTT TCAC                 GCTTTCTGTCTTCTT
 4.7      36 ..      46   CTCTATAAGAACACT                 C AATTTTCAC G                 CTTTCTGTCTTCTTT
 8.2      35 ..      47   TCTCTATAAGAACAC                TC AATTTTCAC GC                TTTCTGTCTTCTTTC
 6.1      38 ..      48   CTATAAGAACACTCA                 A TTTTCACGC T                 TTCTGTCTTCTTTCT
 5.2      37 ..      49   TCTATAAGAACACTC                AA TTTTCACGC TT                TCTGTCTTCTTTCTT
 6.2      37 ..      50   TCTATAAGAACACTC               AA TTTTCACGCT TT                CTGTCTTCTTTCTTC
None      41 ..      51   TAAGAACACTCAATT                  TTCACGCTTTC                  TGTCTTCTTTCTTCC
 8.7      28 ..      52   ATCTGTTTCTCTATA          AGAACAC TCAATTTTCAC GCTTTCT          GTCTTCTTTCTTCCA
 1.8      43 ..      53   AGAACACTCAATTTT                 CA CGCTTTC TG                 TCTTCTTTCTTCCAG
 1.1      44 ..      54   GAACACTCAATTTTC                 ACG CTTTC TGT                 CTTCTTTCTTCCAGG
 4.6      43 ..      55   AGAACACTCAATTTT                CACG CTTTC TGTC                TTCTTTCTTCCAGGG
 4.6      44 ..      56   GAACACTCAATTTTC                ACGC TTTCT GTCT                TCTTTCTTCCAGGGC
 6.3      44 ..      57   GAACACTCAATTTTC               ACG CTTTCTGT CTT                CTTTCTTCCAGGGCT
 6.7      46 ..      58   ACACTCAATTTTCAC                G CTTTCTGTCTT C                TTTCTTCCAGGGCTC
 8.5      28 ..      59   ATCTGTTTCTCTATA      AGAACACTCAA TTTTCACGCT TTCTGTCTTCT       TTCTTCCAGGGCTCT
 7.6      27 ..      60   AATCTGTTTCTCTAT     AAGAACACTCAA TTTTCACGCT TTCTGTCTTCTT      TCTTCCAGGGCTCTC
None      51 ..      61   CAATTTTCACGCTTT                  CTGTCTTCTTT                  CTTCCAGGGCTCTCC
None      52 ..      62   AATTTTCACGCTTTC                  TGTCTTCTTTC                  TTCCAGGGCTCTCCC
 7.2      52 ..      63   AATTTTCACGCTTTC                TG TCTTCTTT CT                 TCCAGGGCTCTCCCC
None      54 ..      64   TTTTCACGCTTTCTG                  TCTTCTTTCTT                  CCAGGGCTCTCCCCT
 6.7      53 ..      65   ATTTTCACGCTTTCT                G TCTTCTTTCTT C                CAGGGCTCTCCCCTT
 7.7      53 ..      66   ATTTTCACGCTTTCT               G TCTTCTTTCTTC C                AGGGCTCTCCCCTTG
 6.1      57 ..      67   TCACGCTTTCTGTCT                 T CTTTCTTCC A                 GGGCTCTCCCCTTGC
 1.8      58 ..      68   CACGCTTTCTGTCTT                 CT TTCTTCC AG                 GGCTCTCCCCTTGCC
 2.1      58 ..      69   CACGCTTTCTGTCTT                CTT TCTTCC AGG                 GCTCTCCCCTTGCCC
 0.4      60 ..      70   CGCTTTCTGTCTTCT                 TTCT TCC AGGG                 CTCTCCCCTTGCCCT
 3.9      59 ..      71   ACGCTTTCTGTCTTC                TTTCT TCC AGGGC                TCTCCCCTTGCCCTA
   7      62 ..      72   CTTTCTGTCTTCTTT                 CTTC CAG GGCT                 CTCCCCTTGCCCTAG
None      63 ..      73   TTTCTGTCTTCTTTC                  TTCCAGGGCTC                  TCCCCTTGCCCTAGG
None      64 ..      74   TTCTGTCTTCTTTCT                  TCCAGGGCTCT                  CCCCTTGCCCTAGGC
 8.3      65 ..      75   TCTGTCTTCTTTCTT                CCAG GGCT CTC-                 CCCTTGCCCTAGGCT
 5.8      65 ..      76   TCTGTCTTCTTTCTT                CCAG GGCT CTCC                 CCTTGCCCTAGGCTC
 1.1      67 ..      77   TGTCTTCTTTCTTCC                AGGG CTCT CCC-                 CTTGCCCTAGGCTCT
-3.9      68 ..      78   GTCTTCTTTCTTCCA                 GGG CTCTC CCC                 TTGCCCTAGGCTCTG
-4.8      67 ..      79   TGTCTTCTTTCTTCC                AGGG CTCTC CCCT                TGCCCTAGGCTCTGG
-1.3      66 ..      80   CTGTCTTCTTTCTTC               CAGGG CTCTC CCCTT               GCCCTAGGCTCTGGC
-3.6      65 ..      81   TCTGTCTTCTTTCTT              CCAGGG CTCTC CCCTTG              CCCTAGGCTCTGGCC
-0.1      64 ..      82   TTCTGTCTTCTTTCT             TCCAGGG CTCTC CCCTTGC             CCTAGGCTCTGGCCG
 0.1      69 ..      83   TCTTCTTTCTTCCAG               GGC TCTCCCCTT GCC               CTAGGCTCTGGCCGT
-2.2      68 ..      84   GTCTTCTTTCTTCCA              GGGC TCTCCCCTT GCCC              TAGGCTCTGGCCGTT
-3.1      67 ..      85   TGTCTTCTTTCTTCC             AGGGC TCTCCCCTT GCCCT             AGGCTCTGGCCGTTG
 0.4      66 ..      86   CTGTCTTCTTTCTTC            CAGGGC TCTCCCCTT GCCCTA            GGCTCTGGCCGTTGC
-1.9      65 ..      87   TCTGTCTTCTTTCTT           CCAGGGC TCTCCCCTT GCCCTAG           GCTCTGGCCGTTGCG
-1.7      65 ..      88   TCTGTCTTCTTTCTT          CC-AGGGC TCTCCCCTT GCCCTAGG          CTCTGGCCGTTGCGC
 1.8      64 ..      89   TTCTGTCTTCTTTCT         TCC-AGGGC TCTCCCCTT GCCCTAGGC         TCTGGCCGTTGCGCC
-2.4      80 ..      90   CCAGGGCTCTCCCCT                 TGCC CTA GGCT                 CTGGCCGTTGCGCCC
 1.1      79 ..      91   TCCAGGGCTCTCCCC                TTGCC CTA GGCTC                TGGCCGTTGCGCCCG
 4.6      78 ..      92   TTCCAGGGCTCTCCC               CTTGCC CTA GGCTCT               GGCCGTTGCGCCCGG
 2.3      77 ..      93   CTTCCAGGGCTCTCC              CCTTGCC CTA GGCTCTG              GCCGTTGCGCCCGGC
-3.2      84 ..      94   GGCTCTCCCCTTGCC                 CTAG GCT CTGG                 CCGTTGCGCCCGGCG
 0.1      81 ..      95   CAGGGCTCTCCCCTT               GCC CTAGGCTCT GGC               CGTTGCGCCCGGCGG
 0.4      81 ..      96   CAGGGCTCTCCCCTT              GCCCTAG GCT CT-GGCC              GTTGCGCCCGGCGGG
-1.4      86 ..      97   CTCTCCCCTTGCCCT                AGGC TCTG GCCG                 TTGCGCCCGGCGGGG
 0.2      86 ..      98   CTCTCCCCTTGCCCT               A-GGC TCTG GCCGT                TGCGCCCGGCGGGGT
 3.7      85 ..      99   GCTCTCCCCTTGCCC              TA-GGC TCTG GCCGTT               GCGCCCGGCGGGGTC
 1.4      84 ..     100   GGCTCTCCCCTTGCC             CTA-GGC TCTG GCCGTTG              CGCCCGGCGGGGTCA
 3.4      88 ..     101   CTCCCCTTGCCCTAG               GC TCTGGCCGTT GC                GCCCGGCGGGGTCAA
 2.6      82 ..     102   AGGGCTCTCCCCTTG           CCCTA-GGC TCTG GCCGTTGCG            CCCGGCGGGGTCAAC
 0.3      81 ..     103   CAGGGCTCTCCCCTT          GCCCTA-GGC TCTG GCCGTTGCGC           CCGGCGGGGTCAACT
-2.9      93 ..     104   CTTGCCCTAGGCTCT                GGC CGTTGC GCC                 CGGCGGGGTCAACTC
-4.7      93 ..     105   CTTGCCCTAGGCTCT                GGCCG TTG CGCCC                GGCGGGGTCAACTCC
-3.4      92 ..     106   CCTTGCCCTAGGCTC               TGGCCG TTG CGCCCG               GCGGGGTCAACTCCA
-5.7      91 ..     107   CCCTTGCCCTAGGCT              CTGGCCG TTG CGCCCGG              CGGGGTCAACTCCAT
-4.2      94 ..     108   TTGCCCTAGGCTCTG               GCCG TTGCGCC CGGC               GGGGTCAACTCCATG
-4.5      89 ..     109   TCCCCTTGCCCTAGG            CTCTGGCCG TTG CGCCCGGCG            GGGTCAACTCCATGA
-4.6      95 ..     110   TGCCCTAGGCTCTGG              CCGTTG CGCC CGGCGG               GGTCAACTCCATGAT
-1.7      91 ..     111   CCCTTGCCCTAGGCT            CTGGCCG TTGCGCC CGGCGGG            GTCAACTCCATGATT
-2.4     102 ..     112   GGCTCTGGCCGTTGC                 GCCC GGC GGGG                 TCAACTCCATGATTA
-3.6     102 ..     113   GGCTCTGGCCGTTGC                GCCC GGCG GGGT                 CAACTCCATGATTAG
-1.2      87 ..     114   TCTCCCCTTGCCCTA        GGCTCTGGCCG TTGCGCC CGG-CGGGGTC        AACTCCATGATTAGC
-2.1      99 ..     115   CTAGGCTCTGGCCGT              TGCGCCC GGC GGGGTCA              ACTCCATGATTAGCA
  -3      98 ..     116   CCTAGGCTCTGGCCG             TTGCGCCC GGC GGGGTCAA             CTCCATGATTAGCAT
-5.3      97 ..     117   CCCTAGGCTCTGGCC            GTTGCGCCC GGC GGGGTCAAC            TCCATGATTAGCATG
-1.8      96 ..     118   GCCCTAGGCTCTGGC           CGTTGCGCCC GGC GGGGTCAACT           CCATGATTAGCATGG
-0.3     109 ..     119   GCCGTTGCGCCCGGC                 GGG GTCAA CTC                 CATGATTAGCATGGA
-3.6     109 ..     120   GCCGTTGCGCCCGGC                GGGG TCAA CTCC                 ATGATTAGCATGGAG
-1.3      92 ..     121   CCTTGCCCTAGGCTC       TGGCCGTTGCGCCC GGC GGGGTCAACT-CCA       TGATTAGCATGGAGC
 1.2     107 ..     122   TGGCCGTTGCGCCCG              GCGGGG TCAA CTCCAT               GATTAGCATGGAGCT
 1.9     108 ..     123   GGCCGTTGCGCCCGG              CGGGG TCAACT CCATG               ATTAGCATGGAGCTG
-0.1     113 ..     124   TTGCGCCCGGCGGGG                TCA ACTCCA TGA                 TTAGCATGGAGCTGT
 1.2     112 ..     125   GTTGCGCCCGGCGGG               GTCA ACTCCA TGAT                TAGCATGGAGCTGTA
 0.4     116 ..     126   CGCCCGGCGGGGTCA                 ACTC CAT GATT                 AGCATGGAGCTGTAG
 3.9     115 ..     127   GCGCCCGGCGGGGTC                AACTC CAT GATTA                GCATGGAGCTGTAGG
 1.6     114 ..     128   TGCGCCCGGCGGGGT               CAACTC CAT GATTAG               CATGGAGCTGTAGGA
 4.5     112 ..     129   GTTGCGCCCGGCGGG             GTCAACTC CAT GA-TTAGC             ATGGAGCTGTAGGAG
 5.3     118 ..     130   CCCGGCGGGGTCAAC                TCC ATGATTA GCA                TGGAGCTGTAGGAGT
-1.1     121 ..     131   GGCGGGGTCAACTCC                 ATG ATTAG CAT                 GGAGCTGTAGGAGTC
-3.4     120 ..     132   CGGCGGGGTCAACTC                CATG ATTAG CATG                GAGCTGTAGGAGTCT
-5.7     119 ..     133   CCGGCGGGGTCAACT               CCATG ATTAG CATGG               AGCTGTAGGAGTCTA
-6.6     118 ..     134   CCCGGCGGGGTCAAC              TCCATG ATTAG CATGGA              GCTGTAGGAGTCTAA
-8.9     117 ..     135   GCCCGGCGGGGTCAA             CTCCATG ATTAG CATGGAG             CTGTAGGAGTCTAAA
-5.4     116 ..     136   CGCCCGGCGGGGTCA            ACTCCATG ATTAG CATGGAGC            TGTAGGAGTCTAAAT
-6.3     115 ..     137   GCGCCCGGCGGGGTC           AACTCCATG ATTAG CATGGAGCT           GTAGGAGTCTAAATT
-8.6     114 ..     138   TGCGCCCGGCGGGGT          CAACTCCATG ATTAG CATGGAGCTG          TAGGAGTCTAAATTG
-5.1     113 ..     139   TTGCGCCCGGCGGGG         TCAACTCCATG ATTAG CATGGAGCTGT         AGGAGTCTAAATTGG
-3.5     113 ..     140   TTGCGCCCGGCGGGG        T-CAACTCCATG ATTAG CATGGAGCTGTA        GGAGTCTAAATTGGG
-4.768e-07     112 ..     141   GTTGCGCCCGGCGGG       GT-CAACTCCATG ATTAG CATGGAGCTGTAG       GAGTCTAAATTGGGG
 3.5     111 ..     142   CGTTGCGCCCGGCGG      GGT-CAACTCCATG ATTAG CATGGAGCTGTAGG      AGTCTAAATTGGGGA
   7     110 ..     143   CCGTTGCGCCCGGCG     GGGT-CAACTCCATG ATTAG CATGGAGCTGTAGGA     GTCTAAATTGGGGAC
 6.6     108 ..     144   GGCCGTTGCGCCCGG    CGGGGTCAACTCCATG ATTAG CATGGAGCTGTAGGAG    TCTAAATTGGGGACG
 1.1     135 ..     145   CATGATTAGCATGGA                 GCT GTAGG AGT                 CTAAATTGGGGACGC
 2.6     133 ..     146   TCCATGATTAGCATG               GAGCT GTAGG AG-TC               TAAATTGGGGACGCA
 2.6     134 ..     147   CCATGATTAGCATGG               AG-CT GTAGG AGTCT               AAATTGGGGACGCAG
   3     131 ..     148   ACTCCATGATTAGCA             TGGAGCT GTAGG AG-TCTA             AATTGGGGACGCAGA
 1.4     138 ..     149   GATTAGCATGGAGCT                GTAG GAGT CTAA                 ATTGGGGACGCAGAT
 0.5     137 ..     150   TGATTAGCATGGAGC               TGTAG GAGT CTAAA                TTGGGGACGCAGATG
   4     136 ..     151   ATGATTAGCATGGAG              CTGTAG GAGT CTAAAT               TGGGGACGCAGATGT
   4     142 ..     152   AGCATGGAGCTGTAG                 GAGT CTA AATT                 GGGGACGCAGATGTT
   5     142 ..     153   AGCATGGAGCTGTAG                GAGT CTAA ATTG                 GGGACGCAGATGTTT
 8.5     141 ..     154   TAGCATGGAGCTGTA               GGAGT CTAA ATTGG                GGACGCAGATGTTTG
 0.4     145 ..     155   ATGGAGCTGTAGGAG                 TCTA AAT TGGG                 GACGCAGATGTTTGG
 3.9     144 ..     156   CATGGAGCTGTAGGA                GTCTA AAT TGGGG                ACGCAGATGTTTGGG
 3.1     145 ..     157   ATGGAGCTGTAGGAG                TCT AAATTGG GGA                CGCAGATGTTTGGGA
 0.8     144 ..     158   CATGGAGCTGTAGGA               GTCT AAATTGG GGAC               GCAGATGTTTGGGAC
 4.3     143 ..     159   GCATGGAGCTGTAGG              AGTCT AAATTGG GGACG              CAGATGTTTGGGACG
   2     142 ..     160   AGCATGGAGCTGTAG             GAGTCT AAATTGG GGACGC             AGATGTTTGGGACGT
 4.8     151 ..     161   CTGTAGGAGTCTAAA                 TTGG GGA CGCA                 GATGTTTGGGACGTC
 2.1     151 ..     162   CTGTAGGAGTCTAAA                TTG GGGACG CAG                 ATGTTTGGGACGTCA
 4.6     151 ..     163   CTGTAGGAGTCTAAA                TTGG GGACG CAGA                TGTTTGGGACGTCAC
 3.7     150 ..     164   GCTGTAGGAGTCTAA               ATTGG GGACG CAGAT               GTTTGGGACGTCACC
   7     155 ..     165   AGGAGTCTAAATTGG                 GGAC GCA GATG                 TTTGGGACGTCACCT
 6.1     156 ..     166   GGAGTCTAAATTGGG                GACG CAGA TGT-                 TTGGGACGTCACCTT
 1.4     156 ..     167   GGAGTCTAAATTGGG                GACG CAGA TGTT                 TGGGACGTCACCTTG
 2.7     155 ..     168   AGGAGTCTAAATTGG               GGACG CAGA TGTTT                GGGACGTCACCTTGC
 3.6     158 ..     169   AGTCTAAATTGGGGA                CGCA GATG TTTG                 GGACGTCACCTTGCA
 2.6     160 ..     170   TCTAAATTGGGGACG                 CAGA TGT TTGG                 GACGTCACCTTGCAG
 1.3     158 ..     171   AGTCTAAATTGGGGA               CGCAG ATGT TTGGG                ACGTCACCTTGCAGT
 4.8     157 ..     172   GAGTCTAAATTGGGG              ACGCAG ATGT TTGGGA               CGTCACCTTGCAGTG
 2.5     156 ..     173   GGAGTCTAAATTGGG             GACGCAG ATGT TTGGGAC              GTCACCTTGCAGTGT
 0.4     164 ..     174   AATTGGGGACGCAGA                 TGTT TGG GACG                 TCACCTTGCAGTGTT
-0.5     163 ..     175   AAATTGGGGACGCAG                ATGTT TGG GACGT                CACCTTGCAGTGTTA
-2.8     162 ..     176   TAAATTGGGGACGCA               GATGTT TGG GACGTC               ACCTTGCAGTGTTAA
 0.7     161 ..     177   CTAAATTGGGGACGC              AGATGTT TGG GACGTCA              CCTTGCAGTGTTAAC
 3.6     167 ..     178   TGGGGACGCAGATGT                TTGG GACG TCAC                 CTTGCAGTGTTAACT
 0.4     169 ..     179   GGGACGCAGATGTTT                 GG GACGTCA CC                 TTGCAGTGTTAACTT
 0.7     169 ..     180   GGGACGCAGATGTTT                GGG ACGTCA CCT                 TGCAGTGTTAACTTG
 2.6     171 ..     181   GACGCAGATGTTTGG                 GACG TCA CCTT                 GCAGTGTTAACTTGG
 5.5     167 ..     182   TGGGGACGCAGATGT              TTGGG ACGTCA CCTTG               CAGTGTTAACTTGGC
 3.5     170 ..     183   GGACGCAGATGTTTG               GGACG TCAC CTTGC                AGTGTTAACTTGGCT
 2.9     168 ..     184   GGGGACGCAGATGTT              TGGGACG TCA CCTTGCA              GTGTTAACTTGGCTC
 2.5     173 ..     185   CGCAGATGTTTGGGA                CGTCA CCT TGCAG                TGTTAACTTGGCTCT
 1.6     172 ..     186   ACGCAGATGTTTGGG               ACGTCA CCT TGCAGT               GTTAACTTGGCTCTC
-1.5     176 ..     187   AGATGTTTGGGACGT                CAC CTTGCA GTG                 TTAACTTGGCTCTCA
 0.6     177 ..     188   GATGTTTGGGACGTC                AC-CT TGC AGTGT                TAACTTGGCTCTCAT
 3.3     174 ..     189   GCAGATGTTTGGGAC              GTCAC CTTGCA GTGTT               AACTTGGCTCTCATG
 2.6     180 ..     190   GTTTGGGACGTCACC                 TTGC AGT GTTA                 ACTTGGCTCTCATGA
 3.5     180 ..     191   GTTTGGGACGTCACC                TTG CAGTGT TAA                 CTTGGCTCTCATGAA
 4.7     182 ..     192   TTGGGACGTCACCTT                 G CAGTGTTAA C                 TTGGCTCTCATGAAC
 3.9     183 ..     193   TGGGACGTCACCTTG                CAGT GTTA ACT-                 TGGCTCTCATGAACC
 1.4     183 ..     194   TGGGACGTCACCTTG                CAGT GTTA ACTT                 GGCTCTCATGAACCT
 1.6     183 ..     195   TGGGACGTCACCTTG               C-AGT GTTA ACTTG                GCTCTCATGAACCTC
 5.1     182 ..     196   TTGGGACGTCACCTT              GC-AGT GTTA ACTTGG               CTCTCATGAACCTCT
 0.4     187 ..     197   ACGTCACCTTGCAGT                 GTTA ACT TGGC                 TCTCATGAACCTCTT
 3.9     186 ..     198   GACGTCACCTTGCAG                TGTTA ACT TGGCT                CTCATGAACCTCTTT
 1.6     185 ..     199   GGACGTCACCTTGCA               GTGTTA ACT TGGCTC               TCATGAACCTCTTTG
 0.7     184 ..     200   GGGACGTCACCTTGC              AGTGTTA ACT TGGCTCT              CATGAACCTCTTTGA
 4.2     183 ..     201   TGGGACGTCACCTTG             CAGTGTTA ACT TGGCTCTC             ATGAACCTCTTTGAT
 3.5     181 ..     202   TTTGGGACGTCACCT           TGCAGTGTTA ACT TGGCTCT-CA           TGAACCTCTTTGATC
 2.6     193 ..     203   CCTTGCAGTGTTAAC                 TTGG CTC TCAT                 GAACCTCTTTGATCT
 0.3     192 ..     204   ACCTTGCAGTGTTAA                CTTGG CTC TCATG                AACCTCTTTGATCTT
 3.8     191 ..     205   CACCTTGCAGTGTTA               ACTTGG CTC TCATGA               ACCTCTTTGATCTTC
 6.2     193 ..     206   CCTTGCAGTGTTAAC               TT GGCTCTCATG AA                CCTCTTTGATCTTCC
-4.768e-08     196 ..     207   TGCAGTGTTAACTTG                GCTC TCAT GAAC                 CTCTTTGATCTTCCA
-2.3     195 ..     208   TTGCAGTGTTAACTT               GGCTC TCAT GAACC                TCTTTGATCTTCCAC
 1.2     194 ..     209   CTTGCAGTGTTAACT              TGGCTC TCAT GAACCT               CTTTGATCTTCCACA
 4.7     193 ..     210   CCTTGCAGTGTTAAC             TTGGCTC TCAT GAACCTC              TTTGATCTTCCACAA
 8.2     192 ..     211   ACCTTGCAGTGTTAA            CTTGGCTC TCAT GAACCTCT             TTGATCTTCCACAAG
 0.4     202 ..     212   GTTAACTTGGCTCTC                 ATGA ACC TCTT                 TGATCTTCCACAAGG
 3.9     201 ..     213   TGTTAACTTGGCTCT                CATGA ACC TCTTT                GATCTTCCACAAGGG
 2.8     203 ..     214   TTAACTTGGCTCTCA                TGAA CCTC TTTG                 ATCTTCCACAAGGGG
 3.2     200 ..     215   GTGTTAACTTGGCTC              TC-ATGA ACC TCTTTGA              TCTTCCACAAGGGGT
 2.9     202 ..     216   GTTAACTTGGCTCTC               ATGAA CCTCT TTGAT               CTTCCACAAGGGGTA
   2     204 ..     217   TAACTTGGCTCTCAT               GAAC CTCTTT GATC                TTCCACAAGGGGTAG
 3.9     206 ..     218   ACTTGGCTCTCATGA                ACCTC TTT GATCT                TCCACAAGGGGTAGG
   3     205 ..     219   AACTTGGCTCTCATG               AACCTC TTT GATCTT               CCACAAGGGGTAGGC
 0.7     204 ..     220   TAACTTGGCTCTCAT              GAACCTC TTT GATCTTC              CACAAGGGGTAGGCT
 4.2     203 ..     221   TTAACTTGGCTCTCA             TGAACCTC TTT GATCTTCC             ACAAGGGGTAGGCTA
 0.4     212 ..     222   CTCTCATGAACCTCT                 TTGA TCT TCCA                 CAAGGGGTAGGCTAC
 3.9     211 ..     223   GCTCTCATGAACCTC                TTTGA TCT TCCAC                AAGGGGTAGGCTACG
 2.8     213 ..     224   TCTCATGAACCTCTT                TG ATCTTCCA CA                 AGGGGTAGGCTACGG
 1.9     212 ..     225   CTCTCATGAACCTCT               TTG ATCTTCCA CAA                GGGGTAGGCTACGGG
 2.7     210 ..     226   GGCTCTCATGAACCT             CTT-TG ATCTTC CACAAG              GGGTAGGCTACGGGT
-0.8     216 ..     227   CATGAACCTCTTTGA                TCTT CCAC AAGG                 GGTAGGCTACGGGTG
 1.7     208 ..     228   TTGGCTCTCATGAAC           CTCTT-TG ATCTTC CACAAGGG            GTAGGCTACGGGTGA
-0.6     207 ..     229   CTTGGCTCTCATGAA          CCTCTT-TG ATCTTC CACAAGGGG           TAGGCTACGGGTGAA
-1.5     206 ..     230   ACTTGGCTCTCATGA         ACCTCTT-TG ATCTTC CACAAGGGGT          AGGCTACGGGTGAAA
   2     205 ..     231   AACTTGGCTCTCATG        AACCTCTT-TG ATCTTC CACAAGGGGTA         GGCTACGGGTGAAAC
-0.3     217 ..     232   ATGAACCTCTTTGAT              CTTCC ACAAGG GGTAG               GCTACGGGTGAAACC
   1     216 ..     233   CATGAACCTCTTTGA             TCTTCC ACAAGG GGTAGG              CTACGGGTGAAACCT
 4.5     215 ..     234   TCATGAACCTCTTTG            ATCTTCC ACAAGG GGTAGGC             TACGGGTGAAACCTC
 1.8     225 ..     235   CTTTGATCTTCCACA                 AG GGGTAGG CT                 ACGGGTGAAACCTCT
 4.9     213 ..     236   TCTCATGAACCTCTT          TGATCTTCC ACAAGG GGTAGGCTA           CGGGTGAAACCTCTT
 2.2     226 ..     237   TTTGATCTTCCACAA                GGGG TAGG CTAC                 GGGTGAAACCTCTTA
 0.4     228 ..     238   TGATCTTCCACAAGG                 GGTA GGC TACG                 GGTGAAACCTCTTAG
 3.9     227 ..     239   TTGATCTTCCACAAG                GGGTA GGC TACGG                GTGAAACCTCTTAGG
 6.9     223 ..     240   CTCTTTGATCTTCCA             CAAGGGG TAGG CTACGGG              TGAAACCTCTTAGGC
 4.8     231 ..     241   TCTTCCACAAGGGGT                 AGGC TAC GGGT                 GAAACCTCTTAGGCT
 3.7     221 ..     242   ACCTCTTTGATCTTC           CACAAGGGG TAGG CTACGGGTG            AAACCTCTTAGGCTA
 6.2     233 ..     243   TTCCACAAGGGGTAG                 GC TACGGGT GA                 AACCTCTTAGGCTAA
 6.3     219 ..     244   GAACCTCTTTGATCT         TCCACAAGGGG TAGG CTACGGGTGAA          ACCTCTTAGGCTAAT
 5.4     218 ..     245   TGAACCTCTTTGATC        TTCCACAAGGGG TAGG CTACGGGTGAAA         CCTCTTAGGCTAATA
 3.5     233 ..     246   TTCCACAAGGGGTAG               GCTAC GGGT GAAAC                CTCTTAGGCTAATAC
 1.2     232 ..     247   CTTCCACAAGGGGTA              GGCTAC GGGT GAAACC               TCTTAGGCTAATACT
-3.2     238 ..     248   CAAGGGGTAGGCTAC                 GGGT GAA ACCT                 CTTAGGCTAATACTT
-0.8     238 ..     249   CAAGGGGTAGGCTAC                G-GGT GAA ACCTC                TTAGGCTAATACTTC
-0.6     236 ..     250   CACAAGGGGTAGGCT               ACGGGT GAA ACCTCT               TAGGCTAATACTTCT
 1.8     236 ..     251   CACAAGGGGTAGGCT              ACG-GGT GAA ACCTCTT              AGGCTAATACTTCTA
 0.9     235 ..     252   CCACAAGGGGTAGGC             TACG-GGT GAA ACCTCTTA             GGCTAATACTTCTAT
-1.4     234 ..     253   TCCACAAGGGGTAGG            CTACG-GGT GAA ACCTCTTAG            GCTAATACTTCTATG
 2.1     233 ..     254   TTCCACAAGGGGTAG           GCTACG-GGT GAA ACCTCTTAGG           CTAATACTTCTATGA
  -1     245 ..     255   TAGGCTACGGGTGAA                 ACCT CTT AGGC                 TAATACTTCTATGAA
-1.9     244 ..     256   GTAGGCTACGGGTGA                AACCT CTT AGGCT                AATACTTCTATGAAG
  -2     230 ..     257   ATCTTCCACAAGGGG        TAGGCTACG-GGT GAA ACCTCTTAGGCTA        ATACTTCTATGAAGA
 1.5     229 ..     258   GATCTTCCACAAGGG       GTAGGCTACG-GGT GAA ACCTCTTAGGCTAA       TACTTCTATGAAGAG
 1.8     249 ..     259   CTACGGGTGAAACCT                 CTTA GGC TAAT                 ACTTCTATGAAGAGA
 0.9     248 ..     260   GCTACGGGTGAAACC                TCTTA GGC TAATA                CTTCTATGAAGAGAT
   4     226 ..     261   TTTGATCTTCCACAA    GGGGTAGGCTACG-GGT GAA ACCTCTTAGGCTAATAC    TTCTATGAAGAGATG
 1.8     252 ..     262   CGGGTGAAACCTCTT                 AG GCTAATA CT                 TCTATGAAGAGATGC
 2.1     252 ..     263   CGGGTGAAACCTCTT                AGG CTAATA CTT                 CTATGAAGAGATGCC
 4.7     254 ..     264   GGTGAAACCTCTTAG                 G CTAATACTT C                 TATGAAGAGATGCCT
 4.1     252 ..     265   CGGGTGAAACCTCTT               AGG CTAATACT TCT                ATGAAGAGATGCCTT
 3.2     251 ..     266   ACGGGTGAAACCTCT              TAGG CTAATACT TCTA               TGAAGAGATGCCTTG
 5.3     257 ..     267   GAAACCTCTTAGGCT                AATA CTTC TA-T                 GAAGAGATGCCTTGG
 2.8     257 ..     268   GAAACCTCTTAGGCT                AATA CTTC TATG                 AAGAGATGCCTTGGA
 1.9     256 ..     269   TGAAACCTCTTAGGC               TAATA CTTC TATGA                AGAGATGCCTTGGAT
 4.3     259 ..     270   AACCTCTTAGGCTAA                TAC TTCTAT GAA                 GAGATGCCTTGGATA
-5.4     261 ..     271   CCTCTTAGGCTAATA                 CTTC TAT GAAG                 AGATGCCTTGGATAG
-1.9     260 ..     272   ACCTCTTAGGCTAAT                ACTTC TAT GAAGA                GATGCCTTGGATAGG
-0.8     262 ..     273   CTCTTAGGCTAATAC                TTCT ATGA AGAG                 ATGCCTTGGATAGGG
-0.1     263 ..     274   TCTTAGGCTAATACT                TCT ATGAAG AGA                 TGCCTTGGATAGGGT
 1.8     260 ..     275   ACCTCTTAGGCTAAT              ACTTCT ATGA AGAGAT               GCCTTGGATAGGGTA
 1.1     261 ..     276   CCTCTTAGGCTAATA              CTTCT ATGAAG AGATG               CCTTGGATAGGGTAA
 3.4     254 ..     277   GGTGAAACCTCTTAG          GCTAATACTTC TAT GAAGAGAT-GC          CTTGGATAGGGTAAC
 1.1     253 ..     278   GGGTGAAACCTCTTA         GGCTAATACTTC TAT GAAGAGAT-GCC         TTGGATAGGGTAACA
 0.2     252 ..     279   CGGGTGAAACCTCTT        AGGCTAATACTTC TAT GAAGAGAT-GCCT        TGGATAGGGTAACAG
-0.1     269 ..     280   GCTAATACTTCTATG                AAG AGATGC CTT                 GGATAGGGTAACAGC
 3.4     268 ..     281   GGCTAATACTTCTAT               GAAG AGATGC CTTG                GATAGGGTAACAGCG
 2.7     249 ..     282   CTACGGGTGAAACCT     CTTAGGCTAATACTTC TAT GAAGAGAT-GCCTTGG     ATAGGGTAACAGCGG
 1.8     248 ..     283   GCTACGGGTGAAACC    TCTTAGGCTAATACTTC TAT GAAGAGAT-GCCTTGGA    TAGGGTAACAGCGGC
 0.4     274 ..     284   TACTTCTATGAAGAG                 ATGC CTT GGAT                 AGGGTAACAGCGGCG
 2.6     275 ..     285   ACTTCTATGAAGAGA                 TGCC TTG GATA                 GGGTAACAGCGGCGG
 4.4     264 ..     286   CTTAGGCTAATACTT          CTAT-GAAG AGATGC CTTGGATAG           GGTAACAGCGGCGGA
-2.5     277 ..     287   TTCTATGAAGAGATG                 CCT TGGAT AGG                 GTAACAGCGGCGGAT
-2.2     277 ..     288   TTCTATGAAGAGATG                CCTT GGAT AGGG                 TAACAGCGGCGGATA
-0.9     276 ..     289   CTTCTATGAAGAGAT               GCCTT GGAT AGGGT                AACAGCGGCGGATAT
-1.8     275 ..     290   ACTTCTATGAAGAGA              TGCCTT GGAT AGGGTA               ACAGCGGCGGATATT
 1.7     274 ..     291   TACTTCTATGAAGAG             ATGCCTT GGAT AGGGTAA              CAGCGGCGGATATTG
-0.6     273 ..     292   ATACTTCTATGAAGA            GATGCCTT GGAT AGGGTAAC             AGCGGCGGATATTGG
 2.9     272 ..     293   AATACTTCTATGAAG           AGATGCCTT GGAT AGGGTAACA            GCGGCGGATATTGGT
 5.2     280 ..     294   TATGAAGAGATGCCT               TGGATA GGG TAACAG               CGGCGGATATTGGTG
 6.3     282 ..     295   TGAAGAGATGCCTTG               GAT AGGGTAAC AGC                GGCGGATATTGGTGA
 4.8     286 ..     296   GAGATGCCTTGGATA                 GGGT AAC AGCG                 GCGGATATTGGTGAG
 4.1     277 ..     297   TTCTATGAAGAGATG            CCTTGGATA GGG TAACAGCGG            CGGATATTGGTGAGT
 1.8     276 ..     298   CTTCTATGAAGAGAT           GCCTTGGATA GGG TAACAGCGGC           GGATATTGGTGAGTT
 3.1     275 ..     299   ACTTCTATGAAGAGA          TGCCTTGGATA GGG TAACAGCGGCG          GATATTGGTGAGTTG
 6.6     274 ..     300   TACTTCTATGAAGAG         ATGCCTTGGATA GGG TAACAGCGGCGG         ATATTGGTGAGTTGT
 3.4     291 ..     301   GCCTTGGATAGGGTA                 ACAG CGG CGGA                 TATTGGTGAGTTGTT
 2.5     290 ..     302   TGCCTTGGATAGGGT                AACAG CGG CGGAT                ATTGGTGAGTTGTTA
 1.6     289 ..     303   ATGCCTTGGATAGGG               TAACAG CGG CGGATA               TTGGTGAGTTGTTAA
 2.9     288 ..     304   GATGCCTTGGATAGG              GTAACAG CGG CGGATAT              TGGTGAGTTGTTAAG
   4     290 ..     305   TGCCTTGGATAGGGT              AACAGC GGCG GATATT               GGTGAGTTGTTAAGA
 4.3     295 ..     306   TGGATAGGGTAACAG                CGG CGGATA TTG                 GTGAGTTGTTAAGAC
 4.8     297 ..     307   GATAGGGTAACAGCG                 GCGG ATA TTGG                 TGAGTTGTTAAGACA
   5     297 ..     308   GATAGGGTAACAGCG                GC GGATATTG GT                 GAGTTGTTAAGACAA
 3.8     295 ..     309   TGGATAGGGTAACAG               CGGCGG ATA TTGGTG               AGTTGTTAAGACAAA
 7.3     294 ..     310   TTGGATAGGGTAACA              GCGGCGG ATA TTGGTGA              GTTGTTAAGACAAAA
 7.1     298 ..     311   ATAGGGTAACAGCGG               CGGAT ATTG GTGAG                TTGTTAAGACAAAAA
 6.4     301 ..     312   GGGTAACAGCGGCGG                AT ATTGGTGA GT                 TGTTAAGACAAAAAC
   5     302 ..     313   GGTAACAGCGGCGGA                TATT GGTG AGTT                 GTTAAGACAAAAACC
 7.4     295 ..     314   TGGATAGGGTAACAG            CGGCGGAT ATTG GTGAGTTG             TTAAGACAAAAACCA
 6.5     301 ..     315   GGGTAACAGCGGCGG               ATA TTGGTGAGT TGT               TAAGACAAAAACCAT
 6.2     306 ..     316   ACAGCGGCGGATATT                 GGTG AGT TGTT                 AAGACAAAAACCATT
 5.3     305 ..     317   AACAGCGGCGGATAT                TGGTG AGT TGTTA                AGACAAAAACCATTC
   4     308 ..     318   AGCGGCGGATATTGG                 TGAG TTG TTAA                 GACAAAAACCATTCA
 7.5     307 ..     319   CAGCGGCGGATATTG                GTGAG TTG TTAAG                ACAAAAACCATTCAA
 6.2     310 ..     320   CGGCGGATATTGGTG                 AGTT GTT AAGA                 CAAAAACCATTCAAC
 1.1     311 ..     321   GGCGGATATTGGTGA                 GTT GTTAA GAC                 AAAAACCATTCAACG
   3     308 ..     322   AGCGGCGGATATTGG               TGAGTT GTT AAGACA               AAAACCATTCAACGC
  -3     312 ..     323   GCGGATATTGGTGAG                TTGT TAAG ACAA                 AAACCATTCAACGCC
 0.5     311 ..     324   GGCGGATATTGGTGA               GTTGT TAAG ACAAA                AACCATTCAACGCCG
 3.2     315 ..     325   GATATTGGTGAGTTG                 TT AAGACAA AA                 ACCATTCAACGCCGA
 2.9     312 ..     326   GCGGATATTGGTGAG               TTGTT AAGAC AAAAA               CCATTCAACGCCGAA
 0.6     311 ..     327   GGCGGATATTGGTGA              GTTGTT AAGAC AAAAAC              CATTCAACGCCGAAG
 4.1     310 ..     328   CGGCGGATATTGGTG             AGTTGTT AAGAC AAAAACC             ATTCAACGCCGAAGG
 3.4     308 ..     329   AGCGGCGGATATTGG           TGAGTTGTT AAGAC AAAAAC-CA           TTCAACGCCGAAGGA
 4.7     307 ..     330   CAGCGGCGGATATTG          GTGAGTTGTT AAGAC AAAAAC-CAT          TCAACGCCGAAGGAC
 4.9     310 ..     331   CGGCGGATATTGGTG           AGTTGTT AAGACAAA AACCATT            CAACGCCGAAGGACT
 2.6     309 ..     332   GCGGCGGATATTGGT          GAGTTGTT AAGACAAA AACCATTC           AACGCCGAAGGACTG
 1.7     308 ..     333   AGCGGCGGATATTGG         TGAGTTGTT AAGACAAA AACCATTCA          ACGCCGAAGGACTGG
 5.2     307 ..     334   CAGCGGCGGATATTG        GTGAGTTGTT AAGACAAA AACCATTCAA         CGCCGAAGGACTGGC
 2.9     306 ..     335   ACAGCGGCGGATATT       GGTGAGTTGTT AAGACAAA AACCATTCAAC        GCCGAAGGACTGGCT
 4.2     305 ..     336   AACAGCGGCGGATAT      TGGTGAGTTGTT AAGACAAA AACCATTCAACG       CCGAAGGACTGGCTC
 4.8     327 ..     337   TTGTTAAGACAAAAA                 CCAT TCA ACGC                 CGAAGGACTGGCTCT
 7.5     296 ..     338   GGATAGGGTAACAGC GGCGGATATTGGTGAGTTGT TAAG ACAAAA-ACCATTCAACGCC GAAGGACTGGCTCTC
 5.2     295 ..     339   TGGATAGGGTAACAG CGGCGGATATTGGTGAGTTGT TAAG ACAAAA-ACCATTCAACGCCG AAGGACTGGCTCTCA
 5.4     330 ..     340   TTAAGACAAAAACCA                 TT CAACGCC GA                 AGGACTGGCTCTCAT
-0.1     330 ..     341   TTAAGACAAAAACCA                TTC AACGCC GAA                 GGACTGGCTCTCATC
 3.4     332 ..     342   AAGACAAAAACCATT                 CAAC GCC GAAG                 GACTGGCTCTCATCC
 1.1     328 ..     343   TGTTAAGACAAAAAC              CATTC AACGCC GAAGG               ACTGGCTCTCATCCA
 3.8     330 ..     344   TTAAGACAAAAACCA               TTCAAC GCC GAAGGA               CTGGCTCTCATCCAG
 3.4     335 ..     345   ACAAAAACCATTCAA                 CGCC GAA GGAC                 TGGCTCTCATCCAGT
 2.5     334 ..     346   GACAAAAACCATTCA                ACGCC GAA GGACT                GGCTCTCATCCAGTG
 1.9     337 ..     347   AAAAACCATTCAACG                 CCG AAGGA CTG                 GCTCTCATCCAGTGG
 0.7     337 ..     348   AAAAACCATTCAACG                CCG AAGGAC TGG                 CTCTCATCCAGTGGA
-1.6     336 ..     349   CAAAAACCATTCAAC               GCCG AAGGAC TGGC                TCTCATCCAGTGGAT
 1.9     335 ..     350   ACAAAAACCATTCAA              CGCCG AAGGAC TGGCT               CTCATCCAGTGGATG
 3.8     339 ..     351   AAACCATTCAACGCC                GA AGGACTGGC TC                TCATCCAGTGGATGC
 1.1     342 ..     352   CCATTCAACGCCGAA                 GGA CTGGC TCT                 CATCCAGTGGATGCA
 1.8     343 ..     353   CATTCAACGCCGAAG                 GA CTGGCTC TC                 ATCCAGTGGATGCAT
 5.3     342 ..     354   CCATTCAACGCCGAA                GGA CTGGCTC TCA                TCCAGTGGATGCATT
 2.6     345 ..     355   TTCAACGCCGAAGGA                 CTGG CTC TCAT                 CCAGTGGATGCATTG
 1.9     343 ..     356   CATTCAACGCCGAAG               GACTGG CTC TCA-TC               CAGTGGATGCATTGA
  -1     347 ..     357   CAACGCCGAAGGACT                 GGCT CTC ATCC                 AGTGGATGCATTGAG
-1.9     346 ..     358   TCAACGCCGAAGGAC                TGGCT CTC ATCCA                GTGGATGCATTGAGT
-4.2     345 ..     359   TTCAACGCCGAAGGA               CTGGCT CTC ATCCAG               TGGATGCATTGAGTG
-5.1     344 ..     360   ATTCAACGCCGAAGG              ACTGGCT CTC ATCCAGT              GGATGCATTGAGTGA
-1.6     343 ..     361   CATTCAACGCCGAAG             GACTGGCT CTC ATCCAGTG             GATGCATTGAGTGAA
 0.4     352 ..     362   CCGAAGGACTGGCTC                 TCAT CCA GTGG                 ATGCATTGAGTGAAT
 1.9     350 ..     363   CGCCGAAGGACTGGC               TCTCAT CCA GTG-GA               TGCATTGAGTGAATT
-5.4     354 ..     364   GAAGGACTGGCTCTC                 ATCC AGT GGAT                 GCATTGAGTGAATTG
-7.7     353 ..     365   CGAAGGACTGGCTCT                CATCC AGT GGATG                CATTGAGTGAATTGA
-4.2     352 ..     366   CCGAAGGACTGGCTC               TCATCC AGT GGATGC               ATTGAGTGAATTGAT
-2.6     352 ..     367   CCGAAGGACTGGCTC              T-CATCC AGT GGATGCA              TTGAGTGAATTGATT
 0.9     351 ..     368   GCCGAAGGACTGGCT             CT-CATCC AGT GGATGCAT             TGAGTGAATTGATTG
-0.8     358 ..     369   GACTGGCTCTCATCC                AGTG GATG CATT                 GAGTGAATTGATTGT
-3.1     357 ..     370   GGACTGGCTCTCATC               CAGTG GATG CATTG                AGTGAATTGATTGTC
 0.4     356 ..     371   AGGACTGGCTCTCAT              CCAGTG GATG CATTGA               GTGAATTGATTGTCA
 0.6     356 ..     372   AGGACTGGCTCTCAT             C-CAGTG GATG CATTGAG              TGAATTGATTGTCAG
 0.8     354 ..     373   GAAGGACTGGCTCTC            ATCCAGTG GATG CATTGAGT             GAATTGATTGTCAGG
-1.5     353 ..     374   CGAAGGACTGGCTCT           CATCCAGTG GATG CATTGAGTG            AATTGATTGTCAGGG
-2.4     352 ..     375   CCGAAGGACTGGCTC          TCATCCAGTG GATG CATTGAGTGA           ATTGATTGTCAGGGC
 1.1     351 ..     376   GCCGAAGGACTGGCT         CTCATCCAGTG GATG CATTGAGTGAA          TTGATTGTCAGGGCT
 0.3     367 ..     377   TCATCCAGTGGATGC                 ATT GAGTG AAT                 TGATTGTCAGGGCTG
 2.1     362 ..     378   GGCTCTCATCCAGTG              GATGCAT TGA GTGAATT              GATTGTCAGGGCTGT
 3.4     366 ..     379   CTCATCCAGTGGATG               CATT GAGTGA ATTG                ATTGTCAGGGCTGTC
 3.8     368 ..     380   CATCCAGTGGATGCA                TTGA GTGAA TTGA                TTGTCAGGGCTGTCT
 2.9     367 ..     381   TCATCCAGTGGATGC               ATTGA GTGAA TTGAT               TGTCAGGGCTGTCTC
 3.5     371 ..     382   CCAGTGGATGCATTG                AGT GAATTG ATT                 GTCAGGGCTGTCTCT
 2.8     357 ..     383   GGACTGGCTCTCATC         CAGTGGATGCAT TGA GTGAATTGATTG         TCAGGGCTGTCTCTA
   6     372 ..     384   CAGTGGATGCATTGA                GTGA ATTGA TTGT                CAGGGCTGTCTCTAG
 2.8     374 ..     385   GTGGATGCATTGAGT                GA ATTGATTG TC                 AGGGCTGTCTCTAGG
 1.9     373 ..     386   AGTGGATGCATTGAG               TGA ATTGATTG TCA                GGGCTGTCTCTAGGT
-1.8     377 ..     387   GATGCATTGAGTGAA                 TTGA TTG TCAG                 GGCTGTCTCTAGGTT
 1.7     376 ..     388   GGATGCATTGAGTGA                ATTGA TTG TCAGG                GCTGTCTCTAGGTTT
 5.2     375 ..     389   TGGATGCATTGAGTG               AATTGA TTG TCAGGG               CTGTCTCTAGGTTTA
 2.9     374 ..     390   GTGGATGCATTGAGT              GAATTGA TTG TCAGGGC              TGTCTCTAGGTTTAA
 6.4     373 ..     391   AGTGGATGCATTGAG             TGAATTGA TTG TCAGGGCT             GTCTCTAGGTTTAAT
 4.8     382 ..     392   ATTGAGTGAATTGAT                 TGTC AGG GCTG                 TCTCTAGGTTTAATC
 4.9     380 ..     393   GCATTGAGTGAATTG               ATTGT CAGG GCTGT                CTCTAGGTTTAATCC
1.907e-07     383 ..     394   TTGAGTGAATTGATT                GTCA GGGC TGTC                 TCTAGGTTTAATCCC
 3.5     382 ..     395   ATTGAGTGAATTGAT               TGTCA GGGC TGTCT                CTAGGTTTAATCCCA
 3.6     385 ..     396   GAGTGAATTGATTGT                CAGG GCTG TCTC                 TAGGTTTAATCCCAG
-2.2     386 ..     397   AGTGAATTGATTGTC                AGGG CTGT CTCT                 AGGTTTAATCCCAGA
 1.3     385 ..     398   GAGTGAATTGATTGT               CAGGG CTGT CTCTA                GGTTTAATCCCAGAC
 1.5     385 ..     399   GAGTGAATTGATTGT              C-AGGG CTGT CTCTAG               GTTTAATCCCAGACC
 2.8     384 ..     400   TGAGTGAATTGATTG             TC-AGGG CTGT CTCTAGG              TTTAATCCCAGACCT
 4.1     383 ..     401   TTGAGTGAATTGATT            GTC-AGGG CTGT CTCTAGGT             TTAATCCCAGACCTC
 4.8     392 ..     402   TTGATTGTCAGGGCT                 GTCT CTA GGTT                 TAATCCCAGACCTCT
 5.3     386 ..     403   AGTGAATTGATTGTC             AGGGCTG TCTC TAGGTTT              AATCCCAGACCTCTC
 7.1     393 ..     404   TGATTGTCAGGGCTG                T CTCTAGGTTT A                 ATCCCAGACCTCTCT
 5.3     395 ..     405   ATTGTCAGGGCTGTC                TCTA GGTT TA-A                 TCCCAGACCTCTCTG
 7.2     395 ..     406   ATTGTCAGGGCTGTC                TCTA GGTT TAAT                 CCCAGACCTCTCTGT
 7.6     397 ..     407   TGTCAGGGCTGTCTC                 TA GGTTTAA TC                 CCAGACCTCTCTGTG
 2.6     398 ..     408   GTCAGGGCTGTCTCT                 AGGT TTA ATCC                 CAGACCTCTCTGTGC
 0.4     399 ..     409   TCAGGGCTGTCTCTA                 GG TTTAATC CC                 AGACCTCTCTGTGCT
   2     397 ..     410   TGTCAGGGCTGTCTC               TAGG TTTAAT CCCA                GACCTCTCTGTGCTT
-0.3     396 ..     411   TTGTCAGGGCTGTCT              CTAGG TTTAAT CCCAG               ACCTCTCTGTGCTTA
-1.2     395 ..     412   ATTGTCAGGGCTGTC             TCTAGG TTTAAT CCCAGA              CCTCTCTGTGCTTAG
 1.2     400 ..     413   CAGGGCTGTCTCTAG               GTTT AATCCC AGAC                CTCTCTGTGCTTAGG
-1.1     399 ..     414   TCAGGGCTGTCTCTA              GGTTT AATCCC AGACC               TCTCTGTGCTTAGGG
  -2     398 ..     415   GTCAGGGCTGTCTCT             AGGTTT AATCCC AGACCT              CTCTGTGCTTAGGGC
 1.5     397 ..     416   TGTCAGGGCTGTCTC            TAGGTTT AATCCC AGACCTC             TCTGTGCTTAGGGCA
   5     396 ..     417   TTGTCAGGGCTGTCT           CTAGGTTT AATCCC AGACCTCT            CTGTGCTTAGGGCAA
 8.3     408 ..     418   TCTCTAGGTTTAATC                CCAG ACCT CTC-                 TGTGCTTAGGGCAAA
 3.9     409 ..     419   CTCTAGGTTTAATCC                CAGA CCTC TCT-                 GTGCTTAGGGCAAAC
-4.4     409 ..     420   CTCTAGGTTTAATCC                CAGA CCTC TCTG                 TGCTTAGGGCAAACA
-0.9     408 ..     421   TCTCTAGGTTTAATC               CCAGA CCTC TCTGT                GCTTAGGGCAAACAC
-3.2     407 ..     422   GTCTCTAGGTTTAAT              CCCAGA CCTC TCTGTG               CTTAGGGCAAACACT
 0.3     406 ..     423   TGTCTCTAGGTTTAA             TCCCAGA CCTC TCTGTGC              TTAGGGCAAACACTC
-0.6     405 ..     424   CTGTCTCTAGGTTTA            ATCCCAGA CCTC TCTGTGCT             TAGGGCAAACACTCA
-1.5     404 ..     425   GCTGTCTCTAGGTTT           AATCCCAGA CCTC TCTGTGCTT            AGGGCAAACACTCAT
-2.4     403 ..     426   GGCTGTCTCTAGGTT          TAATCCCAGA CCTC TCTGTGCTTA           GGGCAAACACTCATT
-1.1     402 ..     427   GGGCTGTCTCTAGGT         TTAATCCCAGA CCTC TCTGTGCTTAG          GGCAAACACTCATTT
 0.2     401 ..     428   AGGGCTGTCTCTAGG        TTTAATCCCAGA CCTC TCTGTGCTTAGG         GCAAACACTCATTTG
-0.9     416 ..     429   TTTAATCCCAGACCT               CTCTG TGCT TAGGG                CAAACACTCATTTGG
 1.2     420 ..     430   ATCCCAGACCTCTCT                 GTGC TTA GGGC                 AAACACTCATTTGGC
-3.2     421 ..     431   TCCCAGACCTCTCTG                 TGCT TAG GGCA                 AACACTCATTTGGCC
 0.3     420 ..     432   ATCCCAGACCTCTCT                GTGCT TAG GGCAA                ACACTCATTTGGCCT
-0.6     419 ..     433   AATCCCAGACCTCTC               TGTGCT TAG GGCAAA               CACTCATTTGGCCTT
 2.4     422 ..     434   CCCAGACCTCTCTGT                GCTT AGGGC AAAC                ACTCATTTGGCCTTA
 1.5     421 ..     435   TCCCAGACCTCTCTG               TGCTT AGGGC AAACA               CTCATTTGGCCTTAA
-0.8     420 ..     436   ATCCCAGACCTCTCT              GTGCTT AGGGC AAACAC              TCATTTGGCCTTAAA
3.576e-08     426 ..     437   GACCTCTCTGTGCTT                AGGG CAAA CACT                 CATTTGGCCTTAAAT
 0.7     427 ..     438   ACCTCTCTGTGCTTA                GGG CAAACA CTC                 ATTTGGCCTTAAATG
 2.6     424 ..     439   CAGACCTCTCTGTGC              TTAGGG CAAA CACTCA               TTTGGCCTTAAATGG
 5.8     426 ..     440   GACCTCTCTGTGCTT              A-GGG CAAACA CTCAT               TTGGCCTTAAATGGG
 3.2     431 ..     441   CTCTGTGCTTAGGGC                 AA ACACTCA TT                 TGGCCTTAAATGGGA
 1.3     431 ..     442   CTCTGTGCTTAGGGC                AAA CACTCA TTT                 GGCCTTAAATGGGAT
  -1     430 ..     443   TCTCTGTGCTTAGGG               CAAA CACTCA TTTG                GCCTTAAATGGGATC
 2.5     429 ..     444   CTCTCTGTGCTTAGG              GCAAA CACTCA TTTGG               CCTTAAATGGGATCC
 0.2     428 ..     445   CCTCTCTGTGCTTAG             GGCAAA CACTCA TTTGGC              CTTAAATGGGATCCT
-2.1     427 ..     446   ACCTCTCTGTGCTTA            GGGCAAA CACTCA TTTGGCC             TTAAATGGGATCCTG
  -3     426 ..     447   GACCTCTCTGTGCTT           AGGGCAAA CACTCA TTTGGCCT            TAAATGGGATCCTGT
 0.2     426 ..     448   GACCTCTCTGTGCTT           AGGGCAAA CACTCAT TTGGCCTT           AAATGGGATCCTGTG
-0.7     425 ..     449   AGACCTCTCTGTGCT          TAGGGCAAA CACTCAT TTGGCCTTA          AATGGGATCCTGTGA
-1.6     424 ..     450   CAGACCTCTCTGTGC         TTAGGGCAAA CACTCAT TTGGCCTTAA         ATGGGATCCTGTGAG
 0.6     440 ..     451   TAGGGCAAACACTCA                TTTG GCCT TAAA                 TGGGATCCTGTGAGA
-0.3     439 ..     452   TTAGGGCAAACACTC               ATTTG GCCT TAAAT                GGGATCCTGTGAGAG
-2.6     438 ..     453   CTTAGGGCAAACACT              CATTTG GCCT TAAATG               GGATCCTGTGAGAGG
-1.3     437 ..     454   GCTTAGGGCAAACAC             TCATTTG GCCT TAAATGG              GATCCTGTGAGAGGG
-3.6     436 ..     455   TGCTTAGGGCAAACA            CTCATTTG GCCT TAAATGGG             ATCCTGTGAGAGGGG
-0.1     435 ..     456   GTGCTTAGGGCAAAC           ACTCATTTG GCCT TAAATGGGA            TCCTGTGAGAGGGGG
 1.5     435 ..     457   GTGCTTAGGGCAAAC          A-CTCATTTG GCCT TAAATGGGAT           CCTGTGAGAGGGGGT
 4.7     443 ..     458   GGCAAACACTCATTT              GG-CCT TAAAT GGGATC              CTGTGAGAGGGGGTC
 6.2     449 ..     459   CACTCATTTGGCCTT                 AAAT GGG ATCC                 TGTGAGAGGGGGTCC
 6.1     450 ..     460   ACTCATTTGGCCTTA                 A ATGGGATCC T                 GTGAGAGGGGGTCCC
 3.4     451 ..     461   CTCATTTGGCCTTAA                 ATGG GAT CCTG                 TGAGAGGGGGTCCCT
 1.4     451 ..     462   CTCATTTGGCCTTAA                ATGG GATC CTGT                 GAGAGGGGGTCCCTC
 4.9     450 ..     463   ACTCATTTGGCCTTA               AATGG GATC CTGTG                AGAGGGGGTCCCTCC
 4.5     447 ..     464   AACACTCATTTGGCC             TTAAATGG GAT CC-TGTGA             GAGGGGGTCCCTCCA
 2.2     446 ..     465   AAACACTCATTTGGC            CTTAAATGG GAT CC-TGTGAG            AGGGGGTCCCTCCAT
 5.7     445 ..     466   CAAACACTCATTTGG           CCTTAAATGG GAT CC-TGTGAGA           GGGGGTCCCTCCATT
 2.6     457 ..     467   TGGCCTTAAATGGGA                 TCCT GTG AGAG                 GGGGTCCCTCCATTG
-2.5     458 ..     468   GGCCTTAAATGGGAT                 CCT GTGAG AGG                 GGGTCCCTCCATTGG
-1.2     457 ..     469   TGGCCTTAAATGGGA                TCCT GTGAG AGGG                GGTCCCTCCATTGGC
 0.3     458 ..     470   GGCCTTAAATGGGAT                CCTGT GAG AGGGG                GTCCCTCCATTGGCA
 1.6     457 ..     471   TGGCCTTAAATGGGA               TCCTGT GAG AGGGGG               TCCCTCCATTGGCAG
 0.7     456 ..     472   TTGGCCTTAAATGGG              ATCCTGT GAG AGGGGGT              CCCTCCATTGGCAGC
-1.6     455 ..     473   TTTGGCCTTAAATGG             GATCCTGT GAG AGGGGGTC             CCTCCATTGGCAGCT
-3.9     454 ..     474   ATTTGGCCTTAAATG            GGATCCTGT GAG AGGGGGTCC            CTCCATTGGCAGCTG
-6.2     453 ..     475   CATTTGGCCTTAAAT           GGGATCCTGT GAG AGGGGGTCCC           TCCATTGGCAGCTGG
-6.8     466 ..     476   ATGGGATCCTGTGAG                 AGGG GGT CCCT                 CCATTGGCAGCTGGA
-9.1     465 ..     477   AATGGGATCCTGTGA                GAGGG GGT CCCTC                CATTGGCAGCTGGAC
-5.6     464 ..     478   AAATGGGATCCTGTG               AGAGGG GGT CCCTCC               ATTGGCAGCTGGACT
-6.3     462 ..     479   TTAAATGGGATCCTG             TGAGAGGG GGT CCCTC-CA             TTGGCAGCTGGACTG
  -5     461 ..     480   CTTAAATGGGATCCT            GTGAGAGGG GGT CCCTC-CAT            TGGCAGCTGGACTGT
-1.5     460 ..     481   CCTTAAATGGGATCC           TGTGAGAGGG GGT CCCTC-CATT           GGCAGCTGGACTGTT
-3.8     459 ..     482   GCCTTAAATGGGATC          CTGTGAGAGGG GGT CCCTC-CATTG          GCAGCTGGACTGTTC
-6.1     458 ..     483   GGCCTTAAATGGGAT         CCTGTGAGAGGG GGT CCCTC-CATTGG         CAGCTGGACTGTTCT
-2.6     457 ..     484   TGGCCTTAAATGGGA        TCCTGTGAGAGGG GGT CCCTC-CATTGGC        AGCTGGACTGTTCTT
  -1     457 ..     485   TGGCCTTAAATGGGA       T-CCTGTGAGAGGG GGT CCCTC-CATTGGCA       GCTGGACTGTTCTTT
-0.8     475 ..     486   TGTGAGAGGGGGTCC                CT-CC ATT GGCAG                CTGGACTGTTCTTTG
 0.2     455 ..     487   TTTGGCCTTAAATGG     GAT-CCTGTGAGAGGG GGT CCCTC-CATTGGCAGC     TGGACTGTTCTTTGG
 1.5     454 ..     488   ATTTGGCCTTAAATG    GGAT-CCTGTGAGAGGG GGT CCCTC-CATTGGCAGCT    GGACTGTTCTTTGGG
 2.8     478 ..     489   GAGAGGGGGTCCCTC                CA TTGGCAGC TG                 GACTGTTCTTTGGGG
 0.5     477 ..     490   TGAGAGGGGGTCCCT               CCA TTGGCAGC TGG                ACTGTTCTTTGGGGC
-0.4     476 ..     491   GTGAGAGGGGGTCCC              TCCA TTGGCAGC TGGA               CTGTTCTTTGGGGCC
 1.9     482 ..     492   GGGGGTCCCTCCATT                 GGC AGCTG GAC                 TGTTCTTTGGGGCCT
 4.2     470 ..     493   GATCCTGTGAGAGGG          GGTCCCTC CATTGGCA GCTGGACT           GTTCTTTGGGGCCTT
-2.5     484 ..     494   GGGTCCCTCCATTGG                 CAG CTGGA CTG                 TTCTTTGGGGCCTTA
-1.2     483 ..     495   GGGGTCCCTCCATTG                GCAG CTGGA CTGT                TCTTTGGGGCCTTAT
 0.1     482 ..     496   GGGGGTCCCTCCATT               GGCAG CTGGA CTGTT               CTTTGGGGCCTTATG
 2.5     482 ..     497   GGGGGTCCCTCCATT              G-GCAG CTGGA CTGTTC              TTTGGGGCCTTATGT
 2.6     488 ..     498   CCCTCCATTGGCAGC                 TGGA CTG TTCT                 TTGGGGCCTTATGTG
 3.6     488 ..     499   CCCTCCATTGGCAGC                TGGA CTGT TCTT                 TGGGGCCTTATGTGG
 5.4     490 ..     500   CTCCATTGGCAGCTG                 GA CTGTTCT TT                 GGGGCCTTATGTGGT
 6.3     478 ..     501   GAGAGGGGGTCCCTC          CATTG-GCAG CTGGA CTGTTCTTTG          GGGCCTTATGTGGTG
 3.3     492 ..     502   CCATTGGCAGCTGGA                 CTG TTCTT TGG                 GGCCTTATGTGGTGT
   5     492 ..     503   CCATTGGCAGCTGGA                CT GTTCTTTG GG                 GCCTTATGTGGTGTT
   3     475 ..     504   TGTGAGAGGGGGTCC       CTCCATTG-GCAG CTGGA CTGTTCTTTGGGG       CCTTATGTGGTGTTT
-4.768e-08     494 ..     505   ATTGGCAGCTGGACT                GTTC TTTG GGGC                 CTTATGTGGTGTTTG
 2.5     494 ..     506   ATTGGCAGCTGGACT                GTTCT TTG GGGCC                TTATGTGGTGTTTGC
   6     493 ..     507   CATTGGCAGCTGGAC               TGTTCT TTG GGGCCT               TATGTGGTGTTTGCC
 6.1     491 ..     508   TCCATTGGCAGCTGG             ACTGTTC TTTG GGGCCTT              ATGTGGTGTTTGCCT
 2.6     499 ..     509   CAGCTGGACTGTTCT                 TTGG GGC CTTA                 TGTGGTGTTTGCCTC
 6.1     498 ..     510   GCAGCTGGACTGTTC                TTTGG GGC CTTAT                GTGGTGTTTGCCTCT
 3.8     497 ..     511   GGCAGCTGGACTGTT               CTTTGG GGC CTTATG               TGGTGTTTGCCTCTG
 7.3     496 ..     512   TGGCAGCTGGACTGT              TCTTTGG GGC CTTATGT              GGTGTTTGCCTCTGA
 5.5     503 ..     513   TGGACTGTTCTTTGG                 GGC CTTAT GTG                 GTGTTTGCCTCTGAG
 5.4     504 ..     514   GGACTGTTCTTTGGG                GCC TTATGT GG-                 TGTTTGCCTCTGAGG
 0.7     504 ..     515   GGACTGTTCTTTGGG                GCC TTATGT GGT                 GTTTGCCTCTGAGGT
 4.2     503 ..     516   TGGACTGTTCTTTGG               GGCC TTATGT GGTG                TTTGCCTCTGAGGTA
 5.5     502 ..     517   CTGGACTGTTCTTTG              GGGCC TTATGT GGTGT               TTGCCTCTGAGGTAC
 6.2     508 ..     518   TGTTCTTTGGGGCCT                 TATG TGG TGTT                 TGCCTCTGAGGTACT
 6.1     509 ..     519   GTTCTTTGGGGCCTT                 A TGTGGTGTT T                 GCCTCTGAGGTACTC
 7.4     506 ..     520   ACTGTTCTTTGGGGC               CTTATG TGG TGTTTG               CCTCTGAGGTACTCA
 2.6     511 ..     521   TCTTTGGGGCCTTAT                 GTGG TGT TTGC                 CTCTGAGGTACTCAG
 4.7     512 ..     522   CTTTGGGGCCTTATG                TGGT GTTT GCC-                 TCTGAGGTACTCAGG
 2.2     512 ..     523   CTTTGGGGCCTTATG                TGGT GTTT GCCT                 CTGAGGTACTCAGGG
-0.1     511 ..     524   TCTTTGGGGCCTTAT               GTGGT GTTT GCCTC                TGAGGTACTCAGGGG
 3.2     513 ..     525   TTTGGGGCCTTATGT                GGTG TTTGC CTCT                GAGGTACTCAGGGGC
 4.5     512 ..     526   CTTTGGGGCCTTATG               TGGTG TTTGC CTCTG               AGGTACTCAGGGGCA
 2.6     517 ..     527   GGGCCTTATGTGGTG                 TTTG CCT CTGA                 GGTACTCAGGGGCAT
 3.1     506 ..     528   ACTGTTCTTTGGGGC          CTTATGTGGT GTTT GCCTC-TGAG           GTACTCAGGGGCATT
 0.8     505 ..     529   GACTGTTCTTTGGGG         CCTTATGTGGT GTTT GCCTC-TGAGG          TACTCAGGGGCATTT
-3.2     520 ..     530   CCTTATGTGGTGTTT                 GCCT CTG AGGT                 ACTCAGGGGCATTTA
-4.1     519 ..     531   GCCTTATGTGGTGTT                TGCCT CTG AGGTA                CTCAGGGGCATTTAG
-0.6     518 ..     532   GGCCTTATGTGGTGT               TTGCCT CTG AGGTAC               TCAGGGGCATTTAGG
 2.9     517 ..     533   GGGCCTTATGTGGTG              TTTGCCT CTG AGGTACT              CAGGGGCATTTAGGT
 0.6     516 ..     534   GGGGCCTTATGTGGT             GTTTGCCT CTG AGGTACTC             AGGGGCATTTAGGTT
-5.4     525 ..     535   TGTGGTGTTTGCCTC                 TGAG GTA CTCA                 GGGGCATTTAGGTTT
-7.7     524 ..     536   ATGTGGTGTTTGCCT                CTGAG GTA CTCAG                GGGCATTTAGGTTTT
-6.4     523 ..     537   TATGTGGTGTTTGCC               TCTGAG GTA CTCAGG               GGCATTTAGGTTTTT
-8.7     522 ..     538   TTATGTGGTGTTTGC              CTCTGAG GTA CTCAGGG              GCATTTAGGTTTTTC
 -11     521 ..     539   CTTATGTGGTGTTTG             CCTCTGAG GTA CTCAGGGG             CATTTAGGTTTTTCC
-13.3     520 ..     540   CCTTATGTGGTGTTT            GCCTCTGAG GTA CTCAGGGGC            ATTTAGGTTTTTCCT
-14.2     519 ..     541   GCCTTATGTGGTGTT           TGCCTCTGAG GTA CTCAGGGGCA           TTTAGGTTTTTCCTC
-10.7     518 ..     542   GGCCTTATGTGGTGT          TTGCCTCTGAG GTA CTCAGGGGCAT          TTAGGTTTTTCCTCA
-7.2     517 ..     543   GGGCCTTATGTGGTG         TTTGCCTCTGAG GTA CTCAGGGGCATT         TAGGTTTTTCCTCAT
-5.9     516 ..     544   GGGGCCTTATGTGGT        GTTTGCCTCTGAG GTA CTCAGGGGCATTT        AGGTTTTTCCTCATT
-6.8     515 ..     545   TGGGGCCTTATGTGG       TGTTTGCCTCTGAG GTA CTCAGGGGCATTTA       GGTTTTTCCTCATTC
-3.3     514 ..     546   TTGGGGCCTTATGTG      GTGTTTGCCTCTGAG GTA CTCAGGGGCATTTAG      GTTTTTCCTCATTCT
 0.2     513 ..     547   TTTGGGGCCTTATGT     GGTGTTTGCCTCTGAG GTA CTCAGGGGCATTTAGG     TTTTTCCTCATTCTT
 3.7     512 ..     548   CTTTGGGGCCTTATG    TGGTGTTTGCCTCTGAG GTA CTCAGGGGCATTTAGGT    TTTTCCTCATTCTTA
 4.3     538 ..     549   TCTGAGGTACTCAGG                GGC ATTTAG GTT                 TTTCCTCATTCTTAA
 5.6     537 ..     550   CTCTGAGGTACTCAG               GGGC ATTTAG GTTT                TTCCTCATTCTTAAA
 6.1     541 ..     551   GAGGTACTCAGGGGC                 A TTTAGGTTT T                 TCCTCATTCTTAAAC
   6     535 ..     552   GCCTCTGAGGTACTC             AGGGGC ATTTAG GTTTTT              CCTCATTCTTAAACA
 7.3     539 ..     553   CTGAGGTACTCAGGG               GCA TTTAGGTTT TTC               CTCATTCTTAAACAA
   5     538 ..     554   TCTGAGGTACTCAGG              GGCA TTTAGGTTT TTCC              TCATTCTTAAACAAT
-2.5     545 ..     555   TACTCAGGGGCATTT                 AGG TTTTT CCT                 CATTCTTAAACAATA
   1     544 ..     556   GTACTCAGGGGCATT                TAGG TTTTT CCTC                ATTCTTAAACAATAA
 0.1     543 ..     557   GGTACTCAGGGGCAT               TTAGG TTTTT CCTCA               TTCTTAAACAATAAT
 3.6     542 ..     558   AGGTACTCAGGGGCA              TTTAGG TTTTT CCTCAT              TCTTAAACAATAATG
 2.7     541 ..     559   GAGGTACTCAGGGGC             ATTTAGG TTTTT CCTCATT             CTTAAACAATAATGx
 6.2     540 ..     560   TGAGGTACTCAGGGG            CATTTAGG TTTTT CCTCATTC            TTAAACAATAATGxx
 5.7     545 ..     561   TACTCAGGGGCATTT              AGGTT TTTCCTC ATTCT              TAAACAATAATGxxx
 8.1     545 ..     562   TACTCAGGGGCATTT             AGG TTTTTCCTCATT CTT              AAACAATAATGxxxx
 7.1     552 ..     563   GGGCATTTAGGTTTT                T CCTCATTCTT A                 AACAATAATGxxxxx
 6.2     551 ..     564   GGGGCATTTAGGTTT               TT CCTCATTCTT AA                ACAATAATGxxxxxx
 5.3     550 ..     565   AGGGGCATTTAGGTT              TTT CCTCATTCTT AAA               CAATAATGxxxxxxx
   5     547 ..     566   CTCAGGGGCATTTAG            GTTT TTCCTCATTCTT AAAC             AATAATGxxxxxxxx
 5.3     555 ..     567   CATTTAGGTTTTTCC                TCATT CTT AAACA                ATAATGxxxxxxxxx
 1.8     558 ..     568   TTAGGTTTTTCCTCA                 TTCT TAA ACAA                 TAATGxxxxxxxxxx
 0.9     557 ..     569   TTTAGGTTTTTCCTC                ATTCT TAA ACAAT                AATGxxxxxxxxxxx
 2.8     559 ..     570   TAGGTTTTTCCTCAT                TCTT AAAC AATA                 ATGxxxxxxxxxxxx
 0.3     561 ..     571   GGTTTTTCCTCATTC                 TTA AACAA TAA                 TGxxxxxxxxxxxxx
   1     557 ..     572   TTTAGGTTTTTCCTC              ATTCTT AAAC AATAAT               Gxxxxxxxxxxxxxx
