>URS0000D694A6 ncRNA from 1 species FORWARD
None       1 ..      11   xxxxxxxxxxxxxxx                  CAUGAUGAGCU                  UUUAAAGCUUGGAUU
 7.7       2 ..      12   xxxxxxxxxxxxxxC                 AUG AUGAG CUU                 UUAAAGCUUGGAUUG
None       3 ..      13   xxxxxxxxxxxxxCA                  UGAUGAGCUUU                  UAAAGCUUGGAUUGU
None       4 ..      14   xxxxxxxxxxxxCAU                  GAUGAGCUUUU                  AAAGCUUGGAUUGUA
None       5 ..      15   xxxxxxxxxxxCAUG                  AUGAGCUUUUA                  AAGCUUGGAUUGUAU
None       6 ..      16   xxxxxxxxxxCAUGA                  UGAGCUUUUAA                  AGCUUGGAUUGUAUA
None       7 ..      17   xxxxxxxxxCAUGAU                  GAGCUUUUAAA                  GCUUGGAUUGUAUAG
None       8 ..      18   xxxxxxxxCAUGAUG                  AGCUUUUAAAG                  CUUGGAUUGUAUAGA
 0.4       9 ..      19   xxxxxxxCAUGAUGA                 GC UUUUAAA GC                 UUGGAUUGUAUAGAC
 3.9       8 ..      20   xxxxxxxxCAUGAUG                AGC UUUUAAA GCU                UGGAUUGUAUAGACG
 7.4       7 ..      21   xxxxxxxxxCAUGAU               GAGC UUUUAAA GCUU               GGAUUGUAUAGACGG
 6.7      10 ..      22   xxxxxxCAUGAUGAG                C UUUUAAAGCUU G                GAUUGUAUAGACGGU
 7.7      10 ..      23   xxxxxxCAUGAUGAG               C UUUUAAAGCUUG G                AUUGUAUAGACGGUA
None      14 ..      24   xxCAUGAUGAGCUUU                  UAAAGCUUGGA                  UUGUAUAGACGGUAG
None      15 ..      25   xCAUGAUGAGCUUUU                  AAAGCUUGGAU                  UGUAUAGACGGUAGU
None      16 ..      26   CAUGAUGAGCUUUUA                  AAGCUUGGAUU                  GUAUAGACGGUAGUU
None      17 ..      27   AUGAUGAGCUUUUAA                  AGCUUGGAUUG                  UAUAGACGGUAGUUG
 6.2      18 ..      28   UGAUGAGCUUUUAAA                 GC UUGGAUU GU                 AUAGACGGUAGUUGC
None      19 ..      29   GAUGAGCUUUUAAAG                  CUUGGAUUGUA                  UAGACGGUAGUUGCA
None      20 ..      30   AUGAGCUUUUAAAGC                  UUGGAUUGUAU                  AGACGGUAGUUGCAG
None      21 ..      31   UGAGCUUUUAAAGCU                  UGGAUUGUAUA                  GACGGUAGUUGCAGU
 7.7      19 ..      32   GAUGAGCUUUUAAAG               C UUGGAUUGUAUA G                ACGGUAGUUGCAGUC
None      23 ..      33   AGCUUUUAAAGCUUG                  GAUUGUAUAGA                  CGGUAGUUGCAGUCG
 5.7      23 ..      34   AGCUUUUAAAGCUUG                G AUUGUAUAGA C                 GGUAGUUGCAGUCGC
None      25 ..      35   CUUUUAAAGCUUGGA                  UUGUAUAGACG                  GUAGUUGCAGUCGCC
 8.7      25 ..      36   CUUUUAAAGCUUGGA                UUG UAUAGA CGG                 UAGUUGCAGUCGCCU
None      27 ..      37   UUUAAAGCUUGGAUU                  GUAUAGACGGU                  AGUUGCAGUCGCCUA
None      28 ..      38   UUAAAGCUUGGAUUG                  UAUAGACGGUA                  GUUGCAGUCGCCUAC
None      29 ..      39   UAAAGCUUGGAUUGU                  AUAGACGGUAG                  UUGCAGUCGCCUACA
None      30 ..      40   AAAGCUUGGAUUGUA                  UAGACGGUAGU                  UGCAGUCGCCUACAU
None      31 ..      41   AAGCUUGGAUUGUAU                  AGACGGUAGUU                  GCAGUCGCCUACAUU
None      32 ..      42   AGCUUGGAUUGUAUA                  GACGGUAGUUG                  CAGUCGCCUACAUUA
 5.7      32 ..      43   AGCUUGGAUUGUAUA                G ACGGUAGUUG C                 AGUCGCCUACAUUAA
 6.2      34 ..      44   CUUGGAUUGUAUAGA                 CG GUAGUUG CA                 GUCGCCUACAUUAAA
 2.9      34 ..      45   CUUGGAUUGUAUAGA                CGG UAGUUG CAG                 UCGCCUACAUUAAAU
 6.4      33 ..      46   GCUUGGAUUGUAUAG               ACGG UAGUUG CAGU                CGCCUACAUUAAAUA
 4.1      32 ..      47   AGCUUGGAUUGUAUA              GACGG UAGUUG CAGUC               GCCUACAUUAAAUAA
 4.4      34 ..      48   CUUGGAUUGUAUAGA               CG GUAGUUGCAGU CG               CCUACAUUAAAUAAU
 4.7      39 ..      49   AUUGUAUAGACGGUA                 G UUGCAGUCG C                 CUACAUUAAAUAAUU
 4.4      39 ..      50   AUUGUAUAGACGGUA                GUUG CAGU CGCC                 UACAUUAAAUAAUUU
 4.4      40 ..      51   UUGUAUAGACGGUAG                UUGC AGUC GCCU                 ACAUUAAAUAAUUUU
 7.9      39 ..      52   AUUGUAUAGACGGUA               GUUGC AGUC GCCUA                CAUUAAAUAAUUUUU
 4.4      42 ..      53   GUAUAGACGGUAGUU                GCAG UCGC CUAC                 AUUAAAUAAUUUUUU
 6.2      44 ..      54   AUAGACGGUAGUUGC                 AG UCGCCUA CA                 UUAAAUAAUUUUUUU
None      45 ..      55   UAGACGGUAGUUGCA                  GUCGCCUACAU                  UAAAUAAUUUUUUUU
None      46 ..      56   AGACGGUAGUUGCAG                  UCGCCUACAUU                  AAAUAAUUUUUUUUA
None      47 ..      57   GACGGUAGUUGCAGU                  CGCCUACAUUA                  AAUAAUUUUUUUUAA
None      48 ..      58   ACGGUAGUUGCAGUC                  GCCUACAUUAA                  AUAAUUUUUUUUAAU
None      49 ..      59   CGGUAGUUGCAGUCG                  CCUACAUUAAA                  UAAUUUUUUUUAAUG
None      50 ..      60   GGUAGUUGCAGUCGC                  CUACAUUAAAU                  AAUUUUUUUUAAUGA
None      51 ..      61   GUAGUUGCAGUCGCC                  UACAUUAAAUA                  AUUUUUUUUAAUGAA
None      52 ..      62   UAGUUGCAGUCGCCU                  ACAUUAAAUAA                  UUUUUUUUAAUGAAA
None      53 ..      63   AGUUGCAGUCGCCUA                  CAUUAAAUAAU                  UUUUUUUAAUGAAAA
None      54 ..      64   GUUGCAGUCGCCUAC                  AUUAAAUAAUU                  UUUUUUAAUGAAAAA
None      55 ..      65   UUGCAGUCGCCUACA                  UUAAAUAAUUU                  UUUUUAAUGAAAAAA
None      56 ..      66   UGCAGUCGCCUACAU                  UAAAUAAUUUU                  UUUUAAUGAAAAAAG
None      57 ..      67   GCAGUCGCCUACAUU                  AAAUAAUUUUU                  UUUAAUGAAAAAAGA
None      58 ..      68   CAGUCGCCUACAUUA                  AAUAAUUUUUU                  UUAAUGAAAAAAGAC
None      59 ..      69   AGUCGCCUACAUUAA                  AUAAUUUUUUU                  UAAUGAAAAAAGACU
None      60 ..      70   GUCGCCUACAUUAAA                  UAAUUUUUUUU                  AAUGAAAAAAGACUC
None      61 ..      71   UCGCCUACAUUAAAU                  AAUUUUUUUUA                  AUGAAAAAAGACUCA
None      62 ..      72   CGCCUACAUUAAAUA                  AUUUUUUUUAA                  UGAAAAAAGACUCAU
None      63 ..      73   GCCUACAUUAAAUAA                  UUUUUUUUAAU                  GAAAAAAGACUCAUU
None      64 ..      74   CCUACAUUAAAUAAU                  UUUUUUUAAUG                  AAAAAAGACUCAUUU
None      65 ..      75   CUACAUUAAAUAAUU                  UUUUUUAAUGA                  AAAAAGACUCAUUUA
None      66 ..      76   UACAUUAAAUAAUUU                  UUUUUAAUGAA                  AAAAGACUCAUUUAA
None      67 ..      77   ACAUUAAAUAAUUUU                  UUUUAAUGAAA                  AAAGACUCAUUUAAA
None      68 ..      78   CAUUAAAUAAUUUUU                  UUUAAUGAAAA                  AAGACUCAUUUAAAA
None      69 ..      79   AUUAAAUAAUUUUUU                  UUAAUGAAAAA                  AGACUCAUUUAAAAA
None      70 ..      80   UUAAAUAAUUUUUUU                  UAAUGAAAAAA                  GACUCAUUUAAAAAU
None      71 ..      81   UAAAUAAUUUUUUUU                  AAUGAAAAAAG                  ACUCAUUUAAAAAUG
None      72 ..      82   AAAUAAUUUUUUUUA                  AUGAAAAAAGA                  CUCAUUUAAAAAUGA
None      73 ..      83   AAUAAUUUUUUUUAA                  UGAAAAAAGAC                  UCAUUUAAAAAUGAG
 7.2      73 ..      84   AAUAAUUUUUUUUAA                UG AAAAAAGA CU                 CAUUUAAAAAUGAGU
 5.7      74 ..      85   AUAAUUUUUUUUAAU                G AAAAAAGACU C                 AUUUAAAAAUGAGUC
None      76 ..      86   AAUUUUUUUUAAUGA                  AAAAAGACUCA                  UUUAAAAAUGAGUCU
None      77 ..      87   AUUUUUUUUAAUGAA                  AAAAGACUCAU                  UUAAAAAUGAGUCUU
None      78 ..      88   UUUUUUUUAAUGAAA                  AAAGACUCAUU                  UAAAAAUGAGUCUUU
None      79 ..      89   UUUUUUUAAUGAAAA                  AAGACUCAUUU                  AAAAAUGAGUCUUUA
None      80 ..      90   UUUUUUAAUGAAAAA                  AGACUCAUUUA                  AAAAUGAGUCUUUAC
None      81 ..      91   UUUUUAAUGAAAAAA                  GACUCAUUUAA                  AAAUGAGUCUUUACA
None      82 ..      92   UUUUAAUGAAAAAAG                  ACUCAUUUAAA                  AAUGAGUCUUUACAA
None      83 ..      93   UUUAAUGAAAAAAGA                  CUCAUUUAAAA                  AUGAGUCUUUACAAC
None      84 ..      94   UUAAUGAAAAAAGAC                  UCAUUUAAAAA                  UGAGUCUUUACAACG
None      85 ..      95   UAAUGAAAAAAGACU                  CAUUUAAAAAU                  GAGUCUUUACAACGU
 5.7      85 ..      96   UAAUGAAAAAAGACU                C AUUUAAAAAU G                 AGUCUUUACAACGUU
None      87 ..      97   AUGAAAAAAGACUCA                  UUUAAAAAUGA                  GUCUUUACAACGUUA
 6.9      83 ..      98   UUUAAUGAAAAAAGA              CUC AUUUAAAAAU GAG               UCUUUACAACGUUAG
None      89 ..      99   GAAAAAAGACUCAUU                  UAAAAAUGAGU                  CUUUACAACGUUAGG
 8.1      81 ..     100   UUUUUAAUGAAAAAA            GACUC AUUUAAAAAU GAGUC             UUUACAACGUUAGGA
None      91 ..     101   AAAAAGACUCAUUUA                  AAAAUGAGUCU                  UUACAACGUUAGGAU
None      92 ..     102   AAAAGACUCAUUUAA                  AAAUGAGUCUU                  UACAACGUUAGGAUU
None      93 ..     103   AAAGACUCAUUUAAA                  AAUGAGUCUUU                  ACAACGUUAGGAUUA
None      94 ..     104   AAGACUCAUUUAAAA                  AUGAGUCUUUA                  CAACGUUAGGAUUAU
None      95 ..     105   AGACUCAUUUAAAAA                  UGAGUCUUUAC                  AACGUUAGGAUUAUU
 7.2      95 ..     106   AGACUCAUUUAAAAA                UG AGUCUUUA CA                 ACGUUAGGAUUAUUA
 8.7      96 ..     107   GACUCAUUUAAAAAU                GAG UCUUUA CAA                 CGUUAGGAUUAUUAU
 4.7      98 ..     108   CUCAUUUAAAAAUGA                 G UCUUUACAA C                 GUUAGGAUUAUUAUG
 8.2      97 ..     109   ACUCAUUUAAAAAUG                AG UCUUUACAA CG                UUAGGAUUAUUAUGA
 7.2      99 ..     110   UCAUUUAAAAAUGAG                UC UUUACAAC GU                 UAGGAUUAUUAUGAU
None     101 ..     111   AUUUAAAAAUGAGUC                  UUUACAACGUU                  AGGAUUAUUAUGAUU
None     102 ..     112   UUUAAAAAUGAGUCU                  UUACAACGUUA                  GGAUUAUUAUGAUUU
 7.7     100 ..     113   CAUUUAAAAAUGAGU               C UUUACAACGUUA G                GAUUAUUAUGAUUUU
 6.2     104 ..     114   UAAAAAUGAGUCUUU                 AC AACGUUA GG                 AUUAUUAUGAUUUUA
 7.2     104 ..     115   UAAAAAUGAGUCUUU                AC AACGUUAG GA                 UUAUUAUGAUUUUAA
 7.7     106 ..     116   AAAAUGAGUCUUUAC                 AAC GUUAG GAU                 UAUUAUGAUUUUAAC
None     107 ..     117   AAAUGAGUCUUUACA                  ACGUUAGGAUU                  AUUAUGAUUUUAACG
None     108 ..     118   AAUGAGUCUUUACAA                  CGUUAGGAUUA                  UUAUGAUUUUAACGA
None     109 ..     119   AUGAGUCUUUACAAC                  GUUAGGAUUAU                  UAUGAUUUUAACGAA
None     110 ..     120   UGAGUCUUUACAACG                  UUAGGAUUAUU                  AUGAUUUUAACGAAC
None     111 ..     121   GAGUCUUUACAACGU                  UAGGAUUAUUA                  UGAUUUUAACGAACU
None     112 ..     122   AGUCUUUACAACGUU                  AGGAUUAUUAU                  GAUUUUAACGAACUG
None     113 ..     123   GUCUUUACAACGUUA                  GGAUUAUUAUG                  AUUUUAACGAACUGU
None     114 ..     124   UCUUUACAACGUUAG                  GAUUAUUAUGA                  UUUUAACGAACUGUx
None     115 ..     125   CUUUACAACGUUAGG                  AUUAUUAUGAU                  UUUAACGAACUGUxx
None     116 ..     126   UUUACAACGUUAGGA                  UUAUUAUGAUU                  UUAACGAACUGUxxx
None     117 ..     127   UUACAACGUUAGGAU                  UAUUAUGAUUU                  UAACGAACUGUxxxx
None     118 ..     128   UACAACGUUAGGAUU                  AUUAUGAUUUU                  AACGAACUGUxxxxx
None     119 ..     129   ACAACGUUAGGAUUA                  UUAUGAUUUUA                  ACGAACUGUxxxxxx
None     120 ..     130   CAACGUUAGGAUUAU                  UAUGAUUUUAA                  CGAACUGUxxxxxxx
None     121 ..     131   AACGUUAGGAUUAUU                  AUGAUUUUAAC                  GAACUGUxxxxxxxx
 6.2     122 ..     132   ACGUUAGGAUUAUUA                 UG AUUUUAA CG                 AACUGUxxxxxxxxx
None     123 ..     133   CGUUAGGAUUAUUAU                  GAUUUUAACGA                  ACUGUxxxxxxxxxx
None     124 ..     134   GUUAGGAUUAUUAUG                  AUUUUAACGAA                  CUGUxxxxxxxxxxx
 6.7     123 ..     135   CGUUAGGAUUAUUAU                G AUUUUAACGAA C                UGUxxxxxxxxxxxx
None     126 ..     136   UAGGAUUAUUAUGAU                  UUUAACGAACU                  GUxxxxxxxxxxxxx
None     127 ..     137   AGGAUUAUUAUGAUU                  UUAACGAACUG                  Uxxxxxxxxxxxxxx
