>URS0001A24AE0 ncRNA from 1 species FORWARD
 1.9       1 ..      11   xxxxxxxxxxxxxxx                 GCG GUGUG CGG                 CACCGCGAGACAUCA
-1.4       1 ..      12   xxxxxxxxxxxxxxx                GCGG UGUG CGGC                 ACCGCGAGACAUCAA
 4.6       1 ..      13   xxxxxxxxxxxxxxx               -GCGG UGUG CGGCA                CCGCGAGACAUCAAC
 1.9       4 ..      14   xxxxxxxxxxxxGCG                 GUG UGCGG CAC                 CGCGAGACAUCAACC
-0.4       3 ..      15   xxxxxxxxxxxxxGC                GGUG UGCGG CACC                GCGAGACAUCAACCG
-2.7       2 ..      16   xxxxxxxxxxxxxxG               CGGUG UGCGG CACCG               CGAGACAUCAACCGG
  -5       1 ..      17   xxxxxxxxxxxxxxx              GCGGUG UGCGG CACCGC              GAGACAUCAACCGGG
-1.4       7 ..      18   xxxxxxxxxGCGGUG                UGCG GCAC CGCG                 AGACAUCAACCGGGC
 2.1       6 ..      19   xxxxxxxxxxGCGGU               GUGCG GCAC CGCGA                GACAUCAACCGGGCC
 3.6       9 ..      20   xxxxxxxGCGGUGUG                C-GGC ACC GCGAG                ACAUCAACCGGGCCU
 3.4      11 ..      21   xxxxxGCGGUGUGCG                 GCAC CGC GAGA                 CAUCAACCGGGCCUG
 1.1      10 ..      22   xxxxxxGCGGUGUGC                GGCAC CGC GAGAC                AUCAACCGGGCCUGA
 4.6       9 ..      23   xxxxxxxGCGGUGUG               CGGCAC CGC GAGACA               UCAACCGGGCCUGAG
 7.7      14 ..      24   xxGCGGUGUGCGGCA                 CCG CGAGA CAU                 CAACCGGGCCUGAGG
 8.3       8 ..      25   xxxxxxxxGCGGUGU             G-CGGCAC CGC GAGACAUC             AACCGGGCCUGAGGC
 7.2      15 ..      26   xGCGGUGUGCGGCAC                CG CGAGACAU CA                 ACCGGGCCUGAGGCC
 8.7      16 ..      27   GCGGUGUGCGGCACC                GCG AGACAU CAA                 CCGGGCCUGAGGCCC
 4.7      18 ..      28   GGUGUGCGGCACCGC                 G AGACAUCAA C                 CGGGCCUGAGGCCCG
 5.7      18 ..      29   GGUGUGCGGCACCGC                G AGACAUCAAC C                 GGGCCUGAGGCCCGA
 3.4      17 ..      30   CGGUGUGCGGCACCG               CG AGACAUCAAC CG                GGCCUGAGGCCCGAA
 3.1      14 ..      31   xxGCGGUGUGCGGCA             CCG CGAGACAUCAAC CGG              GCCUGAGGCCCGAAA
 4.6      15 ..      32   xGCGGUGUGCGGCAC             CGCG AGACAUCAAC CGGG              CCUGAGGCCCGAAAG
 4.5      11 ..      33   xxxxxGCGGUGUGCG          GCACCG CGAGACAUCAAC CGG-GC           CUGAGGCCCGAAAGC
 2.2      10 ..      34   xxxxxxGCGGUGUGC         GGCACCG CGAGACAUCAAC CGG-GCC          UGAGGCCCGAAAGCA
 5.7       9 ..      35   xxxxxxxGCGGUGUG        CGGCACCG CGAGACAUCAAC CGG-GCCU         GAGGCCCGAAAGCAG
 5.7      25 ..      36   GGCACCGCGAGACAU                C AACCGGGCCU G                 AGGCCCGAAAGCAGA
 3.4      27 ..      37   CACCGCGAGACAUCA                 ACCG GGC CUGA                 GGCCCGAAAGCAGAC
 4.7      28 ..      38   ACCGCGAGACAUCAA                 C CGGGCCUGA G                 GCCCGAAAGCAGACG
 1.4      28 ..      39   ACCGCGAGACAUCAA                CC GGGCCUGA GG                 CCCGAAAGCAGACGG
 4.7      30 ..      40   CGCGAGACAUCAACC                 G GGCCUGAGG C                 CCGAAAGCAGACGGA
-8.2      31 ..      41   GCGAGACAUCAACCG                 GGCC UGA GGCC                 CGAAAGCAGACGGAA
-10.5      30 ..      42   CGCGAGACAUCAACC                GGGCC UGA GGCCC                GAAAGCAGACGGAAG
-12.8      29 ..      43   CCGCGAGACAUCAAC               CGGGCC UGA GGCCCG               AAAGCAGACGGAAGA
-9.3      28 ..      44   ACCGCGAGACAUCAA              CCGGGCC UGA GGCCCGA              AAGCAGACGGAAGAC
-5.8      27 ..      45   CACCGCGAGACAUCA             ACCGGGCC UGA GGCCCGAA             AGCAGACGGAAGACA
-2.3      26 ..      46   GCACCGCGAGACAUC            AACCGGGCC UGA GGCCCGAAA            GCAGACGGAAGACAG
-4.6      25 ..      47   GGCACCGCGAGACAU           CAACCGGGCC UGA GGCCCGAAAG           CAGACGGAAGACAGA
-1.1      24 ..      48   CGGCACCGCGAGACA          UCAACCGGGCC UGA GGCCCGAAAGC          AGACGGAAGACAGAA
 2.4      23 ..      49   GCGGCACCGCGAGAC         AUCAACCGGGCC UGA GGCCCGAAAGCA         GACGGAAGACAGAAA
 0.1      22 ..      50   UGCGGCACCGCGAGA        CAUCAACCGGGCC UGA GGCCCGAAAGCAG        ACGGAAGACAGAAAx
 3.6      21 ..      51   GUGCGGCACCGCGAG       ACAUCAACCGGGCC UGA GGCCCGAAAGCAGA       CGGAAGACAGAAAxx
 1.3      20 ..      52   UGUGCGGCACCGCGA      GACAUCAACCGGGCC UGA GGCCCGAAAGCAGAC      GGAAGACAGAAAxxx
 1.4      42 ..      53   ACCGGGCCUGAGGCC                CG AAAGCAGA CG                 GAAGACAGAAAxxxx
-0.9      41 ..      54   AACCGGGCCUGAGGC               CCG AAAGCAGA CGG                AAGACAGAAAxxxxx
 2.6      40 ..      55   CAACCGGGCCUGAGG              CCCG AAAGCAGA CGGA               AGACAGAAAxxxxxx
 6.1      39 ..      56   UCAACCGGGCCUGAG             GCCCG AAAGCAGA CGGAA              GACAGAAAxxxxxxx
 8.8      40 ..      57   CAACCGGGCCUGAGG            C--CCG AAAGCAGA CGGAAG             ACAGAAAxxxxxxxx
 7.2      47 ..      58   GCCUGAGGCCCGAAA                GC AGACGGAA GA                 CAGAAAxxxxxxxxx
 6.7      47 ..      59   GCCUGAGGCCCGAAA                G CAGACGGAAGA C                AGAAAxxxxxxxxxx
 4.4      49 ..      60   CUGAGGCCCGAAAGC                AGAC GGAA GACA                 GAAAxxxxxxxxxxx
 2.1      48 ..      61   CCUGAGGCCCGAAAG               CAGAC GGAA GACAG                AAAxxxxxxxxxxxx
 4.4      51 ..      62   GAGGCCCGAAAGCAG                ACGG AAGA CAGA                 AAxxxxxxxxxxxxx
 7.9      50 ..      63   UGAGGCCCGAAAGCA               GACGG AAGA CAGAA                Axxxxxxxxxxxxxx
