>URS0001A239EB ncRNA from 1 species FORWARD
None       1 ..      11   xxxxxxxxxxxxxxx                  CGUGUGGCUUA                  UAGUUAAAAUCGUCG
None       2 ..      12   xxxxxxxxxxxxxxC                  GUGUGGCUUAU                  AGUUAAAAUCGUCGA
None       3 ..      13   xxxxxxxxxxxxxCG                  UGUGGCUUAUA                  GUUAAAAUCGUCGAU
 7.7       1 ..      14   xxxxxxxxxxxxxxx               C GUGUGGCUUAUA G                UUAAAAUCGUCGAUA
None       5 ..      15   xxxxxxxxxxxCGUG                  UGGCUUAUAGU                  UAAAAUCGUCGAUAG
 7.7       6 ..      16   xxxxxxxxxxCGUGU                 GGC UUAUA GUU                 AAAAUCGUCGAUAGC
None       7 ..      17   xxxxxxxxxCGUGUG                  GCUUAUAGUUA                  AAAUCGUCGAUAGCG
None       8 ..      18   xxxxxxxxCGUGUGG                  CUUAUAGUUAA                  AAUCGUCGAUAGCGA
None       9 ..      19   xxxxxxxCGUGUGGC                  UUAUAGUUAAA                  AUCGUCGAUAGCGAC
None      10 ..      20   xxxxxxCGUGUGGCU                  UAUAGUUAAAA                  UCGUCGAUAGCGACA
None      11 ..      21   xxxxxCGUGUGGCUU                  AUAGUUAAAAU                  CGUCGAUAGCGACAC
None      12 ..      22   xxxxCGUGUGGCUUA                  UAGUUAAAAUC                  GUCGAUAGCGACACA
 6.2      13 ..      23   xxxCGUGUGGCUUAU                 AG UUAAAAU CG                 UCGAUAGCGACACAA
None      14 ..      24   xxCGUGUGGCUUAUA                  GUUAAAAUCGU                  CGAUAGCGACACAAU
 5.7      14 ..      25   xxCGUGUGGCUUAUA                G UUAAAAUCGU C                 GAUAGCGACACAAUC
None      16 ..      26   CGUGUGGCUUAUAGU                  UAAAAUCGUCG                  AUAGCGACACAAUCU
None      17 ..      27   GUGUGGCUUAUAGUU                  AAAAUCGUCGA                  UAGCGACACAAUCUG
None      18 ..      28   UGUGGCUUAUAGUUA                  AAAUCGUCGAU                  AGCGACACAAUCUGA
None      19 ..      29   GUGGCUUAUAGUUAA                  AAUCGUCGAUA                  GCGACACAAUCUGAC
None      20 ..      30   UGGCUUAUAGUUAAA                  AUCGUCGAUAG                  CGACACAAUCUGACG
 6.2      21 ..      31   GGCUUAUAGUUAAAA                 UC GUCGAUA GC                 GACACAAUCUGACGA
 0.4      22 ..      32   GCUUAUAGUUAAAAU                 CG UCGAUAG CG                 ACACAAUCUGACGAA
 3.9      21 ..      33   GGCUUAUAGUUAAAA                UCG UCGAUAG CGA                CACAAUCUGACGAAU
-1.4      23 ..      34   CUUAUAGUUAAAAUC                GUCG AUAG CGAC                 ACAAUCUGACGAAUA
 2.1      22 ..      35   GCUUAUAGUUAAAAU               CGUCG AUAG CGACA                CAAUCUGACGAAUAG
 4.7      26 ..      36   AUAGUUAAAAUCGUC                 G AUAGCGACA C                 AAUCUGACGAAUAGG
 8.2      25 ..      37   UAUAGUUAAAAUCGU                CG AUAGCGACA CA                AUCUGACGAAUAGGU
 7.7      28 ..      38   AGUUAAAAUCGUCGA                 UAG CGACA CAA                 UCUGACGAAUAGGUx
None      29 ..      39   GUUAAAAUCGUCGAU                  AGCGACACAAU                  CUGACGAAUAGGUxx
 4.7      30 ..      40   UUAAAAUCGUCGAUA                 G CGACACAAU C                 UGACGAAUAGGUxxx
 6.2      31 ..      41   UAAAAUCGUCGAUAG                 CG ACACAAU CU                 GACGAAUAGGUxxxx
 5.7      31 ..      42   UAAAAUCGUCGAUAG                C GACACAAUCU G                 ACGAAUAGGUxxxxx
 6.2      33 ..      43   AAAUCGUCGAUAGCG                 AC ACAAUCU GA                 CGAAUAGGUxxxxxx
 3.9      32 ..      44   AAAAUCGUCGAUAGC                GAC ACAAUCU GAC                GAAUAGGUxxxxxxx
 1.6      31 ..      45   UAAAAUCGUCGAUAG               CGAC ACAAUCU GACG               AAUAGGUxxxxxxxx
 5.1      30 ..      46   UUAAAAUCGUCGAUA              GCGAC ACAAUCU GACGA              AUAGGUxxxxxxxxx
 8.6      29 ..      47   GUUAAAAUCGUCGAU             AGCGAC ACAAUCU GACGAA             UAGGUxxxxxxxxxx
None      38 ..      48   GUCGAUAGCGACACA                  AUCUGACGAAU                  AGGUxxxxxxxxxxx
None      39 ..      49   UCGAUAGCGACACAA                  UCUGACGAAUA                  GGUxxxxxxxxxxxx
 4.7      40 ..      50   CGAUAGCGACACAAU                 C UGACGAAUA G                 GUxxxxxxxxxxxxx
 5.7      40 ..      51   CGAUAGCGACACAAU                C UGACGAAUAG G                 Uxxxxxxxxxxxxxx
