>URS0001A2376E ncRNA from 1 species FORWARD
 3.4       1 ..      11   xxxxxxxxxxxxxxx                 UCGG GUC CGGU                 UCCCGACCUUCGAGC
None       2 ..      12   xxxxxxxxxxxxxxU                  CGGGUCCGGUU                  CCCGACCUUCGAGCC
 4.7       3 ..      13   xxxxxxxxxxxxxUC                 G GGUCCGGUU C                 CCGACCUUCGAGCCA
 0.4       4 ..      14   xxxxxxxxxxxxUCG                 GG UCCGGUU CC                 CGACCUUCGAGCCAU
-1.9       3 ..      15   xxxxxxxxxxxxxUC                GGG UCCGGUU CCC                GACCUUCGAGCCAUU
-4.2       2 ..      16   xxxxxxxxxxxxxxU               CGGG UCCGGUU CCCG               ACCUUCGAGCCAUUC
-2.4       7 ..      17   xxxxxxxxxUCGGGU                 CCGG UUC CCGA                 CCUUCGAGCCAUUCG
 1.1       6 ..      18   xxxxxxxxxxUCGGG                UCCGG UUC CCGAC                CUUCGAGCCAUUCGA
-1.2       5 ..      19   xxxxxxxxxxxUCGG               GUCCGG UUC CCGACC               UUCGAGCCAUUCGAA
 2.3       4 ..      20   xxxxxxxxxxxxUCG              GGUCCGG UUC CCGACCU              UCGAGCCAUUCGAAG
 5.8       3 ..      21   xxxxxxxxxxxxxUC             GGGUCCGG UUC CCGACCUU             CGAGCCAUUCGAAGG
   6       3 ..      22   xxxxxxxxxxxxxUC            G-GGUCCGG UUC CCGACCUUC            GAGCCAUUCGAAGGG
 3.7       2 ..      23   xxxxxxxxxxxxxxU           CG-GGUCCGG UUC CCGACCUUCG           AGCCAUUCGAAGGGU
 1.9      14 ..      24   xxUCGGGUCCGGUUC                 CCG ACCUU CGA                 GCCAUUCGAAGGGUC
-0.4      13 ..      25   xxxUCGGGUCCGGUU                CCCG ACCUU CGAG                CCAUUCGAAGGGUCG
 3.1      12 ..      26   xxxxUCGGGUCCGGU               UCCCG ACCUU CGAGC               CAUUCGAAGGGUCGA
 2.9      16 ..      27   UCGGGUCCGGUUCCC                GAC CUUCGA GCC                 AUUCGAAGGGUCGAU
 6.4      15 ..      28   xUCGGGUCCGGUUCC               CGAC CUUCGA GCCA                UUCGAAGGGUCGAUC
None      19 ..      29   GGUCCGGUUCCCGAC                  CUUCGAGCCAU                  UCGAAGGGUCGAUCC
None      20 ..      30   GUCCGGUUCCCGACC                  UUCGAGCCAUU                  CGAAGGGUCGAUCCG
None      21 ..      31   UCCGGUUCCCGACCU                  UCGAGCCAUUC                  GAAGGGUCGAUCCGG
 0.4      22 ..      32   CCGGUUCCCGACCUU                 CG AGCCAUU CG                 AAGGGUCGAUCCGGC
 3.9      21 ..      33   UCCGGUUCCCGACCU                UCG AGCCAUU CGA                AGGGUCGAUCCGGCG
 7.4      20 ..      34   GUCCGGUUCCCGACC               UUCG AGCCAUU CGAA               GGGUCGAUCCGGCGC
 5.1      19 ..      35   GGUCCGGUUCCCGAC              CUUCG AGCCAUU CGAAG              GGUCGAUCCGGCGCC
 0.4      26 ..      36   UUCCCGACCUUCGAG                 CC AUUCGAA GG                 GUCGAUCCGGCGCCC
 1.4      26 ..      37   UUCCCGACCUUCGAG                CC AUUCGAAG GG                 UCGAUCCGGCGCCCx
 4.9      25 ..      38   GUUCCCGACCUUCGA               GCC AUUCGAAG GGU                CGAUCCGGCGCCCxx
 5.1      23 ..      39   CGGUUCCCGACCUUC              GAGCC AUUCGAA GGGUC              GAUCCGGCGCCCxxx
 2.8      22 ..      40   CCGGUUCCCGACCUU             CGAGCC AUUCGAA GGGUCG             AUCCGGCGCCCxxxx
 2.9      30 ..      41   CGACCUUCGAGCCAU                UCG AAGGGU CGA                 UCCGGCGCCCxxxxx
 6.4      29 ..      42   CCGACCUUCGAGCCA               UUCG AAGGGU CGAU                CCGGCGCCCxxxxxx
 5.7      32 ..      43   ACCUUCGAGCCAUUC                G AAGGGUCGAU C                 CGGCGCCCxxxxxxx
 5.4      34 ..      44   CUUCGAGCCAUUCGA                AGG GUCGAU CC-                 GGCGCCCxxxxxxxx
 1.9      35 ..      45   UUCGAGCCAUUCGAA                 GGG UCGAU CCG                 GCGCCCxxxxxxxxx
 5.4      34 ..      46   CUUCGAGCCAUUCGA                AGGG UCGAU CCGG                CGCCCxxxxxxxxxx
-2.4      37 ..      47   CGAGCCAUUCGAAGG                 GUCG AUC CGGC                 GCCCxxxxxxxxxxx
 1.1      36 ..      48   UCGAGCCAUUCGAAG                GGUCG AUC CGGCG                CCCxxxxxxxxxxxx
-1.2      35 ..      49   UUCGAGCCAUUCGAA               GGGUCG AUC CGGCGC               CCxxxxxxxxxxxxx
  -1      35 ..      50   UUCGAGCCAUUCGAA              GG-GUCG AUC CGGCGCC              Cxxxxxxxxxxxxxx
