>URS0000D6B8FB ncRNA from 1 species FORWARD
None       1 ..      11   xxxxxxxxxxxxxxx                  AAAUGAGGCUC                  AACUUGGAGAGCCUC
None       2 ..      12   xxxxxxxxxxxxxxA                  AAUGAGGCUCA                  ACUUGGAGAGCCUCA
 7.7       3 ..      13   xxxxxxxxxxxxxAA                 AUG AGGCU CAA                 CUUGGAGAGCCUCAG
None       4 ..      14   xxxxxxxxxxxxAAA                  UGAGGCUCAAC                  UUGGAGAGCCUCAGC
 7.2       4 ..      15   xxxxxxxxxxxxAAA                UG AGGCUCAA CU                 UGGAGAGCCUCAGCC
 7.7       6 ..      16   xxxxxxxxxxAAAUG                 AGG CUCAA CUU                 GGAGAGCCUCAGCCA
None       7 ..      17   xxxxxxxxxAAAUGA                  GGCUCAACUUG                  GAGAGCCUCAGCCAA
 6.2       8 ..      18   xxxxxxxxAAAUGAG                 GC UCAACUU GG                 AGAGCCUCAGCCAAA
 7.2       8 ..      19   xxxxxxxxAAAUGAG                GC UCAACUUG GA                 GAGCCUCAGCCAAAU
 2.9       9 ..      20   xxxxxxxAAAUGAGG                CUC AACUUG GAG                 AGCCUCAGCCAAAUC
 6.4       8 ..      21   xxxxxxxxAAAUGAG               GCUC AACUUG GAGA                GCCUCAGCCAAAUCC
 4.9       9 ..      22   xxxxxxxAAAUGAGG               CUC AACUUGGA GAG                CCUCAGCCAAAUCCU
 2.6       8 ..      23   xxxxxxxxAAAUGAG              GCUC AACUUGGA GAGC               CUCAGCCAAAUCCUG
 0.3       7 ..      24   xxxxxxxxxAAAUGA             GGCUC AACUUGGA GAGCC              UCAGCCAAAUCCUGG
 3.8       6 ..      25   xxxxxxxxxxAAAUG            AGGCUC AACUUGGA GAGCCU             CAGCCAAAUCCUGGG
 1.5       5 ..      26   xxxxxxxxxxxAAAU           GAGGCUC AACUUGGA GAGCCUC            AGCCAAAUCCUGGGG
 3.4      17 ..      27   AAUGAGGCUCAACUU                 GGAG AGC CUCA                 GCCAAAUCCUGGGGA
 6.9      16 ..      28   AAAUGAGGCUCAACU                UGGAG AGC CUCAG                CCAAAUCCUGGGGAG
 5.4      17 ..      29   AAUGAGGCUCAACUU                GGAG AGCCU CAGC                CAAAUCCUGGGGAGG
 1.1      20 ..      30   GAGGCUCAACUUGGA                GAGC CUCA GC-C                 AAAUCCUGGGGAGGG
 3.4      21 ..      31   AGGCUCAACUUGGAG                 AGCC UCA GCCA                 AAUCCUGGGGAGGGU
 6.9      20 ..      32   GAGGCUCAACUUGGA                GAGCC UCA GCCAA                AUCCUGGGGAGGGUU
None      23 ..      33   GCUCAACUUGGAGAG                  CCUCAGCCAAA                  UCCUGGGGAGGGUUU
None      24 ..      34   CUCAACUUGGAGAGC                  CUCAGCCAAAU                  CCUGGGGAGGGUUUA
 7.7      22 ..      35   GGCUCAACUUGGAGA               G CCUCAGCCAAAU C                CUGGGGAGGGUUUAG
 8.7      22 ..      36   GGCUCAACUUGGAGA               G CCUCAGCCAAAUC C               UGGGGAGGGUUUAGG
 6.2      27 ..      37   AACUUGGAGAGCCUC                 AG CCAAAUC CU                 GGGGAGGGUUUAGGC
 3.9      26 ..      38   CAACUUGGAGAGCCU                CAG CCAAAUC CUG                GGGAGGGUUUAGGCA
 0.4      29 ..      39   CUUGGAGAGCCUCAG                 CC AAAUCCU GG                 GGAGGGUUUAGGCAU
 1.4      29 ..      40   CUUGGAGAGCCUCAG                CC AAAUCCUG GG                 GAGGGUUUAGGCAUC
 2.4      29 ..      41   CUUGGAGAGCCUCAG                CC AAAUCCUGG GG                AGGGUUUAGGCAUCC
 5.9      28 ..      42   ACUUGGAGAGCCUCA               GCC AAAUCCUGG GGA               GGGUUUAGGCAUCCA
 3.4      33 ..      43   GAGAGCCUCAGCCAA                 AUCC UGG GGAG                 GGUUUAGGCAUCCAA
 5.4      29 ..      44   CUUGGAGAGCCUCAG              CC AAAUCCUGGGGA GG               GUUUAGGCAUCCAAA
 0.4      35 ..      45   GAGCCUCAGCCAAAU                 CC UGGGGAG GG                 UUUAGGCAUCCAAAU
 3.9      34 ..      46   AGAGCCUCAGCCAAA                UCC UGGGGAG GGU                UUAGGCAUCCAAAUG
 7.4      33 ..      47   GAGAGCCUCAGCCAA               AUCC UGGGGAG GGUU               UAGGCAUCCAAAUGG
None      38 ..      48   CCUCAGCCAAAUCCU                  GGGGAGGGUUU                  AGGCAUCCAAAUGGG
None      39 ..      49   CUCAGCCAAAUCCUG                  GGGAGGGUUUA                  GGCAUCCAAAUGGGU
 8.7      36 ..      50   AGCCUCAGCCAAAUC               C UGGGGAGGGUUUA G               GCAUCCAAAUGGGUA
 6.4      35 ..      51   GAGCCUCAGCCAAAU              CC UGGGGAGGGUUUA GG              CAUCCAAAUGGGUAG
 5.7      41 ..      52   CAGCCAAAUCCUGGG                G AGGGUUUAGG C                 AUCCAAAUGGGUAGC
 6.2      43 ..      53   GCCAAAUCCUGGGGA                 GG GUUUAGG CA                 UCCAAAUGGGUAGCA
 8.7      43 ..      54   GCCAAAUCCUGGGGA                GGG UUUAGG CAU                 CCAAAUGGGUAGCAA
 4.7      45 ..      55   CAAAUCCUGGGGAGG                 G UUUAGGCAU C                 CAAAUGGGUAGCAAU
 2.4      44 ..      56   CCAAAUCCUGGGGAG                GG UUUAGGCAU CC                AAAUGGGUAGCAAUA
 5.9      43 ..      57   GCCAAAUCCUGGGGA               GGG UUUAGGCAU CCA               AAUGGGUAGCAAUAG
 3.4      48 ..      58   AUCCUGGGGAGGGUU                 UAGG CAU CCAA                 AUGGGUAGCAAUAGC
 6.9      47 ..      59   AAUCCUGGGGAGGGU                UUAGG CAU CCAAA                UGGGUAGCAAUAGCU
None      50 ..      60   CCUGGGGAGGGUUUA                  GGCAUCCAAAU                  GGGUAGCAAUAGCUC
None      51 ..      61   CUGGGGAGGGUUUAG                  GCAUCCAAAUG                  GGUAGCAAUAGCUCC
 4.7      52 ..      62   UGGGGAGGGUUUAGG                 C AUCCAAAUG G                 GUAGCAAUAGCUCCG
 5.7      52 ..      63   UGGGGAGGGUUUAGG                C AUCCAAAUGG G                 UAGCAAUAGCUCCGU
 1.9      54 ..      64   GGGAGGGUUUAGGCA                 UCC AAAUG GGU                 AGCAAUAGCUCCGUC
 5.4      53 ..      65   GGGGAGGGUUUAGGC                AUCC AAAUG GGUA                GCAAUAGCUCCGUCC
 3.1      52 ..      66   UGGGGAGGGUUUAGG               CAUCC AAAUG GGUAG               CAAUAGCUCCGUCCC
 0.8      51 ..      67   CUGGGGAGGGUUUAG              GCAUCC AAAUG GGUAGC              AAUAGCUCCGUCCCU
 4.3      50 ..      68   CCUGGGGAGGGUUUA             GGCAUCC AAAUG GGUAGCA             AUAGCUCCGUCCCUU
 7.7      59 ..      69   GGUUUAGGCAUCCAA                 AUG GGUAG CAA                 UAGCUCCGUCCCUUU
None      60 ..      70   GUUUAGGCAUCCAAA                  UGGGUAGCAAU                  AGCUCCGUCCCUUUG
None      61 ..      71   UUUAGGCAUCCAAAU                  GGGUAGCAAUA                  GCUCCGUCCCUUUGG
None      62 ..      72   UUAGGCAUCCAAAUG                  GGUAGCAAUAG                  CUCCGUCCCUUUGGA
 4.7      63 ..      73   UAGGCAUCCAAAUGG                 G UAGCAAUAG C                 UCCGUCCCUUUGGAG
 6.9      64 ..      74   AGGCAUCCAAAUGGG                UAGC AAUA GCU-                 CCGUCCCUUUGGAGA
 4.4      64 ..      75   AGGCAUCCAAAUGGG                UAGC AAUA GCUC                 CGUCCCUUUGGAGAG
 2.1      63 ..      76   UAGGCAUCCAAAUGG               GUAGC AAUA GCUCC                GUCCCUUUGGAGAGA
 4.7      67 ..      77   CAUCCAAAUGGGUAG                 C AAUAGCUCC G                 UCCCUUUGGAGAGAC
 8.2      66 ..      78   GCAUCCAAAUGGGUA                GC AAUAGCUCC GU                CCCUUUGGAGAGACG
 7.7      66 ..      79   GCAUCCAAAUGGGUA               G CAAUAGCUCCGU C                CCUUUGGAGAGACGG
 7.1      62 ..      80   UUAGGCAUCCAAAUG             GGUAG CAAUAGCUC CGUCC             CUUUGGAGAGACGGU
 4.8      61 ..      81   UUUAGGCAUCCAAAU            GGGUAG CAAUAGCUC CGUCCC            UUUGGAGAGACGGUC
 7.2      71 ..      82   CAAAUGGGUAGCAAU                AG CUCCGUCC CU                 UUGGAGAGACGGUCC
None      73 ..      83   AAUGGGUAGCAAUAG                  CUCCGUCCCUU                  UGGAGAGACGGUCCA
None      74 ..      84   AUGGGUAGCAAUAGC                  UCCGUCCCUUU                  GGAGAGACGGUCCAG
 4.7      75 ..      85   UGGGUAGCAAUAGCU                 C CGUCCCUUU G                 GAGAGACGGUCCAGA
 1.4      75 ..      86   UGGGUAGCAAUAGCU                CC GUCCCUUU GG                 AGAGACGGUCCAGAG
 4.9      74 ..      87   AUGGGUAGCAAUAGC               UCC GUCCCUUU GGA                GAGACGGUCCAGAGA
 2.6      73 ..      88   AAUGGGUAGCAAUAG              CUCC GUCCCUUU GGAG               AGACGGUCCAGAGAC
 3.6      78 ..      89   GUAGCAAUAGCUCCG                UC-CC UUU GGAGA                GACGGUCCAGAGACC
 2.9      79 ..      90   UAGCAAUAGCUCCGU                CCC UUUGGA GAG                 ACGGUCCAGAGACCG
 6.4      78 ..      91   GUAGCAAUAGCUCCG               UCCC UUUGGA GAGA                CGGUCCAGAGACCGG
 4.1      77 ..      92   GGUAGCAAUAGCUCC              GUCCC UUUGGA GAGAC               GGUCCAGAGACCGGG
 1.8      76 ..      93   GGGUAGCAAUAGCUC             CGUCCC UUUGGA GAGACG              GUCCAGAGACCGGGC
-0.5      75 ..      94   UGGGUAGCAAUAGCU            CCGUCCC UUUGGA GAGACGG             UCCAGAGACCGGGCC
   3      74 ..      95   AUGGGUAGCAAUAGC           UCCGUCCC UUUGGA GAGACGGU            CCAGAGACCGGGCCA
 4.7      86 ..      96   AGCUCCGUCCCUUUG                 G AGAGACGGU C                 CAGAGACCGGGCCAG
 2.4      85 ..      97   UAGCUCCGUCCCUUU                GG AGAGACGGU CC                AGAGACCGGGCCAGU
 5.9      84 ..      98   AUAGCUCCGUCCCUU               UGG AGAGACGGU CCA               GAGACCGGGCCAGUC
 8.7      88 ..      99   CUCCGUCCCUUUGGA                GAG ACGGUC CAG                 AGACCGGGCCAGUCA
None      90 ..     100   CCGUCCCUUUGGAGA                  GACGGUCCAGA                  GACCGGGCCAGUCAG
 8.7      90 ..     101   CCGUCCCUUUGGAGA                GAC GGUCCA GAG                 ACCGGGCCAGUCAGA
 7.2      91 ..     102   CGUCCCUUUGGAGAG                AC GGUCCAGA GA                 CCGGGCCAGUCAGAC
 4.7      93 ..     103   UCCCUUUGGAGAGAC                 G GUCCAGAGA C                 CGGGCCAGUCAGACC
-1.4      93 ..     104   UCCCUUUGGAGAGAC                GGUC CAGA GACC                 GGGCCAGUCAGACCC
-3.7      92 ..     105   GUCCCUUUGGAGAGA               CGGUC CAGA GACCG                GGCCAGUCAGACCCG
-2.4      96 ..     106   CUUUGGAGAGACGGU                 CCAG AGA CCGG                 GCCAGUCAGACCCGG
-1.4      96 ..     107   CUUUGGAGAGACGGU                CCAG AGAC CGGG                 CCAGUCAGACCCGGU
-1.2      94 ..     108   CCCUUUGGAGAGACG               GUCCAG AGA CCGGGC               CAGUCAGACCCGGUC
-3.5      93 ..     109   UCCCUUUGGAGAGAC              GGUCCAG AGA CCGGGCC              AGUCAGACCCGGUCG
2.384e-07      92 ..     110   GUCCCUUUGGAGAGA             CGGUCCAG AGA CCGGGCCA             GUCAGACCCGGUCGG
 0.2      92 ..     111   GUCCCUUUGGAGAGA            C-GGUCCAG AGA CCGGGCCAG            UCAGACCCGGUCGGG
 3.4     102 ..     112   AGAGACGGUCCAGAG                 ACCG GGC CAGU                 CAGACCCGGUCGGGA
 1.1     101 ..     113   GAGAGACGGUCCAGA                GACCG GGC CAGUC                AGACCCGGUCGGGAA
 4.6     100 ..     114   GGAGAGACGGUCCAG               AGACCG GGC CAGUCA               GACCCGGUCGGGAAA
 2.9     104 ..     115   AGACGGUCCAGAGAC                CGG GCCAGU CAG                 ACCCGGUCGGGAAAU
 6.4     103 ..     116   GAGACGGUCCAGAGA               CCGG GCCAGU CAGA                CCCGGUCGGGAAAUC
 1.9     107 ..     117   CGGUCCAGAGACCGG                 GCC AGUCA GAC                 CCGGUCGGGAAAUCC
-0.4     106 ..     118   ACGGUCCAGAGACCG                GGCC AGUCA GACC                CGGUCGGGAAAUCCG
-2.7     105 ..     119   GACGGUCCAGAGACC               GGGCC AGUCA GACCC               GGUCGGGAAAUCCGU
  -5     104 ..     120   AGACGGUCCAGAGAC              CGGGCC AGUCA GACCCG              GUCGGGAAAUCCGUC
-7.3     103 ..     121   GAGACGGUCCAGAGA             CCGGGCC AGUCA GACCCGG             UCGGGAAAUCCGUCU
-3.8     102 ..     122   AGAGACGGUCCAGAG            ACCGGGCC AGUCA GACCCGGU            CGGGAAAUCCGUCUU
-6.1     101 ..     123   GAGAGACGGUCCAGA           GACCGGGCC AGUCA GACCCGGUC           GGGAAAUCCGUCUUx
-2.6     100 ..     124   GGAGAGACGGUCCAG          AGACCGGGCC AGUCA GACCCGGUCG          GGAAAUCCGUCUUxx
 0.9      99 ..     125   UGGAGAGACGGUCCA         GAGACCGGGCC AGUCA GACCCGGUCGG         GAAAUCCGUCUUxxx
4.292e-07     108 ..     126   GGUCCAGAGACCGGG             CCAGUCAG ACC CGGUCGGG             AAAUCCGUCUUxxxx
-1.4     116 ..     127   GACCGGGCCAGUCAG                ACCC GGUC GGGA                 AAUCCGUCUUxxxxx
 2.1     115 ..     128   AGACCGGGCCAGUCA               GACCC GGUC GGGAA                AUCCGUCUUxxxxxx
 5.6     114 ..     129   GAGACCGGGCCAGUC              AGACCC GGUC GGGAAA               UCCGUCUUxxxxxxx
None     120 ..     130   GGGCCAGUCAGACCC                  GGUCGGGAAAU                  CCGUCUUxxxxxxxx
 4.7     121 ..     131   GGCCAGUCAGACCCG                 G UCGGGAAAU C                 CGUCUUxxxxxxxxx
 2.4     120 ..     132   GGGCCAGUCAGACCC                GG UCGGGAAAU CC                GUCUUxxxxxxxxxx
-3.9     123 ..     133   CCAGUCAGACCCGGU                 CGG GAAAU CCG                 UCUUxxxxxxxxxxx
-0.4     122 ..     134   GCCAGUCAGACCCGG                UCGG GAAAU CCGU                CUUxxxxxxxxxxxx
-2.7     121 ..     135   GGCCAGUCAGACCCG               GUCGG GAAAU CCGUC               UUxxxxxxxxxxxxx
 0.8     120 ..     136   GGGCCAGUCAGACCC              GGUCGG GAAAU CCGUCU              Uxxxxxxxxxxxxxx
