>U00006.1:c98763-98567 Escherichia coli str. K-12 substr. MG1655 chromosomal region from 89.2 to 92.8 minutes FORWARD
 4.7       1 ..      11   xxxxxxxxxxxxxxx                 C AGGCCAGAA G                 AGGCGCGTTGCCCAA
None       2 ..      12   xxxxxxxxxxxxxxC                  AGGCCAGAAGA                  GGCGCGTTGCCCAAG
 6.7       1 ..      13   xxxxxxxxxxxxxxx                C AGGCCAGAAGA G                GCGCGTTGCCCAAGT
 5.4       4 ..      14   xxxxxxxxxxxxCAG                GCC AGAAGA GG-                 CGCGTTGCCCAAGTA
-2.9       4 ..      15   xxxxxxxxxxxxCAG                GCC AGAAGA GGC                 GCGTTGCCCAAGTAA
 0.6       3 ..      16   xxxxxxxxxxxxxCA               GGCC AGAAGA GGCG                CGTTGCCCAAGTAAC
 0.8       3 ..      17   xxxxxxxxxxxxxCA              G-GCC AGAAGA GGCGC               GTTGCCCAAGTAACG
 1.8       1 ..      18   xxxxxxxxxxxxxxx             CAGGCC AGAAGA GGCGCG              TTGCCCAAGTAACGG
 3.3       9 ..      19   xxxxxxxCAGGCCAG                 AAG AGGCG CGT                 TGCCCAAGTAACGGT
 2.6      10 ..      20   xxxxxxCAGGCCAGA                 AGAG GCG CGTT                 GCCCAAGTAACGGTG
 6.1       6 ..      21   xxxxxxxxxxCAGGC              CAGAAG AGGCG CGT-TG              CCCAAGTAACGGTGT
 3.8       8 ..      22   xxxxxxxxCAGGCCA               GAAGAG GCG CGTTGC               CCAAGTAACGGTGTT
-4.6      13 ..      23   xxxCAGGCCAGAAGA                 GGCG CGT TGCC                 CAAGTAACGGTGTTG
-2.4      14 ..      24   xxCAGGCCAGAAGAG                 GCGC GTT GCCC                 AAGTAACGGTGTTGG
 1.1      13 ..      25   xxxCAGGCCAGAAGA                GGCGC GTT GCCCA                AGTAACGGTGTTGGA
 4.6      12 ..      26   xxxxCAGGCCAGAAG               AGGCGC GTT GCCCAA               GTAACGGTGTTGGAG
 3.3      17 ..      27   AGGCCAGAAGAGGCG                 CGT TGCCC AAG                 TAACGGTGTTGGAGG
 4.6      16 ..      28   CAGGCCAGAAGAGGC                GCGT TGCCC AAGT                AACGGTGTTGGAGGA
 6.1      19 ..      29   GCCAGAAGAGGCGCG                TTGC CCAA GTA-                 ACGGTGTTGGAGGAG
-0.8      19 ..      30   GCCAGAAGAGGCGCG                TTGC CCAA GTAA                 CGGTGTTGGAGGAGC
-3.1      18 ..      31   GGCCAGAAGAGGCGC               GTTGC CCAA GTAAC                GGTGTTGGAGGAGCC
-5.4      17 ..      32   AGGCCAGAAGAGGCG              CGTTGC CCAA GTAACG               GTGTTGGAGGAGCCA
-1.9      16 ..      33   CAGGCCAGAAGAGGC             GCGTTGC CCAA GTAACGG              TGTTGGAGGAGCCAG
-0.4      14 ..      34   xxCAGGCCAGAAGAG           GCGCGTTGC CCAA GTAACG-GT            GTTGGAGGAGCCAGT
-0.4      15 ..      35   xCAGGCCAGAAGAGG           CG-CGTTGC CCAA GTAACGGTG            TTGGAGGAGCCAGTC
 0.9      14 ..      36   xxCAGGCCAGAAGAG          GCG-CGTTGC CCAA GTAACGGTGT           TGGAGGAGCCAGTCC
 2.2      13 ..      37   xxxCAGGCCAGAAGA         GGCG-CGTTGC CCAA GTAACGGTGTT          GGAGGAGCCAGTCCT
-1.8      28 ..      38   GGCGCGTTGCCCAAG                 TAAC GGT GTTG                 GAGGAGCCAGTCCTG
 0.6      23 ..      39   GAAGAGGCGCGTTGC              CCAA GTAACGGTG TTGG              AGGAGCCAGTCCTGT
 4.1      22 ..      40   AGAAGAGGCGCGTTG             CCCAA GTAACGGTG TTGGA             GGAGCCAGTCCTGTG
 4.3      22 ..      41   AGAAGAGGCGCGTTG            C-CCAA GTAACGGTG TTGGAG            GAGCCAGTCCTGTGA
 5.4      22 ..      42   AGAAGAGGCGCGTTG           CC-CAAGTA ACGG TGTTGGAGG            AGCCAGTCCTGTGAT
 6.9      20 ..      43   CCAGAAGAGGCGCGT          TGC-CCAA GTAACGGTG TTGGAGGA          GCCAGTCCTGTGATA
 7.6      22 ..      44   AGAAGAGGCGCGTTG           CCCAAGTAAC GGT GTTGGAGGAG           CCAGTCCTGTGATAA
 1.1      35 ..      45   TGCCCAAGTAACGGT                 GTT GGAGG AGC                 CAGTCCTGTGATAAC
 3.7      32 ..      46   CGTTGCCCAAGTAAC               GGT GTTGGAGGA GCC               AGTCCTGTGATAACA
-2.5      37 ..      47   CCCAAGTAACGGTGT                 TGG AGGAG CCA                 GTCCTGTGATAACAC
-1.2      36 ..      48   GCCCAAGTAACGGTG                TTGG AGGAG CCAG                TCCTGTGATAACACC
 0.1      35 ..      49   TGCCCAAGTAACGGT               GTTGG AGGAG CCAGT               CCTGTGATAACACCT
 2.5      35 ..      50   TGCCCAAGTAACGGT              G-TTGG AGGAG CCAGTC              CTGTGATAACACCTG
-2.5      41 ..      51   AGTAACGGTGTTGGA                 GGA GCCAG TCC                 TGTGATAACACCTGA
-3.4      40 ..      52   AAGTAACGGTGTTGG                AGGA GCCAG TCCT                GTGATAACACCTGAG
 0.1      39 ..      53   CAAGTAACGGTGTTG               GAGGA GCCAG TCCTG               TGATAACACCTGAGG
-0.6      30 ..      54   CGCGTTGCCCAAGTA          ACGGTGTTGG AGGAG CCAGTCCTGT          GATAACACCTGAGGG
 2.5      45 ..      55   ACGGTGTTGGAGGAG                C-CA GTCC TGTG                 ATAACACCTGAGGGG
 1.8      36 ..      56   GCCCAAGTAACGGTG            TTGGAGGA GCCAG TCCTGTGA            TAACACCTGAGGGGG
 3.1      35 ..      57   TGCCCAAGTAACGGT           GTTGGAGGA GCCAG TCCTGTGAT           AACACCTGAGGGGGT
 2.2      34 ..      58   TTGCCCAAGTAACGG          TGTTGGAGGA GCCAG TCCTGTGATA          ACACCTGAGGGGGTG
 5.7      33 ..      59   GTTGCCCAAGTAACG         GTGTTGGAGGA GCCAG TCCTGTGATAA         CACCTGAGGGGGTGC
 3.4      32 ..      60   CGTTGCCCAAGTAAC        GGTGTTGGAGGA GCCAG TCCTGTGATAAC        ACCTGAGGGGGTGCA
 3.9      51 ..      61   TTGGAGGAGCCAGTC                CTGT GATA ACA-                 CCTGAGGGGGTGCAT
 1.4      51 ..      62   TTGGAGGAGCCAGTC                CTGT GATA ACAC                 CTGAGGGGGTGCATC
   0      52 ..      63   TGGAGGAGCCAGTCC                TGTG ATAA CACC                 TGAGGGGGTGCATCG
 3.5      51 ..      64   TTGGAGGAGCCAGTC               CTGTG ATAA CACCT                GAGGGGGTGCATCGC
 1.2      50 ..      65   GTTGGAGGAGCCAGT              CCTGTG ATAA CACCTG               AGGGGGTGCATCGCC
 0.3      49 ..      66   TGTTGGAGGAGCCAG             TCCTGTG ATAA CACCTGA              GGGGGTGCATCGCCG
 3.8      48 ..      67   GTGTTGGAGGAGCCA            GTCCTGTG ATAA CACCTGAG             GGGGTGCATCGCCGA
 2.8      50 ..      68   GTTGGAGGAGCCAGT             CCTGTGAT AAC ACCTGAGG             GGGTGCATCGCCGAG
 4.1      49 ..      69   TGTTGGAGGAGCCAG            TCCTGTGAT AAC ACCTGAGGG            GGTGCATCGCCGAGG
-2.4      60 ..      70   CCAGTCCTGTGATAA                 CACC TGA GGGG                 GTGCATCGCCGAGGT
-1.4      60 ..      71   CCAGTCCTGTGATAA                CACC TGAG GGGG                 TGCATCGCCGAGGTG
-2.3      59 ..      72   GCCAGTCCTGTGATA               ACACC TGAG GGGGT                GCATCGCCGAGGTGA
-4.5      60 ..      73   CCAGTCCTGTGATAA               CACCT GAGG GGGTG                CATCGCCGAGGTGAT
  -1      59 ..      74   GCCAGTCCTGTGATA              ACACCT GAGG GGGTGC               ATCGCCGAGGTGATT
 2.5      58 ..      75   AGCCAGTCCTGTGAT             AACACCT GAGG GGGTGCA              TCGCCGAGGTGATTG
 3.2      56 ..      76   GGAGCCAGTCCTGTG           ATAACACCT GAGG GGGTGC-AT            CGCCGAGGTGATTGA
 0.9      55 ..      77   AGGAGCCAGTCCTGT          GATAACACCT GAGG GGGTGC-ATC           GCCGAGGTGATTGAA
 2.2      54 ..      78   GAGGAGCCAGTCCTG         TGATAACACCT GAGG GGGTGC-ATCG          CCGAGGTGATTGAAC
-0.1      53 ..      79   GGAGGAGCCAGTCCT        GTGATAACACCT GAGG GGGTGC-ATCGC         CGAGGTGATTGAACG
-4.6      70 ..      80   GATAACACCTGAGGG                 GGTG CAT CGCC                 GAGGTGATTGAACGG
-1.1      69 ..      81   TGATAACACCTGAGG                GGGTG CAT CGCCG                AGGTGATTGAACGGC
 2.4      68 ..      82   GTGATAACACCTGAG               GGGGTG CAT CGCCGA               GGTGATTGAACGGCT
 4.8      50 ..      83   GTTGGAGGAGCCAGT    C-CTGTGATAACACCT GAGG GGGTGC-ATCGCCGAG     GTGATTGAACGGCTG
  -1      74 ..      84   ACACCTGAGGGGGTG                 CATC GCC GAGG                 TGATTGAACGGCTGG
 0.3      73 ..      85   AACACCTGAGGGGGT                GCATC GCC GAGGT                GATTGAACGGCTGGC
-1.2      74 ..      86   ACACCTGAGGGGGTG                CATC GCCGA GGTG                ATTGAACGGCTGGCC
-2.2      76 ..      87   ACCTGAGGGGGTGCA                TCGC CGAG GTGA                 TTGAACGGCTGGCCA
-3.1      75 ..      88   CACCTGAGGGGGTGC               ATCGC CGAG GTGAT                TGAACGGCTGGCCAC
 0.4      74 ..      89   ACACCTGAGGGGGTG              CATCGC CGAG GTGATT               GAACGGCTGGCCACG
 0.6      74 ..      90   ACACCTGAGGGGGTG             C-ATCGC CGAG GTGATTG              AACGGCTGGCCACGT
   3      72 ..      91   TAACACCTGAGGGGG            TGCATCGC CGAG GTGATTGA             ACGGCTGGCCACGTT
 3.2      72 ..      92   TAACACCTGAGGGGG           TGC-ATCGC CGAG GTGATTGAA            CGGCTGGCCACGTTC
 0.9      71 ..      93   ATAACACCTGAGGGG          GTGC-ATCGC CGAG GTGATTGAAC           GGCTGGCCACGTTCA
 4.3      83 ..      94   GGGGTGCATCGCCGA                GGT GATTGA ACG                 GCTGGCCACGTTCAT
 2.1      79 ..      95   TGAGGGGGTGCATCG              CCG AGGTGATTGAA CGG              CTGGCCACGTTCATC
-0.2      78 ..      96   CTGAGGGGGTGCATC             GCCG AGGTGATTGAA CGGC             TGGCCACGTTCATCA
 3.3      77 ..      97   CCTGAGGGGGTGCAT            CGCCG AGGTGATTGAA CGGCT            GGCCACGTTCATCAT
 3.5      77 ..      98   CCTGAGGGGGTGCAT           C-GCCG AGGTGATTGAA CGGCTG           GCCACGTTCATCATC
 4.5      80 ..      99   GAGGGGGTGCATCGC            CGAGGTG ATTGAA CGGCTGG             CCACGTTCATCATCG
 2.4      78 ..     100   CTGAGGGGGTGCATC          GCCGAGGTG ATTGAA CGGCT-GGC           CACGTTCATCATCGG
 4.4      90 ..     101   ATCGCCGAGGTGATT                GAAC GGCT GGCC                 ACGTTCATCATCGGC
 3.5      89 ..     102   CATCGCCGAGGTGAT               TGAAC GGCT GGCCA                CGTTCATCATCGGCT
 4.4      92 ..     103   CGCCGAGGTGATTGA                ACGG CTGG CCAC                 GTTCATCATCGGCTA
 1.4      93 ..     104   GCCGAGGTGATTGAA                CG GCTGGCCA CG                 TTCATCATCGGCTAC
 0.5      92 ..     105   CGCCGAGGTGATTGA               ACG GCTGGCCA CGT                TCATCATCGGCTACA
-0.4      91 ..     106   TCGCCGAGGTGATTG              AACG GCTGGCCA CGTT               CATCATCGGCTACAG
-2.7      90 ..     107   ATCGCCGAGGTGATT             GAACG GCTGGCCA CGTTC              ATCATCGGCTACAGG
-3.6      89 ..     108   CATCGCCGAGGTGAT            TGAACG GCTGGCCA CGTTCA             TCATCGGCTACAGGG
-0.1      88 ..     109   GCATCGCCGAGGTGA           TTGAACG GCTGGCCA CGTTCAT            CATCGGCTACAGGGG
-0.8      86 ..     110   GTGCATCGCCGAGGT         GATTGAACG GCTGGCCA CGTTCA-TC          ATCGGCTACAGGGGC
-1.7      85 ..     111   GGTGCATCGCCGAGG        TGATTGAACG GCTGGCCA CGTTCA-TCA         TCGGCTACAGGGGCT
-0.4      84 ..     112   GGGTGCATCGCCGAG       GTGATTGAACG GCTGGCCA CGTTCA-TCAT        CGGCTACAGGGGCTG
-2.7      83 ..     113   GGGGTGCATCGCCGA      GGTGATTGAACG GCTGGCCA CGTTCA-TCATC       GGCTACAGGGGCTGA
-4.768e-08     103 ..     114   TTGAACGGCTGGCCA                CGTT CATC ATCG                 GCTACAGGGGCTGAA
 2.5      79 ..     115   TGAGGGGGTGCATCG  CCGAGGTGATTGAACG GCTGGCCA CGTTCA-TCA--TCGG   CTACAGGGGCTGAAT
 0.2      78 ..     116   CTGAGGGGGTGCATC GCCGAGGTGATTGAACG GCTGGCCA CGTTCA-TCA--TCGGC  TACAGGGGCTGAATC
 3.7      98 ..     117   GGTGATTGAACGGCT            GGCC-ACG TTCAT CATCGGCT            ACAGGGGCTGAATCC
 2.8      97 ..     118   AGGTGATTGAACGGC           TGGCC-ACG TTCAT CATCGGCTA           CAGGGGCTGAATCCC
 6.3      96 ..     119   GAGGTGATTGAACGG          CTGGCC-ACG TTCAT CATCGGCTAC          AGGGGCTGAATCCCC
 7.1     109 ..     120   GGCTGGCCACGTTCA                T CATCGGCTAC A                 GGGGCTGAATCCCCT
 5.7     110 ..     121   GCTGGCCACGTTCAT                C ATCGGCTACA G                 GGGCTGAATCCCCTG
 1.2     112 ..     122   TGGCCACGTTCATCA                 TCGG CTA CAGG                 GGCTGAATCCCCTGG
 4.7     111 ..     123   CTGGCCACGTTCATC                ATCGG CTA CAGGG                GCTGAATCCCCTGGG
 2.4     110 ..     124   GCTGGCCACGTTCAT               CATCGG CTA CAGGGG               CTGAATCCCCTGGGT
-0.3     115 ..     125   CCACGTTCATCATCG                 GCT ACAGG GGC                 TGAATCCCCTGGGTT
   1     114 ..     126   GCCACGTTCATCATC                GGCT ACAGG GGCT                GAATCCCCTGGGTTG
-1.3     113 ..     127   GGCCACGTTCATCAT               CGGCT ACAGG GGCTG               AATCCCCTGGGTTGT
-2.2     112 ..     128   TGGCCACGTTCATCA              TCGGCT ACAGG GGCTGA              ATCCCCTGGGTTGTC
-1.9     117 ..     129   ACGTTCATCATCGGC                TACAG GGG CTGAA                TCCCCTGGGTTGTCA
 1.6     116 ..     130   CACGTTCATCATCGG               CTACAG GGG CTGAAT               CCCCTGGGTTGTCAC
-0.7     115 ..     131   CCACGTTCATCATCG              GCTACAG GGG CTGAATC              CCCTGGGTTGTCACC
  -3     114 ..     132   GCCACGTTCATCATC             GGCTACAG GGG CTGAATCC             CCTGGGTTGTCACCA
-2.9     122 ..     133   CATCATCGGCTACAG                GGG CTGAAT CCC                 CTGGGTTGTCACCAG
-5.2     121 ..     134   TCATCATCGGCTACA               GGGG CTGAAT CCCC                TGGGTTGTCACCAGA
-6.1     120 ..     135   TTCATCATCGGCTAC              AGGGG CTGAAT CCCCT               GGGTTGTCACCAGAA
-8.4     119 ..     136   GTTCATCATCGGCTA             CAGGGG CTGAAT CCCCTG              GGTTGTCACCAGAAG
-4.9     118 ..     137   CGTTCATCATCGGCT            ACAGGGG CTGAAT CCCCTGG             GTTGTCACCAGAAGC
-3.6     117 ..     138   ACGTTCATCATCGGC           TACAGGGG CTGAAT CCCCTGGG            TTGTCACCAGAAGCG
-3.2     129 ..     139   GGCTACAGGGGCTGA                 ATCC CCT GGGT                 TGTCACCAGAAGCGT
-4.1     128 ..     140   CGGCTACAGGGGCTG                AATCC CCT GGGTT                GTCACCAGAAGCGTT
-3.1     113 ..     141   GGCCACGTTCATCAT       CGGCTACAGGGG CTGAAT CCCCTG-GGTTG        TCACCAGAAGCGTTC
 0.4     112 ..     142   TGGCCACGTTCATCA      TCGGCTACAGGGG CTGAAT CCCCTG-GGTTGT       CACCAGAAGCGTTCG
 2.8     127 ..     143   TCGGCTACAGGGGCT             GA-ATCC CCTG GGTTGTC              ACCAGAAGCGTTCGC
 1.9     126 ..     144   ATCGGCTACAGGGGC            TGA-ATCC CCTG GGTTGTCA             CCAGAAGCGTTCGCA
 3.6     134 ..     145   CAGGGGCTGAATCCC                CTGG GTTG TCAC                 CAGAAGCGTTCGCAG
 0.4     136 ..     146   GGGGCTGAATCCCCT                 GG GTTGTCA CC                 AGAAGCGTTCGCAGT
-0.5     135 ..     147   AGGGGCTGAATCCCC                TGG GTTGTCA CCA                GAAGCGTTCGCAGTC
-2.8     134 ..     148   CAGGGGCTGAATCCC               CTGG GTTGTCA CCAG               AAGCGTTCGCAGTCG
 0.7     133 ..     149   ACAGGGGCTGAATCC              CCTGG GTTGTCA CCAGA              AGCGTTCGCAGTCGG
 2.8     139 ..     150   GCTGAATCCCCTGGG                TTGT CACC AGAA                 GCGTTCGCAGTCGGG
 1.9     131 ..     151   CTACAGGGGCTGAAT            CCCCTGG GTTGTCA CCAGAAG            CGTTCGCAGTCGGGC
 2.5     115 ..     152   CCACGTTCATCATCG   GCTACAGGGGCTGAATCC CCT GGGTT-GTCACCAGAAGC   GTTCGCAGTCGGGCG
 1.9     143 ..     153   AATCCCCTGGGTTGT                 CAC CAGAA GCG                 TTCGCAGTCGGGCGT
 1.8     144 ..     154   ATCCCCTGGGTTGTC                 AC CAGAAGC GT                 TCGCAGTCGGGCGTT
 4.3     144 ..     155   ATCCCCTGGGTTGTC                ACC AGAAGC GTT                 CGCAGTCGGGCGTTT
 5.1     127 ..     156   TCGGCTACAGGGGCT       GAAT-CCCCTGG GTTGTCA CCAGAAGCGTTC       GCAGTCGGGCGTTTC
 0.4     147 ..     157   CCCTGGGTTGTCACC                 AGAA GCG TTCG                 CAGTCGGGCGTTTCG
 3.9     146 ..     158   CCCCTGGGTTGTCAC                CAGAA GCG TTCGC                AGTCGGGCGTTTCGC
 5.9     140 ..     159   CTGAATCCCCTGGGT            TGTCACC AGAAGC GTTCGCA             GTCGGGCGTTTCGCA
 4.4     149 ..     160   CTGGGTTGTCACCAG                AAGC GTTC GCAG                 TCGGGCGTTTCGCAA
   4     151 ..     161   GGGTTGTCACCAGAA                 GC GTTCGCA GT                 CGGGCGTTTCGCAAG
 3.7     148 ..     162   CCTGGGTTGTCACCA              GA-AGC GTTC GCAGTC               GGGCGTTTCGCAAGT
 1.4     152 ..     163   GGTTGTCACCAGAAG                CG TTCGCAGT CG                 GGCGTTTCGCAAGTG
 4.6     145 ..     164   TCCCCTGGGTTGTCA            CCAGAAGC GTTC GCAGTCGG             GCGTTTCGCAAGTGG
4.768e-08     154 ..     165   TTGTCACCAGAAGCG                TTCG CAGT CGGG                 CGTTTCGCAAGTGGT
-2.3     153 ..     166   GTTGTCACCAGAAGC               GTTCG CAGT CGGGC                GTTTCGCAAGTGGTG
-4.6     152 ..     167   GGTTGTCACCAGAAG              CGTTCG CAGT CGGGCG               TTTCGCAAGTGGTGG
-3.3     151 ..     168   GGGTTGTCACCAGAA             GCGTTCG CAGT CGGGCGT              TTCGCAAGTGGTGGA
-4.2     150 ..     169   TGGGTTGTCACCAGA            AGCGTTCG CAGT CGGGCGTT             TCGCAAGTGGTGGAG
-5.1     149 ..     170   CTGGGTTGTCACCAG           AAGCGTTCG CAGT CGGGCGTTT            CGCAAGTGGTGGAGC
-7.4     148 ..     171   CCTGGGTTGTCACCA          GAAGCGTTCG CAGT CGGGCGTTTC           GCAAGTGGTGGAGCA
-3.9     147 ..     172   CCCTGGGTTGTCACC         AGAAGCGTTCG CAGT CGGGCGTTTCG          CAAGTGGTGGAGCAC
-0.4     146 ..     173   CCCCTGGGTTGTCAC        CAGAAGCGTTCG CAGT CGGGCGTTTCGC         AAGTGGTGGAGCACT
-2.4     164 ..     174   AAGCGTTCGCAGTCG                 GGCG TTT CGCA                 AGTGGTGGAGCACTT
 1.1     163 ..     175   GAAGCGTTCGCAGTC                GGGCG TTT CGCAA                GTGGTGGAGCACTTC
-1.2     162 ..     176   AGAAGCGTTCGCAGT               CGGGCG TTT CGCAAG               TGGTGGAGCACTTCT
 1.8     167 ..     177   CGTTCGCAGTCGGGC                 GTTT CGC AAGT                 GGTGGAGCACTTCTG
-0.5     166 ..     178   GCGTTCGCAGTCGGG                CGTTT CGC AAGTG                GTGGAGCACTTCTGG
   3     165 ..     179   AGCGTTCGCAGTCGG               GCGTTT CGC AAGTGG               TGGAGCACTTCTGGG
 4.3     164 ..     180   AAGCGTTCGCAGTCG              GGCGTTT CGC AAGTGGT              GGAGCACTTCTGGGT
-0.3     171 ..     181   CGCAGTCGGGCGTTT                 CGC AAGTG GTG                 GAGCACTTCTGGGTG
   1     170 ..     182   TCGCAGTCGGGCGTT                TCGC AAGTG GTGG                AGCACTTCTGGGTGA
 0.1     169 ..     183   TTCGCAGTCGGGCGT               TTCGC AAGTG GTGGA               GCACTTCTGGGTGAx
 1.4     168 ..     184   GTTCGCAGTCGGGCG              TTTCGC AAGTG GTGGAG              CACTTCTGGGTGAxx
-0.9     167 ..     185   CGTTCGCAGTCGGGC             GTTTCGC AAGTG GTGGAGC             ACTTCTGGGTGAxxx
 2.6     166 ..     186   GCGTTCGCAGTCGGG            CGTTTCGC AAGTG GTGGAGCA            CTTCTGGGTGAxxxx
-1.5     176 ..     187   TCGGGCGTTTCGCAA                GTG GTGGAG CAC                 TTCTGGGTGAxxxxx
-3.2     178 ..     188   GGGCGTTTCGCAAGT                 GGTG GAG CACT                 TCTGGGTGAxxxxxx
-3.3     174 ..     189   AGTCGGGCGTTTCGC              AAGTG GTGGAG CACTT               CTGGGTGAxxxxxxx
  -2     176 ..     190   TCGGGCGTTTCGCAA               GTGGTG GAG CACTTC               TGGGTGAxxxxxxxx
-2.9     175 ..     191   GTCGGGCGTTTCGCA              AGTGGTG GAG CACTTCT              GGGTGAxxxxxxxxx
-0.8     171 ..     192   CGCAGTCGGGCGTTT           CGCAAGTG GTGGAG CACTTCTG            GGTGAxxxxxxxxxx
-1.7     173 ..     193   CAGTCGGGCGTTTCG            CAAGTGGTG GAG CACTTCTGG            GTGAxxxxxxxxxxx
 1.8     169 ..     194   TTCGCAGTCGGGCGT         TTCGCAAGTG GTGGAG CACTTCTGGG          TGAxxxxxxxxxxxx
 2.2     184 ..     195   TTCGCAAGTGGTGGA                GCAC TTCT GGGT                 GAxxxxxxxxxxxxx
-2.2     185 ..     196   TCGCAAGTGGTGGAG                CACT TCTG GGTG                 Axxxxxxxxxxxxxx
