>URS000075A170 pre_miRNA from 1 species FORWARD
 3.4       1 ..      11   xxxxxxxxxxxxxxx                 GCCG AGA CCGA                 GUGCACAGGGCUCUG
 1.1       2 ..      12   xxxxxxxxxxxxxxG                C-CG AGAC CGAG                 UGCACAGGGCUCUGA
 4.6       1 ..      13   xxxxxxxxxxxxxxx               GC-CG AGAC CGAGU                GCACAGGGCUCUGAC
 5.7       3 ..      14   xxxxxxxxxxxxxGC                C GAGACCGAGU G                 CACAGGGCUCUGACC
 4.4       1 ..      15   xxxxxxxxxxxxxxx               GC CGAGACCGAGU GC               ACAGGGCUCUGACCU
 7.2       5 ..      16   xxxxxxxxxxxGCCG                AG ACCGAGUG CA                 CAGGGCUCUGACCUA
 4.4       6 ..      17   xxxxxxxxxxGCCGA                GACC GAGU GCAC                 AGGGCUCUGACCUAU
 7.9       5 ..      18   xxxxxxxxxxxGCCG               AGACC GAGU GCACA                GGGCUCUGACCUAUG
 2.9       8 ..      19   xxxxxxxxGCCGAGA                CCG AGUGCA CAG                 GGCUCUGACCUAUGA
 2.4       8 ..      20   xxxxxxxxGCCGAGA                CC GAGUGCACA GG                GCUCUGACCUAUGAA
 2.1       8 ..      21   xxxxxxxxGCCGAGA               CCGAG UGCA CAGGG                CUCUGACCUAUGAAU
 3.4      12 ..      22   xxxxGCCGAGACCGA                 GUGC ACA GGGC                 UCUGACCUAUGAAUU
 1.9      13 ..      23   xxxGCCGAGACCGAG                 UGC ACAGG GCU                 CUGACCUAUGAAUUG
-0.4      12 ..      24   xxxxGCCGAGACCGA                GUGC ACAGG GCUC                UGACCUAUGAAUUGA
 3.1      11 ..      25   xxxxxGCCGAGACCG               AGUGC ACAGG GCUCU               GACCUAUGAAUUGAC
 5.7      15 ..      26   xGCCGAGACCGAGUG                C ACAGGGCUCU G                 ACCUAUGAAUUGACA
 4.4      16 ..      27   GCCGAGACCGAGUGC                ACAG GGCU CUGA                 CCUAUGAAUUGACAG
   7       6 ..      28   xxxxxxxxxxGCCGA           GACCGAGUGC ACA GGGCUCUGAC           CUAUGAAUUGACAGC
-2.4      19 ..      29   GAGACCGAGUGCACA                 GGGC UCU GACC                 UAUGAAUUGACAGCC
 1.1      18 ..      30   CGAGACCGAGUGCAC                AGGGC UCU GACCU                AUGAAUUGACAGCCA
 4.6      17 ..      31   CCGAGACCGAGUGCA               CAGGGC UCU GACCUA               UGAAUUGACAGCCAG
 8.1      16 ..      32   GCCGAGACCGAGUGC              ACAGGGC UCU GACCUAU              GAAUUGACAGCCAGU
 5.7      22 ..      33   ACCGAGUGCACAGGG                C UCUGACCUAU G                 AAUUGACAGCCAGUG
 7.2      23 ..      34   CCGAGUGCACAGGGC                UC UGACCUAU GA                 AUUGACAGCCAGUGC
None      25 ..      35   GAGUGCACAGGGCUC                  UGACCUAUGAA                  UUGACAGCCAGUGCU
None      26 ..      36   AGUGCACAGGGCUCU                  GACCUAUGAAU                  UGACAGCCAGUGCUC
None      27 ..      37   GUGCACAGGGCUCUG                  ACCUAUGAAUU                  GACAGCCAGUGCUCU
 4.7      28 ..      38   UGCACAGGGCUCUGA                 C CUAUGAAUU G                 ACAGCCAGUGCUCUC
 7.2      28 ..      39   UGCACAGGGCUCUGA                CC UAUGAAUU GA                 CAGCCAGUGCUCUCG
 5.9      26 ..      40   AGUGCACAGGGCUCU               GAC CUAUGAAUU GAC               AGCCAGUGCUCUCGU
None      31 ..      41   ACAGGGCUCUGACCU                  AUGAAUUGACA                  GCCAGUGCUCUCGUC
 7.1      24 ..      42   CGAGUGCACAGGGCU             CUGAC CUAUGAAUU GACAG             CCAGUGCUCUCGUCU
 4.7      33 ..      43   AGGGCUCUGACCUAU                 G AAUUGACAG C                 CAGUGCUCUCGUCUC
 5.7      33 ..      44   AGGGCUCUGACCUAU                G AAUUGACAGC C                 AGUGCUCUCGUCUCC
None      35 ..      45   GGCUCUGACCUAUGA                  AUUGACAGCCA                  GUGCUCUCGUCUCCC
 7.7      36 ..      46   GCUCUGACCUAUGAA                 UUG ACAGC CAG                 UGCUCUCGUCUCCCC
None      37 ..      47   CUCUGACCUAUGAAU                  UGACAGCCAGU                  GCUCUCGUCUCCCCU
 7.7      38 ..      48   UCUGACCUAUGAAUU                 GAC AGCCA GUG                 CUCUCGUCUCCCCUC
 5.7      38 ..      49   UCUGACCUAUGAAUU                G ACAGCCAGUG C                 UCUCGUCUCCCCUCU
 6.9      40 ..      50   UGACCUAUGAAUUGA                CAGC CAGU GCU-                 CUCGUCUCCCCUCUG
 4.4      40 ..      51   UGACCUAUGAAUUGA                CAGC CAGU GCUC                 UCGUCUCCCCUCUGG
 7.2      41 ..      52   GACCUAUGAAUUGAC                AG CCAGUGCU CU                 CGUCUCCCCUCUGGC
 5.6      38 ..      53   UCUGACCUAUGAAUU              GACAGC CAGU GCUCUC               GUCUCCCCUCUGGCU
 4.4      43 ..      54   CCUAUGAAUUGACAG                CCAG UGCU CUCG                 UCUCCCCUCUGGCUG
 7.9      42 ..      55   ACCUAUGAAUUGACA               GCCAG UGCU CUCGU                CUCCCCUCUGGCUGC
 4.7      46 ..      56   AUGAAUUGACAGCCA                 G UGCUCUCGU C                 UCCCCUCUGGCUGCC
 6.2      47 ..      57   UGAAUUGACAGCCAG                 UG CUCUCGU CU                 CCCCUCUGGCUGCCA
 3.9      46 ..      58   AUGAAUUGACAGCCA                GUG CUCUCGU CUC                CCCUCUGGCUGCCAA
 5.7      48 ..      59   GAAUUGACAGCCAGU                G CUCUCGUCUC C                 CCUCUGGCUGCCAAU
 5.9      46 ..      60   AUGAAUUGACAGCCA               GUG CUCUCGUCU CCC               CUCUGGCUGCCAAUU
 6.9      46 ..      61   AUGAAUUGACAGCCA              GUG CUCUCGUCUC CCC               UCUGGCUGCCAAUUC
 7.7      52 ..      62   UGACAGCCAGUGCUC                 UCG UCUCC CCU                 CUGGCUGCCAAUUCC
 8.7      52 ..      63   UGACAGCCAGUGCUC                UCG UCUCCC CUC                 UGGCUGCCAAUUCCA
 7.2      53 ..      64   GACAGCCAGUGCUCU                CG UCUCCCCU CU                 GGCUGCCAAUUCCAU
 6.7      53 ..      65   GACAGCCAGUGCUCU                C GUCUCCCCUCU G                GCUGCCAAUUCCAUA
 4.7      56 ..      66   AGCCAGUGCUCUCGU                 C UCCCCUCUG G                 CUGCCAAUUCCAUAG
 1.9      57 ..      67   GCCAGUGCUCUCGUC                 UCC CCUCU GGC                 UGCCAAUUCCAUAGG
 3.4      58 ..      68   CCAGUGCUCUCGUCU                 CCCC UCU GGCU                 GCCAAUUCCAUAGGU
 2.1      56 ..      69   AGCCAGUGCUCUCGU               CUCCC CUCU GGCUG                CCAAUUCCAUAGGUC
 5.6      55 ..      70   CAGCCAGUGCUCUCG              UCUCCC CUCU GGCUGC               CAAUUCCAUAGGUCA
 3.3      54 ..      71   ACAGCCAGUGCUCUC             GUCUCCC CUCU GGCUGCC              AAUUCCAUAGGUCAC
 6.8      53 ..      72   GACAGCCAGUGCUCU            CGUCUCCC CUCU GGCUGCCA             AUUCCAUAGGUCACA
 3.4      63 ..      73   GCUCUCGUCUCCCCU                 CUGG CUG CCAA                 UUCCAUAGGUCACAG
 6.9      62 ..      74   UGCUCUCGUCUCCCC                UCUGG CUG CCAAU                UCCAUAGGUCACAGG
None      65 ..      75   UCUCGUCUCCCCUCU                  GGCUGCCAAUU                  CCAUAGGUCACAGGU
 4.7      66 ..      76   CUCGUCUCCCCUCUG                 G CUGCCAAUU C                 CAUAGGUCACAGGUA
 2.4      65 ..      77   UCUCGUCUCCCCUCU                GG CUGCCAAUU CC                AUAGGUCACAGGUAU
 5.9      64 ..      78   CUCUCGUCUCCCCUC               UGG CUGCCAAUU CCA               UAGGUCACAGGUAUG
None      69 ..      79   GUCUCCCCUCUGGCU                  GCCAAUUCCAU                  AGGUCACAGGUAUGU
None      70 ..      80   UCUCCCCUCUGGCUG                  CCAAUUCCAUA                  GGUCACAGGUAUGUU
 4.7      71 ..      81   CUCCCCUCUGGCUGC                 C AAUUCCAUA G                 GUCACAGGUAUGUUC
 2.4      70 ..      82   UCUCCCCUCUGGCUG                CC AAUUCCAUA GG                UCACAGGUAUGUUCG
 5.9      69 ..      83   GUCUCCCCUCUGGCU               GCC AAUUCCAUA GGU               CACAGGUAUGUUCGC
 3.4      74 ..      84   CCCUCUGGCUGCCAA                 UUCC AUA GGUC                 ACAGGUAUGUUCGCC
 6.9      73 ..      85   CCCCUCUGGCUGCCA                AUUCC AUA GGUCA                CAGGUAUGUUCGCCU
None      76 ..      86   CUCUGGCUGCCAAUU                  CCAUAGGUCAC                  AGGUAUGUUCGCCUC
None      77 ..      87   UCUGGCUGCCAAUUC                  CAUAGGUCACA                  GGUAUGUUCGCCUCA
 5.7      77 ..      88   UCUGGCUGCCAAUUC                C AUAGGUCACA G                 GUAUGUUCGCCUCAA
 3.4      76 ..      89   CUCUGGCUGCCAAUU               CC AUAGGUCACA GG                UAUGUUCGCCUCAAU
 6.9      75 ..      90   CCUCUGGCUGCCAAU              UCC AUAGGUCACA GGU               AUGUUCGCCUCAAUG
None      81 ..      91   GCUGCCAAUUCCAUA                  GGUCACAGGUA                  UGUUCGCCUCAAUGC
None      82 ..      92   CUGCCAAUUCCAUAG                  GUCACAGGUAU                  GUUCGCCUCAAUGCC
None      83 ..      93   UGCCAAUUCCAUAGG                  UCACAGGUAUG                  UUCGCCUCAAUGCCA
 7.2      83 ..      94   UGCCAAUUCCAUAGG                UC ACAGGUAU GU                 UCGCCUCAAUGCCAG
 8.7      84 ..      95   GCCAAUUCCAUAGGU                CAC AGGUAU GUU                 CGCCUCAAUGCCAGx
 8.4      81 ..      96   GCUGCCAAUUCCAUA              GGUC ACAGGUAU GUUC               GCCUCAAUGCCAGxx
 5.7      86 ..      97   CAAUUCCAUAGGUCA                C AGGUAUGUUC G                 CCUCAAUGCCAGxxx
 4.7      88 ..      98   AUUCCAUAGGUCACA                 G GUAUGUUCG C                 CUCAAUGCCAGxxxx
 1.4      88 ..      99   AUUCCAUAGGUCACA                GG UAUGUUCG CC                 UCAAUGCCAGxxxxx
 4.9      87 ..     100   AAUUCCAUAGGUCAC               AGG UAUGUUCG CCU                CAAUGCCAGxxxxxx
 6.7      89 ..     101   UUCCAUAGGUCACAG                G UAUGUUCGCCU C                AAUGCCAGxxxxxxx
 6.2      92 ..     102   CAUAGGUCACAGGUA                 UG UUCGCCU CA                 AUGCCAGxxxxxxxx
None      93 ..     103   AUAGGUCACAGGUAU                  GUUCGCCUCAA                  UGCCAGxxxxxxxxx
None      94 ..     104   UAGGUCACAGGUAUG                  UUCGCCUCAAU                  GCCAGxxxxxxxxxx
None      95 ..     105   AGGUCACAGGUAUGU                  UCGCCUCAAUG                  CCAGxxxxxxxxxxx
 5.4      96 ..     106   GGUCACAGGUAUGUU                CGC CUCAAU GC-                 CAGxxxxxxxxxxxx
 1.9      97 ..     107   GUCACAGGUAUGUUC                 GCC UCAAU GCC                 AGxxxxxxxxxxxxx
 5.4      96 ..     108   GGUCACAGGUAUGUU                CGCC UCAAU GCCA                Gxxxxxxxxxxxxxx
