>AF480564.1:1-75 Homo sapiens miR-92-precursor-X micro RNA, complete sequence FORWARD
   4       1 ..      11   xxxxxxxxxxxxxxx                 TC ATCCCTG GG                 TGGGGATTTGTTGCA
 6.1       2 ..      12   xxxxxxxxxxxxxxT                CATC CCTG GGT-                 GGGGATTTGTTGCAT
-2.2       2 ..      13   xxxxxxxxxxxxxxT                CATC CCTG GGTG                 GGGATTTGTTGCATT
-0.9       1 ..      14   xxxxxxxxxxxxxxx               TCATC CCTG GGTGG                GGATTTGTTGCATTA
-3.9       5 ..      15   xxxxxxxxxxxTCAT                 CCC TGGGT GGG                 GATTTGTTGCATTAC
-3.6       5 ..      16   xxxxxxxxxxxTCAT                CCCT GGGT GGGG                 ATTTGTTGCATTACT
-4.5       4 ..      17   xxxxxxxxxxxxTCA               TCCCT GGGT GGGGA                TTTGTTGCATTACTT
-5.4       3 ..      18   xxxxxxxxxxxxxTC              ATCCCT GGGT GGGGAT               TTGTTGCATTACTTG
-1.9       2 ..      19   xxxxxxxxxxxxxxT             CATCCCT GGGT GGGGATT              TGTTGCATTACTTGT
 1.6       1 ..      20   xxxxxxxxxxxxxxx            TCATCCCT GGGT GGGGATTT             GTTGCATTACTTGTG
 4.3       2 ..      21   xxxxxxxxxxxxxxT           C--ATCCCT GGGT GGGGATTTG            TTGCATTACTTGTGT
 7.2      11 ..      22   xxxxxTCATCCCTGG                GTGG GGAT TTGT                 TGCATTACTTGTGTT
 7.6      13 ..      23   xxxTCATCCCTGGGT                 GG GGATTTG TT                 GCATTACTTGTGTTC
 8.9      12 ..      24   xxxxTCATCCCTGGG                TGG GGATTTG TTG                CATTACTTGTGTTCT
 3.3      15 ..      25   xTCATCCCTGGGTGG                 GGA TTTGT TGC                 ATTACTTGTGTTCTA
 5.8      12 ..      26   xxxxTCATCCCTGGG               TG GGGATTTGTTG CA               TTACTTGTGTTCTAT
 3.2      17 ..      27   CATCCCTGGGTGGGG                 AT TTGTTGC AT                 TACTTGTGTTCTATA
 4.5      16 ..      28   TCATCCCTGGGTGGG                GAT TTGTTGC ATT                ACTTGTGTTCTATAT
   4      19 ..      29   TCCCTGGGTGGGGAT                 TTGT TGC ATTA                 CTTGTGTTCTATATA
 5.7      14 ..      30   xxTCATCCCTGGGTG              GGGAT TTGTTGC ATTAC              TTGTGTTCTATATAA
 4.3      20 ..      31   CCCTGGGTGGGGATT                TGT TGCATT ACT                 TGTGTTCTATATAAA
 7.7      22 ..      32   CTGGGTGGGGATTTG                 TTG CATTA CTT                 GTGTTCTATATAAAG
 7.6      23 ..      33   TGGGTGGGGATTTGT                 TG CATTACT TG                 TGTTCTATATAAAGT
 1.1      24 ..      34   GGGTGGGGATTTGTT                 GCA TTACT TGT                 GTTCTATATAAAGTA
 1.1      25 ..      35   GGTGGGGATTTGTTG                 CAT TACTT GTG                 TTCTATATAAAGTAT
 2.4      24 ..      36   GGGTGGGGATTTGTT                GCAT TACTT GTGT                TCTATATAAAGTATT
   5      26 ..      37   GTGGGGATTTGTTGC                ATTA CTTG TGTT                 CTATATAAAGTATTG
 5.8      27 ..      38   TGGGGATTTGTTGCA                TTAC TTGT GTTC                 TATATAAAGTATTGC
 4.9      26 ..      39   GTGGGGATTTGTTGC               ATTAC TTGT GTTCT                ATATAAAGTATTGCA
 5.2      28 ..      40   GGGGATTTGTTGCAT                TA CTTGTGTTC TA                TATAAAGTATTGCAC
 5.8      30 ..      41   GGATTTGTTGCATTA                CTTG TGTT CTAT                 ATAAAGTATTGCACT
 1.8      32 ..      42   ATTTGTTGCATTACT                 TGTG TTC TATA                 TAAAGTATTGCACTT
 1.8      33 ..      43   TTTGTTGCATTACTT                 GTGT TCT ATAT                 AAAGTATTGCACTTG
 0.9      32 ..      44   ATTTGTTGCATTACT                TGTGT TCT ATATA                AAGTATTGCACTTGT
-2.384e-08      31 ..      45   GATTTGTTGCATTAC               TTGTGT TCT ATATAA               AGTATTGCACTTGTC
 3.2      36 ..      46   GTTGCATTACTTGTG                 TT CTATATA AA                 GTATTGCACTTGTCC
 3.7      30 ..      47   GGATTTGTTGCATTA             C-TTGTGT TCT ATATAAAG             TATTGCACTTGTCCC
 2.8      29 ..      48   GGGATTTGTTGCATT            AC-TTGTGT TCT ATATAAAGT            ATTGCACTTGTCCCG
 1.9      28 ..      49   GGGGATTTGTTGCAT           TAC-TTGTGT TCT ATATAAAGTA           TTGCACTTGTCCCGG
-0.4      40 ..      50   CATTACTTGTGTTCT                 ATAT AAA GTAT                 TGCACTTGTCCCGGC
 1.8      41 ..      51   ATTACTTGTGTTCTA                 TATA AAG TATT                 GCACTTGTCCCGGCC
 0.8      38 ..      52   TGCATTACTTGTGTT               CTATAT AAA GTATTG               CACTTGTCCCGGCCT
-0.1      24 ..      53   GGGTGGGGATTTGTT       GCATTAC-TTGTGT TCT ATATAAAGTATTGC       ACTTGTCCCGGCCTG
  -1      23 ..      54   TGGGTGGGGATTTGT      TGCATTAC-TTGTGT TCT ATATAAAGTATTGCA      CTTGTCCCGGCCTGT
 1.1      35 ..      55   TGTTGCATTACTTGT            GTTCTATAT AAA GTATTGCAC            TTGTCCCGGCCTGTG
-1.1      46 ..      56   TTGTGTTCTATATAA                 AGT ATTGC ACT                 TGTCCCGGCCTGTGG
  -2      45 ..      57   CTTGTGTTCTATATA                AAGT ATTGC ACTT                GTCCCGGCCTGTGGA
 1.5      44 ..      58   ACTTGTGTTCTATAT               AAAGT ATTGC ACTTG               TCCCGGCCTGTGGAA
 3.1      44 ..      59   ACTTGTGTTCTATAT              A-AAGT ATTGC ACTTGT              CCCGGCCTGTGGAAG
 6.6      43 ..      60   TACTTGTGTTCTATA             TA-AAGT ATTGC ACTTGTC             CCGGCCTGTGGAAGA
 5.5      15 ..      61   xTCATCCCTGGGTGG GGATTTGTTGCATTAC-TTGTGT TCT ATATAAAGTATTGCA-CTTGTCC CGGCCTGTGGAAGAx
 3.2      14 ..      62   xxTCATCCCTGGGTG GGGATTTGTTGCATTAC-TTGTGT TCT ATATAAAGTATTGCA-CTTGTCCC GGCCTGTGGAAGAxx
 4.7      53 ..      63   CTATATAAAGTATTG                 C ACTTGTCCC G                 GCCTGTGGAAGAxxx
 5.7      53 ..      64   CTATATAAAGTATTG                C ACTTGTCCCG G                 CCTGTGGAAGAxxxx
 3.4      52 ..      65   TCTATATAAAGTATT               GC ACTTGTCCCG GC                CTGTGGAAGAxxxxx
 3.4      10 ..      66   xxxxxxTCATCCCTG GGTGGGGATTTGTTGCATTAC-TTGTGT TCT ATATAAAGTATTGCA-CTTGTCCCGGCC TGTGGAAGAxxxxxx
 3.4      57 ..      67   ATAAAGTATTGCACT                 TGTC CCG GCCT                 GTGGAAGAxxxxxxx
 4.7      56 ..      68   TATAAAGTATTGCAC                TTGTC CCG GCCTG                TGGAAGAxxxxxxxx
 4.8      54 ..      69   TATATAAAGTATTGC              ACTTGT CCCG GCCTGT               GGAAGAxxxxxxxxx
 1.2      60 ..      70   AAGTATTGCACTTGT                 CCCG GCC TGTG                 GAAGAxxxxxxxxxx
-0.3      61 ..      71   AGTATTGCACTTGTC                 CCG GCCTG TGG                 AAGAxxxxxxxxxxx
 0.5      59 ..      72   AAAGTATTGCACTTG               TCC-CG GCC TGTGGA               AGAxxxxxxxxxxxx
 2.3      59 ..      73   AAAGTATTGCACTTG               TCCCG GCCTG TGGAA               GAxxxxxxxxxxxxx
 1.1      62 ..      74   GTATTGCACTTGTCC                CGGCC TGT GGAAG                Axxxxxxxxxxxxxx
