>URS00003735F0 pre_miRNA from 21 species FORWARD
 7.7       1 ..      11   xxxxxxxxxxxxxxx                 GAC CAGUC GCU                 GCGGGGCUUUCCUUU
None       2 ..      12   xxxxxxxxxxxxxxG                  ACCAGUCGCUG                  CGGGGCUUUCCUUUG
 3.4       3 ..      13   xxxxxxxxxxxxxGA                 CCAG UCG CUGC                 GGGGCUUUCCUUUGU
 3.6       3 ..      14   xxxxxxxxxxxxxGA                C-CAG UCG CUGCG                GGGCUUUCCUUUGUG
 2.4       3 ..      15   xxxxxxxxxxxxxGA                CC AGUCGCUGC GG                GGCUUUCCUUUGUGC
 0.6       3 ..      16   xxxxxxxxxxxxxGA               CCAG UCGCUG CGGG                GCUUUCCUUUGUGCU
 3.4       7 ..      17   xxxxxxxxxGACCAG                 UCGC UGC GGGG                 CUUUCCUUUGUGCUU
 1.1       6 ..      18   xxxxxxxxxxGACCA                GUCGC UGC GGGGC                UUUCCUUUGUGCUUG
 2.9       8 ..      19   xxxxxxxxGACCAGU                CGC UGCGGG GCU                 UUCCUUUGUGCUUGA
 3.4      10 ..      20   xxxxxxGACCAGUCG                 CUGC GGG GCUU                 UCCUUUGUGCUUGAU
 6.9       9 ..      21   xxxxxxxGACCAGUC                GCUGC GGG GCUUU                CCUUUGUGCUUGAUC
 4.7      12 ..      22   xxxxGACCAGUCGCU                 G CGGGGCUUU C                 CUUUGUGCUUGAUCU
 5.4      13 ..      23   xxxGACCAGUCGCUG                CGG GGCUUU CC-                 UUUGUGCUUGAUCUA
 1.9      14 ..      24   xxGACCAGUCGCUGC                 GGG GCUUU CCU                 UUGUGCUUGAUCUAA
 4.4      14 ..      25   xxGACCAGUCGCUGC                GGGG CUUU CCUU                 UGUGCUUGAUCUAAC
 7.9      13 ..      26   xxxGACCAGUCGCUG               CGGGG CUUU CCUUU                GUGCUUGAUCUAACC
 7.6      10 ..      27   xxxxxxGACCAGUCG             CUGCGG GGCUUU CCUUUG              UGCUUGAUCUAACCA
 7.2      17 ..      28   ACCAGUCGCUGCGGG                GC UUUCCUUU GU                 GCUUGAUCUAACCAU
 5.7      18 ..      29   CCAGUCGCUGCGGGG                C UUUCCUUUGU G                 CUUGAUCUAACCAUG
 3.4      17 ..      30   ACCAGUCGCUGCGGG               GC UUUCCUUUGU GC                UUGAUCUAACCAUGU
 6.9      16 ..      31   GACCAGUCGCUGCGG              GGC UUUCCUUUGU GCU               UGAUCUAACCAUGUG
None      22 ..      32   UCGCUGCGGGGCUUU                  CCUUUGUGCUU                  GAUCUAACCAUGUGG
 4.7      23 ..      33   CGCUGCGGGGCUUUC                 C UUUGUGCUU G                 AUCUAACCAUGUGGU
 8.2      22 ..      34   UCGCUGCGGGGCUUU                CC UUUGUGCUU GA                UCUAACCAUGUGGUG
None      25 ..      35   CUGCGGGGCUUUCCU                  UUGUGCUUGAU                  CUAACCAUGUGGUGG
None      26 ..      36   UGCGGGGCUUUCCUU                  UGUGCUUGAUC                  UAACCAUGUGGUGGA
 7.2      26 ..      37   UGCGGGGCUUUCCUU                UG UGCUUGAU CU                 AACCAUGUGGUGGAA
 8.7      27 ..      38   GCGGGGCUUUCCUUU                GUG CUUGAU CUA                 ACCAUGUGGUGGAAC
None      29 ..      39   GGGGCUUUCCUUUGU                  GCUUGAUCUAA                  CCAUGUGGUGGAACG
 5.7      29 ..      40   GGGGCUUUCCUUUGU                G CUUGAUCUAA C                 CAUGUGGUGGAACGA
 6.7      29 ..      41   GGGGCUUUCCUUUGU                G CUUGAUCUAAC C                AUGUGGUGGAACGAU
 6.2      32 ..      42   GCUUUCCUUUGUGCU                 UG AUCUAAC CA                 UGUGGUGGAACGAUG
None      33 ..      43   CUUUCCUUUGUGCUU                  GAUCUAACCAU                  GUGGUGGAACGAUGG
 7.4      30 ..      44   GGGCUUUCCUUUGUG               CUUG AUCUAAC CAUG               UGGUGGAACGAUGGA
 6.2      35 ..      45   UUCCUUUGUGCUUGA                 UC UAACCAU GU                 GGUGGAACGAUGGAA
 4.7      36 ..      46   UCCUUUGUGCUUGAU                 C UAACCAUGU G                 GUGGAACGAUGGAAA
 5.7      36 ..      47   UCCUUUGUGCUUGAU                C UAACCAUGUG G                 UGGAACGAUGGAAAC
 6.9      38 ..      48   CUUUGUGCUUGAUCU                AACC AUGU GGU-                 GGAACGAUGGAAACG
 4.4      38 ..      49   CUUUGUGCUUGAUCU                AACC AUGU GGUG                 GAACGAUGGAAACGG
 0.4      40 ..      50   UUGUGCUUGAUCUAA                 CC AUGUGGU GG                 AACGAUGGAAACGGA
 3.9      39 ..      51   UUUGUGCUUGAUCUA                ACC AUGUGGU GGA                ACGAUGGAAACGGAA
 7.4      38 ..      52   CUUUGUGCUUGAUCU               AACC AUGUGGU GGAA               CGAUGGAAACGGAAC
None      43 ..      53   UGCUUGAUCUAACCA                  UGUGGUGGAAC                  GAUGGAAACGGAACA
 7.2      43 ..      54   UGCUUGAUCUAACCA                UG UGGUGGAA CG                 AUGGAAACGGAACAU
 7.7      45 ..      55   CUUGAUCUAACCAUG                 UGG UGGAA CGA                 UGGAAACGGAACAUG
None      46 ..      56   UUGAUCUAACCAUGU                  GGUGGAACGAU                  GGAAACGGAACAUGG
None      47 ..      57   UGAUCUAACCAUGUG                  GUGGAACGAUG                  GAAACGGAACAUGGU
None      48 ..      58   GAUCUAACCAUGUGG                  UGGAACGAUGG                  AAACGGAACAUGGUU
None      49 ..      59   AUCUAACCAUGUGGU                  GGAACGAUGGA                  AACGGAACAUGGUUC
None      50 ..      60   UCUAACCAUGUGGUG                  GAACGAUGGAA                  ACGGAACAUGGUUCU
None      51 ..      61   CUAACCAUGUGGUGG                  AACGAUGGAAA                  CGGAACAUGGUUCUG
 6.7      50 ..      62   UCUAACCAUGUGGUG                G AACGAUGGAAA C                GGAACAUGGUUCUGU
 0.4      53 ..      63   AACCAUGUGGUGGAA                 CG AUGGAAA CG                 GAACAUGGUUCUGUC
 3.9      52 ..      64   UAACCAUGUGGUGGA                ACG AUGGAAA CGG                AACAUGGUUCUGUCA
 7.4      51 ..      65   CUAACCAUGUGGUGG               AACG AUGGAAA CGGA               ACAUGGUUCUGUCAA
None      56 ..      66   CAUGUGGUGGAACGA                  UGGAAACGGAA                  CAUGGUUCUGUCAAG
 4.7      57 ..      67   AUGUGGUGGAACGAU                 G GAAACGGAA C                 AUGGUUCUGUCAAGC
 7.2      57 ..      68   AUGUGGUGGAACGAU                GG AAACGGAA CA                 UGGUUCUGUCAAGCA
None      59 ..      69   GUGGUGGAACGAUGG                  AAACGGAACAU                  GGUUCUGUCAAGCAC
None      60 ..      70   UGGUGGAACGAUGGA                  AACGGAACAUG                  GUUCUGUCAAGCACC
 6.2      61 ..      71   GGUGGAACGAUGGAA                 AC GGAACAU GG                 UUCUGUCAAGCACCG
 7.2      61 ..      72   GGUGGAACGAUGGAA                AC GGAACAUG GU                 UCUGUCAAGCACCGC
None      63 ..      73   UGGAACGAUGGAAAC                  GGAACAUGGUU                  CUGUCAAGCACCGCG
 3.4      64 ..      74   GGAACGAUGGAAACG                 GAAC AUG GUUC                 UGUCAAGCACCGCGG
 6.9      63 ..      75   UGGAACGAUGGAAAC                GGAAC AUG GUUCU                GUCAAGCACCGCGGA
 4.6      62 ..      76   GUGGAACGAUGGAAA               CGGAAC AUG GUUCUG               UCAAGCACCGCGGAA
 7.2      66 ..      77   AACGAUGGAAACGGA                AC AUGGUUCU GU                 CAAGCACCGCGGAAA
 8.7      64 ..      78   GGAACGAUGGAAACG               G AACAUGGUUCUGU C               AAGCACCGCGGAAAG
 6.2      69 ..      79   GAUGGAAACGGAACA                 UG GUUCUGU CA                 AGCACCGCGGAAAGC
 8.7      69 ..      80   GAUGGAAACGGAACA                UGG UUCUGU CAA                 GCACCGCGGAAAGCA
 7.4      67 ..      81   ACGAUGGAAACGGAA               CAUG GUUCUGU CAAG               CACCGCGGAAAGCAC
 5.7      71 ..      82   UGGAAACGGAACAUG                G UUCUGUCAAG C                 ACCGCGGAAAGCACC
 8.7      72 ..      83   GGAAACGGAACAUGG                UUC UGUCAA GCA                 CCGCGGAAAGCACCG
 6.4      71 ..      84   UGGAAACGGAACAUG               GUUC UGUCAA GCAC                CGCGGAAAGCACCGU
 4.1      70 ..      85   AUGGAAACGGAACAU              GGUUC UGUCAA GCACC               GCGGAAAGCACCGUG
 3.9      74 ..      86   AAACGGAACAUGGUU                CUG UCAAGCA CCG                CGGAAAGCACCGUGC
 5.7      76 ..      87   ACGGAACAUGGUUCU                G UCAAGCACCG C                 GGAAAGCACCGUGCU
 3.4      78 ..      88   GGAACAUGGUUCUGU                 CAAG CAC CGCG                 GAAAGCACCGUGCUC
 3.4      79 ..      89   GAACAUGGUUCUGUC                 AAGC ACC GCGG                 AAAGCACCGUGCUCU
 6.9      78 ..      90   GGAACAUGGUUCUGU                CAAGC ACC GCGGA                AAGCACCGUGCUCUC
 8.7      80 ..      91   AACAUGGUUCUGUCA                AGC ACCGCG GAA                 AGCACCGUGCUCUCC
None      82 ..      92   CAUGGUUCUGUCAAG                  CACCGCGGAAA                  GCACCGUGCUCUCCU
 5.7      82 ..      93   CAUGGUUCUGUCAAG                C ACCGCGGAAA G                 CACCGUGCUCUCCUG
 3.4      81 ..      94   ACAUGGUUCUGUCAA               GC ACCGCGGAAA GC                ACCGUGCUCUCCUGC
 1.9      85 ..      95   GGUUCUGUCAAGCAC                 CGC GGAAA GCA                 CCGUGCUCUCCUGCA
 1.9      86 ..      96   GUUCUGUCAAGCACC                 GCG GAAAG CAC                 CGUGCUCUCCUGCAx
 4.4      86 ..      97   GUUCUGUCAAGCACC                GCGG AAAG CACC                 GUGCUCUCCUGCAxx
-2.9      87 ..      98   UUCUGUCAAGCACCG                CGG AAAGCA CCG                 UGCUCUCCUGCAxxx
 0.6      86 ..      99   GUUCUGUCAAGCACC               GCGG AAAGCA CCGU                GCUCUCCUGCAxxxx
-1.7      85 ..     100   GGUUCUGUCAAGCAC              CGCGG AAAGCA CCGUG               CUCUCCUGCAxxxxx
 1.8      84 ..     101   UGGUUCUGUCAAGCA             CCGCGG AAAGCA CCGUGC              UCUCCUGCAxxxxxx
 1.9      92 ..     102   UCAAGCACCGCGGAA                 AGC ACCGU GCU                 CUCCUGCAxxxxxxx
 3.4      93 ..     103   CAAGCACCGCGGAAA                 GCAC CGU GCUC                 UCCUGCAxxxxxxxx
 6.9      92 ..     104   UCAAGCACCGCGGAA                AGCAC CGU GCUCU                CCUGCAxxxxxxxxx
 6.6      89 ..     105   CUGUCAAGCACCGCG              GAAAGC ACCGU GCUCUC              CUGCAxxxxxxxxxx
 4.3      88 ..     106   UCUGUCAAGCACCGC             GGAAAGC ACCGU GCUCUCC             UGCAxxxxxxxxxxx
 6.2      97 ..     107   CACCGCGGAAAGCAC                 CG UGCUCUC CU                 GCAxxxxxxxxxxxx
 3.9      96 ..     108   GCACCGCGGAAAGCA                CCG UGCUCUC CUG                CAxxxxxxxxxxxxx
 5.4      99 ..     109   CCGCGGAAAGCACCG                UGC UCUCCU GC-                 Axxxxxxxxxxxxxx
