>URS000075CE1D pre_miRNA from 8 species FORWARD
 6.2       1 ..      11   xxxxxxxxxxxxxxx                 GG AUGGGAG CU                 GAGGGCUGGGUCUUU
None       2 ..      12   xxxxxxxxxxxxxxG                  GAUGGGAGCUG                  AGGGCUGGGUCUUUG
None       3 ..      13   xxxxxxxxxxxxxGG                  AUGGGAGCUGA                  GGGCUGGGUCUUUGC
None       4 ..      14   xxxxxxxxxxxxGGA                  UGGGAGCUGAG                  GGCUGGGUCUUUGCG
None       5 ..      15   xxxxxxxxxxxGGAU                  GGGAGCUGAGG                  GCUGGGUCUUUGCGG
None       6 ..      16   xxxxxxxxxxGGAUG                  GGAGCUGAGGG                  CUGGGUCUUUGCGGG
 3.4       7 ..      17   xxxxxxxxxGGAUGG                 GAGC UGA GGGC                 UGGGUCUUUGCGGGC
 1.9       8 ..      18   xxxxxxxxGGAUGGG                 AGC UGAGG GCU                 GGGUCUUUGCGGGCG
 5.4       7 ..      19   xxxxxxxxxGGAUGG                GAGC UGAGG GCUG                GGUCUUUGCGGGCGA
 4.4       9 ..      20   xxxxxxxGGAUGGGA                GCUG AGGG CUGG                 GUCUUUGCGGGCGAG
 5.7      10 ..      21   xxxxxxGGAUGGGAG                C UGAGGGCUGG G                 UCUUUGCGGGCGAGA
None      12 ..      22   xxxxGGAUGGGAGCU                  GAGGGCUGGGU                  CUUUGCGGGCGAGAU
 5.7      12 ..      23   xxxxGGAUGGGAGCU                G AGGGCUGGGU C                 UUUGCGGGCGAGAUG
 3.4      14 ..      24   xxGGAUGGGAGCUGA                 GGGC UGG GUCU                 UUGCGGGCGAGAUGA
 6.9      13 ..      25   xxxGGAUGGGAGCUG                AGGGC UGG GUCUU                UGCGGGCGAGAUGAG
None      16 ..      26   GGAUGGGAGCUGAGG                  GCUGGGUCUUU                  GCGGGCGAGAUGAGG
 4.7      17 ..      27   GAUGGGAGCUGAGGG                 C UGGGUCUUU G                 CGGGCGAGAUGAGGG
 2.4      16 ..      28   GGAUGGGAGCUGAGG                GC UGGGUCUUU GC                GGGCGAGAUGAGGGU
 5.9      15 ..      29   xGGAUGGGAGCUGAG               GGC UGGGUCUUU GCG               GGCGAGAUGAGGGUG
 4.9      17 ..      30   GAUGGGAGCUGAGGG               CUG GGUCUUUG CGG                GCGAGAUGAGGGUGU
 7.4      17 ..      31   GAUGGGAGCUGAGGG               CUGG GUCUUUG CGGG               CGAGAUGAGGGUGUC
 2.9      21 ..      32   GGAGCUGAGGGCUGG                GUC UUUGCG GGC                 GAGAUGAGGGUGUCG
 4.7      23 ..      33   AGCUGAGGGCUGGGU                 C UUUGCGGGC G                 AGAUGAGGGUGUCGG
 8.2      22 ..      34   GAGCUGAGGGCUGGG                UC UUUGCGGGC GA                GAUGAGGGUGUCGGA
 6.7      23 ..      35   AGCUGAGGGCUGGGU                C UUUGCGGGCGA G                AUGAGGGUGUCGGAU
None      26 ..      36   UGAGGGCUGGGUCUU                  UGCGGGCGAGA                  UGAGGGUGUCGGAUC
 8.7      26 ..      37   UGAGGGCUGGGUCUU                UGC GGGCGA GAU                 GAGGGUGUCGGAUCA
 4.7      28 ..      38   AGGGCUGGGUCUUUG                 C GGGCGAGAU G                 AGGGUGUCGGAUCAA
 8.2      27 ..      39   GAGGGCUGGGUCUUU                GC GGGCGAGAU GA                GGGUGUCGGAUCAAC
 6.7      28 ..      40   AGGGCUGGGUCUUUG                C GGGCGAGAUGA G                GGUGUCGGAUCAACU
 6.2      31 ..      41   GCUGGGUCUUUGCGG                 GC GAGAUGA GG                 GUGUCGGAUCAACUG
 4.7      32 ..      42   CUGGGUCUUUGCGGG                 C GAGAUGAGG G                 UGUCGGAUCAACUGG
 8.2      31 ..      43   GCUGGGUCUUUGCGG                GC GAGAUGAGG GU                GUCGGAUCAACUGGC
 6.7      32 ..      44   CUGGGUCUUUGCGGG                C GAGAUGAGGGU G                UCGGAUCAACUGGCC
None      35 ..      45   GGUCUUUGCGGGCGA                  GAUGAGGGUGU                  CGGAUCAACUGGCCU
 5.7      35 ..      46   GGUCUUUGCGGGCGA                G AUGAGGGUGU C                 GGAUCAACUGGCCUA
 5.4      32 ..      47   CUGGGUCUUUGCGGG              CG AGAUGAGGGUGU CG               GAUCAACUGGCCUAC
 7.7      38 ..      48   CUUUGCGGGCGAGAU                 GAG GGUGU CGG                 AUCAACUGGCCUACA
None      39 ..      49   UUUGCGGGCGAGAUG                  AGGGUGUCGGA                  UCAACUGGCCUACAA
None      40 ..      50   UUGCGGGCGAGAUGA                  GGGUGUCGGAU                  CAACUGGCCUACAAA
 4.7      41 ..      51   UGCGGGCGAGAUGAG                 G GUGUCGGAU C                 AACUGGCCUACAAAG
 7.2      41 ..      52   UGCGGGCGAGAUGAG                GG UGUCGGAU CA                 ACUGGCCUACAAAGU
 8.7      42 ..      53   GCGGGCGAGAUGAGG                GUG UCGGAU CAA                 CUGGCCUACAAAGUC
 3.4      44 ..      54   GGGCGAGAUGAGGGU                 GUCG GAU CAAC                 UGGCCUACAAAGUCC
 6.9      43 ..      55   CGGGCGAGAUGAGGG                UGUCG GAU CAACU                GGCCUACAAAGUCCC
 1.9      46 ..      56   GCGAGAUGAGGGUGU                 CGG AUCAA CUG                 GCCUACAAAGUCCCA
 5.4      45 ..      57   GGCGAGAUGAGGGUG                UCGG AUCAA CUGG                CCUACAAAGUCCCAG
 3.1      44 ..      58   GGGCGAGAUGAGGGU               GUCGG AUCAA CUGGC               CUACAAAGUCCCAGU
 2.4      47 ..      59   CGAGAUGAGGGUGUC                GG AUCAACUGG CC                UACAAAGUCCCAGUC
 5.9      46 ..      60   GCGAGAUGAGGGUGU               CGG AUCAACUGG CCU               ACAAAGUCCCAGUCC
None      51 ..      61   AUGAGGGUGUCGGAU                  CAACUGGCCUA                  CAAAGUCCCAGUCCU
 7.1      44 ..      62   GGGCGAGAUGAGGGU             GUCGG AUCAACUGG CCUAC             AAAGUCCCAGUCCUC
None      53 ..      63   GAGGGUGUCGGAUCA                  ACUGGCCUACA                  AAGUCCCAGUCCUCG
 7.7      54 ..      64   AGGGUGUCGGAUCAA                 CUG GCCUA CAA                 AGUCCCAGUCCUCGG
None      55 ..      65   GGGUGUCGGAUCAAC                  UGGCCUACAAA                  GUCCCAGUCCUCGGC
 6.7      54 ..      66   AGGGUGUCGGAUCAA                C UGGCCUACAAA G                UCCCAGUCCUCGGCC
 6.2      57 ..      67   GUGUCGGAUCAACUG                 GC CUACAAA GU                 CCCAGUCCUCGGCCC
 2.9      57 ..      68   GUGUCGGAUCAACUG                GCC UACAAA GUC                 CCAGUCCUCGGCCCC
 0.6      56 ..      69   GGUGUCGGAUCAACU               GGCC UACAAA GUCC                CAGUCCUCGGCCCCC
 4.1      55 ..      70   GGGUGUCGGAUCAAC              UGGCC UACAAA GUCCC               AGUCCUCGGCCCCCG
 7.6      54 ..      71   AGGGUGUCGGAUCAA             CUGGCC UACAAA GUCCCA              GUCCUCGGCCCCCGx
 4.7      62 ..      72   GGAUCAACUGGCCUA                 C AAAGUCCCA G                 UCCUCGGCCCCCGxx
 8.2      61 ..      73   CGGAUCAACUGGCCU                AC AAAGUCCCA GU                CCUCGGCCCCCGxxx
 8.9      57 ..      74   GUGUCGGAUCAACUG             GCC UACAAAGUCCCA GUC              CUCGGCCCCCGxxxx
 3.4      65 ..      75   UCAACUGGCCUACAA                 AGUC CCA GUCC                 UCGGCCCCCGxxxxx
 6.9      64 ..      76   AUCAACUGGCCUACA                AAGUC CCA GUCCU                CGGCCCCCGxxxxxx
 5.7      66 ..      77   CAACUGGCCUACAAA                G UCCCAGUCCU C                 GGCCCCCGxxxxxxx
 4.7      68 ..      78   ACUGGCCUACAAAGU                 C CCAGUCCUC G                 GCCCCCGxxxxxxxx
 0.4      69 ..      79   CUGGCCUACAAAGUC                 CC AGUCCUC GG                 CCCCCGxxxxxxxxx
 3.9      68 ..      80   ACUGGCCUACAAAGU                CCC AGUCCUC GGC                CCCCGxxxxxxxxxx
 2.6      66 ..      81   CAACUGGCCUACAAA              GUCC CAGUCCUC GGCC               CCCGxxxxxxxxxxx
 3.4      72 ..      82   GCCUACAAAGUCCCA                 GUCC UCG GCCC                 CCGxxxxxxxxxxxx
 5.7      72 ..      83   GCCUACAAAGUCCCA                G UCCUCGGCCC C                 CGxxxxxxxxxxxxx
 6.7      72 ..      84   GCCUACAAAGUCCCA                G UCCUCGGCCCC C                Gxxxxxxxxxxxxxx
