>URS0000D565C6 pre_miRNA from 1 species FORWARD
None       1 ..      11   xxxxxxxxxxxxxxx                  CUUUGGUGAUU                  CAGUUUUAAUGAUUG
None       2 ..      12   xxxxxxxxxxxxxxC                  UUUGGUGAUUC                  AGUUUUAAUGAUUGA
None       3 ..      13   xxxxxxxxxxxxxCU                  UUGGUGAUUCA                  GUUUUAAUGAUUGAC
 7.7       1 ..      14   xxxxxxxxxxxxxxx               C UUUGGUGAUUCA G                UUUUAAUGAUUGACG
None       5 ..      15   xxxxxxxxxxxCUUU                  GGUGAUUCAGU                  UUUAAUGAUUGACGA
None       6 ..      16   xxxxxxxxxxCUUUG                  GUGAUUCAGUU                  UUAAUGAUUGACGAU
None       7 ..      17   xxxxxxxxxCUUUGG                  UGAUUCAGUUU                  UAAUGAUUGACGAUU
None       8 ..      18   xxxxxxxxCUUUGGU                  GAUUCAGUUUU                  AAUGAUUGACGAUUC
None       9 ..      19   xxxxxxxCUUUGGUG                  AUUCAGUUUUA                  AUGAUUGACGAUUCA
None      10 ..      20   xxxxxxCUUUGGUGA                  UUCAGUUUUAA                  UGAUUGACGAUUCAA
None      11 ..      21   xxxxxCUUUGGUGAU                  UCAGUUUUAAU                  GAUUGACGAUUCAAC
 4.7      12 ..      22   xxxxCUUUGGUGAUU                 C AGUUUUAAU G                 AUUGACGAUUCAACG
 8.2      11 ..      23   xxxxxCUUUGGUGAU                UC AGUUUUAAU GA                UUGACGAUUCAACGU
None      14 ..      24   xxCUUUGGUGAUUCA                  GUUUUAAUGAU                  UGACGAUUCAACGUU
None      15 ..      25   xCUUUGGUGAUUCAG                  UUUUAAUGAUU                  GACGAUUCAACGUUU
 8.7      12 ..      26   xxxxCUUUGGUGAUU               C AGUUUUAAUGAUU G               ACGAUUCAACGUUUU
None      17 ..      27   UUUGGUGAUUCAGUU                  UUAAUGAUUGA                  CGAUUCAACGUUUUC
 8.7      14 ..      28   xxCUUUGGUGAUUCA               G UUUUAAUGAUUGA C               GAUUCAACGUUUUCU
None      19 ..      29   UGGUGAUUCAGUUUU                  AAUGAUUGACG                  AUUCAACGUUUUCUU
 7.7      20 ..      30   GGUGAUUCAGUUUUA                 AUG AUUGA CGA                 UUCAACGUUUUCUUC
None      21 ..      31   GUGAUUCAGUUUUAA                  UGAUUGACGAU                  UCAACGUUUUCUUCA
None      22 ..      32   UGAUUCAGUUUUAAU                  GAUUGACGAUU                  CAACGUUUUCUUCAU
 5.7      22 ..      33   UGAUUCAGUUUUAAU                G AUUGACGAUU C                 AACGUUUUCUUCAUA
None      24 ..      34   AUUCAGUUUUAAUGA                  UUGACGAUUCA                  ACGUUUUCUUCAUAA
 8.7      24 ..      35   AUUCAGUUUUAAUGA                UUG ACGAUU CAA                 CGUUUUCUUCAUAAA
 3.4      26 ..      36   UCAGUUUUAAUGAUU                 GACG AUU CAAC                 GUUUUCUUCAUAAAG
 5.4      27 ..      37   CAGUUUUAAUGAUUG                ACG AUUCAA CG-                 UUUUCUUCAUAAAGC
 2.9      27 ..      38   CAGUUUUAAUGAUUG                ACG AUUCAA CGU                 UUUCUUCAUAAAGCU
 6.4      26 ..      39   UCAGUUUUAAUGAUU               GACG AUUCAA CGUU                UUCUUCAUAAAGCUA
None      30 ..      40   UUUUAAUGAUUGACG                  AUUCAACGUUU                  UCUUCAUAAAGCUAG
None      31 ..      41   UUUAAUGAUUGACGA                  UUCAACGUUUU                  CUUCAUAAAGCUAGG
 7.7      29 ..      42   GUUUUAAUGAUUGAC               G AUUCAACGUUUU C                UUCAUAAAGCUAGGU
None      33 ..      43   UAAUGAUUGACGAUU                  CAACGUUUUCU                  UCAUAAAGCUAGGUU
None      34 ..      44   AAUGAUUGACGAUUC                  AACGUUUUCUU                  CAUAAAGCUAGGUUA
None      35 ..      45   AUGAUUGACGAUUCA                  ACGUUUUCUUC                  AUAAAGCUAGGUUAC
 6.2      36 ..      46   UGAUUGACGAUUCAA                 CG UUUUCUU CA                 UAAAGCUAGGUUACC
None      37 ..      47   GAUUGACGAUUCAAC                  GUUUUCUUCAU                  AAAGCUAGGUUACCA
None      38 ..      48   AUUGACGAUUCAACG                  UUUUCUUCAUA                  AAGCUAGGUUACCAA
None      39 ..      49   UUGACGAUUCAACGU                  UUUCUUCAUAA                  AGCUAGGUUACCAAA
None      40 ..      50   UGACGAUUCAACGUU                  UUCUUCAUAAA                  GCUAGGUUACCAAAG
None      41 ..      51   GACGAUUCAACGUUU                  UCUUCAUAAAG                  CUAGGUUACCAAAGC
 7.2      41 ..      52   GACGAUUCAACGUUU                UC UUCAUAAA GC                 UAGGUUACCAAAGCU
 7.7      43 ..      53   CGAUUCAACGUUUUC                 UUC AUAAA GCU                 AGGUUACCAAAGCUx
None      44 ..      54   GAUUCAACGUUUUCU                  UCAUAAAGCUA                  GGUUACCAAAGCUxx
 4.7      45 ..      55   AUUCAACGUUUUCUU                 C AUAAAGCUA G                 GUUACCAAAGCUxxx
 5.7      45 ..      56   AUUCAACGUUUUCUU                C AUAAAGCUAG G                 UUACCAAAGCUxxxx
None      47 ..      57   UCAACGUUUUCUUCA                  UAAAGCUAGGU                  UACCAAAGCUxxxxx
None      48 ..      58   CAACGUUUUCUUCAU                  AAAGCUAGGUU                  ACCAAAGCUxxxxxx
None      49 ..      59   AACGUUUUCUUCAUA                  AAGCUAGGUUA                  CCAAAGCUxxxxxxx
None      50 ..      60   ACGUUUUCUUCAUAA                  AGCUAGGUUAC                  CAAAGCUxxxxxxxx
 4.7      51 ..      61   CGUUUUCUUCAUAAA                 G CUAGGUUAC C                 AAAGCUxxxxxxxxx
 8.2      50 ..      62   ACGUUUUCUUCAUAA                AG CUAGGUUAC CA                AAGCUxxxxxxxxxx
 3.4      53 ..      63   UUUUCUUCAUAAAGC                 UAGG UUA CCAA                 AGCUxxxxxxxxxxx
 6.9      52 ..      64   GUUUUCUUCAUAAAG                CUAGG UUA CCAAA                GCUxxxxxxxxxxxx
 7.1      52 ..      65   GUUUUCUUCAUAAAG               C-UAGG UUA CCAAAG               CUxxxxxxxxxxxxx
 4.7      56 ..      66   UCUUCAUAAAGCUAG                 G UUACCAAAG C                 Uxxxxxxxxxxxxxx
