>URS00005675D3 pre_miRNA from 16 species FORWARD
 3.4       1 ..      11   xxxxxxxxxxxxxxx                 AGGC CUC GCUG                 UUCUCUAUGGCUUUU
None       2 ..      12   xxxxxxxxxxxxxxA                  GGCCUCGCUGU                  UCUCUAUGGCUUUUU
 7.7       3 ..      13   xxxxxxxxxxxxxAG                 GCC UCGCU GUU                 CUCUAUGGCUUUUUA
 5.4       2 ..      14   xxxxxxxxxxxxxxA                GGCC UCGCU GUUC                UCUAUGGCUUUUUAU
 8.9       1 ..      15   xxxxxxxxxxxxxxx               AGGCC UCGCU GUUCU               CUAUGGCUUUUUAUU
 7.7       3 ..      16   xxxxxxxxxxxxxAG               G CCUCGCUGUUCU C                UAUGGCUUUUUAUUC
 6.2       7 ..      17   xxxxxxxxxAGGCCU                 CG CUGUUCU CU                 AUGGCUUUUUAUUCC
None       8 ..      18   xxxxxxxxAGGCCUC                  GCUGUUCUCUA                  UGGCUUUUUAUUCCU
None       9 ..      19   xxxxxxxAGGCCUCG                  CUGUUCUCUAU                  GGCUUUUUAUUCCUA
 5.7       9 ..      20   xxxxxxxAGGCCUCG                C UGUUCUCUAU G                 GCUUUUUAUUCCUAU
 6.7       9 ..      21   xxxxxxxAGGCCUCG                C UGUUCUCUAUG G                CUUUUUAUUCCUAUG
 4.4       8 ..      22   xxxxxxxxAGGCCUC               GC UGUUCUCUAUG GC               UUUUUAUUCCUAUGU
 7.9       7 ..      23   xxxxxxxxxAGGCCU              CGC UGUUCUCUAUG GCU              UUUUAUUCCUAUGUG
None      14 ..      24   xxAGGCCUCGCUGUU                  CUCUAUGGCUU                  UUUAUUCCUAUGUGA
None      15 ..      25   xAGGCCUCGCUGUUC                  UCUAUGGCUUU                  UUAUUCCUAUGUGAU
None      16 ..      26   AGGCCUCGCUGUUCU                  CUAUGGCUUUU                  UAUUCCUAUGUGAUU
None      17 ..      27   GGCCUCGCUGUUCUC                  UAUGGCUUUUU                  AUUCCUAUGUGAUUC
None      18 ..      28   GCCUCGCUGUUCUCU                  AUGGCUUUUUA                  UUCCUAUGUGAUUCU
None      19 ..      29   CCUCGCUGUUCUCUA                  UGGCUUUUUAU                  UCCUAUGUGAUUCUA
None      20 ..      30   CUCGCUGUUCUCUAU                  GGCUUUUUAUU                  CCUAUGUGAUUCUAC
 4.7      21 ..      31   UCGCUGUUCUCUAUG                 G CUUUUUAUU C                 CUAUGUGAUUCUACU
 2.4      20 ..      32   CUCGCUGUUCUCUAU                GG CUUUUUAUU CC                UAUGUGAUUCUACUG
 5.9      19 ..      33   CCUCGCUGUUCUCUA               UGG CUUUUUAUU CCU               AUGUGAUUCUACUGC
None      24 ..      34   CUGUUCUCUAUGGCU                  UUUUAUUCCUA                  UGUGAUUCUACUGCU
None      25 ..      35   UGUUCUCUAUGGCUU                  UUUAUUCCUAU                  GUGAUUCUACUGCUC
 8.7      22 ..      36   CGCUGUUCUCUAUGG               C UUUUUAUUCCUAU G               UGAUUCUACUGCUCA
None      27 ..      37   UUCUCUAUGGCUUUU                  UAUUCCUAUGU                  GAUUCUACUGCUCAC
None      28 ..      38   UCUCUAUGGCUUUUU                  AUUCCUAUGUG                  AUUCUACUGCUCACU
None      29 ..      39   CUCUAUGGCUUUUUA                  UUCCUAUGUGA                  UUCUACUGCUCACUC
 7.7      30 ..      40   UCUAUGGCUUUUUAU                 UCC UAUGU GAU                 UCUACUGCUCACUCA
None      31 ..      41   CUAUGGCUUUUUAUU                  CCUAUGUGAUU                  CUACUGCUCACUCAU
None      32 ..      42   UAUGGCUUUUUAUUC                  CUAUGUGAUUC                  UACUGCUCACUCAUA
None      33 ..      43   AUGGCUUUUUAUUCC                  UAUGUGAUUCU                  ACUGCUCACUCAUAU
 7.7      34 ..      44   UGGCUUUUUAUUCCU                 AUG UGAUU CUA                 CUGCUCACUCAUAUA
None      35 ..      45   GGCUUUUUAUUCCUA                  UGUGAUUCUAC                  UGCUCACUCAUAUAG
 7.2      35 ..      46   GGCUUUUUAUUCCUA                UG UGAUUCUA CU                 GCUCACUCAUAUAGG
 8.7      36 ..      47   GCUUUUUAUUCCUAU                GUG AUUCUA CUG                 CUCACUCAUAUAGGG
 4.7      38 ..      48   UUUUUAUUCCUAUGU                 G AUUCUACUG C                 UCACUCAUAUAGGGA
 8.2      37 ..      49   CUUUUUAUUCCUAUG                UG AUUCUACUG CU                CACUCAUAUAGGGAU
 5.9      36 ..      50   GCUUUUUAUUCCUAU               GUG AUUCUACUG CUC               ACUCAUAUAGGGAUU
None      41 ..      51   UUAUUCCUAUGUGAU                  UCUACUGCUCA                  CUCAUAUAGGGAUUG
 7.9      36 ..      52   GCUUUUUAUUCCUAU              GUG AUUCUACUGCU CAC              UCAUAUAGGGAUUGG
None      43 ..      53   AUUCCUAUGUGAUUC                  UACUGCUCACU                  CAUAUAGGGAUUGGA
None      44 ..      54   UUCCUAUGUGAUUCU                  ACUGCUCACUC                  AUAUAGGGAUUGGAG
None      45 ..      55   UCCUAUGUGAUUCUA                  CUGCUCACUCA                  UAUAGGGAUUGGAGC
 8.7      45 ..      56   UCCUAUGUGAUUCUA                CUG CUCACU CAU                 AUAGGGAUUGGAGCC
None      47 ..      57   CUAUGUGAUUCUACU                  GCUCACUCAUA                  UAGGGAUUGGAGCCG
None      48 ..      58   UAUGUGAUUCUACUG                  CUCACUCAUAU                  AGGGAUUGGAGCCGU
None      49 ..      59   AUGUGAUUCUACUGC                  UCACUCAUAUA                  GGGAUUGGAGCCGUG
 4.7      50 ..      60   UGUGAUUCUACUGCU                 C ACUCAUAUA G                 GGAUUGGAGCCGUGG
 5.7      50 ..      61   UGUGAUUCUACUGCU                C ACUCAUAUAG G                 GAUUGGAGCCGUGGC
 1.9      52 ..      62   UGAUUCUACUGCUCA                 CUC AUAUA GGG                 AUUGGAGCCGUGGCG
 5.4      51 ..      63   GUGAUUCUACUGCUC                ACUC AUAUA GGGA                UUGGAGCCGUGGCGC
 8.9      50 ..      64   UGUGAUUCUACUGCU               CACUC AUAUA GGGAU               UGGAGCCGUGGCGCA
None      55 ..      65   UUCUACUGCUCACUC                  AUAUAGGGAUU                  GGAGCCGUGGCGCAC
 6.7      54 ..      66   AUUCUACUGCUCACU                C AUAUAGGGAUU G                GAGCCGUGGCGCACG
 7.7      54 ..      67   AUUCUACUGCUCACU               C AUAUAGGGAUUG G                AGCCGUGGCGCACGG
None      58 ..      68   UACUGCUCACUCAUA                  UAGGGAUUGGA                  GCCGUGGCGCACGGC
 8.9      52 ..      69   UGAUUCUACUGCUCA             CUC AUAUAGGGAUUG GAG              CCGUGGCGCACGGCG
 4.7      60 ..      70   CUGCUCACUCAUAUA                 G GGAUUGGAG C                 CGUGGCGCACGGCGG
 0.4      61 ..      71   UGCUCACUCAUAUAG                 GG AUUGGAG CC                 GUGGCGCACGGCGGG
 3.9      60 ..      72   CUGCUCACUCAUAUA                GGG AUUGGAG CCG                UGGCGCACGGCGGGG
 7.4      59 ..      73   ACUGCUCACUCAUAU               AGGG AUUGGAG CCGU               GGCGCACGGCGGGGA
None      64 ..      74   UCACUCAUAUAGGGA                  UUGGAGCCGUG                  GCGCACGGCGGGGAC
None      65 ..      75   CACUCAUAUAGGGAU                  UGGAGCCGUGG                  CGCACGGCGGGGACA
 4.7      66 ..      76   ACUCAUAUAGGGAUU                 G GAGCCGUGG C                 GCACGGCGGGGACAx
 6.9      67 ..      77   CUCAUAUAGGGAUUG                GAGC CGUG GCG-                 CACGGCGGGGACAxx
-1.4      67 ..      78   CUCAUAUAGGGAUUG                GAGC CGUG GCGC                 ACGGCGGGGACAxxx
 2.1      66 ..      79   ACUCAUAUAGGGAUU               GGAGC CGUG GCGCA                CGGCGGGGACAxxxx
 0.6      67 ..      80   CUCAUAUAGGGAUUG               GAGC CGUGGC GCAC                GGCGGGGACAxxxxx
-2.4      71 ..      81   UAUAGGGAUUGGAGC                 CGUG GCG CACG                 GCGGGGACAxxxxxx
-4.7      70 ..      82   AUAUAGGGAUUGGAG                CCGUG GCG CACGG                CGGGGACAxxxxxxx
  -7      69 ..      83   CAUAUAGGGAUUGGA               GCCGUG GCG CACGGC               GGGGACAxxxxxxxx
-3.5      68 ..      84   UCAUAUAGGGAUUGG              AGCCGUG GCG CACGGCG              GGGACAxxxxxxxxx
-2.4      75 ..      85   GGGAUUGGAGCCGUG                 GCGC ACG GCGG                 GGACAxxxxxxxxxx
 1.1      74 ..      86   AGGGAUUGGAGCCGU                GGCGC ACG GCGGG                GACAxxxxxxxxxxx
 2.9      76 ..      87   GGAUUGGAGCCGUGG                CGC ACGGCG GGG                 ACAxxxxxxxxxxxx
 4.4      77 ..      88   GAUUGGAGCCGUGGC                GCAC GGCG GGGA                 CAxxxxxxxxxxxxx
 4.1      74 ..      89   AGGGAUUGGAGCCGU              GGCGC ACGGCG GGGAC               Axxxxxxxxxxxxxx
