>URS000075B686 pre_miRNA from 4 species FORWARD
 6.2       1 ..      11   xxxxxxxxxxxxxxx                 AG CGGGCAA CG                 GAAUCCCAAAAGCAG
 1.9       2 ..      12   xxxxxxxxxxxxxxA                 GCG GGCAA CGG                 AAUCCCAAAAGCAGC
 4.4       2 ..      13   xxxxxxxxxxxxxxA                GCGG GCAA CGGA                 AUCCCAAAAGCAGCU
 7.9       1 ..      14   xxxxxxxxxxxxxxx               AGCGG GCAA CGGAA                UCCCAAAAGCAGCUG
None       5 ..      15   xxxxxxxxxxxAGCG                  GGCAACGGAAU                  CCCAAAAGCAGCUGU
 4.7       6 ..      16   xxxxxxxxxxAGCGG                 G CAACGGAAU C                 CCAAAAGCAGCUGUU
 2.4       5 ..      17   xxxxxxxxxxxAGCG                GG CAACGGAAU CC                CAAAAGCAGCUGUUG
 0.1       4 ..      18   xxxxxxxxxxxxAGC               GGG CAACGGAAU CCC               AAAAGCAGCUGUUGU
 3.4       9 ..      19   xxxxxxxAGCGGGCA                 ACGG AAU CCCA                 AAAGCAGCUGUUGUC
 4.4       9 ..      20   xxxxxxxAGCGGGCA                ACGG AAUC CCAA                 AAGCAGCUGUUGUCU
 7.9       8 ..      21   xxxxxxxxAGCGGGC               AACGG AAUC CCAAA                AGCAGCUGUUGUCUC
None      12 ..      22   xxxxAGCGGGCAACG                  GAAUCCCAAAA                  GCAGCUGUUGUCUCC
 7.7      10 ..      23   xxxxxxAGCGGGCAA               C GGAAUCCCAAAA G                CAGCUGUUGUCUCCA
 6.7      12 ..      24   xxxxAGCGGGCAACG                G AAUCCCAAAAG C                AGCUGUUGUCUCCAG
 7.7      15 ..      25   xAGCGGGCAACGGAA                 UCC CAAAA GCA                 GCUGUUGUCUCCAGA
 4.7      16 ..      26   AGCGGGCAACGGAAU                 C CCAAAAGCA G                 CUGUUGUCUCCAGAG
 6.2      17 ..      27   GCGGGCAACGGAAUC                 CC AAAAGCA GC                 UGUUGUCUCCAGAGC
None      18 ..      28   CGGGCAACGGAAUCC                  CAAAAGCAGCU                  GUUGUCUCCAGAGCA
 5.7      18 ..      29   CGGGCAACGGAAUCC                C AAAAGCAGCU G                 UUGUCUCCAGAGCAU
None      20 ..      30   GGCAACGGAAUCCCA                  AAAGCAGCUGU                  UGUCUCCAGAGCAUU
None      21 ..      31   GCAACGGAAUCCCAA                  AAGCAGCUGUU                  GUCUCCAGAGCAUUC
 8.7      18 ..      32   CGGGCAACGGAAUCC               C AAAAGCAGCUGUU G               UCUCCAGAGCAUUCC
 6.2      23 ..      33   AACGGAAUCCCAAAA                 GC AGCUGUU GU                 CUCCAGAGCAUUCCA
 5.7      23 ..      34   AACGGAAUCCCAAAA                G CAGCUGUUGU C                 UCCAGAGCAUUCCAG
 6.2      25 ..      35   CGGAAUCCCAAAAGC                 AG CUGUUGU CU                 CCAGAGCAUUCCAGC
 4.7      26 ..      36   GGAAUCCCAAAAGCA                 G CUGUUGUCU C                 CAGAGCAUUCCAGCU
 4.4      26 ..      37   GGAAUCCCAAAAGCA                GCUG UUGU CUCC                 AGAGCAUUCCAGCUG
 6.2      28 ..      38   AAUCCCAAAAGCAGC                 UG UUGUCUC CA                 GAGCAUUCCAGCUGC
 3.9      27 ..      39   GAAUCCCAAAAGCAG                CUG UUGUCUC CAG                AGCAUUCCAGCUGCA
 7.4      26 ..      40   GGAAUCCCAAAAGCA               GCUG UUGUCUC CAGA               GCAUUCCAGCUGCAA
 8.7      27 ..      41   GAAUCCCAAAAGCAG               C UGUUGUCUCCAGA G               CAUUCCAGCUGCAAU
 4.7      32 ..      42   CCAAAAGCAGCUGUU                 G UCUCCAGAG C                 AUUCCAGCUGCAAUU
 8.2      31 ..      43   CCCAAAAGCAGCUGU                UG UCUCCAGAG CA                UUCCAGCUGCAAUUG
None      34 ..      44   AAAAGCAGCUGUUGU                  CUCCAGAGCAU                  UCCAGCUGCAAUUGG
None      35 ..      45   AAAGCAGCUGUUGUC                  UCCAGAGCAUU                  CCAGCUGCAAUUGGA
 8.7      32 ..      46   CCAAAAGCAGCUGUU               G UCUCCAGAGCAUU C               CAGCUGCAAUUGGAU
None      37 ..      47   AGCAGCUGUUGUCUC                  CAGAGCAUUCC                  AGCUGCAAUUGGAUU
 6.2      38 ..      48   GCAGCUGUUGUCUCC                 AG AGCAUUC CA                 GCUGCAAUUGGAUUU
 3.9      37 ..      49   AGCAGCUGUUGUCUC                CAG AGCAUUC CAG                CUGCAAUUGGAUUUC
 5.4      40 ..      50   AGCUGUUGUCUCCAG                AGC AUUCCA GC-                 UGCAAUUGGAUUUCG
 2.9      40 ..      51   AGCUGUUGUCUCCAG                AGC AUUCCA GCU                 GCAAUUGGAUUUCGU
 4.7      42 ..      52   CUGUUGUCUCCAGAG                 C AUUCCAGCU G                 CAAUUGGAUUUCGUU
 2.4      41 ..      53   GCUGUUGUCUCCAGA                GC AUUCCAGCU GC                AAUUGGAUUUCGUUC
 5.9      40 ..      54   AGCUGUUGUCUCCAG               AGC AUUCCAGCU GCA               AUUGGAUUUCGUUCC
None      45 ..      55   UUGUCUCCAGAGCAU                  UCCAGCUGCAA                  UUGGAUUUCGUUCCC
None      46 ..      56   UGUCUCCAGAGCAUU                  CCAGCUGCAAU                  UGGAUUUCGUUCCCU
None      47 ..      57   GUCUCCAGAGCAUUC                  CAGCUGCAAUU                  GGAUUUCGUUCCCUG
 5.7      47 ..      58   GUCUCCAGAGCAUUC                C AGCUGCAAUU G                 GAUUUCGUUCCCUGC
 3.4      46 ..      59   UGUCUCCAGAGCAUU               CC AGCUGCAAUU GG                AUUUCGUUCCCUGCU
 6.9      45 ..      60   UUGUCUCCAGAGCAU              UCC AGCUGCAAUU GGA               UUUCGUUCCCUGCUx
 7.7      51 ..      61   CCAGAGCAUUCCAGC                 UGC AAUUG GAU                 UUCGUUCCCUGCUxx
None      52 ..      62   CAGAGCAUUCCAGCU                  GCAAUUGGAUU                  UCGUUCCCUGCUxxx
None      53 ..      63   AGAGCAUUCCAGCUG                  CAAUUGGAUUU                  CGUUCCCUGCUxxxx
 6.7      52 ..      64   CAGAGCAUUCCAGCU                G CAAUUGGAUUU C                GUUCCCUGCUxxxxx
 6.7      53 ..      65   AGAGCAUUCCAGCUG                C AAUUGGAUUUC G                UUCCCUGCUxxxxxx
 7.7      56 ..      66   GCAUUCCAGCUGCAA                 UUG GAUUU CGU                 UCCCUGCUxxxxxxx
None      57 ..      67   CAUUCCAGCUGCAAU                  UGGAUUUCGUU                  CCCUGCUxxxxxxxx
 4.7      58 ..      68   AUUCCAGCUGCAAUU                 G GAUUUCGUU C                 CCUGCUxxxxxxxxx
 1.4      58 ..      69   AUUCCAGCUGCAAUU                GG AUUUCGUU CC                 CUGCUxxxxxxxxxx
 2.4      58 ..      70   AUUCCAGCUGCAAUU                GG AUUUCGUUC CC                UGCUxxxxxxxxxxx
 5.9      57 ..      71   CAUUCCAGCUGCAAU               UGG AUUUCGUUC CCU               GCUxxxxxxxxxxxx
None      62 ..      72   CAGCUGCAAUUGGAU                  UUCGUUCCCUG                  CUxxxxxxxxxxxxx
 6.2      63 ..      73   AGCUGCAAUUGGAUU                 UC GUUCCCU GC                 Uxxxxxxxxxxxxxx
