>URS0000668584 pre_miRNA from 7 species FORWARD
None       1 ..      11   xxxxxxxxxxxxxxx                  GGUACCUGAAG                  AGAGGUUUUCUGGGU
None       2 ..      12   xxxxxxxxxxxxxxG                  GUACCUGAAGA                  GAGGUUUUCUGGGUU
 7.7       3 ..      13   xxxxxxxxxxxxxGG                 UAC CUGAA GAG                 AGGUUUUCUGGGUUU
 6.2       4 ..      14   xxxxxxxxxxxxGGU                 AC CUGAAGA GA                 GGUUUUCUGGGUUUC
 4.7       5 ..      15   xxxxxxxxxxxGGUA                 C CUGAAGAGA G                 GUUUUCUGGGUUUCU
 1.4       5 ..      16   xxxxxxxxxxxGGUA                CC UGAAGAGA GG                 UUUUCUGGGUUUCUG
 4.9       4 ..      17   xxxxxxxxxxxxGGU               ACC UGAAGAGA GGU                UUUCUGGGUUUCUGU
 8.4       3 ..      18   xxxxxxxxxxxxxGG              UACC UGAAGAGA GGUU               UUCUGGGUUUCUGUU
None       9 ..      19   xxxxxxxGGUACCUG                  AAGAGAGGUUU                  UCUGGGUUUCUGUUU
None      10 ..      20   xxxxxxGGUACCUGA                  AGAGAGGUUUU                  CUGGGUUUCUGUUUC
 4.7      11 ..      21   xxxxxGGUACCUGAA                 G AGAGGUUUU C                 UGGGUUUCUGUUUCU
 6.2      12 ..      22   xxxxGGUACCUGAAG                 AG AGGUUUU CU                 GGGUUUCUGUUUCUU
 7.7      13 ..      23   xxxGGUACCUGAAGA                 GAG GUUUU CUG                 GGUUUCUGUUUCUUU
 6.6       5 ..      24   xxxxxxxxxxxGGUA            CCUG AAGAGAGGUUUU CUGG             GUUUCUGUUUCUUUA
None      15 ..      25   xGGUACCUGAAGAGA                  GGUUUUCUGGG                  UUUCUGUUUCUUUAA
None      16 ..      26   GGUACCUGAAGAGAG                  GUUUUCUGGGU                  UUCUGUUUCUUUAAU
None      17 ..      27   GUACCUGAAGAGAGG                  UUUUCUGGGUU                  UCUGUUUCUUUAAUG
None      18 ..      28   UACCUGAAGAGAGGU                  UUUCUGGGUUU                  CUGUUUCUUUAAUGA
 7.7      16 ..      29   GGUACCUGAAGAGAG               G UUUUCUGGGUUU C                UGUUUCUUUAAUGAG
None      20 ..      30   CCUGAAGAGAGGUUU                  UCUGGGUUUCU                  GUUUCUUUAAUGAGG
 1.9      21 ..      31   CUGAAGAGAGGUUUU                 CUG GGUUU CUG                 UUUCUUUAAUGAGGA
 5.4      20 ..      32   CCUGAAGAGAGGUUU                UCUG GGUUU CUGU                UUCUUUAAUGAGGAC
 8.9      19 ..      33   ACCUGAAGAGAGGUU               UUCUG GGUUU CUGUU               UCUUUAAUGAGGACG
None      24 ..      34   AAGAGAGGUUUUCUG                  GGUUUCUGUUU                  CUUUAAUGAGGACGA
 4.7      25 ..      35   AGAGAGGUUUUCUGG                 G UUUCUGUUU C                 UUUAAUGAGGACGAA
 8.2      24 ..      36   AAGAGAGGUUUUCUG                GG UUUCUGUUU CU                UUAAUGAGGACGAAA
None      27 ..      37   AGAGGUUUUCUGGGU                  UUCUGUUUCUU                  UAAUGAGGACGAAAC
None      28 ..      38   GAGGUUUUCUGGGUU                  UCUGUUUCUUU                  AAUGAGGACGAAACA
None      29 ..      39   AGGUUUUCUGGGUUU                  CUGUUUCUUUA                  AUGAGGACGAAACAC
None      30 ..      40   GGUUUUCUGGGUUUC                  UGUUUCUUUAA                  UGAGGACGAAACACA
None      31 ..      41   GUUUUCUGGGUUUCU                  GUUUCUUUAAU                  GAGGACGAAACACAC
 7.7      29 ..      42   AGGUUUUCUGGGUUU               C UGUUUCUUUAAU G                AGGACGAAACACACC
None      33 ..      43   UUUCUGGGUUUCUGU                  UUCUUUAAUGA                  GGACGAAACACACCU
 8.7      33 ..      44   UUUCUGGGUUUCUGU                UUC UUUAAU GAG                 GACGAAACACACCUG
 4.7      35 ..      45   UCUGGGUUUCUGUUU                 C UUUAAUGAG G                 ACGAAACACACCUGG
 8.2      34 ..      46   UUCUGGGUUUCUGUU                UC UUUAAUGAG GA                CGAAACACACCUGGU
None      37 ..      47   UGGGUUUCUGUUUCU                  UUAAUGAGGAC                  GAAACACACCUGGUU
 7.7      35 ..      48   UCUGGGUUUCUGUUU               C UUUAAUGAGGAC G                AAACACACCUGGUUA
None      39 ..      49   GGUUUCUGUUUCUUU                  AAUGAGGACGA                  AACACACCUGGUUAA
None      40 ..      50   GUUUCUGUUUCUUUA                  AUGAGGACGAA                  ACACACCUGGUUAAC
None      41 ..      51   UUUCUGUUUCUUUAA                  UGAGGACGAAA                  CACACCUGGUUAACC
 4.7      42 ..      52   UUCUGUUUCUUUAAU                 G AGGACGAAA C                 ACACCUGGUUAACCU
 6.2      43 ..      53   UCUGUUUCUUUAAUG                 AG GACGAAA CA                 CACCUGGUUAACCUC
 3.9      42 ..      54   UUCUGUUUCUUUAAU                GAG GACGAAA CAC                ACCUGGUUAACCUCU
 7.2      44 ..      55   CUGUUUCUUUAAUGA                GG ACGAAACA CA                 CCUGGUUAACCUCUU
 5.7      45 ..      56   UGUUUCUUUAAUGAG                G ACGAAACACA C                 CUGGUUAACCUCUUU
 3.4      44 ..      57   CUGUUUCUUUAAUGA               GG ACGAAACACA CC                UGGUUAACCUCUUUU
 6.9      43 ..      58   UCUGUUUCUUUAAUG              AGG ACGAAACACA CCU               GGUUAACCUCUUUUC
 6.7      47 ..      59   UUUCUUUAAUGAGGA                C GAAACACACCU G                GUUAACCUCUUUUCC
 7.7      47 ..      60   UUUCUUUAAUGAGGA               C GAAACACACCUG G                UUAACCUCUUUUCCA
 6.2      51 ..      61   UUUAAUGAGGACGAA                 AC ACACCUG GU                 UAACCUCUUUUCCAG
 7.7      52 ..      62   UUAAUGAGGACGAAA                 CAC ACCUG GUU                 AACCUCUUUUCCAGU
None      53 ..      63   UAAUGAGGACGAAAC                  ACACCUGGUUA                  ACCUCUUUUCCAGUA
None      54 ..      64   AAUGAGGACGAAACA                  CACCUGGUUAA                  CCUCUUUUCCAGUAU
None      55 ..      65   AUGAGGACGAAACAC                  ACCUGGUUAAC                  CUCUUUUCCAGUAUC
None      56 ..      66   UGAGGACGAAACACA                  CCUGGUUAACC                  UCUUUUCCAGUAUCx
 6.9      57 ..      67   GAGGACGAAACACAC                CUGG UUAA CCU-                 CUUUUCCAGUAUCxx
 4.4      57 ..      68   GAGGACGAAACACAC                CUGG UUAA CCUC                 UUUUCCAGUAUCxxx
 6.2      59 ..      69   GGACGAAACACACCU                 GG UUAACCU CU                 UUUCCAGUAUCxxxx
None      60 ..      70   GACGAAACACACCUG                  GUUAACCUCUU                  UUCCAGUAUCxxxxx
None      61 ..      71   ACGAAACACACCUGG                  UUAACCUCUUU                  UCCAGUAUCxxxxxx
None      62 ..      72   CGAAACACACCUGGU                  UAACCUCUUUU                  CCAGUAUCxxxxxxx
 7.7      60 ..      73   GACGAAACACACCUG               G UUAACCUCUUUU C                CAGUAUCxxxxxxxx
 5.4      59 ..      74   GGACGAAACACACCU              GG UUAACCUCUUUU CC               AGUAUCxxxxxxxxx
 8.9      58 ..      75   AGGACGAAACACACC             UGG UUAACCUCUUUU CCA              GUAUCxxxxxxxxxx
 4.7      66 ..      76   ACACACCUGGUUAAC                 C UCUUUUCCA G                 UAUCxxxxxxxxxxx
 6.2      67 ..      77   CACACCUGGUUAACC                 UC UUUUCCA GU                 AUCxxxxxxxxxxxx
None      68 ..      78   ACACCUGGUUAACCU                  CUUUUCCAGUA                  UCxxxxxxxxxxxxx
None      69 ..      79   CACCUGGUUAACCUC                  UUUUCCAGUAU                  Cxxxxxxxxxxxxxx
