>URS000075B543 pre_miRNA from 3 species FORWARD
None       1 ..      11   xxxxxxxxxxxxxxx                  GUGCUGUGUGU                  AGUGCUUCACUUCAA
 7.7       2 ..      12   xxxxxxxxxxxxxxG                 UGC UGUGU GUA                 GUGCUUCACUUCAAG
None       3 ..      13   xxxxxxxxxxxxxGU                  GCUGUGUGUAG                  UGCUUCACUUCAAGA
 7.2       3 ..      14   xxxxxxxxxxxxxGU                GC UGUGUGUA GU                 GCUUCACUUCAAGAA
 5.7       4 ..      15   xxxxxxxxxxxxGUG                C UGUGUGUAGU G                 CUUCACUUCAAGAAG
 3.4       3 ..      16   xxxxxxxxxxxxxGU               GC UGUGUGUAGU GC                UUCACUUCAAGAAGU
 6.2       7 ..      17   xxxxxxxxxGUGCUG                 UG UGUAGUG CU                 UCACUUCAAGAAGUG
 7.7       8 ..      18   xxxxxxxxGUGCUGU                 GUG UAGUG CUU                 CACUUCAAGAAGUGC
 5.7       8 ..      19   xxxxxxxxGUGCUGU                G UGUAGUGCUU C                 ACUUCAAGAAGUGCC
 7.2       9 ..      20   xxxxxxxGUGCUGUG                UG UAGUGCUU CA                 CUUCAAGAAGUGCCA
 4.9       8 ..      21   xxxxxxxxGUGCUGU               GUG UAGUGCUU CAC                UUCAAGAAGUGCCAU
 3.4      12 ..      22   xxxxGUGCUGUGUGU                 AGUG CUU CACU                 UCAAGAAGUGCCAUG
 6.9      11 ..      23   xxxxxGUGCUGUGUG                UAGUG CUU CACUU                CAAGAAGUGCCAUGC
 4.6      10 ..      24   xxxxxxGUGCUGUGU               GUAGUG CUU CACUUC               AAGAAGUGCCAUGCA
 7.2      14 ..      25   xxGUGCUGUGUGUAG                UG CUUCACUU CA                 AGAAGUGCCAUGCAU
None      16 ..      26   GUGCUGUGUGUAGUG                  CUUCACUUCAA                  GAAGUGCCAUGCAUG
 5.7      16 ..      27   GUGCUGUGUGUAGUG                C UUCACUUCAA G                 AAGUGCCAUGCAUGU
 6.2      18 ..      28   GCUGUGUGUAGUGCU                 UC ACUUCAA GA                 AGUGCCAUGCAUGUG
 7.7      19 ..      29   CUGUGUGUAGUGCUU                 CAC UUCAA GAA                 GUGCCAUGCAUGUGU
 5.7      19 ..      30   CUGUGUGUAGUGCUU                C ACUUCAAGAA G                 UGCCAUGCAUGUGUC
 7.2      20 ..      31   UGUGUGUAGUGCUUC                AC UUCAAGAA GU                 GCCAUGCAUGUGUCU
 4.9      19 ..      32   CUGUGUGUAGUGCUU               CAC UUCAAGAA GUG                CCAUGCAUGUGUCUA
 6.2      23 ..      33   GUGUAGUGCUUCACU                 UC AAGAAGU GC                 CAUGCAUGUGUCUAG
None      24 ..      34   UGUAGUGCUUCACUU                  CAAGAAGUGCC                  AUGCAUGUGUCUAGA
 7.7      25 ..      35   GUAGUGCUUCACUUC                 AAG AAGUG CCA                 UGCAUGUGUCUAGAA
 8.7      25 ..      36   GUAGUGCUUCACUUC                AAG AAGUGC CAU                 GCAUGUGUCUAGAAA
 6.4      24 ..      37   UGUAGUGCUUCACUU               CAAG AAGUGC CAUG                CAUGUGUCUAGAAAU
 5.7      27 ..      38   AGUGCUUCACUUCAA                G AAGUGCCAUG C                 AUGUGUCUAGAAAUA
 6.2      29 ..      39   UGCUUCACUUCAAGA                 AG UGCCAUG CA                 UGUGUCUAGAAAUAU
 3.4      30 ..      40   GCUUCACUUCAAGAA                 GUGC CAU GCAU                 GUGUCUAGAAAUAUG
 6.9      29 ..      41   UGCUUCACUUCAAGA                AGUGC CAU GCAUG                UGUCUAGAAAUAUGU
 6.2      32 ..      42   UUCACUUCAAGAAGU                 GC CAUGCAU GU                 GUCUAGAAAUAUGUU
 4.7      33 ..      43   UCACUUCAAGAAGUG                 C CAUGCAUGU G                 UCUAGAAAUAUGUUU
 7.2      33 ..      44   UCACUUCAAGAAGUG                CC AUGCAUGU GU                 CUAGAAAUAUGUUUU
 4.9      32 ..      45   UUCACUUCAAGAAGU               GCC AUGCAUGU GUC                UAGAAAUAUGUUUUG
 6.2      36 ..      46   CUUCAAGAAGUGCCA                 UG CAUGUGU CU                 AGAAAUAUGUUUUGC
None      37 ..      47   UUCAAGAAGUGCCAU                  GCAUGUGUCUA                  GAAAUAUGUUUUGCA
 3.4      38 ..      48   UCAAGAAGUGCCAUG                 CAUG UGU CUAG                 AAAUAUGUUUUGCAC
 6.9      37 ..      49   UUCAAGAAGUGCCAU                GCAUG UGU CUAGA                AAUAUGUUUUGCACC
None      40 ..      50   AAGAAGUGCCAUGCA                  UGUGUCUAGAA                  AUAUGUUUUGCACCU
None      41 ..      51   AGAAGUGCCAUGCAU                  GUGUCUAGAAA                  UAUGUUUUGCACCUU
None      42 ..      52   GAAGUGCCAUGCAUG                  UGUCUAGAAAU                  AUGUUUUGCACCUUU
None      43 ..      53   AAGUGCCAUGCAUGU                  GUCUAGAAAUA                  UGUUUUGCACCUUUU
None      44 ..      54   AGUGCCAUGCAUGUG                  UCUAGAAAUAU                  GUUUUGCACCUUUUG
 4.7      45 ..      55   GUGCCAUGCAUGUGU                 C UAGAAAUAU G                 UUUUGCACCUUUUGG
 8.2      44 ..      56   AGUGCCAUGCAUGUG                UC UAGAAAUAU GU                UUUGCACCUUUUGGA
None      47 ..      57   GCCAUGCAUGUGUCU                  AGAAAUAUGUU                  UUGCACCUUUUGGAG
None      48 ..      58   CCAUGCAUGUGUCUA                  GAAAUAUGUUU                  UGCACCUUUUGGAGU
None      49 ..      59   CAUGCAUGUGUCUAG                  AAAUAUGUUUU                  GCACCUUUUGGAGUG
None      50 ..      60   AUGCAUGUGUCUAGA                  AAUAUGUUUUG                  CACCUUUUGGAGUGA
 7.7      48 ..      61   CCAUGCAUGUGUCUA               G AAAUAUGUUUUG C                ACCUUUUGGAGUGAA
None      52 ..      62   GCAUGUGUCUAGAAA                  UAUGUUUUGCA                  CCUUUUGGAGUGAAA
 7.7      53 ..      63   CAUGUGUCUAGAAAU                 AUG UUUUG CAC                 CUUUUGGAGUGAAAU
 6.2      54 ..      64   AUGUGUCUAGAAAUA                 UG UUUUGCA CC                 UUUUGGAGUGAAAUA
 7.2      54 ..      65   AUGUGUCUAGAAAUA                UG UUUUGCAC CU                 UUUGGAGUGAAAUAA
None      56 ..      66   GUGUCUAGAAAUAUG                  UUUUGCACCUU                  UUGGAGUGAAAUAAU
None      57 ..      67   UGUCUAGAAAUAUGU                  UUUGCACCUUU                  UGGAGUGAAAUAAUG
None      58 ..      68   GUCUAGAAAUAUGUU                  UUGCACCUUUU                  GGAGUGAAAUAAUGC
None      59 ..      69   UCUAGAAAUAUGUUU                  UGCACCUUUUG                  GAGUGAAAUAAUGCA
 6.2      60 ..      70   CUAGAAAUAUGUUUU                 GC ACCUUUU GG                 AGUGAAAUAAUGCAC
 6.9      61 ..      71   UAGAAAUAUGUUUUG                CACC UUUU GGA-                 GUGAAAUAAUGCACA
-1.4      61 ..      72   UAGAAAUAUGUUUUG                CACC UUUU GGAG                 UGAAAUAAUGCACAA
 2.1      60 ..      73   CUAGAAAUAUGUUUU               GCACC UUUU GGAGU                GAAAUAAUGCACAAC
 4.7      64 ..      74   AAAUAUGUUUUGCAC                 C UUUUGGAGU G                 AAAUAAUGCACAACA
 8.2      63 ..      75   GAAAUAUGUUUUGCA                CC UUUUGGAGU GA                AAUAAUGCACAACAG
None      66 ..      76   AUAUGUUUUGCACCU                  UUUGGAGUGAA                  AUAAUGCACAACAGA
None      67 ..      77   UAUGUUUUGCACCUU                  UUGGAGUGAAA                  UAAUGCACAACAGAU
None      68 ..      78   AUGUUUUGCACCUUU                  UGGAGUGAAAU                  AAUGCACAACAGAUA
None      69 ..      79   UGUUUUGCACCUUUU                  GGAGUGAAAUA                  AUGCACAACAGAUAC
None      70 ..      80   GUUUUGCACCUUUUG                  GAGUGAAAUAA                  UGCACAACAGAUACx
None      71 ..      81   UUUUGCACCUUUUGG                  AGUGAAAUAAU                  GCACAACAGAUACxx
None      72 ..      82   UUUGCACCUUUUGGA                  GUGAAAUAAUG                  CACAACAGAUACxxx
 5.7      72 ..      83   UUUGCACCUUUUGGA                G UGAAAUAAUG C                 ACAACAGAUACxxxx
 7.2      73 ..      84   UUGCACCUUUUGGAG                UG AAAUAAUG CA                 CAACAGAUACxxxxx
 4.9      72 ..      85   UUUGCACCUUUUGGA               GUG AAAUAAUG CAC                AACAGAUACxxxxxx
 8.4      71 ..      86   UUUUGCACCUUUUGG              AGUG AAAUAAUG CACA               ACAGAUACxxxxxxx
None      77 ..      87   ACCUUUUGGAGUGAA                  AUAAUGCACAA                  CAGAUACxxxxxxxx
 8.7      74 ..      88   UGCACCUUUUGGAGU               G AAAUAAUGCACAA C               AGAUACxxxxxxxxx
None      79 ..      89   CUUUUGGAGUGAAAU                  AAUGCACAACA                  GAUACxxxxxxxxxx
 7.7      80 ..      90   UUUUGGAGUGAAAUA                 AUG CACAA CAG                 AUACxxxxxxxxxxx
None      81 ..      91   UUUGGAGUGAAAUAA                  UGCACAACAGA                  UACxxxxxxxxxxxx
 8.7      81 ..      92   UUUGGAGUGAAAUAA                UGC ACAACA GAU                 ACxxxxxxxxxxxxx
None      83 ..      93   UGGAGUGAAAUAAUG                  CACAACAGAUA                  Cxxxxxxxxxxxxxx
