>URS000075EC56 pre_miRNA from 1 species FORWARD
None       1 ..      11   xxxxxxxxxxxxxxx                  GUAGACGGAUA                  GCCUAGCAGUAGCUG
None       2 ..      12   xxxxxxxxxxxxxxG                  UAGACGGAUAG                  CCUAGCAGUAGCUGU
 6.7       1 ..      13   xxxxxxxxxxxxxxx                G UAGACGGAUAG C                CUAGCAGUAGCUGUU
 1.9       4 ..      14   xxxxxxxxxxxxGUA                 GAC GGAUA GCC                 UAGCAGUAGCUGUUU
 5.4       3 ..      15   xxxxxxxxxxxxxGU                AGAC GGAUA GCCU                AGCAGUAGCUGUUUA
 4.4       5 ..      16   xxxxxxxxxxxGUAG                ACGG AUAG CCUA                 GCAGUAGCUGUUUAG
 5.7       6 ..      17   xxxxxxxxxxGUAGA                C GGAUAGCCUA G                 CAGUAGCUGUUUAGU
 4.7       8 ..      18   xxxxxxxxGUAGACG                 G AUAGCCUAG C                 AGUAGCUGUUUAGUG
 8.2       7 ..      19   xxxxxxxxxGUAGAC                GG AUAGCCUAG CA                GUAGCUGUUUAGUGU
 3.4      10 ..      20   xxxxxxGUAGACGGA                 UAGC CUA GCAG                 UAGCUGUUUAGUGUG
 6.9       9 ..      21   xxxxxxxGUAGACGG                AUAGC CUA GCAGU                AGCUGUUUAGUGUGA
 7.7      12 ..      22   xxxxGUAGACGGAUA                 GCC UAGCA GUA                 GCUGUUUAGUGUGAU
 4.7      13 ..      23   xxxGUAGACGGAUAG                 C CUAGCAGUA G                 CUGUUUAGUGUGAUG
 2.4      12 ..      24   xxxxGUAGACGGAUA                GC CUAGCAGUA GC                UGUUUAGUGUGAUGA
 5.9      11 ..      25   xxxxxGUAGACGGAU               AGC CUAGCAGUA GCU               GUUUAGUGUGAUGAU
 4.4      15 ..      26   xGUAGACGGAUAGCC                UAGC AGUA GCUG                 UUUAGUGUGAUGAUG
 3.4      17 ..      27   UAGACGGAUAGCCUA                 GCAG UAG CUGU                 UUAGUGUGAUGAUGG
 6.9      16 ..      28   GUAGACGGAUAGCCU                AGCAG UAG CUGUU                UAGUGUGAUGAUGGC
None      19 ..      29   GACGGAUAGCCUAGC                  AGUAGCUGUUU                  AGUGUGAUGAUGGCG
None      20 ..      30   ACGGAUAGCCUAGCA                  GUAGCUGUUUA                  GUGUGAUGAUGGCGU
 7.7      18 ..      31   AGACGGAUAGCCUAG               C AGUAGCUGUUUA G                UGUGAUGAUGGCGUU
None      22 ..      32   GGAUAGCCUAGCAGU                  AGCUGUUUAGU                  GUGAUGAUGGCGUUU
 8.7      22 ..      33   GGAUAGCCUAGCAGU                AGC UGUUUA GUG                 UGAUGAUGGCGUUUG
 7.2      23 ..      34   GAUAGCCUAGCAGUA                GC UGUUUAGU GU                 GAUGAUGGCGUUUGA
 5.7      24 ..      35   AUAGCCUAGCAGUAG                C UGUUUAGUGU G                 AUGAUGGCGUUUGAU
None      26 ..      36   AGCCUAGCAGUAGCU                  GUUUAGUGUGA                  UGAUGGCGUUUGAUG
None      27 ..      37   GCCUAGCAGUAGCUG                  UUUAGUGUGAU                  GAUGGCGUUUGAUGU
 8.7      24 ..      38   AUAGCCUAGCAGUAG               C UGUUUAGUGUGAU G               AUGGCGUUUGAUGUU
None      29 ..      39   CUAGCAGUAGCUGUU                  UAGUGUGAUGA                  UGGCGUUUGAUGUUU
None      30 ..      40   UAGCAGUAGCUGUUU                  AGUGUGAUGAU                  GGCGUUUGAUGUUUU
None      31 ..      41   AGCAGUAGCUGUUUA                  GUGUGAUGAUG                  GCGUUUGAUGUUUUG
None      32 ..      42   GCAGUAGCUGUUUAG                  UGUGAUGAUGG                  CGUUUGAUGUUUUGG
 4.7      33 ..      43   CAGUAGCUGUUUAGU                 G UGAUGAUGG C                 GUUUGAUGUUUUGGA
 6.2      34 ..      44   AGUAGCUGUUUAGUG                 UG AUGAUGG CG                 UUUGAUGUUUUGGAC
None      35 ..      45   GUAGCUGUUUAGUGU                  GAUGAUGGCGU                  UUGAUGUUUUGGACA
None      36 ..      46   UAGCUGUUUAGUGUG                  AUGAUGGCGUU                  UGAUGUUUUGGACAC
None      37 ..      47   AGCUGUUUAGUGUGA                  UGAUGGCGUUU                  GAUGUUUUGGACACA
None      38 ..      48   GCUGUUUAGUGUGAU                  GAUGGCGUUUG                  AUGUUUUGGACACAA
None      39 ..      49   CUGUUUAGUGUGAUG                  AUGGCGUUUGA                  UGUUUUGGACACAAA
None      40 ..      50   UGUUUAGUGUGAUGA                  UGGCGUUUGAU                  GUUUUGGACACAAAC
None      41 ..      51   GUUUAGUGUGAUGAU                  GGCGUUUGAUG                  UUUUGGACACAAACA
 6.2      42 ..      52   UUUAGUGUGAUGAUG                 GC GUUUGAU GU                 UUUGGACACAAACAC
None      43 ..      53   UUAGUGUGAUGAUGG                  CGUUUGAUGUU                  UUGGACACAAACACC
None      44 ..      54   UAGUGUGAUGAUGGC                  GUUUGAUGUUU                  UGGACACAAACACCA
None      45 ..      55   AGUGUGAUGAUGGCG                  UUUGAUGUUUU                  GGACACAAACACCAU
 7.7      43 ..      56   UUAGUGUGAUGAUGG               C GUUUGAUGUUUU G                GACACAAACACCAUU
 8.7      43 ..      57   UUAGUGUGAUGAUGG               C GUUUGAUGUUUUG G               ACACAAACACCAUUG
None      48 ..      58   GUGAUGAUGGCGUUU                  GAUGUUUUGGA                  CACAAACACCAUUGU
 5.7      48 ..      59   GUGAUGAUGGCGUUU                G AUGUUUUGGA C                 ACAAACACCAUUGUC
 6.2      50 ..      60   GAUGAUGGCGUUUGA                 UG UUUUGGA CA                 CAAACACCAUUGUCA
 4.7      51 ..      61   AUGAUGGCGUUUGAU                 G UUUUGGACA C                 AAACACCAUUGUCAC
 8.2      50 ..      62   GAUGAUGGCGUUUGA                UG UUUUGGACA CA                AACACCAUUGUCACA
None      53 ..      63   GAUGGCGUUUGAUGU                  UUUGGACACAA                  ACACCAUUGUCACAC
None      54 ..      64   AUGGCGUUUGAUGUU                  UUGGACACAAA                  CACCAUUGUCACACU
 8.7      51 ..      65   AUGAUGGCGUUUGAU               G UUUUGGACACAAA C               ACCAUUGUCACACUC
 6.2      56 ..      66   GGCGUUUGAUGUUUU                 GG ACACAAA CA                 CCAUUGUCACACUCC
 4.7      57 ..      67   GCGUUUGAUGUUUUG                 G ACACAAACA C                 CAUUGUCACACUCCA
 2.4      56 ..      68   GGCGUUUGAUGUUUU                GG ACACAAACA CC                AUUGUCACACUCCAG
 5.9      55 ..      69   UGGCGUUUGAUGUUU               UGG ACACAAACA CCA               UUGUCACACUCCAGA
None      60 ..      70   UUUGAUGUUUUGGAC                  ACAAACACCAU                  UGUCACACUCCAGAG
None      61 ..      71   UUGAUGUUUUGGACA                  CAAACACCAUU                  GUCACACUCCAGAGC
 5.7      61 ..      72   UUGAUGUUUUGGACA                C AAACACCAUU G                 UCACACUCCAGAGCU
None      63 ..      73   GAUGUUUUGGACACA                  AACACCAUUGU                  CACACUCCAGAGCUC
 8.7      63 ..      74   GAUGUUUUGGACACA                AAC ACCAUU GUC                 ACACUCCAGAGCUCU
None      65 ..      75   UGUUUUGGACACAAA                  CACCAUUGUCA                  CACUCCAGAGCUCUG
None      66 ..      76   GUUUUGGACACAAAC                  ACCAUUGUCAC                  ACUCCAGAGCUCUGC
None      67 ..      77   UUUUGGACACAAACA                  CCAUUGUCACA                  CUCCAGAGCUCUGCU
None      68 ..      78   UUUGGACACAAACAC                  CAUUGUCACAC                  UCCAGAGCUCUGCUA
None      69 ..      79   UUGGACACAAACACC                  AUUGUCACACU                  CCAGAGCUCUGCUAA
 7.7      70 ..      80   UGGACACAAACACCA                 UUG UCACA CUC                 CAGAGCUCUGCUAAG
 6.2      71 ..      81   GGACACAAACACCAU                 UG UCACACU CC                 AGAGCUCUGCUAAGG
 7.2      71 ..      82   GGACACAAACACCAU                UG UCACACUC CA                 GAGCUCUGCUAAGGA
None      73 ..      83   ACACAAACACCAUUG                  UCACACUCCAG                  AGCUCUGCUAAGGAG
 7.2      73 ..      84   ACACAAACACCAUUG                UC ACACUCCA GA                 GCUCUGCUAAGGAGA
 2.9      74 ..      85   CACAAACACCAUUGU                CAC ACUCCA GAG                 CUCUGCUAAGGAGAG
 4.4      75 ..      86   ACAAACACCAUUGUC                ACAC UCCA GAGC                 UCUGCUAAGGAGAGU
 7.9      74 ..      87   CACAAACACCAUUGU               CACAC UCCA GAGCU                CUGCUAAGGAGAGUC
None      78 ..      88   AACACCAUUGUCACA                  CUCCAGAGCUC                  UGCUAAGGAGAGUCU
None      79 ..      89   ACACCAUUGUCACAC                  UCCAGAGCUCU                  GCUAAGGAGAGUCUG
 4.7      80 ..      90   CACCAUUGUCACACU                 C CAGAGCUCU G                 CUAAGGAGAGUCUGU
 4.4      80 ..      91   CACCAUUGUCACACU                CCAG AGCU CUGC                 UAAGGAGAGUCUGUA
 6.2      82 ..      92   CCAUUGUCACACUCC                 AG AGCUCUG CU                 AAGGAGAGUCUGUAG
 3.4      83 ..      93   CAUUGUCACACUCCA                 GAGC UCU GCUA                 AGGAGAGUCUGUAGG
 6.9      82 ..      94   CCAUUGUCACACUCC                AGAGC UCU GCUAA                GGAGAGUCUGUAGGC
 4.6      81 ..      95   ACCAUUGUCACACUC               CAGAGC UCU GCUAAG               GAGAGUCUGUAGGCx
 2.3      80 ..      96   CACCAUUGUCACACU              CCAGAGC UCU GCUAAGG              AGAGUCUGUAGGCxx
 5.8      79 ..      97   ACACCAUUGUCACAC             UCCAGAGC UCU GCUAAGGA             GAGUCUGUAGGCxxx
 3.4      88 ..      98   UCACACUCCAGAGCU                 CUGC UAA GGAG                 AGUCUGUAGGCxxxx
 6.9      87 ..      99   GUCACACUCCAGAGC                UCUGC UAA GGAGA                GUCUGUAGGCxxxxx
 4.6      86 ..     100   UGUCACACUCCAGAG               CUCUGC UAA GGAGAG               UCUGUAGGCxxxxxx
 7.2      90 ..     101   ACACUCCAGAGCUCU                GC UAAGGAGA GU                 CUGUAGGCxxxxxxx
 6.7      90 ..     102   ACACUCCAGAGCUCU                G CUAAGGAGAGU C                UGUAGGCxxxxxxxx
None      93 ..     103   CUCCAGAGCUCUGCU                  AAGGAGAGUCU                  GUAGGCxxxxxxxxx
 7.7      91 ..     104   CACUCCAGAGCUCUG               C UAAGGAGAGUCU G                UAGGCxxxxxxxxxx
None      95 ..     105   CCAGAGCUCUGCUAA                  GGAGAGUCUGU                  AGGCxxxxxxxxxxx
None      96 ..     106   CAGAGCUCUGCUAAG                  GAGAGUCUGUA                  GGCxxxxxxxxxxxx
None      97 ..     107   AGAGCUCUGCUAAGG                  AGAGUCUGUAG                  GCxxxxxxxxxxxxx
None      98 ..     108   GAGCUCUGCUAAGGA                  GAGUCUGUAGG                  Cxxxxxxxxxxxxxx
