>AAAA02020443.1:c198-99 Oryza sativa Indica Group cultivar 93-11 chromosome 6 Ctg020443, whole genome shotgun sequence FORWARD
   4       1 ..      11   xxxxxxxxxxxxxxx                 TG GAAAGAG CG                 ATATTGGTGAGGTTC
 4.3       1 ..      12   xxxxxxxxxxxxxxx                TGG AAAGAG CGA                 TATTGGTGAGGTTCA
 8.3       3 ..      13   xxxxxxxxxxxxxTG                 G AAAGAGCGA T                 ATTGGTGAGGTTCAA
 7.6       4 ..      14   xxxxxxxxxxxxTGG                 AA AGAGCGA TA                 TTGGTGAGGTTCAAT
 5.7       4 ..      15   xxxxxxxxxxxxTGG                AAA GAGCGA TAT                 TGGTGAGGTTCAATC
 2.8       5 ..      16   xxxxxxxxxxxTGGA                AAGA GCGA TATT                 GGTGAGGTTCAATCC
 6.3       4 ..      17   xxxxxxxxxxxxTGG               AAAGA GCGA TATTG                GTGAGGTTCAATCCG
None       8 ..      18   xxxxxxxxTGGAAAG                  AGCGATATTGG                  TGAGGTTCAATCCGA
 2.6       9 ..      19   xxxxxxxTGGAAAGA                 GCGA TAT TGGT                 GAGGTTCAATCCGAT
   4      10 ..      20   xxxxxxTGGAAAGAG                 CG ATATTGG TG                 AGGTTCAATCCGATG
 7.5       9 ..      21   xxxxxxxTGGAAAGA                GCG ATATTGG TGA                GGTTCAATCCGATGA
 6.7      10 ..      22   xxxxxxTGGAAAGAG                C GATATTGGTGA G                GTTCAATCCGATGAT
 6.2      13 ..      23   xxxTGGAAAGAGCGA                 TATT GGT GAGG                 TTCAATCCGATGATT
 4.7      14 ..      24   xxTGGAAAGAGCGAT                 ATT GGTGA GGT                 TCAATCCGATGATTG
 6.6      11 ..      25   xxxxxTGGAAAGAGC               GATATT GGT GAGGTT               CAATCCGATGATTGG
 5.2       7 ..      26   xxxxxxxxxTGGAAA            GAGCGATA TTGG TGAGGTTC             AATCCGATGATTGGT
 2.1      16 ..      27   TGGAAAGAGCGATAT                TGG TGAGGT TCA                 ATCCGATGATTGGTT
 0.4      18 ..      28   GAAAGAGCGATATTG                 GTGA GGT TCAA                 TCCGATGATTGGTTT
 0.3      14 ..      29   xxTGGAAAGAGCGAT              ATTGG TGAGGT TCAAT               CCGATGATTGGTTTT
 1.8      20 ..      30   AAGAGCGATATTGGT                 GA GGTTCAA TC                 CGATGATTGGTTTTA
 2.6      21 ..      31   AGAGCGATATTGGTG                 AGGT TCA ATCC                 GATGATTGGTTTTAC
 2.9      21 ..      32   AGAGCGATATTGGTG                AGG TTCAAT CCG                 ATGATTGGTTTTACA
 4.7      15 ..      33   xTGGAAAGAGCGATA            TTGG--TGA GGT TCAATCCGA            TGATTGGTTTTACAG
 3.3      24 ..      34   GCGATATTGGTGAGG                 TTC AATCC GAT                 GATTGGTTTTACAGC
 5.1      13 ..      35   xxxTGGAAAGAGCGA          TATTGG--TGA GGT TCAATCCGATG          ATTGGTTTTACAGCA
-0.1      25 ..      36   CGATATTGGTGAGGT                TCA ATCCGA TGA                 TTGGTTTTACAGCAG
 3.4      24 ..      37   GCGATATTGGTGAGG               TTCA ATCCGA TGAT                TGGTTTTACAGCAGT
  -3      27 ..      38   ATATTGGTGAGGTTC                AATC CGAT GATT                 GGTTTTACAGCAGTG
-5.3      26 ..      39   GATATTGGTGAGGTT               CAATC CGAT GATTG                GTTTTACAGCAGTGG
  -4      25 ..      40   CGATATTGGTGAGGT              TCAATC CGAT GATTGG               TTTTACAGCAGTGGT
-0.5      24 ..      41   GCGATATTGGTGAGG             TTCAATC CGAT GATTGGT              TTTACAGCAGTGGTA
-0.6      28 ..      42   TATTGGTGAGGTTCA               ATCCGA TGA TTGGTT               TTACAGCAGTGGTAA
-1.5      27 ..      43   ATATTGGTGAGGTTC              AATCCGA TGA TTGGTTT              TACAGCAGTGGTAAA
 1.2      21 ..      44   AGAGCGATATTGGTG          AGGTTCAATC CGAT GATTGGTTTT           ACAGCAGTGGTAAAA
 1.1      25 ..      45   CGATATTGGTGAGGT            TCAATCCGA TGA TTGGTTTTA            CAGCAGTGGTAAAAT
 1.8      18 ..      46   GAAAGAGCGATATTG       GTGAGGTTCAATC CGAT GATTG-GTTTTAC        AGCAGTGGTAAAATC
   4      19 ..      47   AAAGAGCGATATTGG       TG-AGGTTCAATC CGAT GATTGGTTTTACA        GCAGTGGTAAAATCA
 2.1      37 ..      48   GGTTCAATCCGATGA                TTG GTTTTA CAG                 CAGTGGTAAAATCAG
 3.3      39 ..      49   TTCAATCCGATGATT                 GGT TTTAC AGC                 AGTGGTAAAATCAGT
 2.4      38 ..      50   GTTCAATCCGATGAT                TGGT TTTAC AGCA                GTGGTAAAATCAGTA
 3.7      37 ..      51   GGTTCAATCCGATGA               TTGGT TTTAC AGCAG               TGGTAAAATCAGTAT
 2.8      36 ..      52   AGGTTCAATCCGATG              ATTGGT TTTAC AGCAGT              GGTAAAATCAGTATC
   6      13 ..      53   xxxTGGAAAGAGCGA TATTGGTG-AGGTTCAATC CGAT GATTGGTTTTACAGCAGTG  GTAAAATCAGTATCT
 1.4      43 ..      54   ATCCGATGATTGGTT                TTAC AGCA GTGG                 TAAAATCAGTATCTG
 1.8      45 ..      55   CCGATGATTGGTTTT                 AC AGCAGTG GT                 AAAATCAGTATCTGA
 0.9      44 ..      56   TCCGATGATTGGTTT                TAC AGCAGTG GTA                AAATCAGTATCTGAT
9.537e-08      43 ..      57   ATCCGATGATTGGTT               TTAC AGCAGTG GTAA               AATCAGTATCTGATT
-0.9      42 ..      58   AATCCGATGATTGGT              TTTAC AGCAGTG GTAAA              ATCAGTATCTGATTG
-1.8      41 ..      59   CAATCCGATGATTGG             TTTTAC AGCAGTG GTAAAA             TCAGTATCTGATTGA
-0.5      40 ..      60   TCAATCCGATGATTG            GTTTTAC AGCAGTG GTAAAAT            CAGTATCTGATTGAG
-2.8      39 ..      61   TTCAATCCGATGATT           GGTTTTAC AGCAGTG GTAAAATC           AGTATCTGATTGAGC
-3.7      38 ..      62   GTTCAATCCGATGAT          TGGTTTTAC AGCAGTG GTAAAATCA          GTATCTGATTGAGCC
-2.4      37 ..      63   GGTTCAATCCGATGA         TTGGTTTTAC AGCAGTG GTAAAATCAG         TATCTGATTGAGCCG
-3.3      36 ..      64   AGGTTCAATCCGATG        ATTGGTTTTAC AGCAGTG GTAAAATCAGT        ATCTGATTGAGCCGC
 0.2      35 ..      65   GAGGTTCAATCCGAT       GATTGGTTTTAC AGCAGTG GTAAAATCAGTA       TCTGATTGAGCCGCG
 0.9      33 ..      66   GTGAGGTTCAATCCG     ATGATTGGTTTTAC AGCAGTG GTAAAATCAGT-AT     CTGATTGAGCCGCGC
-1.4      32 ..      67   GGTGAGGTTCAATCC    GATGATTGGTTTTAC AGCAGTG GTAAAATCAGT-ATC    TGATTGAGCCGCGCC
 2.1      31 ..      68   TGGTGAGGTTCAATC   CGATGATTGGTTTTAC AGCAGTG GTAAAATCAGT-ATCT   GATTGAGCCGCGCCA
-0.2      30 ..      69   TTGGTGAGGTTCAAT  CCGATGATTGGTTTTAC AGCAGTG GTAAAATCAGT-ATCTG  ATTGAGCCGCGCCAA
-5.4      60 ..      70   ACAGCAGTGGTAAAA                 TCAG TAT CTGA                 TTGAGCCGCGCCAAT
-6.3      59 ..      71   TACAGCAGTGGTAAA                ATCAG TAT CTGAT                TGAGCCGCGCCAATA
-7.2      58 ..      72   TTACAGCAGTGGTAA               AATCAG TAT CTGATT               GAGCCGCGCCAATAT
-5.2      26 ..      73   GATATTGGTGAGGTT CAATCCGATGATTGGTTTTAC AGCAGTG GTAAAATCAGT-ATCTGATTG AGCCGCGCCAATATC
-6.1      25 ..      74   CGATATTGGTGAGGT TCAATCCGATGATTGGTTTTAC AGCAGTG GTAAAATCAGT-ATCTGATTGA GCCGCGCCAATATCT
-4.8      24 ..      75   GCGATATTGGTGAGG TTCAATCCGATGATTGGTTTTAC AGCAGTG GTAAAATCAGT-ATCTGATTGAG CCGCGCCAATATCTC
-7.1      23 ..      76   AGCGATATTGGTGAG GTTCAATCCGATGATTGGTTTTAC AGCAGTG GTAAAATCAGT-ATCTGATTGAGC CGCGCCAATATCTCT
-9.4      22 ..      77   GAGCGATATTGGTGA GGTTCAATCCGATGATTGGTTTTAC AGCAGTG GTAAAATCAGT-ATCTGATTGAGCC GCGCCAATATCTCTT
-5.9      21 ..      78   AGAGCGATATTGGTG AGGTTCAATCCGATGATTGGTTTTAC AGCAGTG GTAAAATCAGT-ATCTGATTGAGCCG CGCCAATATCTCTTC
-4.5      51 ..      79   ATTGGTTTTACAGCA        GTGGTAAAATCAG TAT CTGATTGAGCCGC        GCCAATATCTCTTCC
  -1      50 ..      80   GATTGGTTTTACAGC       AGTGGTAAAATCAG TAT CTGATTGAGCCGCG       CCAATATCTCTTCCT
-3.1      48 ..      81   ATGATTGGTTTTACA     GCAGTGGTAAAATCAG TAT CTGATTGAGCCGC-GC     CAATATCTCTTCCTC
 0.2      48 ..      82   ATGATTGGTTTTACA     GCAGTGGTAAAATCAG TAT CTGATTGAGCCGCGCC     AATATCTCTTCCTCT
-0.8      72 ..      83   AAATCAGTATCTGAT                TGAGC CGC GC-CA                ATATCTCTTCCTCTC
-1.7      71 ..      84   AAAATCAGTATCTGA               TTGAGC CGC GC-CAA               TATCTCTTCCTCTCC
-2.6      70 ..      85   TAAAATCAGTATCTG              ATTGAGC CGC GC-CAAT              ATCTCTTCCTCTCCT
 0.9      69 ..      86   GTAAAATCAGTATCT             GATTGAGC CGC GC-CAATA             TCTCTTCCTCTCCTx
 4.4      68 ..      87   GGTAAAATCAGTATC            TGATTGAGC CGC GC-CAATAT            CTCTTCCTCTCCTxx
 4.4      69 ..      88   GTAAAATCAGTATCT            GAT-TGAGC CGC GCCAATATC            TCTTCCTCTCCTxxx
 6.2      79 ..      89   TATCTGATTGAGCCG                 CG CCAATAT CT                 CTTCCTCTCCTxxxx
 3.9      78 ..      90   GTATCTGATTGAGCC                GCG CCAATAT CTC                TTCCTCTCCTxxxxx
 7.4      77 ..      91   AGTATCTGATTGAGC               CGCG CCAATAT CTCT               TCCTCTCCTxxxxxx
 7.6      82 ..      92   CTGATTGAGCCGCGC                 CA ATATCTC TT                 CCTCTCCTxxxxxxx
 5.7      82 ..      93   CTGATTGAGCCGCGC                CAA TATCTC TTC                 CTCTCCTxxxxxxxx
 8.7      80 ..      94   ATCTGATTGAGCCGC               G CCAATATCTCTTC C               TCTCCTxxxxxxxxx
 7.1      84 ..      95   GATTGAGCCGCGCCA                A TATCTCTTCC T                 CTCCTxxxxxxxxxx
 8.6      85 ..      96   ATTGAGCCGCGCCAA                TA TCTCTTCC TC                 TCCTxxxxxxxxxxx
 7.1      86 ..      97   TTGAGCCGCGCCAAT                A TCTCTTCCTC T                 CCTxxxxxxxxxxxx
None      88 ..      98   GAGCCGCGCCAATAT                  CTCTTCCTCTC                  CTxxxxxxxxxxxxx
None      89 ..      99   AGCCGCGCCAATATC                  TCTTCCTCTCC                  Txxxxxxxxxxxxxx
