>AP001800.2:c28917-28720 Oryza sativa Japonica Group genomic DNA, chromosome 1, PAC clone:P0443E05 FORWARD
 7.6       1 ..      11   xxxxxxxxxxxxxxx                 AT GGATGGA AG                 AGAGCGTCCTTCAGT
 6.1       2 ..      12   xxxxxxxxxxxxxxA                 T GGATGGAAG A                 GAGCGTCCTTCAGTC
None       3 ..      13   xxxxxxxxxxxxxAT                  GGATGGAAGAG                  AGCGTCCTTCAGTCC
 8.1       2 ..      14   xxxxxxxxxxxxxxA                T GGATGGAAGAG A                GCGTCCTTCAGTCCA
 7.6       5 ..      15   xxxxxxxxxxxATGG                 AT GGAAGAG AG                 CGTCCTTCAGTCCAC
 5.3       4 ..      16   xxxxxxxxxxxxATG                GAT GGAAGAG AGC                GTCCTTCAGTCCACT
   5       6 ..      17   xxxxxxxxxxATGGA                TG GAAGAGAG CG                 TCCTTCAGTCCACTC
 4.1       5 ..      18   xxxxxxxxxxxATGG               ATG GAAGAGAG CGT                CCTTCAGTCCACTCA
-4.768e-08       8 ..      19   xxxxxxxxATGGATG                GAAG AGAG CGTC                 CTTCAGTCCACTCAT
-2.3       7 ..      20   xxxxxxxxxATGGAT               GGAAG AGAG CGTCC                TTCAGTCCACTCATG
 0.6      10 ..      21   xxxxxxATGGATGGA                AGAGA GCG TC-CT                TCAGTCCACTCATGG
-0.3       9 ..      22   xxxxxxxATGGATGG               AAGAGA GCG TC-CTT               CAGTCCACTCATGGG
-2.6       8 ..      23   xxxxxxxxATGGATG              GAAGAGA GCG TC-CTTC              AGTCCACTCATGGGC
 0.5       6 ..      24   xxxxxxxxxxATGGA             TGGAAGA GAGCG TCCTTCA             GTCCACTCATGGGCG
 2.2       6 ..      25   xxxxxxxxxxATGGA            TGGAAGAGA GCG TC-CTTCAG            TCCACTCATGGGCGG
 1.3       5 ..      26   xxxxxxxxxxxATGG           ATGGAAGAGA GCG TC-CTTCAGT           CCACTCATGGGCGGT
  -1       4 ..      27   xxxxxxxxxxxxATG          GATGGAAGAGA GCG TC-CTTCAGTC          CACTCATGGGCGGTG
-3.3       3 ..      28   xxxxxxxxxxxxxAT         GGATGGAAGAGA GCG TC-CTTCAGTCC         ACTCATGGGCGGTGC
-4.2       2 ..      29   xxxxxxxxxxxxxxA        TGGATGGAAGAGA GCG TC-CTTCAGTCCA        CTCATGGGCGGTGCT
-0.7       1 ..      30   xxxxxxxxxxxxxxx       ATGGATGGAAGAGA GCG TC-CTTCAGTCCAC       TCATGGGCGGTGCTA
 0.9       1 ..      31   xxxxxxxxxxxxxxx      A-TGGATGGAAGAGA GCG TC-CTTCAGTCCACT      CATGGGCGGTGCTAG
 2.4      13 ..      32   xxxATGGATGGAAGA            GAGCGTCC TTCA GTCCACTC             ATGGGCGGTGCTAGG
 1.4      22 ..      33   GGAAGAGAGCGTCCT                TCAG TCCA CTCA                 TGGGCGGTGCTAGGG
 4.1       1 ..      34   xxxxxxxxxxxxxxx     ATGGATGGAA-GAGAG CGT CCTTCAGTCCACTCAT     GGGCGGTGCTAGGGT
 2.6      20 ..      35   ATGGAAGAGAGCGTC              CTTCAG TCCA CTCATG               GGCGGTGCTAGGGTC
 0.3      19 ..      36   GATGGAAGAGAGCGT             CCTTCAG TCCA CTCATGG              GCGGTGCTAGGGTCG
-2.2      26 ..      37   GAGAGCGTCCTTCAG                TCCA CTCA TGGG                 CGGTGCTAGGGTCGA
-4.5      25 ..      38   AGAGAGCGTCCTTCA               GTCCA CTCA TGGGC                GGTGCTAGGGTCGAA
  -3      16 ..      39   ATGGATGGAAGAGAG          CGTCCTTCAG TCCA CTCATGGGCG           GTGCTAGGGTCGAAT
-3.3      23 ..      40   GAAGAGAGCGTCCTT             CAGTCCA CTCA TGGGCGG              TGCTAGGGTCGAATT
-0.4      14 ..      41   xxATGGATGGAAGAG        AGCGTCCTTCAG TCCA CTCATGGGCGGT         GCTAGGGTCGAATTA
 0.8      28 ..      42   GAGCGTCCTTCAGTC               CACT CATGGGC GGTG               CTAGGGTCGAATTAG
 3.3      13 ..      43   xxxATGGATGGAAGA      G-AGCGTCCTTCAG TCCA CTCATGGGCGGTGC       TAGGGTCGAATTAGC
 2.4      12 ..      44   xxxxATGGATGGAAG     AG-AGCGTCCTTCAG TCCA CTCATGGGCGGTGCT      AGGGTCGAATTAGCT
 1.2      35 ..      45   CTTCAGTCCACTCAT                 GGGC GGT GCTA                 GGGTCGAATTAGCTG
 2.5      34 ..      46   CCTTCAGTCCACTCA                TGGGC GGT GCTAG                GGTCGAATTAGCTGC
 3.3      32 ..      47   GTCCTTCAGTCCACT              CATGG GCGGTG CTAGG               GTCGAATTAGCTGCC
 3.7      32 ..      48   GTCCTTCAGTCCACT              CATGGGC GGT GCTAGGG              TCGAATTAGCTGCCG
 3.9      29 ..      49   AGCGTCCTTCAGTCC           ACTCATGG GCGGTG CTA-GGGT            CGAATTAGCTGCCGA
 3.4      40 ..      50   GTCCACTCATGGGCG                 GTGC TAG GGTC                 GAATTAGCTGCCGAC
   2      38 ..      51   CAGTCCACTCATGGG               CGGT GCTAGG GTCG                AATTAGCTGCCGACT
 4.2      26 ..      52   GAGAGCGTCCTTCAG        TCCACTCATGG GCGGTG CTA-GGGTCGA         ATTAGCTGCCGACTC
 3.9      41 ..      53   TCCACTCATGGGCGG                TGCTA GGG TCGAA                TTAGCTGCCGACTCA
 5.2      40 ..      54   GTCCACTCATGGGCG               GTGCTA GGG TCGAAT               TAGCTGCCGACTCAT
 5.4      45 ..      55   CTCATGGGCGGTGCT                 AG GGTCGAA TT                 AGCTGCCGACTCATT
 4.5      44 ..      56   ACTCATGGGCGGTGC                TAG GGTCGAA TTA                GCTGCCGACTCATTC
 2.2      43 ..      57   CACTCATGGGCGGTG               CTAG GGTCGAA TTAG               CTGCCGACTCATTCA
-0.1      42 ..      58   CCACTCATGGGCGGT              GCTAG GGTCGAA TTAGC              TGCCGACTCATTCAC
 3.4      41 ..      59   TCCACTCATGGGCGG             TGCTAG GGTCGAA TTAGCT             GCCGACTCATTCACC
   4      50 ..      60   GGGCGGTGCTAGGGT                 CG AATTAGC TG                 CCGACTCATTCACCC
 3.3      51 ..      61   GGCGGTGCTAGGGTC                 GAA TTAGC TGC                 CGACTCATTCACCCA
 1.9      47 ..      62   CATGGGCGGTGCTAG              GGTCG AATTAG CTGCC               GACTCATTCACCCAC
 0.3      38 ..      63   CAGTCCACTCATGGG         CGGT-GCTAG GGTCGAA TTAGCTGCCG         ACTCATTCACCCACA
 2.5      49 ..      64   TGGGCGGTGCTAGGG              TCG AATTAGCTGC CGA               CTCATTCACCCACAT
 0.2      48 ..      65   ATGGGCGGTGCTAGG             GTCG AATTAGCTGC CGAC              TCATTCACCCACATG
 1.5      47 ..      66   CATGGGCGGTGCTAG            GGTCG AATTAGCTGC CGACT             CATTCACCCACATGC
-0.8      46 ..      67   TCATGGGCGGTGCTA           GGGTCG AATTAGCTGC CGACTC            ATTCACCCACATGCC
 2.1      34 ..      68   CCTTCAGTCCACTCA    TGGG-CGGT-GCTAG GGTCGAA TTAGCTGCCGACTCA    TTCACCCACATGCCA
 1.2      33 ..      69   TCCTTCAGTCCACTC   ATGGG-CGGT-GCTAG GGTCGAA TTAGCTGCCGACTCAT   TCACCCACATGCCAA
 2.6      52 ..      70   GCGGTGCTAGGGTCG             AATTAG CTGCCGA CTCATT             CACCCACATGCCAAG
 0.3      51 ..      71   GGCGGTGCTAGGGTC            GAATTAG CTGCCGA CTCATTC            ACCCACATGCCAAGC
 3.3      62 ..      72   GGTCGAATTAGCTGC                 CGA CTCAT TCA                 CCCACATGCCAAGCA
 3.1      48 ..      73   ATGGGCGGTGCTAGG         GTCGAATTAG CTGCCGA CTCATTC-AC         CCACATGCCAAGCAA
 0.8      47 ..      74   CATGGGCGGTGCTAG        GGTCGAATTAG CTGCCGA CTCATTC-ACC        CACATGCCAAGCAAG
-1.5      46 ..      75   TCATGGGCGGTGCTA       GGGTCGAATTAG CTGCCGA CTCATTC-ACCC       ACATGCCAAGCAAGA
   2      45 ..      76   CTCATGGGCGGTGCT      AGGGTCGAATTAG CTGCCGA CTCATTC-ACCCA      CATGCCAAGCAAGAA
 5.5      44 ..      77   ACTCATGGGCGGTGC     TAGGGTCGAATTAG CTGCCGA CTCATTC-ACCCAC     ATGCCAAGCAAGAAA
 5.9      34 ..      78   CCTTCAGTCCACTCA TGGGCGGTGCTAGGGTCG AATTAGCTGC CGACTCATTCACC-CACA TGCCAAGCAAGAAAC
 4.2      68 ..      79   ATTAGCTGCCGACTC                AT TCACCCAC AT                 GCCAAGCAAGAAACG
 1.9      67 ..      80   AATTAGCTGCCGACT               CAT TCACCCAC ATG                CCAAGCAAGAAACGC
 4.3      70 ..      81   TAGCTGCCGACTCAT                TCA CCCACA TGC                 CAAGCAAGAAACGCT
 6.8      36 ..      82   TTCAGTCCACTCATG GGCGGTGCTAGGGTCGAATTAG CTGCCGA CTCATTC-ACCC-A-CAT-GCC AAGCAAGAAACGCTT
 7.8      70 ..      83   TAGCTGCCGACTCAT               TCAC CCACAT GCCA                AGCAAGAAACGCTTG
 6.9      69 ..      84   TTAGCTGCCGACTCA              TTCAC CCACAT GCCAA               GCAAGAAACGCTTGA
 4.7      75 ..      85   GCCGACTCATTCACC                 C ACATGCCAA G                 CAAGAAACGCTTGAG
 4.8      76 ..      86   CCGACTCATTCACCC                 ACAT GCC AAGC                 AAGAAACGCTTGAGA
 7.5      77 ..      87   CGACTCATTCACCCA                CATGC CAA GCA--                AGAAACGCTTGAGAT
  -1      78 ..      88   GACTCATTCACCCAC                 ATGC CAA GCAA                 GAAACGCTTGAGATA
-3.3      77 ..      89   CGACTCATTCACCCA                CATGC CAA GCAAG                AAACGCTTGAGATAG
 0.2      76 ..      90   CCGACTCATTCACCC               ACATGC CAA GCAAGA               AACGCTTGAGATAGC
 3.7      75 ..      91   GCCGACTCATTCACC              CACATGC CAA GCAAGAA              ACGCTTGAGATAGCG
 7.2      74 ..      92   TGCCGACTCATTCAC             CCACATGC CAA GCAAGAAA             CGCTTGAGATAGCGA
 7.7      80 ..      93   CTCATTCACCCACAT               G CCAAGCAAGAAA C                GCTTGAGATAGCGAA
 6.2      84 ..      94   TTCACCCACATGCCA                 AG CAAGAAA CG                 CTTGAGATAGCGAAG
 0.4      85 ..      95   TCACCCACATGCCAA                 GC AAGAAAC GC                 TTGAGATAGCGAAGC
-0.5      84 ..      96   TTCACCCACATGCCA                AGC AAGAAAC GCT                TGAGATAGCGAAGCT
-1.4      83 ..      97   ATTCACCCACATGCC               AAGC AAGAAAC GCTT               GAGATAGCGAAGCTT
-3.7      82 ..      98   CATTCACCCACATGC              CAAGC AAGAAAC GCTTG              AGATAGCGAAGCTTA
-0.2      81 ..      99   TCATTCACCCACATG             CCAAGC AAGAAAC GCTTGA             GATAGCGAAGCTTAG
-4.768e-08      81 ..     100   TCATTCACCCACATG            C-CAAGC AAGAAAC GCTTGAG            ATAGCGAAGCTTAGC
 2.4      79 ..     101   ACTCATTCACCCACA           TGCCAAGC AAGAAAC GCTTGAGA           TAGCGAAGCTTAGCA
 1.5      78 ..     102   GACTCATTCACCCAC          ATGCCAAGC AAGAAAC GCTTGAGAT          AGCGAAGCTTAGCAG
   5      77 ..     103   CGACTCATTCACCCA         CATGCCAAGC AAGAAAC GCTTGAGATA         GCGAAGCTTAGCAGA
 5.2      77 ..     104   CGACTCATTCACCCA        C-ATGCCAAGC AAGAAAC GCTTGAGATAG        CGAAGCTTAGCAGAT
-1.5      94 ..     105   TGCCAAGCAAGAAAC                GCT TGAGAT AGC                 GAAGCTTAGCAGATG
-3.8      93 ..     106   ATGCCAAGCAAGAAA               CGCT TGAGAT AGCG                AAGCTTAGCAGATGA
-0.3      92 ..     107   CATGCCAAGCAAGAA              ACGCT TGAGAT AGCGA               AGCTTAGCAGATGAG
 3.2      91 ..     108   ACATGCCAAGCAAGA             AACGCT TGAGAT AGCGAA              GCTTAGCAGATGAGT
 2.9      95 ..     109   GCCAAGCAAGAAACG               CTT GAGATAGCG AAG               CTTAGCAGATGAGTG
 0.6      94 ..     110   TGCCAAGCAAGAAAC              GCTT GAGATAGCG AAGC              TTAGCAGATGAGTGA
 2.4      99 ..     111   AGCAAGAAACGCTTG                AGAT AGCGA AGCT                TAGCAGATGAGTGAA
  -1     102 ..     112   AAGAAACGCTTGAGA                 TAGC GAA GCTT                 AGCAGATGAGTGAAT
 0.6     102 ..     113   AAGAAACGCTTGAGA                T-AGC GAA GCTTA                GCAGATGAGTGAATG
 4.1      96 ..     114   CCAAGCAAGAAACGC             TTGAGAT AGCGA AGCTTAG             CAGATGAGTGAATGA
-4.768e-08     104 ..     115   GAAACGCTTGAGATA                GCGA AGCT TAGC                 AGATGAGTGAATGAA
 3.5     103 ..     116   AGAAACGCTTGAGAT               AGCGA AGCT TAGCA                GATGAGTGAATGAAG
 3.4     107 ..     117   ACGCTTGAGATAGCG                 AAGC TTA GCAG                 ATGAGTGAATGAAGC
 6.9     106 ..     118   AACGCTTGAGATAGC                GAAGC TTA GCAGA                TGAGTGAATGAAGCG
 1.4     108 ..     119   CGCTTGAGATAGCGA                AGCT TAGC AGAT                 GAGTGAATGAAGCGG
 3.3     110 ..     120   CTTGAGATAGCGAAG                 CTT AGCAG ATG                 AGTGAATGAAGCGGG
 2.5     111 ..     121   TTGAGATAGCGAAGC                 TTA GCAGA TGA                 GTGAATGAAGCGGGA
 0.2     110 ..     122   CTTGAGATAGCGAAG                CTTA GCAGA TGAG                TGAATGAAGCGGGAG
 1.5     109 ..     123   GCTTGAGATAGCGAA               GCTTA GCAGA TGAGT               GAATGAAGCGGGAGG
   5     108 ..     124   CGCTTGAGATAGCGA              AGCTTA GCAGA TGAGTG              AATGAAGCGGGAGGT
 4.3     114 ..     125   AGATAGCGAAGCTTA                GCA GATGAG TGA                 ATGAAGCGGGAGGTA
 4.7     111 ..     126   TTGAGATAGCGAAGC              TTAGC AGATGA GTGAA               TGAAGCGGGAGGTAA
 6.9     117 ..     127   TAGCGAAGCTTAGCA                 GAT GAGTG AAT                 GAAGCGGGAGGTAAC
 4.8     115 ..     128   GATAGCGAAGCTTAG               CA GATGAGTGAA TG                AAGCGGGAGGTAACG
 4.7     119 ..     129   GCGAAGCTTAGCAGA                 TGA GTGAA TGA                 AGCGGGAGGTAACGT
 7.1     119 ..     130   GCGAAGCTTAGCAGA                T GAGTGAATGA A                 GCGGGAGGTAACGTT
None     121 ..     131   GAAGCTTAGCAGATG                  AGTGAATGAAG                  CGGGAGGTAACGTTC
   4     122 ..     132   AAGCTTAGCAGATGA                 GT GAATGAA GC                 GGGAGGTAACGTTCC
   4     123 ..     133   AGCTTAGCAGATGAG                 TG AATGAAG CG                 GGAGGTAACGTTCCG
 7.5     122 ..     134   AAGCTTAGCAGATGA                GTG AATGAAG CGG                GAGGTAACGTTCCGA
   7     125 ..     135   CTTAGCAGATGAGTG                 AATG AAG CGGG                 AGGTAACGTTCCGAT
None     126 ..     136   TTAGCAGATGAGTGA                  ATGAAGCGGGA                  GGTAACGTTCCGATC
 8.3     127 ..     137   TAGCAGATGAGTGAA                 T GAAGCGGGA G                 GTAACGTTCCGATCT
None     128 ..     138   AGCAGATGAGTGAAT                  GAAGCGGGAGG                  TAACGTTCCGATCTC
 6.1     129 ..     139   GCAGATGAGTGAATG                 A AGCGGGAGG T                 AACGTTCCGATCTCG
 5.5     130 ..     140   CAGATGAGTGAATGA                 AGC GGGAG GTA                 ACGTTCCGATCTCGC
 8.7     127 ..     141   TAGCAGATGAGTGAA               TGA AGCGGGAGG TAA               CGTTCCGATCTCGCG
 5.7     131 ..     142   AGATGAGTGAATGAA                G CGGGAGGTAA C                 GTTCCGATCTCGCGC
 1.4     132 ..     143   GATGAGTGAATGAAG                CG GGAGGTAA CG                 TTCCGATCTCGCGCC
 2.7     131 ..     144   AGATGAGTGAATGAA               GCG GGAGGTAA CGT                TCCGATCTCGCGCCG
 1.8     130 ..     145   CAGATGAGTGAATGA              AGCG GGAGGTAA CGTT               CCGATCTCGCGCCGT
 0.3     134 ..     146   TGAGTGAATGAAGCG                GGAGG TAA CGTTC                CGATCTCGCGCCGTC
  -2     133 ..     147   ATGAGTGAATGAAGC               GGGAGG TAA CGTTCC               GATCTCGCGCCGTCT
-4.3     132 ..     148   GATGAGTGAATGAAG              CGGGAGG TAA CGTTCCG              ATCTCGCGCCGTCTT
-0.8     131 ..     149   AGATGAGTGAATGAA             GCGGGAGG TAA CGTTCCGA             TCTCGCGCCGTCTTT
-1.7     130 ..     150   CAGATGAGTGAATGA            AGCGGGAGG TAA CGTTCCGAT            CTCGCGCCGTCTTTG
 1.8     129 ..     151   GCAGATGAGTGAATG           AAGCGGGAGG TAA CGTTCCGATC           TCGCGCCGTCTTTGC
 3.1     128 ..     152   AGCAGATGAGTGAAT          GAAGCGGGAGG TAA CGTTCCGATCT          CGCGCCGTCTTTGCT
 1.1     128 ..     153   AGCAGATGAGTGAAT         GA-AGCGGGAGG TAA CGTTCCGATCTC         GCGCCGTCTTTGCTT
 2.4     142 ..     154   TGAAGCGGGAGGTAA                CG TTCCGATCT CG                CGCCGTCTTTGCTTG
 2.2     131 ..     155   AGATGAGTGAATGAA         GCGGGA--GGTA ACG TTCCGATCTCGC         GCCGTCTTTGCTTGG
 0.8     132 ..     156   GATGAGTGAATGAAG          CGGGAGGT AACGTTCCG ATCTCGCG          CCGTCTTTGCTTGGA
-1.5     131 ..     157   AGATGAGTGAATGAA         GCGGGAGGT AACGTTCCG ATCTCGCGC         CGTCTTTGCTTGGAC
   2     130 ..     158   CAGATGAGTGAATGA        AGCGGGAGGT AACGTTCCG ATCTCGCGCC        GTCTTTGCTTGGACT
 1.1     142 ..     159   TGAAGCGGGAGGTAA             CGTTCCG ATCT CGCGCCG              TCTTTGCTTGGACTG
 0.2     141 ..     160   ATGAAGCGGGAGGTA            ACGTTCCG ATCT CGCGCCGT             CTTTGCTTGGACTGA
 3.4     151 ..     161   AGGTAACGTTCCGAT                 CTCG CGC CGTC                 TTTGCTTGGACTGAA
 4.6     130 ..     162   CAGATGAGTGAATGA     AG-CGG-GAGGTAACG TTC CGATCTCGCGCCGTCT     TTGCTTGGACTGAAG
 3.7     129 ..     163   GCAGATGAGTGAATG    AAG-CGG-GAGGTAACG TTC CGATCTCGCGCCGTCTT    TGCTTGGACTGAAGG
   5     128 ..     164   AGCAGATGAGTGAAT   GAAG-CGG-GAGGTAACG TTC CGATCTCGCGCCGTCTTT   GCTTGGACTGAAGGG
   4     155 ..     165   AACGTTCCGATCTCG                 CG CCGTCTT TG                 CTTGGACTGAAGGGT
 0.4     156 ..     166   ACGTTCCGATCTCGC                 GC CGTCTTT GC                 TTGGACTGAAGGGTG
 3.9     155 ..     167   AACGTTCCGATCTCG                CGC CGTCTTT GCT                TGGACTGAAGGGTGC
 5.2     154 ..     168   TAACGTTCCGATCTC               GCGC CGTCTTT GCTT               GGACTGAAGGGTGCT
 2.9     153 ..     169   GTAACGTTCCGATCT              CGCGC CGTCTTT GCTTG              GACTGAAGGGTGCTC
 2.7     157 ..     170   CGTTCCGATCTCGCG               CCG TCTTTGCT TGG                ACTGAAGGGTGCTCC
 2.1     160 ..     171   TCCGATCTCGCGCCG                TCT TTGCTT GGA                 CTGAAGGGTGCTCCC
-0.2     159 ..     172   TTCCGATCTCGCGCC               GTCT TTGCTT GGAC                TGAAGGGTGCTCCCT
 3.3     158 ..     173   GTTCCGATCTCGCGC              CGTCT TTGCTT GGACT               GAAGGGTGCTCCCTC
   1     157 ..     174   CGTTCCGATCTCGCG             CCGTCT TTGCTT GGACTG              AAGGGTGCTCCCTCC
 4.5     156 ..     175   ACGTTCCGATCTCGC            GCCGTCT TTGCTT GGACTGA             AGGGTGCTCCCTCCT
 4.4     162 ..     176   CGATCTCGCGCCGTC               TTTGCT TGG ACTGAA               GGGTGCTCCCTCCTC
-0.1     166 ..     177   CTCGCGCCGTCTTTG                CTT GGACTG AAG                 GGTGCTCCCTCCTCC
 3.1     166 ..     178   CTCGCGCCGTCTTTG                CTT GGACTGA AGG                GTGCTCCCTCCTCCT
 4.7     164 ..     179   ATCTCGCGCCGTCTT              TGCTT GGACTG AAGGG               TGCTCCCTCCTCCTC
 4.8     170 ..     180   CGCCGTCTTTGCTTG                 GACT GAA GGGT                 GCTCCCTCCTCCTCG
 3.6     170 ..     181   CGCCGTCTTTGCTTG                GACT GAAG GGTG                 CTCCCTCCTCCTCGA
 1.3     169 ..     182   GCGCCGTCTTTGCTT               GGACT GAAG GGTGC                TCCCTCCTCCTCGAT
 4.8     168 ..     183   CGCGCCGTCTTTGCT              TGGACT GAAG GGTGCT               CCCTCCTCCTCGATC
 1.8     174 ..     184   GTCTTTGCTTGGACT                 GA AGGGTGC TC                 CCTCCTCCTCGATCx
-4.768e-08     174 ..     185   GTCTTTGCTTGGACT                GAAG GGTG CTCC                 CTCCTCCTCGATCxx
 1.1     176 ..     186   CTTTGCTTGGACTGA                AGGG TGCT CCC-                 TCCTCCTCGATCxxx
-5.8     176 ..     187   CTTTGCTTGGACTGA                AGGG TGCT CCCT                 CCTCCTCGATCxxxx
-2.3     175 ..     188   TCTTTGCTTGGACTG               AAGGG TGCT CCCTC                CTCCTCGATCxxxxx
-4.6     174 ..     189   GTCTTTGCTTGGACT              GAAGGG TGCT CCCTCC               TCCTCGATCxxxxxx
  -2     176 ..     190   CTTTGCTTGGACTGA               AGGGTG CTC CCTCCT               CCTCGATCxxxxxxx
   1     174 ..     191   GTCTTTGCTTGGACT             GAAGGG TGCTCC CTCCTC              CTCGATCxxxxxxxx
-0.8     174 ..     192   GTCTTTGCTTGGACT             GAAGGGTG CTC CCTCCTCC             TCGATCxxxxxxxxx
   1     176 ..     193   CTTTGCTTGGACTGA             AGGGTG CTCCCT CCTCCT              CGATCxxxxxxxxxx
 2.6     174 ..     194   GTCTTTGCTTGGACT           GAAG-GGTG CTCC CTCCTCCTC            GATCxxxxxxxxxxx
 3.9     173 ..     195   CGTCTTTGCTTGGAC          TGAAG-GGTG CTCC CTCCTCCTCG           ATCxxxxxxxxxxxx
 4.8     183 ..     196   TGGACTGAAGGGTGC               TC CCTCCTCCTC GA                TCxxxxxxxxxxxxx
 4.3     186 ..     197   ACTGAAGGGTGCTCC                CTC CTCCTC GAT                 Cxxxxxxxxxxxxxx
