>AARH01038611.1:c438-287 Populus trichocarpa Ptrichocarpa_Cont38611, whole genome shotgun sequence FORWARD
 0.3       1 ..      11   xxxxxxxxxxxxxxx                 TAA TCTAT TTA                 AGAACAAATCCTTAT
 5.7       1 ..      12   xxxxxxxxxxxxxxx                TAA TCTATT TAA                 GAACAAATCCTTATT
 7.6       3 ..      13   xxxxxxxxxxxxxTA                 AT CTATTTA AG                 AACAAATCCTTATTT
-1.1       4 ..      14   xxxxxxxxxxxxTAA                 TCT ATTTA AGA                 ACAAATCCTTATTTA
 2.4       3 ..      15   xxxxxxxxxxxxxTA                ATCT ATTTA AGAA                CAAATCCTTATTTAA
 5.9       2 ..      16   xxxxxxxxxxxxxxT               AATCT ATTTA AGAAC               AAATCCTTATTTAAT
 2.8       6 ..      17   xxxxxxxxxxTAATC                TATT TAAG AACA                 AATCCTTATTTAATT
 3.2       8 ..      18   xxxxxxxxTAATCTA                 TT TAAGAAC AA                 ATCCTTATTTAATTA
 1.3       8 ..      19   xxxxxxxxTAATCTA                TTT AAGAAC AAA                 TCCTTATTTAATTAT
 0.4       7 ..      20   xxxxxxxxxTAATCT               ATTT AAGAAC AAAT                CCTTATTTAATTATG
 3.9       6 ..      21   xxxxxxxxxxTAATC              TATTT AAGAAC AAATC               CTTATTTAATTATGA
 3.3      12 ..      22   xxxxTAATCTATTTA                 AGA ACAAA TCC                 TTATTTAATTATGAT
 1.4      12 ..      23   xxxxTAATCTATTTA                AGAA CAAA TCCT                 TATTTAATTATGATA
 0.5      11 ..      24   xxxxxTAATCTATTT               AAGAA CAAA TCCTT                ATTTAATTATGATAG
-0.4      10 ..      25   xxxxxxTAATCTATT              TAAGAA CAAA TCCTTA               TTTAATTATGATAGA
 2.8      15 ..      26   xTAATCTATTTAAGA                ACAA ATCC TTAT                 TTAATTATGATAGAC
 1.9      14 ..      27   xxTAATCTATTTAAG               AACAA ATCC TTATT                TAATTATGATAGACA
-1.6      17 ..      28   AATCTATTTAAGAAC                AAAT CCTT ATTT                 AATTATGATAGACAC
 1.9      16 ..      29   TAATCTATTTAAGAA               CAAAT CCTT ATTTA                ATTATGATAGACACA
 5.4      15 ..      30   xTAATCTATTTAAGA              ACAAAT CCTT ATTTAA               TTATGATAGACACAT
 4.5      14 ..      31   xxTAATCTATTTAAG             AACAAAT CCTT ATTTAAT              TATGATAGACACATA
 4.3      18 ..      32   ATCTATTTAAGAACA               AAT CCTTATTTA ATT               ATGATAGACACATAC
 1.8      23 ..      33   TTTAAGAACAAATCC                 TTAT TTA ATTA                 TGATAGACACATACA
 5.3      22 ..      34   ATTTAAGAACAAATC                CTTAT TTA ATTAT                GATAGACACATACAC
   3      21 ..      35   TATTTAAGAACAAAT               CCTTAT TTA ATTATG               ATAGACACATACACA
 2.1      20 ..      36   CTATTTAAGAACAAA              TCCTTAT TTA ATTATGA              TAGACACATACACAT
 1.2      19 ..      37   TCTATTTAAGAACAA             ATCCTTAT TTA ATTATGAT             AGACACATACACATG
 3.2      28 ..      38   GAACAAATCCTTATT                 TA ATTATGA TA                 GACACATACACATGA
 4.5      27 ..      39   AGAACAAATCCTTAT                TTA ATTATGA TAG                ACACATACACATGAC
 3.6      26 ..      40   AAGAACAAATCCTTA               TTTA ATTATGA TAGA               CACATACACATGACT
 6.2      31 ..      41   CAAATCCTTATTTAA                 TTAT GAT AGAC                 ACATACACATGACTG
 4.7      32 ..      42   AAATCCTTATTTAAT                 TAT GATAG ACA                 CATACACATGACTGC
 3.3      33 ..      43   AATCCTTATTTAATT                 ATG ATAGA CAC                 ATACACATGACTGCT
 1.8      34 ..      44   ATCCTTATTTAATTA                 TG ATAGACA CA                 TACACATGACTGCTC
 0.9      33 ..      45   AATCCTTATTTAATT                ATG ATAGACA CAT                ACACATGACTGCTCA
9.537e-08      32 ..      46   AAATCCTTATTTAAT               TATG ATAGACA CATA               CACATGACTGCTCAG
 3.5      31 ..      47   CAAATCCTTATTTAA              TTATG ATAGACA CATAC              ACATGACTGCTCAGA
   5      34 ..      48   ATCCTTATTTAATTA              TGATA GACACA TA-CA               CATGACTGCTCAGAA
 4.7      39 ..      49   TATTTAATTATGATA                 G ACACATACA C                 ATGACTGCTCAGAAT
 7.6      32 ..      50   AAATCCTTATTTAAT            TATGATA GACACA TA-CACA             TGACTGCTCAGAATC
 6.9      33 ..      51   AATCCTTATTTAATT             ATG ATAGACACATACA CAT             GACTGCTCAGAATCA
 2.8      41 ..      52   TTTAATTATGATAGA                CA CATACACA TG                 ACTGCTCAGAATCAT
 1.4      42 ..      53   TTAATTATGATAGAC                ACAT ACAC ATGA                 CTGCTCAGAATCATT
   4      39 ..      54   TATTTAATTATGATA              GACA CATACACA TGAC               TGCTCAGAATCATTT
 3.1      38 ..      55   TTATTTAATTATGAT             AGACA CATACACA TGACT              GCTCAGAATCATTTA
 3.5      43 ..      56   TAATTATGATAGACA               CATAC ACAT GACTG                CTCAGAATCATTTAT
 4.3      46 ..      57   TTATGATAGACACAT                ACA CATGAC TGC                 TCAGAATCATTTATT
 3.9      48 ..      58   ATGATAGACACATAC                A-CA TGAC TGCT                 CAGAATCATTTATTA
 7.2      35 ..      59   TCCTTATTTAATTAT         GA-TAGACA CATACACA TGACTGCTC          AGAATCATTTATTAT
 3.9      50 ..      60   GATAGACACATACAC                ATGA CTGC TCA-                 GAATCATTTATTATC
 1.4      50 ..      61   GATAGACACATACAC                ATGA CTGC TCAG                 AATCATTTATTATCA
 4.9      49 ..      62   TGATAGACACATACA               CATGA CTGC TCAGA                ATCATTTATTATCAT
 5.8      52 ..      63   TAGACACATACACAT                GACT GCTC AGAA                 TCATTTATTATCATA
 4.8      54 ..      64   GACACATACACATGA                 CTGC TCA GAAT                 CATTTATTATCATAA
 3.4      52 ..      65   TAGACACATACACAT               GACT GCTCAG AATC                ATTTATTATCATAAA
 1.4      55 ..      66   ACACATACACATGAC                TGCT CAGA ATCA                 TTTATTATCATAAAT
 1.6      50 ..      67   GATAGACACATACAC             ATGACT GCTCAG AATCAT              TTATTATCATAAATC
   4      53 ..      68   AGACACATACACATG              ACTGCT CAGA ATCATT               TATTATCATAAATCC
 4.2      48 ..      69   ATGATAGACACATAC           ACATGACT GCTCAG AATCATTT            ATTATCATAAATCCG
   4      60 ..      70   TACACATGACTGCTC                 AGAA TCA TTTA                 TTATCATAAATCCGA
 2.8      60 ..      71   TACACATGACTGCTC                AGAA TCAT TTAT                 TATCATAAATCCGAC
 0.3      62 ..      72   CACATGACTGCTCAG                 AAT CATTT ATT                 ATCATAAATCCGACT
 3.8      61 ..      73   ACACATGACTGCTCA                GAAT CATTT ATTA                TCATAAATCCGACTA
 2.8      63 ..      74   ACATGACTGCTCAGA                ATCA TTTA TTAT                 CATAAATCCGACTAC
 4.7      65 ..      75   ATGACTGCTCAGAAT                 CAT TTATT ATC                 ATAAATCCGACTACA
 3.8      64 ..      76   CATGACTGCTCAGAA                TCAT TTATT ATCA                TAAATCCGACTACAT
 2.9      63 ..      77   ACATGACTGCTCAGA               ATCAT TTATT ATCAT               AAATCCGACTACATC
 5.3      68 ..      78   ACTGCTCAGAATCAT                TTAT TATC AT-A                 AATCCGACTACATCA
-1.6      68 ..      79   ACTGCTCAGAATCAT                TTAT TATC ATAA                 ATCCGACTACATCAT
-2.5      67 ..      80   GACTGCTCAGAATCA               TTTAT TATC ATAAA                TCCGACTACATCATT
-3.4      66 ..      81   TGACTGCTCAGAATC              ATTTAT TATC ATAAAT               CCGACTACATCATTA
 0.1      65 ..      82   ATGACTGCTCAGAAT             CATTTAT TATC ATAAATC              CGACTACATCATTAA
 3.6      64 ..      83   CATGACTGCTCAGAA            TCATTTAT TATC ATAAATCC             GACTACATCATTAAC
 6.3      65 ..      84   ATGACTGCTCAGAAT           C--ATTTAT TATC ATAAATCCG            ACTACATCATTAACA
 2.8      74 ..      85   CAGAATCATTTATTA                TC ATAAATCC GA                 CTACATCATTAACAT
 6.3      73 ..      86   TCAGAATCATTTATT               ATC ATAAATCC GAC                TACATCATTAACATT
 7.1      76 ..      87   GAATCATTTATTATC                A TAAATCCGAC T                 ACATCATTAACATTG
 4.2      77 ..      88   AATCATTTATTATCA                TA AATCCGAC TA                 CATCATTAACATTGA
 7.7      76 ..      89   GAATCATTTATTATC               ATA AATCCGAC TAC                ATCATTAACATTGAA
None      80 ..      90   CATTTATTATCATAA                  ATCCGACTACA                  TCATTAACATTGAAA
 4.2      80 ..      91   CATTTATTATCATAA                AT CCGACTAC AT                 CATTAACATTGAAAA
 7.7      79 ..      92   TCATTTATTATCATA               AAT CCGACTAC ATC                ATTAACATTGAAAAA
 3.3      83 ..      93   TTATTATCATAAATC                 CGA CTACA TCA                 TTAACATTGAAAAAC
 6.8      82 ..      94   TTTATTATCATAAAT                CCGA CTACA TCAT                TAACATTGAAAAACA
 4.7      85 ..      95   ATTATCATAAATCCG                 ACT ACATC ATT                 AACATTGAAAAACAA
 8.2      84 ..      96   TATTATCATAAATCC                GACT ACATC ATTA                ACATTGAAAAACAAA
 5.7      86 ..      97   TTATCATAAATCCGA                CTA CATCAT TAA                 CATTGAAAAACAAAA
 8.7      84 ..      98   TATTATCATAAATCC               G ACTACATCATTAA C               ATTGAAAAACAAAAG
 8.1      87 ..      99   TATCATAAATCCGAC                T ACATCATTAAC A                TTGAAAAACAAAAGA
 3.2      90 ..     100   CATAAATCCGACTAC                 AT CATTAAC AT                 TGAAAAACAAAAGAT
 6.7      89 ..     101   TCATAAATCCGACTA                CAT CATTAAC ATT                GAAAAACAAAAGATA
 0.4      92 ..     102   TAAATCCGACTACAT                 CATT AAC ATTG                 AAAAACAAAAGATAA
-0.5      91 ..     103   ATAAATCCGACTACA                TCATT AAC ATTGA                AAAACAAAAGATAAT
 1.8      94 ..     104   AATCCGACTACATCA                 TTAA CAT TGAA                 AAACAAAAGATAATT
 4.2      94 ..     105   AATCCGACTACATCA                TT AACATTGA AA                 AACAAAAGATAATTA
 3.9      94 ..     106   AATCCGACTACATCA                TTAAC ATT GAAAA                ACAAAAGATAATTAC
 6.2      94 ..     107   AATCCGACTACATCA               TT AACATTGAAA AA                CAAAAGATAATTACT
 6.2      98 ..     108   CGACTACATCATTAA                 CATT GAA AAAC                 AAAAGATAATTACTG
 7.2      98 ..     109   CGACTACATCATTAA                CATT GAAA AACA                 AAAGATAATTACTGT
-1.1     100 ..     110   ACTACATCATTAACA                 TTG AAAAA CAA                 AAGATAATTACTGTG
 2.4      99 ..     111   GACTACATCATTAAC                ATTG AAAAA CAAA                AGATAATTACTGTGT
 5.2     100 ..     112   ACTACATCATTAACA                TT GAAAAACAA AA                GATAATTACTGTGTG
 5.4      98 ..     113   CGACTACATCATTAA              CATT GAAAAACA AAAG               ATAATTACTGTGTGA
 8.9      97 ..     114   CCGACTACATCATTA             ACATT GAAAAACA AAAGA              TAATTACTGTGTGAA
 6.1     105 ..     115   ATCATTAACATTGAA                 A AACAAAAGA T                 AATTACTGTGTGAAC
 5.8     105 ..     116   ATCATTAACATTGAA                AAAC AAAA GATA                 ATTACTGTGTGAACA
 6.2      94 ..     117   AATCCGACTACATCA          TTAACATT GAAAAACA AAAGATAA           TTACTGTGTGAACAA
 5.3      93 ..     118   AAATCCGACTACATC         ATTAACATT GAAAAACA AAAGATAAT          TACTGTGTGAACAAT
 3.2     109 ..     119   TTAACATTGAAAAAC                 AA AAGATAA TT                 ACTGTGTGAACAATA
 4.7     110 ..     120   TAACATTGAAAAACA                 AAA GATAA TTA                 CTGTGTGAACAATAA
 8.2     109 ..     121   TTAACATTGAAAAAC                AAAA GATAA TTAC                TGTGTGAACAATAAT
 1.8     112 ..     122   ACATTGAAAAACAAA                 AG ATAATTA CT                 GTGTGAACAATAATT
 5.3     111 ..     123   AACATTGAAAAACAA                AAG ATAATTA CTG                TGTGAACAATAATTT
 2.5     114 ..     124   ATTGAAAAACAAAAG                 ATA ATTAC TGT                 GTGAACAATAATTTT
 5.4     115 ..     125   TTGAAAAACAAAAGA                 TA ATTACTG TG                 TGAACAATAATTTTT
 4.5     114 ..     126   ATTGAAAAACAAAAG                ATA ATTACTG TGT                GAACAATAATTTTTT
 7.2     108 ..     127   ATTAACATTGAAAAA            CA-AAAG ATAATTA CTGTGTG            AACAATAATTTTTTA
-1.8     118 ..     128   AAAAACAAAAGATAA                 TTAC TGT GTGA                 ACAATAATTTTTTAA
 1.7     117 ..     129   GAAAAACAAAAGATA                ATTAC TGT GTGAA                CAATAATTTTTTAAG
 5.2     116 ..     130   TGAAAAACAAAAGAT               AATTAC TGT GTGAAC               AATAATTTTTTAAGA
 3.9     121 ..     131   AACAAAAGATAATTA                CTGT GTGA ACA-                 ATAATTTTTTAAGAT
 1.4     121 ..     132   AACAAAAGATAATTA                CTGT GTGA ACAA                 TAATTTTTTAAGATT
 0.5     120 ..     133   AAACAAAAGATAATT               ACTGT GTGA ACAAT                AATTTTTTAAGATTT
-0.4     119 ..     134   AAAACAAAAGATAAT              TACTGT GTGA ACAATA               ATTTTTTAAGATTTG
-1.3     118 ..     135   AAAAACAAAAGATAA             TTACTGT GTGA ACAATAA              TTTTTTAAGATTTGA
-2.2     117 ..     136   GAAAAACAAAAGATA            ATTACTGT GTGA ACAATAAT             TTTTTAAGATTTGAA
-3.1     116 ..     137   TGAAAAACAAAAGAT           AATTACTGT GTGA ACAATAATT            TTTTAAGATTTGAAT
 0.4     115 ..     138   TTGAAAAACAAAAGA          TAATTACTGT GTGA ACAATAATTT           TTTAAGATTTGAATx
-0.5     114 ..     139   ATTGAAAAACAAAAG         ATAATTACTGT GTGA ACAATAATTTT          TTAAGATTTGAATxx
 0.8     113 ..     140   CATTGAAAAACAAAA        GATAATTACTGT GTGA ACAATAATTTTT         TAAGATTTGAATxxx
-0.1     112 ..     141   ACATTGAAAAACAAA       AGATAATTACTGT GTGA ACAATAATTTTTT        AAGATTTGAATxxxx
 1.3     126 ..     142   AAGATAATTACTGTG              TGAACAA TAA TTTTTTA              AGATTTGAATxxxxx
 2.8     132 ..     143   ATTACTGTGTGAACA                ATAA TTTT TTAA                 GATTTGAATxxxxxx
 6.1     124 ..     144   AAAAGATAATTACTG            TGTGAACAA TAA TTTTTTAAG            ATTTGAATxxxxxxx
   4     135 ..     145   ACTGTGTGAACAATA                 ATTT TTT AAGA                 TTTGAATxxxxxxxx
 0.6     135 ..     146   ACTGTGTGAACAATA                ATTT TTTA AGAT                 TTGAATxxxxxxxxx
-0.3     134 ..     147   TACTGTGTGAACAAT               AATTT TTTA AGATT                TGAATxxxxxxxxxx
 2.2     134 ..     148   TACTGTGTGAACAAT               AATTTT TTA AGATTT               GAATxxxxxxxxxxx
 3.5     133 ..     149   TTACTGTGTGAACAA              TAATTTT TTA AGATTTG              AATxxxxxxxxxxxx
-0.4     140 ..     150   GTGAACAATAATTTT                 TTAA GAT TTGA                 ATxxxxxxxxxxxxx
-1.3     139 ..     151   TGTGAACAATAATTT                TTTAA GAT TTGAA                Txxxxxxxxxxxxxx
