>BABE01001411.1:c1117-1012 Human gut metagenome DNA, contig sequence: In-E_001411, whole genome shotgun sequence FORWARD
 8.3       1 ..      11   xxxxxxxxxxxxxxx                -GTG ATCG CGTG                 ATCCGCGGCTCCGGT
   4       2 ..      12   xxxxxxxxxxxxxxG                 TGAT CGC GTGA                 TCCGCGGCTCCGGTC
 3.9       3 ..      13   xxxxxxxxxxxxxGT                GATC GCGT GAT-                 CCGCGGCTCCGGTCC
-4.4       3 ..      14   xxxxxxxxxxxxxGT                GATC GCGT GATC                 CGCGGCTCCGGTCCG
-0.9       2 ..      15   xxxxxxxxxxxxxxG               TGATC GCGT GATCC                GCGGCTCCGGTCCGA
 0.4       6 ..      16   xxxxxxxxxxGTGAT                 CG CGTGATC CG                 CGGCTCCGGTCCGAC
-3.9       7 ..      17   xxxxxxxxxGTGATC                 GCG TGATC CGC                 GGCTCCGGTCCGACC
-6.2       6 ..      18   xxxxxxxxxxGTGAT                CGCG TGATC CGCG                GCTCCGGTCCGACCG
-4.9       5 ..      19   xxxxxxxxxxxGTGA               TCGCG TGATC CGCGG               CTCCGGTCCGACCGG
-1.4       4 ..      20   xxxxxxxxxxxxGTG              ATCGCG TGATC CGCGGC              TCCGGTCCGACCGGG
-0.1       3 ..      21   xxxxxxxxxxxxxGT             GATCGCG TGATC CGCGGCT             CCGGTCCGACCGGGC
-2.1       3 ..      22   xxxxxxxxxxxxxGT            GA-TCGCG TGATC CGCGGCTC            CGGTCCGACCGGGCC
 1.1       1 ..      23   xxxxxxxxxxxxxxx           GTGATCGCG TGATC CGCGGCTCC           GGTCCGACCGGGCCC
 1.4       8 ..      24   xxxxxxxxGTGATCG             CGTGATC CGCG GCTC-CG              GTCCGACCGGGCCCC
-2.9      14 ..      25   xxGTGATCGCGTGAT                CCG CGGCTC CGG                 TCCGACCGGGCCCCC
 0.6      13 ..      26   xxxGTGATCGCGTGA               TCCG CGGCTC CGGT                CCGACCGGGCCCCCT
-0.1      11 ..      27   xxxxxGTGATCGCGT             GATCCG CGGCTC CGG-TC              CGACCGGGCCCCCTG
 0.4      18 ..      28   GATCGCGTGATCCGC                 GG CTCCGGT CC                 GACCGGGCCCCCTGA
-1.9      17 ..      29   TGATCGCGTGATCCG                CGG CTCCGGT CCG                ACCGGGCCCCCTGAC
 1.6      16 ..      30   GTGATCGCGTGATCC               GCGG CTCCGGT CCGA               CCGGGCCCCCTGACA
 1.8      16 ..      31   GTGATCGCGTGATCC              G-CGG CTCCGGT CCGAC              CGGGCCCCCTGACAC
   2      19 ..      32   ATCGCGTGATCCGCG               GCTC CGGTCC GACC                GGGCCCCCTGACACA
-6.8      23 ..      33   CGTGATCCGCGGCTC                 CGGT CCG ACCG                 GGCCCCCTGACACAA
-9.1      22 ..      34   GCGTGATCCGCGGCT                CCGGT CCG ACCGG                GCCCCCTGACACAAC
-7.8      21 ..      35   CGCGTGATCCGCGGC               TCCGGT CCG ACCGGG               CCCCCTGACACAACT
-7.7      19 ..      36   ATCGCGTGATCCGCG             GCTCCGGT CCG ACCGG-GC             CCCCTGACACAACTT
 -10      18 ..      37   GATCGCGTGATCCGC            GGCTCCGGT CCG ACCGG-GCC            CCCTGACACAACTTC
-8.9      18 ..      38   GATCGCGTGATCCGC            GGCTCCGGT CCG ACCGGGCCC            CCTGACACAACTTCC
-8.8      16 ..      39   GTGATCGCGTGATCC          GCGGCTCCGGT CCG ACCGG-GCCCC          CTGACACAACTTCCC
-7.7      16 ..      40   GTGATCGCGTGATCC          GCGGCTCCGGT CCG ACCGGGCCCCC          TGACACAACTTCCCC
-4.2      15 ..      41   xGTGATCGCGTGATC         CGCGGCTCCGGT CCG ACCGGGCCCCCT         GACACAACTTCCCCT
-6.5      14 ..      42   xxGTGATCGCGTGAT        CCGCGGCTCCGGT CCG ACCGGGCCCCCTG        ACACAACTTCCCCTG
-7.4      13 ..      43   xxxGTGATCGCGTGA       TCCGCGGCTCCGGT CCG ACCGGGCCCCCTGA       CACAACTTCCCCTGT
-3.9      12 ..      44   xxxxGTGATCGCGTG      ATCCGCGGCTCCGGT CCG ACCGGGCCCCCTGAC      ACAACTTCCCCTGTG
-4.6      10 ..      45   xxxxxxGTGATCGCG    TGATCCGCGGCTCCGGT CCG ACCGGGCCCCCTGA-CA    CAACTTCCCCTGTGC
-6.9       9 ..      46   xxxxxxxGTGATCGC   GTGATCCGCGGCTCCGGT CCG ACCGGGCCCCCTGA-CAC   AACTTCCCCTGTGCC
-3.4       8 ..      47   xxxxxxxxGTGATCG  CGTGATCCGCGGCTCCGGT CCG ACCGGGCCCCCTGA-CACA  ACTTCCCCTGTGCCA
 0.1       7 ..      48   xxxxxxxxxGTGATC GCGTGATCCGCGGCTCCGGT CCG ACCGGGCCCCCTGA-CACAA CTTCCCCTGTGCCAG
 0.3       7 ..      49   xxxxxxxxxGTGATC G-CGTGATCCGCGGCTCCGGT CCG ACCGGGCCCCCTGA-CACAAC TTCCCCTGTGCCAGG
 3.8       6 ..      50   xxxxxxxxxxGTGAT CG-CGTGATCCGCGGCTCCGGT CCG ACCGGGCCCCCTGA-CACAACT TCCCCTGTGCCAGGT
 6.2       4 ..      51   xxxxxxxxxxxxGTG ATCGCGTGATCCGCGGCTCCGGT CCG ACCGGGCCCCCTGA-CACAACTT CCCCTGTGCCAGGTG
 1.8      42 ..      52   CCGACCGGGCCCCCT                 GA CACAACT TC                 CCCTGTGCCAGGTGG
 5.3      41 ..      53   TCCGACCGGGCCCCC                TGA CACAACT TCC                CCTGTGCCAGGTGGT
 5.1       1 ..      54   xxxxxxxxxxxxxxx GTGATCGCGTGATCCGCGGCTCCGGT CCG ACCGGGCCCCCTGA-CACAACTTCCC CTGTGCCAGGTGGTT
 7.7      42 ..      55   CCGACCGGGCCCCCT               G ACACAACTTCCC C                TGTGCCAGGTGGTTC
 7.1      45 ..      56   ACCGGGCCCCCTGAC                A CAACTTCCCC T                 GTGCCAGGTGGTTCA
 2.8      46 ..      57   CCGGGCCCCCTGACA                CA ACTTCCCC TG                 TGCCAGGTGGTTCAG
 1.8      48 ..      58   GGGCCCCCTGACACA                 AC TTCCCCT GT                 GCCAGGTGGTTCAGC
-0.4      44 ..      59   GACCGGGCCCCCTGA              CACA ACTTCCCC TGTG               CCAGGTGGTTCAGCC
 3.1      43 ..      60   CGACCGGGCCCCCTG             ACACA ACTTCCCC TGTGC              CAGGTGGTTCAGCCG
 0.8      42 ..      61   CCGACCGGGCCCCCT            GACACA ACTTCCCC TGTGCC             AGGTGGTTCAGCCGG
-0.1      41 ..      62   TCCGACCGGGCCCCC           TGACACA ACTTCCCC TGTGCCA            GGTGGTTCAGCCGGA
-2.4      40 ..      63   GTCCGACCGGGCCCC          CTGACACA ACTTCCCC TGTGCCAG           GTGGTTCAGCCGGAA
-6.8      54 ..      64   CCTGACACAACTTCC                 CCTG TGC CAGG                 TGGTTCAGCCGGAAC
-3.3      53 ..      65   CCCTGACACAACTTC                CCCTG TGC CAGGT                GGTTCAGCCGGAACG
-5.6      52 ..      66   CCCCTGACACAACTT               CCCCTG TGC CAGGTG               GTTCAGCCGGAACGG
-5.8      36 ..      67   TCCGGTCCGACCGGG      CCCCCTGACACA ACTTCCCC TGTGCCAGGTGG       TTCAGCCGGAACGGA
-4.5      35 ..      68   CTCCGGTCCGACCGG     GCCCCCTGACACA ACTTCCCC TGTGCCAGGTGGT      TCAGCCGGAACGGAA
-3.2      34 ..      69   GCTCCGGTCCGACCG    GGCCCCCTGACACA ACTTCCCC TGTGCCAGGTGGTT     CAGCCGGAACGGAAC
-5.5      33 ..      70   GGCTCCGGTCCGACC   GGGCCCCCTGACACA ACTTCCCC TGTGCCAGGTGGTTC    AGCCGGAACGGAACC
  -2      32 ..      71   CGGCTCCGGTCCGAC  CGGGCCCCCTGACACA ACTTCCCC TGTGCCAGGTGGTTCA   GCCGGAACGGAACCC
-4.3      31 ..      72   GCGGCTCCGGTCCGA CCGGGCCCCCTGACACA ACTTCCCC TGTGCCAGGTGGTTCAG  CCGGAACGGAACCCC
  -1      63 ..      73   ACTTCCCCTGTGCCA                 GGTG GTT CAGC                 CGGAACGGAACCCCG
-3.1      29 ..      74   CCGCGGCTCCGGTCC GACCGGGCCCCCTGACACA ACTTCCCC TGTGCCAGGTGGTTCAGCC GGAACGGAACCCCGG
-5.4      28 ..      75   TCCGCGGCTCCGGTC CGACCGGGCCCCCTGACACA ACTTCCCC TGTGCCAGGTGGTTCAGCCG GAACGGAACCCCGGA
-7.7      27 ..      76   ATCCGCGGCTCCGGT CCGACCGGGCCCCCTGACACA ACTTCCCC TGTGCCAGGTGGTTCAGCCGG AACGGAACCCCGGAC
-8.6      26 ..      77   GATCCGCGGCTCCGG TCCGACCGGGCCCCCTGACACA ACTTCCCC TGTGCCAGGTGGTTCAGCCGGA ACGGAACCCCGGACC
-5.1      25 ..      78   TGATCCGCGGCTCCG GTCCGACCGGGCCCCCTGACACA ACTTCCCC TGTGCCAGGTGGTTCAGCCGGAA CGGAACCCCGGACCA
-7.4      24 ..      79   GTGATCCGCGGCTCC GGTCCGACCGGGCCCCCTGACACA ACTTCCCC TGTGCCAGGTGGTTCAGCCGGAAC GGAACCCCGGACCAC
-9.7      23 ..      80   CGTGATCCGCGGCTC CGGTCCGACCGGGCCCCCTGACACA ACTTCCCC TGTGCCAGGTGGTTCAGCCGGAACG GAACCCCGGACCACG
-3.7      23 ..      81   CGTGATCCGCGGCTC -CGGTCCGACCGGGCCCCCTGACACA ACTTCCCC TGTGCCAGGTGGTTCAGCCGGAACGG AACCCCGGACCACGG
-2.4      72 ..      82   GTGCCAGGTGGTTCA                 GCCG GAA CGGA                 ACCCCGGACCACGGG
 1.1      68 ..      83   CCCTGTGCCAGGTGG              TTCAG CCGGAA CGGAA               CCCCGGACCACGGGT
-1.2      67 ..      84   CCCCTGTGCCAGGTG             GTTCAG CCGGAA CGGAAC              CCCGGACCACGGGTC
-3.5      66 ..      85   TCCCCTGTGCCAGGT            GGTTCAG CCGGAA CGGAACC             CCGGACCACGGGTCG
   0      65 ..      86   TTCCCCTGTGCCAGG           TGGTTCAG CCGGAA CGGAACCC            CGGACCACGGGTCGT
-2.3      64 ..      87   CTTCCCCTGTGCCAG          GTGGTTCAG CCGGAA CGGAACCCC           GGACCACGGGTCGTC
 0.1      74 ..      88   GCCAGGTGGTTCAGC               CGG AACGGAACC CCG               GACCACGGGTCGTCG
-2.2      73 ..      89   TGCCAGGTGGTTCAG              CCGG AACGGAACC CCGG              ACCACGGGTCGTCGA
 1.3      72 ..      90   GTGCCAGGTGGTTCA             GCCGG AACGGAACC CCGGA             CCACGGGTCGTCGAC
-0.2      76 ..      91   CAGGTGGTTCAGCCG              GAACGG AACC CCGGAC               CACGGGTCGTCGACA
-2.5      75 ..      92   CCAGGTGGTTCAGCC             GGAACGG AACC CCGGACC              ACGGGTCGTCGACAx
   1      74 ..      93   GCCAGGTGGTTCAGC            CGGAACGG AACC CCGGACCA             CGGGTCGTCGACAxx
 2.5      64 ..      94   CTTCCCCTGTGCCAG       GTGGTTCAG CCGGAACGGAACC CCGGACCAC       GGGTCGTCGACAxxx
 3.4      85 ..      95   CAGCCGGAACGGAAC                 CCCG GAC CACG                 GGTCGTCGACAxxxx
-3.9      86 ..      96   AGCCGGAACGGAACC                 CCG GACCA CGG                 GTCGTCGACAxxxxx
-6.2      85 ..      97   CAGCCGGAACGGAAC                CCCG GACCA CGGG                TCGTCGACAxxxxxx
-2.7      84 ..      98   TCAGCCGGAACGGAA               CCCCG GACCA CGGGT               CGTCGACAxxxxxxx
-6.8      89 ..      99   CGGAACGGAACCCCG                 GACC ACG GGTC                 GTCGACAxxxxxxxx
-3.3      88 ..     100   CCGGAACGGAACCCC                GGACC ACG GGTCG                TCGACAxxxxxxxxx
 0.2      87 ..     101   GCCGGAACGGAACCC               CGGACC ACG GGTCGT               CGACAxxxxxxxxxx
  -1      92 ..     102   AACGGAACCCCGGAC                 CACG GGT CGTC                 GACAxxxxxxxxxxx
-3.3      91 ..     103   GAACGGAACCCCGGA                CCACG GGT CGTCG                ACAxxxxxxxxxxxx
 0.2      90 ..     104   GGAACGGAACCCCGG               ACCACG GGT CGTCGA               CAxxxxxxxxxxxxx
-2.1      89 ..     105   CGGAACGGAACCCCG              GACCACG GGT CGTCGAC              Axxxxxxxxxxxxxx
