>AGSZ01000296.1:c14276-14104 Mycolicibacterium conceptionense strain JR2009 306, whole genome shotgun sequence FORWARD
None       1 ..      11   xxxxxxxxxxxxxxx                  ACACAGGGAAG                  GAGGTGGTCCGACAA
 4.7       2 ..      12   xxxxxxxxxxxxxxA                 C ACAGGGAAG G                 AGGTGGTCCGACAAA
 6.2       3 ..      13   xxxxxxxxxxxxxAC                 AC AGGGAAG GA                 GGTGGTCCGACAAAT
 3.9       2 ..      14   xxxxxxxxxxxxxxA                CAC AGGGAAG GAG                GTGGTCCGACAAATT
 5.7       4 ..      15   xxxxxxxxxxxxACA                C AGGGAAGGAG G                 TGGTCCGACAAATTG
 4.8       3 ..      16   xxxxxxxxxxxxxAC               AC AGGGAAGGAG GT                GGTCCGACAAATTGA
 2.5       2 ..      17   xxxxxxxxxxxxxxA              CAC AGGGAAGGAG GTG               GTCCGACAAATTGAG
   6       1 ..      18   xxxxxxxxxxxxxxx             ACAC AGGGAAGGAG GTGG              TCCGACAAATTGAGT
 6.1       9 ..      19   xxxxxxxACACAGGG                 A AGGAGGTGG T                 CCGACAAATTGAGTG
 3.8       8 ..      20   xxxxxxxxACACAGG                GA AGGAGGTGG TC                CGACAAATTGAGTGA
-2.5      11 ..      21   xxxxxACACAGGGAA                 GGA GGTGG TCC                 GACAAATTGAGTGAT
   1      10 ..      22   xxxxxxACACAGGGA                AGGA GGTGG TCCG                ACAAATTGAGTGATT
 4.4      12 ..      23   xxxxACACAGGGAAG                GAGG TGGT CCGA                 CAAATTGAGTGATTT
 1.2      14 ..      24   xxACACAGGGAAGGA                 GGTG GTC CGAC                 AAATTGAGTGATTTA
 4.3      14 ..      25   xxACACAGGGAAGGA                GGT GGTCCG ACA                 AATTGAGTGATTTAT
 0.4      16 ..      26   ACACAGGGAAGGAGG                 TGGT CCG ACAA                 ATTGAGTGATTTATG
 3.9      15 ..      27   xACACAGGGAAGGAG                GTGGT CCG ACAAA                TTGAGTGATTTATGG
 5.2      14 ..      28   xxACACAGGGAAGGA               GGTGGT CCG ACAAAT               TGAGTGATTTATGGA
 4.3      13 ..      29   xxxACACAGGGAAGG              AGGTGGT CCG ACAAATT              GAGTGATTTATGGAC
 4.7      20 ..      30   AGGGAAGGAGGTGGT                 C CGACAAATT G                 AGTGATTTATGGACA
 3.6      20 ..      31   AGGGAAGGAGGTGGT                CCGA CAAA TTGA                 GTGATTTATGGACAT
 3.8      20 ..      32   AGGGAAGGAGGTGGT               C-CGA CAAA TTGAG                TGATTTATGGACATG
 1.8      23 ..      33   GAAGGAGGTGGTCCG                 AC AAATTGA GT                 GATTTATGGACATGT
 1.8      24 ..      34   AAGGAGGTGGTCCGA                 CA AATTGAG TG                 ATTTATGGACATGTG
 5.1      19 ..      35   CAGGGAAGGAGGTGG              TCCGACA AAT TGAGTGA              TTTATGGACATGTGA
 6.1      26 ..      36   GGAGGTGGTCCGACA                 A ATTGAGTGA T                 TTATGGACATGTGAG
 0.6      26 ..      37   GGAGGTGGTCCGACA                AATT GAGT GATT                 TATGGACATGTGAGG
-0.3      25 ..      38   AGGAGGTGGTCCGAC               AAATT GAGT GATTT                ATGGACATGTGAGGT
 1.8      29 ..      39   GGTGGTCCGACAAAT                 TGAG TGA TTTA                 TGGACATGTGAGGTG
 2.3      23 ..      40   GAAGGAGGTGGTCCG             ACAAATT GAGT GATTTAT              GGACATGTGAGGTGG
 5.8      22 ..      41   GGAAGGAGGTGGTCC            GACAAATT GAGT GATTTATG             GACATGTGAGGTGGC
 3.5      21 ..      42   GGGAAGGAGGTGGTC           CGACAAATT GAGT GATTTATGG            ACATGTGAGGTGGCT
 2.8      19 ..      43   CAGGGAAGGAGGTGG         TCCGACAAATT GAGT GATTTAT-GGA          CATGTGAGGTGGCTG
 0.5      18 ..      44   ACAGGGAAGGAGGTG        GTCCGACAAATT GAGT GATTTAT-GGAC         ATGTGAGGTGGCTGC
 3.8      33 ..      45   GTCCGACAAATTGAG                TG ATTTATGGA CA                TGTGAGGTGGCTGCC
 2.8      35 ..      46   CCGACAAATTGAGTG                ATTT ATGG ACAT                 GTGAGGTGGCTGCCC
 6.3      34 ..      47   TCCGACAAATTGAGT               GATTT ATGG ACATG                TGAGGTGGCTGCCCG
   5      37 ..      48   GACAAATTGAGTGAT                TTAT GGAC ATGT                 GAGGTGGCTGCCCGC
   5      38 ..      49   ACAAATTGAGTGATT                TATG GACA TGTG                 AGGTGGCTGCCCGCT
 4.1      37 ..      50   GACAAATTGAGTGAT               TTATG GACA TGTGA                GGTGGCTGCCCGCTA
 5.4      36 ..      51   CGACAAATTGAGTGA              TTTATG GACA TGTGAG               GTGGCTGCCCGCTAG
 8.9      35 ..      52   CCGACAAATTGAGTG             ATTTATG GACA TGTGAGG              TGGCTGCCCGCTAGC
 0.4      43 ..      53   TTGAGTGATTTATGG                 ACAT GTG AGGT                 GGCTGCCCGCTAGCA
 1.1      44 ..      54   TGAGTGATTTATGGA                 CAT GTGAG GTG                 GCTGCCCGCTAGCAG
 4.6      43 ..      55   TTGAGTGATTTATGG                ACAT GTGAG GTGG                CTGCCCGCTAGCAGC
 2.3      42 ..      56   ATTGAGTGATTTATG               GACAT GTGAG GTGGC               TGCCCGCTAGCAGCG
 3.6      41 ..      57   AATTGAGTGATTTAT              GGACAT GTGAG GTGGCT              GCCCGCTAGCAGCGC
 4.9      40 ..      58   AAATTGAGTGATTTA             TGGACAT GTGAG GTGGCTG             CCCGCTAGCAGCGCC
 1.2      49 ..      59   GATTTATGGACATGT                 GAGG TGG CTGC                 CCGCTAGCAGCGCCG
 3.5      47 ..      60   GTGATTTATGGACAT               GTGAG GTGG CTGCC                CGCTAGCAGCGCCGG
 0.4      51 ..      61   TTTATGGACATGTGA                 GG TGGCTGC CC                 GCTAGCAGCGCCGGG
 3.4      52 ..      62   TTATGGACATGTGAG                 GTGG CTG CCCG                 CTAGCAGCGCCGGGG
-3.6      52 ..      63   TTATGGACATGTGAG                GTGG CTGC CCGC                 TAGCAGCGCCGGGGT
-2.3      51 ..      64   TTTATGGACATGTGA               GGTGG CTGC CCGCT                AGCAGCGCCGGGGTA
-1.2      53 ..      65   TATGGACATGTGAGG                TGGC TGCCC GCTA                GCAGCGCCGGGGTAA
 1.1      56 ..      66   GGACATGTGAGGTGG                 CTG CCCGC TAG                 CAGCGCCGGGGTAAA
-1.2      55 ..      67   TGGACATGTGAGGTG                GCTG CCCGC TAGC                AGCGCCGGGGTAAAG
-1.5      57 ..      68   GACATGTGAGGTGGC                TGC CCGCTA GCA                 GCGCCGGGGTAAAGC
-3.8      56 ..      69   GGACATGTGAGGTGG               CTGC CCGCTA GCAG                CGCCGGGGTAAAGCC
-6.1      55 ..      70   TGGACATGTGAGGTG              GCTGC CCGCTA GCAGC               GCCGGGGTAAAGCCT
-6.8      61 ..      71   TGTGAGGTGGCTGCC                 CGCT AGC AGCG                 CCGGGGTAAAGCCTG
-3.3      60 ..      72   ATGTGAGGTGGCTGC                CCGCT AGC AGCGC                CGGGGTAAAGCCTGC
-3.4      51 ..      73   TTTATGGACATGTGA          GGTGGCTGC CCGCTA GCAG-CGCC           GGGGTAAAGCCTGCG
 0.1      50 ..      74   ATTTATGGACATGTG         AGGTGGCTGC CCGCTA GCAG-CGCCG          GGGTAAAGCCTGCGC
-1.1      63 ..      75   TGAGGTGGCTGCCCG                CTAGC AGC GCCGG                GGTAAAGCCTGCGCG
-1.2      59 ..      76   CATGTGAGGTGGCTG             CCCG CTAGCAGCGC CGGG              GTAAAGCCTGCGCGC
 0.1      61 ..      77   TGTGAGGTGGCTGCC              CGCTAGC AGC GCCGGGG              TAAAGCCTGCGCGCG
 3.3      68 ..      78   TGGCTGCCCGCTAGC                 AGC GCCGG GGT                 AAAGCCTGCGCGCGC
 3.1      57 ..      79   GACATGTGAGGTGGC          TGCCCGCTAGC AGC GCC-G-GGGTA          AAGCCTGCGCGCGCT
 6.4      57 ..      80   GACATGTGAGGTGGC          TGCCCGCTAGC AGC GCCGG-GGTAA          AGCCTGCGCGCGCTG
None      71 ..      81   CTGCCCGCTAGCAGC                  GCCGGGGTAAA                  GCCTGCGCGCGCTGG
 4.7      72 ..      82   TGCCCGCTAGCAGCG                 C CGGGGTAAA G                 CCTGCGCGCGCTGGC
 2.4      71 ..      83   CTGCCCGCTAGCAGC                GC CGGGGTAAA GC                CTGCGCGCGCTGGCG
 0.4      74 ..      84   CCCGCTAGCAGCGCC                 GG GGTAAAG CC                 TGCGCGCGCTGGCGA
  -1      75 ..      85   CCGCTAGCAGCGCCG                 GGGT AAA GCCT                 GCGCGCGCTGGCGAA
-1.6      73 ..      86   GCCCGCTAGCAGCGC               CGGG GTAAAG CCTG                CGCGCGCTGGCGAAT
-0.7      71 ..      87   CTGCCCGCTAGCAGC              GCCGG GGTAAAG CCTGC              GCGCGCTGGCGAATT
  -3      70 ..      88   GCTGCCCGCTAGCAG             CGCCGG GGTAAAG CCTGCG             CGCGCTGGCGAATTC
-5.3      69 ..      89   GGCTGCCCGCTAGCA            GCGCCGG GGTAAAG CCTGCGC            GCGCTGGCGAATTCC
-2.5      70 ..      90   GCTGCCCGCTAGCAG           CGC-CGGG GTAAAG CCTGCGCG            CGCTGGCGAATTCCC
-4.8      69 ..      91   GGCTGCCCGCTAGCA          GCGC-CGGG GTAAAG CCTGCGCGC           GCTGGCGAATTCCCC
-1.3      68 ..      92   TGGCTGCCCGCTAGC         AGCGC-CGGG GTAAAG CCTGCGCGCG          CTGGCGAATTCCCCG
-3.4      66 ..      93   GGTGGCTGCCCGCTA       GCAGCGC-CGGG GTAAAG CCTGCGCGC-GC        TGGCGAATTCCCCGC
-4.3      65 ..      94   AGGTGGCTGCCCGCT      AGCAGCGC-CGGG GTAAAG CCTGCGCGC-GCT       GGCGAATTCCCCGCA
  -6      67 ..      95   GTGGCTGCCCGCTAG       CAGCGC-CG-GGGT AAA GCCTGCGCGCGCTG       GCGAATTCCCCGCAG
-5.3      63 ..      96   TGAGGTGGCTGCCCG    CTAGCAGCGC-CGGG GTAAAG CCTGCGCGC-GCTGG     CGAATTCCCCGCAGT
-7.6      62 ..      97   GTGAGGTGGCTGCCC   GCTAGCAGCGC-CGGG GTAAAG CCTGCGCGC-GCTGGC    GAATTCCCCGCAGTC
-9.9      61 ..      98   TGTGAGGTGGCTGCC  CGCTAGCAGCGC-CGGG GTAAAG CCTGCGCGC-GCTGGCG   AATTCCCCGCAGTCA
-6.4      60 ..      99   ATGTGAGGTGGCTGC CCGCTAGCAGCGC-CGGG GTAAAG CCTGCGCGC-GCTGGCGA  ATTCCCCGCAGTCAC
-2.9      59 ..     100   CATGTGAGGTGGCTG CCCGCTAGCAGCGC-CGGG GTAAAG CCTGCGCGC-GCTGGCGAA TTCCCCGCAGTCACC
-1.6      58 ..     101   ACATGTGAGGTGGCT GCCCGCTAGCAGCGC-CGGG GTAAAG CCTGCGCGC-GCTGGCGAAT TCCCCGCAGTCACCC
 1.9      57 ..     102   GACATGTGAGGTGGC TGCCCGCTAGCAGCGC-CGGG GTAAAG CCTGCGCGC-GCTGGCGAATT CCCCGCAGTCACCCG
 4.4      82 ..     103   CAGCGCCGGGGTAAA           GCCTGCGC GCGCTG GCGAATTC            CCCGCAGTCACCCGG
 3.1      55 ..     104   TGGACATGTGAGGTG GCTGCCCGCTAGCAGCGC-CGGG GTAAAG CCTGCGCGC-GCTGGCGAATTCC CCGCAGTCACCCGGC
 0.4      95 ..     105   AAGCCTGCGCGCGCT                 GG CGAATTC CC                 CGCAGTCACCCGGCC
-1.4      95 ..     106   AAGCCTGCGCGCGCT                GGCG AATT CCCC                 GCAGTCACCCGGCCC
-1.9      73 ..     107   GCCCGCTAGCAGCGC    CGGGGTA-AAGCCTGC GCGC GCTGGCGAATTCCCCG     CAGTCACCCGGCCCC
-1.9      96 ..     108   AGCCTGCGCGCGCTG                GCG AATTCCC CGC                AGTCACCCGGCCCCC
 1.6      95 ..     109   AAGCCTGCGCGCGCT               GGCG AATTCCC CGCA               GTCACCCGGCCCCCG
 0.9      93 ..     110   TAAAGCCTGCGCGCG             CTGGCG AATTCCC CGC-AG             TCACCCGGCCCCCGA
 2.2      92 ..     111   GTAAAGCCTGCGCGC            GCTGGCG AATTCCC CGC-AGT            CACCCGGCCCCCGAG
 1.6      98 ..     112   CCTGCGCGCGCTGGC               GAATTC CCC GCAGTC               ACCCGGCCCCCGAGC
 5.1      97 ..     113   GCCTGCGCGCGCTGG              CGAATTC CCC GCAGTCA              CCCGGCCCCCGAGCC
 2.8      96 ..     114   AGCCTGCGCGCGCTG             GCGAATTC CCC GCAGTCAC             CCGGCCCCCGAGCCC
 0.5      95 ..     115   AAGCCTGCGCGCGCT            GGCGAATTC CCC GCAGTCACC            CGGCCCCCGAGCCCT
   4      94 ..     116   AAAGCCTGCGCGCGC           TGGCGAATTC CCC GCAGTCACCC           GGCCCCCGAGCCCTC
 1.4     106 ..     117   CGCTGGCGAATTCCC                CG CAGTCACC CG                 GCCCCCGAGCCCTCC
-0.9     105 ..     118   GCGCTGGCGAATTCC               CCG CAGTCACC CGG                CCCCCGAGCCCTCCG
-0.4     107 ..     119   GCTGGCGAATTCCCC                GCAG TCACC CGGC                CCCCGAGCCCTCCGG
 1.9     110 ..     120   GGCGAATTCCCCGCA                 GTC ACCCG GCC                 CCCGAGCCCTCCGGT
 4.3      88 ..     121   CGGGGTAAAGCCTGC     GCGCGCTGGCGAATTC CCC GCAGTCACCCG-GCCC     CCGAGCCCTCCGGTC
 3.4     107 ..     122   GCTGGCGAATTCCCC              GCAGTC ACCC GGCCCC               CGAGCCCTCCGGTCT
 5.5      86 ..     123   GCCGGGGTAAAGCCT   GCGCGCGCTGGCGAATTC CCC GCAGTCACCCG-GCCCCC   GAGCCCTCCGGTCTG
 3.3      87 ..     124   CCGGGGTAAAGCCTG   CGCGCGCTG-GCGAATTC CCC GCAGTCACCCGGCCCCCG   AGCCCTCCGGTCTGT
-2.4     115 ..     125   ATTCCCCGCAGTCAC                 CCGG CCC CCGA                 GCCCTCCGGTCTGTC
-4.7     114 ..     126   AATTCCCCGCAGTCA                CCCGG CCC CCGAG                CCCTCCGGTCTGTCC
-1.2     113 ..     127   GAATTCCCCGCAGTC               ACCCGG CCC CCGAGC               CCTCCGGTCTGTCCA
-2.9     117 ..     128   TCCCCGCAGTCACCC                GGC CCCCGA GCC                 CTCCGGTCTGTCCAA
-0.4     117 ..     129   TCCCCGCAGTCACCC                GGCC CCCGA GCCC                TCCGGTCTGTCCAAC
 3.1     116 ..     130   TTCCCCGCAGTCACC               CGGCC CCCGA GCCCT               CCGGTCTGTCCAACC
 6.6     115 ..     131   ATTCCCCGCAGTCAC              CCGGCC CCCGA GCCCTC              CGGTCTGTCCAACCA
 5.4     117 ..     132   TCCCCGCAGTCACCC              GG CCCCCGAGCCCT CC               GGTCTGTCCAACCAG
1.907e-07     122 ..     133   GCAGTCACCCGGCCC                CCGA GCCC TCCG                 GTCTGTCCAACCAGG
-2.3     121 ..     134   CGCAGTCACCCGGCC               CCCGA GCCC TCCGG                TCTGTCCAACCAGGT
 1.2     120 ..     135   CCGCAGTCACCCGGC              CCCCGA GCCC TCCGGT               CTGTCCAACCAGGTA
-2.4     126 ..     136   TCACCCGGCCCCCGA                 GCCC TCC GGTC                 TGTCCAACCAGGTAC
-3.3     125 ..     137   GTCACCCGGCCCCCG                AGCCC TCC GGTCT                GTCCAACCAGGTACC
 0.2     124 ..     138   AGTCACCCGGCCCCC               GAGCCC TCC GGTCTG               TCCAACCAGGTACCA
 3.7     123 ..     139   CAGTCACCCGGCCCC              CGAGCCC TCC GGTCTGT              CCAACCAGGTACCAA
 5.9     126 ..     140   TCACCCGGCCCCCGA               GCC CTCCGGTCT GTC               CAACCAGGTACCAAG
 8.2     124 ..     141   AGTCACCCGGCCCCC             GAGC CCTCCGGTCT GTCC              AACCAGGTACCAAGG
 1.9     132 ..     142   GGCCCCCGAGCCCTC                 CGG TCTGT CCA                 ACCAGGTACCAAGGC
 5.4     131 ..     143   CGGCCCCCGAGCCCT                CCGG TCTGT CCAA                CCAGGTACCAAGGCT
 1.8     134 ..     144   CCCCCGAGCCCTCCG                 GT CTGTCCA AC                 CAGGTACCAAGGCTC
-0.5     133 ..     145   GCCCCCGAGCCCTCC                GGT CTGTCCA ACC                AGGTACCAAGGCTCG
   3     132 ..     146   GGCCCCCGAGCCCTC               CGGT CTGTCCA ACCA               GGTACCAAGGCTCGG
-1.5     136 ..     147   CCCGAGCCCTCCGGT                CTG TCCAAC CAG                 GTACCAAGGCTCGGG
-0.2     135 ..     148   CCCCGAGCCCTCCGG               TCTG TCCAAC CAGG                TACCAAGGCTCGGGG
 1.1     134 ..     149   CCCCCGAGCCCTCCG              GTCTG TCCAAC CAGGT               ACCAAGGCTCGGGGG
 3.4     137 ..     150   CCGAGCCCTCCGGTC               TGTC CAACCA GGTA                CCAAGGCTCGGGGGC
 1.2     138 ..     151   CGAGCCCTCCGGTCT               GT-CC AACCA GGTAC               CAAGGCTCGGGGGCT
 4.7     137 ..     152   CCGAGCCCTCCGGTC              TGT-CC AACCA GGTACC              AAGGCTCGGGGGCTG
 6.3     137 ..     153   CCGAGCCCTCCGGTC             T-GT-CC AACCA GGTACCA             AGGCTCGGGGGCTGC
 7.3     135 ..     154   CCCCGAGCCCTCCGG            TCTGT-CC AACCA GGTACCAA            GGCTCGGGGGCTGCC
 3.4     145 ..     155   TCCGGTCTGTCCAAC                 CAGG TAC CAAG                 GCTCGGGGGCTGCCC
 1.1     144 ..     156   CTCCGGTCTGTCCAA                CCAGG TAC CAAGG                CTCGGGGGCTGCCCC
 4.6     143 ..     157   CCTCCGGTCTGTCCA               ACCAGG TAC CAAGGC               TCGGGGGCTGCCCCA
 3.7     142 ..     158   CCCTCCGGTCTGTCC              AACCAGG TAC CAAGGCT              CGGGGGCTGCCCCAT
 4.1     124 ..     159   AGTCACCCGGCCCCC    GAGCCCTCCGGTCTG TCCAAC CAGGTACCAAGGCTC     GGGGGCTGCCCCATx
 1.8     123 ..     160   CAGTCACCCGGCCCC   CGAGCCCTCCGGTCTG TCCAAC CAGGTACCAAGGCTCG    GGGGCTGCCCCATxx
  -1     151 ..     161   CTGTCCAACCAGGTA                 CCAA GGC TCGG                 GGGCTGCCCCATxxx
-2.8     121 ..     162   CGCAGTCACCCGGCC CCCGAGCCCTCCGGTCTG TCCAAC CAGGTACCAAGGCTCGGG  GGCTGCCCCATxxxx
-5.1     120 ..     163   CCGCAGTCACCCGGC CCCCGAGCCCTCCGGTCTG TCCAAC CAGGTACCAAGGCTCGGGG GCTGCCCCATxxxxx
-7.4     119 ..     164   CCCGCAGTCACCCGG CCCCCGAGCCCTCCGGTCTG TCCAAC CAGGTACCAAGGCTCGGGGG CTGCCCCATxxxxxx
-9.7     118 ..     165   CCCCGCAGTCACCCG GCCCCCGAGCCCTCCGGTCTG TCCAAC CAGGTACCAAGGCTCGGGGGC TGCCCCATxxxxxxx
-8.4     117 ..     166   TCCCCGCAGTCACCC GGCCCCCGAGCCCTCCGGTCTG TCCAAC CAGGTACCAAGGCTCGGGGGCT GCCCCATxxxxxxxx
-10.7     116 ..     167   TTCCCCGCAGTCACC CGGCCCCCGAGCCCTCCGGTCTG TCCAAC CAGGTACCAAGGCTCGGGGGCTG CCCCATxxxxxxxxx
-7.2     115 ..     168   ATTCCCCGCAGTCAC CCGGCCCCCGAGCCCTCCGGTCTG TCCAAC CAGGTACCAAGGCTCGGGGGCTGC CCCATxxxxxxxxxx
-3.7     114 ..     169   AATTCCCCGCAGTCA CCCGGCCCCCGAGCCCTCCGGTCTG TCCAAC CAGGTACCAAGGCTCGGGGGCTGCC CCATxxxxxxxxxxx
-3.9     160 ..     170   CAGGTACCAAGGCTC                 GGG GGCTG CCC                 CATxxxxxxxxxxxx
-8.2     161 ..     171   AGGTACCAAGGCTCG                 GGGG CTG CCCC                 ATxxxxxxxxxxxxx
-4.7     160 ..     172   CAGGTACCAAGGCTC                GGGGG CTG CCCCA                Txxxxxxxxxxxxxx
