>AEFY01000060.1:10854-11054 Bacillus atrophaeus BACI051-N contig00066, whole genome shotgun sequence FORWARD
 8.3       1 ..      11   xxxxxxxxxxxxxxx                 T TAATAACAT G                 AGAAGGGATGATGGG
 1.8       2 ..      12   xxxxxxxxxxxxxxT                 TAAT AAC ATGA                 GAAGGGATGATGGGT
 3.1       1 ..      13   xxxxxxxxxxxxxxx                TTAAT AAC ATGAG                AAGGGATGATGGGTG
 6.9       1 ..      14   xxxxxxxxxxxxxxx               T-TAAT AAC ATGAGA               AGGGATGATGGGTGG
 6.1       5 ..      15   xxxxxxxxxxxTTAA                 T AACATGAGA A                 GGGATGATGGGTGGA
   8       5 ..      16   xxxxxxxxxxxTTAA                TAAC ATGA GAAG                 GGATGATGGGTGGAC
 4.8       7 ..      17   xxxxxxxxxTTAATA                 ACAT GAG AAGG                 GATGATGGGTGGACG
 4.7       8 ..      18   xxxxxxxxTTAATAA                 C ATGAGAAGG G                 ATGATGGGTGGACGA
 7.4       5 ..      19   xxxxxxxxxxxTTAA               TAACAT GAG AAGGGA               TGATGGGTGGACGAT
 4.2       9 ..      20   xxxxxxxTTAATAAC                AT GAGAAGGG AT                 GATGGGTGGACGATG
 1.9       8 ..      21   xxxxxxxxTTAATAA               CAT GAGAAGGG ATG                ATGGGTGGACGATGA
 5.4       7 ..      22   xxxxxxxxxTTAATA              ACAT GAGAAGGG ATGA               TGGGTGGACGATGAT
 4.5       6 ..      23   xxxxxxxxxxTTAAT             AACAT GAGAAGGG ATGAT              GGGTGGACGATGATT
 3.5       8 ..      24   xxxxxxxxTTAATAA              CATGA GAAGGGA TGATG              GGTGGACGATGATTA
   7       7 ..      25   xxxxxxxxxTTAATA             ACATGA GAAGGGA TGATGG             GTGGACGATGATTAA
None      16 ..      26   TTAATAACATGAGAA                  GGGATGATGGG                  TGGACGATGATTAAC
 8.1      15 ..      27   xTTAATAACATGAGA                A GGGATGATGGG T                GGACGATGATTAACT
 6.9      18 ..      28   AATAACATGAGAAGG                 GAT GATGG GTG                 GACGATGATTAACTA
None      19 ..      29   ATAACATGAGAAGGG                  ATGATGGGTGG                  ACGATGATTAACTAA
 6.1      20 ..      30   TAACATGAGAAGGGA                 T GATGGGTGG A                 CGATGATTAACTAAT
 4.7      21 ..      31   AACATGAGAAGGGAT                 G ATGGGTGGA C                 GATGATTAACTAATC
   6      20 ..      32   TAACATGAGAAGGGA                TG ATGGGTGGA CG                ATGATTAACTAATCT
 3.3      23 ..      33   CATGAGAAGGGATGA                 TGG GTGGA CGA                 TGATTAACTAATCTT
 2.4      22 ..      34   ACATGAGAAGGGATG                ATGG GTGGA CGAT                GATTAACTAATCTTA
 5.9      21 ..      35   AACATGAGAAGGGAT               GATGG GTGGA CGATG               ATTAACTAATCTTAT
   5      20 ..      36   TAACATGAGAAGGGA              TGATGG GTGGA CGATGA              TTAACTAATCTTATT
 4.1      19 ..      37   ATAACATGAGAAGGG             ATGATGG GTGGA CGATGAT             TAACTAATCTTATTT
 4.8      28 ..      38   GAAGGGATGATGGGT                 GGAC GAT GATT                 AACTAATCTTATTTT
 3.9      27 ..      39   AGAAGGGATGATGGG                TGGAC GAT GATTA                ACTAATCTTATTTTT
   7      27 ..      40   AGAAGGGATGATGGG               TGGA CGATGA TTAA                CTAATCTTATTTTTA
 4.7      26 ..      41   GAGAAGGGATGATGG              GTGGA CGATGA TTAAC               TAATCTTATTTTTAA
 5.8      31 ..      42   GGGATGATGGGTGGA                CGAT GATT AACT                 AATCTTATTTTTAAC
 5.5      23 ..      43   CATGAGAAGGGATGA            TGGGTGGAC GAT GATTAACTA            ATCTTATTTTTAACG
 4.7      34 ..      44   ATGATGGGTGGACGA                 TGA TTAAC TAA                 TCTTATTTTTAACGT
 3.8      33 ..      45   GATGATGGGTGGACG                ATGA TTAAC TAAT                CTTATTTTTAACGTT
  -3      35 ..      46   TGATGGGTGGACGAT                GATT AACT AATC                 TTATTTTTAACGTTT
 0.5      34 ..      47   ATGATGGGTGGACGA               TGATT AACT AATCT                TATTTTTAACGTTTG
-0.4      33 ..      48   GATGATGGGTGGACG              ATGATT AACT AATCTT               ATTTTTAACGTTTGA
 1.3      38 ..      49   TGGGTGGACGATGAT                TAA CTAATC TTA                 TTTTTAACGTTTGAA
 4.8      37 ..      50   ATGGGTGGACGATGA               TTAA CTAATC TTAT                TTTTAACGTTTGAAA
 2.8      40 ..      51   GGTGGACGATGATTA                ACTA ATCT TATT                 TTTAACGTTTGAAAT
 1.8      42 ..      52   TGGACGATGATTAAC                 TAAT CTT ATTT                 TTAACGTTTGAAATT
 3.2      43 ..      53   GGACGATGATTAACT                 AA TCTTATT TT                 TAACGTTTGAAATTG
 4.2      43 ..      54   GGACGATGATTAACT                AA TCTTATTT TT                 AACGTTTGAAATTGA
 3.3      42 ..      55   TGGACGATGATTAAC               TAA TCTTATTT TTA                ACGTTTGAAATTGAT
 4.2      37 ..      56   ATGGGTGGACGATGA            TTAACTAAT CTT ATTT-TTAA            CGTTTGAAATTGATA
 2.8      46 ..      57   CGATGATTAACTAAT                CTTA TTTT TAAC                 GTTTGAAATTGATAT
   3      46 ..      58   CGATGATTAACTAAT               C-TTA TTTT TAACG                TTTGAAATTGATATT
 3.2      44 ..      59   GACGATGATTAACTA              ATCTTA TTTT TAACGT               TTGAAATTGATATTT
 2.3      43 ..      60   GGACGATGATTAACT             AATCTTA TTTT TAACGTT              TGAAATTGATATTTC
 4.7      43 ..      61   GGACGATGATTAACT            AATC-TTA TTTT TAACGTTT             GAAATTGATATTTCA
 3.5      41 ..      62   GTGGACGATGATTAA           CTAATCTTA TTTT TAACGTTTG            AAATTGATATTTCAA
-0.4      53 ..      63   TAACTAATCTTATTT                 TTAA CGT TTGA                 AATTGATATTTCAAA
-1.3      52 ..      64   TTAACTAATCTTATT                TTTAA CGT TTGAA                ATTGATATTTCAAAT
-2.2      51 ..      65   ATTAACTAATCTTAT               TTTTAA CGT TTGAAA               TTGATATTTCAAATC
 1.3      50 ..      66   GATTAACTAATCTTA              TTTTTAA CGT TTGAAAT              TGATATTTCAAATCA
 0.4      49 ..      67   TGATTAACTAATCTT             ATTTTTAA CGT TTGAAATT             GATATTTCAAATCAT
 1.7      48 ..      68   ATGATTAACTAATCT            TATTTTTAA CGT TTGAAATTG            ATATTTCAAATCATA
 0.8      47 ..      69   GATGATTAACTAATC           TTATTTTTAA CGT TTGAAATTGA           TATTTCAAATCATAC
 4.3      46 ..      70   CGATGATTAACTAAT          CTTATTTTTAA CGT TTGAAATTGAT          ATTTCAAATCATACA
 3.4      45 ..      71   ACGATGATTAACTAA         TCTTATTTTTAA CGT TTGAAATTGATA         TTTCAAATCATACAA
 2.5      44 ..      72   GACGATGATTAACTA        ATCTTATTTTTAA CGT TTGAAATTGATAT        TTCAAATCATACAAA
 1.6      43 ..      73   GGACGATGATTAACT       AATCTTATTTTTAA CGT TTGAAATTGATATT       TCAAATCATACAAAA
-1.6      63 ..      74   TATTTTTAACGTTTG                AAAT TGAT ATTT                 CAAATCATACAAAAT
-3.9      62 ..      75   TTATTTTTAACGTTT               GAAAT TGAT ATTTC                AAATCATACAAAATA
-4.8      61 ..      76   CTTATTTTTAACGTT              TGAAAT TGAT ATTTCA               AATCATACAAAATAG
-5.7      60 ..      77   TCTTATTTTTAACGT             TTGAAAT TGAT ATTTCAA              ATCATACAAAATAGG
-6.6      59 ..      78   ATCTTATTTTTAACG            TTTGAAAT TGAT ATTTCAAA             TCATACAAAATAGGA
-5.3      58 ..      79   AATCTTATTTTTAAC           GTTTGAAAT TGAT ATTTCAAAT            CATACAAAATAGGAT
-2.9      58 ..      80   AATCTTATTTTTAAC          G-TTTGAAAT TGAT ATTTCAAATC           ATACAAAATAGGATT
-1.4      67 ..      81   TTTAACGTTTGAAAT               TGATAT TTC AAATCA               TACAAAATAGGATTA
-0.3      56 ..      82   CTAATCTTATTTTTA        ACG-TTTGAAAT TGAT ATTTCAAATCAT         ACAAAATAGGATTAG
-0.1      54 ..      83   AACTAATCTTATTTT       TAACGTTTGAAAT TGAT ATTTCAAATCATA        CAAAATAGGATTAGT
 2.7      58 ..      84   AATCTTATTTTTAAC        GTTTGAAATTGA TATT TCAAAT-CATAC         AAAATAGGATTAGTC
 2.5      52 ..      85   TTAACTAATCTTATT     TTTAACGTTTGAAAT TGAT ATTTCAAATCATACA      AAATAGGATTAGTCT
 1.6      51 ..      86   ATTAACTAATCTTAT    TTTTAACGTTTGAAAT TGAT ATTTCAAATCATACAA     AATAGGATTAGTCTG
 0.7      50 ..      87   GATTAACTAATCTTA   TTTTTAACGTTTGAAAT TGAT ATTTCAAATCATACAAA    ATAGGATTAGTCTGC
 2.3      50 ..      88   GATTAACTAATCTTA  TTTT-TAACGTTTGAAAT TGAT ATTTCAAATCATACAAAA   TAGGATTAGTCTGCC
 1.4      49 ..      89   TGATTAACTAATCTT ATTTT-TAACGTTTGAAAT TGAT ATTTCAAATCATACAAAAT  AGGATTAGTCTGCCC
 0.5      48 ..      90   ATGATTAACTAATCT TATTTT-TAACGTTTGAAAT TGAT ATTTCAAATCATACAAAATA GGATTAGTCTGCCCA
 1.8      47 ..      91   GATGATTAACTAATC TTATTTT-TAACGTTTGAAAT TGAT ATTTCAAATCATACAAAATAG GATTAGTCTGCCCAT
-0.5      46 ..      92   CGATGATTAACTAAT CTTATTTT-TAACGTTTGAAAT TGAT ATTTCAAATCATACAAAATAGG ATTAGTCTGCCCATT
-1.4      45 ..      93   ACGATGATTAACTAA TCTTATTTT-TAACGTTTGAAAT TGAT ATTTCAAATCATACAAAATAGGA TTAGTCTGCCCATTT
-2.3      44 ..      94   GACGATGATTAACTA ATCTTATTTT-TAACGTTTGAAAT TGAT ATTTCAAATCATACAAAATAGGAT TAGTCTGCCCATTTT
-3.2      43 ..      95   GGACGATGATTAACT AATCTTATTTT-TAACGTTTGAAAT TGAT ATTTCAAATCATACAAAATAGGATT AGTCTGCCCATTTTC
-4.1      42 ..      96   TGGACGATGATTAAC TAATCTTATTTT-TAACGTTTGAAAT TGAT ATTTCAAATCATACAAAATAGGATTA GTCTGCCCATTTTCT
-6.4      41 ..      97   GTGGACGATGATTAA CTAATCTTATTTT-TAACGTTTGAAAT TGAT ATTTCAAATCATACAAAATAGGATTAG TCTGCCCATTTTCTA
-7.3      40 ..      98   GGTGGACGATGATTA ACTAATCTTATTTT-TAACGTTTGAAAT TGAT ATTTCAAATCATACAAAATAGGATTAGT CTGCCCATTTTCTAT
 5.6      41 ..      99   GTGGACGATGATTAA --CTAATCTTATTTT-TAACGTTTGAAAT TGAT ATTTCAAATCATACAAAATAGGATTAGTC TGCCCATTTTCTATA
 1.1      90 ..     100   CAAATCATACAAAAT                 AGG ATTAG TCT                 GCCCATTTTCTATAT
 2.4      89 ..     101   TCAAATCATACAAAA                TAGG ATTAG TCTG                CCCATTTTCTATATA
 4.3      91 ..     102   AAATCATACAAAATA                GGA TTAGTC TGC                 CCATTTTCTATATAC
 2.4      91 ..     103   AAATCATACAAAATA                GG ATTAGTCTG CC                CATTTTCTATATACG
 3.4      91 ..     104   AAATCATACAAAATA               GG ATTAGTCTGC CC                ATTTTCTATATACGT
 3.3      95 ..     105   CATACAAAATAGGAT                 TAG TCTGC CCA                 TTTTCTATATACGTA
 4.1      88 ..     106   TTCAAATCATACAAA             ATAGG ATTAGTCTG CCCAT             TTTCTATATACGTAA
 3.2      87 ..     107   TTTCAAATCATACAA            AATAGG ATTAGTCTG CCCATT            TTCTATATACGTAAG
 2.3      86 ..     108   ATTTCAAATCATACA           AAATAGG ATTAGTCTG CCCATTT           TCTATATACGTAAGC
 1.4      85 ..     109   TATTTCAAATCATAC          AAAATAGG ATTAGTCTG CCCATTTT          CTATATACGTAAGCG
 4.9      84 ..     110   ATATTTCAAATCATA         CAAAATAGG ATTAGTCTG CCCATTTTC         TATATACGTAAGCGC
   4      83 ..     111   GATATTTCAAATCAT        ACAAAATAGG ATTAGTCTG CCCATTTTCT        ATATACGTAAGCGCT
 3.1      82 ..     112   TGATATTTCAAATCA       TACAAAATAGG ATTAGTCTG CCCATTTTCTA       TATACGTAAGCGCTA
 2.2      81 ..     113   TTGATATTTCAAATC      ATACAAAATAGG ATTAGTCTG CCCATTTTCTAT      ATACGTAAGCGCTAT
 4.7     104 ..     114   TAGGATTAGTCTGCC                 CAT TTTCT ATA                 TACGTAAGCGCTATT
 1.8     105 ..     115   AGGATTAGTCTGCCC                 ATTT TCT ATAT                 ACGTAAGCGCTATTT
 4.7     106 ..     116   GGATTAGTCTGCCCA                 TTT TCTAT ATA                 CGTAAGCGCTATTTC
 7.2     106 ..     117   GGATTAGTCTGCCCA                TTTT CTAT ATAC                 GTAAGCGCTATTTCT
 5.9     104 ..     118   TAGGATTAGTCTGCC               CATTT TCTAT ATACG               TAAGCGCTATTTCTG
 6.2     109 ..     119   TTAGTCTGCCCATTT                 TC TATATAC GT                 AAGCGCTATTTCTGA
 5.3     108 ..     120   ATTAGTCTGCCCATT                TTC TATATAC GTA                AGCGCTATTTCTGAA
 4.4     107 ..     121   GATTAGTCTGCCCAT               TTTC TATATAC GTAA               GCGCTATTTCTGAAG
   3     110 ..     122   TAGTCTGCCCATTTT               CTATA TACG TA-AG                CGCTATTTCTGAAGA
 6.5     109 ..     123   TTAGTCTGCCCATTT              TCTATA TACG TA-AGC               GCTATTTCTGAAGAA
 6.9     104 ..     124   TAGGATTAGTCTGCC            CATTTTC TATATAC GTAAGCG            CTATTTCTGAAGAAT
 6.9     115 ..     125   TGCCCATTTTCTATA                TACG TAAG CGC-                 TATTTCTGAAGAATA
 2.5     116 ..     126   GCCCATTTTCTATAT                A-CG TAAG CGCT                 ATTTCTGAAGAATAG
 1.6     115 ..     127   TGCCCATTTTCTATA               TA-CG TAAG CGCTA                TTTCTGAAGAATAGC
 0.7     114 ..     128   CTGCCCATTTTCTAT              ATA-CG TAAG CGCTAT               TTCTGAAGAATAGCT
 4.2     113 ..     129   TCTGCCCATTTTCTA             TATA-CG TAAG CGCTATT              TCTGAAGAATAGCTT
 2.5     120 ..     130   ATTTTCTATATACGT                 AAG CGCTA TTT                 CTGAAGAATAGCTTA
 3.4     118 ..     131   CCATTTTCTATATAC               GTAA GCGCTA TTTC                TGAAGAATAGCTTAT
 2.8     121 ..     132   TTTTCTATATACGTA                AG CGCTATTT CT                 GAAGAATAGCTTATT
   4     123 ..     133   TTCTATATACGTAAG                 CG CTATTTC TG                 AAGAATAGCTTATTT
 5.4     119 ..     134   CATTTTCTATATACG              TAAG CGCTATTT CTGA               AGAATAGCTTATTTG
 7.6     115 ..     135   TGCCCATTTTCTATA            TACGTAAG CGCTA TTTCTGAA            GAATAGCTTATTTGA
 2.8     125 ..     136   CTATATACGTAAGCG                CT ATTTCTGA AG                 AATAGCTTATTTGAT
 2.8     126 ..     137   TATATACGTAAGCGC                TATT TCTG AAGA                 ATAGCTTATTTGATC
 2.5     128 ..     138   TATACGTAAGCGCTA                 TTT CTGAA GAA                 TAGCTTATTTGATCA
 1.4     128 ..     139   TATACGTAAGCGCTA                TTTC TGAA GAAT                 AGCTTATTTGATCAT
 0.7     126 ..     140   TATATACGTAAGCGC               TATTT CTGAA GAATA               GCTTATTTGATCATG
-1.6     125 ..     141   CTATATACGTAAGCG              CTATTT CTGAA GAATAG              CTTATTTGATCATGG
-3.9     124 ..     142   TCTATATACGTAAGC             GCTATTT CTGAA GAATAGC             TTATTTGATCATGGC
-0.4     123 ..     143   TTCTATATACGTAAG            CGCTATTT CTGAA GAATAGCT            TATTTGATCATGGCA
-1.1     134 ..     144   TAAGCGCTATTTCTG                 AAG AATAG CTT                 ATTTGATCATGGCAA
 2.4     133 ..     145   GTAAGCGCTATTTCT                GAAG AATAG CTTA                TTTGATCATGGCAAA
 2.8     135 ..     146   AAGCGCTATTTCTGA                AGAA TAGC TTAT                 TTGATCATGGCAAAG
-2.6     137 ..     147   GCGCTATTTCTGAAG                 AATA GCT TATT                 TGATCATGGCAAAGG
-1.3     136 ..     148   AGCGCTATTTCTGAA                GAATA GCT TATTT                GATCATGGCAAAGGC
 2.2     135 ..     149   AAGCGCTATTTCTGA               AGAATA GCT TATTTG               ATCATGGCAAAGGCA
 5.7     134 ..     150   TAAGCGCTATTTCTG              AAGAATA GCT TATTTGA              TCATGGCAAAGGCAC
 4.3     140 ..     151   CTATTTCTGAAGAAT                AGC TTATTT GAT                 CATGGCAAAGGCACG
 3.6     141 ..     152   TATTTCTGAAGAATA                GCTT ATTT GATC                 ATGGCAAAGGCACGG
 1.8     143 ..     153   TTTCTGAAGAATAGC                 TTAT TTG ATCA                 TGGCAAAGGCACGGC
 5.3     142 ..     154   ATTTCTGAAGAATAG                CTTAT TTG ATCAT                GGCAAAGGCACGGCT
 3.5     144 ..     155   TTCTGAAGAATAGCT                TAT TTGATC ATG                 GCAAAGGCACGGCTA
 4.8     143 ..     156   TTTCTGAAGAATAGC               TTAT TTGATC ATGG                CAAAGGCACGGCTAA
 4.9     141 ..     157   TATTTCTGAAGAATA             GCTTAT TTGATC ATG-GC              AAAGGCACGGCTAAT
 1.8     148 ..     158   GAAGAATAGCTTATT                 TG ATCATGG CA                 AAGGCACGGCTAATC
 0.9     147 ..     159   TGAAGAATAGCTTAT                TTG ATCATGG CAA                AGGCACGGCTAATCC
9.537e-08     146 ..     160   CTGAAGAATAGCTTA               TTTG ATCATGG CAAA               GGCACGGCTAATCCT
 3.5     145 ..     161   TCTGAAGAATAGCTT              ATTTG ATCATGG CAAAG              GCACGGCTAATCCTT
 3.3     152 ..     162   AATAGCTTATTTGAT                 CAT GGCAA AGG                 CACGGCTAATCCTTC
 6.8     141 ..     163   TATTTCTGAAGAATA           GCTTATTTGA TCA TGGCAAAGGC           ACGGCTAATCCTTCC
  -1     154 ..     164   TAGCTTATTTGATCA                 TGGC AAA GGCA                 CGGCTAATCCTTCCA
 1.1     155 ..     165   AGCTTATTTGATCAT                G-GC AAAG GCAC                 GGCTAATCCTTCCAA
 0.2     152 ..     166   AATAGCTTATTTGAT               CATGGC AAA GGCACG               GCTAATCCTTCCAAA
 1.5     151 ..     167   GAATAGCTTATTTGA              TCATGGC AAA GGCACGG              CTAATCCTTCCAAAA
 2.4     156 ..     168   GCTTATTTGATCATG                GC AAAGGCACG GC                TAATCCTTCCAAAAC
 3.7     155 ..     169   AGCTTATTTGATCAT               GGC AAAGGCACG GCT               AATCCTTCCAAAACA
 1.2     160 ..     170   ATTTGATCATGGCAA                 AGGC ACG GCTA                 ATCCTTCCAAAACAT
 4.5     147 ..     171   TGAAGAATAGCTTAT          TTGATCATGGC AAA GGCACGGCTAA          TCCTTCCAAAACATT
 3.8     158 ..     172   TTATTTGATCATGGC               AAAGGC ACG GCTAAT               CCTTCCAAAACATTT
 5.7     162 ..     173   TTGATCATGGCAAAG                G CACGGCTAAT C                 CTTCCAAAACATTTG
 3.4     161 ..     174   TTTGATCATGGCAAA               GG CACGGCTAAT CC                TTCCAAAACATTTGG
 1.9     165 ..     175   ATCATGGCAAAGGCA                 CGG CTAAT CCT                 TCCAAAACATTTGGG
   1     164 ..     176   GATCATGGCAAAGGC                ACGG CTAAT CCTT                CCAAAACATTTGGGA
 4.5     163 ..     177   TGATCATGGCAAAGG               CACGG CTAAT CCTTC               CAAAACATTTGGGAG
 2.2     162 ..     178   TTGATCATGGCAAAG              GCACGG CTAAT CCTTCC              AAAACATTTGGGAGG
 5.7     161 ..     179   TTTGATCATGGCAAA             GGCACGG CTAAT CCTTCCA             AAACATTTGGGAGGA
 7.1     169 ..     180   TGGCAAAGGCACGGC                T AATCCTTCCA A                 AACATTTGGGAGGAT
 7.6     171 ..     181   GCAAAGGCACGGCTA                 AT CCTTCCA AA                 ACATTTGGGAGGATT
 6.1     172 ..     182   CAAAGGCACGGCTAA                 T CCTTCCAAA A                 CATTTGGGAGGATTT
 6.2     173 ..     183   AAAGGCACGGCTAAT                 CCTT CCA AAAC                 ATTTGGGAGGATTTT
 5.3     172 ..     184   CAAAGGCACGGCTAA                TCCTT CCA AAACA                TTTGGGAGGATTTTT
 4.4     171 ..     185   GCAAAGGCACGGCTA               ATCCTT CCA AAACAT               TTGGGAGGATTTTTT
 3.5     170 ..     186   GGCAAAGGCACGGCT              AATCCTT CCA AAACATT              TGGGAGGATTTTTTG
   7     169 ..     187   TGGCAAAGGCACGGC             TAATCCTT CCA AAACATTT             GGGAGGATTTTTTGx
  -4     178 ..     188   CACGGCTAATCCTTC                 CAAA ACA TTTG                 GGAGGATTTTTTGxx
-6.3     177 ..     189   GCACGGCTAATCCTT                CCAAA ACA TTTGG                GAGGATTTTTTGxxx
  -5     176 ..     190   GGCACGGCTAATCCT               TCCAAA ACA TTTGGG               AGGATTTTTTGxxxx
-5.9     175 ..     191   AGGCACGGCTAATCC              TTCCAAA ACA TTTGGGA              GGATTTTTTGxxxxx
-8.2     174 ..     192   AAGGCACGGCTAATC             CTTCCAAA ACA TTTGGGAG             GATTTTTTGxxxxxx
-10.5     173 ..     193   AAAGGCACGGCTAAT            CCTTCCAAA ACA TTTGGGAGG            ATTTTTTGxxxxxxx
-11.4     172 ..     194   CAAAGGCACGGCTAA           TCCTTCCAAA ACA TTTGGGAGGA           TTTTTTGxxxxxxxx
-12.3     171 ..     195   GCAAAGGCACGGCTA          ATCCTTCCAAA ACA TTTGGGAGGAT          TTTTTGxxxxxxxxx
-13.2     170 ..     196   GGCAAAGGCACGGCT         AATCCTTCCAAA ACA TTTGGGAGGATT         TTTTGxxxxxxxxxx
-9.7     169 ..     197   TGGCAAAGGCACGGC        TAATCCTTCCAAA ACA TTTGGGAGGATTT        TTTGxxxxxxxxxxx
-6.2     168 ..     198   ATGGCAAAGGCACGG       CTAATCCTTCCAAA ACA TTTGGGAGGATTTT       TTGxxxxxxxxxxxx
-4.9     167 ..     199   CATGGCAAAGGCACG      GCTAATCCTTCCAAA ACA TTTGGGAGGATTTTT      TGxxxxxxxxxxxxx
-3.6     166 ..     200   TCATGGCAAAGGCAC     GGCTAATCCTTCCAAA ACA TTTGGGAGGATTTTTT     Gxxxxxxxxxxxxxx
