>CP002582.1:c3780440-3780356 Clostridium lentocellum DSM 5427, complete genome FORWARD
 7.6       1 ..      11   xxxxxxxxxxxxxxx                 TT AATGAGA AT                 AAATCAGGTTATTAT
 1.8       2 ..      12   xxxxxxxxxxxxxxT                 TAAT GAG AATA                 AATCAGGTTATTATG
 0.9       1 ..      13   xxxxxxxxxxxxxxx                TTAAT GAG AATAA                ATCAGGTTATTATGT
 1.9       1 ..      14   xxxxxxxxxxxxxxx               TTAAT GAGA ATAAA                TCAGGTTATTATGTT
 4.2       4 ..      15   xxxxxxxxxxxxTTA                AT GAGAATAA AT                 CAGGTTATTATGTTG
 1.8       6 ..      16   xxxxxxxxxxTTAAT                 GA GAATAAA TC                 AGGTTATTATGTTGG
 0.9       5 ..      17   xxxxxxxxxxxTTAA                TGA GAATAAA TCA                GGTTATTATGTTGGA
 4.4       4 ..      18   xxxxxxxxxxxxTTA               ATGA GAATAAA TCAG               GTTATTATGTTGGAT
 7.9       3 ..      19   xxxxxxxxxxxxxTT              AATGA GAATAAA TCAGG              TTATTATGTTGGATG
 5.4      10 ..      20   xxxxxxTTAATGAGA                 AT AAATCAG GT                 TATTATGTTGGATGT
 4.5       9 ..      21   xxxxxxxTTAATGAG                AAT AAATCAG GTT                ATTATGTTGGATGTA
 1.3      11 ..      22   xxxxxTTAATGAGAA                TAA ATCAGG TTA                 TTATGTTGGATGTAA
 0.4      10 ..      23   xxxxxxTTAATGAGA               ATAA ATCAGG TTAT                TATGTTGGATGTAAT
-0.5       9 ..      24   xxxxxxxTTAATGAG              AATAA ATCAGG TTATT               ATGTTGGATGTAATA
   3       8 ..      25   xxxxxxxxTTAATGA             GAATAA ATCAGG TTATTA              TGTTGGATGTAATAA
 2.1       7 ..      26   xxxxxxxxxTTAATG            AGAATAA ATCAGG TTATTAT             GTTGGATGTAATAAC
 2.8      16 ..      27   TTAATGAGAATAAAT                CA GGTTATTA TG                 TTGGATGTAATAACT
   5      17 ..      28   TAATGAGAATAAATC                AGGT TATT ATGT                 TGGATGTAATAACTG
 5.4      14 ..      29   xxTTAATGAGAATAA              ATCA GGTTATTA TGTT               GGATGTAATAACTGG
 5.1      16 ..      30   TTAATGAGAATAAAT               CAG GTTATTATG TTG               GATGTAATAACTGGG
 5.7      20 ..      31   TGAGAATAAATCAGG                TTA TTATGT TGG                 ATGTAATAACTGGGC
 6.2      22 ..      32   AGAATAAATCAGGTT                 ATTA TGT TGGA                 TGTAATAACTGGGCC
 3.5      22 ..      33   AGAATAAATCAGGTT                ATT ATGTTG GAT                 GTAATAACTGGGCCA
 2.5      24 ..      34   AATAAATCAGGTTAT                 TAT GTTGG ATG                 TAATAACTGGGCCAA
 1.8      25 ..      35   ATAAATCAGGTTATT                 ATGT TGG ATGT                 AATAACTGGGCCAAT
 0.9      24 ..      36   AATAAATCAGGTTAT                TATGT TGG ATGTA                ATAACTGGGCCAATT
9.537e-08      23 ..      37   GAATAAATCAGGTTA               TTATGT TGG ATGTAA               TAACTGGGCCAATTT
-0.9      22 ..      38   AGAATAAATCAGGTT              ATTATGT TGG ATGTAAT              AACTGGGCCAATTTA
-1.8      21 ..      39   GAGAATAAATCAGGT             TATTATGT TGG ATGTAATA             ACTGGGCCAATTTAT
-2.7      20 ..      40   TGAGAATAAATCAGG            TTATTATGT TGG ATGTAATAA            CTGGGCCAATTTATT
  -5      19 ..      41   ATGAGAATAAATCAG           GTTATTATGT TGG ATGTAATAAC           TGGGCCAATTTATTG
-3.7      18 ..      42   AATGAGAATAAATCA          GGTTATTATGT TGG ATGTAATAACT          GGGCCAATTTATTGG
-2.2      16 ..      43   TTAATGAGAATAAAT        CAGGTTATTATGT TGG ATGTAATAA-CTG        GGCCAATTTATTGGC
-2.5      16 ..      44   TTAATGAGAATAAAT        CAGGTTATTATGT TGG ATGTAATAACTGG        GCCAATTTATTGGCA
-1.2      15 ..      45   xTTAATGAGAATAAA       TCAGGTTATTATGT TGG ATGTAATAACTGGG       CCAATTTATTGGCAA
 2.3      14 ..      46   xxTTAATGAGAATAA      ATCAGGTTATTATGT TGG ATGTAATAACTGGGC      CAATTTATTGGCAAC
 5.8      13 ..      47   xxxTTAATGAGAATA     AATCAGGTTATTATGT TGG ATGTAATAACTGGGCC     AATTTATTGGCAACA
 4.8      38 ..      48   TTATGTTGGATGTAA                 TAAC TGG GCCA                 ATTTATTGGCAACAG
 6.4      28 ..      49   AATCAGGTTATTATG           TTGGAT GTAATAACTG GGCCAA            TTTATTGGCAACAGG
 0.4      40 ..      50   ATGTTGGATGTAATA                 ACTG GGC CAAT                 TTATTGGCAACAGGA
-0.5      39 ..      51   TATGTTGGATGTAAT                AACTG GGC CAATT                TATTGGCAACAGGAA
   3      38 ..      52   TTATGTTGGATGTAA               TAACTG GGC CAATTT               ATTGGCAACAGGAAT
 3.9      38 ..      53   TTATGTTGGATGTAA              TAACT GGGCCA ATTTA               TTGGCAACAGGAATT
   3      37 ..      54   ATTATGTTGGATGTA             ATAACT GGGCCA ATTTAT              TGGCAACAGGAATTA
 2.1      36 ..      55   TATTATGTTGGATGT            AATAACT GGGCCA ATTTATT             GGCAACAGGAATTAA
 3.3      46 ..      56   GATGTAATAACTGGG                 CCA ATTTA TTG                 GCAACAGGAATTAAA
-4.4      46 ..      57   GATGTAATAACTGGG                CCAA TTTA TTGG                 CAACAGGAATTAAAC
-6.7      45 ..      58   GGATGTAATAACTGG               GCCAA TTTA TTGGC                AACAGGAATTAAACC
-3.2      44 ..      59   TGGATGTAATAACTG              GGCCAA TTTA TTGGCA               ACAGGAATTAAACCT
 0.3      43 ..      60   TTGGATGTAATAACT             GGGCCAA TTTA TTGGCAA              CAGGAATTAAACCTG
 0.5      43 ..      61   TTGGATGTAATAACT            G-GGCCAA TTTA TTGGCAAC             AGGAATTAAACCTGT
-0.4      42 ..      62   GTTGGATGTAATAAC           TG-GGCCAA TTTA TTGGCAACA            GGAATTAAACCTGTG
-2.7      41 ..      63   TGTTGGATGTAATAA          CTG-GGCCAA TTTA TTGGCAACAG           GAATTAAACCTGTGG
 0.8      40 ..      64   ATGTTGGATGTAATA         ACTG-GGCCAA TTTA TTGGCAACAGG          AATTAAACCTGTGGG
 2.7      52 ..      65   ATAACTGGGCCAATT               TATTG GCAA CAGGA                ATTAAACCTGTGGGA
 1.8      51 ..      66   AATAACTGGGCCAAT              TTATTG GCAA CAGGAA               TTAAACCTGTGGGAC
 2.5      37 ..      67   ATTATGTTGGATGTA      ATAACTG-GGCCAA TTTA TTGGCAACAGGAAT       TAAACCTGTGGGACT
 1.6      36 ..      68   TATTATGTTGGATGT     AATAACTG-GGCCAA TTTA TTGGCAACAGGAATT      AAACCTGTGGGACTA
 0.7      35 ..      69   TTATTATGTTGGATG    TAATAACTG-GGCCAA TTTA TTGGCAACAGGAATTA     AACCTGTGGGACTAT
 4.2      34 ..      70   GTTATTATGTTGGAT   GTAATAACTG-GGCCAA TTTA TTGGCAACAGGAATTAA    ACCTGTGGGACTATA
 3.3      33 ..      71   GGTTATTATGTTGGA  TGTAATAACTG-GGCCAA TTTA TTGGCAACAGGAATTAAA   CCTGTGGGACTATAx
 6.8      32 ..      72   AGGTTATTATGTTGG ATGTAATAACTG-GGCCAA TTTA TTGGCAACAGGAATTAAAC  CTGTGGGACTATAxx
 0.4      63 ..      73   AATTTATTGGCAACA                 GG AATTAAA CC                 TGTGGGACTATAxxx
-0.5      62 ..      74   CAATTTATTGGCAAC                AGG AATTAAA CCT                GTGGGACTATAxxxx
-2.8      61 ..      75   CCAATTTATTGGCAA               CAGG AATTAAA CCTG               TGGGACTATAxxxxx
-3.7      60 ..      76   GCCAATTTATTGGCA              ACAGG AATTAAA CCTGT              GGGACTATAxxxxxx
-0.2      59 ..      77   GGCCAATTTATTGGC             AACAGG AATTAAA CCTGTG             GGACTATAxxxxxxx
-2.5      58 ..      78   GGGCCAATTTATTGG            CAACAGG AATTAAA CCTGTGG            GACTATAxxxxxxxx
   1      57 ..      79   TGGGCCAATTTATTG           GCAACAGG AATTAAA CCTGTGGG           ACTATAxxxxxxxxx
 3.4      70 ..      80   TGGCAACAGGAATTA                 AACC TGT GGGA                 CTATAxxxxxxxxxx
 4.4      70 ..      81   TGGCAACAGGAATTA                AACC TGTG GGAC                 TATAxxxxxxxxxxx
 3.5      69 ..      82   TTGGCAACAGGAATT               AAACC TGTG GGACT                ATAxxxxxxxxxxxx
 2.6      68 ..      83   ATTGGCAACAGGAAT              TAAACC TGTG GGACTA               TAxxxxxxxxxxxxx
 6.1      67 ..      84   TATTGGCAACAGGAA             TTAAACC TGTG GGACTAT              Axxxxxxxxxxxxxx
