>AADD01103245.1:c5740-5371 Homo sapiens chromosome 9 WGSA:103244 contig 103244 scaffold 172, whole genome shotgun sequence FORWARD
None       1 ..      11   xxxxxxxxxxxxxxx                  GGGAGCGAATG                  GCATCGGGAACTTTG
None       2 ..      12   xxxxxxxxxxxxxxG                  GGAGCGAATGG                  CATCGGGAACTTTGA
 4.7       3 ..      13   xxxxxxxxxxxxxGG                 G AGCGAATGG C                 ATCGGGAACTTTGAA
 1.9       4 ..      14   xxxxxxxxxxxxGGG                 AGC GAATG GCA                 TCGGGAACTTTGAAA
 3.2       3 ..      15   xxxxxxxxxxxxxGG                GAGC GAATG GCAT                CGGGAACTTTGAAAC
 0.9       2 ..      16   xxxxxxxxxxxxxxG               GGAGC GAATG GCATC               GGGAACTTTGAAACT
-1.5       6 ..      17   xxxxxxxxxxGGGAG                CGA ATGGCA TCG                 GGAACTTTGAAACTT
   2       5 ..      18   xxxxxxxxxxxGGGA               GCGA ATGGCA TCGG                GAACTTTGAAACTTT
 5.5       4 ..      19   xxxxxxxxxxxxGGG              AGCGA ATGGCA TCGGG               AACTTTGAAACTTTC
 4.8      10 ..      20   xxxxxxGGGAGCGAA                 TGGC ATC GGGA                 ACTTTGAAACTTTCC
 5.8      10 ..      21   xxxxxxGGGAGCGAA                TGGC ATCG GGAA                 CTTTGAAACTTTCCT
 4.7      12 ..      22   xxxxGGGAGCGAATG                 G CATCGGGAA C                 TTTGAAACTTTCCTT
   6      11 ..      23   xxxxxGGGAGCGAAT                GG CATCGGGAA CT                TTGAAACTTTCCTTT
 6.1      14 ..      24   xxGGGAGCGAATGGC                 A TCGGGAACT T                 TGAAACTTTCCTTTG
 5.8      14 ..      25   xxGGGAGCGAATGGC                ATCG GGAA CTTT                 GAAACTTTCCTTTGT
 2.6      16 ..      26   GGGAGCGAATGGCAT                 CGGG AAC TTTG                 AAACTTTCCTTTGTA
 1.7      15 ..      27   xGGGAGCGAATGGCA                TCGGG AAC TTTGA                AACTTTCCTTTGTAT
 5.2      14 ..      28   xxGGGAGCGAATGGC               ATCGGG AAC TTTGAA               ACTTTCCTTTGTATA
 8.7      13 ..      29   xxxGGGAGCGAATGG              CATCGGG AAC TTTGAAA              CTTTCCTTTGTATAT
 5.7      19 ..      30   AGCGAATGGCATCGG                G AACTTTGAAA C                 TTTCCTTTGTATATT
 1.8      21 ..      31   CGAATGGCATCGGGA                 ACTT TGA AACT                 TTCCTTTGTATATTA
 0.9      20 ..      32   GCGAATGGCATCGGG                AACTT TGA AACTT                TCCTTTGTATATTAC
 2.2      19 ..      33   AGCGAATGGCATCGG               GAACTT TGA AACTTT               CCTTTGTATATTACA
-0.1      18 ..      34   GAGCGAATGGCATCG              GGAACTT TGA AACTTTC              CTTTGTATATTACAT
-2.4      17 ..      35   GGAGCGAATGGCATC             GGGAACTT TGA AACTTTCC             TTTGTATATTACATT
 1.1      16 ..      36   GGGAGCGAATGGCAT            CGGGAACTT TGA AACTTTCCT            TTGTATATTACATTA
 3.2      27 ..      37   GCATCGGGAACTTTG                 AA ACTTTCC TT                 TGTATATTACATTAA
 1.3      27 ..      38   GCATCGGGAACTTTG                AAA CTTTCC TTT                 GTATATTACATTAAT
 1.4      13 ..      39   xxxGGGAGCGAATGG         CATCGGGAACTT TGA AACTTTCCTTTG         TATATTACATTAATC
 2.7      12 ..      40   xxxxGGGAGCGAATG        GCATCGGGAACTT TGA AACTTTCCTTTGT        ATATTACATTAATCC
 6.1      31 ..      41   CGGGAACTTTGAAAC                 T TTCCTTTGT A                 TATTACATTAATCCA
 4.8      32 ..      42   GGGAACTTTGAAACT                 TTCC TTT GTAT                 ATTACATTAATCCAT
 3.9      31 ..      43   CGGGAACTTTGAAAC                TTTCC TTT GTATA                TTACATTAATCCATA
 7.4      30 ..      44   TCGGGAACTTTGAAA               CTTTCC TTT GTATAT               TACATTAATCCATAT
 6.5      29 ..      45   ATCGGGAACTTTGAA              ACTTTCC TTT GTATATT              ACATTAATCCATATA
 6.1      36 ..      46   ACTTTGAAACTTTCC                 T TTGTATATT A                 CATTAATCCATATAA
 6.9      37 ..      47   CTTTGAAACTTTCCT                 TTG TATAT TAC                 ATTAATCCATATAAG
  -4      38 ..      48   TTTGAAACTTTCCTT                 TGTA TAT TACA                 TTAATCCATATAAGA
-0.5      37 ..      49   CTTTGAAACTTTCCT                TTGTA TAT TACAT                TAATCCATATAAGAA
   3      36 ..      50   ACTTTGAAACTTTCC               TTTGTA TAT TACATT               AATCCATATAAGAAA
 3.4      40 ..      51   TGAAACTTTCCTTTG                TATAT TAC AT-TA                ATCCATATAAGAAAA
 5.3      40 ..      52   TGAAACTTTCCTTTG                TATAT TAC ATTAA                TCCATATAAGAAAAT
-2.6      43 ..      53   AACTTTCCTTTGTAT                 ATTA CAT TAAT                 CCATATAAGAAAATC
 0.9      42 ..      54   AAACTTTCCTTTGTA                TATTA CAT TAATC                CATATAAGAAAATCT
 4.4      41 ..      55   GAAACTTTCCTTTGT               ATATTA CAT TAATCC               ATATAAGAAAATCTC
 3.5      40 ..      56   TGAAACTTTCCTTTG              TATATTA CAT TAATCCA              TATAAGAAAATCTCT
 4.8      39 ..      57   TTGAAACTTTCCTTT             GTATATTA CAT TAATCCAT             ATAAGAAAATCTCTT
 3.9      38 ..      58   TTTGAAACTTTCCTT            TGTATATTA CAT TAATCCATA            TAAGAAAATCTCTTT
 4.2      48 ..      59   TCCTTTGTATATTAC                AT TAATCCAT AT                 AAGAAAATCTCTTTT
 3.2      50 ..      60   CTTTGTATATTACAT                 TA ATCCATA TA                 AGAAAATCTCTTTTA
 2.3      49 ..      61   CCTTTGTATATTACA                TTA ATCCATA TAA                GAAAATCTCTTTTAA
 4.1      49 ..      62   CCTTTGTATATTACA               TTAAT CCAT ATAAG                AAAATCTCTTTTAAT
 1.8      53 ..      63   TGTATATTACATTAA                 TC CATATAA GA                 AAATCTCTTTTAATG
 4.3      53 ..      64   TGTATATTACATTAA                TCC ATATAA GAA                 AATCTCTTTTAATGA
   5      31 ..      65   CGGGAACTTTGAAAC     TTTCCTTTGTATATTA CAT TAATCCATATAAGAAA     ATCTCTTTTAATGAG
 6.2      56 ..      66   ATATTACATTAATCC                 ATAT AAG AAAA                 TCTCTTTTAATGAGG
 2.8      56 ..      67   ATATTACATTAATCC                ATAT AAGA AAAT                 CTCTTTTAATGAGGA
 5.7      57 ..      68   TATTACATTAATCCA                TAT AAGAAA ATC                 TCTTTTAATGAGGAG
 4.8      56 ..      69   ATATTACATTAATCC               ATAT AAGAAA ATCT                CTTTTAATGAGGAGT
 0.4      60 ..      70   TACATTAATCCATAT                 AAGA AAA TCTC                 TTTTAATGAGGAGTG
-1.1      61 ..      71   ACATTAATCCATATA                 AGA AAATC TCT                 TTTAATGAGGAGTGA
  -2      60 ..      72   TACATTAATCCATAT                AAGA AAATC TCTT                TTAATGAGGAGTGAT
 0.3      63 ..      73   ATTAATCCATATAAG                 AAA ATCTC TTT                 TAATGAGGAGTGATG
-1.6      63 ..      74   ATTAATCCATATAAG                AAAA TCTC TTTT                 AATGAGGAGTGATGT
-0.3      57 ..      75   TATTACATTAATCCA             TATAAGA AAATC TCTTTTA             ATGAGGAGTGATGTA
 3.2      56 ..      76   ATATTACATTAATCC            ATATAAGA AAATC TCTTTTAA            TGAGGAGTGATGTAG
 4.2      66 ..      77   AATCCATATAAGAAA                AT CTCTTTTA AT                 GAGGAGTGATGTAGT
 2.5      55 ..      78   TATATTACATTAATC          CA-TATAAGA AAATC TCTTTTAATG          AGGAGTGATGTAGTT
 0.4      69 ..      79   CCATATAAGAAAATC                 TCTT TTA ATGA                 GGAGTGATGTAGTTA
-1.9      68 ..      80   TCCATATAAGAAAAT                CTCTT TTA ATGAG                GAGTGATGTAGTTAC
-0.6      67 ..      81   ATCCATATAAGAAAA               TCTCTT TTA ATGAGG               AGTGATGTAGTTACA
 0.5      69 ..      82   CCATATAAGAAAATC               TCTTT TAAT GAGGA                GTGATGTAGTTACAA
-1.8      68 ..      83   TCCATATAAGAAAAT              CTCTTT TAAT GAGGAG               TGATGTAGTTACAAA
 1.7      67 ..      84   ATCCATATAAGAAAA             TCTCTTT TAAT GAGGAGT              GATGTAGTTACAAAC
 1.7      68 ..      85   TCCATATAAGAAAAT             CTCTTTT AATG AGGAGTG              ATGTAGTTACAAACT
 0.8      67 ..      86   ATCCATATAAGAAAA            TCTCTTTT AATG AGGAGTGA             TGTAGTTACAAACTC
-0.1      66 ..      87   AATCCATATAAGAAA           ATCTCTTTT AATG AGGAGTGAT            GTAGTTACAAACTCT
 3.4      47 ..      88   TTCCTTTGTATATTA CATTAATCCATATAAGAA AATCTC TTTTAATGAGGAGTGATG  TAGTTACAAACTCTC
 2.5      46 ..      89   TTTCCTTTGTATATT ACATTAATCCATATAAGAA AATCTC TTTTAATGAGGAGTGATGT AGTTACAAACTCTCC
 1.6      45 ..      90   CTTTCCTTTGTATAT TACATTAATCCATATAAGAA AATCTC TTTTAATGAGGAGTGATGTA GTTACAAACTCTCCA
 2.9      44 ..      91   ACTTTCCTTTGTATA TTACATTAATCCATATAAGAA AATCTC TTTTAATGAGGAGTGATGTAG TTACAAACTCTCCAG
   2      43 ..      92   AACTTTCCTTTGTAT ATTACATTAATCCATATAAGAA AATCTC TTTTAATGAGGAGTGATGTAGT TACAAACTCTCCAGA
 5.3      81 ..      93   ATCTCTTTTAATGAG                GAGTG ATG TAGTT                ACAAACTCTCCAGAG
 1.8      84 ..      94   TCTTTTAATGAGGAG                 TGAT GTA GTTA                 CAAACTCTCCAGAGC
-0.5      83 ..      95   CTCTTTTAATGAGGA                GTGAT GTA GTTAC                AAACTCTCCAGAGCC
   3      38 ..      96   TTTGAAACTTTCCTT TGTATATTACATTAATCCATATAAGAA AATCTC TTTTAATGAGGAGTGATGTAGT-TACA AACTCTCCAGAGCCA
 1.4      86 ..      97   TTTTAATGAGGAGTG                ATGT AGTT ACAA                 ACTCTCCAGAGCCAT
 4.8      88 ..      98   TTAATGAGGAGTGAT                 GTAG TTA CAAA                 CTCTCCAGAGCCATA
 2.8      88 ..      99   TTAATGAGGAGTGAT                GT AGTTACAA AC                 TCTCCAGAGCCATAA
  -4      90 ..     100   AATGAGGAGTGATGT                 AGTT ACA AACT                 CTCCAGAGCCATAAT
-0.5      89 ..     101   TAATGAGGAGTGATG                TAGTT ACA AACTC                TCCAGAGCCATAATT
 0.8      88 ..     102   TTAATGAGGAGTGAT               GTAGTT ACA AACTCT               CCAGAGCCATAATTA
 2.5      85 ..     103   CTTTTAATGAGGAGT            GATGTAGTT ACA AACT-C-TC            CAGAGCCATAATTAG
 0.8      80 ..     104   AATCTCTTTTAATGA         GGAGTG-ATGT AGTT ACAAACTCTCC          AGAGCCATAATTAGA
 2.6      77 ..     105   GAAAATCTCTTTTAA       TGAGGAGTGATGT AGTT ACAA-ACTCTCCA        GAGCCATAATTAGAG
 5.7      95 ..     106   GGAGTGATGTAGTTA                C AAACTCTCCA G                 AGCCATAATTAGAGC
 6.9      77 ..     107   GAAAATCTCTTTTAA      TGAGGAGTG-ATGT AGTT ACAAACTCTCCAGA       GCCATAATTAGAGCA
 2.5      98 ..     108   GTGATGTAGTTACAA                ACTC TCCA GAG-                 CCATAATTAGAGCAA
   0      98 ..     109   GTGATGTAGTTACAA                ACTC TCCA GAGC                 CATAATTAGAGCAAA
 3.5      97 ..     110   AGTGATGTAGTTACA               AACTC TCCA GAGCC                ATAATTAGAGCAAAC
 5.8     100 ..     111   GATGTAGTTACAAAC                TCTC CAGA GCCA                 TAATTAGAGCAAACT
 8.4      97 ..     112   AGTGATGTAGTTACA              AACTCT CCAG AGCCAT               AATTAGAGCAAACTA
 7.1     102 ..     113   TGTAGTTACAAACTC                T CCAGAGCCAT A                 ATTAGAGCAAACTAA
 8.1     102 ..     114   TGTAGTTACAAACTC                T CCAGAGCCATA A                TTAGAGCAAACTAAT
 6.1     105 ..     115   AGTTACAAACTCTCC                 A GAGCCATAA T                 TAGAGCAAACTAATT
 5.4     106 ..     116   GTTACAAACTCTCCA                 GA GCCATAA TT                 AGAGCAAACTAATTG
 7.9     106 ..     117   GTTACAAACTCTCCA                GAG CCATAA TTA                 GAGCAAACTAATTGA
 6.6     104 ..     118   TAGTTACAAACTCTC               CAGA GCCATAA TTAG               AGCAAACTAATTGAA
 5.8     108 ..     119   TACAAACTCTCCAGA                GCCA TAAT TAGA                 GCAAACTAATTGAAG
 4.4     101 ..     120   ATGTAGTTACAAACT            CTCCAG AGCCATAA TTAGAG             CAAACTAATTGAAGT
 3.4     108 ..     121   TACAAACTCTCCAGA               GC CATAATTAGA GC                AAACTAATTGAAGTT
 6.1     112 ..     122   AACTCTCCAGAGCCA                 T AATTAGAGC A                 AACTAATTGAAGTTG
 7.1     112 ..     123   AACTCTCCAGAGCCA                T AATTAGAGCA A                 ACTAATTGAAGTTGT
 4.7     114 ..     124   CTCTCCAGAGCCATA                 ATT AGAGC AAA                 CTAATTGAAGTTGTG
 5.7     114 ..     125   CTCTCCAGAGCCATA                ATT AGAGCA AAC                 TAATTGAAGTTGTGT
 4.8     113 ..     126   ACTCTCCAGAGCCAT               AATT AGAGCA AACT                AATTGAAGTTGTGTT
-0.1     116 ..     127   CTCCAGAGCCATAAT                TAG AGCAAA CTA                 ATTGAAGTTGTGTTT
  -1     115 ..     128   TCTCCAGAGCCATAA               TTAG AGCAAA CTAA                TTGAAGTTGTGTTTT
-1.9     114 ..     129   CTCTCCAGAGCCATA              ATTAG AGCAAA CTAAT               TGAAGTTGTGTTTTG
-2.8     113 ..     130   ACTCTCCAGAGCCAT             AATTAG AGCAAA CTAATT              GAAGTTGTGTTTTGA
-1.5     112 ..     131   AACTCTCCAGAGCCA            TAATTAG AGCAAA CTAATTG             AAGTTGTGTTTTGAC
   2     111 ..     132   AAACTCTCCAGAGCC           ATAATTAG AGCAAA CTAATTGA            AGTTGTGTTTTGACA
 5.5     110 ..     133   CAAACTCTCCAGAGC          CATAATTAG AGCAAA CTAATTGAA           GTTGTGTTTTGACAC
 3.2     109 ..     134   ACAAACTCTCCAGAG         CCATAATTAG AGCAAA CTAATTGAAG          TTGTGTTTTGACACA
-0.1     124 ..     135   CCATAATTAGAGCAA                ACT AATTGA AGT                 TGTGTTTTGACACAC
  -1     123 ..     136   GCCATAATTAGAGCA               AACT AATTGA AGTT                GTGTTTTGACACACT
 2.5     122 ..     137   AGCCATAATTAGAGC              AAACT AATTGA AGTTG               TGTTTTGACACACTT
   3     124 ..     138   CCATAATTAGAGCAA               ACTAAT TGA AGTTGT               GTTTTGACACACTTT
 1.8     121 ..     139   GAGCCATAATTAGAG            CA-AACT AATTGA AGTTGTG             TTTTGACACACTTTC
 3.1     120 ..     140   AGAGCCATAATTAGA           GCA-AACT AATTGA AGTTGTGT            TTTGACACACTTTCC
 2.2     119 ..     141   CAGAGCCATAATTAG          AGCA-AACT AATTGA AGTTGTGTT           TTGACACACTTTCCA
 1.8     132 ..     142   AGAGCAAACTAATTG                 AAGT TGT GTTT                 TGACACACTTTCCAA
 2.6     117 ..     143   TCCAGAGCCATAATT        AGAGCA-AACT AATTGA AGTTGTGTTTT         GACACACTTTCCAAA
 3.9     116 ..     144   CTCCAGAGCCATAAT       TAGAGCA-AACT AATTGA AGTTGTGTTTTG        ACACACTTTCCAAAT
   3     115 ..     145   TCTCCAGAGCCATAA      TTAGAGCA-AACT AATTGA AGTTGTGTTTTGA       CACACTTTCCAAATT
 2.4     134 ..     146   AGCAAACTAATTGAA                GTTG TGTTT TGAC                ACACTTTCCAAATTC
-0.1     136 ..     147   CAAACTAATTGAAGT                TGT GTTTTG ACA                 CACTTTCCAAATTCA
-4.4     137 ..     148   AAACTAATTGAAGTT                GTGT TTTG ACAC                 ACTTTCCAAATTCAC
-5.3     136 ..     149   CAAACTAATTGAAGT               TGTGT TTTG ACACA                CTTTCCAAATTCACG
-2.4     137 ..     150   AAACTAATTGAAGTT               GTGT TTTGAC ACAC                TTTCCAAATTCACGG
-2.5     133 ..     151   GAGCAAACTAATTGA            AGTTGTGT TTTG ACACA-CT             TTCCAAATTCACGGG
-3.4     132 ..     152   AGAGCAAACTAATTG           AAGTTGTGT TTTG ACACA-CTT            TCCAAATTCACGGGT
-2.3     132 ..     153   AGAGCAAACTAATTG           AAGTTGTGT TTTG ACACACTTT            CCAAATTCACGGGTG
-4.6     131 ..     154   TAGAGCAAACTAATT          GAAGTTGTGT TTTG ACACACTTTC           CAAATTCACGGGTGC
-1.1     130 ..     155   TTAGAGCAAACTAAT         TGAAGTTGTGT TTTG ACACACTTTCC          AAATTCACGGGTGCC
  -2     129 ..     156   ATTAGAGCAAACTAA        TTGAAGTTGTGT TTTG ACACACTTTCCA         AATTCACGGGTGCCG
-0.4     129 ..     157   ATTAGAGCAAACTAA       TT-GAAGTTGTGT TTTG ACACACTTTCCAA        ATTCACGGGTGCCGG
 1.2     140 ..     158   CTAATTGAAGTTGTG             TTTTGACA CAC TTTCCAAA             TTCACGGGTGCCGGA
 1.8     149 ..     159   GTTGTGTTTTGACAC                 ACTT TCC AAAT                 TCACGGGTGCCGGAT
 2.8     149 ..     160   GTTGTGTTTTGACAC                ACTT TCCA AATT                 CACGGGTGCCGGATG
 3.7     137 ..     161   AAACTAATTGAAGTT          GTGTTTTGACA CAC TTTCCAAATTC          ACGGGTGCCGGATGA
 2.8     136 ..     162   CAAACTAATTGAAGT         TGTGTTTTGACA CAC TTTCCAAATTCA         CGGGTGCCGGATGAC
 6.3     135 ..     163   GCAAACTAATTGAAG        TTGTGTTTTGACA CAC TTTCCAAATTCAC        GGGTGCCGGATGACA
 4.7     154 ..     164   GTTTTGACACACTTT                 C CAAATTCAC G                 GGTGCCGGATGACAT
 1.4     154 ..     165   GTTTTGACACACTTT                CC AAATTCAC GG                 GTGCCGGATGACATA
 2.4     154 ..     166   GTTTTGACACACTTT                CC AAATTCACG GG                TGCCGGATGACATAT
 5.9     153 ..     167   TGTTTTGACACACTT               TCC AAATTCACG GGT               GCCGGATGACATATT
 4.8     155 ..     168   TTTTGACACACTTTC               CA AATTCACGGG TG                CCGGATGACATATTC
   8     158 ..     169   TGACACACTTTCCAA                ATTC ACGG GTGC                 CGGATGACATATTCA
 5.8     159 ..     170   GACACACTTTCCAAA                TTCA CGGG TGCC                 GGATGACATATTCAC
 4.7     161 ..     171   CACACTTTCCAAATT                 C ACGGGTGCC G                 GATGACATATTCACA
-2.4     162 ..     172   ACACTTTCCAAATTC                 ACGG GTG CCGG                 ATGACATATTCACAA
-3.1     160 ..     173   ACACACTTTCCAAAT               TCACGG GTG CCG-GA               TGACATATTCACAAC
 0.4     159 ..     174   GACACACTTTCCAAA              TTCACGG GTG CCG-GAT              GACATATTCACAACA
 2.9     161 ..     175   CACACTTTCCAAATT              CA--CGG GTG CCGGATG              ACATATTCACAACAC
   2     160 ..     176   ACACACTTTCCAAAT             TCA--CGG GTG CCGGATGA             CATATTCACAACACT
 2.8     166 ..     177   TTTCCAAATTCACGG                GT GCCGGATG AC                 ATATTCACAACACTG
3.576e-08     167 ..     178   TTCCAAATTCACGGG                TGCC GGAT GACA                 TATTCACAACACTGC
 1.3     166 ..     179   TTTCCAAATTCACGG               GTGCC GGAT GACAT                ATTCACAACACTGCT
 4.8     165 ..     180   CTTTCCAAATTCACG              GGTGCC GGAT GACATA               TTCACAACACTGCTG
   4     171 ..     181   AAATTCACGGGTGCC                 GGAT GAC ATAT                 TCACAACACTGCTGC
 1.8     172 ..     182   AATTCACGGGTGCCG                 GATG ACA TATT                 CACAACACTGCTGCC
-0.5     171 ..     183   AAATTCACGGGTGCC                GGATG ACA TATTC                ACAACACTGCTGCCG
-1.1     174 ..     184   TTCACGGGTGCCGGA                 TGA CATAT TCA                 CAACACTGCTGCCGC
 2.4     173 ..     185   ATTCACGGGTGCCGG                ATGA CATAT TCAC                AACACTGCTGCCGCA
 3.8     174 ..     186   TTCACGGGTGCCGGA                TG ACATATTCA CA                ACACTGCTGCCGCAC
 7.3     173 ..     187   ATTCACGGGTGCCGG               ATG ACATATTCA CAA               CACTGCTGCCGCACA
   5     172 ..     188   AATTCACGGGTGCCG              GATG ACATATTCA CAAC              ACTGCTGCCGCACAA
 1.8     179 ..     189   GGGTGCCGGATGACA                 TATT CAC AACA                 CTGCTGCCGCACAAC
 5.3     178 ..     190   CGGGTGCCGGATGAC                ATATT CAC AACAC                TGCTGCCGCACAACC
 5.7     180 ..     191   GGTGCCGGATGACAT                ATT CACAAC ACT                 GCTGCCGCACAACCA
 4.6     177 ..     192   ACGGGTGCCGGATGA              CA-TATT CAC AACACTG              CTGCCGCACAACCAT
 4.3     182 ..     193   TGCCGGATGACATAT                TCA CAACAC TGC                 TGCCGCACAACCATG
 3.9     184 ..     194   CCGGATGACATATTC                A-CA ACAC TGCT                 GCCGCACAACCATGG
  -1     185 ..     195   CGGATGACATATTCA                 CAAC ACT GCTG                 CCGCACAACCATGGC
 2.5     184 ..     196   CCGGATGACATATTC                ACAAC ACT GCTGC                CGCACAACCATGGCG
 5.8     186 ..     197   GGATGACATATTCAC                AACA CTGC TGCC                 GCACAACCATGGCGA
 3.5     185 ..     198   CGGATGACATATTCA               CAACA CTGC TGCCG                CACAACCATGGCGAC
 3.4     189 ..     199   TGACATATTCACAAC                 ACTG CTG CCGC                 ACAACCATGGCGACG
 2.5     190 ..     200   GACATATTCACAACA                CTGC TGCC GCA-                 CAACCATGGCGACGG
   0     190 ..     201   GACATATTCACAACA                CTGC TGCC GCAC                 AACCATGGCGACGGC
 0.6     191 ..     202   ACATATTCACAACAC                TGCTG CCG CA-CA                ACCATGGCGACGGCA
 3.3     193 ..     203   ATATTCACAACACTG                 CTG CCGCA CAA                 CCATGGCGACGGCAA
   1     192 ..     204   CATATTCACAACACT                GCTG CCGCA CAAC                CATGGCGACGGCAAA
 4.5     191 ..     205   ACATATTCACAACAC               TGCTG CCGCA CAACC               ATGGCGACGGCAAAA
 3.8     194 ..     206   TATTCACAACACTGC                TG CCGCACAAC CA                TGGCGACGGCAAAAT
 7.1     189 ..     207   TGACATATTCACAAC             ACTGCTG CCGCA CAACCAT             GGCGACGGCAAAATC
 4.8     188 ..     208   ATGACATATTCACAA            CACTGCTG CCGCA CAACCATG            GCGACGGCAAAATCA
 2.5     199 ..     209   ACAACACTGCTGCCG                CACA ACCA TG-G                 CGACGGCAAAATCAT
 0.2     198 ..     210   CACAACACTGCTGCC               GCACA ACCA TG-GC                GACGGCAAAATCATT
-2.1     197 ..     211   TCACAACACTGCTGC              CGCACA ACCA TG-GCG               ACGGCAAAATCATTA
 1.4     196 ..     212   TTCACAACACTGCTG             CCGCACA ACCA TG-GCGA              CGGCAAAATCATTAG
-0.9     195 ..     213   ATTCACAACACTGCT            GCCGCACA ACCA TG-GCGAC             GGCAAAATCATTAGG
 0.4     194 ..     214   TATTCACAACACTGC           TGCCGCACA ACCA TG-GCGACG            GCAAAATCATTAGGC
-1.9     193 ..     215   ATATTCACAACACTG          CTGCCGCACA ACCA TG-GCGACGG           CAAAATCATTAGGCT
-4.2     192 ..     216   CATATTCACAACACT         GCTGCCGCACA ACCA TG-GCGACGGC          AAAATCATTAGGCTA
-5.1     191 ..     217   ACATATTCACAACAC        TGCTGCCGCACA ACCA TG-GCGACGGCA         AAATCATTAGGCTAA
-1.6     190 ..     218   GACATATTCACAACA       CTGCTGCCGCACA ACCA TG-GCGACGGCAA        AATCATTAGGCTAAT
 1.9     189 ..     219   TGACATATTCACAAC      ACTGCTGCCGCACA ACCA TG-GCGACGGCAAA       ATCATTAGGCTAATA
 4.5     191 ..     220   ACATATTCACAACAC       TGCTGCCG-CACAA CCA TGGCGACGGCAAAA       TCATTAGGCTAATAA
 4.5     187 ..     221   GATGACATATTCACA    ACACTGCTGCCGCACA ACCA TG-GCGACGGCAAAAT     CATTAGGCTAATAAC
 2.8     211 ..     222   CCGCACAACCATGGC                GA CGGCAAAA TC                 ATTAGGCTAATAACG
 5.5     213 ..     223   GCACAACCATGGCGA                 CGG CAAAA TCA                 TTAGGCTAATAACGC
 4.6     212 ..     224   CGCACAACCATGGCG                ACGG CAAAA TCAT                TAGGCTAATAACGCT
 5.9     211 ..     225   CCGCACAACCATGGC               GACGG CAAAA TCATT               AGGCTAATAACGCTT
 4.7     216 ..     226   CAACCATGGCGACGG                 CAA AATCA TTA                 GGCTAATAACGCTTA
 1.4     216 ..     227   CAACCATGGCGACGG                CAAA ATCA TTAG                 GCTAATAACGCTTAT
 3.9     216 ..     228   CAACCATGGCGACGG                CAAAA TCA TTAGG                CTAATAACGCTTATT
 1.6     215 ..     229   ACAACCATGGCGACG               GCAAAA TCA TTAGGC               TAATAACGCTTATTT
 2.9     214 ..     230   CACAACCATGGCGAC              GGCAAAA TCA TTAGGCT              AATAACGCTTATTTG
 6.1     221 ..     231   ATGGCGACGGCAAAA                 T CATTAGGCT A                 ATAACGCTTATTTGC
 5.7     221 ..     232   ATGGCGACGGCAAAA                TCA TTAGGC TAA                 TAACGCTTATTTGCA
-2.6     223 ..     233   GGCGACGGCAAAATC                 ATTA GGC TAAT                 AACGCTTATTTGCAT
 0.9     222 ..     234   TGGCGACGGCAAAAT                CATTA GGC TAATA                ACGCTTATTTGCATT
-1.431e-07     221 ..     235   ATGGCGACGGCAAAA               TCATTA GGC TAATAA               CGCTTATTTGCATTC
 3.5     220 ..     236   CATGGCGACGGCAAA              ATCATTA GGC TAATAAC              GCTTATTTGCATTCT
 2.5     222 ..     237   TGGCGACGGCAAAAT              CATTA GGCTAA TAACG               CTTATTTGCATTCTT
 0.4     228 ..     238   CGGCAAAATCATTAG                 GC TAATAAC GC                 TTATTTGCATTCTTA
 1.7     227 ..     239   ACGGCAAAATCATTA                GGC TAATAAC GCT                TATTTGCATTCTTAT
 0.8     226 ..     240   GACGGCAAAATCATT               AGGC TAATAAC GCTT               ATTTGCATTCTTATC
-0.1     225 ..     241   CGACGGCAAAATCAT              TAGGC TAATAAC GCTTA              TTTGCATTCTTATCA
-2.6     232 ..     242   AAAATCATTAGGCTA                 ATAA CGC TTAT                 TTGCATTCTTATCAT
-3.5     231 ..     243   CAAAATCATTAGGCT                AATAA CGC TTATT                TGCATTCTTATCATG
-2.384e-07     230 ..     244   GCAAAATCATTAGGC               TAATAA CGC TTATTT               GCATTCTTATCATGC
-2.3     229 ..     245   GGCAAAATCATTAGG              CTAATAA CGC TTATTTG              CATTCTTATCATGCC
-4.6     228 ..     246   CGGCAAAATCATTAG             GCTAATAA CGC TTATTTGC             ATTCTTATCATGCCG
-1.1     227 ..     247   ACGGCAAAATCATTA            GGCTAATAA CGC TTATTTGCA            TTCTTATCATGCCGG
  -2     226 ..     248   GACGGCAAAATCATT           AGGCTAATAA CGC TTATTTGCAT           TCTTATCATGCCGGC
 1.1     234 ..     249   AATCATTAGGCTAAT              AACGC TTATTT GCATT               CTTATCATGCCGGCA
 4.6     233 ..     250   AAATCATTAGGCTAA             TAACGC TTATTT GCATTC              TTATCATGCCGGCAG
 3.7     232 ..     251   AAAATCATTAGGCTA            ATAACGC TTATTT GCATTCT             TATCATGCCGGCAGC
 2.8     231 ..     252   CAAAATCATTAGGCT           AATAACGC TTATTT GCATTCTT            ATCATGCCGGCAGCT
 1.9     230 ..     253   GCAAAATCATTAGGC          TAATAACGC TTATTT GCATTCTTA           TCATGCCGGCAGCTC
 4.9     241 ..     254   AGGCTAATAACGCTT               ATTTG CATT CTTAT                CATGCCGGCAGCTCG
 3.1     228 ..     255   CGGCAAAATCATTAG        GCTAATAACGC TTATTT GCATTCTTATC         ATGCCGGCAGCTCGC
   3     244 ..     256   CTAATAACGCTTATT               TGCAT TCTT AT-CA                TGCCGGCAGCTCGCC
 3.2     247 ..     257   ATAACGCTTATTTGC                 AT TCTTATC AT                 GCCGGCAGCTCGCCC
 0.9     246 ..     258   AATAACGCTTATTTG                CAT TCTTATC ATG                CCGGCAGCTCGCCCT
-1.4     245 ..     259   TAATAACGCTTATTT               GCAT TCTTATC ATGC               CGGCAGCTCGCCCTT
 2.1     244 ..     260   CTAATAACGCTTATT              TGCAT TCTTATC ATGCC              GGCAGCTCGCCCTTA
 2.7     213 ..     261   GCACAACCATGGCGA CGGCAAAATCATTAGGCTAATAA CGC TTATTTGCATTCTTATCATGCCG GCAGCTCGCCCTTAA
 4.7     242 ..     262   GGCTAATAACGCTTA            TTTGCAT TCTTATC ATGCCGG            CAGCTCGCCCTTAAA
 3.9     211 ..     263   CCGCACAACCATGGC GACGGCAAAATCATTAGGCTAATAA CGC TTATTTGCATTCTTATCATGCCGGC AGCTCGCCCTTAAAT
 4.6     252 ..     264   GCTTATTTGCATTCT                TATC ATGCC GGCA                GCTCGCCCTTAAATA
 2.5     255 ..     265   TATTTGCATTCTTAT                CATG CCGG CA-G                 CTCGCCCTTAAATAC
 5.3     209 ..     266   TGCCGCACAACCATG GC-GACGGCAAAATCATTAGGCTAATAA CGC TTATTTGCATTCTTATCATGCCGGCAGC TCGCCCTTAAATACT
 1.9     257 ..     267   TTTGCATTCTTATCA                 TGC CGGCA GCT                 CGCCCTTAAATACTG
 4.7     258 ..     268   TTGCATTCTTATCAT                 G CCGGCAGCT C                 GCCCTTAAATACTGT
 1.2     259 ..     269   TGCATTCTTATCATG                 CCGG CAG CTCG                 CCCTTAAATACTGTT
-1.1     258 ..     270   TTGCATTCTTATCAT                GCCGG CAG CTCGC                CCTTAAATACTGTTT
-3.9     261 ..     271   CATTCTTATCATGCC                 GGC AGCTC GCC                 CTTAAATACTGTTTC
-0.4     260 ..     272   GCATTCTTATCATGC                CGGC AGCTC GCCC                TTAAATACTGTTTCC
 2.5     256 ..     273   ATTTGCATTCTTATC             ATGCCGG CAGC TCGCCCT              TAAATACTGTTTCCA
 4.3     263 ..     274   TTCTTATCATGCCGG                CAG CTCGCC CTT                 AAATACTGTTTCCAC
 3.5     257 ..     275   TTTGCATTCTTATCA             TGCCGGC AGCTC GCCCTTA             AATACTGTTTCCACT
   7     256 ..     276   ATTTGCATTCTTATC            ATGCCGGC AGCTC GCCCTTAA            ATACTGTTTCCACTA
 6.1     267 ..     277   TATCATGCCGGCAGC                 T CGCCCTTAA A                 TACTGTTTCCACTAC
None     268 ..     278   ATCATGCCGGCAGCT                  CGCCCTTAAAT                  ACTGTTTCCACTACT
 8.1     267 ..     279   TATCATGCCGGCAGC                T CGCCCTTAAAT A                CTGTTTCCACTACTG
 5.7     269 ..     280   TCATGCCGGCAGCTC                G CCCTTAAATA C                 TGTTTCCACTACTGC
None     271 ..     281   ATGCCGGCAGCTCGC                  CCTTAAATACT                  GTTTCCACTACTGCT
 4.7     272 ..     282   TGCCGGCAGCTCGCC                 C TTAAATACT G                 TTTCCACTACTGCTC
 6.9     273 ..     283   GCCGGCAGCTCGCCC                 TTA AATAC TGT                 TTCCACTACTGCTCC
 6.2     274 ..     284   CCGGCAGCTCGCCCT                 TAAA TAC TGTT                 TCCACTACTGCTCCT
-0.4     275 ..     285   CGGCAGCTCGCCCTT                 AAAT ACT GTTT                 CCACTACTGCTCCTT
 3.1     274 ..     286   CCGGCAGCTCGCCCT                TAAAT ACT GTTTC                CACTACTGCTCCTTT
 6.6     273 ..     287   GCCGGCAGCTCGCCC               TTAAAT ACT GTTTCC               ACTACTGCTCCTTTA
 6.1     278 ..     288   CAGCTCGCCCTTAAA                 T ACTGTTTCC A                 CTACTGCTCCTTTAC
 8.3     279 ..     289   AGCTCGCCCTTAAAT                ACTG TTTC CAC-                 TACTGCTCCTTTACT
 1.4     279 ..     290   AGCTCGCCCTTAAAT                ACTG TTTC CACT                 ACTGCTCCTTTACTG
 0.5     278 ..     291   CAGCTCGCCCTTAAA               TACTG TTTC CACTA                CTGCTCCTTTACTGT
 1.8     282 ..     292   TCGCCCTTAAATACT                 GT TTCCACT AC                 TGCTCCTTTACTGTA
 3.1     276 ..     293   GGCAGCTCGCCCTTA             AATACTG TTTC CACTACT              GCTCCTTTACTGTAA
   3     280 ..     294   GCTCGCCCTTAAATA               CTGT TTCCACT ACTG               CTCCTTTACTGTAAG
 6.2     285 ..     295   CCCTTAAATACTGTT                 TC CACTACT GC                 TCCTTTACTGTAAGT
 5.8     285 ..     296   CCCTTAAATACTGTT                TCCA CTAC TGCT                 CCTTTACTGTAAGTT
 7.6     287 ..     297   CTTAAATACTGTTTC                 CA CTACTGC TC                 CTTTACTGTAAGTTT
None     288 ..     298   TTAAATACTGTTTCC                  ACTACTGCTCC                  TTTACTGTAAGTTTC
 7.1     288 ..     299   TTAAATACTGTTTCC                A CTACTGCTCC T                 TTACTGTAAGTTTCC
 7.6     290 ..     300   AAATACTGTTTCCAC                 TA CTGCTCC TT                 TACTGTAAGTTTCCA
 4.8     291 ..     301   AATACTGTTTCCACT                 ACTG CTC CTTT                 ACTGTAAGTTTCCAC
 3.9     290 ..     302   AAATACTGTTTCCAC                TACTG CTC CTTTA                CTGTAAGTTTCCACC
 7.4     289 ..     303   TAAATACTGTTTCCA               CTACTG CTC CTTTAC               TGTAAGTTTCCACCG
 6.5     288 ..     304   TTAAATACTGTTTCC              ACTACTG CTC CTTTACT              GTAAGTTTCCACCGA
 4.2     287 ..     305   CTTAAATACTGTTTC             CACTACTG CTC CTTTACTG             TAAGTTTCCACCGAA
   4     291 ..     306   AATACTGTTTCCACT              ACTG CTCCTTTA CTGT               AAGTTTCCACCGAAA
 3.1     290 ..     307   AAATACTGTTTCCAC             TACTG CTCCTTTA CTGTA              AGTTTCCACCGAAAG
 5.9     284 ..     308   GCCCTTAAATACTGT          TTCCACTACTG CTC CTTTACTGTAA          GTTTCCACCGAAAGA
-0.4     299 ..     309   TTCCACTACTGCTCC                 TTTA CTG TAAG                 TTTCCACCGAAAGAT
 3.1     298 ..     310   TTTCCACTACTGCTC                CTTTA CTG TAAGT                TTCCACCGAAAGATA
 0.4     301 ..     311   CCACTACTGCTCCTT                 TACT GTA AGTT                 TCCACCGAAAGATAT
 3.9     300 ..     312   TCCACTACTGCTCCT                TTACT GTA AGTTT                CCACCGAAAGATATT
 7.4     299 ..     313   TTCCACTACTGCTCC               TTTACT GTA AGTTTC               CACCGAAAGATATTA
 4.8     304 ..     314   CTACTGCTCCTTTAC                 TGTA AGT TTCC                 ACCGAAAGATATTAA
 1.4     304 ..     315   CTACTGCTCCTTTAC                TGTA AGTT TCCA                 CCGAAAGATATTAAC
 2.8     305 ..     316   TACTGCTCCTTTACT                GT AAGTTTCC AC                 CGAAAGATATTAACA
 6.3     304 ..     317   CTACTGCTCCTTTAC               TGT AAGTTTCC ACC                GAAAGATATTAACAG
   4     303 ..     318   ACTACTGCTCCTTTA              CTGT AAGTTTCC ACCG               AAAGATATTAACAGT
 4.9     306 ..     319   ACTGCTCCTTTACTG               TAAGT TTCC ACCGA                AAGATATTAACAGTA
 2.5     310 ..     320   CTCCTTTACTGTAAG                 TTT CCACC GAA                 AGATATTAACAGTAA
  -3     310 ..     321   CTCCTTTACTGTAAG                TTTC CACC GAAA                 GATATTAACAGTAAT
 0.5     309 ..     322   GCTCCTTTACTGTAA               GTTTC CACC GAAAG                ATATTAACAGTAATT
 2.8     312 ..     323   CCTTTACTGTAAGTT                TC CACCGAAA GA                 TATTAACAGTAATTA
 3.1     307 ..     324   CTGCTCCTTTACTGT             AAGTTTC CACC GAAAGAT              ATTAACAGTAATTAT
 2.2     306 ..     325   ACTGCTCCTTTACTG            TAAGTTTC CACC GAAAGATA             TTAACAGTAATTATT
 3.5     305 ..     326   TACTGCTCCTTTACT           GTAAGTTTC CACC GAAAGATAT            TAACAGTAATTATTA
 5.8     308 ..     327   TGCTCCTTTACTGTA            AGTTTC CACCGAAA GATATT             AACAGTAATTATTAG
 4.7     318 ..     328   CTGTAAGTTTCCACC                 GAA AGATA TTA                 ACAGTAATTATTAGT
 7.2     318 ..     329   CTGTAAGTTTCCACC                GAAA GATA TTAA                 CAGTAATTATTAGTA
 6.1     318 ..     330   CTGTAAGTTTCCACC                GAAAG ATA TTAAC                AGTAATTATTAGTAC
 4.8     321 ..     331   TAAGTTTCCACCGAA                 AGAT ATT AACA                 GTAATTATTAGTACT
 2.9     303 ..     332   ACTACTGCTCCTTTA       CTGTAAGTTTC CACCGAAA GATATTAACAG        TAATTATTAGTACTT
   2     302 ..     333   CACTACTGCTCCTTT      ACTGTAAGTTTC CACCGAAA GATATTAACAGT       AATTATTAGTACTTT
-0.4     324 ..     334   GTTTCCACCGAAAGA                 TATT AAC AGTA                 ATTATTAGTACTTTA
 0.2     300 ..     335   TCCACTACTGCTCCT    TTACTGTAAGTTTC CACCGAAA GATATTAACAGTAA     TTATTAGTACTTTAG
-1.6     325 ..     336   TTTCCACCGAAAGAT                ATTA ACAG TAAT                 TATTAGTACTTTAGT
 1.9     324 ..     337   GTTTCCACCGAAAGA               TATTA ACAG TAATT                ATTAGTACTTTAGTG
 1.3     327 ..     338   TCCACCGAAAGATAT                TAA CAGTAA TTA                 TTAGTACTTTAGTGG
 2.6     323 ..     339   AGTTTCCACCGAAAG             AT-ATTA ACAG TAATTAT              TAGTACTTTAGTGGA
 3.1     328 ..     340   CCACCGAAAGATATT                AACAG TAA TTATT                AGTACTTTAGTGGAA
 2.2     327 ..     341   TCCACCGAAAGATAT               TAACAG TAA TTATTA               GTACTTTAGTGGAAT
 1.8     332 ..     342   CGAAAGATATTAACA                 GTAA TTA TTAG                 TACTTTAGTGGAATT
 0.9     331 ..     343   CCGAAAGATATTAAC                AGTAA TTA TTAGT                ACTTTAGTGGAATTT
 1.7     324 ..     344   GTTTCCACCGAAAGA            TATTAACAG TAA TTATTAGTA            CTTTAGTGGAATTTT
 0.5     332 ..     345   CGAAAGATATTAACA               GTAAT TATT AGTAC                TTTAGTGGAATTTTA
-0.4     331 ..     346   CCGAAAGATATTAAC              AGTAAT TATT AGTACT               TTAGTGGAATTTTAA
 1.9     334 ..     347   AAAGATATTAACAGT               AATTA TTAG TACTT                TAGTGGAATTTTAAT
 2.2     329 ..     348   CACCGAAAGATATTA            ACAGTAAT TATT AGTACTTT             AGTGGAATTTTAATG
 2.9     327 ..     349   TCCACCGAAAGATAT          TAACAGTAAT TATT AGTACT-TTA           GTGGAATTTTAATGT
 2.8     339 ..     350   TATTAACAGTAATTA                TTAG TACT TTAG                 TGGAATTTTAATGTT
 1.8     341 ..     351   TTAACAGTAATTATT                 AGTA CTT TAGT                 GGAATTTTAATGTTA
 3.1     340 ..     352   ATTAACAGTAATTAT                TAGTA CTT TAGTG                GAATTTTAATGTTAA
 3.6     342 ..     353   TAACAGTAATTATTA                GTAC TTTA GTGG                 AATTTTAATGTTAAA
 3.5     312 ..     354   CCTTTACTGTAAGTT TCCACCGAAAGATATTAACAG TAA TTATTAGTA-CTTTA-GTGGA ATTTTAATGTTAAAG
 2.6     311 ..     355   TCCTTTACTGTAAGT TTCCACCGAAAGATATTAACAG TAA TTATTAGTA-CTTTA-GTGGAA TTTTAATGTTAAAGA
 4.7     346 ..     356   AGTAATTATTAGTAC                 TTT AGTGG AAT                 TTTAATGTTAAAGAx
 4.1     344 ..     357   ACAGTAATTATTAGT               ACTTT AGTG GAATT                TTAATGTTAAAGAxx
   4     348 ..     358   TAATTATTAGTACTT                 TAGT GGA ATTT                 TAATGTTAAAGAxxx
 5.4     349 ..     359   AATTATTAGTACTTT                 AG TGGAATT TT                 AATGTTAAAGAxxxx
 4.5     348 ..     360   TAATTATTAGTACTT                TAG TGGAATT TTA                ATGTTAAAGAxxxxx
 3.6     347 ..     361   GTAATTATTAGTACT               TTAG TGGAATT TTAA               TGTTAAAGAxxxxxx
 5.3     350 ..     362   ATTATTAGTACTTTA                GTGGA ATT TTAAT                GTTAAAGAxxxxxxx
 4.8     345 ..     363   CAGTAATTATTAGTA             CTTTAG TGGAATT TTAATG             TTAAAGAxxxxxxxx
 3.9     344 ..     364   ACAGTAATTATTAGT            ACTTTAG TGGAATT TTAATGT            TAAAGAxxxxxxxxx
 3.5     354 ..     365   TTAGTACTTTAGTGG                AAT TTTAAT GTT                 AAAGAxxxxxxxxxx
 5.4     351 ..     366   TTATTAGTACTTTAG              TGGAAT TTTA ATGTTA               AAGAxxxxxxxxxxx
 1.8     357 ..     367   GTACTTTAGTGGAAT                 TTTA ATG TTAA                 AGAxxxxxxxxxxxx
-1.6     357 ..     368   GTACTTTAGTGGAAT                TTTA ATGT TAAA                 GAxxxxxxxxxxxxx
-0.3     356 ..     369   AGTACTTTAGTGGAA               TTTTA ATGT TAAAG                Axxxxxxxxxxxxxx
