>AATC01006218.1:c714-103 Mouse gut metagenome LEAN3_U_BK-aaa59h10.b1, whole genome shotgun sequence FORWARD
 7.5       1 ..      11   xxxxxxxxxxxxxxx                -TGT TAAA ATAG                 AAAAAGTGGTGCATT
   4       2 ..      12   xxxxxxxxxxxxxxT                 GTTA AAA TAGA                 AAAAGTGGTGCATTA
 3.1       1 ..      13   xxxxxxxxxxxxxxx                TGTTA AAA TAGAA                AAAGTGGTGCATTAT
 4.2       3 ..      14   xxxxxxxxxxxxxTG                TT AAAATAGA AA                 AAGTGGTGCATTATT
 5.2       3 ..      15   xxxxxxxxxxxxxTG                TT AAAATAGAA AA                AGTGGTGCATTATTC
 6.2       3 ..      16   xxxxxxxxxxxxxTG               TT AAAATAGAAA AA                GTGGTGCATTATTCT
None       7 ..      17   xxxxxxxxxTGTTAA                  AATAGAAAAAG                  TGGTGCATTATTCTA
 5.4       8 ..      18   xxxxxxxxTGTTAAA                 AT AGAAAAA GT                 GGTGCATTATTCTAG
 5.4       9 ..      19   xxxxxxxTGTTAAAA                 TA GAAAAAG TG                 GTGCATTATTCTAGT
 8.9       8 ..      20   xxxxxxxxTGTTAAA                ATA GAAAAAG TGG                TGCATTATTCTAGTG
 7.1      10 ..      21   xxxxxxTGTTAAAAT                A GAAAAAGTGG T                 GCATTATTCTAGTGA
 7.6      12 ..      22   xxxxTGTTAAAATAG                 AA AAAGTGG TG                 CATTATTCTAGTGAT
 5.3      11 ..      23   xxxxxTGTTAAAATA                GAA AAAGTGG TGC                ATTATTCTAGTGATA
 8.8      10 ..      24   xxxxxxTGTTAAAAT               AGAA AAAGTGG TGCA               TTATTCTAGTGATAT
 2.6      15 ..      25   xTGTTAAAATAGAAA                 AAGT GGT GCAT                 TATTCTAGTGATATT
-1.8      16 ..      26   TGTTAAAATAGAAAA                 AGTG GTG CATT                 ATTCTAGTGATATTG
 1.7      15 ..      27   xTGTTAAAATAGAAA                AAGTG GTG CATTA                TTCTAGTGATATTGC
 0.8      14 ..      28   xxTGTTAAAATAGAA               AAAGTG GTG CATTAT               TCTAGTGATATTGCC
-0.1      13 ..      29   xxxTGTTAAAATAGA              AAAAGTG GTG CATTATT              CTAGTGATATTGCCT
 1.4      11 ..      30   xxxxxTGTTAAAATA            GAAAAAGTG GTG CA-TTATTC            TAGTGATATTGCCTA
 0.5      10 ..      31   xxxxxxTGTTAAAAT           AGAAAAAGTG GTG CA-TTATTCT           AGTGATATTGCCTAC
-0.4       9 ..      32   xxxxxxxTGTTAAAA          TAGAAAAAGTG GTG CA-TTATTCTA          GTGATATTGCCTACT
 3.1       8 ..      33   xxxxxxxxTGTTAAA         ATAGAAAAAGTG GTG CA-TTATTCTAG         TGATATTGCCTACTA
-0.4      24 ..      34   TAGAAAAAGTGGTGC                 ATTA TTC TAGT                 GATATTGCCTACTAT
-2.7      23 ..      35   ATAGAAAAAGTGGTG                CATTA TTC TAGTG                ATATTGCCTACTATG
 0.8      22 ..      36   AATAGAAAAAGTGGT               GCATTA TTC TAGTGA               TATTGCCTACTATGA
 1.9      24 ..      37   TAGAAAAAGTGGTGC               ATTAT TCTA GTGAT                ATTGCCTACTATGAG
 1.6      26 ..      38   GAAAAAGTGGTGCAT                TATT CTAGT GATA                TTGCCTACTATGAGG
   3      27 ..      39   AAAAAGTGGTGCATT               AT-TC TAGT GATAT                TGCCTACTATGAGGG
 4.2      24 ..      40   TAGAAAAAGTGGTGC              ATTATT CTAGT GATATT              GCCTACTATGAGGGT
 1.8      31 ..      41   AGTGGTGCATTATTC                 TAGT GAT ATTG                 CCTACTATGAGGGTG
-0.4      22 ..      42   AATAGAAAAAGTGGT            GCATTATT CTAGT GATATTGC            CTACTATGAGGGTGG
 3.1      21 ..      43   AAATAGAAAAAGTGG           TGCATTATT CTAGT GATATTGCC           TACTATGAGGGTGGG
 3.8      32 ..      44   GTGGTGCATTATTCT                AG TGATATTGC CT                ACTATGAGGGTGGGG
 2.9      31 ..      45   AGTGGTGCATTATTC               TAG TGATATTGC CTA               CTATGAGGGTGGGGC
 1.4      17 ..      46   GTTAAAATAGAAAAA       GTGGTGCATTATT CTAGT GATATTGC-CTAC       TATGAGGGTGGGGCT
 0.5      16 ..      47   TGTTAAAATAGAAAA      AGTGGTGCATTATT CTAGT GATATTGC-CTACT      ATGAGGGTGGGGCTA
 2.3      31 ..      48   AGTGGTGCATTATTC             TAGTG ATATTGCC TACTA              TGAGGGTGGGGCTAA
 1.4      38 ..      49   CATTATTCTAGTGAT                ATTG CCTA CTAT                 GAGGGTGGGGCTAAA
 2.7      37 ..      50   GCATTATTCTAGTGA               TATTG CCTA CTATG                AGGGTGGGGCTAAAA
 4.5      34 ..      51   GGTGCATTATTCTAG             TGATATT GCCT ACTATGA              GGGTGGGGCTAAAAA
 2.6      42 ..      52   ATTCTAGTGATATTG                 CCTA CTA TGAG                 GGTGGGGCTAAAAAT
-1.5      42 ..      53   ATTCTAGTGATATTG                CCT ACTATG AGG                 GTGGGGCTAAAAATC
-1.1      42 ..      54   ATTCTAGTGATATTG                CCTAC TAT GAGGG                TGGGGCTAAAAATCC
 0.2      41 ..      55   TATTCTAGTGATATT               GCCTAC TAT GAGGGT               GGGGCTAAAAATCCA
 1.5      40 ..      56   TTATTCTAGTGATAT              TGCCTAC TAT GAGGGTG              GGGCTAAAAATCCAC
 0.1      43 ..      57   TTCTAGTGATATTGC               CTACT ATGAG GGTGG               GGCTAAAAATCCACT
-2.2      42 ..      58   ATTCTAGTGATATTG              CCTACT ATGAG GGTGGG              GCTAAAAATCCACTA
 1.3      41 ..      59   TATTCTAGTGATATT             GCCTACT ATGAG GGTGGGG             CTAAAAATCCACTAA
 1.5      41 ..      60   TATTCTAGTGATATT            G-CCTACT ATGAG GGTGGGGC            TAAAAATCCACTAAA
 1.8      51 ..      61   ATATTGCCTACTATG                 AG GGTGGGG CT                 AAAAATCCACTAAAG
 4.1      39 ..      62   ATTATTCTAGTGATA          TTG-CCTACT ATGAG GGTGGGGCTA          AAAATCCACTAAAGG
 4.4      49 ..      63   TGATATTGCCTACTA               TGAG GGTGGGG CTAA               AAATCCACTAAAGGG
 6.7      37 ..      64   GCATTATTCTAGTGA        TATTG-CCTACT ATGAG GGTGGGGCTAAA        AATCCACTAAAGGGC
 6.1      55 ..      65   TGCCTACTATGAGGG                 T GGGGCTAAA A                 ATCCACTAAAGGGCA
 7.1      55 ..      66   TGCCTACTATGAGGG                T GGGGCTAAAA A                 TCCACTAAAGGGCAC
 8.3      57 ..      67   CCTACTATGAGGGTG                 G GGCTAAAAA T                 CCACTAAAGGGCACA
 2.6      58 ..      68   CTACTATGAGGGTGG                 GGCT AAA AATC                 CACTAAAGGGCACAT
-4.768e-08      58 ..      69   CTACTATGAGGGTGG                GGCT AAAA ATCC                 ACTAAAGGGCACATC
 1.8      55 ..      70   TGCCTACTATGAGGG              TGGG GCTAAAAA TCCA               CTAAAGGGCACATCG
-0.5      54 ..      71   TTGCCTACTATGAGG             GTGGG GCTAAAAA TCCAC              TAAAGGGCACATCGT
 0.8      53 ..      72   ATTGCCTACTATGAG            GGTGGG GCTAAAAA TCCACT             AAAGGGCACATCGTT
 4.1      55 ..      73   TGCCTACTATGAGGG            TGG-GGCT AAAA ATCCACTA             AAGGGCACATCGTTG
 7.6      54 ..      74   TTGCCTACTATGAGG           GTGG-GGCT AAAA ATCCACTAA            AGGGCACATCGTTGA
None      65 ..      75   GAGGGTGGGGCTAAA                  AATCCACTAAA                  GGGCACATCGTTGAA
 7.6      66 ..      76   AGGGTGGGGCTAAAA                 AT CCACTAA AG                 GGCACATCGTTGAAG
   4      67 ..      77   GGGTGGGGCTAAAAA                 TC CACTAAA GG                 GCACATCGTTGAAGT
 0.4      68 ..      78   GGTGGGGCTAAAAAT                 CC ACTAAAG GG                 CACATCGTTGAAGTT
 3.9      67 ..      79   GGGTGGGGCTAAAAA                TCC ACTAAAG GGC                ACATCGTTGAAGTTT
 3.5      67 ..      80   GGGTGGGGCTAAAAA               TCCAC TAAA GGGCA                CATCGTTGAAGTTTC
   7      66 ..      81   AGGGTGGGGCTAAAA              ATCCAC TAAA GGGCAC               ATCGTTGAAGTTTCT
 6.1      72 ..      82   GGGCTAAAAATCCAC                 T AAAGGGCAC A                 TCGTTGAAGTTTCTT
 6.1      73 ..      83   GGCTAAAAATCCACT                 A AAGGGCACA T                 CGTTGAAGTTTCTTG
 4.8      74 ..      84   GCTAAAAATCCACTA                 AAGG GCA CATC                 GTTGAAGTTTCTTGT
 5.5      75 ..      85   CTAAAAATCCACTAA                 AGG GCACA TCG                 TTGAAGTTTCTTGTT
 3.6      75 ..      86   CTAAAAATCCACTAA                AGGG CACA TCGT                 TGAAGTTTCTTGTTT
 2.7      74 ..      87   GCTAAAAATCCACTA               AAGGG CACA TCGTT                GAAGTTTCTTGTTTG
 4.8      78 ..      88   AAAATCCACTAAAGG                 GCAC ATC GTTG                 AAGTTTCTTGTTTGT
 4.3      78 ..      89   AAAATCCACTAAAGG                GCA CATCGT TGA                 AGTTTCTTGTTTGTG
 5.8      79 ..      90   AAATCCACTAAAGGG                CACA TCGT TGAA                 GTTTCTTGTTTGTGC
  -1      81 ..      91   ATCCACTAAAGGGCA                 CATC GTT GAAG                 TTTCTTGTTTGTGCG
-1.9      80 ..      92   AATCCACTAAAGGGC                ACATC GTT GAAGT                TTCTTGTTTGTGCGC
 1.6      79 ..      93   AAATCCACTAAAGGG               CACATC GTT GAAGTT               TCTTGTTTGTGCGCA
 2.9      78 ..      94   AAAATCCACTAAAGG              GCACATC GTT GAAGTTT              CTTGTTTGTGCGCAA
 0.6      77 ..      95   AAAAATCCACTAAAG             GGCACATC GTT GAAGTTTC             TTGTTTGTGCGCAAA
 1.9      76 ..      96   TAAAAATCCACTAAA            GGGCACATC GTT GAAGTTTCT            TGTTTGTGCGCAAAA
   1      75 ..      97   CTAAAAATCCACTAA           AGGGCACATC GTT GAAGTTTCTT           GTTTGTGCGCAAAAC
 0.4      88 ..      98   AAAGGGCACATCGTT                 GAAG TTT CTTG                 TTTGTGCGCAAAACG
 3.6      73 ..      99   GGCTAAAAATCCACT         AAAGGGCACATC GTT GAAGTTTCTTGT         TTGTGCGCAAAACGC
 4.2      89 ..     100   AAGGGCACATCGTTG                AA GTTTCTTG TT                 TGTGCGCAAAACGCC
 3.8      89 ..     101   AAGGGCACATCGTTG                AAGT TTCTT GTTT                GTGCGCAAAACGCCC
 6.4      71 ..     102   GGGGCTAAAAATCCA      CTAA-AGGGCACATC GTT GAAGTTTCTTGTTTG      TGCGCAAAACGCCCA
 5.5      70 ..     103   TGGGGCTAAAAATCC     ACTAA-AGGGCACATC GTT GAAGTTTCTTGTTTGT     GCGCAAAACGCCCAG
 3.2      69 ..     104   GTGGGGCTAAAAATC    CACTAA-AGGGCACATC GTT GAAGTTTCTTGTTTGTG    CGCAAAACGCCCAGT
 6.7      68 ..     105   GGTGGGGCTAAAAAT   CCACTAA-AGGGCACATC GTT GAAGTTTCTTGTTTGTGC   GCAAAACGCCCAGTT
 5.7      95 ..     106   ACATCGTTGAAGTTT                C TTGTTTGTGC G                 CAAAACGCCCAGTTA
 5.8      96 ..     107   CATCGTTGAAGTTTC                TTGT TTGT GCGC                 AAAACGCCCAGTTAT
 2.1      97 ..     108   ATCGTTGAAGTTTCT                TGT TTGTGC GCA                 AAACGCCCAGTTATG
 1.2      96 ..     109   CATCGTTGAAGTTTC               TTGT TTGTGC GCAA                AACGCCCAGTTATGC
  -3      99 ..     110   CGTTGAAGTTTCTTG                TTTG TGCG CAAA                 ACGCCCAGTTATGCG
 0.5      98 ..     111   TCGTTGAAGTTTCTT               GTTTG TGCG CAAAA                CGCCCAGTTATGCGT
-2.861e-07      98 ..     112   TCGTTGAAGTTTCTT               GTTT GTGCGCA AAAC               GCCCAGTTATGCGTG
 1.3      97 ..     113   ATCGTTGAAGTTTCT              TGTTT GTGCGCA AAACG              CCCAGTTATGCGTGT
-3.9     104 ..     114   AAGTTTCTTGTTTGT                 GCG CAAAA CGC                 CCAGTTATGCGTGTT
-0.4     103 ..     115   GAAGTTTCTTGTTTG                TGCG CAAAA CGCC                CAGTTATGCGTGTTT
-2.7     102 ..     116   TGAAGTTTCTTGTTT               GTGCG CAAAA CGCCC               AGTTATGCGTGTTTT
-3.6     101 ..     117   TTGAAGTTTCTTGTT              TGTGCG CAAAA CGCCCA              GTTATGCGTGTTTTC
-2.3     100 ..     118   GTTGAAGTTTCTTGT             TTGTGCG CAAAA CGCCCAG             TTATGCGTGTTTTCA
 1.2      99 ..     119   CGTTGAAGTTTCTTG            TTTGTGCG CAAAA CGCCCAGT            TATGCGTGTTTTCAG
-1.1     110 ..     120   CTTGTTTGTGCGCAA                 AAC GCCCA GTT                 ATGCGTGTTTTCAGG
 1.6      97 ..     121   ATCGTTGAAGTTTCT          TGTTTGTGCG CAAAA CGCCCAGTTA          TGCGTGTTTTCAGGG
 1.5     108 ..     122   TTCTTGTTTGTGCGC               AAAAC GCCCA GTTAT               GCGTGTTTTCAGGGA
-0.8     107 ..     123   TTTCTTGTTTGTGCG              CAAAAC GCCCA GTTATG              CGTGTTTTCAGGGAG
-3.1     106 ..     124   GTTTCTTGTTTGTGC             GCAAAAC GCCCA GTTATGC             GTGTTTTCAGGGAGT
-5.4     105 ..     125   AGTTTCTTGTTTGTG            CGCAAAAC GCCCA GTTATGCG            TGTTTTCAGGGAGTA
-4.1     104 ..     126   AAGTTTCTTGTTTGT           GCGCAAAAC GCCCA GTTATGCGT           GTTTTCAGGGAGTAA
-2.8     103 ..     127   GAAGTTTCTTGTTTG          TGCGCAAAAC GCCCA GTTATGCGTG          TTTTCAGGGAGTAAA
-1.9     111 ..     128   TTGTTTGTGCGCAAA             ACGCCCA GTTA TGCGTGT              TTTCAGGGAGTAAAG
-2.8     110 ..     129   CTTGTTTGTGCGCAA            AACGCCCA GTTA TGCGTGTT             TTCAGGGAGTAAAGA
-3.7     109 ..     130   TCTTGTTTGTGCGCA           AAACGCCCA GTTA TGCGTGTTT            TCAGGGAGTAAAGAT
-4.6     108 ..     131   TTCTTGTTTGTGCGC          AAAACGCCCA GTTA TGCGTGTTTT           CAGGGAGTAAAGATT
-1.1     107 ..     132   TTTCTTGTTTGTGCG         CAAAACGCCCA GTTA TGCGTGTTTTC          AGGGAGTAAAGATTG
 2.4     106 ..     133   GTTTCTTGTTTGTGC        GCAAAACGCCCA GTTA TGCGTGTTTTCA         GGGAGTAAAGATTGC
 0.1     105 ..     134   AGTTTCTTGTTTGTG       CGCAAAACGCCCA GTTA TGCGTGTTTTCAG        GGAGTAAAGATTGCC
-4.768e-08     124 ..     135   AAACGCCCAGTTATG                CGTG TTTT CAGG                 GAGTAAAGATTGCCG
 3.5     123 ..     136   AAAACGCCCAGTTAT               GCGTG TTTT CAGGG                AGTAAAGATTGCCGG
 2.6     122 ..     137   CAAAACGCCCAGTTA              TGCGTG TTTT CAGGGA               GTAAAGATTGCCGGG
   4     128 ..     138   GCCCAGTTATGCGTG                 TTTT CAG GGAG                 TAAAGATTGCCGGGA
 2.6     129 ..     139   CCCAGTTATGCGTGT                 TTTC AGG GAGT                 AAAGATTGCCGGGAT
 1.7     128 ..     140   GCCCAGTTATGCGTG                TTTTC AGG GAGTA                AAGATTGCCGGGATA
 2.4     129 ..     141   CCCAGTTATGCGTGT                TTTC AGGGA GTAA                AGATTGCCGGGATAT
 1.5     128 ..     142   GCCCAGTTATGCGTG               TTTTC AGGGA GTAAA               GATTGCCGGGATATA
 4.6     128 ..     143   GCCCAGTTATGCGTG              TTTT CAGGGAGT AAAG               ATTGCCGGGATATAT
 4.1     126 ..     144   ACGCCCAGTTATGCG             TGTTTTC AGGGA GTAAAGA             TTGCCGGGATATATG
 5.4     125 ..     145   AACGCCCAGTTATGC            GTGTTTTC AGGGA GTAAAGAT            TGCCGGGATATATGT
 5.4     136 ..     146   ATGCGTGTTTTCAGG                 GA GTAAAGA TT                 GCCGGGATATATGTA
   5     136 ..     147   ATGCGTGTTTTCAGG                GAGT AAAG ATTG                 CCGGGATATATGTAA
-1.8     138 ..     148   GCGTGTTTTCAGGGA                 GTAA AGA TTGC                 CGGGATATATGTAAC
 0.4     134 ..     149   TTATGCGTGTTTTCA              GGGAGT AAAG ATTGCC               GGGATATATGTAACG
 3.9     133 ..     150   GTTATGCGTGTTTTC             AGGGAGT AAAG ATTGCCG              GGATATATGTAACGG
 1.6     132 ..     151   AGTTATGCGTGTTTT            CAGGGAGT AAAG ATTGCCGG             GATATATGTAACGGC
 2.9     131 ..     152   CAGTTATGCGTGTTT           TCAGGGAGT AAAG ATTGCCGGG            ATATATGTAACGGCA
   2     130 ..     153   CCAGTTATGCGTGTT          TTCAGGGAGT AAAG ATTGCCGGGA           TATATGTAACGGCAT
 2.5     144 ..     154   TTTCAGGGAGTAAAG                 ATT GCCGG GAT                 ATATGTAACGGCATA
 4.6     128 ..     155   GCCCAGTTATGCGTG        TTTTCAGGGAGT AAAG ATTGCCGGGATA         TATGTAACGGCATAC
 3.9     144 ..     156   TTTCAGGGAGTAAAG                ATTGC CGG GATAT                ATGTAACGGCATACA
   5     126 ..     157   ACGCCCAGTTATGCG      TGTTTTCAGGGAGT AAAG ATTGCCGGGATATA       TGTAACGGCATACAT
 6.3     125 ..     158   AACGCCCAGTTATGC     GTGTTTTCAGGGAGT AAAG ATTGCCGGGATATAT      GTAACGGCATACATA
   4     124 ..     159   AAACGCCCAGTTATG    CGTGTTTTCAGGGAGT AAAG ATTGCCGGGATATATG     TAACGGCATACATAG
 5.3     123 ..     160   AAAACGCCCAGTTAT   GCGTGTTTTCAGGGAGT AAAG ATTGCCGGGATATATGT    AACGGCATACATAGA
 4.4     122 ..     161   CAAAACGCCCAGTTA  TGCGTGTTTTCAGGGAGT AAAG ATTGCCGGGATATATGTA   ACGGCATACATAGAA
 5.2     145 ..     162   TTCAGGGAGTAAAGA             TTGC CGGGATATAT GTAA              CGGCATACATAGAAA
 1.4     152 ..     163   AGTAAAGATTGCCGG                GATA TATG TAAC                 GGCATACATAGAAAG
 4.8     149 ..     164   GGGAGTAAAGATTGC              CGGGAT ATAT GTAACG               GCATACATAGAAAGA
 2.5     148 ..     165   AGGGAGTAAAGATTG             CCGGGAT ATAT GTAACGG              CATACATAGAAAGAC
 0.2     147 ..     166   CAGGGAGTAAAGATT            GCCGGGAT ATAT GTAACGGC             ATACATAGAAAGACC
-0.7     146 ..     167   TCAGGGAGTAAAGAT           TGCCGGGAT ATAT GTAACGGCA            TACATAGAAAGACCC
-0.8     157 ..     168   AGATTGCCGGGATAT                ATGT AACG GCAT                 ACATAGAAAGACCCG
-1.7     156 ..     169   AAGATTGCCGGGATA               TATGT AACG GCATA                CATAGAAAGACCCGA
-0.1     159 ..     170   ATTGCCGGGATATAT                GTA ACGGCA TAC                 ATAGAAAGACCCGAC
  -1     158 ..     171   GATTGCCGGGATATA               TGTA ACGGCA TACA                TAGAAAGACCCGACA
-1.9     157 ..     172   AGATTGCCGGGATAT              ATGTA ACGGCA TACAT               AGAAAGACCCGACAA
-2.8     156 ..     173   AAGATTGCCGGGATA             TATGTA ACGGCA TACATA              GAAAGACCCGACAAT
 0.7     155 ..     174   AAAGATTGCCGGGAT            ATATGTA ACGGCA TACATAG             AAAGACCCGACAATC
-0.2     154 ..     175   TAAAGATTGCCGGGA           TATATGTA ACGGCA TACATAGA            AAGACCCGACAATCG
 3.3     153 ..     176   GTAAAGATTGCCGGG          ATATATGTA ACGGCA TACATAGAA           AGACCCGACAATCGC
 4.8     167 ..     177   GATATATGTAACGGC                 ATAC ATA GAAA                 GACCCGACAATCGCG
 2.5     166 ..     178   GGATATATGTAACGG                CATAC ATA GAAAG                ACCCGACAATCGCGG
 4.8     169 ..     179   TATATGTAACGGCAT                 ACAT AGA AAGA                 CCCGACAATCGCGGA
 3.7     164 ..     180   CGGGATATATGTAAC              GGCATAC ATA GAAAGAC              CCGACAATCGCGGAG
 3.9     164 ..     181   CGGGATATATGTAAC             GG-CATAC ATA GAAAGACC             CGACAATCGCGGAGA
 7.4     163 ..     182   CCGGGATATATGTAA            CGG-CATAC ATA GAAAGACCC            GACAATCGCGGAGAC
 6.2     173 ..     183   TGTAACGGCATACAT                 AG AAAGACC CG                 ACAATCGCGGAGACT
 5.3     172 ..     184   ATGTAACGGCATACA                TAG AAAGACC CGA                CAATCGCGGAGACTT
 5.7     174 ..     185   GTAACGGCATACATA                G AAAGACCCGA C                 AATCGCGGAGACTTT
None     176 ..     186   AACGGCATACATAGA                  AAGACCCGACA                  ATCGCGGAGACTTTA
 8.3     172 ..     187   ATGTAACGGCATACA              TAG AAAGACCCGA CAA               TCGCGGAGACTTTAT
 7.1     177 ..     188   ACGGCATACATAGAA                A GACCCGACAA T                 CGCGGAGACTTTATT
 2.8     178 ..     189   CGGCATACATAGAAA                GA CCCGACAA TC                 GCGGAGACTTTATTC
 4.7     180 ..     190   GCATACATAGAAAGA                 C CCGACAATC G                 CGGAGACTTTATTCA
  -1     181 ..     191   CATACATAGAAAGAC                 CCGA CAA TCGC                 GGAGACTTTATTCAG
-3.3     180 ..     192   GCATACATAGAAAGA                CCCGA CAA TCGCG                GAGACTTTATTCAGT
-3.1     180 ..     193   GCATACATAGAAAGA               CC-CGA CAA TCGCGG               AGACTTTATTCAGTA
 0.4     179 ..     194   GGCATACATAGAAAG              ACC-CGA CAA TCGCGGA              GACTTTATTCAGTAT
 1.8     180 ..     195   GCATACATAGAAAGA              C-CCG ACAATCG CGGAG              ACTTTATTCAGTATA
 4.8     186 ..     196   ATAGAAAGACCCGAC                 AATC GCG GAGA                 CTTTATTCAGTATAG
   3     178 ..     197   CGGCATACATAGAAA            GAC-CCG ACAATCG CGGAGAC            TTTATTCAGTATAGA
 2.1     177 ..     198   ACGGCATACATAGAA           AGAC-CCG ACAATCG CGGAGACT           TTATTCAGTATAGAT
 1.2     176 ..     199   AACGGCATACATAGA          AAGAC-CCG ACAATCG CGGAGACTT          TATTCAGTATAGATT
 0.3     175 ..     200   TAACGGCATACATAG         AAAGAC-CCG ACAATCG CGGAGACTTT         ATTCAGTATAGATTT
 3.8     174 ..     201   GTAACGGCATACATA        GAAAGAC-CCG ACAATCG CGGAGACTTTA        TTCAGTATAGATTTT
 2.9     173 ..     202   TGTAACGGCATACAT       AGAAAGAC-CCG ACAATCG CGGAGACTTTAT       TCAGTATAGATTTTA
   4     193 ..     203   GACCCGACAATCGCG                 GAGA CTT TATT                 CAGTATAGATTTTAT
 1.7     192 ..     204   AGACCCGACAATCGC                GGAGA CTT TATTC                AGTATAGATTTTATG
 4.3     194 ..     205   ACCCGACAATCGCGG                AGA CTTTAT TCA                 GTATAGATTTTATGC
 3.3     191 ..     206   AAGACCCGACAATCG              CGGAG ACTTTA TTCAG               TATAGATTTTATGCA
-0.1     196 ..     207   CCGACAATCGCGGAG                ACT TTATTC AGT                 ATAGATTTTATGCAG
 3.4     195 ..     208   CCCGACAATCGCGGA               GACT TTATTC AGTA                TAGATTTTATGCAGT
 2.5     194 ..     209   ACCCGACAATCGCGG              AGACT TTATTC AGTAT               AGATTTTATGCAGTT
 0.3     200 ..     210   CAATCGCGGAGACTT                 TAT TCAGT ATA                 GATTTTATGCAGTTT
 0.8     197 ..     211   CGACAATCGCGGAGA               CTTTAT TCA GTATAG               ATTTTATGCAGTTTG
 0.7     198 ..     212   GACAATCGCGGAGAC               TTTAT TCAGT ATAGA               TTTTATGCAGTTTGA
 3.1     201 ..     213   AATCGCGGAGACTTT                ATTCA GTA TAGAT                TTTATGCAGTTTGAA
 3.3     196 ..     214   CCGACAATCGCGGAG             ACTTTAT TCAGT ATAGATT             TTATGCAGTTTGAAG
 4.6     195 ..     215   CCCGACAATCGCGGA            GACTTTAT TCAGT ATAGATTT            TATGCAGTTTGAAGT
 3.7     194 ..     216   ACCCGACAATCGCGG           AGACTTTAT TCAGT ATAGATTTT           ATGCAGTTTGAAGTG
 1.8     207 ..     217   GGAGACTTTATTCAG                 TATA GAT TTTA                 TGCAGTTTGAAGTGT
-0.4     208 ..     218   GAGACTTTATTCAGT                 ATAG ATT TTAT                 GCAGTTTGAAGTGTA
 0.9     207 ..     219   GGAGACTTTATTCAG                TATAG ATT TTATG                CAGTTTGAAGTGTAA
-1.4     206 ..     220   CGGAGACTTTATTCA               GTATAG ATT TTATGC               AGTTTGAAGTGTAAC
 2.1     205 ..     221   GCGGAGACTTTATTC              AGTATAG ATT TTATGCA              GTTTGAAGTGTAACC
-0.2     204 ..     222   CGCGGAGACTTTATT             CAGTATAG ATT TTATGCAG             TTTGAAGTGTAACCT
 3.3     203 ..     223   TCGCGGAGACTTTAT            TCAGTATAG ATT TTATGCAGT            TTGAAGTGTAACCTA
 4.8     211 ..     224   ACTTTATTCAGTATA               GATT TTATGC AGTT                TGAAGTGTAACCTAT
 3.9     210 ..     225   GACTTTATTCAGTAT              AGATT TTATGC AGTTT               GAAGTGTAACCTATC
 5.2     209 ..     226   AGACTTTATTCAGTA             TAGATT TTATGC AGTTTG              AAGTGTAACCTATCA
 4.5     215 ..     227   TATTCAGTATAGATT                TTA TGCAGTT TGA                AGTGTAACCTATCAT
 0.4     218 ..     228   TCAGTATAGATTTTA                 TGCA GTT TGAA                 GTGTAACCTATCATT
 3.1     197 ..     229   CGACAATCGCGGAGA      CTTTATTCAGTATAG ATT TTATGCAGTTTGAAG      TGTAACCTATCATTT
 2.2     196 ..     230   CCGACAATCGCGGAG     ACTTTATTCAGTATAG ATT TTATGCAGTTTGAAGT     GTAACCTATCATTTT
 1.4     220 ..     231   AGTATAGATTTTATG                CAGT TTGA AGTG                 TAACCTATCATTTTC
 2.7     219 ..     232   CAGTATAGATTTTAT               GCAGT TTGA AGTGT                AACCTATCATTTTCA
 1.8     218 ..     233   TCAGTATAGATTTTA              TGCAGT TTGA AGTGTA               ACCTATCATTTTCAT
 2.5     224 ..     234   TAGATTTTATGCAGT                 TTG AAGTG TAA                 CCTATCATTTTCATA
 1.9     222 ..     235   TATAGATTTTATGCA               GTT TGAAGTGT AAC                CTATCATTTTCATAC
 3.7     222 ..     236   TATAGATTTTATGCA               GTTTG AAGTG TAACC               TATCATTTTCATACG
 0.4     227 ..     237   ATTTTATGCAGTTTG                 AAGT GTA ACCT                 ATCATTTTCATACGG
 3.9     226 ..     238   GATTTTATGCAGTTT                GAAGT GTA ACCTA                TCATTTTCATACGGG
 4.7     229 ..     239   TTTATGCAGTTTGAA                 GTG TAACC TAT                 CATTTTCATACGGGA
 3.6     226 ..     240   GATTTTATGCAGTTT              GA-AG TGTAAC CTATC               ATTTTCATACGGGAT
   2     230 ..     241   TTATGCAGTTTGAAG                TG-TA ACC TATCA                TTTTCATACGGGATG
 3.3     229 ..     242   TTTATGCAGTTTGAA               GTG-TA ACC TATCAT               TTTCATACGGGATGT
 2.4     228 ..     243   TTTTATGCAGTTTGA              AGTG-TA ACC TATCATT              TTCATACGGGATGTA
 1.5     227 ..     244   ATTTTATGCAGTTTG             AAGTG-TA ACC TATCATTT             TCATACGGGATGTAT
 2.8     226 ..     245   GATTTTATGCAGTTT            GAAGTG-TA ACC TATCATTTT            CATACGGGATGTATG
 5.2     226 ..     246   GATTTTATGCAGTTT           GA-AGTG-TA ACC TATCATTTTC           ATACGGGATGTATGG
 4.3     225 ..     247   AGATTTTATGCAGTT          TGA-AGTG-TA ACC TATCATTTTCA          TACGGGATGTATGGA
 1.8     238 ..     248   TTTGAAGTGTAACCT                 ATCA TTT TCAT                 ACGGGATGTATGGAA
 0.9     237 ..     249   GTTTGAAGTGTAACC                TATCA TTT TCATA                CGGGATGTATGGAAA
 4.4     236 ..     250   AGTTTGAAGTGTAAC               CTATCA TTT TCATAC               GGGATGTATGGAAAT
 2.1     235 ..     251   CAGTTTGAAGTGTAA              CCTATCA TTT TCATACG              GGATGTATGGAAATA
 2.3     235 ..     252   CAGTTTGAAGTGTAA             CC-TATCA TTT TCATACGG             GATGTATGGAAATAT
 5.5     235 ..     253   CAGTTTGAAGTGTAA            CCTATCAT TTTC AT-ACGGG             ATGTATGGAAATATA
 1.1     244 ..     254   GTGTAACCTATCATT                 TTC ATACG GGA                 TGTATGGAAATATAG
 4.3     244 ..     255   GTGTAACCTATCATT                TTC ATACGG GAT                 GTATGGAAATATAGA
-1.1     246 ..     256   GTAACCTATCATTTT                 CAT ACGGG ATG                 TATGGAAATATAGAG
 2.4     245 ..     257   TGTAACCTATCATTT                TCAT ACGGG ATGT                ATGGAAATATAGAGT
-1.8     248 ..     258   AACCTATCATTTTCA                 TACG GGA TGTA                 TGGAAATATAGAGTA
-2.7     247 ..     259   TAACCTATCATTTTC                ATACG GGA TGTAT                GGAAATATAGAGTAG
  -5     246 ..     260   GTAACCTATCATTTT               CATACG GGA TGTATG               GAAATATAGAGTAGC
-3.7     245 ..     261   TGTAACCTATCATTT              TCATACG GGA TGTATGG              AAATATAGAGTAGCC
-4.6     244 ..     262   GTGTAACCTATCATT             TTCATACG GGA TGTATGGA             AATATAGAGTAGCCT
-5.5     243 ..     263   AGTGTAACCTATCAT            TTTCATACG GGA TGTATGGAA            ATATAGAGTAGCCTG
-6.4     242 ..     264   AAGTGTAACCTATCA           TTTTCATACG GGA TGTATGGAAA           TATAGAGTAGCCTGT
-7.3     241 ..     265   GAAGTGTAACCTATC          ATTTTCATACG GGA TGTATGGAAAT          ATAGAGTAGCCTGTC
-3.8     240 ..     266   TGAAGTGTAACCTAT         CATTTTCATACG GGA TGTATGGAAATA         TAGAGTAGCCTGTCT
-3.1     238 ..     267   TTTGAAGTGTAACCT       ATCATTTTCATACG GGA TGTATGGAAAT-AT       AGAGTAGCCTGTCTT
  -4     237 ..     268   GTTTGAAGTGTAACC      TATCATTTTCATACG GGA TGTATGGAAAT-ATA      GAGTAGCCTGTCTTG
-6.3     236 ..     269   AGTTTGAAGTGTAAC     CTATCATTTTCATACG GGA TGTATGGAAAT-ATAG     AGTAGCCTGTCTTGA
-2.8     235 ..     270   CAGTTTGAAGTGTAA    CCTATCATTTTCATACG GGA TGTATGGAAAT-ATAGA    GTAGCCTGTCTTGAG
-2.6     235 ..     271   CAGTTTGAAGTGTAA   C-CTATCATTTTCATACG GGA TGTATGGAAAT-ATAGAG   TAGCCTGTCTTGAGT
-3.5     234 ..     272   GCAGTTTGAAGTGTA  AC-CTATCATTTTCATACG GGA TGTATGGAAAT-ATAGAGT  AGCCTGTCTTGAGTG
-1.1     232 ..     273   ATGCAGTTTGAAGTG TAACCTATCATTTTCATACG GGA TGTATGGAAAT-ATAGAGTA GCCTGTCTTGAGTGA
 1.3     232 ..     274   ATGCAGTTTGAAGTG TAAC-CTATCATTTTCATACG GGA TGTATGGAAAT-ATAGAGTAG CCTGTCTTGAGTGAG
  -1     231 ..     275   TATGCAGTTTGAAGT GTAAC-CTATCATTTTCATACG GGA TGTATGGAAAT-ATAGAGTAGC CTGTCTTGAGTGAGA
 2.5     230 ..     276   TTATGCAGTTTGAAG TGTAAC-CTATCATTTTCATACG GGA TGTATGGAAAT-ATAGAGTAGCC TGTCTTGAGTGAGAG
 1.8     228 ..     277   TTTTATGCAGTTTGA AGTGTAAC-CTATCATTTTCATACG GGA TGTATGGAAAT-ATAGAGTAGC-CT GTCTTGAGTGAGAGT
 2.1     267 ..     278   GGATGTATGGAAATA                TAG AGTAGC CTG                 TCTTGAGTGAGAGTA
 1.2     266 ..     279   GGGATGTATGGAAAT               ATAG AGTAGC CTGT                CTTGAGTGAGAGTAT
 2.8     269 ..     280   ATGTATGGAAATATA                GA GTAGCCTG TC                 TTGAGTGAGAGTATT
 1.9     268 ..     281   GATGTATGGAAATAT               AGA GTAGCCTG TCT                TGAGTGAGAGTATTG
 2.9     263 ..     282   TACGGGATGTATGGA            AATATAG AGTAGC CTGTCTT             GAGTGAGAGTATTGG
 5.7     272 ..     283   TATGGAAATATAGAG                TAG CCTGTC TTG                 AGTGAGAGTATTGGG
 6.2     274 ..     284   TGGAAATATAGAGTA                 GC CTGTCTT GA                 GTGAGAGTATTGGGA
 4.7     275 ..     285   GGAAATATAGAGTAG                 C CTGTCTTGA G                 TGAGAGTATTGGGAT
 4.3     275 ..     286   GGAAATATAGAGTAG                CCT GTCTTG AGT                 GAGAGTATTGGGATT
 4.5     275 ..     287   GGAAATATAGAGTAG               C-CT GTCTTG AGTG                AGAGTATTGGGATTA
 5.8     277 ..     288   AAATATAGAGTAGCC                TGTC TTGA GTGA                 GAGTATTGGGATTAG
 3.5     276 ..     289   GAAATATAGAGTAGC               CTGTC TTGA GTGAG                AGTATTGGGATTAGC
-0.8     279 ..     290   ATATAGAGTAGCCTG                TCTT GAGT GAGA                 GTATTGGGATTAGCA
 1.1     276 ..     291   GAAATATAGAGTAGC              CTGTC TTGAGT GAGAG               TATTGGGATTAGCAT
 4.6     275 ..     292   GGAAATATAGAGTAG             CCTGTC TTGAGT GAGAGT              ATTGGGATTAGCATC
 5.6     277 ..     293   AAATATAGAGTAGCC             TG-TCTT GAGT GAGAGTA              TTGGGATTAGCATCA
 6.1     284 ..     294   GAGTAGCCTGTCTTG                 A GTGAGAGTA T                 TGGGATTAGCATCAA
 2.8     284 ..     295   GAGTAGCCTGTCTTG                AGTG AGAG TATT                 GGGATTAGCATCAAA
 4.7     286 ..     296   GTAGCCTGTCTTGAG                 TGA GAGTA TTG                 GGATTAGCATCAAAG
 7.2     286 ..     297   GTAGCCTGTCTTGAG                TGAG AGTA TTGG                 GATTAGCATCAAAGA
 7.7     280 ..     298   TATAGAGTAGCCTGT             CTTGA GTGAGAGTA TTGGG             ATTAGCATCAAAGAG
 6.8     279 ..     299   ATATAGAGTAGCCTG            TCTTGA GTGAGAGTA TTGGGA            TTAGCATCAAAGAGG
 6.1     290 ..     300   CCTGTCTTGAGTGAG                 A GTATTGGGA T                 TAGCATCAAAGAGGT
 3.5     290 ..     301   CCTGTCTTGAGTGAG                AGT ATTGGG ATT                 AGCATCAAAGAGGTA
 1.8     292 ..     302   TGTCTTGAGTGAGAG                 TATT GGG ATTA                 GCATCAAAGAGGTAT
 5.3     291 ..     303   CTGTCTTGAGTGAGA                GTATT GGG ATTAG                CATCAAAGAGGTATC
 5.5     291 ..     304   CTGTCTTGAGTGAGA               G-TATT GGG ATTAGC               ATCAAAGAGGTATCG
 1.8     295 ..     305   CTTGAGTGAGAGTAT                 TG GGATTAG CA                 TCAAAGAGGTATCGT
 5.3     294 ..     306   TCTTGAGTGAGAGTA                TTG GGATTAG CAT                CAAAGAGGTATCGTA
 3.9     297 ..     307   TGAGTGAGAGTATTG                GGAT TAGC AT-C                 AAAGAGGTATCGTAT
 1.4     297 ..     308   TGAGTGAGAGTATTG                GGAT TAGC ATCA                 AAGAGGTATCGTATT
 3.2     294 ..     309   TCTTGAGTGAGAGTA              TTGG GATTAGCA TCAA               AGAGGTATCGTATTT
 0.4     300 ..     310   GTGAGAGTATTGGGA                 TTAG CAT CAAA                 GAGGTATCGTATTTG
 3.9     299 ..     311   AGTGAGAGTATTGGG                ATTAG CAT CAAAG                AGGTATCGTATTTGG
 7.1     301 ..     312   TGAGAGTATTGGGAT                T AGCATCAAAG A                 GGTATCGTATTTGGC
 7.5     303 ..     313   AGAGTATTGGGATTA                GCATC AAA GA-G-                GTATCGTATTTGGCC
  -1     304 ..     314   GAGTATTGGGATTAG                 CATC AAA GAGG                 TATCGTATTTGGCCA
 0.3     303 ..     315   AGAGTATTGGGATTA                GCATC AAA GAGGT                ATCGTATTTGGCCAA
 3.2     301 ..     316   TGAGAGTATTGGGAT              TAGCATC AAA GAGG-TA              TCGTATTTGGCCAAA
 5.2     305 ..     317   AGTATTGGGATTAGC                AT CAAAGAGGT AT                CGTATTTGGCCAAAT
   6     298 ..     318   GAGTGAGAGTATTGG           GATTAGCATC AAA GAGG-TA-TC           GTATTTGGCCAAATG
 5.3     307 ..     319   TATTGGGATTAGCAT                CAA AGAGGTA TCG                TATTTGGCCAAATGC
 1.4     309 ..     320   TTGGGATTAGCATCA                AAGA GGTA TCGT                 ATTTGGCCAAATGCG
 4.8     311 ..     321   GGGATTAGCATCAAA                 GAGG TAT CGTA                 TTTGGCCAAATGCGA
 3.9     310 ..     322   TGGGATTAGCATCAA                AGAGG TAT CGTAT                TTGGCCAAATGCGAT
 1.8     313 ..     323   GATTAGCATCAAAGA                 GGTA TCG TATT                 TGGCCAAATGCGATG
 0.9     312 ..     324   GGATTAGCATCAAAG                AGGTA TCG TATTT                GGCCAAATGCGATGT
-0.2     307 ..     325   TATTGGGATTAGCAT             CAAAGAGG TAT CGTATTTG             GCCAAATGCGATGTT
 1.1     306 ..     326   GTATTGGGATTAGCA            TCAAAGAGG TAT CGTATTTGG            CCAAATGCGATGTTC
 4.6     305 ..     327   AGTATTGGGATTAGC           ATCAAAGAGG TAT CGTATTTGGC           CAAATGCGATGTTCC
 4.7     313 ..     328   GATTAGCATCAAAGA              GGT ATCGTATTTG GCC               AAATGCGATGTTCCT
 4.6     317 ..     329   AGCATCAAAGAGGTA                TCGT ATTTG GCCA                AATGCGATGTTCCTT
 6.1     320 ..     330   ATCAAAGAGGTATCG                 T ATTTGGCCA A                 ATGCGATGTTCCTTC
 4.7     321 ..     331   TCAAAGAGGTATCGT                 ATT TGGCC AAA                 TGCGATGTTCCTTCT
-1.6     321 ..     332   TCAAAGAGGTATCGT                ATTT GGCC AAAT                 GCGATGTTCCTTCTT
-0.3     320 ..     333   ATCAAAGAGGTATCG               TATTT GGCC AAATG                CGATGTTCCTTCTTG
-2.6     319 ..     334   CATCAAAGAGGTATC              GTATTT GGCC AAATGC               GATGTTCCTTCTTGC
-4.9     318 ..     335   GCATCAAAGAGGTAT             CGTATTT GGCC AAATGCG              ATGTTCCTTCTTGCT
-5.8     317 ..     336   AGCATCAAAGAGGTA            TCGTATTT GGCC AAATGCGA             TGTTCCTTCTTGCTA
-6.7     316 ..     337   TAGCATCAAAGAGGT           ATCGTATTT GGCC AAATGCGAT            GTTCCTTCTTGCTAT
-5.4     315 ..     338   TTAGCATCAAAGAGG          TATCGTATTT GGCC AAATGCGATG           TTCCTTCTTGCTATG
-4.1     314 ..     339   ATTAGCATCAAAGAG         GTATCGTATTT GGCC AAATGCGATGT          TCCTTCTTGCTATGA
-2.8     313 ..     340   GATTAGCATCAAAGA        GGTATCGTATTT GGCC AAATGCGATGTT         CCTTCTTGCTATGAA
-1.3     311 ..     341   GGGATTAGCATCAAA      GAGGTATCGTATTT GGCC AAATGCGATG-TTC       CTTCTTGCTATGAAA
-1.6     311 ..     342   GGGATTAGCATCAAA      GAGGTATCGTATTT GGCC AAATGCGATGTTCC       TTCTTGCTATGAAAT
-2.5     310 ..     343   TGGGATTAGCATCAA     AGAGGTATCGTATTT GGCC AAATGCGATGTTCCT      TCTTGCTATGAAATT
-3.4     309 ..     344   TTGGGATTAGCATCA    AAGAGGTATCGTATTT GGCC AAATGCGATGTTCCTT     CTTGCTATGAAATTA
  -1     335 ..     345   TATTTGGCCAAATGC                 GATG TTC CTTC                 TTGCTATGAAATTAC
 1.7     308 ..     346   ATTGGGATTAGCATC  A-AAGAGGTATCGTATTT GGCC AAATGCGATGTTCCTTCT   TGCTATGAAATTACG
   3     309 ..     347   TTGGGATTAGCATCA AAG-AGG--TATCGTATTT GGCC AAATGCGATGTTCCTTCTT  GCTATGAAATTACGA
 1.8     307 ..     348   TATTGGGATTAGCAT CAAAGAGG--TATCGTATTT GGCC AAATGCGATGTTCCTTCTTG CTATGAAATTACGAT
 1.9     303 ..     349   AGAGTATTGGGATTA GCATCAAAGAGGTATCGTATTT GGCC AAATGCGATG-TTCCTTCTTGC TATGAAATTACGATT
   1     302 ..     350   GAGAGTATTGGGATT AGCATCAAAGAGGTATCGTATTT GGCC AAATGCGATG-TTCCTTCTTGCT ATGAAATTACGATTG
 0.1     301 ..     351   TGAGAGTATTGGGAT TAGCATCAAAGAGGTATCGTATTT GGCC AAATGCGATG-TTCCTTCTTGCTA TGAAATTACGATTGC
 3.6     300 ..     352   GTGAGAGTATTGGGA TTAGCATCAAAGAGGTATCGTATTT GGCC AAATGCGATG-TTCCTTCTTGCTAT GAAATTACGATTGCA
 4.3     342 ..     353   CCAAATGCGATGTTC                CTT CTTGCT ATG                 AAATTACGATTGCAA
 0.4     344 ..     354   AAATGCGATGTTCCT                 TCTT GCT ATGA                 AATTACGATTGCAAA
-0.5     343 ..     355   CAAATGCGATGTTCC                TTCTT GCT ATGAA                ATTACGATTGCAAAA
 0.4     346 ..     356   ATGCGATGTTCCTTC                 TTGC TAT GAAA                 TTACGATTGCAAAAA
 3.9     345 ..     357   AATGCGATGTTCCTT                CTTGC TAT GAAAT                TACGATTGCAAAAAA
 6.9     348 ..     358   GCGATGTTCCTTCTT                 GCT ATGAA ATT                 ACGATTGCAAAAAAG
   6     347 ..     359   TGCGATGTTCCTTCT                TGCT ATGAA ATTA                CGATTGCAAAAAAGA
 3.9     348 ..     360   GCGATGTTCCTTCTT                GCTAT GAA ATTAC                GATTGCAAAAAAGAC
 5.2     347 ..     361   TGCGATGTTCCTTCT               TGCTAT GAA ATTACG               ATTGCAAAAAAGACT
 4.3     346 ..     362   ATGCGATGTTCCTTC              TTGCTAT GAA ATTACGA              TTGCAAAAAAGACTA
 5.2     351 ..     363   ATGTTCCTTCTTGCT                AT GAAATTACG AT                TGCAAAAAAGACTAA
 3.2     354 ..     364   TTCCTTCTTGCTATG                 AA ATTACGA TT                 GCAAAAAAGACTAAT
 2.8     354 ..     365   TTCCTTCTTGCTATG                AAAT TACG ATTG                 CAAAAAAGACTAATA
 0.5     353 ..     366   GTTCCTTCTTGCTAT               GAAAT TACG ATTGC                AAAAAAGACTAATAG
-0.4     352 ..     367   TGTTCCTTCTTGCTA              TGAAAT TACG ATTGCA               AAAAAGACTAATAGT
 1.4     357 ..     368   CTTCTTGCTATGAAA                TTAC GATT GCAA                 AAAAGACTAATAGTA
 2.2     350 ..     369   GATGTTCCTTCTTGC            TATGAAAT TACG ATTGCAAA             AAAGACTAATAGTAG
 4.9     344 ..     370   AAATGCGATGTTCCT         TCTTGCTAT GAAATTACG ATTGCAAAA         AAGACTAATAGTAGA
   4     343 ..     371   CAAATGCGATGTTCC        TTCTTGCTAT GAAATTACG ATTGCAAAAA        AGACTAATAGTAGAA
 4.7     362 ..     372   TGCTATGAAATTACG                 ATT GCAAA AAA                 GACTAATAGTAGAAC
 4.9     360 ..     373   CTTGCTATGAAATTA               CGATT GCAA AAAAG                ACTAATAGTAGAACC
 4.3     340 ..     374   GGCCAAATGCGATGT     TCCTTCTTGCTAT GAAATTACG ATTGCAAAAAAGA     CTAATAGTAGAACCA
 4.7     365 ..     375   TATGAAATTACGATT                 G CAAAAAAGA C                 TAATAGTAGAACCAA
 8.2     364 ..     376   CTATGAAATTACGAT                TG CAAAAAAGA CT                AATAGTAGAACCAAT
 7.3     363 ..     377   GCTATGAAATTACGA               TTG CAAAAAAGA CTA               ATAGTAGAACCAATA
 7.5     363 ..     378   GCTATGAAATTACGA              TTG CAAAAAAGAC TAA               TAGTAGAACCAATAT
 6.1     369 ..     379   AAATTACGATTGCAA                 A AAAGACTAA T                 AGTAGAACCAATATT
 7.6     370 ..     380   AATTACGATTGCAAA                 AA AGACTAA TA                 GTAGAACCAATATTT
 7.8     360 ..     381   CTTGCTATGAAATTA           CGATTG CAAAAAAGAC TAATAG            TAGAACCAATATTTT
 6.1     372 ..     382   TTACGATTGCAAAAA                 A GACTAATAG T                 AGAACCAATATTTTA
 0.4     373 ..     383   TACGATTGCAAAAAA                 GACT AAT AGTA                 GAACCAATATTTTAA
 3.9     372 ..     384   TTACGATTGCAAAAA                AGACT AAT AGTAG                AACCAATATTTTAAG
 1.4     374 ..     385   ACGATTGCAAAAAAG                ACTA ATAG TAGA                 ACCAATATTTTAAGG
 4.9     373 ..     386   TACGATTGCAAAAAA               GACTA ATAG TAGAA                CCAATATTTTAAGGA
 5.1     373 ..     387   TACGATTGCAAAAAA              G-ACTA ATAG TAGAAC               CAATATTTTAAGGAA
 8.6     372 ..     388   TTACGATTGCAAAAA             AG-ACTA ATAG TAGAACC              AATATTTTAAGGAAA
 0.4     379 ..     389   TGCAAAAAAGACTAA                 TAGT AGA ACCA                 ATATTTTAAGGAAAA
 3.9     378 ..     390   TTGCAAAAAAGACTA                ATAGT AGA ACCAA                TATTTTAAGGAAAAC
 2.6     381 ..     391   CAAAAAAGACTAATA                 GTAG AAC CAAT                 ATTTTAAGGAAAACT
 2.1     376 ..     392   GATTGCAAAAAAGAC              TAATAGT AGA ACCAATA              TTTTAAGGAAAACTT
 3.9     378 ..     393   TTGCAAAAAAGACTA              ATAGT AGAACC AATAT               TTTAAGGAAAACTTC
   3     377 ..     394   ATTGCAAAAAAGACT             AATAGT AGAACC AATATT              TTAAGGAAAACTTCT
 3.2     385 ..     395   AAAGACTAATAGTAG                 AA CCAATAT TT                 TAAGGAAAACTTCTA
 2.6     383 ..     396   AAAAAGACTAATAGT               AGAA CCAATA TTTT                AAGGAAAACTTCTAG
 1.7     382 ..     397   AAAAAAGACTAATAG              TAGAA CCAATA TTTTA               AGGAAAACTTCTAGA
 5.2     381 ..     398   CAAAAAAGACTAATA             GTAGAA CCAATA TTTTAA              GGAAAACTTCTAGAA
 5.7     388 ..     399   GACTAATAGTAGAAC                C AATATTTTAA G                 GAAAACTTCTAGAAT
 3.4     387 ..     400   AGACTAATAGTAGAA               CC AATATTTTAA GG                AAAACTTCTAGAATG
   4     391 ..     401   TAATAGTAGAACCAA                 TATT TTA AGGA                 AAACTTCTAGAATGT
 6.2     392 ..     402   AATAGTAGAACCAAT                 ATTT TAA GGAA                 AACTTCTAGAATGTT
-0.4     393 ..     403   ATAGTAGAACCAATA                 TTTT AAG GAAA                 ACTTCTAGAATGTTT
-1.6     393 ..     404   ATAGTAGAACCAATA                TTTT AAGG AAAA                 CTTCTAGAATGTTTA
 1.9     392 ..     405   AATAGTAGAACCAAT               ATTTT AAGG AAAAC                TTCTAGAATGTTTAT
 2.9     392 ..     406   AATAGTAGAACCAAT               ATTTT AAGGA AAACT               TCTAGAATGTTTATT
-1.1     397 ..     407   TAGAACCAATATTTT                 AAG GAAAA CTT                 CTAGAATGTTTATTC
 2.4     396 ..     408   GTAGAACCAATATTT                TAAG GAAAA CTTC                TAGAATGTTTATTCA
-1.8     399 ..     409   GAACCAATATTTTAA                 GGAA AAC TTCT                 AGAATGTTTATTCAG
 1.7     398 ..     410   AGAACCAATATTTTA                AGGAA AAC TTCTA                GAATGTTTATTCAGA
   4     396 ..     411   GTAGAACCAATATTT              TAAGGA AAAC TTCTAG               AATGTTTATTCAGAC
 3.1     395 ..     412   AGTAGAACCAATATT             TTAAGGA AAAC TTCTAGA              ATGTTTATTCAGACA
 2.2     394 ..     413   TAGTAGAACCAATAT            TTTAAGGA AAAC TTCTAGAA             TGTTTATTCAGACAT
 2.9     392 ..     414   AATAGTAGAACCAAT          ATTTTAAGGA AAAC TTC-TAGAAT           GTTTATTCAGACATG
 3.3     405 ..     415   ATATTTTAAGGAAAA                 CTT CTAGA ATG                 TTTATTCAGACATGA
 2.4     404 ..     416   AATATTTTAAGGAAA                ACTT CTAGA ATGT                TTATTCAGACATGAA
 1.5     403 ..     417   CAATATTTTAAGGAA               AACTT CTAGA ATGTT               TATTCAGACATGAAT
 0.6     402 ..     418   CCAATATTTTAAGGA              AAACTT CTAGA ATGTTT              ATTCAGACATGAATA
-0.4     409 ..     419   TTTAAGGAAAACTTC                 TAGA ATG TTTA                 TTCAGACATGAATAG
 1.8     410 ..     420   TTAAGGAAAACTTCT                 AGAA TGT TTAT                 TCAGACATGAATAGG
   5     410 ..     421   TTAAGGAAAACTTCT                AGAA TGTT TATT                 CAGACATGAATAGGA
  -3     411 ..     422   TAAGGAAAACTTCTA                GAAT GTTT ATTC                 AGACATGAATAGGAA
 0.5     410 ..     423   TTAAGGAAAACTTCT               AGAAT GTTT ATTCA                GACATGAATAGGAAA
-0.2     408 ..     424   TTTTAAGGAAAACTT             CTAGAAT GTTT ATTC-AG              ACATGAATAGGAAAG
-1.1     407 ..     425   ATTTTAAGGAAAACT            TCTAGAAT GTTT ATTC-AGA             CATGAATAGGAAAGT
-0.8     415 ..     426   GAAAACTTCTAGAAT                GTTT ATTC AGAC                 ATGAATAGGAAAGTC
-1.7     414 ..     427   GGAAAACTTCTAGAA               TGTTT ATTC AGACA                TGAATAGGAAAGTCT
-2.6     413 ..     428   AGGAAAACTTCTAGA              ATGTTT ATTC AGACAT               GAATAGGAAAGTCTA
 0.9     412 ..     429   AAGGAAAACTTCTAG             AATGTTT ATTC AGACATG              AATAGGAAAGTCTAG
 2.6     417 ..     430   AAACTTCTAGAATGT               TTAT TCAGAC ATGA                ATAGGAAAGTCTAGG
  -3     420 ..     431   CTTCTAGAATGTTTA                TTCA GACA TGAA                 TAGGAAAGTCTAGGG
-3.9     419 ..     432   ACTTCTAGAATGTTT               ATTCA GACA TGAAT                AGGAAAGTCTAGGGA
-4.8     418 ..     433   AACTTCTAGAATGTT              TATTCA GACA TGAATA               GGAAAGTCTAGGGAT
-3.5     417 ..     434   AAACTTCTAGAATGT             TTATTCA GACA TGAATAG              GAAAGTCTAGGGATT
-2.2     416 ..     435   AAAACTTCTAGAATG            TTTATTCA GACA TGAATAGG             AAAGTCTAGGGATTA
 1.3     415 ..     436   GAAAACTTCTAGAAT           GTTTATTCA GACA TGAATAGGA            AAGTCTAGGGATTAA
 0.4     414 ..     437   GGAAAACTTCTAGAA          TGTTTATTCA GACA TGAATAGGAA           AGTCTAGGGATTAAG
 3.9     413 ..     438   AGGAAAACTTCTAGA         ATGTTTATTCA GACA TGAATAGGAAA          GTCTAGGGATTAAGG
 6.3     426 ..     439   GAATGTTTATTCAGA               CAT GAATAGGA AAG                TCTAGGGATTAAGGT
 4.7     430 ..     440   GTTTATTCAGACATG                 AAT AGGAA AGT                 CTAGGGATTAAGGTA
 2.4     429 ..     441   TGTTTATTCAGACAT                GAAT AGGAA AGTC                TAGGGATTAAGGTAC
 2.2     423 ..     442   CTAGAATGTTTATTC            AGACAT GAATAGGA AAGTCT             AGGGATTAAGGTACG
-0.8     432 ..     443   TTATTCAGACATGAA                TAGG AAAG TCTA                 GGGATTAAGGTACGG
 0.4     408 ..     444   TTTTAAGGAAAACTT   CTAGAATGT-TTATTCA GACA TGAATAGGAAAGTCTAG    GGATTAAGGTACGGA
 1.7     407 ..     445   ATTTTAAGGAAAACT  TCTAGAATGT-TTATTCA GACA TGAATAGGAAAGTCTAGG   GATTAAGGTACGGAT
   3     406 ..     446   TATTTTAAGGAAAAC TTCTAGAATGT-TTATTCA GACA TGAATAGGAAAGTCTAGGG  ATTAAGGTACGGATT
 6.5     405 ..     447   ATATTTTAAGGAAAA CTTCTAGAATGT-TTATTCA GACA TGAATAGGAAAGTCTAGGGA TTAAGGTACGGATTT
 2.6     438 ..     448   AGACATGAATAGGAA                 AGTC TAG GGAT                 TAAGGTACGGATTTG
-0.8     438 ..     449   AGACATGAATAGGAA                AGTC TAGG GATT                 AAGGTACGGATTTGA
 2.7     437 ..     450   CAGACATGAATAGGA               AAGTC TAGG GATTA                AGGTACGGATTTGAG
   4     441 ..     451   CATGAATAGGAAAGT                 CTAG GGA TTAA                 GGTACGGATTTGAGT
 2.8     441 ..     452   CATGAATAGGAAAGT                CT AGGGATTA AG                 GTACGGATTTGAGTG
 4.1     440 ..     453   ACATGAATAGGAAAG               TCT AGGGATTA AGG                TACGGATTTGAGTGG
 5.4     439 ..     454   GACATGAATAGGAAA              GTCT AGGGATTA AGGT               ACGGATTTGAGTGGC
 6.2     442 ..     455   ATGAATAGGAAAGTC               TA GGGATTAAGG TA                CGGATTTGAGTGGCA
 3.6     445 ..     456   AATAGGAAAGTCTAG                GGAT TAAG GTAC                 GGATTTGAGTGGCAA
 6.2     447 ..     457   TAGGAAAGTCTAGGG                 ATTA AGG TACG                 GATTTGAGTGGCAAT
 7.6     448 ..     458   AGGAAAGTCTAGGGA                 TT AAGGTAC GG                 ATTTGAGTGGCAATC
 4.8     449 ..     459   GGAAAGTCTAGGGAT                 TAAG GTA CGGA                 TTTGAGTGGCAATCT
 5.5     447 ..     460   TAGGAAAGTCTAGGG               ATT AAGGTACG GAT                TTGAGTGGCAATCTG
 4.2     450 ..     461   GAAAGTCTAGGGATT                AA GGTACGGA TT                 TGAGTGGCAATCTGG
 2.8     451 ..     462   AAAGTCTAGGGATTA                AGGT ACGG ATTT                 GAGTGGCAATCTGGT
 5.8     449 ..     463   GGAAAGTCTAGGGAT               TAAG GTACGGA TTTG               AGTGGCAATCTGGTA
 4.9     448 ..     464   AGGAAAGTCTAGGGA              TTAAG GTACGGA TTTGA              GTGGCAATCTGGTAT
 5.8     454 ..     465   GTCTAGGGATTAAGG                TACG GATT TGAG                 TGGCAATCTGGTATT
 2.8     455 ..     466   TCTAGGGATTAAGGT                AC GGATTTGA GT                 GGCAATCTGGTATTC
 4.1     454 ..     467   GTCTAGGGATTAAGG               TAC GGATTTGA GTG                GCAATCTGGTATTCT
 6.1     456 ..     468   CTAGGGATTAAGGTA                CGGAT TTG AGTGG                CAATCTGGTATTCTC
 5.3     452 ..     469   AAGTCTAGGGATTAA             GGTAC GGATTTGA GTGGC              AATCTGGTATTCTCA
 6.1     460 ..     470   GGATTAAGGTACGGA                 T TTGAGTGGC A                 ATCTGGTATTCTCAA
-1.1     461 ..     471   GATTAAGGTACGGAT                 TTG AGTGG CAA                 TCTGGTATTCTCAAA
 2.4     460 ..     472   GGATTAAGGTACGGA                TTTG AGTGG CAAT                CTGGTATTCTCAAAT
 0.4     463 ..     473   TTAAGGTACGGATTT                 GAGT GGC AATC                 TGGTATTCTCAAATT
 1.8     464 ..     474   TAAGGTACGGATTTG                 AG TGGCAAT CT                 GGTATTCTCAAATTT
-2.861e-07     456 ..     475   CTAGGGATTAAGGTA            CGGATT TGAGTGGC AATCTG             GTATTCTCAAATTTC
 3.5     455 ..     476   TCTAGGGATTAAGGT           ACGGATT TGAGTGGC AATCTGG            TATTCTCAAATTTCT
 2.6     467 ..     477   GGTACGGATTTGAGT                 GGCA ATC TGGT                 ATTCTCAAATTTCTG
 1.7     466 ..     478   AGGTACGGATTTGAG                TGGCA ATC TGGTA                TTCTCAAATTTCTGT
   3     465 ..     479   AAGGTACGGATTTGA               GTGGCA ATC TGGTAT               TCTCAAATTTCTGTG
 0.3     470 ..     480   ACGGATTTGAGTGGC                 AAT CTGGT ATT                 CTCAAATTTCTGTGA
-0.2     463 ..     481   TTAAGGTACGGATTT             GAGTGGCA ATC TGGTATTC             TCAAATTTCTGTGAG
 3.3     462 ..     482   ATTAAGGTACGGATT            TGAGTGGCA ATC TGGTATTCT            CAAATTTCTGTGAGA
 2.8     467 ..     483   GGTACGGATTTGAGT              GGCAAT CTGGT ATTCTC              AAATTTCTGTGAGAA
 1.1     474 ..     484   ATTTGAGTGGCAATC                 TGG TATTC TCA                 AATTTCTGTGAGAAT
 4.3     474 ..     485   ATTTGAGTGGCAATC                TGG TATTCT CAA                 ATTTCTGTGAGAATG
 3.7     472 ..     486   GGATTTGAGTGGCAA               TCTGG TATTC TCAAA               TTTCTGTGAGAATGT
 2.8     471 ..     487   CGGATTTGAGTGGCA              ATCTGG TATTC TCAAAT              TTCTGTGAGAATGTT
 1.9     470 ..     488   ACGGATTTGAGTGGC             AATCTGG TATTC TCAAATT             TCTGTGAGAATGTTT
 4.1     476 ..     489   TTGAGTGGCAATCTG               GTATT CTCA AATTT                CTGTGAGAATGTTTT
 1.8     475 ..     490   TTTGAGTGGCAATCT              GGTATT CTCA AATTTC               TGTGAGAATGTTTTG
 4.4     467 ..     491   GGTACGGATTTGAGT          GGCAATCTGG TATTC TCAAATTTCT          GTGAGAATGTTTTGT
   3     473 ..     492   GATTTGAGTGGCAAT            CTGGTATT CTCA AATTTCTG             TGAGAATGTTTTGTT
 4.3     482 ..     493   GGCAATCTGGTATTC                TCA AATTTC TGT                 GAGAATGTTTTGTTA
 1.4     483 ..     494   GCAATCTGGTATTCT                CAAA TTTC TGTG                 AGAATGTTTTGTTAA
 0.5     482 ..     495   GGCAATCTGGTATTC               TCAAA TTTC TGTGA                GAATGTTTTGTTAAA
-1.8     481 ..     496   TGGCAATCTGGTATT              CTCAAA TTTC TGTGAG               AATGTTTTGTTAAAT
-2.7     480 ..     497   GTGGCAATCTGGTAT             TCTCAAA TTTC TGTGAGA              ATGTTTTGTTAAATG
  -4     488 ..     498   CTGGTATTCTCAAAT                 TTCT GTG AGAA                 TGTTTTGTTAAATGG
-4.5     478 ..     499   GAGTGGCAATCTGGT           ATTCTCAAA TTTC TGTGAGAAT            GTTTTGTTAAATGGA
-3.2     477 ..     500   TGAGTGGCAATCTGG          TATTCTCAAA TTTC TGTGAGAATG           TTTTGTTAAATGGAA
-1.9     476 ..     501   TTGAGTGGCAATCTG         GTATTCTCAAA TTTC TGTGAGAATGT          TTTGTTAAATGGAAA
-0.6     475 ..     502   TTTGAGTGGCAATCT        GGTATTCTCAAA TTTC TGTGAGAATGTT         TTGTTAAATGGAAAC
 0.6     484 ..     503   CAATCTGGTATTCTC            AAAT-TTCT GTG AGAATGTTT            TGTTAAATGGAAACA
 1.8     494 ..     504   TTCTCAAATTTCTGT                 GAGA ATG TTTT                 GTTAAATGGAAACAG
 3.1     493 ..     505   ATTCTCAAATTTCTG                TGAGA ATG TTTTG                TTAAATGGAAACAGC
 2.8     495 ..     506   TCTCAAATTTCTGTG                AGAA TGTT TTGT                 TAAATGGAAACAGCT
 1.8     497 ..     507   TCAAATTTCTGTGAG                 AATG TTT TGTT                 AAATGGAAACAGCTA
 3.2     493 ..     508   ATTCTCAAATTTCTG              TGAGAA TGTT TTGTTA               AATGGAAACAGCTAA
 6.1     499 ..     509   AAATTTCTGTGAGAA                 T GTTTTGTTA A                 ATGGAAACAGCTAAA
 4.7     500 ..     510   AATTTCTGTGAGAAT                 GTT TTGTT AAA                 TGGAAACAGCTAAAC
 0.6     500 ..     511   AATTTCTGTGAGAAT                GTTT TGTT AAAT                 GGAAACAGCTAAACA
 1.9     499 ..     512   AAATTTCTGTGAGAA               TGTTT TGTT AAATG                GAAACAGCTAAACAG
   4     503 ..     513   TTCTGTGAGAATGTT                 TTGT TAA ATGG                 AAACAGCTAAACAGT
 3.1     502 ..     514   TTTCTGTGAGAATGT                TTTGT TAA ATGGA                AACAGCTAAACAGTA
 2.2     501 ..     515   ATTTCTGTGAGAATG               TTTTGT TAA ATGGAA               ACAGCTAAACAGTAA
 3.2     506 ..     516   TGTGAGAATGTTTTG                 TT AAATGGA AA                 CAGCTAAACAGTAAT
 0.9     505 ..     517   CTGTGAGAATGTTTT                GTT AAATGGA AAC                AGCTAAACAGTAATG
-2.027e-07     504 ..     518   TCTGTGAGAATGTTT               TGTT AAATGGA AACA               GCTAAACAGTAATGT
 1.3     503 ..     519   TTCTGTGAGAATGTT              TTGTT AAATGGA AACAG              CTAAACAGTAATGTT
 4.8     502 ..     520   TTTCTGTGAGAATGT             TTTGTT AAATGGA AACAGC             TAAACAGTAATGTTT
 4.9     508 ..     521   TGAGAATGTTTTGTT               AAATG GAAA CAGCT                AAACAGTAATGTTTA
 2.1     511 ..     522   GAATGTTTTGTTAAA                TGG AAACAG CTA                 AACAGTAATGTTTAG
 3.1     506 ..     523   TGTGAGAATGTTTTG             TTAAATG GAAA CAGCTAA              ACAGTAATGTTTAGT
 6.6     505 ..     524   CTGTGAGAATGTTTT            GTTAAATG GAAA CAGCTAAA             CAGTAATGTTTAGTA
 4.6     500 ..     525   AATTTCTGTGAGAAT         GTTTTGTT AAATGGAAAC AGCTAAAC          AGTAATGTTTAGTAC
 3.7     499 ..     526   AAATTTCTGTGAGAA        TGTTTTGTT AAATGGAAAC AGCTAAACA         GTAATGTTTAGTACA
 1.9     517 ..     527   TTTGTTAAATGGAAA                 CAG CTAAA CAG                 TAATGTTTAGTACAA
   1     516 ..     528   TTTTGTTAAATGGAA                ACAG CTAAA CAGT                AATGTTTAGTACAAA
 3.6     518 ..     529   TTGTTAAATGGAAAC                AGCT AAAC AGTA                 ATGTTTAGTACAAAA
 4.7     520 ..     530   GTTAAATGGAAACAG                 CTA AACAG TAA                 TGTTTAGTACAAAAC
   6     519 ..     531   TGTTAAATGGAAACA                GCTA AACAG TAAT                GTTTAGTACAAAACA
 6.4     521 ..     532   TTAAATGGAAACAGC                TA AACAGTAA TG                 TTTAGTACAAAACAG
 3.9     523 ..     533   AAATGGAAACAGCTA                AACA GTAA TGT-                 TTAGTACAAAACAGA
  -3     523 ..     534   AAATGGAAACAGCTA                AACA GTAA TGTT                 TAGTACAAAACAGAG
-3.9     522 ..     535   TAAATGGAAACAGCT               AAACA GTAA TGTTT                AGTACAAAACAGAGA
-4.8     521 ..     536   TTAAATGGAAACAGC              TAAACA GTAA TGTTTA               GTACAAAACAGAGAA
-7.1     520 ..     537   GTTAAATGGAAACAG             CTAAACA GTAA TGTTTAG              TACAAAACAGAGAAA
-5.8     519 ..     538   TGTTAAATGGAAACA            GCTAAACA GTAA TGTTTAGT             ACAAAACAGAGAAAT
-2.3     518 ..     539   TTGTTAAATGGAAAC           AGCTAAACA GTAA TGTTTAGTA            CAAAACAGAGAAATT
 0.5     527 ..     540   GGAAACAGCTAAACA               GTAAT GTTT AGTAC                AAAACAGAGAAATTC
-1.1     531 ..     541   ACAGCTAAACAGTAA                 TGT TTAGT ACA                 AAACAGAGAAATTCG
 2.4     530 ..     542   AACAGCTAAACAGTA                ATGT TTAGT ACAA                AACAGAGAAATTCGA
 0.3     533 ..     543   AGCTAAACAGTAATG                 TTT AGTAC AAA                 ACAGAGAAATTCGAC
 1.3     533 ..     544   AGCTAAACAGTAATG                TTT AGTACA AAA                 CAGAGAAATTCGACT
  -1     532 ..     545   CAGCTAAACAGTAAT               GTTT AGTACA AAAC                AGAGAAATTCGACTA
-1.9     531 ..     546   ACAGCTAAACAGTAA              TGTTT AGTACA AAACA               GAGAAATTCGACTAG
 1.6     530 ..     547   AACAGCTAAACAGTA             ATGTTT AGTACA AAACAG              AGAAATTCGACTAGA
 3.7     534 ..     548   GCTAAACAGTAATGT               TTAGT ACAAA ACAGA               GAAATTCGACTAGAC
   5     533 ..     549   AGCTAAACAGTAATG              TTTAGT ACAAA ACAGAG              AAATTCGACTAGACC
 7.2     539 ..     550   ACAGTAATGTTTAGT                AC AAAACAGA GA                 AATTCGACTAGACCT
 6.3     538 ..     551   AACAGTAATGTTTAG               TAC AAAACAGA GAA                ATTCGACTAGACCTA
None     542 ..     552   GTAATGTTTAGTACA                  AAACAGAGAAA                  TTCGACTAGACCTAA
 6.1     543 ..     553   TAATGTTTAGTACAA                 A ACAGAGAAA T                 TCGACTAGACCTAAA
 4.2     543 ..     554   TAATGTTTAGTACAA                AA CAGAGAAA TT                 CGACTAGACCTAAAC
 6.9     545 ..     555   ATGTTTAGTACAAAA                 CAG AGAAA TTC                 GACTAGACCTAAACC
 2.6     546 ..     556   TGTTTAGTACAAAAC                 AGAG AAA TTCG                 ACTAGACCTAAACCG
 4.8     547 ..     557   GTTTAGTACAAAACA                 GAGA AAT TCGA                 CTAGACCTAAACCGT
   5     547 ..     558   GTTTAGTACAAAACA                G-AGA AAT TCGAC                TAGACCTAAACCGTA
 2.8     548 ..     559   TTTAGTACAAAACAG                AG AAATTCGA CT                 AGACCTAAACCGTAA
 6.2     550 ..     560   TAGTACAAAACAGAG                 AAAT TCG ACTA                 GACCTAAACCGTAAA
 7.8     545 ..     561   ATGTTTAGTACAAAA             C-AG-AGA AAT TCGACTAG             ACCTAAACCGTAAAA
 6.9     552 ..     562   GTACAAAACAGAGAA                 ATT CGACT AGA                 CCTAAACCGTAAAAT
 3.3     553 ..     563   TACAAAACAGAGAAA                 TTC GACTA GAC                 CTAAACCGTAAAATT
 6.8     552 ..     564   GTACAAAACAGAGAA                ATTC GACTA GACC                TAAACCGTAAAATTT
 5.9     551 ..     565   AGTACAAAACAGAGA               AATTC GACTA GACCT               AAACCGTAAAATTTA
 5.3     554 ..     566   ACAAAACAGAGAAAT                TCG ACTAGAC CTA                AACCGTAAAATTTAC
 4.4     553 ..     567   TACAAAACAGAGAAA               TTCG ACTAGAC CTAA               ACCGTAAAATTTACT
 7.2     557 ..     568   AAACAGAGAAATTCG                ACTA GACC TAAA                 CCGTAAAATTTACTT
 4.9     556 ..     569   AAAACAGAGAAATTC               GACTA GACC TAAAC                CGTAAAATTTACTTA
 6.2     560 ..     570   CAGAGAAATTCGACT                 AG ACCTAAA CC                 GTAAAATTTACTTAG
 6.4     555 ..     571   CAAAACAGAGAAATT              CG ACTAGACCTAAAC CG              TAAAATTTACTTAGA
 1.8     562 ..     572   GAGAAATTCGACTAG                 AC CTAAACC GT                 AAAATTTACTTAGAC
 5.3     561 ..     573   AGAGAAATTCGACTA                GAC CTAAACC GTA                AAATTTACTTAGACT
 4.7     564 ..     574   GAAATTCGACTAGAC                 CTA AACCG TAA                 AATTTACTTAGACTT
 6.1     565 ..     575   AAATTCGACTAGACC                 T AAACCGTAA A                 ATTTACTTAGACTTT
 7.1     565 ..     576   AAATTCGACTAGACC                T AAACCGTAAA A                 TTTACTTAGACTTTT
 6.1     567 ..     577   ATTCGACTAGACCTA                 A ACCGTAAAA T                 TTACTTAGACTTTTA
 4.2     567 ..     578   ATTCGACTAGACCTA                AA CCGTAAAA TT                 TACTTAGACTTTTAC
 3.3     566 ..     579   AATTCGACTAGACCT               AAA CCGTAAAA TTT                ACTTAGACTTTTACC
 2.4     565 ..     580   AAATTCGACTAGACC              TAAA CCGTAAAA TTTA               CTTAGACTTTTACCA
  -4     571 ..     581   GACTAGACCTAAACC                 GTAA AAT TTAC                 TTAGACTTTTACCAC
-0.5     570 ..     582   CGACTAGACCTAAAC                CGTAA AAT TTACT                TAGACTTTTACCACT
   3     569 ..     583   TCGACTAGACCTAAA               CCGTAA AAT TTACTT               AGACTTTTACCACTT
 2.3     572 ..     584   ACTAGACCTAAACCG                TAA AATTTAC TTA                GACTTTTACCACTTA
 5.8     571 ..     585   GACTAGACCTAAACC               GTAA AATTTAC TTAG               ACTTTTACCACTTAA
 6.9     576 ..     586   GACCTAAACCGTAAA                 ATT TACTT AGA                 CTTTTACCACTTAAT
   5     571 ..     587   GACTAGACCTAAACC              GTAAAA TTTAC TTAGAC              TTTTACCACTTAATC
 4.1     575 ..     588   AGACCTAAACCGTAA               AATTT ACTT AGACT                TTTACCACTTAATCC
 3.2     574 ..     589   TAGACCTAAACCGTA              AAATTT ACTT AGACTT               TTACCACTTAATCCA
 2.3     573 ..     590   CTAGACCTAAACCGT             AAAATTT ACTT AGACTTT              TACCACTTAATCCAT
 3.3     573 ..     591   CTAGACCTAAACCGT             AAAATTT ACTTA GACTTTT             ACCACTTAATCCATA
 2.4     572 ..     592   ACTAGACCTAAACCG            TAAAATTT ACTTA GACTTTTA            CCACTTAATCCATAT
 0.1     571 ..     593   GACTAGACCTAAACC           GTAAAATTT ACTTA GACTTTTAC           CACTTAATCCATATA
 3.6     570 ..     594   CGACTAGACCTAAAC          CGTAAAATTT ACTTA GACTTTTACC          ACTTAATCCATATAT
 5.3     583 ..     595   ACCGTAAAATTTACT                TAG ACTTTTA CCA                CTTAATCCATATATT
 5.7     585 ..     596   CGTAAAATTTACTTA                G ACTTTTACCA C                 TTAATCCATATATTT
 4.8     584 ..     597   CCGTAAAATTTACTT               AG ACTTTTACCA CT                TAATCCATATATTTT
   7     585 ..     598   CGTAAAATTTACTTA               GACT TTTACC ACTT                AATCCATATATTTTx
 6.1     589 ..     599   AAATTTACTTAGACT                 T TTACCACTT A                 ATCCATATATTTTxx
 0.3     590 ..     600   AATTTACTTAGACTT                 TTA CCACT TAA                 TCCATATATTTTxxx
 3.8     589 ..     601   AAATTTACTTAGACT                TTTA CCACT TAAT                CCATATATTTTxxxx
 7.3     588 ..     602   AAAATTTACTTAGAC               TTTTA CCACT TAATC               CATATATTTTxxxxx
None     593 ..     603   TTACTTAGACTTTTA                  CCACTTAATCC                  ATATATTTTxxxxxx
None     594 ..     604   TACTTAGACTTTTAC                  CACTTAATCCA                  TATATTTTxxxxxxx
 6.1     595 ..     605   ACTTAGACTTTTACC                 A CTTAATCCA T                 ATATTTTxxxxxxxx
 8.2     591 ..     606   ATTTACTTAGACTTT              TA CCACTTAATCCA TA               TATTTTxxxxxxxxx
 4.7     597 ..     607   TTAGACTTTTACCAC                 TTA ATCCA TAT                 ATTTTxxxxxxxxxx
 3.2     598 ..     608   TAGACTTTTACCACT                 TA ATCCATA TA                 TTTTxxxxxxxxxxx
 5.3     599 ..     609   AGACTTTTACCACTT                A-AT CCAT ATAT                 TTTxxxxxxxxxxxx
 1.3     599 ..     610   AGACTTTTACCACTT                AAT CCATAT ATT                 TTxxxxxxxxxxxxx
 4.8     598 ..     611   TAGACTTTTACCACT               TAAT CCATAT ATTT                Txxxxxxxxxxxxxx
