>CP000653.1:c3580539-3580454 Enterobacter sp. 638 chromosome, complete genome FORWARD
None       1 ..      11   xxxxxxxxxxxxxxx                  CCCAGAGGTAT                  TGATTGGTGAGAATT
None       2 ..      12   xxxxxxxxxxxxxxC                  CCAGAGGTATT                  GATTGGTGAGAATTC
 1.1       3 ..      13   xxxxxxxxxxxxxCC                 CAG AGGTA TTG                 ATTGGTGAGAATTCT
 4.6       2 ..      14   xxxxxxxxxxxxxxC                CCAG AGGTA TTGA                TTGGTGAGAATTCTA
 7.1       4 ..      15   xxxxxxxxxxxxCCC                A GAGGTATTGA T                 TGGTGAGAATTCTAA
 5.4       6 ..      16   xxxxxxxxxxCCCAG                 AG GTATTGA TT                 GGTGAGAATTCTAAG
 5.1       3 ..      17   xxxxxxxxxxxxxCC               CAG AGGTATTGA TTG               GTGAGAATTCTAAGT
 2.8       2 ..      18   xxxxxxxxxxxxxxC              CCAG AGGTATTGA TTGG              TGAGAATTCTAAGTA
 6.3       1 ..      19   xxxxxxxxxxxxxxx             CCCAG AGGTATTGA TTGGT             GAGAATTCTAAGTAC
   5       9 ..      20   xxxxxxxCCCAGAGG                TATT GATT GGTG                 AGAATTCTAAGTACG
 4.7      11 ..      21   xxxxxCCCAGAGGTA                 TTG ATTGG TGA                 GAATTCTAAGTACGG
   5      11 ..      22   xxxxxCCCAGAGGTA                TTGA TTGG TGAG                 AATTCTAAGTACGGA
 7.1      12 ..      23   xxxxCCCAGAGGTAT                T GATTGGTGAG A                 ATTCTAAGTACGGAA
 6.2      11 ..      24   xxxxxCCCAGAGGTA               TT GATTGGTGAG AA                TTCTAAGTACGGAAT
 1.3      14 ..      25   xxCCCAGAGGTATTG                ATT GGTGAG AAT                 TCTAAGTACGGAATC
 2.6      13 ..      26   xxxCCCAGAGGTATT               GATT GGTGAG AATT                CTAAGTACGGAATCG
   4      17 ..      27   CCAGAGGTATTGATT                 GG TGAGAAT TC                 TAAGTACGGAATCGT
   5      17 ..      28   CCAGAGGTATTGATT                GG TGAGAATT CT                 AAGTACGGAATCGTA
 3.9      19 ..      29   AGAGGTATTGATTGG                TGAG AATT CT-A                 AGTACGGAATCGTAC
 1.4      19 ..      30   AGAGGTATTGATTGG                TGAG AATT CTAA                 GTACGGAATCGTACT
 4.9      18 ..      31   CAGAGGTATTGATTG               GTGAG AATT CTAAG                TACGGAATCGTACTC
 6.2      17 ..      32   CCAGAGGTATTGATT              GGTGAG AATT CTAAGT               ACGGAATCGTACTCA
   4      23 ..      33   GTATTGATTGGTGAG                 AATT CTA AGTA                 CGGAATCGTACTCAT
 1.7      22 ..      34   GGTATTGATTGGTGA                GAATT CTA AGTAC                GGAATCGTACTCATC
 5.2      21 ..      35   AGGTATTGATTGGTG               AGAATT CTA AGTACG               GAATCGTACTCATCT
   4      26 ..      36   TTGATTGGTGAGAAT                 TC TAAGTAC GG                 AATCGTACTCATCTC
 2.1      26 ..      37   TTGATTGGTGAGAAT                TCT AAGTAC GGA                 ATCGTACTCATCTCT
 1.2      25 ..      38   ATTGATTGGTGAGAA               TTCT AAGTAC GGAA                TCGTACTCATCTCTT
 0.3      24 ..      39   TATTGATTGGTGAGA              ATTCT AAGTAC GGAAT               CGTACTCATCTCTTG
 3.4      22 ..      40   GGTATTGATTGGTGA             GAATTC TAAGTAC GGAATC             GTACTCATCTCTTGC
 6.9      21 ..      41   AGGTATTGATTGGTG            AGAATTC TAAGTAC GGAATCG            TACTCATCTCTTGCA
 2.5      32 ..      42   GGTGAGAATTCTAAG                TACG GAAT CGT-                 ACTCATCTCTTGCAC
-4.4      32 ..      43   GGTGAGAATTCTAAG                TACG GAAT CGTA                 CTCATCTCTTGCACC
-6.7      31 ..      44   TGGTGAGAATTCTAA               GTACG GAAT CGTAC                TCATCTCTTGCACCA
-7.6      30 ..      45   TTGGTGAGAATTCTA              AGTACG GAAT CGTACT               CATCTCTTGCACCAG
-4.1      29 ..      46   ATTGGTGAGAATTCT             AAGTACG GAAT CGTACTC              ATCTCTTGCACCAGC
  -5      28 ..      47   GATTGGTGAGAATTC            TAAGTACG GAAT CGTACTCA             TCTCTTGCACCAGCC
-1.5      27 ..      48   TGATTGGTGAGAATT           CTAAGTACG GAAT CGTACTCAT            CTCTTGCACCAGCCT
   2      26 ..      49   TTGATTGGTGAGAAT          TCTAAGTACG GAAT CGTACTCATC           TCTTGCACCAGCCTG
 5.5      25 ..      50   ATTGATTGGTGAGAA         TTCTAAGTACG GAAT CGTACTCATCT          CTTGCACCAGCCTGC
 4.7      41 ..      51   TCTAAGTACGGAATC                 G TACTCATCT C                 TTGCACCAGCCTGCG
 7.3      35 ..      52   GAGAATTCTAAGTAC             GGA-AT CGTACTC ATCTCT             TGCACCAGCCTGCGC
 6.1      43 ..      53   TAAGTACGGAATCGT                 A CTCATCTCT T                 GCACCAGCCTGCGCA
 4.7      44 ..      54   AAGTACGGAATCGTA                 C TCATCTCTT G                 CACCAGCCTGCGCAG
 3.3      45 ..      55   AGTACGGAATCGTAC                 TCA TCTCT TGC                 ACCAGCCTGCGCAGA
 4.9      45 ..      56   AGTACGGAATCGTAC                T-CA TCTCT TGCA                CCAGCCTGCGCAGAT
   5      41 ..      57   TCTAAGTACGGAATC              GTAC TCATCTCTT GCAC              CAGCCTGCGCAGATG
 5.1      17 ..      58   CCAGAGGTATTGATT GGTGAGAATTCTAAGTACG GAAT CGTACTCATCTCTTGCACC  AGCCTGCGCAGATGC
 4.2      16 ..      59   CCCAGAGGTATTGAT TGGTGAGAATTCTAAGTACG GAAT CGTACTCATCTCTTGCACCA GCCTGCGCAGATGCG
 2.8      49 ..      60   CGGAATCGTACTCAT                CT CTTGCACC AG                 CCTGCGCAGATGCGC
 2.6      51 ..      61   GAATCGTACTCATCT                 CTTG CAC CAGC                 CTGCGCAGATGCGCA
 6.1      50 ..      62   GGAATCGTACTCATC                TCTTG CAC CAGCC                TGCGCAGATGCGCAG
 4.4      52 ..      63   AATCGTACTCATCTC                TTGC ACCA GCCT                 GCGCAGATGCGCAGG
 2.1      51 ..      64   GAATCGTACTCATCT               CTTGC ACCA GCCTG                CGCAGATGCGCAGGT
-1.5      54 ..      65   TCGTACTCATCTCTT                GCA CCAGCC TGC                 GCAGATGCGCAGGTT
-0.2      53 ..      66   ATCGTACTCATCTCT               TGCA CCAGCC TGCG                CAGATGCGCAGGTTT
 0.6      54 ..      67   TCGTACTCATCTCTT               GCAC CAGCCT GCGC                AGATGCGCAGGTTTT
-0.3      53 ..      68   ATCGTACTCATCTCT              TGCAC CAGCCT GCGCA               GATGCGCAGGTTTTT
-1.4      58 ..      69   ACTCATCTCTTGCAC                CAGC CTGC GCAG                 ATGCGCAGGTTTTTT
 1.7      50 ..      70   GGAATCGTACTCATC           TCT-TGCA CCAGCC TGCGCAGA            TGCGCAGGTTTTTTT
 1.2      56 ..      71   GTACTCATCTCTTGC              ACCAGC CTGC GCAGAT               GCGCAGGTTTTTTTT
-1.1      55 ..      72   CGTACTCATCTCTTG             CACCAGC CTGC GCAGATG              CGCAGGTTTTTTTTx
-3.4      54 ..      73   TCGTACTCATCTCTT            GCACCAGC CTGC GCAGATGC             GCAGGTTTTTTTTxx
-2.1      53 ..      74   ATCGTACTCATCTCT           TGCACCAGC CTGC GCAGATGCG            CAGGTTTTTTTTxxx
-7.2      64 ..      75   CTCTTGCACCAGCCT                GCGC AGAT GCGC                 AGGTTTTTTTTxxxx
-8.1      63 ..      76   TCTCTTGCACCAGCC               TGCGC AGAT GCGCA                GGTTTTTTTTxxxxx
-10.4      62 ..      77   ATCTCTTGCACCAGC              CTGCGC AGAT GCGCAG               GTTTTTTTTxxxxxx
-12.7      61 ..      78   CATCTCTTGCACCAG             CCTGCGC AGAT GCGCAGG              TTTTTTTTxxxxxxx
-11.4      60 ..      79   TCATCTCTTGCACCA            GCCTGCGC AGAT GCGCAGGT             TTTTTTTxxxxxxxx
-12.3      59 ..      80   CTCATCTCTTGCACC           AGCCTGCGC AGAT GCGCAGGTT            TTTTTTxxxxxxxxx
-8.8      58 ..      81   ACTCATCTCTTGCAC          CAGCCTGCGC AGAT GCGCAGGTTT           TTTTTxxxxxxxxxx
-5.3      57 ..      82   TACTCATCTCTTGCA         CCAGCCTGCGC AGAT GCGCAGGTTTT          TTTTxxxxxxxxxxx
-6.2      56 ..      83   GTACTCATCTCTTGC        ACCAGCCTGCGC AGAT GCGCAGGTTTTT         TTTxxxxxxxxxxxx
-2.7      55 ..      84   CGTACTCATCTCTTG       CACCAGCCTGCGC AGAT GCGCAGGTTTTTT        TTxxxxxxxxxxxxx
-1.4      54 ..      85   TCGTACTCATCTCTT      GCACCAGCCTGCGC AGAT GCGCAGGTTTTTTT       Txxxxxxxxxxxxxx
