>URS0000D6C49D ribozyme from 1 species FORWARD
None       1 ..      11   xxxxxxxxxxxxxxx                  AGAUAUCGGAG                  UGGGUUUUAUAUUUA
None       2 ..      12   xxxxxxxxxxxxxxA                  GAUAUCGGAGU                  GGGUUUUAUAUUUAA
None       3 ..      13   xxxxxxxxxxxxxAG                  AUAUCGGAGUG                  GGUUUUAUAUUUAAU
None       4 ..      14   xxxxxxxxxxxxAGA                  UAUCGGAGUGG                  GUUUUAUAUUUAAUG
 7.7       5 ..      15   xxxxxxxxxxxAGAU                 AUC GGAGU GGG                 UUUUAUAUUUAAUGC
 6.2       6 ..      16   xxxxxxxxxxAGAUA                 UC GGAGUGG GU                 UUUAUAUUUAAUGCA
None       7 ..      17   xxxxxxxxxAGAUAU                  CGGAGUGGGUU                  UUAUAUUUAAUGCAC
None       8 ..      18   xxxxxxxxAGAUAUC                  GGAGUGGGUUU                  UAUAUUUAAUGCACU
None       9 ..      19   xxxxxxxAGAUAUCG                  GAGUGGGUUUU                  AUAUUUAAUGCACUA
None      10 ..      20   xxxxxxAGAUAUCGG                  AGUGGGUUUUA                  UAUUUAAUGCACUAA
None      11 ..      21   xxxxxAGAUAUCGGA                  GUGGGUUUUAU                  AUUUAAUGCACUAAU
None      12 ..      22   xxxxAGAUAUCGGAG                  UGGGUUUUAUA                  UUUAAUGCACUAAUG
None      13 ..      23   xxxAGAUAUCGGAGU                  GGGUUUUAUAU                  UUAAUGCACUAAUGU
None      14 ..      24   xxAGAUAUCGGAGUG                  GGUUUUAUAUU                  UAAUGCACUAAUGUA
None      15 ..      25   xAGAUAUCGGAGUGG                  GUUUUAUAUUU                  AAUGCACUAAUGUAG
None      16 ..      26   AGAUAUCGGAGUGGG                  UUUUAUAUUUA                  AUGCACUAAUGUAGC
None      17 ..      27   GAUAUCGGAGUGGGU                  UUUAUAUUUAA                  UGCACUAAUGUAGCU
None      18 ..      28   AUAUCGGAGUGGGUU                  UUAUAUUUAAU                  GCACUAAUGUAGCUC
None      19 ..      29   UAUCGGAGUGGGUUU                  UAUAUUUAAUG                  CACUAAUGUAGCUCA
None      20 ..      30   AUCGGAGUGGGUUUU                  AUAUUUAAUGC                  ACUAAUGUAGCUCAG
None      21 ..      31   UCGGAGUGGGUUUUA                  UAUUUAAUGCA                  CUAAUGUAGCUCAGA
None      22 ..      32   CGGAGUGGGUUUUAU                  AUUUAAUGCAC                  UAAUGUAGCUCAGAC
None      23 ..      33   GGAGUGGGUUUUAUA                  UUUAAUGCACU                  AAUGUAGCUCAGACC
None      24 ..      34   GAGUGGGUUUUAUAU                  UUAAUGCACUA                  AUGUAGCUCAGACCU
None      25 ..      35   AGUGGGUUUUAUAUU                  UAAUGCACUAA                  UGUAGCUCAGACCUG
None      26 ..      36   GUGGGUUUUAUAUUU                  AAUGCACUAAU                  GUAGCUCAGACCUGU
None      27 ..      37   UGGGUUUUAUAUUUA                  AUGCACUAAUG                  UAGCUCAGACCUGUG
None      28 ..      38   GGGUUUUAUAUUUAA                  UGCACUAAUGU                  AGCUCAGACCUGUGA
 8.7      28 ..      39   GGGUUUUAUAUUUAA                UGC ACUAAU GUA                 GCUCAGACCUGUGAC
 4.7      30 ..      40   GUUUUAUAUUUAAUG                 C ACUAAUGUA G                 CUCAGACCUGUGACA
 2.4      29 ..      41   GGUUUUAUAUUUAAU                GC ACUAAUGUA GC                UCAGACCUGUGACAA
 5.9      28 ..      42   GGGUUUUAUAUUUAA               UGC ACUAAUGUA GCU               CAGACCUGUGACAAG
 7.4      29 ..      43   GGUUUUAUAUUUAAU               GCAC UAAUGUA GCUC               AGACCUGUGACAAGC
None      34 ..      44   UAUAUUUAAUGCACU                  AAUGUAGCUCA                  GACCUGUGACAAGCC
 7.7      32 ..      45   UUUAUAUUUAAUGCA               C UAAUGUAGCUCA G                ACCUGUGACAAGCCA
None      36 ..      46   UAUUUAAUGCACUAA                  UGUAGCUCAGA                  CCUGUGACAAGCCAA
 4.7      37 ..      47   AUUUAAUGCACUAAU                 G UAGCUCAGA C                 CUGUGACAAGCCAAG
 5.7      37 ..      48   AUUUAAUGCACUAAU                G UAGCUCAGAC C                 UGUGACAAGCCAAGG
 6.2      39 ..      49   UUAAUGCACUAAUGU                 AG CUCAGAC CU                 GUGACAAGCCAAGGC
None      40 ..      50   UAAUGCACUAAUGUA                  GCUCAGACCUG                  UGACAAGCCAAGGCU
 7.2      40 ..      51   UAAUGCACUAAUGUA                GC UCAGACCU GU                 GACAAGCCAAGGCUA
 2.9      41 ..      52   AAUGCACUAAUGUAG                CUC AGACCU GUG                 ACAAGCCAAGGCUAG
 6.4      40 ..      53   UAAUGCACUAAUGUA               GCUC AGACCU GUGA                CAAGCCAAGGCUAGA
 6.6      40 ..      54   UAAUGCACUAAUGUA              G-CUC AGACCU GUGAC               AAGCCAAGGCUAGAA
 4.4      44 ..      55   GCACUAAUGUAGCUC                AGAC CUGU GACA                 AGCCAAGGCUAGAAA
 7.9      43 ..      56   UGCACUAAUGUAGCU               CAGAC CUGU GACAA                GCCAAGGCUAGAAAA
 3.4      47 ..      57   CUAAUGUAGCUCAGA                 CCUG UGA CAAG                 CCAAGGCUAGAAAAA
 6.9      46 ..      58   ACUAAUGUAGCUCAG                ACCUG UGA CAAGC                CAAGGCUAGAAAAAU
 4.6      45 ..      59   CACUAAUGUAGCUCA               GACCUG UGA CAAGCC               AAGGCUAGAAAAAUA
 7.2      49 ..      60   AAUGUAGCUCAGACC                UG UGACAAGC CA                 AGGCUAGAAAAAUAC
 8.7      50 ..      61   AUGUAGCUCAGACCU                GUG ACAAGC CAA                 GGCUAGAAAAAUACA
 8.4      47 ..      62   CUAAUGUAGCUCAGA              CCUG UGACAAGC CAAG               GCUAGAAAAAUACAG
 6.2      53 ..      63   UAGCUCAGACCUGUG                 AC AAGCCAA GG                 CUAGAAAAAUACAGA
 3.9      52 ..      64   GUAGCUCAGACCUGU                GAC AAGCCAA GGC                UAGAAAAAUACAGAG
 6.9      55 ..      65   GCUCAGACCUGUGAC                AAGC CAAG GCU-                 AGAAAAAUACAGAGU
 4.4      55 ..      66   GCUCAGACCUGUGAC                AAGC CAAG GCUA                 GAAAAAUACAGAGUC
 2.1      54 ..      67   AGCUCAGACCUGUGA               CAAGC CAAG GCUAG                AAAAAUACAGAGUCG
 5.6      53 ..      68   UAGCUCAGACCUGUG              ACAAGC CAAG GCUAGA               AAAAUACAGAGUCGU
None      59 ..      69   AGACCUGUGACAAGC                  CAAGGCUAGAA                  AAAUACAGAGUCGUG
None      60 ..      70   GACCUGUGACAAGCC                  AAGGCUAGAAA                  AAUACAGAGUCGUGC
None      61 ..      71   ACCUGUGACAAGCCA                  AGGCUAGAAAA                  AUACAGAGUCGUGCx
None      62 ..      72   CCUGUGACAAGCCAA                  GGCUAGAAAAA                  UACAGAGUCGUGCxx
None      63 ..      73   CUGUGACAAGCCAAG                  GCUAGAAAAAU                  ACAGAGUCGUGCxxx
None      64 ..      74   UGUGACAAGCCAAGG                  CUAGAAAAAUA                  CAGAGUCGUGCxxxx
 6.7      63 ..      75   CUGUGACAAGCCAAG                G CUAGAAAAAUA C                AGAGUCGUGCxxxxx
 6.2      66 ..      76   UGACAAGCCAAGGCU                 AG AAAAAUA CA                 GAGUCGUGCxxxxxx
 7.7      64 ..      77   UGUGACAAGCCAAGG               C UAGAAAAAUACA G                AGUCGUGCxxxxxxx
None      68 ..      78   ACAAGCCAAGGCUAG                  AAAAAUACAGA                  GUCGUGCxxxxxxxx
None      69 ..      79   CAAGCCAAGGCUAGA                  AAAAUACAGAG                  UCGUGCxxxxxxxxx
None      70 ..      80   AAGCCAAGGCUAGAA                  AAAUACAGAGU                  CGUGCxxxxxxxxxx
 8.7      67 ..      81   GACAAGCCAAGGCUA               G AAAAAUACAGAGU C               GUGCxxxxxxxxxxx
None      72 ..      82   GCCAAGGCUAGAAAA                  AUACAGAGUCG                  UGCxxxxxxxxxxxx
None      73 ..      83   CCAAGGCUAGAAAAA                  UACAGAGUCGU                  GCxxxxxxxxxxxxx
 8.7      73 ..      84   CCAAGGCUAGAAAAA                UAC AGAGUC GUG                 Cxxxxxxxxxxxxxx
