>AF163475.1:147-396 Homo sapiens PART-1 mRNA, complete cds FORWARD
 3.3       1 ..      11   xxxxxxxxxxxxxxx                 TCG TACGC TGG                 GCTATAATCTATGAA
 2.6       2 ..      12   xxxxxxxxxxxxxxT                 CGTA CGC TGGG                 CTATAATCTATGAAA
 1.2       3 ..      13   xxxxxxxxxxxxxTC                 GTAC GCT GGGC                 TATAATCTATGAAAC
 4.7       2 ..      14   xxxxxxxxxxxxxxT                CGTAC GCT GGGCT                ATAATCTATGAAACT
 0.6       4 ..      15   xxxxxxxxxxxxTCG                TACGC TGG GC-TA                TAATCTATGAAACTG
 1.9       3 ..      16   xxxxxxxxxxxxxTC               GTACGC TGG GC-TAT               AATCTATGAAACTGA
 4.1       4 ..      17   xxxxxxxxxxxxTCG               TA-CGC TGG GCTATA               ATCTATGAAACTGAG
 4.5       1 ..      18   xxxxxxxxxxxxxxx             TCGTACGC TGG GC-TATAA             TCTATGAAACTGAGC
 8.2       7 ..      19   xxxxxxxxxTCGTAC                GCTG GGCTA TAAT                CTATGAAACTGAGCT
   4      10 ..      20   xxxxxxTCGTACGCT                 GG GCTATAA TC                 TATGAAACTGAGCTC
 2.6      11 ..      21   xxxxxTCGTACGCTG                 GGCT ATA ATCT                 ATGAAACTGAGCTCC
 3.4       9 ..      22   xxxxxxxTCGTACGC               TGGG CTATAA TCTA                TGAAACTGAGCTCCA
 4.7      13 ..      23   xxxTCGTACGCTGGG                 CTA TAATC TAT                 GAAACTGAGCTCCAG
-0.4      14 ..      24   xxTCGTACGCTGGGC                 TATA ATC TATG                 AAACTGAGCTCCAGA
 3.1      13 ..      25   xxxTCGTACGCTGGG                CTATA ATC TATGA                AACTGAGCTCCAGAG
   6      14 ..      26   xxTCGTACGCTGGGC                TATA ATCTA TGAA                ACTGAGCTCCAGAGC
 4.8      17 ..      27   CGTACGCTGGGCTAT                 AATC TAT GAAA                 CTGAGCTCCAGAGCC
 6.2      18 ..      28   GTACGCTGGGCTATA                 ATCT ATG AAAC                 TGAGCTCCAGAGCCA
 5.3      17 ..      29   CGTACGCTGGGCTAT                AATCT ATG AAACT                GAGCTCCAGAGCCAG
 4.7      20 ..      30   ACGCTGGGCTATAAT                 C TATGAAACT G                 AGCTCCAGAGCCAGC
 3.8      19 ..      31   TACGCTGGGCTATAA                TC TATGAAACT GA                GCTCCAGAGCCAGCC
 2.5      20 ..      32   ACGCTGGGCTATAAT                CTATG AAA CTGAG                CTCCAGAGCCAGCCA
   6      19 ..      33   TACGCTGGGCTATAA               TCTATG AAA CTGAGC               TCCAGAGCCAGCCAA
 5.1      18 ..      34   GTACGCTGGGCTATA              ATCTATG AAA CTGAGCT              CCAGAGCCAGCCAAT
 2.8      24 ..      35   TGGGCTATAATCTAT                GA AACTGAGC TC                 CAGAGCCAGCCAATC
 2.5      24 ..      36   TGGGCTATAATCTAT                GAAAC TGA GCTCC                AGAGCCAGCCAATCA
 1.6      23 ..      37   CTGGGCTATAATCTA               TGAAAC TGA GCTCCA               GAGCCAGCCAATCAC
-2.5      28 ..      38   CTATAATCTATGAAA                 CTG AGCTC CAG                 AGCCAGCCAATCACT
   1      27 ..      39   GCTATAATCTATGAA                ACTG AGCTC CAGA                GCCAGCCAATCACTT
 1.9      20 ..      40   ACGCTGGGCTATAAT            CTATGAAAC TGA GCTCCAGAG            CCAGCCAATCACTTA
 2.5      31 ..      41   TAATCTATGAAACTG                AGCT CCAG AGC-                 CAGCCAATCACTTAG
   0      31 ..      42   TAATCTATGAAACTG                AGCT CCAG AGCC                 AGCCAATCACTTAGC
-0.7      29 ..      43   TATAATCTATGAAAC              TGAGCT CCAG AGC-CA               GCCAATCACTTAGCT
  -3      28 ..      44   CTATAATCTATGAAA             CTGAGCT CCAG AGC-CAG              CCAATCACTTAGCTC
 0.5      32 ..      45   AATCTATGAAACTGA               GCT CCAGAGCC AGC                CAATCACTTAGCTCC
   4      26 ..      46   GGCTATAATCTATGA           AACTGAGCT CCAG AGC-CAGCC            AATCACTTAGCTCCT
 3.3      29 ..      47   TATAATCTATGAAAC            TGAGCT CCAGAGCC AGC-CA             ATCACTTAGCTCCTC
 6.6      29 ..      48   TATAATCTATGAAAC            TGAGCT CCAGAGCC AGCCAA             TCACTTAGCTCCTCA
 5.9      27 ..      49   GCTATAATCTATGAA          ACTGAGCT CCAGAGCC AGC-CAAT           CACTTAGCTCCTCAT
 3.8      38 ..      50   TGAAACTGAGCTCCA                GA GCCAGCCAA TC                ACTTAGCTCCTCATA
 7.3      37 ..      51   ATGAAACTGAGCTCC               AGA GCCAGCCAA TCA               CTTAGCTCCTCATAA
 5.9      38 ..      52   TGAAACTGAGCTCCA               GAG CCAGCCAAT CAC               TTAGCTCCTCATAAC
 1.8      43 ..      53   CTGAGCTCCAGAGCC                 AG CCAATCA CT                 TAGCTCCTCATAACA
 5.3      42 ..      54   ACTGAGCTCCAGAGC                CAG CCAATCA CTT                AGCTCCTCATAACAA
 8.8      41 ..      55   AACTGAGCTCCAGAG               CCAG CCAATCA CTTA               GCTCCTCATAACAAG
 1.4      45 ..      56   GAGCTCCAGAGCCAG                CCAA TCAC TTAG                 CTCCTCATAACAAGT
-0.9      44 ..      57   TGAGCTCCAGAGCCA               GCCAA TCAC TTAGC                TCCTCATAACAAGTC
-1.8      43 ..      58   CTGAGCTCCAGAGCC              AGCCAA TCAC TTAGCT               CCTCATAACAAGTCT
 1.7      42 ..      59   ACTGAGCTCCAGAGC             CAGCCAA TCAC TTAGCTC              CTCATAACAAGTCTA
 5.2      41 ..      60   AACTGAGCTCCAGAG            CCAGCCAA TCAC TTAGCTCC             TCATAACAAGTCTAA
 4.5      39 ..      61   GAAACTGAGCTCCAG          AGCCAGCCAA TCAC TTAGCTC-CT           CATAACAAGTCTAAC
 2.2      38 ..      62   TGAAACTGAGCTCCA         GAGCCAGCCAA TCAC TTAGCTC-CTC          ATAACAAGTCTAACT
 0.4      53 ..      63   GAGCCAGCCAATCAC                 TTAG CTC CTCA                 TAACAAGTCTAACTG
 3.9      52 ..      64   AGAGCCAGCCAATCA                CTTAG CTC CTCAT                AACAAGTCTAACTGG
 4.2      54 ..      65   AGCCAGCCAATCACT                TA GCTCCTCA TA                 ACAAGTCTAACTGGC
 3.3      53 ..      66   GAGCCAGCCAATCAC               TTA GCTCCTCA TAA                CAAGTCTAACTGGCT
 4.3      56 ..      67   CCAGCCAATCACTTA                GCT CCTCAT AAC                 AAGTCTAACTGGCTC
 6.1      58 ..      68   AGCCAATCACTTAGC                 T CCTCATAAC A                 AGTCTAACTGGCTCT
 6.9      54 ..      69   AGCCAGCCAATCACT              TAGCT CCTCAT AACAA               GTCTAACTGGCTCTG
 1.8      60 ..      70   CCAATCACTTAGCTC                 CT CATAACA AG                 TCTAACTGGCTCTGG
 4.8      61 ..      71   CAATCACTTAGCTCC                 TCAT AAC AAGT                 CTAACTGGCTCTGGA
 6.9      62 ..      72   AATCACTTAGCTCCT                 CAT AACAA GTC                 TAACTGGCTCTGGAA
 4.7      63 ..      73   ATCACTTAGCTCCTC                 ATA ACAAG TCT                 AACTGGCTCTGGAAA
 3.2      64 ..      74   TCACTTAGCTCCTCA                 TA ACAAGTC TA                 ACTGGCTCTGGAAAG
 5.7      64 ..      75   TCACTTAGCTCCTCA                TAA CAAGTC TAA                 CTGGCTCTGGAAAGC
None      66 ..      76   ACTTAGCTCCTCATA                  ACAAGTCTAAC                  TGGCTCTGGAAAGCT
 7.1      66 ..      77   ACTTAGCTCCTCATA                A CAAGTCTAAC T                 GGCTCTGGAAAGCTG
 0.4      68 ..      78   TTAGCTCCTCATAAC                 AAGT CTA ACTG                 GCTCTGGAAAGCTGA
-1.9      67 ..      79   CTTAGCTCCTCATAA                CAAGT CTA ACTGG                CTCTGGAAAGCTGAA
-0.3      70 ..      80   AGCTCCTCATAACAA                 GTC TAACT GGC                 TCTGGAAAGCTGAAA
-1.2      69 ..      81   TAGCTCCTCATAACA                AGTC TAACT GGCT                CTGGAAAGCTGAAAG
 2.3      68 ..      82   TTAGCTCCTCATAAC               AAGTC TAACT GGCTC               TGGAAAGCTGAAAGG
 3.3      63 ..      83   ATCACTTAGCTCCTC            ATAACAAGT CTA ACTGGCTCT            GGAAAGCTGAAAGGG
   1      62 ..      84   AATCACTTAGCTCCT           CATAACAAGT CTA ACTGGCTCTG           GAAAGCTGAAAGGGC
 2.3      61 ..      85   CAATCACTTAGCTCC          TCATAACAAGT CTA ACTGGCTCTGG          AAAGCTGAAAGGGCT
 3.2      71 ..      86   GCTCCTCATAACAAG              TCTA ACTGGCTC TGGA               AAGCTGAAAGGGCTG
 4.8      77 ..      87   CATAACAAGTCTAAC                 TGGC TCT GGAA                 AGCTGAAAGGGCTGC
 5.8      77 ..      88   CATAACAAGTCTAAC                TGGC TCTG GAAA                 GCTGAAAGGGCTGCA
 3.5      76 ..      89   TCATAACAAGTCTAA               CTGGC TCTG GAAAG                CTGAAAGGGCTGCAC
-1.5      79 ..      90   TAACAAGTCTAACTG                GCT CTGGAA AGC                 TGAAAGGGCTGCACT
-0.2      78 ..      91   ATAACAAGTCTAACT               GGCT CTGGAA AGCT                GAAAGGGCTGCACTG
 1.1      77 ..      92   CATAACAAGTCTAAC              TGGCT CTGGAA AGCTG               AAAGGGCTGCACTGG
   1      81 ..      93   ACAAGTCTAACTGGC                TCTG GAAAG CTGA                AAGGGCTGCACTGGA
 4.5      80 ..      94   AACAAGTCTAACTGG               CTCTG GAAAG CTGAA               AGGGCTGCACTGGAA
   8      79 ..      95   TAACAAGTCTAACTG              GCTCTG GAAAG CTGAAA              GGGCTGCACTGGAAC
 5.8      82 ..      96   CAAGTCTAACTGGCT               CT GGAAAGCTGAA AG               GGCTGCACTGGAACA
 7.1      81 ..      97   ACAAGTCTAACTGGC              TCT GGAAAGCTGAA AGG              GCTGCACTGGAACAA
 4.8      80 ..      98   AACAAGTCTAACTGG             CTCT GGAAAGCTGAA AGGG             CTGCACTGGAACAAC
-0.3      89 ..      99   AACTGGCTCTGGAAA                 GCT GAAAG GGC                 TGCACTGGAACAACA
-1.2      88 ..     100   TAACTGGCTCTGGAA                AGCT GAAAG GGCT                GCACTGGAACAACAC
 2.3      87 ..     101   CTAACTGGCTCTGGA               AAGCT GAAAG GGCTG               CACTGGAACAACACA
 0.6      89 ..     102   AACTGGCTCTGGAAA               GCTG AAAGGG CTGC                ACTGGAACAACACAG
 2.4      91 ..     103   CTGGCTCTGGAAAGC                TGAA AGGGC TGCA                CTGGAACAACACAGA
 5.9      90 ..     104   ACTGGCTCTGGAAAG               CTGAA AGGGC TGCAC               TGGAACAACACAGAT
  -1      95 ..     105   CTCTGGAAAGCTGAA                 AGGG CTG CACT                 GGAACAACACAGATG
 2.5      94 ..     106   GCTCTGGAAAGCTGA                AAGGG CTG CACTG                GAACAACACAGATGA
   6      93 ..     107   GGCTCTGGAAAGCTG               AAAGGG CTG CACTGG               AACAACACAGATGAG
 4.8      98 ..     108   TGGAAAGCTGAAAGG                 GCTG CAC TGGA                 ACAACACAGATGAGA
 4.8      99 ..     109   GGAAAGCTGAAAGGG                 CTGC ACT GGAA                 CAACACAGATGAGAT
 2.5      98 ..     110   TGGAAAGCTGAAAGG                GCTGC ACT GGAAC                AACACAGATGAGATA
 2.8     100 ..     111   GAAAGCTGAAAGGGC                TG CACTGGAA CA                 ACACAGATGAGATAT
 6.3      99 ..     112   GGAAAGCTGAAAGGG               CTG CACTGGAA CAA                CACAGATGAGATATT
   4      98 ..     113   TGGAAAGCTGAAAGG              GCTG CACTGGAA CAAC               ACAGATGAGATATTC
 5.8     100 ..     114   GAAAGCTGAAAGGGC               TG CACTGGAACAA CA               CAGATGAGATATTCT
 4.3     104 ..     115   GCTGAAAGGGCTGCA                CTG GAACAA CAC                 AGATGAGATATTCTA
 2.8     105 ..     116   CTGAAAGGGCTGCAC                TG GAACAACA CA                 GATGAGATATTCTAC
 0.5     104 ..     117   GCTGAAAGGGCTGCA               CTG GAACAACA CAG                ATGAGATATTCTACA
   4     103 ..     118   AGCTGAAAGGGCTGC              ACTG GAACAACA CAGA               TGAGATATTCTACAC
 4.3     108 ..     119   AAAGGGCTGCACTGG                AAC AACACA GAT                 GAGATATTCTACACA
  -1     110 ..     120   AGGGCTGCACTGGAA                 CAAC ACA GATG                 AGATATTCTACACAT
 2.5     109 ..     121   AAGGGCTGCACTGGA                ACAAC ACA GATGA                GATATTCTACACATT
 5.8     111 ..     122   GGGCTGCACTGGAAC                AACA CAGA TGAG                 ATATTCTACACATTA
 4.4     112 ..     123   GGCTGCACTGGAACA                ACAC AGAT GAGA                 TATTCTACACATTAA
 3.5     111 ..     124   GGGCTGCACTGGAAC               AACAC AGAT GAGAT                ATTCTACACATTAAT
   7     110 ..     125   AGGGCTGCACTGGAA              CAACAC AGAT GAGATA               TTCTACACATTAATC
 1.8     116 ..     126   GCACTGGAACAACAC                 AGAT GAG ATAT                 TCTACACATTAATCT
 1.8     117 ..     127   CACTGGAACAACACA                 GATG AGA TATT                 CTACACATTAATCTA
 2.8     117 ..     128   CACTGGAACAACACA                GA TGAGATAT TC                 TACACATTAATCTAC
 1.9     116 ..     129   GCACTGGAACAACAC               AGA TGAGATAT TCT                ACACATTAATCTACT
 0.4     120 ..     130   TGGAACAACACAGAT                 GAGA TAT TCTA                 CACATTAATCTACTT
 0.6     120 ..     131   TGGAACAACACAGAT                G-AGA TAT TCTAC                ACATTAATCTACTTA
-0.3     119 ..     132   CTGGAACAACACAGA               TG-AGA TAT TCTACA               CATTAATCTACTTAT
 3.2     118 ..     133   ACTGGAACAACACAG              ATG-AGA TAT TCTACAC              ATTAATCTACTTATC
 3.2     119 ..     134   CTGGAACAACACAGA              TGAGATA TTC TA-CACA              TTAATCTACTTATCT
 2.3     118 ..     135   ACTGGAACAACACAG             ATGAGATA TTC TA-CACAT             TAATCTACTTATCTG
 3.6     117 ..     136   CACTGGAACAACACA            GATGAGATA TTC TA-CACATT            AATCTACTTATCTGG
 4.8     124 ..     137   ACAACACAGATGAGA               TATT CTACAC ATTA                ATCTACTTATCTGGA
 4.7     128 ..     138   CACAGATGAGATATT                 CTA CACAT TAA                 TCTACTTATCTGGAA
 4.3     125 ..     139   CAACACAGATGAGAT               ATT CTACACATT AAT               CTACTTATCTGGAAT
 6.9     122 ..     140   GAACAACACAGATGA             GAT ATTCTACACATTA ATC             TACTTATCTGGAATC
 5.7     130 ..     141   CAGATGAGATATTCT                ACA CATTAA TCT                 ACTTATCTGGAATCA
 4.8     129 ..     142   ACAGATGAGATATTC               TACA CATTAA TCTA                CTTATCTGGAATCAC
 8.3     128 ..     143   CACAGATGAGATATT              CTACA CATTAA TCTAC               TTATCTGGAATCACT
 1.8     134 ..     144   TGAGATATTCTACAC                 ATTA ATC TACT                 TATCTGGAATCACTT
 5.3     133 ..     145   ATGAGATATTCTACA                CATTA ATC TACTT                ATCTGGAATCACTTT
 0.3     136 ..     146   AGATATTCTACACAT                 TAA TCTAC TTA                 TCTGGAATCACTTTG
 3.8     135 ..     147   GAGATATTCTACACA                TTAA TCTAC TTAT                CTGGAATCACTTTGC
 5.7     137 ..     148   GATATTCTACACATT                AAT CTACTT ATC                 TGGAATCACTTTGCC
   6     116 ..     149   GCACTGGAACAACAC     AGATGAG-ATATT CTACACATT AATCTACTTATCT     GGAATCACTTTGCCT
 3.7     115 ..     150   TGCACTGGAACAACA    CAGATGAG-ATATT CTACACATT AATCTACTTATCTG    GAATCACTTTGCCTC
 2.1     140 ..     151   ATTCTACACATTAAT                CTA CTTATC TGG                 AATCACTTTGCCTCT
 1.2     139 ..     152   TATTCTACACATTAA               TCTA CTTATC TGGA                ATCACTTTGCCTCTA
 4.6     141 ..     153   TTCTACACATTAATC                TACT TATCT GGAA                TCACTTTGCCTCTAA
 3.8     137 ..     154   GATATTCTACACATT             AATCTA CTTATC TGGAAT              CACTTTGCCTCTAAA
 4.7     145 ..     155   ACACATTAATCTACT                 TAT CTGGA ATC                 ACTTTGCCTCTAAAG
 3.8     144 ..     156   TACACATTAATCTAC                TTAT CTGGA ATCA                CTTTGCCTCTAAAGG
 7.3     143 ..     157   CTACACATTAATCTA               CTTAT CTGGA ATCAC               TTTGCCTCTAAAGGC
 5.8     147 ..     158   ACATTAATCTACTTA                TCTG GAAT CACT                 TTGCCTCTAAAGGCC
 4.9     146 ..     159   CACATTAATCTACTT               ATCTG GAAT CACTT                TGCCTCTAAAGGCCA
 4.7     150 ..     160   TTAATCTACTTATCT                 GGA ATCAC TTT                 GCCTCTAAAGGCCAG
 4.7     151 ..     161   TAATCTACTTATCTG                 GAA TCACT TTG                 CCTCTAAAGGCCAGA
 2.4     150 ..     162   TTAATCTACTTATCT                GGAA TCACT TTGC                CTCTAAAGGCCAGAG
   2     150 ..     163   TTAATCTACTTATCT               GGAA TCACTT TGCC                TCTAAAGGCCAGAGA
 3.9     152 ..     164   AATCTACTTATCTGG                AATCA CTT TGCCT                CTAAAGGCCAGAGAA
 1.6     151 ..     165   TAATCTACTTATCTG               GAATCA CTT TGCCTC               TAAAGGCCAGAGAAA
 2.9     150 ..     166   TTAATCTACTTATCT              GGAATCA CTT TGCCTCT              AAAGGCCAGAGAAAA
   2     149 ..     167   ATTAATCTACTTATC             TGGAATCA CTT TGCCTCTA             AAGGCCAGAGAAAAA
 0.4     158 ..     168   CTTATCTGGAATCAC                 TTTG CCT CTAA                 AGGCCAGAGAAAAAT
 0.6     158 ..     169   CTTATCTGGAATCAC                TTTG CCTC TAAA                 GGCCAGAGAAAAATC
-1.7     157 ..     170   ACTTATCTGGAATCA               CTTTG CCTC TAAAG                GCCAGAGAAAAATCA
 1.8     156 ..     171   TACTTATCTGGAATC              ACTTTG CCTC TAAAGG               CCAGAGAAAAATCAC
-5.8     161 ..     172   ATCTGGAATCACTTT                GCCT CTAA AGGC                 CAGAGAAAAATCACA
-2.3     160 ..     173   TATCTGGAATCACTT               TGCCT CTAA AGGCC                AGAGAAAAATCACAG
-3.2     159 ..     174   TTATCTGGAATCACT              TTGCCT CTAA AGGCCA               GAGAAAAATCACAGC
-1.9     158 ..     175   CTTATCTGGAATCAC             TTTGCCT CTAA AGGCCAG              AGAAAAATCACAGCT
-0.3     158 ..     176   CTTATCTGGAATCAC            TTT-GCCT CTAA AGGCCAGA             GAAAAATCACAGCTT
-2.6     157 ..     177   ACTTATCTGGAATCA           CTTT-GCCT CTAA AGGCCAGAG            AAAAATCACAGCTTC
 0.8     154 ..     178   TCTACTTATCTGGAA         TCACTTTGCCT CTAA AGGCCA-GAGA          AAAATCACAGCTTCC
 4.3     153 ..     179   ATCTACTTATCTGGA        ATCACTTTGCCT CTAA AGGCCA-GAGAA         AAATCACAGCTTCCT
 3.5     154 ..     180   TCTACTTATCTGGAA        TCACTTT-GCCT CTAA AGGCCAGAGAAA         AATCACAGCTTCCTT
 3.8     159 ..     181   TTATCTGGAATCACT           TTGCCTCT AAAGGCC AGAGAAAA           ATCACAGCTTCCTTG
 2.9     158 ..     182   CTTATCTGGAATCAC          TTTGCCTCT AAAGGCC AGAGAAAAA          TCACAGCTTCCTTGT
 6.4     157 ..     183   ACTTATCTGGAATCA         CTTTGCCTCT AAAGGCC AGAGAAAAAT         CACAGCTTCCTTGTC
 6.8     174 ..     184   TTGCCTCTAAAGGCC                AGA GAAAAA TC-                 ACAGCTTCCTTGTCG
 4.3     174 ..     185   TTGCCTCTAAAGGCC                AGA GAAAAA TCA                 CAGCTTCCTTGTCGG
1.907e-07     175 ..     186   TGCCTCTAAAGGCCA                GAGA AAAA TCAC                 AGCTTCCTTGTCGGA
 3.5     174 ..     187   TTGCCTCTAAAGGCC               AGAGA AAAA TCACA                GCTTCCTTGTCGGAG
 1.2     173 ..     188   TTTGCCTCTAAAGGC              CAGAGA AAAA TCACAG               CTTCCTTGTCGGAGG
 4.7     172 ..     189   CTTTGCCTCTAAAGG             CCAGAGA AAAA TCACAGC              TTCCTTGTCGGAGGG
 5.8     176 ..     190   GCCTCTAAAGGCCAG               AG AAAAATCACAG CT               TCCTTGTCGGAGGGG
 0.4     181 ..     191   TAAAGGCCAGAGAAA                 AATC ACA GCTT                 CCTTGTCGGAGGGGA
 3.9     177 ..     192   CCTCTAAAGGCCAGA              GAA AAATCACAGC TTC               CTTGTCGGAGGGGAA
 6.4     177 ..     193   CCTCTAAAGGCCAGA              GAAA AATCACAGC TTCC              TTGTCGGAGGGGAAA
 5.5     176 ..     194   GCCTCTAAAGGCCAG             AGAAA AATCACAGC TTCCT             TGTCGGAGGGGAAAA
 3.9     185 ..     195   GGCCAGAGAAAAATC                ACAG CTTC CT-T                 GTCGGAGGGGAAAAG
 1.1     186 ..     196   GCCAGAGAAAAATCA                 CAG CTTCC TTG                 TCGGAGGGGAAAAGG
 0.2     185 ..     197   GGCCAGAGAAAAATC                ACAG CTTCC TTGT                CGGAGGGGAAAAGGA
 3.7     184 ..     198   AGGCCAGAGAAAAAT               CACAG CTTCC TTGTC               GGAGGGGAAAAGGAC
 3.4     189 ..     199   AGAGAAAAATCACAG                 CTTC CTT GTCG                 GAGGGGAAAAGGACA
   5     189 ..     200   AGAGAAAAATCACAG                CT TCCTTGTC GG                 AGGGGAAAAGGACAG
-2.5     191 ..     201   AGAAAAATCACAGCT                 TCC TTGTC GGA                 GGGGAAAAGGACAGG
-1.2     190 ..     202   GAGAAAAATCACAGC                TTCC TTGTC GGAG                GGGAAAAGGACAGGT
-3.5     189 ..     203   AGAGAAAAATCACAG               CTTCC TTGTC GGAGG               GGAAAAGGACAGGTG
-1.2     192 ..     204   GAAAAATCACAGCTT                CCTT GTCGG AGGG                GAAAAGGACAGGTGA
 0.1     191 ..     205   AGAAAAATCACAGCT               TCCTT GTCGG AGGGG               AAAAGGACAGGTGAT
-0.8     190 ..     206   GAGAAAAATCACAGC              TTCCTT GTCGG AGGGGA              AAAGGACAGGTGATC
 0.2     190 ..     207   GAGAAAAATCACAGC             TTCCTT GTCGGA GGGGAA              AAGGACAGGTGATCT
 3.4     195 ..     208   AAATCACAGCTTCCT               TGTC GGAGGG GAAA                AGGACAGGTGATCTG
 2.5     194 ..     209   AAAATCACAGCTTCC              TTGTC GGAGGG GAAAA               GGACAGGTGATCTGG
 0.2     193 ..     210   AAAAATCACAGCTTC             CTTGTC GGAGGG GAAAAG              GACAGGTGATCTGGG
-2.1     192 ..     211   GAAAAATCACAGCTT            CCTTGTC GGAGGG GAAAAGG             ACAGGTGATCTGGGG
  -3     191 ..     212   AGAAAAATCACAGCT           TCCTTGTC GGAGGG GAAAAGGA            CAGGTGATCTGGGGA
 0.5     190 ..     213   GAGAAAAATCACAGC          TTCCTTGTC GGAGGG GAAAAGGAC           AGGTGATCTGGGGAA
 2.1     190 ..     214   GAGAAAAATCACAGC         T-TCCTTGTC GGAGGG GAAAAGGACA          GGTGATCTGGGGAAA
-0.2     189 ..     215   AGAGAAAAATCACAG        CT-TCCTTGTC GGAGGG GAAAAGGACAG         GTGATCTGGGGAAAA
 2.6     193 ..     216   AAAAATCACAGCTTC          CTTGTC GGAGGGGAAAAG GACAGG           TGATCTGGGGAAAAC
 2.4     187 ..     217   CCAGAGAAAAATCAC      AGCT-TCCTTGTC GGAGGG GAAAAGGACAGGT       GATCTGGGGAAAACG
 0.1     186 ..     218   GCCAGAGAAAAATCA     CAGCT-TCCTTGTC GGAGGG GAAAAGGACAGGTG      ATCTGGGGAAAACGC
 3.6     185 ..     219   GGCCAGAGAAAAATC    ACAGCT-TCCTTGTC GGAGGG GAAAAGGACAGGTGA     TCTGGGGAAAACGCA
 4.5     182 ..     220   AAAGGCCAGAGAAAA ATCACAGCT-TCCTTGTC GGAGGG GAAAAGGACAG--GTGAT  CTGGGGAAAACGCAG
 1.8     211 ..     221   GTCGGAGGGGAAAAG                 GA CAGGTGA TC                 TGGGGAAAACGCAGC
 1.3     209 ..     222   TTGTCGGAGGGGAAA               AGGAC AGGT GATCT                GGGGAAAACGCAGCT
-3.2     213 ..     223   CGGAGGGGAAAAGGA                 CAGG TGA TCTG                 GGGAAAACGCAGCTA
 0.3     212 ..     224   TCGGAGGGGAAAAGG                ACAGG TGA TCTGG                GGAAAACGCAGCTAC
 3.8     211 ..     225   GTCGGAGGGGAAAAG               GACAGG TGA TCTGGG               GAAAACGCAGCTACA
   7     183 ..     226   AAGGCCAGAGAAAAA TCACAGCTTCCTTGTC GGAGGGGAAAAG GACAGGTGATCTGGGG AAAACGCAGCTACAC
 6.1     217 ..     227   GGGGAAAAGGACAGG                 T GATCTGGGG A                 AAACGCAGCTACACC
   7     218 ..     228   GGGAAAAGGACAGGT                 GATC TGG GGAA                 AACGCAGCTACACCT
 5.8     218 ..     229   GGGAAAAGGACAGGT                GATC TGGG GAAA                 ACGCAGCTACACCTG
 4.7     220 ..     230   GAAAAGGACAGGTGA                 TCT GGGGA AAA                 CGCAGCTACACCTGG
 2.6     216 ..     231   AGGGGAAAAGGACAG              GTGATC TGGG GAAAAC               GCAGCTACACCTGGA
   4     222 ..     232   AAAGGACAGGTGATC                 TG GGGAAAA CG                 CAGCTACACCTGGAG
 1.9     223 ..     233   AAGGACAGGTGATCT                 GGG GAAAA CGC                 AGCTACACCTGGAGC
   1     222 ..     234   AAAGGACAGGTGATC                TGGG GAAAA CGCA                GCTACACCTGGAGCA
-1.3     221 ..     235   AAAAGGACAGGTGAT               CTGGG GAAAA CGCAG               CTACACCTGGAGCAA
 2.2     220 ..     236   GAAAAGGACAGGTGA              TCTGGG GAAAA CGCAGC              TACACCTGGAGCAAx
 1.3     219 ..     237   GGAAAAGGACAGGTG             ATCTGGG GAAAA CGCAGCT             ACACCTGGAGCAAxx
 4.8     218 ..     238   GGGAAAAGGACAGGT            GATCTGGG GAAAA CGCAGCTA            CACCTGGAGCAAxxx
 4.1     216 ..     239   AGGGGAAAAGGACAG          GTGATCTGGG GAAAA CGCAGCT-AC          ACCTGGAGCAAxxxx
 4.1     217 ..     240   GGGGAAAAGGACAGG          TG-ATCTGGG GAAAA CGCAGCTACA          CCTGGAGCAAxxxxx
 1.8     216 ..     241   AGGGGAAAAGGACAG         GTG-ATCTGGG GAAAA CGCAGCTACAC         CTGGAGCAAxxxxxx
-0.5     215 ..     242   GAGGGGAAAAGGACA        GGTG-ATCTGGG GAAAA CGCAGCTACACC        TGGAGCAAxxxxxxx
-1.4     214 ..     243   GGAGGGGAAAAGGAC       AGGTG-ATCTGGG GAAAA CGCAGCTACACCT       GGAGCAAxxxxxxxx
-3.7     213 ..     244   CGGAGGGGAAAAGGA      CAGGTG-ATCTGGG GAAAA CGCAGCTACACCTG      GAGCAAxxxxxxxxx
-0.2     212 ..     245   TCGGAGGGGAAAAGG     ACAGGTG-ATCTGGG GAAAA CGCAGCTACACCTGG     AGCAAxxxxxxxxxx
 3.3     211 ..     246   GTCGGAGGGGAAAAG    GACAGGTG-ATCTGGG GAAAA CGCAGCTACACCTGGA    GCAAxxxxxxxxxxx
-4.768e-08     236 ..     247   CTGGGGAAAACGCAG                CTAC ACCT GGAG                 CAAxxxxxxxxxxxx
-2.3     235 ..     248   TCTGGGGAAAACGCA               GCTAC ACCT GGAGC                AAxxxxxxxxxxxxx
 1.2     234 ..     249   ATCTGGGGAAAACGC              AGCTAC ACCT GGAGCA               Axxxxxxxxxxxxxx
