>ABRT010120442.1:19901-20032 Tarsius syrichta cont1.120441, whole genome shotgun sequence FORWARD
 6.1       1 ..      11   xxxxxxxxxxxxxxx                 A AAACAAAGG T                 GCCTTTGCCAATATT
 4.8       2 ..      12   xxxxxxxxxxxxxxA                 AAAC AAA GGTG                 CCTTTGCCAATATTA
 5.8       2 ..      13   xxxxxxxxxxxxxxA                AAAC AAAG GTGC                 CTTTGCCAATATTAT
 5.8       3 ..      14   xxxxxxxxxxxxxAA                AACA AAGG TGCC                 TTTGCCAATATTATG
 4.9       2 ..      15   xxxxxxxxxxxxxxA               AAACA AAGG TGCCT                TTGCCAATATTATGT
 0.4       6 ..      16   xxxxxxxxxxAAAAC                 AAAG GTG CCTT                 TGCCAATATTATGTT
  -3       6 ..      17   xxxxxxxxxxAAAAC                AAAG GTGC CTTT                 GCCAATATTATGTTT
-5.3       5 ..      18   xxxxxxxxxxxAAAA               CAAAG GTGC CTTTG                CCAATATTATGTTTC
-1.8       4 ..      19   xxxxxxxxxxxxAAA              ACAAAG GTGC CTTTGC               CAATATTATGTTTCT
-4.768e-08       9 ..      20   xxxxxxxAAAACAAA                GGTG CCTT TGCC                 AATATTATGTTTCTT
  -1      11 ..      21   xxxxxAAAACAAAGG                 TGCC TTT GCCA                 ATATTATGTTTCTTT
 2.5      10 ..      22   xxxxxxAAAACAAAG                GTGCC TTT GCCAA                TATTATGTTTCTTTT
 3.8       9 ..      23   xxxxxxxAAAACAAA               GGTGCC TTT GCCAAT               ATTATGTTTCTTTTT
 6.2      14 ..      24   xxAAAACAAAGGTGC                 CTTT GCC AATA                 TTATGTTTCTTTTTG
 6.4       7 ..      25   xxxxxxxxxAAAACA             AAGGTGCC TTT GCCAATAT             TATGTTTCTTTTTGA
 5.5       6 ..      26   xxxxxxxxxxAAAAC            AAAGGTGCC TTT GCCAATATT            ATGTTTCTTTTTGAC
 5.4      17 ..      27   AAACAAAGGTGCCTT                 TG CCAATAT TA                 TGTTTCTTTTTGACA
 8.1       4 ..      28   xxxxxxxxxxxxAAA          ACAAAGGTGCC TTT GCCAATATTAT          GTTTCTTTTTGACAA
 4.7      19 ..      29   ACAAAGGTGCCTTTG                 C CAATATTAT G                 TTTCTTTTTGACAAG
 4.3      19 ..      30   ACAAAGGTGCCTTTG                CCA ATATTA TGT                 TTCTTTTTGACAAGT
-0.4      21 ..      31   AAAGGTGCCTTTGCC                 AATA TTA TGTT                 TCTTTTTGACAAGTT
 3.1      20 ..      32   CAAAGGTGCCTTTGC                CAATA TTA TGTTT                CTTTTTGACAAGTTC
 6.6      19 ..      33   ACAAAGGTGCCTTTG               CCAATA TTA TGTTTC               TTTTTGACAAGTTCT
 6.1      24 ..      34   GGTGCCTTTGCCAAT                 A TTATGTTTC T                 TTTTGACAAGTTCTG
 5.8      21 ..      35   AAAGGTGCCTTTGCC               AATA TTATGTT TCTT               TTTGACAAGTTCTGT
 4.8      26 ..      36   TGCCTTTGCCAATAT                 TATG TTT CTTT                 TTGACAAGTTCTGTG
 6.1      27 ..      37   GCCTTTGCCAATATT                 A TGTTTCTTT T                 TGACAAGTTCTGTGA
 7.1      27 ..      38   GCCTTTGCCAATATT                A TGTTTCTTTT T                 GACAAGTTCTGTGAT
 6.5      20 ..      39   CAAAGGTGCCTTTGC            CAATA TTATGTTTCT TTTTG             ACAAGTTCTGTGATT
 5.4      30 ..      40   TTTGCCAATATTATG                 TT TCTTTTT GA                 CAAGTTCTGTGATTT
 3.1      29 ..      41   CTTTGCCAATATTAT                GTT TCTTTTT GAC                AAGTTCTGTGATTTC
 2.2      28 ..      42   CCTTTGCCAATATTA               TGTT TCTTTTT GACA               AGTTCTGTGATTTCT
 3.1      31 ..      43   TTGCCAATATTATGT                TTCTT TTT GACAA                GTTCTGTGATTTCTG
-0.1      33 ..      44   GCCAATATTATGTTT                CTT TTTGAC AAG                 TTCTGTGATTTCTGA
 3.4      32 ..      45   TGCCAATATTATGTT               TCTT TTTGAC AAGT                TCTGTGATTTCTGAG
 6.9      31 ..      46   TTGCCAATATTATGT              TTCTT TTTGAC AAGTT               CTGTGATTTCTGAGG
None      37 ..      47   ATATTATGTTTCTTT                  TTGACAAGTTC                  TGTGATTTCTGAGGG
 3.3      38 ..      48   TATTATGTTTCTTTT                 TGA CAAGT TCT                 GTGATTTCTGAGGGG
 4.6      37 ..      49   ATATTATGTTTCTTT                TTGA CAAGT TCTG                TGATTTCTGAGGGGA
-1.1      40 ..      50   TTATGTTTCTTTTTG                 ACA AGTTC TGT                 GATTTCTGAGGGGAA
 1.8      41 ..      51   TATGTTTCTTTTTGA                 CA AGTTCTG TG                 ATTTCTGAGGGGAAT
 1.5      38 ..      52   TATTATGTTTCTTTT               TGACA AGTTC TGTGA               TTTCTGAGGGGAATC
   5      37 ..      53   ATATTATGTTTCTTT              TTGACA AGTTC TGTGAT              TTCTGAGGGGAATCC
 2.6      44 ..      54   GTTTCTTTTTGACAA                 GTTC TGT GATT                 TCTGAGGGGAATCCA
 1.7      43 ..      55   TGTTTCTTTTTGACA                AGTTC TGT GATTT                CTGAGGGGAATCCAC
 5.2      42 ..      56   ATGTTTCTTTTTGAC               AAGTTC TGT GATTTC               TGAGGGGAATCCACT
 4.5      40 ..      57   TTATGTTTCTTTTTG             ACAAGTT CTGT GATTTCT              GAGGGGAATCCACTA
 2.9      47 ..      58   TCTTTTTGACAAGTT                CTG TGATTT CTG                 AGGGGAATCCACTAT
   2      46 ..      59   TTCTTTTTGACAAGT               TCTG TGATTT CTGA                GGGGAATCCACTATA
 3.3      45 ..      60   TTTCTTTTTGACAAG              TTCTG TGATTT CTGAG               GGGAATCCACTATAA
 4.8      46 ..      61   TTCTTTTTGACAAGT              TCTGTG ATTT CTGAGG               GGAATCCACTATAAA
 6.1      45 ..      62   TTTCTTTTTGACAAG             TTCTGTG ATTT CTGAGGG              GAATCCACTATAAAT
 2.6      53 ..      63   TGACAAGTTCTGTGA                 TTTC TGA GGGG                 AATCCACTATAAATG
 0.4      54 ..      64   GACAAGTTCTGTGAT                 TTCT GAG GGGA                 ATCCACTATAAATGG
-0.8      54 ..      65   GACAAGTTCTGTGAT                TTCT GAGG GGAA                 TCCACTATAAATGGG
-1.4      52 ..      66   TTGACAAGTTCTGTG               ATTTCT GAG GGGAAT               CCACTATAAATGGGA
-3.7      51 ..      67   TTTGACAAGTTCTGT              GATTTCT GAG GGGAATC              CACTATAAATGGGAT
-0.2      50 ..      68   TTTTGACAAGTTCTG             TGATTTCT GAG GGGAATCC             ACTATAAATGGGATC
-0.9      48 ..      69   CTTTTTGACAAGTTC           TGTGATTTCT GAG GGGAATC-CA           CTATAAATGGGATCA
-2.4      60 ..      70   TTCTGTGATTTCTGA                 GGGG AAT CCAC                 TATAAATGGGATCAG
-3.3      59 ..      71   GTTCTGTGATTTCTG                AGGGG AAT CCACT                ATAAATGGGATCAGG
 0.2      58 ..      72   AGTTCTGTGATTTCT               GAGGGG AAT CCACTA               TAAATGGGATCAGGT
 3.7      57 ..      73   AAGTTCTGTGATTTC              TGAGGGG AAT CCACTAT              AAATGGGATCAGGTC
 3.1      57 ..      74   AAGTTCTGTGATTTC             TG-AGGGG AAT CCACTATA             AATGGGATCAGGTCA
 3.5      54 ..      75   GACAAGTTCTGTGAT           TTCTGAGGGG AAT CCACT-ATAA           ATGGGATCAGGTCAT
 2.6      53 ..      76   TGACAAGTTCTGTGA          TTTCTGAGGGG AAT CCACT-ATAAA          TGGGATCAGGTCATT
 1.7      52 ..      77   TTGACAAGTTCTGTG         ATTTCTGAGGGG AAT CCACT-ATAAAT         GGGATCAGGTCATTC
 0.4      68 ..      78   TTTCTGAGGGGAATC                 CACT ATA AATG                 GGATCAGGTCATTCA
-1.9      67 ..      79   ATTTCTGAGGGGAAT                CCACT ATA AATGG                GATCAGGTCATTCAT
-0.6      66 ..      80   GATTTCTGAGGGGAA               TCCACT ATA AATGGG               ATCAGGTCATTCATT
 2.5      66 ..      81   GATTTCTGAGGGGAA              TCC ACTATAAATG GGA               TCAGGTCATTCATTT
 1.6      65 ..      82   TGATTTCTGAGGGGA             ATCC ACTATAAATG GGAT              CAGGTCATTCATTTA
-0.3      63 ..      83   TGTGATTTCTGAGGG            GAATCCACT ATA AATGGGATC            AGGTCATTCATTTAT
 3.2      62 ..      84   CTGTGATTTCTGAGG           GGAATCCACT ATA AATGGGATCA           GGTCATTCATTTATG
   6      70 ..      85   TCTGAGGGGAATCCA              CT-AT AAATGGG ATCAG              GTCATTCATTTATGT
 5.8      75 ..      86   GGGGAATCCACTATA                AATG GGAT CAGG                 TCATTCATTTATGTT
 4.9      74 ..      87   AGGGGAATCCACTAT               AAATG GGAT CAGGT                CATTCATTTATGTTG
   4      78 ..      88   GAATCCACTATAAAT                 GG GATCAGG TC                 ATTCATTTATGTTGT
 2.6      79 ..      89   AATCCACTATAAATG                 GGAT CAG GTCA                 TTCATTTATGTTGTG
 2.2      76 ..      90   GGGAATCCACTATAA               ATGG GATCAGG TCAT               TCATTTATGTTGTGT
 1.3      75 ..      91   GGGGAATCCACTATA              AATGG GATCAGG TCATT              CATTTATGTTGTGTG
 1.2      79 ..      92   AATCCACTATAAATG               GGAT CAGGTC ATTC                ATTTATGTTGTGTGC
 3.9      73 ..      93   GAGGGGAATCCACTA            TAAATGG GATCAGG TCATTCA            TTTATGTTGTGTGCA
   3      72 ..      94   TGAGGGGAATCCACT           ATAAATGG GATCAGG TCATTCAT           TTATGTTGTGTGCAA
 4.5      75 ..      95   GGGGAATCCACTATA           AATGGGAT CAGGTC ATTC-ATT            TATGTTGTGTGCAAA
 3.6      74 ..      96   AGGGGAATCCACTAT          AAATGGGAT CAGGTC ATTC-ATTT           ATGTTGTGTGCAAAT
 2.7      73 ..      97   GAGGGGAATCCACTA         TAAATGGGAT CAGGTC ATTC-ATTTA          TGTTGTGTGCAAATA
 1.8      72 ..      98   TGAGGGGAATCCACT        ATAAATGGGAT CAGGTC ATTC-ATTTAT         GTTGTGTGCAAATAT
-0.1      88 ..      99   TAAATGGGATCAGGT                CAT TCATTT ATG                 TTGTGTGCAAATATA
 3.4      87 ..     100   ATAAATGGGATCAGG               TCAT TCATTT ATGT                TGTGTGCAAATATAA
 4.7      86 ..     101   TATAAATGGGATCAG              GTCAT TCATTT ATGTT               GTGTGCAAATATAAT
 1.8      92 ..     102   TGGGATCAGGTCATT                 CA TTTATGT TG                 TGTGCAAATATAATT
 5.3      91 ..     103   ATGGGATCAGGTCAT                TCA TTTATGT TGT                GTGCAAATATAATTT
 3.1      92 ..     104   TGGGATCAGGTCATT                CAT TTATGTT GTG                TGCAAATATAATTTA
 5.3      93 ..     105   GGGATCAGGTCATTC                ATTTA TGT TGTGT                GCAAATATAATTTAA
   3      92 ..     106   TGGGATCAGGTCATT               CATTTA TGT TGTGTG               CAAATATAATTTAAA
 6.5      91 ..     107   ATGGGATCAGGTCAT              TCATTTA TGT TGTGTGC              AAATATAATTTAAAG
 1.1      98 ..     108   CAGGTCATTCATTTA                 TGT TGTGT GCA                 AATATAATTTAAAGA
 3.9      99 ..     109   AGGTCATTCATTTAT                GTTG TGTG CAA-                 ATATAATTTAAAGAT
 1.4      99 ..     110   AGGTCATTCATTTAT                GTTG TGTG CAAA                 TATAATTTAAAGATA
 2.1      97 ..     111   TCAGGTCATTCATTT              ATGTTG TGTG CAA-AT               ATAATTTAAAGATAC
 1.2      96 ..     112   ATCAGGTCATTCATT             TATGTTG TGTG CAA-ATA              TAATTTAAAGATACA
 2.7      97 ..     113   TCAGGTCATTCATTT              ATGTT GTGTGCA AATAT              AATTTAAAGATACAA
 1.8      96 ..     114   ATCAGGTCATTCATT             TATGTT GTGTGCA AATATA             ATTTAAAGATACAAC
 0.9      95 ..     115   GATCAGGTCATTCAT            TTATGTT GTGTGCA AATATAA            TTTAAAGATACAACC
 2.3      99 ..     116   AGGTCATTCATTTAT             GTTGTGT GCAA ATATAAT              TTAAAGATACAACCT
 3.5      93 ..     117   GGGATCAGGTCATTC          ATTTATGTT GTGTGCA AATATAATT          TAAAGATACAACCTC
-2.6     108 ..     118   ATTTATGTTGTGTGC                 AAAT ATA ATTT                 AAAGATACAACCTCx
 0.9     107 ..     119   CATTTATGTTGTGTG                CAAAT ATA ATTTA                AAGATACAACCTCxx
 3.1      95 ..     120   GATCAGGTCATTCAT         TTATGTTGTGT GCAA ATATAATTTAA          AGATACAACCTCxxx
 1.8     111 ..     121   TATGTTGTGTGCAAA                 TATA ATT TAAA                 GATACAACCTCxxxx
 5.3     110 ..     122   TTATGTTGTGTGCAA                ATATA ATT TAAAG                ATACAACCTCxxxxx
   5      91 ..     123   ATGGGATCAGGTCAT     TCATTTATGTTGTGT GCAA ATATAATTTAAA-GA      TACAACCTCxxxxxx
   4     114 ..     124   GTTGTGTGCAAATAT                 AATT TAA AGAT                 ACAACCTCxxxxxxx
 3.1     113 ..     125   TGTTGTGTGCAAATA                TAATT TAA AGATA                CAACCTCxxxxxxxx
 6.6     112 ..     126   ATGTTGTGTGCAAAT               ATAATT TAA AGATAC               AACCTCxxxxxxxxx
 2.8     116 ..     127   TGTGTGCAAATATAA                TTTA AAGA TACA                 ACCTCxxxxxxxxxx
 4.2     117 ..     128   GTGTGCAAATATAAT                TT AAAGATAC AA                 CCTCxxxxxxxxxxx
 7.7     116 ..     129   TGTGTGCAAATATAA               TTT AAAGATAC AAC                CTCxxxxxxxxxxxx
None     120 ..     130   TGCAAATATAATTTA                  AAGATACAACC                  TCxxxxxxxxxxxxx
 0.4     121 ..     131   GCAAATATAATTTAA                 AGAT ACA ACCT                 Cxxxxxxxxxxxxxx
