>AE017355.1:1568663-1568707 Bacillus thuringiensis serovar konkukian str. 97-27, complete genome FORWARD
   4       1 ..      11   xxxxxxxxxxxxxxx                 AATA ACG TGGT                 TCGAAACCATCCCAC
 3.5       1 ..      12   xxxxxxxxxxxxxxx                AAT AACGTG GTT                 CGAAACCATCCCACG
 0.4       3 ..      13   xxxxxxxxxxxxxAA                 TAAC GTG GTTC                 GAAACCATCCCACGT
 3.9       2 ..      14   xxxxxxxxxxxxxxA                ATAAC GTG GTTCG                AAACCATCCCACGTA
 1.9       5 ..      15   xxxxxxxxxxxAATA                 ACG TGGTT CGA                 AACCATCCCACGTAA
 5.4       4 ..      16   xxxxxxxxxxxxAAT                AACG TGGTT CGAA                ACCATCCCACGTAAA
 4.5       3 ..      17   xxxxxxxxxxxxxAA               TAACG TGGTT CGAAA               CCATCCCACGTAAAA
 2.8       7 ..      18   xxxxxxxxxAATAAC                GT GGTTCGAA AC                 CATCCCACGTAAAAA
-5.4       9 ..      19   xxxxxxxAATAACGT                 GGTT CGA AACC                 ATCCCACGTAAAAAA
-6.3       8 ..      20   xxxxxxxxAATAACG                TGGTT CGA AACCA                TCCCACGTAAAAAAA
  -5       7 ..      21   xxxxxxxxxAATAAC               GTGGTT CGA AACCAT               CCCACGTAAAAAAAC
-2.6       7 ..      22   xxxxxxxxxAATAAC              G-TGGTT CGA AACCATC              CCACGTAAAAAAACT
 0.2       9 ..      23   xxxxxxxAATAACGT               GGTTCG AAA CCATCC               CACGTAAAAAAACTA
 3.7       8 ..      24   xxxxxxxxAATAACG              TGGTTCG AAA CCATCCC              ACGTAAAAAAACTAA
 4.5       8 ..      25   xxxxxxxxAATAACG             TGG TTCGAAACCATC CCA              CGTAAAAAAACTAAG
 2.2       7 ..      26   xxxxxxxxxAATAAC            GTGG TTCGAAACCATC CCAC             GTAAAAAAACTAAGG
-0.1       6 ..      27   xxxxxxxxxxAATAA           CGTGG TTCGAAACCATC CCACG            TAAAAAAACTAAGGA
  -1       5 ..      28   xxxxxxxxxxxAATA          ACGTGG TTCGAAACCATC CCACGT           AAAAAAACTAAGGAG
 2.5       4 ..      29   xxxxxxxxxxxxAAT         AACGTGG TTCGAAACCATC CCACGTA          AAAAAACTAAGGAGA
 1.6       3 ..      30   xxxxxxxxxxxxxAA        TAACGTGG TTCGAAACCATC CCACGTAA         AAAAACTAAGGAGAT
 5.1       2 ..      31   xxxxxxxxxxxxxxA       ATAACGTGG TTCGAAACCATC CCACGTAAA        AAAACTAAGGAGATx
 7.1      21 ..      32   CGTGGTTCGAAACCA                T CCCACGTAAA A                 AAACTAAGGAGATxx
 8.1      21 ..      33   CGTGGTTCGAAACCA                T CCCACGTAAAA A                AACTAAGGAGATxxx
None      24 ..      34   GGTTCGAAACCATCC                  CACGTAAAAAA                  ACTAAGGAGATxxxx
None      25 ..      35   GTTCGAAACCATCCC                  ACGTAAAAAAA                  CTAAGGAGATxxxxx
 6.8      26 ..      36   TTCGAAACCATCCCA                CGT AAAAAA AC-                 TAAGGAGATxxxxxx
 4.3      26 ..      37   TTCGAAACCATCCCA                CGT AAAAAA ACT                 AAGGAGATxxxxxxx
 3.2      28 ..      38   CGAAACCATCCCACG                 TA AAAAAAC TA                 AGGAGATxxxxxxxx
 5.7      28 ..      39   CGAAACCATCCCACG                TAA AAAAAC TAA                 GGAGATxxxxxxxxx
 4.4      26 ..      40   TTCGAAACCATCCCA               CGTA AAAAAAC TAAG               GAGATxxxxxxxxxx
 6.7      22 ..      41   GTGGTTCGAAACCAT            CCCACGT AAAAAA ACTAAGG             AGATxxxxxxxxxxx
 5.8      21 ..      42   CGTGGTTCGAAACCA           TCCCACGT AAAAAA ACTAAGGA            GATxxxxxxxxxxxx
 8.1      24 ..      43   GGTTCGAAACCATCC            CACGTAA AAAAAC TAAGGAG             ATxxxxxxxxxxxxx
 8.3      34 ..      44   CATCCCACGTAAAAA                AACT AAGG AGA-                 Txxxxxxxxxxxxxx
