>X01547.1:347-436 Human rDNA origin of transcription FORWARD
 0.4       1 ..      11   xxxxxxxxxxxxxxx                 CG ATGGTGG CG                 TTTTTGGGGACAGGT
 6.1       2 ..      12   xxxxxxxxxxxxxxC                GATG GTGG CGT-                 TTTTGGGGACAGGTG
 1.4       2 ..      13   xxxxxxxxxxxxxxC                GATG GTGG CGTT                 TTTGGGGACAGGTGT
 4.9       1 ..      14   xxxxxxxxxxxxxxx               CGATG GTGG CGTTT                TTGGGGACAGGTGTC
 7.5       3 ..      15   xxxxxxxxxxxxxCG                ATGGT GGC GTTTT                TGGGGACAGGTGTCC
 8.3       6 ..      16   xxxxxxxxxxCGATG                 G TGGCGTTTT T                 GGGGACAGGTGTCCG
 6.5       1 ..      17   xxxxxxxxxxxxxxx              CGATGGT GGC GTTTTTG              GGGACAGGTGTCCGT
None       8 ..      18   xxxxxxxxCGATGGT                  GGCGTTTTTGG                  GGACAGGTGTCCGTG
 6.2       9 ..      19   xxxxxxxCGATGGTG                 GC GTTTTTG GG                 GACAGGTGTCCGTGT
 4.7      10 ..      20   xxxxxxCGATGGTGG                 C GTTTTTGGG G                 ACAGGTGTCCGTGTC
 8.2       9 ..      21   xxxxxxxCGATGGTG                GC GTTTTTGGG GA                CAGGTGTCCGTGTCG
 1.4      11 ..      22   xxxxxCGATGGTGGC                GTTT TTGG GGAC                 AGGTGTCCGTGTCGC
   4      13 ..      23   xxxCGATGGTGGCGT                 TTTT GGG GACA                 GGTGTCCGTGTCGCG
   5      13 ..      24   xxxCGATGGTGGCGT                TTTT GGGG ACAG                 GTGTCCGTGTCGCGC
 1.4      14 ..      25   xxCGATGGTGGCGTT                TTTG GGGA CAGG                 TGTCCGTGTCGCGCG
 4.9      13 ..      26   xxxCGATGGTGGCGT               TTTTG GGGA CAGGT                GTCCGTGTCGCGCGT
 5.3      10 ..      27   xxxxxxCGATGGTGG             CGTTTTT GGGG ACAGGTG              TCCGTGTCGCGCGTC
 6.6       9 ..      28   xxxxxxxCGATGGTG            GCGTTTTT GGGG ACAGGTGT             CCGTGTCGCGCGTCG
 2.5      19 ..      29   TGGTGGCGTTTTTGG                GGAC AGGT GTC-                 CGTGTCGCGCGTCGC
-5.8      19 ..      30   TGGTGGCGTTTTTGG                GGAC AGGT GTCC                 GTGTCGCGCGTCGCC
-2.3      18 ..      31   ATGGTGGCGTTTTTG               GGGAC AGGT GTCCG                TGTCGCGCGTCGCCT
  -1      17 ..      32   GATGGTGGCGTTTTT              GGGGAC AGGT GTCCGT               GTCGCGCGTCGCCTG
-0.8      22 ..      33   TGGCGTTTTTGGGGA                CA-GG TGT CCGTG                TCGCGCGTCGCCTGG
-1.7      21 ..      34   GTGGCGTTTTTGGGG               ACA-GG TGT CCGTGT               CGCGCGTCGCCTGGG
  -4      20 ..      35   GGTGGCGTTTTTGGG              GACA-GG TGT CCGTGTC              GCGCGTCGCCTGGGC
-0.5      19 ..      36   TGGTGGCGTTTTTGG             GGACA-GG TGT CCGTGTCG             CGCGTCGCCTGGGCC
-2.8      18 ..      37   ATGGTGGCGTTTTTG            GGGACA-GG TGT CCGTGTCGC            GCGTCGCCTGGGCCG
 0.7      17 ..      38   GATGGTGGCGTTTTT           GGGGACA-GG TGT CCGTGTCGCG           CGTCGCCTGGGCCGG
-1.1      27 ..      39   TTTTTGGGGACAGGT                GTCCG TGT CGCGC                GTCGCCTGGGCCGGC
-4.6      30 ..      40   TTGGGGACAGGTGTC                 CGTG TCG CGCG                 TCGCCTGGGCCGGCG
-1.1      29 ..      41   TTTGGGGACAGGTGT                CCGTG TCG CGCGT                CGCCTGGGCCGGCGG
-0.8      24 ..      42   GCGTTTTTGGGGACA             GGTGTCCG TGT CGCGCGTC             GCCTGGGCCGGCGGC
 2.2      32 ..      43   GGGGACAGGTGTCCG                TGTC GCGC GTCG                 CCTGGGCCGGCGGCG
-0.1      31 ..      44   TGGGGACAGGTGTCC               GTGTC GCGC GTCGC                CTGGGCCGGCGGCGT
-2.4      35 ..      45   GACAGGTGTCCGTGT                 CGCG CGT CGCC                 TGGGCCGGCGGCGTG
-1.6      23 ..      46   GGCGTTTTTGGGGAC          AGGTGTCCGTG TCG CGCGT-CGCCT          GGGCCGGCGGCGTGG
-3.9      22 ..      47   TGGCGTTTTTGGGGA         CAGGTGTCCGTG TCG CGCGT-CGCCTG         GGCCGGCGGCGTGGT
-0.4      21 ..      48   GTGGCGTTTTTGGGG        ACAGGTGTCCGTG TCG CGCGT-CGCCTGG        GCCGGCGGCGTGGTC
   2      29 ..      49   TTTGGGGACAGGTGT            CCGTGTCG CGCGT CGCCTGGG            CCGGCGGCGTGGTCG
-0.3      40 ..      50   GTGTCCGTGTCGCGC                 GTC GCCTG GGC                 CGGCGGCGTGGTCGG
-1.5      18 ..      51   ATGGTGGCGTTTTTG     GGGACAGGTGTCCGTG TCG CGCGT-CGCCTGGGCC     GGCGGCGTGGTCGGT
-2.4      42 ..      52   GTCCGTGTCGCGCGT                 CGCC TGG GCCG                 GCGGCGTGGTCGGTG
-1.1      41 ..      53   TGTCCGTGTCGCGCG                TCGCC TGG GCCGG                CGGCGTGGTCGGTGA
-3.4      40 ..      54   GTGTCCGTGTCGCGC               GTCGCC TGG GCCGGC               GGCGTGGTCGGTGAC
-5.7      39 ..      55   GGTGTCCGTGTCGCG              CGTCGCC TGG GCCGGCG              GCGTGGTCGGTGACG
-3.9      41 ..      56   TGTCCGTGTCGCGCG              TCGCC TGGGCC GGCGG               CGTGGTCGGTGACGC
-6.2      40 ..      57   GTGTCCGTGTCGCGC             GTCGCC TGGGCC GGCGGC              GTGGTCGGTGACGCG
-8.5      39 ..      58   GGTGTCCGTGTCGCG            CGTCGCC TGGGCC GGCGGCG             TGGTCGGTGACGCGA
-7.2      38 ..      59   AGGTGTCCGTGTCGC           GCGTCGCC TGGGCC GGCGGCGT            GGTCGGTGACGCGAC
-9.5      37 ..      60   CAGGTGTCCGTGTCG          CGCGTCGCC TGGGCC GGCGGCGTG           GTCGGTGACGCGACC
  -6      36 ..      61   ACAGGTGTCCGTGTC         GCGCGTCGCC TGGGCC GGCGGCGTGG          TCGGTGACGCGACCT
-2.7      33 ..      62   GGGACAGGTGTCCGT       GTCGCGC-GTCGCC TGG GCCGGCGGCGTGGT       CGGTGACGCGACCTC
-4.6      33 ..      63   GGGACAGGTGTCCGT      GTCGCGCGTCGCC TGGGCC GGCGGCGTG-GTC       GGTGACGCGACCTCC
-4.6      54 ..      64   CGTCGCCTGGGCCGG                 CGGC GTG GTCG                 GTGACGCGACCTCCC
-3.9      50 ..      65   CGCGCGTCGCCTGGG              CCGGC GGCGTG GTCGG               TGACGCGACCTCCCG
-2.6      49 ..      66   TCGCGCGTCGCCTGG             GCCGGC GGCGTG GTCGGT              GACGCGACCTCCCGG
-2.9      39 ..      67   GGTGTCCGTGTCGCG        CGTCGCCTGGGCC GGC GGCGTGGTCGGTG        ACGCGACCTCCCGGC
 0.5      28 ..      68   TTTTGGGGACAGGTG TCCGTGTCGCGCGTCGCC TGGGCC GGCGGCGTG-GTCGGTGA  CGCGACCTCCCGGCC
-1.8      27 ..      69   TTTTTGGGGACAGGT GTCCGTGTCGCGCGTCGCC TGGGCC GGCGGCGTG-GTCGGTGAC GCGACCTCCCGGCCC
-1.5      37 ..      70   CAGGTGTCCGTGTCG     CG-CGTCGCCTGGGCC GGC GGCGTGGTCGGTGACG     CGACCTCCCGGCCCC
-3.8      36 ..      71   ACAGGTGTCCGTGTC    GCG-CGTCGCCTGGGCC GGC GGCGTGGTCGGTGACGC    GACCTCCCGGCCCCG
-6.1      35 ..      72   GACAGGTGTCCGTGT   CGCG-CGTCGCCTGGGCC GGC GGCGTGGTCGGTGACGCG   ACCTCCCGGCCCCGG
  -7      34 ..      73   GGACAGGTGTCCGTG  TCGCG-CGTCGCCTGGGCC GGC GGCGTGGTCGGTGACGCGA  CCTCCCGGCCCCGGG
-9.3      33 ..      74   GGGACAGGTGTCCGT GTCGCG-CGTCGCCTGGGCC GGC GGCGTGGTCGGTGACGCGAC CTCCCGGCCCCGGGG
-6.1      60 ..      75   CTGGGCCGGCGGCGT              GGTCG GTGACG CGACC               TCCCGGCCCCGGGGA
-4.5      31 ..      76   TGGGGACAGGTGTCC GTGTCGCG-CGTCGCCTGGGCC GGC GGCGTGGTCGGTGACGCGACCT CCCGGCCCCGGGGAx
-4.9      58 ..      77   GCCTGGGCCGGCGGC            GTGGTCG GTGACG CGACCTC             CCGGCCCCGGGGAxx
-1.5      52 ..      78   CGCGTCGCCTGGGCC        GGCGG-CGTGGTC GGT GAC-GCGACCTCC        CGGCCCCGGGGAxxx
-3.7      56 ..      79   TCGCCTGGGCCGGCG          GCGTGGTCG GTGACG CGACCTCCC           GGCCCCGGGGAxxxx
-5.8      54 ..      80   CGTCGCCTGGGCCGG        CGGCGTGGTCG GTGACG CGACCTC-CCG         GCCCCGGGGAxxxxx
-2.5      54 ..      81   CGTCGCCTGGGCCGG        CGGCGTGGTCG GTGACG CGACCTCCCGG         CCCCGGGGAxxxxxx
-4.8      53 ..      82   GCGTCGCCTGGGCCG       GCGGCGTGGTCG GTGACG CGACCTCCCGGC        CCCGGGGAxxxxxxx
-7.1      52 ..      83   CGCGTCGCCTGGGCC      GGCGGCGTGGTCG GTGACG CGACCTCCCGGCC       CCGGGGAxxxxxxxx
  -7      47 ..      84   TGTCGCGCGTCGCCT  GGGCCG-GCGG-CGTGGTC GGT GAC-GCGACCTCCCGGCCC  CGGGGAxxxxxxxxx
  -4      58 ..      85   GCCTGGGCCGGCGGC        GTGGTCGGTGACG CGA CCTC-CCGGCCCC        GGGGAxxxxxxxxxx
-6.3      57 ..      86   CGCCTGGGCCGGCGG       CGTGGTCGGTGACG CGA CCTC-CCGGCCCCG       GGGAxxxxxxxxxxx
-8.1      44 ..      87   CCGTGTCGCGCGTCG CCTGGGCCG-GCGG-CGTGGTC GGT GAC-GCGACCTCCCGGCCCCGG GGAxxxxxxxxxxxx
-7.2      77 ..      88   TCGGTGACGCGACCT                CCCG GCCC CGGG                 GAxxxxxxxxxxxxx
-6.9      42 ..      89   GTCCGTGTCGCGCGT CGCCTGGGCCG-GCGG-CGTGGTC GGT GAC-GCGACCTCCCGGCCCCGGGG Axxxxxxxxxxxxxx
