>URS0000D6B3CF ncRNA from 1 species FORWARD
 4.7       1 ..      11   xxxxxxxxxxxxxxx                 C CUGUUAUCU G                 ACCAAUAACAGAAUG
 4.4       1 ..      12   xxxxxxxxxxxxxxx                CCUG UUAU CUGA                 CCAAUAACAGAAUGC
None       3 ..      13   xxxxxxxxxxxxxCC                  UGUUAUCUGAC                  CAAUAACAGAAUGCA
 4.7       4 ..      14   xxxxxxxxxxxxCCU                 G UUAUCUGAC C                 AAUAACAGAAUGCAC
 8.2       3 ..      15   xxxxxxxxxxxxxCC                UG UUAUCUGAC CA                AUAACAGAAUGCACC
None       6 ..      16   xxxxxxxxxxCCUGU                  UAUCUGACCAA                  UAACAGAAUGCACCA
None       7 ..      17   xxxxxxxxxCCUGUU                  AUCUGACCAAU                  AACAGAAUGCACCAC
None       8 ..      18   xxxxxxxxCCUGUUA                  UCUGACCAAUA                  ACAGAAUGCACCACA
None       9 ..      19   xxxxxxxCCUGUUAU                  CUGACCAAUAA                  CAGAAUGCACCACAG
None      10 ..      20   xxxxxxCCUGUUAUC                  UGACCAAUAAC                  AGAAUGCACCACAGC
 7.2      10 ..      21   xxxxxxCCUGUUAUC                UG ACCAAUAA CA                 GAAUGCACCACAGCG
 4.9       9 ..      22   xxxxxxxCCUGUUAU               CUG ACCAAUAA CAG                AAUGCACCACAGCGU
 6.2      13 ..      23   xxxCCUGUUAUCUGA                 CC AAUAACA GA                 AUGCACCACAGCGUA
None      14 ..      24   xxCCUGUUAUCUGAC                  CAAUAACAGAA                  UGCACCACAGCGUAA
None      15 ..      25   xCCUGUUAUCUGACC                  AAUAACAGAAU                  GCACCACAGCGUAAA
 6.7      14 ..      26   xxCCUGUUAUCUGAC                C AAUAACAGAAU G                CACCACAGCGUAAAA
None      17 ..      27   CUGUUAUCUGACCAA                  UAACAGAAUGC                  ACCACAGCGUAAAAU
 7.7      18 ..      28   UGUUAUCUGACCAAU                 AAC AGAAU GCA                 CCACAGCGUAAAAUC
None      19 ..      29   GUUAUCUGACCAAUA                  ACAGAAUGCAC                  CACAGCGUAAAAUCA
None      20 ..      30   UUAUCUGACCAAUAA                  CAGAAUGCACC                  ACAGCGUAAAAUCAU
 6.2      21 ..      31   UAUCUGACCAAUAAC                 AG AAUGCAC CA                 CAGCGUAAAAUCAUC
 4.7      22 ..      32   AUCUGACCAAUAACA                 G AAUGCACCA C                 AGCGUAAAAUCAUCU
 8.2      21 ..      33   UAUCUGACCAAUAAC                AG AAUGCACCA CA                GCGUAAAAUCAUCUG
 5.9      20 ..      34   UUAUCUGACCAAUAA               CAG AAUGCACCA CAG               CGUAAAAUCAUCUGA
 5.4      25 ..      35   UGACCAAUAACAGAA                UGC ACCACA GC-                 GUAAAAUCAUCUGAU
 2.9      25 ..      36   UGACCAAUAACAGAA                UGC ACCACA GCG                 UAAAAUCAUCUGAUU
 4.4      26 ..      37   GACCAAUAACAGAAU                GCAC CACA GCGU                 AAAAUCAUCUGAUUG
 7.7      28 ..      38   CCAAUAACAGAAUGC                 ACC ACAGC GUA                 AAAUCAUCUGAUUGG
None      29 ..      39   CAAUAACAGAAUGCA                  CCACAGCGUAA                  AAUCAUCUGAUUGGG
None      30 ..      40   AAUAACAGAAUGCAC                  CACAGCGUAAA                  AUCAUCUGAUUGGGU
None      31 ..      41   AUAACAGAAUGCACC                  ACAGCGUAAAA                  UCAUCUGAUUGGGUG
None      32 ..      42   UAACAGAAUGCACCA                  CAGCGUAAAAU                  CAUCUGAUUGGGUGA
None      33 ..      43   AACAGAAUGCACCAC                  AGCGUAAAAUC                  AUCUGAUUGGGUGAG
 7.2      33 ..      44   AACAGAAUGCACCAC                AG CGUAAAAU CA                 UCUGAUUGGGUGAGU
 8.7      34 ..      45   ACAGAAUGCACCACA                GCG UAAAAU CAU                 CUGAUUGGGUGAGUU
 4.7      36 ..      46   AGAAUGCACCACAGC                 G UAAAAUCAU C                 UGAUUGGGUGAGUUG
 8.2      35 ..      47   CAGAAUGCACCACAG                CG UAAAAUCAU CU                GAUUGGGUGAGUUGG
 7.7      35 ..      48   CAGAAUGCACCACAG               C GUAAAAUCAUCU G                AUUGGGUGAGUUGGU
None      39 ..      49   AUGCACCACAGCGUA                  AAAUCAUCUGA                  UUGGGUGAGUUGGUC
None      40 ..      50   UGCACCACAGCGUAA                  AAUCAUCUGAU                  UGGGUGAGUUGGUCG
None      41 ..      51   GCACCACAGCGUAAA                  AUCAUCUGAUU                  GGGUGAGUUGGUCGC
None      42 ..      52   CACCACAGCGUAAAA                  UCAUCUGAUUG                  GGUGAGUUGGUCGCA
 4.7      43 ..      53   ACCACAGCGUAAAAU                 C AUCUGAUUG G                 GUGAGUUGGUCGCAC
 5.7      43 ..      54   ACCACAGCGUAAAAU                C AUCUGAUUGG G                 UGAGUUGGUCGCACC
 6.2      45 ..      55   CACAGCGUAAAAUCA                 UC UGAUUGG GU                 GAGUUGGUCGCACCG
 4.7      46 ..      56   ACAGCGUAAAAUCAU                 C UGAUUGGGU G                 AGUUGGUCGCACCGC
 8.2      45 ..      57   CACAGCGUAAAAUCA                UC UGAUUGGGU GA                GUUGGUCGCACCGCC
 6.7      46 ..      58   ACAGCGUAAAAUCAU                C UGAUUGGGUGA G                UUGGUCGCACCGCCA
None      49 ..      59   GCGUAAAAUCAUCUG                  AUUGGGUGAGU                  UGGUCGCACCGCCAU
None      50 ..      60   CGUAAAAUCAUCUGA                  UUGGGUGAGUU                  GGUCGCACCGCCAUU
None      51 ..      61   GUAAAAUCAUCUGAU                  UGGGUGAGUUG                  GUCGCACCGCCAUUU
None      52 ..      62   UAAAAUCAUCUGAUU                  GGGUGAGUUGG                  UCGCACCGCCAUUUG
None      53 ..      63   AAAAUCAUCUGAUUG                  GGUGAGUUGGU                  CGCACCGCCAUUUGA
 4.7      54 ..      64   AAAUCAUCUGAUUGG                 G UGAGUUGGU C                 GCACCGCCAUUUGAC
 6.2      55 ..      65   AAUCAUCUGAUUGGG                 UG AGUUGGU CG                 CACCGCCAUUUGACG
 1.9      56 ..      66   AUCAUCUGAUUGGGU                 GAG UUGGU CGC                 ACCGCCAUUUGACGA
 5.4      55 ..      67   AAUCAUCUGAUUGGG                UGAG UUGGU CGCA                CCGCCAUUUGACGAA
 3.1      54 ..      68   AAAUCAUCUGAUUGG               GUGAG UUGGU CGCAC               CGCCAUUUGACGAAC
 0.8      53 ..      69   AAAAUCAUCUGAUUG              GGUGAG UUGGU CGCACC              GCCAUUUGACGAACG
 1.9      60 ..      70   UCUGAUUGGGUGAGU                 UGG UCGCA CCG                 CCAUUUGACGAACGA
 4.5      52 ..      71   UAAAAUCAUCUGAUU            G-GGUGAG UUGGU CGCACCGC            CAUUUGACGAACGAA
-2.4      62 ..      72   UGAUUGGGUGAGUUG                 GUCG CAC CGCC                 AUUUGACGAACGAAC
 1.1      61 ..      73   CUGAUUGGGUGAGUU                GGUCG CAC CGCCA                UUUGACGAACGAACG
 4.6      60 ..      74   UCUGAUUGGGUGAGU               UGGUCG CAC CGCCAU               UUGACGAACGAACGC
 8.1      59 ..      75   AUCUGAUUGGGUGAG              UUGGUCG CAC CGCCAUU              UGACGAACGAACGCC
None      66 ..      76   UGGGUGAGUUGGUCG                  CACCGCCAUUU                  GACGAACGAACGCCA
 5.7      66 ..      77   UGGGUGAGUUGGUCG                C ACCGCCAUUU G                 ACGAACGAACGCCAA
 6.2      68 ..      78   GGUGAGUUGGUCGCA                 CC GCCAUUU GA                 CGAACGAACGCCAAG
 6.9      69 ..      79   GUGAGUUGGUCGCAC                CGCC AUUU GAC-                 GAACGAACGCCAAGC
-1.4      69 ..      80   GUGAGUUGGUCGCAC                CGCC AUUU GACG                 AACGAACGCCAAGCC
 2.1      68 ..      81   GGUGAGUUGGUCGCA               CCGCC AUUU GACGA                ACGAACGCCAAGCCU
 5.6      67 ..      82   GGGUGAGUUGGUCGC              ACCGCC AUUU GACGAA               CGAACGCCAAGCCUA
 7.7      70 ..      83   UGAGUUGGUCGCACC               G CCAUUUGACGAA C                GAACGCCAAGCCUAA
 5.4      69 ..      84   GUGAGUUGGUCGCAC              CG CCAUUUGACGAA CG               AACGCCAAGCCUAAG
 7.7      75 ..      85   UGGUCGCACCGCCAU                 UUG ACGAA CGA                 ACGCCAAGCCUAAGC
None      76 ..      86   GGUCGCACCGCCAUU                  UGACGAACGAA                  CGCCAAGCCUAAGCC
 4.7      77 ..      87   GUCGCACCGCCAUUU                 G ACGAACGAA C                 GCCAAGCCUAAGCCG
 5.4      78 ..      88   UCGCACCGCCAUUUG                ACG AACGAA CG-                 CCAAGCCUAAGCCGU
 2.9      78 ..      89   UCGCACCGCCAUUUG                ACG AACGAA CGC                 CAAGCCUAAGCCGUC
 0.6      77 ..      90   GUCGCACCGCCAUUU               GACG AACGAA CGCC                AAGCCUAAGCCGUCU
 4.1      76 ..      91   GGUCGCACCGCCAUU              UGACG AACGAA CGCCA               AGCCUAAGCCGUCUU
 7.6      75 ..      92   UGGUCGCACCGCCAU             UUGACG AACGAA CGCCAA              GCCUAAGCCGUCUUU
 4.7      83 ..      93   CCGCCAUUUGACGAA                 C GAACGCCAA G                 CCUAAGCCGUCUUUG
 4.7      84 ..      94   CGCCAUUUGACGAAC                 G AACGCCAAG C                 CUAAGCCGUCUUUGU
 5.7      84 ..      95   CGCCAUUUGACGAAC                G AACGCCAAGC C                 UAAGCCGUCUUUGUG
 3.4      86 ..      96   CCAUUUGACGAACGA                 ACGC CAA GCCU                 AAGCCGUCUUUGUGC
 6.9      85 ..      97   GCCAUUUGACGAACG                AACGC CAA GCCUA                AGCCGUCUUUGUGCA
None      88 ..      98   AUUUGACGAACGAAC                  GCCAAGCCUAA                  GCCGUCUUUGUGCAU
 4.7      89 ..      99   UUUGACGAACGAACG                 C CAAGCCUAA G                 CCGUCUUUGUGCAUU
 2.4      88 ..     100   AUUUGACGAACGAAC                GC CAAGCCUAA GC                CGUCUUUGUGCAUUA
 4.9      88 ..     101   AUUUGACGAACGAAC               GCC AAGCCUAA GCC                GUCUUUGUGCAUUAA
 2.6      87 ..     102   CAUUUGACGAACGAA              CGCC AAGCCUAA GCCG               UCUUUGUGCAUUAAG
 6.1      86 ..     103   CCAUUUGACGAACGA             ACGCC AAGCCUAA GCCGU              CUUUGUGCAUUAAGU
 2.9      93 ..     104   ACGAACGAACGCCAA                GCC UAAGCC GUC                 UUUGUGCAUUAAGUG
 6.4      92 ..     105   GACGAACGAACGCCA               AGCC UAAGCC GUCU                UUGUGCAUUAAGUGG
None      96 ..     106   AACGAACGCCAAGCC                  UAAGCCGUCUU                  UGUGCAUUAAGUGGG
None      97 ..     107   ACGAACGCCAAGCCU                  AAGCCGUCUUU                  GUGCAUUAAGUGGGU
 7.7      95 ..     108   GAACGAACGCCAAGC               C UAAGCCGUCUUU G                UGCAUUAAGUGGGUA
 6.2      99 ..     109   GAACGCCAAGCCUAA                 GC CGUCUUU GU                 GCAUUAAGUGGGUAA
 4.7     100 ..     110   AACGCCAAGCCUAAG                 C CGUCUUUGU G                 CAUUAAGUGGGUAAA
 2.4      99 ..     111   GAACGCCAAGCCUAA                GC CGUCUUUGU GC                AUUAAGUGGGUAAAG
 5.9      98 ..     112   CGAACGCCAAGCCUA               AGC CGUCUUUGU GCA               UUAAGUGGGUAAAGG
None     103 ..     113   GCCAAGCCUAAGCCG                  UCUUUGUGCAU                  UAAGUGGGUAAAGGU
None     104 ..     114   CCAAGCCUAAGCCGU                  CUUUGUGCAUU                  AAGUGGGUAAAGGUU
None     105 ..     115   CAAGCCUAAGCCGUC                  UUUGUGCAUUA                  AGUGGGUAAAGGUUG
None     106 ..     116   AAGCCUAAGCCGUCU                  UUGUGCAUUAA                  GUGGGUAAAGGUUGG
 7.7     104 ..     117   CCAAGCCUAAGCCGU               C UUUGUGCAUUAA G                UGGGUAAAGGUUGGU
None     108 ..     118   GCCUAAGCCGUCUUU                  GUGCAUUAAGU                  GGGUAAAGGUUGGUU
 7.7     109 ..     119   CCUAAGCCGUCUUUG                 UGC AUUAA GUG                 GGUAAAGGUUGGUUA
 6.2     110 ..     120   CUAAGCCGUCUUUGU                 GC AUUAAGU GG                 GUAAAGGUUGGUUAG
 4.7     111 ..     121   UAAGCCGUCUUUGUG                 C AUUAAGUGG G                 UAAAGGUUGGUUAGU
 8.2     110 ..     122   CUAAGCCGUCUUUGU                GC AUUAAGUGG GU                AAAGGUUGGUUAGUA
None     113 ..     123   AGCCGUCUUUGUGCA                  UUAAGUGGGUA                  AAGGUUGGUUAGUAG
None     114 ..     124   GCCGUCUUUGUGCAU                  UAAGUGGGUAA                  AGGUUGGUUAGUAGC
None     115 ..     125   CCGUCUUUGUGCAUU                  AAGUGGGUAAA                  GGUUGGUUAGUAGCG
None     116 ..     126   CGUCUUUGUGCAUUA                  AGUGGGUAAAG                  GUUGGUUAGUAGCGG
None     117 ..     127   GUCUUUGUGCAUUAA                  GUGGGUAAAGG                  UUGGUUAGUAGCGGU
None     118 ..     128   UCUUUGUGCAUUAAG                  UGGGUAAAGGU                  UGGUUAGUAGCGGUU
None     119 ..     129   CUUUGUGCAUUAAGU                  GGGUAAAGGUU                  GGUUAGUAGCGGUUU
None     120 ..     130   UUUGUGCAUUAAGUG                  GGUAAAGGUUG                  GUUAGUAGCGGUUUC
None     121 ..     131   UUGUGCAUUAAGUGG                  GUAAAGGUUGG                  UUAGUAGCGGUUUCC
None     122 ..     132   UGUGCAUUAAGUGGG                  UAAAGGUUGGU                  UAGUAGCGGUUUCCC
None     123 ..     133   GUGCAUUAAGUGGGU                  AAAGGUUGGUU                  AGUAGCGGUUUCCCC
None     124 ..     134   UGCAUUAAGUGGGUA                  AAGGUUGGUUA                  GUAGCGGUUUCCCCC
None     125 ..     135   GCAUUAAGUGGGUAA                  AGGUUGGUUAG                  UAGCGGUUUCCCCCA
None     126 ..     136   CAUUAAGUGGGUAAA                  GGUUGGUUAGU                  AGCGGUUUCCCCCAC
None     127 ..     137   AUUAAGUGGGUAAAG                  GUUGGUUAGUA                  GCGGUUUCCCCCACG
None     128 ..     138   UUAAGUGGGUAAAGG                  UUGGUUAGUAG                  CGGUUUCCCCCACGA
 6.7     127 ..     139   AUUAAGUGGGUAAAG                G UUGGUUAGUAG C                GGUUUCCCCCACGAC
 6.2     130 ..     140   AAGUGGGUAAAGGUU                 GG UUAGUAG CG                 GUUUCCCCCACGACA
None     131 ..     141   AGUGGGUAAAGGUUG                  GUUAGUAGCGG                  UUUCCCCCACGACAA
None     132 ..     142   GUGGGUAAAGGUUGG                  UUAGUAGCGGU                  UUCCCCCACGACAAG
None     133 ..     143   UGGGUAAAGGUUGGU                  UAGUAGCGGUU                  UCCCCCACGACAAGG
None     134 ..     144   GGGUAAAGGUUGGUU                  AGUAGCGGUUU                  CCCCCACGACAAGGG
 4.7     135 ..     145   GGUAAAGGUUGGUUA                 G UAGCGGUUU C                 CCCCACGACAAGGGG
 5.7     135 ..     146   GGUAAAGGUUGGUUA                G UAGCGGUUUC C                 CCCACGACAAGGGGU
 6.1     137 ..     147   UAAAGGUUGGUUAGU                AGCGG UUU CC-C-                CCACGACAAGGGGUx
-2.4     138 ..     148   AAAGGUUGGUUAGUA                 GCGG UUU CCCC                 CACGACAAGGGGUxx
-1.4     138 ..     149   AAAGGUUGGUUAGUA                GCGG UUUC CCCC                 ACGACAAGGGGUxxx
 2.1     137 ..     150   UAAAGGUUGGUUAGU               AGCGG UUUC CCCCA                CGACAAGGGGUxxxx
 0.6     138 ..     151   AAAGGUUGGUUAGUA               GCGG UUUCCC CCAC                GACAAGGGGUxxxxx
 3.4     139 ..     152   AAGGUUGGUUAGUAG               CG GUUUCCCCCA CG                ACAAGGGGUxxxxxx
 6.9     138 ..     153   AAAGGUUGGUUAGUA              GCG GUUUCCCCCA CGA               CAAGGGGUxxxxxxx
 5.3     135 ..     154   GGUAAAGGUUGGUUA            GUAGCGG UUUCCC CCACGAC             AAGGGGUxxxxxxxx
 8.8     134 ..     155   GGGUAAAGGUUGGUU           AGUAGCGG UUUCCC CCACGACA            AGGGGUxxxxxxxxx
None     146 ..     156   GUUAGUAGCGGUUUC                  CCCCACGACAA                  GGGGUxxxxxxxxxx
 4.7     147 ..     157   UUAGUAGCGGUUUCC                 C CCACGACAA G                 GGGUxxxxxxxxxxx
 0.4     148 ..     158   UAGUAGCGGUUUCCC                 CC ACGACAA GG                 GGUxxxxxxxxxxxx
-1.9     147 ..     159   UUAGUAGCGGUUUCC                CCC ACGACAA GGG                GUxxxxxxxxxxxxx
-4.2     146 ..     160   GUUAGUAGCGGUUUC               CCCC ACGACAA GGGG               Uxxxxxxxxxxxxxx
