>AC103705.5:32657-32751 Homo sapiens chromosome 8, clone RP11-55J15, complete sequence FORWARD
 4.7       1 ..      11   xxxxxxxxxxxxxxx                 C CCTCAAGAT G                 GCTGTGCCTGTCAGC
-4.768e-08       1 ..      12   xxxxxxxxxxxxxxx                CCCT CAAG ATGG                 CTGTGCCTGTCAGCT
 2.6       3 ..      13   xxxxxxxxxxxxxCC                 CTCA AGA TGGC                 TGTGCCTGTCAGCTG
 6.1       2 ..      14   xxxxxxxxxxxxxxC                CCTCA AGA TGGCT                GTGCCTGTCAGCTGC
 1.8       5 ..      15   xxxxxxxxxxxCCCT                 CA AGATGGC TG                 TGCCTGTCAGCTGCA
 3.9       6 ..      16   xxxxxxxxxxCCCTC                A-AG ATGG CTGT                 GCCTGTCAGCTGCAT
 1.6       5 ..      17   xxxxxxxxxxxCCCT               CA-AG ATGG CTGTG                CCTGTCAGCTGCATG
 4.7       8 ..      18   xxxxxxxxCCCTCAA                 G ATGGCTGTG C                 CTGTCAGCTGCATGG
 5.7       8 ..      19   xxxxxxxxCCCTCAA                G ATGGCTGTGC C                 TGTCAGCTGCATGGA
-2.4      10 ..      20   xxxxxxCCCTCAAGA                 TGGC TGT GCCT                 GTCAGCTGCATGGAG
 1.1       9 ..      21   xxxxxxxCCCTCAAG                ATGGC TGT GCCTG                TCAGCTGCATGGAGC
 0.5       9 ..      22   xxxxxxxCCCTCAAG               AT-GGC TGT GCCTGT               CAGCTGCATGGAGCT
-1.8       8 ..      23   xxxxxxxxCCCTCAA              GAT-GGC TGT GCCTGTC              AGCTGCATGGAGCTT
  -2      10 ..      24   xxxxxxCCCTCAAGA               TGGCTG TGC CTGTCA               GCTGCATGGAGCTTC
-0.5      13 ..      25   xxxCCCTCAAGATGG                CTG TGCCTGT CAG                CTGCATGGAGCTTCG
-2.8      12 ..      26   xxxxCCCTCAAGATG               GCTG TGCCTGT CAGC               TGCATGGAGCTTCGT
-1.7       7 ..      27   xxxxxxxxxCCCTCA            AGATGGCTG TGC CTGTCAGCT            GCATGGAGCTTCGTT
-0.2      10 ..      28   xxxxxxCCCTCAAGA             TGGCTG TGCCTGT CAGCTG             CATGGAGCTTCGTTC
 1.6      15 ..      29   xCCCTCAAGATGGCT               GTGCCT GTC AGCTGC               ATGGAGCTTCGTTCA
 0.7      14 ..      30   xxCCCTCAAGATGGC              TGTGCCT GTC AGCTGCA              TGGAGCTTCGTTCAA
 2.8      15 ..      31   xCCCTCAAGATGGCT              GTGC CTGTCAGCT GCAT              GGAGCTTCGTTCAAG
 2.3      18 ..      32   CTCAAGATGGCTGTG               CCTGT CAGCT GCATG               GAGCTTCGTTCAAGT
 1.8      13 ..      33   xxxCCCTCAAGATGG            CTGTGC CTGTCAGCT GCATGG            AGCTTCGTTCAAGTA
 3.8      22 ..      34   AGATGGCTGTGCCTG                TC AGCTGCATG GA                GCTTCGTTCAAGTAT
 3.9       3 ..      35   xxxxxxxxxxxxxCC      CTCAAGATGGCTG TGCCTGT CAGCTGCATGGAG      CTTCGTTCAAGTATT
-1.5      25 ..      36   TGGCTGTGCCTGTCA                GCT GCATGG AGC                 TTCGTTCAAGTATTT
-2.4      24 ..      37   ATGGCTGTGCCTGTC               AGCT GCATGG AGCT                TCGTTCAAGTATTTT
 1.1      23 ..      38   GATGGCTGTGCCTGT              CAGCT GCATGG AGCTT               CGTTCAAGTATTTTC
 3.1      25 ..      39   TGGCTGTGCCTGTCA               GCTGC ATGGA GCTTC               GTTCAAGTATTTTCT
   5      29 ..      40   TGTGCCTGTCAGCTG                C-ATG GAG CTTCG                TTCAAGTATTTTCTG
 1.4      30 ..      41   GTGCCTGTCAGCTGC                ATGG AGCT TCGT                 TCAAGTATTTTCTGA
 3.9      30 ..      42   GTGCCTGTCAGCTGC                ATGGA GCT TCGTT                CAAGTATTTTCTGAG
-3.2      33 ..      43   CCTGTCAGCTGCATG                 GAGC TTC GTTC                 AAGTATTTTCTGAGC
 0.3      32 ..      44   GCCTGTCAGCTGCAT                GGAGC TTC GTTCA                AGTATTTTCTGAGCC
-0.6      31 ..      45   TGCCTGTCAGCTGCA               TGGAGC TTC GTTCAA               GTATTTTCTGAGCCT
-1.1      36 ..      46   GTCAGCTGCATGGAG                 CTT CGTTC AAG                 TATTTTCTGAGCCTG
 0.2      35 ..      47   TGTCAGCTGCATGGA                GCTT CGTTC AAGT                ATTTTCTGAGCCTGA
 2.8      27 ..      48   GCTGTGCCTGTCAGC           TGCATGGA GCTTCG TTCAAGTA            TTTTCTGAGCCTGAT
   5      33 ..      49   CCTGTCAGCTGCATG              GAGCTT CGTTC AAGTAT              TTTCTGAGCCTGATG
 6.3      32 ..      50   GCCTGTCAGCTGCAT             GGAGCTT CGTTC AAGTATT             TTCTGAGCCTGATGG
 6.7      24 ..      51   ATGGCTGTGCCTGTC        AGCTGCATGGA GCTTCG TTCAAGTATTT         TCTGAGCCTGATGGA
 6.2      42 ..      52   TGCATGGAGCTTCGT                 TCAA GTA TTTT                 CTGAGCCTGATGGAT
   4      43 ..      53   GCATGGAGCTTCGTT                 CAAG TAT TTTC                 TGAGCCTGATGGATT
 6.1      44 ..      54   CATGGAGCTTCGTTC                 A AGTATTTTC T                 GAGCCTGATGGATTT
 3.8      43 ..      55   GCATGGAGCTTCGTT                CA AGTATTTTC TG                AGCCTGATGGATTTA
 2.9      42 ..      56   TGCATGGAGCTTCGT               TCA AGTATTTTC TGA               GCCTGATGGATTTAC
 4.2      41 ..      57   CTGCATGGAGCTTCG              TTCA AGTATTTTC TGAG              CCTGATGGATTTACA
 1.9      40 ..      58   GCTGCATGGAGCTTC             GTTCA AGTATTTTC TGAGC             CTGATGGATTTACAG
 5.4      39 ..      59   AGCTGCATGGAGCTT            CGTTCA AGTATTTTC TGAGCC            TGATGGATTTACAGT
 6.2      45 ..      60   ATGGAGCTTCGTTCA              AGTATT TTCT GAGCCT               GATGGATTTACAGTG
 6.3      43 ..      61   GCATGGAGCTTCGTT             CAAGT ATTTTCTGA GCCTG             ATGGATTTACAGTGA
  -1      52 ..      62   TTCGTTCAAGTATTT                 TCTG AGC CTGA                 TGGATTTACAGTGAT
 2.5      51 ..      63   CTTCGTTCAAGTATT                TTCTG AGC CTGAT                GGATTTACAGTGATC
 3.8      50 ..      64   GCTTCGTTCAAGTAT               TTTCTG AGC CTGATG               GATTTACAGTGATCT
 5.1      49 ..      65   AGCTTCGTTCAAGTA              TTTTCTG AGC CTGATGG              ATTTACAGTGATCTT
 4.4      52 ..      66   TTCGTTCAAGTATTT               TCTG AGCCTGA TGGA               TTTACAGTGATCTTC
9.537e-08      56 ..      67   TTCAAGTATTTTCTG                AGCC TGAT GGAT                 TTACAGTGATCTTCA
 1.3      55 ..      68   GTTCAAGTATTTTCT               GAGCC TGAT GGATT                TACAGTGATCTTCAG
 4.8      54 ..      69   CGTTCAAGTATTTTC              TGAGCC TGAT GGATTT               ACAGTGATCTTCAGT
 2.5      60 ..      70   AGTATTTTCTGAGCC                 TGA TGGAT TTA                 CAGTGATCTTCAGTG
 4.7      61 ..      71   GTATTTTCTGAGCCT                 G ATGGATTTA C                 AGTGATCTTCAGTGG
 3.8      60 ..      72   AGTATTTTCTGAGCC                TG ATGGATTTA CA                GTGATCTTCAGTGGT
 1.5      59 ..      73   AAGTATTTTCTGAGC               CTG ATGGATTTA CAG               TGATCTTCAGTGGTC
 4.6      62 ..      74   TATTTTCTGAGCCTG                ATGG ATTTA CAGT                GATCTTCAGTGGTCT
   4      65 ..      75   TTTCTGAGCCTGATG                 GATT TAC AGTG                 ATCTTCAGTGGTCTG
 7.2      60 ..      76   AGTATTTTCTGAGCC              TGATGG ATTTA CAGTGA              TCTTCAGTGGTCTGG
 3.5      66 ..      77   TTCTGAGCCTGATGG                ATT TACAGT GAT                 CTTCAGTGGTCTGGG
 1.2      65 ..      78   TTTCTGAGCCTGATG               GATT TACAGT GATC                TTCAGTGGTCTGGGG
 2.5      64 ..      79   TTTTCTGAGCCTGAT              GGATT TACAGT GATCT               TCAGTGGTCTGGGGA
 3.9      70 ..      80   GAGCCTGATGGATTT                ACAG TGAT CT-T                 CAGTGGTCTGGGGAA
 5.3      61 ..      81   GTATTTTCTGAGCCT           GATGGATT TACAGT GATCT-TC            AGTGGTCTGGGGAAx
 4.4      60 ..      82   AGTATTTTCTGAGCC          TGATGGATT TACAGT GATCT-TCA           GTGGTCTGGGGAAxx
 0.4      73 ..      83   CCTGATGGATTTACA                 GTGA TCT TCAG                 TGGTCTGGGGAAxxx
-0.5      72 ..      84   GCCTGATGGATTTAC                AGTGA TCT TCAGT                GGTCTGGGGAAxxxx
-2.8      71 ..      85   AGCCTGATGGATTTA               CAGTGA TCT TCAGTG               GTCTGGGGAAxxxxx
 0.7      70 ..      86   GAGCCTGATGGATTT              ACAGTGA TCT TCAGTGG              TCTGGGGAAxxxxxx
 2.1      76 ..      87   GATGGATTTACAGTG                ATC TTCAGT GGT                 CTGGGGAAxxxxxxx
-0.2      75 ..      88   TGATGGATTTACAGT               GATC TTCAGT GGTC                TGGGGAAxxxxxxxx
 3.3      74 ..      89   CTGATGGATTTACAG              TGATC TTCAGT GGTCT               GGGGAAxxxxxxxxx
 2.5      80 ..      90   GATTTACAGTGATCT                TCAG TGGT CTG-                 GGGAAxxxxxxxxxx
-2.2      80 ..      91   GATTTACAGTGATCT                TCAG TGGT CTGG                 GGAAxxxxxxxxxxx
-0.9      79 ..      92   GGATTTACAGTGATC               TTCAG TGGT CTGGG                GAAxxxxxxxxxxxx
-3.2      78 ..      93   TGGATTTACAGTGAT              CTTCAG TGGT CTGGGG               AAxxxxxxxxxxxxx
-4.1      77 ..      94   ATGGATTTACAGTGA             TCTTCAG TGGT CTGGGGA              Axxxxxxxxxxxxxx
