>AE008384.1:2036681-2036780 Methanosarcina mazei strain Goe1, complete genome FORWARD
None       1 ..      11   xxxxxxxxxxxxxxx                  TAGATCGGGGT                  CGGCGACCCTCTGGG
 6.1       2 ..      12   xxxxxxxxxxxxxxT                AGAT CGGG GTC-                 GGCGACCCTCTGGGT
 3.6       2 ..      13   xxxxxxxxxxxxxxT                AGAT CGGG GTCG                 GCGACCCTCTGGGTA
 4.7       4 ..      14   xxxxxxxxxxxxTAG                ATCG GGGT CGG-                 CGACCCTCTGGGTAT
 2.2       4 ..      15   xxxxxxxxxxxxTAG                ATCG GGGT CGGC                 GACCCTCTGGGTATG
 0.4       6 ..      16   xxxxxxxxxxTAGAT                 CG GGGTCGG CG                 ACCCTCTGGGTATGC
-0.5       5 ..      17   xxxxxxxxxxxTAGA                TCG GGGTCGG CGA                CCCTCTGGGTATGCC
   3       4 ..      18   xxxxxxxxxxxxTAG               ATCG GGGTCGG CGAC               CCTCTGGGTATGCCG
-6.8       9 ..      19   xxxxxxxTAGATCGG                 GGTC GGC GACC                 CTCTGGGTATGCCGA
-9.1       8 ..      20   xxxxxxxxTAGATCG                GGGTC GGC GACCC                TCTGGGTATGCCGAT
-7.8       7 ..      21   xxxxxxxxxTAGATC               GGGGTC GGC GACCCT               CTGGGTATGCCGATC
-5.4       7 ..      22   xxxxxxxxxTAGATC              G-GGGTC GGC GACCCTC              TGGGTATGCCGATCT
-1.9       6 ..      23   xxxxxxxxxxTAGAT             CG-GGGTC GGC GACCCTCT             GGGTATGCCGATCTC
-1.7       6 ..      24   xxxxxxxxxxTAGAT            C-G-GGGTC GGC GACCCTCTG            GGTATGCCGATCTCC
-0.4       5 ..      25   xxxxxxxxxxxTAGA           TC-G-GGGTC GGC GACCCTCTGG           GTATGCCGATCTCCC
 3.1       4 ..      26   xxxxxxxxxxxxTAG          ATC-G-GGGTC GGC GACCCTCTGGG          TATGCCGATCTCCCA
-6.8      17 ..      27   AGATCGGGGTCGGCG                 ACCC TCT GGGT                 ATGCCGATCTCCCAC
-3.3      16 ..      28   TAGATCGGGGTCGGC                GACCC TCT GGGTA                TGCCGATCTCCCACA
 0.2      15 ..      29   xTAGATCGGGGTCGG               CGACCC TCT GGGTAT               GCCGATCTCCCACAT
-1.8      15 ..      30   xTAGATCGGGGTCGG              CG-ACCC TCT GGGTATG              CCGATCTCCCACATA
-4.1      14 ..      31   xxTAGATCGGGGTCG             GCG-ACCC TCT GGGTATGC             CGATCTCCCACATAA
-6.4      13 ..      32   xxxTAGATCGGGGTC            GGCG-ACCC TCT GGGTATGCC            GATCTCCCACATAAT
-8.7      12 ..      33   xxxxTAGATCGGGGT           CGGCG-ACCC TCT GGGTATGCCG           ATCTCCCACATAATG
-9.6      11 ..      34   xxxxxTAGATCGGGG          TCGGCG-ACCC TCT GGGTATGCCGA          TCTCCCACATAATGG
-8.3      10 ..      35   xxxxxxTAGATCGGG         GTCGGCG-ACCC TCT GGGTATGCCGAT         CTCCCACATAATGGC
-10.6       9 ..      36   xxxxxxxTAGATCGG        GGTCGGCG-ACCC TCT GGGTATGCCGATC        TCCCACATAATGGCC
-9.3       8 ..      37   xxxxxxxxTAGATCG       GGGTCGGCG-ACCC TCT GGGTATGCCGATCT       CCCACATAATGGCCT
-11.6       7 ..      38   xxxxxxxxxTAGATC      GGGGTCGGCG-ACCC TCT GGGTATGCCGATCTC      CCACATAATGGCCTC
-9.2       7 ..      39   xxxxxxxxxTAGATC     GG-GGTCGGCG-ACCC TCT GGGTATGCCGATCTCC     CACATAATGGCCTCA
-6.8       7 ..      40   xxxxxxxxxTAGATC    GGG-G-TCGGCG-ACCC TCT GGGTATGCCGATCTCCC    ACATAATGGCCTCAG
-6.6       5 ..      41   xxxxxxxxxxxTAGA   TCGG-GGTCGGCG-ACCC TCT GGGTATGCCGATCTCCCA   CATAATGGCCTCAGG
-3.4       3 ..      42   xxxxxxxxxxxxxTA  GATCGGGGTCGGCG-ACCC TCT GGGTATGCCGATCTCCCAC  ATAATGGCCTCAGGC
 0.1       2 ..      43   xxxxxxxxxxxxxxT AGATCGGGGTCGGCG-ACCC TCT GGGTATGCCGATCTCCCACA TAATGGCCTCAGGCA
-0.5       2 ..      44   xxxxxxxxxxxxxxT AGATCGG-GGTCGGCG-ACCC TCT GGGTATGCCGATCTCCCACAT AATGGCCTCAGGCAT
-1.4       1 ..      45   xxxxxxxxxxxxxxx TAGATCGG-GGTCGGCG-ACCC TCT GGGTATGCCGATCTCCCACATA ATGGCCTCAGGCATG
 4.6       1 ..      46   xxxxxxxxxxxxxxx T-AGATCGG-GGTCGGCG-ACCC TCT GGGTATGCCGATCTCCCACATAA TGGCCTCAGGCATGA
 6.2      34 ..      47   CCTCTGGGTATGCCG               AT CTCCCACATA AT                GGCCTCAGGCATGAC
 4.7      38 ..      48   TGGGTATGCCGATCT                 C CCACATAAT G                 GCCTCAGGCATGACA
-2.5      39 ..      49   GGGTATGCCGATCTC                 CCA CATAA TGG                 CCTCAGGCATGACAG
   1      38 ..      50   TGGGTATGCCGATCT                CCCA CATAA TGGC                CTCAGGCATGACAGG
 4.5      37 ..      51   CTGGGTATGCCGATC               TCCCA CATAA TGGCC               TCAGGCATGACAGGA
 5.2      28 ..      52   GGCGACCCTCTGGGT          ATGCCGATCT CCCAC ATAATGGCCT          CAGGCATGACAGGAA
 8.6      42 ..      53   TATGCCGATCTCCCA                CA TAATGGCC TC                 AGGCATGACAGGAAT
 4.7      44 ..      54   TGCCGATCTCCCACA                 TAA TGGCC TCA                 GGCATGACAGGAATG
 7.7      42 ..      55   TATGCCGATCTCCCA               C ATAATGGCCTCA G                GCATGACAGGAATGA
 5.8      45 ..      56   GCCGATCTCCCACAT                AATG GCCT CAGG                 CATGACAGGAATGAG
 6.1      47 ..      57   CGATCTCCCACATAA                TGGCC TCA GGC--                ATGACAGGAATGAGA
-2.4      48 ..      58   GATCTCCCACATAAT                 GGCC TCA GGCA                 TGACAGGAATGAGAG
-1.7      46 ..      59   CCGATCTCCCACATA               ATGGCC TCA GGC-AT               GACAGGAATGAGAGC
 1.8      45 ..      60   GCCGATCTCCCACAT              AATGGCC TCA GGC-ATG              ACAGGAATGAGAGCA
 0.9      44 ..      61   TGCCGATCTCCCACA             TAATGGCC TCA GGC-ATGA             CAGGAATGAGAGCAG
 1.4      51 ..      62   CTCCCACATAATGGC                CTCA GGCA TGAC                 AGGAATGAGAGCAGC
 3.6      47 ..      63   CGATCTCCCACATAA              TGGCCT CAGGC ATGACA              GGAATGAGAGCAGCA
 2.9      53 ..      64   CCCACATAATGGCCT                CAG GCATGA CAG                 GAATGAGAGCAGCAG
 2.5      50 ..      65   TCTCCCACATAATGG              CCT CAGGCATGAC AGG               AATGAGAGCAGCAGG
 4.5      52 ..      66   TCCCACATAATGGCC               TCAGG CATGA CAGGA               ATGAGAGCAGCAGGA
   8      51 ..      67   CTCCCACATAATGGC              CTCAGG CATGA CAGGAA              TGAGAGCAGCAGGAG
 3.2      58 ..      68   ATAATGGCCTCAGGC                 AT GACAGGA AT                 GAGAGCAGCAGGAGA
 0.9      57 ..      69   CATAATGGCCTCAGG                CAT GACAGGA ATG                AGAGCAGCAGGAGAC
 4.2      52 ..      70   TCCCACATAATGGCC             TCAGGCAT GAC AGGAATGA             GAGCAGCAGGAGACC
 1.9      51 ..      71   CTCCCACATAATGGC            CTCAGGCAT GAC AGGAATGAG            AGCAGCAGGAGACCT
 4.9      59 ..      72   TAATGGCCTCAGGCA               TGACA GGAA TGAGA                GCAGCAGGAGACCTT
 5.6      50 ..      73   TCTCCCACATAATGG          C-CTCAGGCAT GAC AGGAATGAGAG          CAGCAGGAGACCTTG
 3.3      49 ..      74   ATCTCCCACATAATG         GC-CTCAGGCAT GAC AGGAATGAGAGC         AGCAGGAGACCTTGT
 5.7      47 ..      75   CGATCTCCCACATAA        TGGCCTCAGGCAT GAC AGGAATGAGAGCA        GCAGGAGACCTTGTT
 5.9      62 ..      76   TGGCCTCAGGCATGA               CAG GAATGAGAG CAG               CAGGAGACCTTGTTG
 5.8      66 ..      77   CTCAGGCATGACAGG                AATG AGAG CAGC                 AGGAGACCTTGTTGC
 1.8      68 ..      78   CAGGCATGACAGGAA                 TG AGAGCAG CA                 GGAGACCTTGTTGCA
 5.3      67 ..      79   TCAGGCATGACAGGA                ATG AGAGCAG CAG                GAGACCTTGTTGCAA
 8.8      66 ..      80   CTCAGGCATGACAGG               AATG AGAGCAG CAGG               AGACCTTGTTGCAAG
None      71 ..      81   GCATGACAGGAATGA                  GAGCAGCAGGA                  GACCTTGTTGCAAGG
 7.7      72 ..      82   CATGACAGGAATGAG                 AGC AGCAG GAG                 ACCTTGTTGCAAGGA
 6.2      73 ..      83   ATGACAGGAATGAGA                 GC AGCAGGA GA                 CCTTGTTGCAAGGAT
 5.7      73 ..      84   ATGACAGGAATGAGA                G CAGCAGGAGA C                 CTTGTTGCAAGGATG
 6.2      75 ..      85   GACAGGAATGAGAGC                 AG CAGGAGA CC                 TTGTTGCAAGGATGC
 2.8      75 ..      86   GACAGGAATGAGAGC                AG CAGGAGAC CT                 TGTTGCAAGGATGCx
  -1      77 ..      87   CAGGAATGAGAGCAG                 CAGG AGA CCTT                 GTTGCAAGGATGCxx
-2.2      77 ..      88   CAGGAATGAGAGCAG                CAGG AGAC CTTG                 TTGCAAGGATGCxxx
-0.9      76 ..      89   ACAGGAATGAGAGCA               GCAGG AGAC CTTGT                TGCAAGGATGCxxxx
-1.8      75 ..      90   GACAGGAATGAGAGC              AGCAGG AGAC CTTGTT               GCAAGGATGCxxxxx
-4.1      74 ..      91   TGACAGGAATGAGAG             CAGCAGG AGAC CTTGTTG              CAAGGATGCxxxxxx
-6.4      73 ..      92   ATGACAGGAATGAGA            GCAGCAGG AGAC CTTGTTGC             AAGGATGCxxxxxxx
-2.9      72 ..      93   CATGACAGGAATGAG           AGCAGCAGG AGAC CTTGTTGCA            AGGATGCxxxxxxxx
 0.6      71 ..      94   GCATGACAGGAATGA          GAGCAGCAGG AGAC CTTGTTGCAA           GGATGCxxxxxxxxx
-5.4      85 ..      95   AGAGCAGCAGGAGAC                 CTTG TTG CAAG                 GATGCxxxxxxxxxx
-7.7      84 ..      96   GAGAGCAGCAGGAGA                CCTTG TTG CAAGG                ATGCxxxxxxxxxxx
-4.2      83 ..      97   TGAGAGCAGCAGGAG               ACCTTG TTG CAAGGA               TGCxxxxxxxxxxxx
-2.9      82 ..      98   ATGAGAGCAGCAGGA              GACCTTG TTG CAAGGAT              GCxxxxxxxxxxxxx
 0.6      81 ..      99   AATGAGAGCAGCAGG             AGACCTTG TTG CAAGGATG             Cxxxxxxxxxxxxxx
