>URS0000D68353 ncRNA from 1 species FORWARD
None       1 ..      11   xxxxxxxxxxxxxxx                  CUAGAUACAAA                  UAAAUAGGCUUUUAU
None       2 ..      12   xxxxxxxxxxxxxxC                  UAGAUACAAAU                  AAAUAGGCUUUUAUU
None       3 ..      13   xxxxxxxxxxxxxCU                  AGAUACAAAUA                  AAUAGGCUUUUAUUA
None       4 ..      14   xxxxxxxxxxxxCUA                  GAUACAAAUAA                  AUAGGCUUUUAUUAU
None       5 ..      15   xxxxxxxxxxxCUAG                  AUACAAAUAAA                  UAGGCUUUUAUUAUA
None       6 ..      16   xxxxxxxxxxCUAGA                  UACAAAUAAAU                  AGGCUUUUAUUAUAA
None       7 ..      17   xxxxxxxxxCUAGAU                  ACAAAUAAAUA                  GGCUUUUAUUAUAAA
 4.7       8 ..      18   xxxxxxxxCUAGAUA                 C AAAUAAAUA G                 GCUUUUAUUAUAAAU
 5.7       8 ..      19   xxxxxxxxCUAGAUA                C AAAUAAAUAG G                 CUUUUAUUAUAAAUA
None      10 ..      20   xxxxxxCUAGAUACA                  AAUAAAUAGGC                  UUUUAUUAUAAAUAU
None      11 ..      21   xxxxxCUAGAUACAA                  AUAAAUAGGCU                  UUUAUUAUAAAUAUA
None      12 ..      22   xxxxCUAGAUACAAA                  UAAAUAGGCUU                  UUAUUAUAAAUAUAU
None      13 ..      23   xxxCUAGAUACAAAU                  AAAUAGGCUUU                  UAUUAUAAAUAUAUG
None      14 ..      24   xxCUAGAUACAAAUA                  AAUAGGCUUUU                  AUUAUAAAUAUAUGC
None      15 ..      25   xCUAGAUACAAAUAA                  AUAGGCUUUUA                  UUAUAAAUAUAUGCA
None      16 ..      26   CUAGAUACAAAUAAA                  UAGGCUUUUAU                  UAUAAAUAUAUGCAC
None      17 ..      27   UAGAUACAAAUAAAU                  AGGCUUUUAUU                  AUAAAUAUAUGCACA
None      18 ..      28   AGAUACAAAUAAAUA                  GGCUUUUAUUA                  UAAAUAUAUGCACAA
None      19 ..      29   GAUACAAAUAAAUAG                  GCUUUUAUUAU                  AAAUAUAUGCACAAC
None      20 ..      30   AUACAAAUAAAUAGG                  CUUUUAUUAUA                  AAUAUAUGCACAACG
None      21 ..      31   UACAAAUAAAUAGGC                  UUUUAUUAUAA                  AUAUAUGCACAACGU
None      22 ..      32   ACAAAUAAAUAGGCU                  UUUAUUAUAAA                  UAUAUGCACAACGUU
None      23 ..      33   CAAAUAAAUAGGCUU                  UUAUUAUAAAU                  AUAUGCACAACGUUU
None      24 ..      34   AAAUAAAUAGGCUUU                  UAUUAUAAAUA                  UAUGCACAACGUUUA
None      25 ..      35   AAUAAAUAGGCUUUU                  AUUAUAAAUAU                  AUGCACAACGUUUAU
None      26 ..      36   AUAAAUAGGCUUUUA                  UUAUAAAUAUA                  UGCACAACGUUUAUA
None      27 ..      37   UAAAUAGGCUUUUAU                  UAUAAAUAUAU                  GCACAACGUUUAUAG
None      28 ..      38   AAAUAGGCUUUUAUU                  AUAAAUAUAUG                  CACAACGUUUAUAGU
None      29 ..      39   AAUAGGCUUUUAUUA                  UAAAUAUAUGC                  ACAACGUUUAUAGUA
None      30 ..      40   AUAGGCUUUUAUUAU                  AAAUAUAUGCA                  CAACGUUUAUAGUAA
None      31 ..      41   UAGGCUUUUAUUAUA                  AAUAUAUGCAC                  AACGUUUAUAGUAAA
None      32 ..      42   AGGCUUUUAUUAUAA                  AUAUAUGCACA                  ACGUUUAUAGUAAAA
None      33 ..      43   GGCUUUUAUUAUAAA                  UAUAUGCACAA                  CGUUUAUAGUAAAAG
None      34 ..      44   GCUUUUAUUAUAAAU                  AUAUGCACAAC                  GUUUAUAGUAAAAGC
None      35 ..      45   CUUUUAUUAUAAAUA                  UAUGCACAACG                  UUUAUAGUAAAAGCA
 7.7      36 ..      46   UUUUAUUAUAAAUAU                 AUG CACAA CGU                 UUAUAGUAAAAGCAG
 7.7      37 ..      47   UUUAUUAUAAAUAUA                 UGC ACAAC GUU                 UAUAGUAAAAGCAGU
None      38 ..      48   UUAUUAUAAAUAUAU                  GCACAACGUUU                  AUAGUAAAAGCAGUC
None      39 ..      49   UAUUAUAAAUAUAUG                  CACAACGUUUA                  UAGUAAAAGCAGUCA
None      40 ..      50   AUUAUAAAUAUAUGC                  ACAACGUUUAU                  AGUAAAAGCAGUCAU
None      41 ..      51   UUAUAAAUAUAUGCA                  CAACGUUUAUA                  GUAAAAGCAGUCAUA
 5.7      41 ..      52   UUAUAAAUAUAUGCA                C AACGUUUAUA G                 UAAAAGCAGUCAUAG
 6.2      43 ..      53   AUAAAUAUAUGCACA                 AC GUUUAUA GU                 AAAAGCAGUCAUAGC
None      44 ..      54   UAAAUAUAUGCACAA                  CGUUUAUAGUA                  AAAGCAGUCAUAGCA
None      45 ..      55   AAAUAUAUGCACAAC                  GUUUAUAGUAA                  AAGCAGUCAUAGCAG
None      46 ..      56   AAUAUAUGCACAACG                  UUUAUAGUAAA                  AGCAGUCAUAGCAGA
None      47 ..      57   AUAUAUGCACAACGU                  UUAUAGUAAAA                  GCAGUCAUAGCAGAG
 8.7      44 ..      58   UAAAUAUAUGCACAA               C GUUUAUAGUAAAA G               CAGUCAUAGCAGAGA
 8.7      45 ..      59   AAAUAUAUGCACAAC               G UUUAUAGUAAAAG C               AGUCAUAGCAGAGAA
None      50 ..      60   UAUGCACAACGUUUA                  UAGUAAAAGCA                  GUCAUAGCAGAGAAG
 8.7      50 ..      61   UAUGCACAACGUUUA                UAG UAAAAG CAG                 UCAUAGCAGAGAAGG
None      52 ..      62   UGCACAACGUUUAUA                  GUAAAAGCAGU                  CAUAGCAGAGAAGGA
 5.7      52 ..      63   UGCACAACGUUUAUA                G UAAAAGCAGU C                 AUAGCAGAGAAGGAA
None      54 ..      64   CACAACGUUUAUAGU                  AAAAGCAGUCA                  UAGCAGAGAAGGAAU
None      55 ..      65   ACAACGUUUAUAGUA                  AAAGCAGUCAU                  AGCAGAGAAGGAAUC
None      56 ..      66   CAACGUUUAUAGUAA                  AAGCAGUCAUA                  GCAGAGAAGGAAUCG
None      57 ..      67   AACGUUUAUAGUAAA                  AGCAGUCAUAG                  CAGAGAAGGAAUCGA
 0.4      58 ..      68   ACGUUUAUAGUAAAA                 GC AGUCAUA GC                 AGAGAAGGAAUCGAA
 3.9      57 ..      69   AACGUUUAUAGUAAA                AGC AGUCAUA GCA                GAGAAGGAAUCGAAU
 2.9      59 ..      70   CGUUUAUAGUAAAAG                CAG UCAUAG CAG                 AGAAGGAAUCGAAUU
 6.4      58 ..      71   ACGUUUAUAGUAAAA               GCAG UCAUAG CAGA                GAAGGAAUCGAAUUA
 7.7      59 ..      72   CGUUUAUAGUAAAAG               C AGUCAUAGCAGA G                AAGGAAUCGAAUUAA
 7.2      62 ..      73   UUAUAGUAAAAGCAG                UC AUAGCAGA GA                 AGGAAUCGAAUUAAA
None      64 ..      74   AUAGUAAAAGCAGUC                  AUAGCAGAGAA                  GGAAUCGAAUUAAAA
 6.7      63 ..      75   UAUAGUAAAAGCAGU                C AUAGCAGAGAA G                GAAUCGAAUUAAAAC
 7.7      63 ..      76   UAUAGUAAAAGCAGU               C AUAGCAGAGAAG G                AAUCGAAUUAAAACC
 6.2      67 ..      77   GUAAAAGCAGUCAUA                 GC AGAGAAG GA                 AUCGAAUUAAAACCU
None      68 ..      78   UAAAAGCAGUCAUAG                  CAGAGAAGGAA                  UCGAAUUAAAACCUU
None      69 ..      79   AAAAGCAGUCAUAGC                  AGAGAAGGAAU                  CGAAUUAAAACCUUU
 4.7      70 ..      80   AAAGCAGUCAUAGCA                 G AGAAGGAAU C                 GAAUUAAAACCUUUA
 6.2      71 ..      81   AAGCAGUCAUAGCAG                 AG AAGGAAU CG                 AAUUAAAACCUUUAU
None      72 ..      82   AGCAGUCAUAGCAGA                  GAAGGAAUCGA                  AUUAAAACCUUUAUC
None      73 ..      83   GCAGUCAUAGCAGAG                  AAGGAAUCGAA                  UUAAAACCUUUAUCA
None      74 ..      84   CAGUCAUAGCAGAGA                  AGGAAUCGAAU                  UAAAACCUUUAUCAA
None      75 ..      85   AGUCAUAGCAGAGAA                  GGAAUCGAAUU                  AAAACCUUUAUCAAU
None      76 ..      86   GUCAUAGCAGAGAAG                  GAAUCGAAUUA                  AAACCUUUAUCAAUA
None      77 ..      87   UCAUAGCAGAGAAGG                  AAUCGAAUUAA                  AACCUUUAUCAAUAU
None      78 ..      88   CAUAGCAGAGAAGGA                  AUCGAAUUAAA                  ACCUUUAUCAAUAUG
None      79 ..      89   AUAGCAGAGAAGGAA                  UCGAAUUAAAA                  CCUUUAUCAAUAUGG
 8.7      76 ..      90   GUCAUAGCAGAGAAG               G AAUCGAAUUAAAA C               CUUUAUCAAUAUGGC
 4.7      81 ..      91   AGCAGAGAAGGAAUC                 G AAUUAAAAC C                 UUUAUCAAUAUGGCC
 8.2      80 ..      92   UAGCAGAGAAGGAAU                CG AAUUAAAAC CU                UUAUCAAUAUGGCCA
None      83 ..      93   CAGAGAAGGAAUCGA                  AUUAAAACCUU                  UAUCAAUAUGGCCAA
None      84 ..      94   AGAGAAGGAAUCGAA                  UUAAAACCUUU                  AUCAAUAUGGCCAAA
None      85 ..      95   GAGAAGGAAUCGAAU                  UAAAACCUUUA                  UCAAUAUGGCCAAAA
None      86 ..      96   AGAAGGAAUCGAAUU                  AAAACCUUUAU                  CAAUAUGGCCAAAAU
None      87 ..      97   GAAGGAAUCGAAUUA                  AAACCUUUAUC                  AAUAUGGCCAAAAUU
None      88 ..      98   AAGGAAUCGAAUUAA                  AACCUUUAUCA                  AUAUGGCCAAAAUUG
None      89 ..      99   AGGAAUCGAAUUAAA                  ACCUUUAUCAA                  UAUGGCCAAAAUUGA
None      90 ..     100   GGAAUCGAAUUAAAA                  CCUUUAUCAAU                  AUGGCCAAAAUUGAU
None      91 ..     101   GAAUCGAAUUAAAAC                  CUUUAUCAAUA                  UGGCCAAAAUUGAUA
None      92 ..     102   AAUCGAAUUAAAACC                  UUUAUCAAUAU                  GGCCAAAAUUGAUAA
 6.7      91 ..     103   GAAUCGAAUUAAAAC                C UUUAUCAAUAU G                GCCAAAAUUGAUAAU
 4.4      90 ..     104   GGAAUCGAAUUAAAA               CC UUUAUCAAUAU GG               CCAAAAUUGAUAAUA
 7.7      95 ..     105   CGAAUUAAAACCUUU                 AUC AAUAU GGC                 CAAAAUUGAUAAUAU
 8.7      95 ..     106   CGAAUUAAAACCUUU                AUC AAUAUG GCC                 AAAAUUGAUAAUAUU
None      97 ..     107   AAUUAAAACCUUUAU                  CAAUAUGGCCA                  AAAUUGAUAAUAUUC
None      98 ..     108   AUUAAAACCUUUAUC                  AAUAUGGCCAA                  AAUUGAUAAUAUUCC
None      99 ..     109   UUAAAACCUUUAUCA                  AUAUGGCCAAA                  AUUGAUAAUAUUCCU
None     100 ..     110   UAAAACCUUUAUCAA                  UAUGGCCAAAA                  UUGAUAAUAUUCCUU
None     101 ..     111   AAAACCUUUAUCAAU                  AUGGCCAAAAU                  UGAUAAUAUUCCUUG
None     102 ..     112   AAACCUUUAUCAAUA                  UGGCCAAAAUU                  GAUAAUAUUCCUUGC
None     103 ..     113   AACCUUUAUCAAUAU                  GGCCAAAAUUG                  AUAAUAUUCCUUGCA
 6.2     104 ..     114   ACCUUUAUCAAUAUG                 GC CAAAAUU GA                 UAAUAUUCCUUGCAA
 8.7     104 ..     115   ACCUUUAUCAAUAUG                GCC AAAAUU GAU                 AAUAUUCCUUGCAAU
None     106 ..     116   CUUUAUCAAUAUGGC                  CAAAAUUGAUA                  AUAUUCCUUGCAAUA
None     107 ..     117   UUUAUCAAUAUGGCC                  AAAAUUGAUAA                  UAUUCCUUGCAAUAG
None     108 ..     118   UUAUCAAUAUGGCCA                  AAAUUGAUAAU                  AUUCCUUGCAAUAGC
None     109 ..     119   UAUCAAUAUGGCCAA                  AAUUGAUAAUA                  UUCCUUGCAAUAGCA
None     110 ..     120   AUCAAUAUGGCCAAA                  AUUGAUAAUAU                  UCCUUGCAAUAGCAU
None     111 ..     121   UCAAUAUGGCCAAAA                  UUGAUAAUAUU                  CCUUGCAAUAGCAUG
None     112 ..     122   CAAUAUGGCCAAAAU                  UGAUAAUAUUC                  CUUGCAAUAGCAUGU
 4.7     113 ..     123   AAUAUGGCCAAAAUU                 G AUAAUAUUC C                 UUGCAAUAGCAUGUU
 8.2     112 ..     124   CAAUAUGGCCAAAAU                UG AUAAUAUUC CU                UGCAAUAGCAUGUUA
None     115 ..     125   UAUGGCCAAAAUUGA                  UAAUAUUCCUU                  GCAAUAGCAUGUUAG
None     116 ..     126   AUGGCCAAAAUUGAU                  AAUAUUCCUUG                  CAAUAGCAUGUUAGG
 8.7     113 ..     127   AAUAUGGCCAAAAUU               G AUAAUAUUCCUUG C               AAUAGCAUGUUAGGU
None     118 ..     128   GGCCAAAAUUGAUAA                  UAUUCCUUGCA                  AUAGCAUGUUAGGUU
None     119 ..     129   GCCAAAAUUGAUAAU                  AUUCCUUGCAA                  UAGCAUGUUAGGUUC
None     120 ..     130   CCAAAAUUGAUAAUA                  UUCCUUGCAAU                  AGCAUGUUAGGUUCG
None     121 ..     131   CAAAAUUGAUAAUAU                  UCCUUGCAAUA                  GCAUGUUAGGUUCGC
 4.7     122 ..     132   AAAAUUGAUAAUAUU                 C CUUGCAAUA G                 CAUGUUAGGUUCGCA
 7.2     122 ..     133   AAAAUUGAUAAUAUU                CC UUGCAAUA GC                 AUGUUAGGUUCGCAU
 6.9     124 ..     134   AAUUGAUAAUAUUCC                UUGC AAUA GCA-                 UGUUAGGUUCGCAUG
 4.4     124 ..     135   AAUUGAUAAUAUUCC                UUGC AAUA GCAU                 GUUAGGUUCGCAUGG
 2.1     123 ..     136   AAAUUGAUAAUAUUC               CUUGC AAUA GCAUG                UUAGGUUCGCAUGGU
 5.6     122 ..     137   AAAAUUGAUAAUAUU              CCUUGC AAUA GCAUGU               UAGGUUCGCAUGGUG
None     128 ..     138   GAUAAUAUUCCUUGC                  AAUAGCAUGUU                  AGGUUCGCAUGGUGC
None     129 ..     139   AUAAUAUUCCUUGCA                  AUAGCAUGUUA                  GGUUCGCAUGGUGCA
 7.7     127 ..     140   UGAUAAUAUUCCUUG               C AAUAGCAUGUUA G                GUUCGCAUGGUGCAC
 8.7     127 ..     141   UGAUAAUAUUCCUUG               C AAUAGCAUGUUAG G               UUCGCAUGGUGCACU
 6.2     132 ..     142   AUAUUCCUUGCAAUA                 GC AUGUUAG GU                 UCGCAUGGUGCACUA
None     133 ..     143   UAUUCCUUGCAAUAG                  CAUGUUAGGUU                  CGCAUGGUGCACUAU
 6.7     132 ..     144   AUAUUCCUUGCAAUA                G CAUGUUAGGUU C                GCAUGGUGCACUAUU
 6.2     135 ..     145   UUCCUUGCAAUAGCA                 UG UUAGGUU CG                 CAUGGUGCACUAUUG
 4.4     132 ..     146   AUAUUCCUUGCAAUA               GC AUGUUAGGUUC GC               AUGGUGCACUAUUGU
 7.9     131 ..     147   AAUAUUCCUUGCAAU              AGC AUGUUAGGUUC GCA              UGGUGCACUAUUGUG
 7.7     138 ..     148   CUUGCAAUAGCAUGU                 UAG GUUCG CAU                 GGUGCACUAUUGUGU
None     139 ..     149   UUGCAAUAGCAUGUU                  AGGUUCGCAUG                  GUGCACUAUUGUGUU
None     140 ..     150   UGCAAUAGCAUGUUA                  GGUUCGCAUGG                  UGCACUAUUGUGUUA
None     141 ..     151   GCAAUAGCAUGUUAG                  GUUCGCAUGGU                  GCACUAUUGUGUUAU
 7.7     142 ..     152   CAAUAGCAUGUUAGG                 UUC GCAUG GUG                 CACUAUUGUGUUAUU
 3.4     143 ..     153   AAUAGCAUGUUAGGU                 UCGC AUG GUGC                 ACUAUUGUGUUAUUA
 1.9     144 ..     154   AUAGCAUGUUAGGUU                 CGC AUGGU GCA                 CUAUUGUGUUAUUAG
 4.6     141 ..     155   GCAAUAGCAUGUUAG               GUUCGC AUG GUGCAC               UAUUGUGUUAUUAGU
 8.1     140 ..     156   UGCAAUAGCAUGUUA              GGUUCGC AUG GUGCACU              AUUGUGUUAUUAGUA
 7.7     147 ..     157   GCAUGUUAGGUUCGC                 AUG GUGCA CUA                 UUGUGUUAUUAGUAA
None     148 ..     158   CAUGUUAGGUUCGCA                  UGGUGCACUAU                  UGUGUUAUUAGUAAC
None     149 ..     159   AUGUUAGGUUCGCAU                  GGUGCACUAUU                  GUGUUAUUAGUAACU
 8.7     146 ..     160   AGCAUGUUAGGUUCG               C AUGGUGCACUAUU G               UGUUAUUAGUAACUA
None     151 ..     161   GUUAGGUUCGCAUGG                  UGCACUAUUGU                  GUUAUUAGUAACUAA
 6.9     152 ..     162   UUAGGUUCGCAUGGU                GCAC UAUU GUG-                 UUAUUAGUAACUAAG
 4.4     152 ..     163   UUAGGUUCGCAUGGU                GCAC UAUU GUGU                 UAUUAGUAACUAAGU
 7.9     151 ..     164   GUUAGGUUCGCAUGG               UGCAC UAUU GUGUU                AUUAGUAACUAAGUA
None     155 ..     165   GGUUCGCAUGGUGCA                  CUAUUGUGUUA                  UUAGUAACUAAGUAA
None     156 ..     166   GUUCGCAUGGUGCAC                  UAUUGUGUUAU                  UAGUAACUAAGUAAG
None     157 ..     167   UUCGCAUGGUGCACU                  AUUGUGUUAUU                  AGUAACUAAGUAAGC
None     158 ..     168   UCGCAUGGUGCACUA                  UUGUGUUAUUA                  GUAACUAAGUAAGCU
 8.7     155 ..     169   GGUUCGCAUGGUGCA               C UAUUGUGUUAUUA G               UAACUAAGUAAGCUU
None     160 ..     170   GCAUGGUGCACUAUU                  GUGUUAUUAGU                  AACUAAGUAAGCUUA
None     161 ..     171   CAUGGUGCACUAUUG                  UGUUAUUAGUA                  ACUAAGUAAGCUUAC
None     162 ..     172   AUGGUGCACUAUUGU                  GUUAUUAGUAA                  CUAAGUAAGCUUACA
 5.7     162 ..     173   AUGGUGCACUAUUGU                G UUAUUAGUAA C                 UAAGUAAGCUUACAA
None     164 ..     174   GGUGCACUAUUGUGU                  UAUUAGUAACU                  AAGUAAGCUUACAAU
None     165 ..     175   GUGCACUAUUGUGUU                  AUUAGUAACUA                  AGUAAGCUUACAAUC
None     166 ..     176   UGCACUAUUGUGUUA                  UUAGUAACUAA                  GUAAGCUUACAAUCG
None     167 ..     177   GCACUAUUGUGUUAU                  UAGUAACUAAG                  UAAGCUUACAAUCGA
None     168 ..     178   CACUAUUGUGUUAUU                  AGUAACUAAGU                  AAGCUUACAAUCGAA
None     169 ..     179   ACUAUUGUGUUAUUA                  GUAACUAAGUA                  AGCUUACAAUCGAAA
None     170 ..     180   CUAUUGUGUUAUUAG                  UAACUAAGUAA                  GCUUACAAUCGAAAA
None     171 ..     181   UAUUGUGUUAUUAGU                  AACUAAGUAAG                  CUUACAAUCGAAAAU
 6.2     172 ..     182   AUUGUGUUAUUAGUA                 AC UAAGUAA GC                 UUACAAUCGAAAAUG
None     173 ..     183   UUGUGUUAUUAGUAA                  CUAAGUAAGCU                  UACAAUCGAAAAUGU
None     174 ..     184   UGUGUUAUUAGUAAC                  UAAGUAAGCUU                  ACAAUCGAAAAUGUU
None     175 ..     185   GUGUUAUUAGUAACU                  AAGUAAGCUUA                  CAAUCGAAAAUGUUU
None     176 ..     186   UGUUAUUAGUAACUA                  AGUAAGCUUAC                  AAUCGAAAAUGUUUA
 7.2     176 ..     187   UGUUAUUAGUAACUA                AG UAAGCUUA CA                 AUCGAAAAUGUUUAA
None     178 ..     188   UUAUUAGUAACUAAG                  UAAGCUUACAA                  UCGAAAAUGUUUAAC
None     179 ..     189   UAUUAGUAACUAAGU                  AAGCUUACAAU                  CGAAAAUGUUUAACC
 7.7     177 ..     190   GUUAUUAGUAACUAA               G UAAGCUUACAAU C                GAAAAUGUUUAACCA
 7.2     180 ..     191   AUUAGUAACUAAGUA                AG CUUACAAU CG                 AAAAUGUUUAACCAU
 7.2     181 ..     192   UUAGUAACUAAGUAA                GC UUACAAUC GA                 AAAUGUUUAACCAUA
None     183 ..     193   AGUAACUAAGUAAGC                  UUACAAUCGAA                  AAUGUUUAACCAUAA
None     184 ..     194   GUAACUAAGUAAGCU                  UACAAUCGAAA                  AUGUUUAACCAUAAA
None     185 ..     195   UAACUAAGUAAGCUU                  ACAAUCGAAAA                  UGUUUAACCAUAAAA
None     186 ..     196   AACUAAGUAAGCUUA                  CAAUCGAAAAU                  GUUUAACCAUAAAAG
 5.7     186 ..     197   AACUAAGUAAGCUUA                C AAUCGAAAAU G                 UUUAACCAUAAAAGG
None     188 ..     198   CUAAGUAAGCUUACA                  AUCGAAAAUGU                  UUAACCAUAAAAGGG
 8.7     188 ..     199   CUAAGUAAGCUUACA                AUC GAAAAU GUU                 UAACCAUAAAAGGGU
None     190 ..     200   AAGUAAGCUUACAAU                  CGAAAAUGUUU                  AACCAUAAAAGGGUA
None     191 ..     201   AGUAAGCUUACAAUC                  GAAAAUGUUUA                  ACCAUAAAAGGGUAA
None     192 ..     202   GUAAGCUUACAAUCG                  AAAAUGUUUAA                  CCAUAAAAGGGUAAA
 6.7     191 ..     203   AGUAAGCUUACAAUC                G AAAAUGUUUAA C                CAUAAAAGGGUAAAA
 7.7     191 ..     204   AGUAAGCUUACAAUC               G AAAAUGUUUAAC C                AUAAAAGGGUAAAAU
 7.7     195 ..     205   AGCUUACAAUCGAAA                 AUG UUUAA CCA                 UAAAAGGGUAAAAUG
 8.7     195 ..     206   AGCUUACAAUCGAAA                AUG UUUAAC CAU                 AAAAGGGUAAAAUGG
None     197 ..     207   CUUACAAUCGAAAAU                  GUUUAACCAUA                  AAAGGGUAAAAUGGU
None     198 ..     208   UUACAAUCGAAAAUG                  UUUAACCAUAA                  AAGGGUAAAAUGGUG
None     199 ..     209   UACAAUCGAAAAUGU                  UUAACCAUAAA                  AGGGUAAAAUGGUGU
None     200 ..     210   ACAAUCGAAAAUGUU                  UAACCAUAAAA                  GGGUAAAAUGGUGUA
None     201 ..     211   CAAUCGAAAAUGUUU                  AACCAUAAAAG                  GGUAAAAUGGUGUAA
 5.4     202 ..     212   AAUCGAAAAUGUUUA                ACC AUAAAA GG-                 GUAAAAUGGUGUAAG
 0.4     203 ..     213   AUCGAAAAUGUUUAA                 CC AUAAAAG GG                 UAAAAUGGUGUAAGA
 3.9     202 ..     214   AAUCGAAAAUGUUUA                ACC AUAAAAG GGU                AAAAUGGUGUAAGAC
 7.4     201 ..     215   CAAUCGAAAAUGUUU               AACC AUAAAAG GGUA               AAAUGGUGUAAGACA
None     206 ..     216   GAAAAUGUUUAACCA                  UAAAAGGGUAA                  AAUGGUGUAAGACAG
None     207 ..     217   AAAAUGUUUAACCAU                  AAAAGGGUAAA                  AUGGUGUAAGACAGU
None     208 ..     218   AAAUGUUUAACCAUA                  AAAGGGUAAAA                  UGGUGUAAGACAGUC
None     209 ..     219   AAUGUUUAACCAUAA                  AAGGGUAAAAU                  GGUGUAAGACAGUCU
None     210 ..     220   AUGUUUAACCAUAAA                  AGGGUAAAAUG                  GUGUAAGACAGUCUG
None     211 ..     221   UGUUUAACCAUAAAA                  GGGUAAAAUGG                  UGUAAGACAGUCUGA
None     212 ..     222   GUUUAACCAUAAAAG                  GGUAAAAUGGU                  GUAAGACAGUCUGAU
None     213 ..     223   UUUAACCAUAAAAGG                  GUAAAAUGGUG                  UAAGACAGUCUGAUA
None     214 ..     224   UUAACCAUAAAAGGG                  UAAAAUGGUGU                  AAGACAGUCUGAUAC
None     215 ..     225   UAACCAUAAAAGGGU                  AAAAUGGUGUA                  AGACAGUCUGAUACU
None     216 ..     226   AACCAUAAAAGGGUA                  AAAUGGUGUAA                  GACAGUCUGAUACUA
None     217 ..     227   ACCAUAAAAGGGUAA                  AAUGGUGUAAG                  ACAGUCUGAUACUAA
None     218 ..     228   CCAUAAAAGGGUAAA                  AUGGUGUAAGA                  CAGUCUGAUACUAAC
None     219 ..     229   CAUAAAAGGGUAAAA                  UGGUGUAAGAC                  AGUCUGAUACUAACU
 6.2     220 ..     230   AUAAAAGGGUAAAAU                 GG UGUAAGA CA                 GUCUGAUACUAACUG
 7.7     221 ..     231   UAAAAGGGUAAAAUG                 GUG UAAGA CAG                 UCUGAUACUAACUGA
None     222 ..     232   AAAAGGGUAAAAUGG                  UGUAAGACAGU                  CUGAUACUAACUGAA
 4.7     223 ..     233   AAAGGGUAAAAUGGU                 G UAAGACAGU C                 UGAUACUAACUGAAA
 8.2     222 ..     234   AAAAGGGUAAAAUGG                UG UAAGACAGU CU                GAUACUAACUGAAAA
 7.7     225 ..     235   AGGGUAAAAUGGUGU                 AAG ACAGU CUG                 AUACUAACUGAAAAA
None     226 ..     236   GGGUAAAAUGGUGUA                  AGACAGUCUGA                  UACUAACUGAAAAAU
 7.7     227 ..     237   GGUAAAAUGGUGUAA                 GAC AGUCU GAU                 ACUAACUGAAAAAUA
None     228 ..     238   GUAAAAUGGUGUAAG                  ACAGUCUGAUA                  CUAACUGAAAAAUAA
 6.7     227 ..     239   GGUAAAAUGGUGUAA                G ACAGUCUGAUA C                UAACUGAAAAAUAAG
 6.2     230 ..     240   AAAAUGGUGUAAGAC                 AG UCUGAUA CU                 AACUGAAAAAUAAGU
None     231 ..     241   AAAUGGUGUAAGACA                  GUCUGAUACUA                  ACUGAAAAAUAAGUA
None     232 ..     242   AAUGGUGUAAGACAG                  UCUGAUACUAA                  CUGAAAAAUAAGUAU
 6.7     231 ..     243   AAAUGGUGUAAGACA                G UCUGAUACUAA C                UGAAAAAUAAGUAUC
 6.2     234 ..     244   UGGUGUAAGACAGUC                 UG AUACUAA CU                 GAAAAAUAAGUAUCU
 3.9     233 ..     245   AUGGUGUAAGACAGU                CUG AUACUAA CUG                AAAAAUAAGUAUCUx
 7.4     232 ..     246   AAUGGUGUAAGACAG               UCUG AUACUAA CUGA               AAAAUAAGUAUCUxx
 7.7     237 ..     247   UGUAAGACAGUCUGA                 UAC UAACU GAA                 AAAUAAGUAUCUxxx
None     238 ..     248   GUAAGACAGUCUGAU                  ACUAACUGAAA                  AAUAAGUAUCUxxxx
None     239 ..     249   UAAGACAGUCUGAUA                  CUAACUGAAAA                  AUAAGUAUCUxxxxx
None     240 ..     250   AAGACAGUCUGAUAC                  UAACUGAAAAA                  UAAGUAUCUxxxxxx
None     241 ..     251   AGACAGUCUGAUACU                  AACUGAAAAAU                  AAGUAUCUxxxxxxx
None     242 ..     252   GACAGUCUGAUACUA                  ACUGAAAAAUA                  AGUAUCUxxxxxxxx
None     243 ..     253   ACAGUCUGAUACUAA                  CUGAAAAAUAA                  GUAUCUxxxxxxxxx
 5.7     243 ..     254   ACAGUCUGAUACUAA                C UGAAAAAUAA G                 UAUCUxxxxxxxxxx
None     245 ..     255   AGUCUGAUACUAACU                  GAAAAAUAAGU                  AUCUxxxxxxxxxxx
None     246 ..     256   GUCUGAUACUAACUG                  AAAAAUAAGUA                  UCUxxxxxxxxxxxx
None     247 ..     257   UCUGAUACUAACUGA                  AAAAUAAGUAU                  CUxxxxxxxxxxxxx
 7.7     245 ..     258   AGUCUGAUACUAACU               G AAAAAUAAGUAU C                Uxxxxxxxxxxxxxx
