>URS0000D67B13 ncRNA from 1 species FORWARD
None       1 ..      11   xxxxxxxxxxxxxxx                  AGAGGGUUGAU                  UCGUCCCCUCUCGCU
None       2 ..      12   xxxxxxxxxxxxxxA                  GAGGGUUGAUU                  CGUCCCCUCUCGCUG
 5.7       2 ..      13   xxxxxxxxxxxxxxA                G AGGGUUGAUU C                 GUCCCCUCUCGCUGC
 6.2       4 ..      14   xxxxxxxxxxxxAGA                 GG GUUGAUU CG                 UCCCCUCUCGCUGCG
 8.7       4 ..      15   xxxxxxxxxxxxAGA                GGG UUGAUU CGU                 CCCCUCUCGCUGCGG
 3.4       6 ..      16   xxxxxxxxxxAGAGG                 GUUG AUU CGUC                 CCCUCUCGCUGCGGU
 1.1       5 ..      17   xxxxxxxxxxxAGAG                GGUUG AUU CGUCC                CCUCUCGCUGCGGUU
-1.2       4 ..      18   xxxxxxxxxxxxAGA               GGGUUG AUU CGUCCC               CUCUCGCUGCGGUUG
 1.1       4 ..      19   xxxxxxxxxxxxAGA              GGG UUGAUUCGUC CCC               UCUCGCUGCGGUUGU
 4.6       3 ..      20   xxxxxxxxxxxxxAG             AGGG UUGAUUCGUC CCCU              CUCGCUGCGGUUGUC
 2.3       2 ..      21   xxxxxxxxxxxxxxA            GAGGG UUGAUUCGUC CCCUC             UCGCUGCGGUUGUCG
 5.8       1 ..      22   xxxxxxxxxxxxxxx           AGAGGG UUGAUUCGUC CCCUCU            CGCUGCGGUUGUCGU
 8.7       9 ..      23   xxxxxxxAGAGGGUU               G AUUCGUCCCCUCU C               GCUGCGGUUGUCGUU
 1.4      13 ..      24   xxxAGAGGGUUGAUU                CG UCCCCUCU CG                 CUGCGGUUGUCGUUA
 4.9      12 ..      25   xxxxAGAGGGUUGAU               UCG UCCCCUCU CGC                UGCGGUUGUCGUUAU
 7.7      16 ..      26   AGAGGGUUGAUUCGU                 CCC CUCUC GCU                 GCGGUUGUCGUUAUA
 4.4      16 ..      27   AGAGGGUUGAUUCGU                CCCC UCUC GCUG                 CGGUUGUCGUUAUAG
 6.2      18 ..      28   AGGGUUGAUUCGUCC                 CC UCUCGCU GC                 GGUUGUCGUUAUAGC
 1.9      19 ..      29   GGGUUGAUUCGUCCC                 CUC UCGCU GCG                 GUUGUCGUUAUAGCU
-0.4      18 ..      30   AGGGUUGAUUCGUCC                CCUC UCGCU GCGG                UUGUCGUUAUAGCUC
 3.1      17 ..      31   GAGGGUUGAUUCGUC               CCCUC UCGCU GCGGU               UGUCGUUAUAGCUCC
 6.6      16 ..      32   AGAGGGUUGAUUCGU              CCCCUC UCGCU GCGGUU              GUCGUUAUAGCUCCG
 4.6      19 ..      33   GGGUUGAUUCGUCCC               CUCUCG CUG CGGUUG               UCGUUAUAGCUCCGU
 6.2      24 ..      34   GAUUCGUCCCCUCUC                 GC UGCGGUU GU                 CGUUAUAGCUCCGUA
 5.7      24 ..      35   GAUUCGUCCCCUCUC                G CUGCGGUUGU C                 GUUAUAGCUCCGUAC
 3.4      23 ..      36   UGAUUCGUCCCCUCU               CG CUGCGGUUGU CG                UUAUAGCUCCGUACA
 1.9      27 ..      37   UCGUCCCCUCUCGCU                 GCG GUUGU CGU                 UAUAGCUCCGUACAA
 5.4      26 ..      38   UUCGUCCCCUCUCGC                UGCG GUUGU CGUU                AUAGCUCCGUACAAU
 8.9      25 ..      39   AUUCGUCCCCUCUCG               CUGCG GUUGU CGUUA               UAGCUCCGUACAAUG
None      30 ..      40   UCCCCUCUCGCUGCG                  GUUGUCGUUAU                  AGCUCCGUACAAUGU
None      31 ..      41   CCCCUCUCGCUGCGG                  UUGUCGUUAUA                  GCUCCGUACAAUGUC
 8.7      28 ..      42   CGUCCCCUCUCGCUG               C GGUUGUCGUUAUA G               CUCCGUACAAUGUCA
 4.7      33 ..      43   CCUCUCGCUGCGGUU                 G UCGUUAUAG C                 UCCGUACAAUGUCAG
 8.2      32 ..      44   CCCUCUCGCUGCGGU                UG UCGUUAUAG CU                CCGUACAAUGUCAGC
 6.7      33 ..      45   CCUCUCGCUGCGGUU                G UCGUUAUAGCU C                CGUACAAUGUCAGCU
 4.7      36 ..      46   CUCGCUGCGGUUGUC                 G UUAUAGCUC C                 GUACAAUGUCAGCUA
 2.4      35 ..      47   UCUCGCUGCGGUUGU                CG UUAUAGCUC CG                UACAAUGUCAGCUAA
 5.9      34 ..      48   CUCUCGCUGCGGUUG               UCG UUAUAGCUC CGU               ACAAUGUCAGCUAAC
None      39 ..      49   GCUGCGGUUGUCGUU                  AUAGCUCCGUA                  CAAUGUCAGCUAACC
 8.7      36 ..      50   CUCGCUGCGGUUGUC               G UUAUAGCUCCGUA C               AAUGUCAGCUAACCA
 6.2      41 ..      51   UGCGGUUGUCGUUAU                 AG CUCCGUA CA                 AUGUCAGCUAACCAG
None      42 ..      52   GCGGUUGUCGUUAUA                  GCUCCGUACAA                  UGUCAGCUAACCAGC
None      43 ..      53   CGGUUGUCGUUAUAG                  CUCCGUACAAU                  GUCAGCUAACCAGCU
 5.7      43 ..      54   CGGUUGUCGUUAUAG                C UCCGUACAAU G                 UCAGCUAACCAGCUG
 6.2      45 ..      55   GUUGUCGUUAUAGCU                 CC GUACAAU GU                 CAGCUAACCAGCUGG
 8.7      42 ..      56   GCGGUUGUCGUUAUA               G CUCCGUACAAUGU C               AGCUAACCAGCUGGC
 7.2      46 ..      57   UUGUCGUUAUAGCUC                CG UACAAUGU CA                 GCUAACCAGCUGGCA
 4.9      45 ..      58   GUUGUCGUUAUAGCU               CCG UACAAUGU CAG                CUAACCAGCUGGCAU
 6.2      49 ..      59   UCGUUAUAGCUCCGU                 AC AAUGUCA GC                 UAACCAGCUGGCAUA
None      50 ..      60   CGUUAUAGCUCCGUA                  CAAUGUCAGCU                  AACCAGCUGGCAUAU
None      51 ..      61   GUUAUAGCUCCGUAC                  AAUGUCAGCUA                  ACCAGCUGGCAUAUG
None      52 ..      62   UUAUAGCUCCGUACA                  AUGUCAGCUAA                  CCAGCUGGCAUAUGG
None      53 ..      63   UAUAGCUCCGUACAA                  UGUCAGCUAAC                  CAGCUGGCAUAUGGC
 4.7      54 ..      64   AUAGCUCCGUACAAU                 G UCAGCUAAC C                 AGCUGGCAUAUGGCG
 8.2      53 ..      65   UAUAGCUCCGUACAA                UG UCAGCUAAC CA                GCUGGCAUAUGGCGG
 1.9      56 ..      66   AGCUCCGUACAAUGU                 CAG CUAAC CAG                 CUGGCAUAUGGCGGA
 5.4      55 ..      67   UAGCUCCGUACAAUG                UCAG CUAAC CAGC                UGGCAUAUGGCGGAG
 2.9      57 ..      68   GCUCCGUACAAUGUC                AGC UAACCA GCU                 GGCAUAUGGCGGAGC
 0.6      56 ..      69   AGCUCCGUACAAUGU               CAGC UAACCA GCUG                GCAUAUGGCGGAGCx
 4.1      55 ..      70   UAGCUCCGUACAAUG              UCAGC UAACCA GCUGG               CAUAUGGCGGAGCxx
 1.8      54 ..      71   AUAGCUCCGUACAAU             GUCAGC UAACCA GCUGGC              AUAUGGCGGAGCxxx
 4.4      61 ..      72   CGUACAAUGUCAGCU                AACC AGCU GGCA                 UAUGGCGGAGCxxxx
 7.9      60 ..      73   CCGUACAAUGUCAGC               UAACC AGCU GGCAU                AUGGCGGAGCxxxxx
None      64 ..      74   ACAAUGUCAGCUAAC                  CAGCUGGCAUA                  UGGCGGAGCxxxxxx
None      65 ..      75   CAAUGUCAGCUAACC                  AGCUGGCAUAU                  GGCGGAGCxxxxxxx
 6.7      64 ..      76   ACAAUGUCAGCUAAC                C AGCUGGCAUAU G                GCGGAGCxxxxxxxx
 4.4      63 ..      77   UACAAUGUCAGCUAA               CC AGCUGGCAUAU GG               CGGAGCxxxxxxxxx
 2.4      66 ..      78   AAUGUCAGCUAACCA                GC UGGCAUAUG GC                GGAGCxxxxxxxxxx
 1.9      69 ..      79   GUCAGCUAACCAGCU                 GGC AUAUG GCG                 GAGCxxxxxxxxxxx
 2.1      67 ..      80   AUGUCAGCUAACCAG               CUGGC AUAU GGCGG                AGCxxxxxxxxxxxx
 5.6      66 ..      81   AAUGUCAGCUAACCA              GCUGGC AUAU GGCGGA               GCxxxxxxxxxxxxx
 5.7      71 ..      82   CAGCUAACCAGCUGG                C AUAUGGCGGA G                 Cxxxxxxxxxxxxxx
