>URS0000D69C8A ncRNA from 1 species FORWARD
None       1 ..      11   xxxxxxxxxxxxxxx                  UUGACAGCUCU                  UCCGCUAACUUCCCU
 8.7       1 ..      12   xxxxxxxxxxxxxxx                UUG ACAGCU CUU                 CCGCUAACUUCCCUC
 4.7       3 ..      13   xxxxxxxxxxxxxUU                 G ACAGCUCUU C                 CGCUAACUUCCCUCU
 5.7       3 ..      14   xxxxxxxxxxxxxUU                G ACAGCUCUUC C                 GCUAACUUCCCUCUG
 1.9       5 ..      15   xxxxxxxxxxxUUGA                 CAG CUCUU CCG                 CUAACUUCCCUCUGU
 5.4       4 ..      16   xxxxxxxxxxxxUUG                ACAG CUCUU CCGC                UAACUUCCCUCUGUG
 2.9       6 ..      17   xxxxxxxxxxUUGAC                AGC UCUUCC GCU                 AACUUCCCUCUGUGU
 6.4       5 ..      18   xxxxxxxxxxxUUGA               CAGC UCUUCC GCUA                ACUUCCCUCUGUGUG
None       9 ..      19   xxxxxxxUUGACAGC                  UCUUCCGCUAA                  CUUCCCUCUGUGUGA
 7.6       3 ..      20   xxxxxxxxxxxxxUU             GACAGC UCUUCC GCUAAC              UUCCCUCUGUGUGAU
None      11 ..      21   xxxxxUUGACAGCUC                  UUCCGCUAACU                  UCCCUCUGUGUGAUG
None      12 ..      22   xxxxUUGACAGCUCU                  UCCGCUAACUU                  CCCUCUGUGUGAUGC
None      13 ..      23   xxxUUGACAGCUCUU                  CCGCUAACUUC                  CCUCUGUGUGAUGCA
 6.2      14 ..      24   xxUUGACAGCUCUUC                 CG CUAACUU CC                 CUCUGUGUGAUGCAG
 4.7      15 ..      25   xUUGACAGCUCUUCC                 G CUAACUUCC C                 UCUGUGUGAUGCAGG
 8.2      14 ..      26   xxUUGACAGCUCUUC                CG CUAACUUCC CU                CUGUGUGAUGCAGGG
 6.7      15 ..      27   xUUGACAGCUCUUCC                G CUAACUUCCCU C                UGUGUGAUGCAGGGG
None      18 ..      28   GACAGCUCUUCCGCU                  AACUUCCCUCU                  GUGUGAUGCAGGGGU
 7.7      16 ..      29   UUGACAGCUCUUCCG               C UAACUUCCCUCU G                UGUGAUGCAGGGGUG
 7.2      19 ..      30   ACAGCUCUUCCGCUA                AC UUCCCUCU GU                 GUGAUGCAGGGGUGC
 5.7      20 ..      31   CAGCUCUUCCGCUAA                C UUCCCUCUGU G                 UGAUGCAGGGGUGCA
 3.4      22 ..      32   GCUCUUCCGCUAACU                 UCCC UCU GUGU                 GAUGCAGGGGUGCAU
 1.9      23 ..      33   CUCUUCCGCUAACUU                 CCC UCUGU GUG                 AUGCAGGGGUGCAUG
 3.4      24 ..      34   UCUUCCGCUAACUUC                 CCUC UGU GUGA                 UGCAGGGGUGCAUGA
 6.9      23 ..      35   CUCUUCCGCUAACUU                CCCUC UGU GUGAU                GCAGGGGUGCAUGAU
 5.4      24 ..      36   UCUUCCGCUAACUUC                CCUC UGUGU GAUG                CAGGGGUGCAUGAUG
 7.2      26 ..      37   UUCCGCUAACUUCCC                UC UGUGUGAU GC                 AGGGGUGCAUGAUGA
 6.2      28 ..      38   CCGCUAACUUCCCUC                 UG UGUGAUG CA                 GGGGUGCAUGAUGAC
 3.9      27 ..      39   UCCGCUAACUUCCCU                CUG UGUGAUG CAG                GGGUGCAUGAUGACA
 6.1      23 ..      40   CUCUUCCGCUAACUU             CCCUC UGUGUGAU GCAGG              GGUGCAUGAUGACAU
 4.1      23 ..      41   CUCUUCCGCUAACUU             CCC UCUGUGUGAUGCA GGG             GUGCAUGAUGACAUA
 2.8      24 ..      42   UCUUCCGCUAACUUC             CCUCUG UGUGAUG CAGGGG             UGCAUGAUGACAUAG
 6.3      23 ..      43   CUCUUCCGCUAACUU            CCCUCUG UGUGAUG CAGGGGU            GCAUGAUGACAUAGC
 6.5      23 ..      44   CUCUUCCGCUAACUU           C-CCUCUG UGUGAUG CAGGGGUG           CAUGAUGACAUAGCA
 5.4      35 ..      45   CUUCCCUCUGUGUGA                UGC AGGGGU GC-                 AUGAUGACAUAGCAA
 2.9      35 ..      46   CUUCCCUCUGUGUGA                UGC AGGGGU GCA                 UGAUGACAUAGCAAG
 6.4      34 ..      47   ACUUCCCUCUGUGUG               AUGC AGGGGU GCAU                GAUGACAUAGCAAGG
 4.4      37 ..      48   UCCCUCUGUGUGAUG                CAGG GGUG CAUG                 AUGACAUAGCAAGGG
 7.9      36 ..      49   UUCCCUCUGUGUGAU               GCAGG GGUG CAUGA                UGACAUAGCAAGGGG
None      40 ..      50   CUCUGUGUGAUGCAG                  GGGUGCAUGAU                  GACAUAGCAAGGGGA
 8.7      37 ..      51   UCCCUCUGUGUGAUG               C AGGGGUGCAUGAU G               ACAUAGCAAGGGGAG
None      42 ..      52   CUGUGUGAUGCAGGG                  GUGCAUGAUGA                  CAUAGCAAGGGGAGC
 5.7      42 ..      53   CUGUGUGAUGCAGGG                G UGCAUGAUGA C                 AUAGCAAGGGGAGCA
 7.2      43 ..      54   UGUGUGAUGCAGGGG                UG CAUGAUGA CA                 UAGCAAGGGGAGCAU
None      45 ..      55   UGUGAUGCAGGGGUG                  CAUGAUGACAU                  AGCAAGGGGAGCAUx
None      46 ..      56   GUGAUGCAGGGGUGC                  AUGAUGACAUA                  GCAAGGGGAGCAUxx
 6.7      45 ..      57   UGUGAUGCAGGGGUG                C AUGAUGACAUA G                CAAGGGGAGCAUxxx
 4.4      44 ..      58   GUGUGAUGCAGGGGU               GC AUGAUGACAUA GC               AAGGGGAGCAUxxxx
 7.9      43 ..      59   UGUGUGAUGCAGGGG              UGC AUGAUGACAUA GCA              AGGGGAGCAUxxxxx
 8.7      49 ..      60   AUGCAGGGGUGCAUG                AUG ACAUAG CAA                 GGGGAGCAUxxxxxx
None      51 ..      61   GCAGGGGUGCAUGAU                  GACAUAGCAAG                  GGGAGCAUxxxxxxx
 6.2      52 ..      62   CAGGGGUGCAUGAUG                 AC AUAGCAA GG                 GGAGCAUxxxxxxxx
 4.7      53 ..      63   AGGGGUGCAUGAUGA                 C AUAGCAAGG G                 GAGCAUxxxxxxxxx
 5.7      53 ..      64   AGGGGUGCAUGAUGA                C AUAGCAAGGG G                 AGCAUxxxxxxxxxx
None      55 ..      65   GGGUGCAUGAUGACA                  UAGCAAGGGGA                  GCAUxxxxxxxxxxx
 7.7      53 ..      66   AGGGGUGCAUGAUGA               C AUAGCAAGGGGA G                CAUxxxxxxxxxxxx
 0.4      57 ..      67   GUGCAUGAUGACAUA                 GC AAGGGGA GC                 AUxxxxxxxxxxxxx
 3.9      56 ..      68   GGUGCAUGAUGACAU                AGC AAGGGGA GCA                Uxxxxxxxxxxxxxx
