>AF440361.1:5-337 Acanthamoeba castellanii RNAase P RNA gene, partial sequence FORWARD
 8.3       1 ..      11   xxxxxxxxxxxxxxx                 T CAGGGTGAA G                 CTTGTGTTAGGTGCA
 7.2       1 ..      12   xxxxxxxxxxxxxxx                TC AGGGTGAA GC                 TTGTGTTAGGTGCAA
 1.8       3 ..      13   xxxxxxxxxxxxxTC                 AG GGTGAAG CT                 TGTGTTAGGTGCAAA
 2.1       3 ..      14   xxxxxxxxxxxxxTC                AGG GTGAAG CTT                 GTGTTAGGTGCAAAC
-0.2       2 ..      15   xxxxxxxxxxxxxxT               CAGG GTGAAG CTTG                TGTTAGGTGCAAACA
 3.3       1 ..      16   xxxxxxxxxxxxxxx              TCAGG GTGAAG CTTGT               GTTAGGTGCAAACAT
 5.4       2 ..      17   xxxxxxxxxxxxxxT              CA-GGGT GAA GCTTGTG              TTAGGTGCAAACATA
 6.9       8 ..      18   xxxxxxxxTCAGGGT                 GAA GCTTG TGT                 TAGGTGCAAACATAC
 3.2       9 ..      19   xxxxxxxTCAGGGTG                 AA GCTTGTG TT                 AGGTGCAAACATACG
 3.6       9 ..      20   xxxxxxxTCAGGGTG                AAGC TTGT GTTA                 GGTGCAAACATACGC
 6.8      11 ..      21   xxxxxTCAGGGTGAA                GCT TGTGTT AG-                 GTGCAAACATACGCC
 0.4      12 ..      22   xxxxTCAGGGTGAAG                 CTTG TGT TAGG                 TGCAAACATACGCCC
 1.7      11 ..      23   xxxxxTCAGGGTGAA                GCTTG TGT TAGGT                GCAAACATACGCCCA
 5.2      10 ..      24   xxxxxxTCAGGGTGA               AGCTTG TGT TAGGTG               CAAACATACGCCCAC
 2.6      15 ..      25   xTCAGGGTGAAGCTT                 GTGT TAG GTGC                 AAACATACGCCCACC
 1.1      16 ..      26   TCAGGGTGAAGCTTG                 TGT TAGGT GCA                 AACATACGCCCACCG
 0.8      13 ..      27   xxxTCAGGGTGAAGC               TTGTGT TAG GTGCAA               ACATACGCCCACCGT
 0.4      18 ..      28   AGGGTGAAGCTTGTG                 TTAG GTG CAAA                 CATACGCCCACCGTC
-1.9      17 ..      29   CAGGGTGAAGCTTGT                GTTAG GTG CAAAC                ATACGCCCACCGTCC
-2.8      16 ..      30   TCAGGGTGAAGCTTG               TGTTAG GTG CAAACA               TACGCCCACCGTCCT
-1.5      15 ..      31   xTCAGGGTGAAGCTT              GTGTTAG GTG CAAACAT              ACGCCCACCGTCCTC
-2.4      14 ..      32   xxTCAGGGTGAAGCT             TGTGTTAG GTG CAAACATA             CGCCCACCGTCCTCT
 1.1      13 ..      33   xxxTCAGGGTGAAGC            TTGTGTTAG GTG CAAACATAC            GCCCACCGTCCTCTT
-1.2      12 ..      34   xxxxTCAGGGTGAAG           CTTGTGTTAG GTG CAAACATACG           CCCACCGTCCTCTTC
-3.5      11 ..      35   xxxxxTCAGGGTGAA          GCTTGTGTTAG GTG CAAACATACGC          CCACCGTCCTCTTCA
  -1      21 ..      36   GTGAAGCTTGTGTTA              GGTGCA AACA TACGCC               CACCGTCCTCTTCAA
 2.5      20 ..      37   GGTGAAGCTTGTGTT             AGGTGCA AACA TACGCCC              ACCGTCCTCTTCAAG
 1.6      19 ..      38   GGGTGAAGCTTGTGT            TAGGTGCA AACA TACGCCCA             CCGTCCTCTTCAAGA
 0.5       6 ..      39   xxxxxxxxxxTCAGG     GTGAAGCTTGTGTTAG GTG CAAACATACGCC-CAC     CGTCCTCTTCAAGAG
-1.8       5 ..      40   xxxxxxxxxxxTCAG    GGTGAAGCTTGTGTTAG GTG CAAACATACGCC-CACC    GTCCTCTTCAAGAGC
 1.7       4 ..      41   xxxxxxxxxxxxTCA   GGGTGAAGCTTGTGTTAG GTG CAAACATACGCC-CACCG   TCCTCTTCAAGAGCG
-2.5      32 ..      42   GTTAGGTGCAAACAT                 ACG CCCAC CGT                 CCTCTTCAAGAGCGG
   1      31 ..      43   TGTTAGGTGCAAACA                TACG CCCAC CGTC                CTCTTCAAGAGCGGC
 3.4      34 ..      44   TAGGTGCAAACATAC                 GCCC ACC GTCC                 TCTTCAAGAGCGGCG
 3.5      32 ..      45   GTTAGGTGCAAACAT               ACGCC CACC GTCCT                CTTCAAGAGCGGCGG
 6.7      34 ..      46   TAGGTGCAAACATAC                G CCCACCGTCCT C                TTCAAGAGCGGCGGT
 6.1      30 ..      47   GTGTTAGGTGCAAAC             ATACGCC CACC GTCCTCT              TCAAGAGCGGCGGTG
 6.1      38 ..      48   TGCAAACATACGCCC                 A CCGTCCTCT T                 CAAGAGCGGCGGTGG
None      39 ..      49   GCAAACATACGCCCA                  CCGTCCTCTTC                  AAGAGCGGCGGTGGT
 6.2      40 ..      50   CAAACATACGCCCAC                 CG TCCTCTT CA                 AGAGCGGCGGTGGTA
 7.6      41 ..      51   AAACATACGCCCACC                 GT CCTCTTC AA                 GAGCGGCGGTGGTAC
 5.3      40 ..      52   CAAACATACGCCCAC                CGT CCTCTTC AAG                AGCGGCGGTGGTACC
 1.4      42 ..      53   AACATACGCCCACCG                TCCT CTTC AAGA                 GCGGCGGTGGTACCT
-5.4      44 ..      54   CATACGCCCACCGTC                 CTCT TCA AGAG                 CGGCGGTGGTACCTC
-1.9      43 ..      55   ACATACGCCCACCGT                CCTCT TCA AGAGC                GGCGGTGGTACCTCA
-1.7      43 ..      56   ACATACGCCCACCGT               C-CTCT TCA AGAGCG               GCGGTGGTACCTCAT
-2.3      39 ..      57   GCAAACATACGCCCA             CCGTCCT CTTCA AGAGCGG             CGGTGGTACCTCATT
-2.7      41 ..      58   AAACATACGCCCACC             GTC-CTCT TCA AGAGCGGC             GGTGGTACCTCATTC
  -5      40 ..      59   CAAACATACGCCCAC            CGTC-CTCT TCA AGAGCGGCG            GTGGTACCTCATTCA
-7.3      39 ..      60   GCAAACATACGCCCA           CCGTC-CTCT TCA AGAGCGGCGG           TGGTACCTCATTCAG
-8.2      38 ..      61   TGCAAACATACGCCC          ACCGTC-CTCT TCA AGAGCGGCGGT          GGTACCTCATTCAGT
-10.5      37 ..      62   GTGCAAACATACGCC         CACCGTC-CTCT TCA AGAGCGGCGGTG         GTACCTCATTCAGTG
-12.8      36 ..      63   GGTGCAAACATACGC        CCACCGTC-CTCT TCA AGAGCGGCGGTGG        TACCTCATTCAGTGC
-9.3      35 ..      64   AGGTGCAAACATACG       CCCACCGTC-CTCT TCA AGAGCGGCGGTGGT       ACCTCATTCAGTGCA
-5.8      34 ..      65   TAGGTGCAAACATAC      GCCCACCGTC-CTCT TCA AGAGCGGCGGTGGTA      CCTCATTCAGTGCAC
-5.6      34 ..      66   TAGGTGCAAACATAC     G-CCCACCGTC-CTCT TCA AGAGCGGCGGTGGTAC     CTCATTCAGTGCACT
-2.1      33 ..      67   TTAGGTGCAAACATA    CG-CCCACCGTC-CTCT TCA AGAGCGGCGGTGGTACC    TCATTCAGTGCACTT
  -3      32 ..      68   GTTAGGTGCAAACAT   ACG-CCCACCGTC-CTCT TCA AGAGCGGCGGTGGTACCT   CATTCAGTGCACTTG
-3.3      57 ..      69   TCCTCTTCAAGAGCG                GCGGT GGT ACCTC                ATTCAGTGCACTTGG
 0.2      56 ..      70   GTCCTCTTCAAGAGC               GGCGGT GGT ACCTCA               TTCAGTGCACTTGGG
 1.2      30 ..      71   GTGTTAGGTGCAAAC AT-ACG-CCCACCGTC-CTCT TCA AGAGCGGCGGTGGTACCTCAT TCAGTGCACTTGGGA
 2.7      59 ..      72   CTCTTCAAGAGCGGC               GGTGG TACC TCATT                CAGTGCACTTGGGAA
 2.1      52 ..      73   CACCGTCCTCTTCAA           GAGCGGCGGT GGT ACC-TCATTC           AGTGCACTTGGGAAG
 4.1      61 ..      74   CTTCAAGAGCGGCGG               TGG TACCTCAT TCA                GTGCACTTGGGAAGG
 7.6      55 ..      75   CGTCCTCTTCAAGAG           CGGCGGTGG TACC TCATT-CAG            TGCACTTGGGAAGGT
 2.8      65 ..      76   AAGAGCGGCGGTGGT                AC CTCATTCA GT                 GCACTTGGGAAGGTC
 1.9      67 ..      77   GAGCGGCGGTGGTAC                 CTC ATTCA GTG                 CACTTGGGAAGGTCT
 1.8      63 ..      78   TCAAGAGCGGCGGTG              GTAC CTCATTCA GTGC               ACTTGGGAAGGTCTG
 4.2      68 ..      79   AGCGGCGGTGGTACC                T-CAT TCA GTGCA                CTTGGGAAGGTCTGA
 3.8      63 ..      80   TCAAGAGCGGCGGTG             GTAC-CT CATTC AGTGCAC             TTGGGAAGGTCTGAG
 5.1      62 ..      81   TTCAAGAGCGGCGGT            GGTAC-CT CATTC AGTGCACT            TGGGAAGGTCTGAGG
 8.1      70 ..      82   CGGCGGTGGTACCTC                A TTCAGTGCACT T                GGGAAGGTCTGAGGA
 1.1      73 ..      83   CGGTGGTACCTCATT                 CAG TGCAC TTG                 GGAAGGTCTGAGGAA
 2.4      72 ..      84   GCGGTGGTACCTCAT                TCAG TGCAC TTGG                GAAGGTCTGAGGAAG
 3.7      71 ..      85   GGCGGTGGTACCTCA               TTCAG TGCAC TTGGG               AAGGTCTGAGGAAGC
 3.3      76 ..      86   TGGTACCTCATTCAG                 TGC ACTTG GGA                 AGGTCTGAGGAAGCC
 4.3      76 ..      87   TGGTACCTCATTCAG                TGC ACTTGG GAA                 GGTCTGAGGAAGCCG
 4.7      78 ..      88   GTACCTCATTCAGTG                 C ACTTGGGAA G                 GTCTGAGGAAGCCGA
 0.4      79 ..      89   TACCTCATTCAGTGC                 ACTT GGG AAGG                 TCTGAGGAAGCCGAC
-0.8      79 ..      90   TACCTCATTCAGTGC                ACTT GGGA AGGT                 CTGAGGAAGCCGACA
 1.6      77 ..      91   GGTACCTCATTCAGT               GCACTT GGG AAGGTC               TGAGGAAGCCGACAA
   4      77 ..      92   GGTACCTCATTCAGT              GCACTT GGGA AGGTCT               GAGGAAGCCGACAAT
 2.4      73 ..      93   CGGTGGTACCTCATT           CAGTGCACTT GGG AAG-GT-CTG           AGGAAGCCGACAATC
 1.5      72 ..      94   GCGGTGGTACCTCAT          TCAGTGCACTT GGG AAG-GT-CTGA          GGAAGCCGACAATCT
 0.4      80 ..      95   ACCTCATTCAGTGCA              CTTGGG AAGG TCTGAG               GAAGCCGACAATCTC
 0.7      80 ..      96   ACCTCATTCAGTGCA              CTTGGGA AGG TCTGAGG              AAGCCGACAATCTCT
 4.2      79 ..      97   TACCTCATTCAGTGC             ACTTGGGA AGG TCTGAGGA             AGCCGACAATCTCTA
 6.7      76 ..      98   TGGTACCTCATTCAG          TGCACTTGGG AAGG TCTGAG-GAA           GCCGACAATCTCTAA
 5.8      88 ..      99   CAGTGCACTTGGGAA                GGTC TGAG GAAG                 CCGACAATCTCTAAG
 3.3      90 ..     100   GTGCACTTGGGAAGG                 TCT GAGGA AGC                 CGACAATCTCTAAGC
   1      89 ..     101   AGTGCACTTGGGAAG                GTCT GAGGA AGCC                GACAATCTCTAAGCG
 2.9      91 ..     102   TGCACTTGGGAAGGT                CTG AGGAAG CCG                 ACAATCTCTAAGCGG
   2      90 ..     103   GTGCACTTGGGAAGG               TCTG AGGAAG CCGA                CAATCTCTAAGCGGG
-0.3      89 ..     104   AGTGCACTTGGGAAG              GTCTG AGGAAG CCGAC               AATCTCTAAGCGGGA
 2.7      92 ..     105   GCACTTGGGAAGGTC               TG-AGG AAG CCGACA               ATCTCTAAGCGGGAG
 6.2      91 ..     106   TGCACTTGGGAAGGT              CTG-AGG AAG CCGACAA              TCTCTAAGCGGGAGT
 5.8      86 ..     107   TTCAGTGCACTTGGG           AAGGTCTG AGGAAG CCGACAAT            CTCTAAGCGGGAGTC
 3.5      85 ..     108   ATTCAGTGCACTTGG          GAAGGTCTG AGGAAG CCGACAATC           TCTAAGCGGGAGTCC
 2.8      98 ..     109   GGGAAGGTCTGAGGA                AG CCGACAAT CT                 CTAAGCGGGAGTCCC
 2.5      83 ..     110   TCATTCAGTGCACTT        GGGAAGGTCTG AGGAAG CCGACAATCTC         TAAGCGGGAGTCCCT
 3.3     101 ..     111   AAGGTCTGAGGAAGC                 CGA CAATC TCT                 AAGCGGGAGTCCCTC
 5.1      81 ..     112   CCTCATTCAGTGCAC      TTGGGAAGGTCTG AGGAAG CCGACAATCTCTA       AGCGGGAGTCCCTCT
 6.7      81 ..     113   CCTCATTCAGTGCAC     TT-GGGAAGGTCTG AGGAAG CCGACAATCTCTAA      GCGGGAGTCCCTCTC
 4.4      80 ..     114   ACCTCATTCAGTGCA    CTT-GGGAAGGTCTG AGGAAG CCGACAATCTCTAAG     CGGGAGTCCCTCTCA
 5.1      99 ..     115   GGAAGGTCTGAGGAA              GCCGACA ATC TCTAAGC              GGGAGTCCCTCTCAA
 4.8     106 ..     116   CTGAGGAAGCCGACA                 ATCT CTA AGCG                 GGAGTCCCTCTCAAG
 1.2     107 ..     117   TGAGGAAGCCGACAA                 TCTC TAA GCGG                 GAGTCCCTCTCAAGA
-0.3     108 ..     118   GAGGAAGCCGACAAT                 CTC TAAGC GGG                 AGTCCCTCTCAAGAG
-1.2     107 ..     119   TGAGGAAGCCGACAA                TCTC TAAGC GGGA                GTCCCTCTCAAGAGG
-1.2     108 ..     120   GAGGAAGCCGACAAT                CTCT AAGCG GGAG                TCCCTCTCAAGAGGG
 1.4     105 ..     121   TCTGAGGAAGCCGAC              AATCTC TAAGC GGGAGT              CCCTCTCAAGAGGGA
 2.7     102 ..     122   AGGTCTGAGGAAGCC            GACAATCTC TAA GCGGGAGTC            CCTCTCAAGAGGGAG
 6.2     101 ..     123   AAGGTCTGAGGAAGC           CGACAATCTC TAA GCGGGAGTCC           CTCTCAAGAGGGAGC
 1.1     114 ..     124   GCCGACAATCTCTAA                GCGG GAGT CC-C                 TCTCAAGAGGGAGCT
-2.4     115 ..     125   CCGACAATCTCTAAG                 CGGG AGT CCCT                 CTCAAGAGGGAGCTC
-4.7     114 ..     126   GCCGACAATCTCTAA                GCGGG AGT CCCTC                TCAAGAGGGAGCTCG
-5.6     113 ..     127   AGCCGACAATCTCTA               AGCGGG AGT CCCTCT               CAAGAGGGAGCTCGG
-5.5     116 ..     128   CGACAATCTCTAAGC                GGGAG TCC CTCTC                AAGAGGGAGCTCGGG
  -3     111 ..     129   GAAGCCGACAATCTC             TAAGCGGG AGT CCCTCTCA             AGAGGGAGCTCGGGG
 0.5     110 ..     130   GGAAGCCGACAATCT            CTAAGCGGG AGT CCCTCTCAA            GAGGGAGCTCGGGGA
-0.2     108 ..     131   GAGGAAGCCGACAAT          CTCTAAGCGGG AGT CCCTCTCA-AG          AGGGAGCTCGGGGAC
-1.1     107 ..     132   TGAGGAAGCCGACAA         TCTCTAAGCGGG AGT CCCTCTCA-AGA         GGGAGCTCGGGGACC
-2.5     108 ..     133   GAGGAAGCCGACAAT         CTC-TAAGCGGG AGT CCCTCTCAAGAG         GGAGCTCGGGGACCA
-5.8     123 ..     134   CTCTAAGCGGGAGTC                CCTC TCAA GAGG                 GAGCTCGGGGACCAG
-8.1     122 ..     135   TCTCTAAGCGGGAGT               CCCTC TCAA GAGGG                AGCTCGGGGACCAGA
  -9     121 ..     136   ATCTCTAAGCGGGAG              TCCCTC TCAA GAGGGA               GCTCGGGGACCAGAA
-5.5     120 ..     137   AATCTCTAAGCGGGA             GTCCCTC TCAA GAGGGAG              CTCGGGGACCAGAAA
-5.3     120 ..     138   AATCTCTAAGCGGGA            G-TCCCTC TCAA GAGGGAGC             TCGGGGACCAGAAAC
-6.2     119 ..     139   CAATCTCTAAGCGGG           AG-TCCCTC TCAA GAGGGAGCT            CGGGGACCAGAAACG
-8.5     118 ..     140   ACAATCTCTAAGCGG          GAG-TCCCTC TCAA GAGGGAGCTC           GGGGACCAGAAACGA
-5.1     115 ..     141   CCGACAATCTCTAAG        CGGGAGTCCCTC TCAA GAGGGAG-CTCG         GGGACCAGAAACGAC
-1.8     115 ..     142   CCGACAATCTCTAAG        CGGGAGTCCCTC TCAA GAGGGAGCTCGG         GGACCAGAAACGACA
-3.8     115 ..     143   CCGACAATCTCTAAG       CGGGAG-TCCCTC TCAA GAGGGAGCTCGGG        GACCAGAAACGACAC
-0.3     114 ..     144   GCCGACAATCTCTAA      GCGGGAG-TCCCTC TCAA GAGGGAGCTCGGGG       ACCAGAAACGACACT
 1.8     125 ..     145   CTAAGCGGGAGTCCC           TCTCAAGAG GGAG CTCG-GGGA            CCAGAAACGACACTC
 4.4     135 ..     146   GTCCCTCTCAAGAGG                GAGC TCGG GGAC                 CAGAAACGACACTCG
  -1     137 ..     147   CCCTCTCAAGAGGGA                 GCTC GGG GACC                 AGAAACGACACTCGC
 2.5     136 ..     148   TCCCTCTCAAGAGGG                AGCTC GGG GACCA                GAAACGACACTCGCG
-0.8     138 ..     149   CCTCTCAAGAGGGAG                CTCGG GGA CC-AG                AAACGACACTCGCGC
-0.8     139 ..     150   CTCTCAAGAGGGAGC                TC-GG GGA CCAGA                AACGACACTCGCGCG
 2.7     138 ..     151   CCTCTCAAGAGGGAG               CTC-GG GGA CCAGAA               ACGACACTCGCGCGC
 6.2     137 ..     152   CCCTCTCAAGAGGGA              GCTC-GG GGA CCAGAAA              CGACACTCGCGCGCT
 4.7     143 ..     153   CAAGAGGGAGCTCGG                 G GACCAGAAA C                 GACACTCGCGCGCTT
 4.4     140 ..     154   TCTCAAGAGGGAGCT               CG GGGACCAGAAA CG               ACACTCGCGCGCTTT
 3.5     139 ..     155   CTCTCAAGAGGGAGC              TCG GGGACCAGAAA CGA              CACTCGCGCGCTTTA
 3.9     144 ..     156   AAGAGGGAGCTCGGG                GAC CAGAAAC GAC                ACTCGCGCGCTTTAG
 7.4     143 ..     157   CAAGAGGGAGCTCGG               GGAC CAGAAAC GACA               CTCGCGCGCTTTAGG
 5.1     142 ..     158   TCAAGAGGGAGCTCG              GGGAC CAGAAAC GACAC              TCGCGCGCTTTAGGG
 2.8     148 ..     159   GGGAGCTCGGGGACC                AG AAACGACA CT                 CGCGCGCTTTAGGGA
 2.8     149 ..     160   GGAGCTCGGGGACCA                GA AACGACAC TC                 GCGCGCTTTAGGGAC
   4     146 ..     161   GAGGGAGCTCGGGGA              CCAG AAACGACA CTCG               CGCGCTTTAGGGACC
  -1     152 ..     162   GCTCGGGGACCAGAA                 ACGA CAC TCGC                 GCGCTTTAGGGACCG
 0.4     153 ..     163   CTCGGGGACCAGAAA                 CG ACACTCG CG                 CGCTTTAGGGACCGG
 3.2     137 ..     164   CCCTCTCAAGAGGGA        GCTCGGG-GAC CAGAAAC GACACTCGCGC        GCTTTAGGGACCGGA
 2.4     153 ..     165   CTCGGGGACCAGAAA                CG ACACTCGCG CG                CTTTAGGGACCGGAG
 4.4     135 ..     166   GTCCCTCTCAAGAGG      GAGCTCGGG-GAC CAGAAAC GACACTCGCGCGC      TTTAGGGACCGGAGA
   5     151 ..     167   AGCTCGGGGACCAGA              AACG ACACTCGCG CGCT              TTAGGGACCGGAGAG
 4.1     150 ..     168   GAGCTCGGGGACCAG             AAACG ACACTCGCG CGCTT             TAGGGACCGGAGAGC
 5.4     149 ..     169   GGAGCTCGGGGACCA            GAAACG ACACTCGCG CGCTTT            AGGGACCGGAGAGCT
 7.1     159 ..     170   GACCAGAAACGACAC                T CGCGCGCTTT A                 GGGACCGGAGAGCTG
 4.8     158 ..     171   GGACCAGAAACGACA               CT CGCGCGCTTT AG                GGACCGGAGAGCTGG
 4.3     146 ..     172   GAGGGAGCTCGGGGA         CCAGAAACG ACACTCGCG CGCTTTAGG         GACCGGAGAGCTGGC
 2.9     162 ..     173   CAGAAACGACACTCG                CGC GCTTTA GGG                 ACCGGAGAGCTGGCA
   4     159 ..     174   GACCAGAAACGACAC              TCGC GCGCTTTA GGGA               CCGGAGAGCTGGCAC
 4.6     163 ..     175   AGAAACGACACTCGC               G-CGC TTTA GGGAC                CGGAGAGCTGGCACA
 3.6     165 ..     176   AAACGACACTCGCGC                GCTT TAGG GACC                 GGAGAGCTGGCACAC
 1.3     164 ..     177   GAAACGACACTCGCG               CGCTT TAGG GACCG                GAGAGCTGGCACACG
 4.6     159 ..     178   GACCAGAAACGACAC            TCGCGCGC TTTA GGGACCGG             AGAGCTGGCACACGA
 3.6     168 ..     179   CGACACTCGCGCGCT                TTAG GGAC CGGA                 GAGCTGGCACACGAC
 1.6     166 ..     180   AACGACACTCGCGCG               CTTTAG GGA CCGGAG               AGCTGGCACACGACC
 5.1     165 ..     181   AAACGACACTCGCGC              GCTTTAG GGA CCGGAGA              GCTGGCACACGACCG
 2.8     164 ..     182   GAAACGACACTCGCG             CGCTTTAG GGA CCGGAGAG             CTGGCACACGACCGC
 0.5     163 ..     183   AGAAACGACACTCGC            GCGCTTTAG GGA CCGGAGAGC            TGGCACACGACCGCA
 3.3     174 ..     184   TCGCGCGCTTTAGGG                 ACC GGAGA GCT                 GGCACACGACCGCAG
 1.9     175 ..     185   CGCGCGCTTTAGGGA                 CCG GAGAG CTG                 GCACACGACCGCAGG
-3.6     175 ..     186   CGCGCGCTTTAGGGA                CCGG AGAG CTGG                 CACACGACCGCAGGG
-0.1     174 ..     187   TCGCGCGCTTTAGGG               ACCGG AGAG CTGGC                ACACGACCGCAGGGC
 3.4     173 ..     188   CTCGCGCGCTTTAGG              GACCGG AGAG CTGGCA               CACGACCGCAGGGCG
 1.1     172 ..     189   ACTCGCGCGCTTTAG             GGACCGG AGAG CTGGCAC              ACGACCGCAGGGCGA
 4.4     179 ..     190   CGCTTTAGGGACCGG                AGAG CTGG CACA                 CGACCGCAGGGCGAC
 2.1     178 ..     191   GCGCTTTAGGGACCG               GAGAG CTGG CACAC                GACCGCAGGGCGACC
 4.3     176 ..     192   GCGCGCTTTAGGGAC             CG-GAG AGCTGG CACACG              ACCGCAGGGCGACCT
   5     182 ..     193   TTTAGGGACCGGAGA                GC-TG GCA CACGA                CCGCAGGGCGACCTG
 3.2     182 ..     194   TTTAGGGACCGGAGA                GCTG GCACA CGAC                CGCAGGGCGACCTGC
 0.4     185 ..     195   AGGGACCGGAGAGCT                 GG CACACGA CC                 GCAGGGCGACCTGCG
 1.7     184 ..     196   TAGGGACCGGAGAGC                TGG CACACGA CCG                CAGGGCGACCTGCGC
-0.2     182 ..     197   TTTAGGGACCGGAGA              GCTGGC ACAC GACCGC               AGGGCGACCTGCGCG
 3.3     181 ..     198   CTTTAGGGACCGGAG             AGCTGGC ACAC GACCGCA              GGGCGACCTGCGCGA
 3.5     183 ..     199   TTAGGGACCGGAGAG              CTG GCACACGACCG CAG              GGCGACCTGCGCGAT
 3.9     183 ..     200   TTAGGGACCGGAGAG             CTGGC ACACGACC GCAGG              GCGACCTGCGCGATG
 3.9     189 ..     201   ACCGGAGAGCTGGCA                CAC GACCGCA GGG                CGACCTGCGCGATGC
-2.4     192 ..     202   GGAGAGCTGGCACAC                 GACC GCA GGGC                 GACCTGCGCGATGCC
-4.7     191 ..     203   CGGAGAGCTGGCACA                CGACC GCA GGGCG                ACCTGCGCGATGCCC
-2.4     194 ..     204   AGAGCTGGCACACGA                 CCGC AGG GCGA                 CCTGCGCGATGCCCA
 1.1     193 ..     205   GAGAGCTGGCACACG                ACCGC AGG GCGAC                CTGCGCGATGCCCAC
-1.2     192 ..     206   GGAGAGCTGGCACAC               GACCGC AGG GCGACC               TGCGCGATGCCCACA
 2.3     191 ..     207   CGGAGAGCTGGCACA              CGACCGC AGG GCGACCT              GCGCGATGCCCACAC
-5.8     197 ..     208   GCTGGCACACGACCG                CAGG GCGA CCTG                 CGCGATGCCCACACC
-8.1     196 ..     209   AGCTGGCACACGACC               GCAGG GCGA CCTGC                GCGATGCCCACACCA
-10.4     195 ..     210   GAGCTGGCACACGAC              CGCAGG GCGA CCTGCG               CGATGCCCACACCAC
-6.9     194 ..     211   AGAGCTGGCACACGA             CCGCAGG GCGA CCTGCGC              GATGCCCACACCACA
-6.7     194 ..     212   AGAGCTGGCACACGA            C-CGCAGG GCGA CCTGCGCG             ATGCCCACACCACAC
-3.2     193 ..     213   GAGAGCTGGCACACG           AC-CGCAGG GCGA CCTGCGCGA            TGCCCACACCACACA
-1.9     192 ..     214   GGAGAGCTGGCACAC          GAC-CGCAGG GCGA CCTGCGCGAT           GCCCACACCACACAC
-4.2     191 ..     215   CGGAGAGCTGGCACA         CGAC-CGCAGG GCGA CCTGCGCGATG          CCCACACCACACACT
-2.4     196 ..     216   AGCTGGCACACGACC            GCAGGGCG ACCTG CGCGATGC            CCACACCACACACTC
-1.3     185 ..     217   AGGGACCGGAGAGCT    GGCACACGACCGCAGG GCGA CCTGCG--CGA-TGCC     CACACCACACACTCC
-2.7     199 ..     218   TGGCACACGACCGCA            GGGCGAC CTGCGC GATGCCC             ACACCACACACTCCG
-3.3     207 ..     219   GACCGCAGGGCGACC                TGCGC GAT GCCCA                CACCACACACTCCGC
 0.2     206 ..     220   CGACCGCAGGGCGAC               CTGCGC GAT GCCCAC               ACCACACACTCCGCC
 0.2     207 ..     221   GACCGCAGGGCGACC               TGCGCG ATG CCCACA               CCACACACTCCGCCC
 2.5     212 ..     222   CAGGGCGACCTGCGC                GATG CCCA CA-C                 CACACACTCCGCCCC
-4.768e-08     212 ..     223   CAGGGCGACCTGCGC                GATG CCCA CACC                 ACACACTCCGCCCCG
 1.8     214 ..     224   GGGCGACCTGCGCGA                 TG CCCACAC CA                 CACACTCCGCCCCGC
 1.2     210 ..     225   CGCAGGGCGACCTGC              GCGATG CCCA CACCAC               ACACTCCGCCCCGCG
 3.8     214 ..     226   GGGCGACCTGCGCGA                TG CCCACACCA CA                CACTCCGCCCCGCGC
 2.4     208 ..     227   ACCGCAGGGCGACCT            GCGCGATG CCCA CACCACAC             ACTCCGCCCCGCGCC
 1.5     207 ..     228   GACCGCAGGGCGACC           TGCGCGATG CCCA CACCACACA            CTCCGCCCCGCGCCT
   5     206 ..     229   CGACCGCAGGGCGAC          CTGCGCGATG CCCA CACCACACAC           TCCGCCCCGCGCCTG
 7.1     219 ..     230   ACCTGCGCGATGCCC                A CACCACACAC T                 CCGCCCCGCGCCTGG
 7.8     203 ..     231   ACACGACCGCAGGGC       GACCTGCGCGATG CCCA CACCACACAC-TC        CGCCCCGCGCCTGGT
None     222 ..     232   TGCGCGATGCCCACA                  CCACACACTCC                  GCCCCGCGCCTGGTG
 4.7     223 ..     233   GCGCGATGCCCACAC                 C ACACACTCC G                 CCCCGCGCCTGGTGA
 5.1     201 ..     234   GCACACGACCGCAGG     GCGACCTGCGCGATG CCCA CACCACACACTCCGC      CCCGCGCCTGGTGAA
 2.8     200 ..     235   GGCACACGACCGCAG    GGCGACCTGCGCGATG CCCA CACCACACACTCCGCC     CCGCGCCTGGTGAAC
 0.5     199 ..     236   TGGCACACGACCGCA   GGGCGACCTGCGCGATG CCCA CACCACACACTCCGCCC    CGCGCCTGGTGAACC
   4     198 ..     237   CTGGCACACGACCGC  AGGGCGACCTGCGCGATG CCCA CACCACACACTCCGCCCC   GCGCCTGGTGAACCG
 1.7     197 ..     238   GCTGGCACACGACCG CAGGGCGACCTGCGCGATG CCCA CACCACACACTCCGCCCCG  CGCCTGGTGAACCGA
-0.6     196 ..     239   AGCTGGCACACGACC GCAGGGCGACCTGCGCGATG CCCA CACCACACACTCCGCCCCGC GCCTGGTGAACCGAC
-2.9     195 ..     240   GAGCTGGCACACGAC CGCAGGGCGACCTGCGCGATG CCCA CACCACACACTCCGCCCCGCG CCTGGTGAACCGACC
-2.4     231 ..     241   CCCACACCACACACT                 CCGC CCC GCGC                 CTGGTGAACCGACCC
 1.1     230 ..     242   GCCCACACCACACAC                TCCGC CCC GCGCC                TGGTGAACCGACCCG
 4.4     232 ..     243   CCACACCACACACTC                CGCC CCGC GCCT                 GGTGAACCGACCCGG
 2.1     231 ..     244   CCCACACCACACACT               CCGCC CCGC GCCTG                GTGAACCGACCCGGG
-2.4     235 ..     245   CACCACACACTCCGC                 CCCG CGC CTGG                 TGAACCGACCCGGGT
 1.1     234 ..     246   ACACCACACACTCCG                CCCCG CGC CTGGT                GAACCGACCCGGGTG
-0.3     237 ..     247   CCACACACTCCGCCC                 CGC GCCTG GTG                 AACCGACCCGGGTGG
 1.2     238 ..     248   CACACACTCCGCCCC                 GCGC CTG GTGA                 ACCGACCCGGGTGGC
   3     230 ..     249   GCCCACACCACACAC            TCCGCC CCGCGCCT GGTGAA             CCGACCCGGGTGGCT
 4.7     240 ..     250   CACACTCCGCCCCGC                 G CCTGGTGAA C                 CGACCCGGGTGGCTA
 5.7     240 ..     251   CACACTCCGCCCCGC                G CCTGGTGAAC C                 GACCCGGGTGGCTAG
 1.1     242 ..     252   CACTCCGCCCCGCGC                CTGG TGAA CC-G                 ACCCGGGTGGCTAGC
 2.2     242 ..     253   CACTCCGCCCCGCGC                CTGG TGAA CCGA                 CCCGGGTGGCTAGCA
 1.2     244 ..     254   CTCCGCCCCGCGCCT                 GGTG AAC CGAC                 CCGGGTGGCTAGCAA
-1.5     244 ..     255   CTCCGCCCCGCGCCT                GGT GAACCG ACC                 CGGGTGGCTAGCAAC
   2     243 ..     256   ACTCCGCCCCGCGCC               TGGT GAACCG ACCC                GGGTGGCTAGCAACT
-0.3     242 ..     257   CACTCCGCCCCGCGC              CTGGT GAACCG ACCCG               GGTGGCTAGCAACTA
-2.6     241 ..     258   ACACTCCGCCCCGCG             CCTGGT GAACCG ACCCGG              GTGGCTAGCAACTAT
-3.4     235 ..     259   CACCACACACTCCGC         CCCGCGCCTGG TGAA CC-GACCCGGG          TGGCTAGCAACTATC
-3.3     248 ..     260   GCCCCGCGCCTGGTG                AACCG ACC CGGGT                GGCTAGCAACTATCA
-1.9     239 ..     261   ACACACTCCGCCCCG           CGCCTGG TGAACCGAC CCGGGTG           GCTAGCAACTATCAG
-2.2     236 ..     262   ACCACACACTCCGCC        CCGCGCCTGGT GAACCG ACCCGG-GTGG         CTAGCAACTATCAGT
-0.8     245 ..     263   TCCGCCCCGCGCCTG             GTGAACCG ACC CGGGTGGC             TAGCAACTATCAGTT
9.537e-08     253 ..     264   GCGCCTGGTGAACCG                ACCC GGGT GGCT                 AGCAACTATCAGTTC
-0.4     243 ..     265   ACTCCGCCCCGCGCC           TGGTGAACCG ACC CGGGTGGCTA           GCAACTATCAGTTCA
-2.7     242 ..     266   CACTCCGCCCCGCGC          CTGGTGAACCG ACC CGGGTGGCTAG          CAACTATCAGTTCAA
 0.8     241 ..     267   ACACTCCGCCCCGCG         CCTGGTGAACCG ACC CGGGTGGCTAGC         AACTATCAGTTCAAT
 4.3     240 ..     268   CACACTCCGCCCCGC        GCCTGGTGAACCG ACC CGGGTGGCTAGCA        ACTATCAGTTCAATA
 3.3     259 ..     269   GGTGAACCGACCCGG                 GTG GCTAG CAA                 CTATCAGTTCAATAC
-4.768e-08     259 ..     270   GGTGAACCGACCCGG                GTGG CTAG CAAC                 TATCAGTTCAATACA
 1.3     258 ..     271   TGGTGAACCGACCCG               GGTGG CTAG CAACT                ATCAGTTCAATACAC
 1.7     260 ..     272   GTGAACCGACCCGGG                TGGCT AGC AACTA                TCAGTTCAATACACA
 0.4     263 ..     273   AACCGACCCGGGTGG                 CTAG CAA CTAT                 CAGTTCAATACACAA
-1.9     262 ..     274   GAACCGACCCGGGTG                GCTAG CAA CTATC                AGTTCAATACACAAA
   1     260 ..     275   GTGAACCGACCCGGG              TGGCTAG CAA CTA-TCA              GTTCAATACACAAAG
 1.9     256 ..     276   CCTGGTGAACCGACC            CGGGTGGCT AGC AACTATCAG            TTCAATACACAAAGC
 4.2     259 ..     277   GGTGAACCGACCCGG             GTGGCTAG CAA CTATCAGT             TCAATACACAAAGCC
  -4     268 ..     278   ACCCGGGTGGCTAGC                 AACT ATC AGTT                 CAATACACAAAGCCG
-0.5     267 ..     279   GACCCGGGTGGCTAG                CAACT ATC AGTTC                AATACACAAAGCCGT
   3     266 ..     280   CGACCCGGGTGGCTA               GCAACT ATC AGTTCA               ATACACAAAGCCGTC
 2.3     264 ..     281   ACCGACCCGGGTGGC             TAGCAACT ATC AGTT-CAA             TACACAAAGCCGTCA
 3.2     272 ..     282   GGGTGGCTAGCAACT                 AT CAGTTCA AT                 ACACAAAGCCGTCAT
 2.3     271 ..     283   CGGGTGGCTAGCAAC                TAT CAGTTCA ATA                CACAAAGCCGTCATC
 5.8     270 ..     284   CCGGGTGGCTAGCAA               CTAT CAGTTCA ATAC               ACAAAGCCGTCATCG
 3.3     275 ..     285   TGGCTAGCAACTATC                 AGT TCAAT ACA                 CAAAGCCGTCATCGA
 1.8     276 ..     286   GGCTAGCAACTATCA                 GT TCAATAC AC                 AAAGCCGTCATCGAC
 5.3     275 ..     287   TGGCTAGCAACTATC                AGT TCAATAC ACA                AAGCCGTCATCGACA
 4.2     277 ..     288   GCTAGCAACTATCAG                TT CAATACAC AA                 AGCCGTCATCGACAG
 5.2     277 ..     289   GCTAGCAACTATCAG                TT CAATACACA AA                GCCGTCATCGACAGG
 5.7     279 ..     290   TAGCAACTATCAGTT                C AATACACAAA G                 CCGTCATCGACAGGC
 6.1     276 ..     291   GGCTAGCAACTATCA              GTT CAATACACAA AGC               CGTCATCGACAGGCA
 7.7     282 ..     292   CAACTATCAGTTCAA                 TAC ACAAA GCC                 GTCATCGACAGGCAA
 7.3     274 ..     293   GTGGCTAGCAACTAT            CAGTT CAATACACAA AGCCG             TCATCGACAGGCAAC
 2.8     283 ..     294   AACTATCAGTTCAAT                AC ACAAAGCC GT                 CATCGACAGGCAACT
 4.3     284 ..     295   ACTATCAGTTCAATA                CAC AAAGCC GTC                 ATCGACAGGCAACTC
 7.8     283 ..     296   AACTATCAGTTCAAT               ACAC AAAGCC GTCA                TCGACAGGCAACTCA
 6.1     287 ..     297   ATCAGTTCAATACAC                 A AAGCCGTCA T                 CGACAGGCAACTCAA
 5.8     287 ..     298   ATCAGTTCAATACAC                AAAG CCGT CATC                 GACAGGCAACTCAAT
 3.5     286 ..     299   TATCAGTTCAATACA               CAAAG CCGT CATCG                ACAGGCAACTCAATT
 6.2     290 ..     300   AGTTCAATACACAAA                 GC CGTCATC GA                 CAGGCAACTCAATTC
-1.4     290 ..     301   AGTTCAATACACAAA                GCCG TCAT CGAC                 AGGCAACTCAATTCA
  -1     292 ..     302   TTCAATACACAAAGC                 CGTC ATC GACA                 GGCAACTCAATTCAG
-3.3     291 ..     303   GTTCAATACACAAAG                CCGTC ATC GACAG                GCAACTCAATTCAGA
-3.1     291 ..     304   GTTCAATACACAAAG               CC-GTC ATC GACAGG               CAACTCAATTCAGAC
-5.4     290 ..     305   AGTTCAATACACAAA              GCC-GTC ATC GACAGGC              AACTCAATTCAGACT
-1.9     289 ..     306   CAGTTCAATACACAA             AGCC-GTC ATC GACAGGCA             ACTCAATTCAGACTA
 1.6     288 ..     307   TCAGTTCAATACACA            AAGCC-GTC ATC GACAGGCAA            CTCAATTCAGACTAC
 4.8     293 ..     308   TCAATACACAAAGCC              GTCATC GACA GGCAAC               TCAATTCAGACTACT
 5.5     289 ..     309   CAGTTCAATACACAA            AGCCGTC ATCGACA GGCAACT            CAATTCAGACTACTC
 2.8     299 ..     310   CACAAAGCCGTCATC                GA CAGGCAAC TC                 AATTCAGACTACTCT
 5.8     300 ..     311   ACAAAGCCGTCATCG                ACAG GCAA CTCA                 ATTCAGACTACTCTC
 5.4     297 ..     312   TACACAAAGCCGTCA              TCGA CAGGCAAC TCAA               TTCAGACTACTCTCA
 4.5     296 ..     313   ATACACAAAGCCGTC             ATCGA CAGGCAAC TCAAT              TCAGACTACTCTCAC
 7.4     302 ..     314   AAAGCCGTCATCGAC                AG GCAACTCAA TT                CAGACTACTCTCACC
 4.3     304 ..     315   AGCCGTCATCGACAG                GCA ACTCAA TTC                 AGACTACTCTCACCC
 7.8     303 ..     316   AAGCCGTCATCGACA               GGCA ACTCAA TTCA                GACTACTCTCACCCT
 6.7     305 ..     317   GCCGTCATCGACAGG                C AACTCAATTCA G                ACTACTCTCACCCTG
 4.3     307 ..     318   CGTCATCGACAGGCA                ACT CAATTC AGA                 CTACTCTCACCCTGA
 4.3     308 ..     319   GTCATCGACAGGCAA                CTC AATTCA GAC                 TACTCTCACCCTGAx
 3.4     307 ..     320   CGTCATCGACAGGCA               ACTC AATTCA GACT                ACTCTCACCCTGAxx
 6.2     311 ..     321   ATCGACAGGCAACTC                 AATT CAG ACTA                 CTCTCACCCTGAxxx
 7.6     312 ..     322   TCGACAGGCAACTCA                 AT TCAGACT AC                 TCTCACCCTGAxxxx
 5.7     312 ..     323   TCGACAGGCAACTCA                ATT CAGACT ACT                 CTCACCCTGAxxxxx
 8.3     314 ..     324   GACAGGCAACTCAAT                TCAG ACTA CTC-                 TCACCCTGAxxxxxx
 3.9     315 ..     325   ACAGGCAACTCAATT                CAGA CTAC TCT-                 CACCCTGAxxxxxxx
 1.4     315 ..     326   ACAGGCAACTCAATT                CAGA CTAC TCTC                 ACCCTGAxxxxxxxx
 0.5     314 ..     327   GACAGGCAACTCAAT               TCAGA CTAC TCTCA                CCCTGAxxxxxxxxx
   4     313 ..     328   CGACAGGCAACTCAA              TTCAGA CTAC TCTCAC               CCTGAxxxxxxxxxx
 6.7     317 ..     329   AGGCAACTCAATTCA                G ACTACTCTCAC C                CTGAxxxxxxxxxxx
 7.7     317 ..     330   AGGCAACTCAATTCA               G ACTACTCTCACC C                TGAxxxxxxxxxxxx
 6.1     321 ..     331   AACTCAATTCAGACT                 A CTCTCACCC T                 GAxxxxxxxxxxxxx
 4.5     315 ..     332   ACAGGCAACTCAATT             CAG ACTACTCTCACC CTG              Axxxxxxxxxxxxxx
