>AF025758.1:1519-1855 HIV-1 isolate SFMHS11.1 from San Francisco, envelope glycoprotein (env) gene, complete cds FORWARD
None       1 ..      11   xxxxxxxxxxxxxxx                  ACTAAGGCAAA                  GAGAAGAGTGGTGCA
 1.8       2 ..      12   xxxxxxxxxxxxxxA                 CT AAGGCAA AG                 AGAAGAGTGGTGCAG
 5.3       1 ..      13   xxxxxxxxxxxxxxx                ACT AAGGCAA AGA                GAAGAGTGGTGCAGA
 3.8       2 ..      14   xxxxxxxxxxxxxxA                CT AAGGCAAAG AG                AAGAGTGGTGCAGAG
 7.3       1 ..      15   xxxxxxxxxxxxxxx               ACT AAGGCAAAG AGA               AGAGTGGTGCAGAGA
 7.7       6 ..      16   xxxxxxxxxxACTAA                 GGC AAAGA GAA                 GAGTGGTGCAGAGAG
 6.8       2 ..      17   xxxxxxxxxxxxxxA              CT AAGGCAAAGAGA AG               AGTGGTGCAGAGAGA
 7.2       7 ..      18   xxxxxxxxxACTAAG                GC AAAGAGAA GA                 GTGGTGCAGAGAGAA
 5.7       8 ..      19   xxxxxxxxACTAAGG                C AAAGAGAAGA G                 TGGTGCAGAGAGAAA
 6.1      10 ..      20   xxxxxxACTAAGGCA                 A AGAGAAGAG T                 GGTGCAGAGAGAAAA
 4.8       8 ..      21   xxxxxxxxACTAAGG               CA AAGAGAAGAG TG                GTGCAGAGAGAAAAA
 7.3       8 ..      22   xxxxxxxxACTAAGG               CAA AGAGAAGAG TGG               TGCAGAGAGAAAAAA
 6.1      13 ..      23   xxxACTAAGGCAAAG                 A GAAGAGTGG T                 GCAGAGAGAAAAAAG
 7.6      14 ..      24   xxACTAAGGCAAAGA                 GA AGAGTGG TG                 CAGAGAGAAAAAAGA
 4.3      14 ..      25   xxACTAAGGCAAAGA                GAA GAGTGG TGC                 AGAGAGAAAAAAGAG
 6.2      16 ..      26   ACTAAGGCAAAGAGA                 AG AGTGGTG CA                 GAGAGAAAAAAGAGC
   7      17 ..      27   CTAAGGCAAAGAGAA                 GAGT GGT GCAG                 AGAGAAAAAAGAGCA
 4.8      18 ..      28   TAAGGCAAAGAGAAG                 AGTG GTG CAGA                 GAGAAAAAAGAGCAG
 7.6      19 ..      29   AAGGCAAAGAGAAGA                 GT GGTGCAG AG                 AGAAAAAAGAGCAGT
 6.1      20 ..      30   AGGCAAAGAGAAGAG                 T GGTGCAGAG A                 GAAAAAAGAGCAGTG
None      21 ..      31   GGCAAAGAGAAGAGT                  GGTGCAGAGAG                  AAAAAAGAGCAGTGG
   7      22 ..      32   GCAAAGAGAAGAGTG                 GTGC AGA GAGA                 AAAAAGAGCAGTGGG
 3.3      23 ..      33   CAAAGAGAAGAGTGG                 TGC AGAGA GAA                 AAAAGAGCAGTGGGA
 6.8      22 ..      34   GCAAAGAGAAGAGTG                GTGC AGAGA GAAA                AAAGAGCAGTGGGAA
 8.1      23 ..      35   CAAAGAGAAGAGTGG                T GCAGAGAGAAA A                AAGAGCAGTGGGAAT
None      26 ..      36   AGAGAAGAGTGGTGC                  AGAGAGAAAAA                  AGAGCAGTGGGAATA
None      27 ..      37   GAGAAGAGTGGTGCA                  GAGAGAAAAAA                  GAGCAGTGGGAATAG
 7.7      25 ..      38   AAGAGAAGAGTGGTG               C AGAGAGAAAAAA G                AGCAGTGGGAATAGG
None      29 ..      39   GAAGAGTGGTGCAGA                  GAGAAAAAAGA                  GCAGTGGGAATAGGA
None      30 ..      40   AAGAGTGGTGCAGAG                  AGAAAAAAGAG                  CAGTGGGAATAGGAG
 4.7      31 ..      41   AGAGTGGTGCAGAGA                 G AAAAAAGAG C                 AGTGGGAATAGGAGC
   8      23 ..      42   CAAAGAGAAGAGTGG            TGCA GAGAGAAAAAAG AGCA             GTGGGAATAGGAGCT
None      33 ..      43   AGTGGTGCAGAGAGA                  AAAAAGAGCAG                  TGGGAATAGGAGCTG
 6.1      34 ..      44   GTGGTGCAGAGAGAA                 A AAAGAGCAG T                 GGGAATAGGAGCTGT
 7.6      35 ..      45   TGGTGCAGAGAGAAA                 AA AGAGCAG TG                 GGAATAGGAGCTGTA
None      36 ..      46   GGTGCAGAGAGAAAA                  AAGAGCAGTGG                  GAATAGGAGCTGTAC
None      37 ..      47   GTGCAGAGAGAAAAA                  AGAGCAGTGGG                  AATAGGAGCTGTACT
None      38 ..      48   TGCAGAGAGAAAAAA                  GAGCAGTGGGA                  ATAGGAGCTGTACTC
 7.7      39 ..      49   GCAGAGAGAAAAAAG                 AGC AGTGG GAA                 TAGGAGCTGTACTCC
 7.1      39 ..      50   GCAGAGAGAAAAAAG                A GCAGTGGGAA T                 AGGAGCTGTACTCCT
 6.2      41 ..      51   AGAGAGAAAAAAGAG                 CAGT GGG AATA                 GGAGCTGTACTCCTT
 3.6      41 ..      52   AGAGAGAAAAAAGAG                CAGT GGGA ATAG                 GAGCTGTACTCCTTG
 6.7      41 ..      53   AGAGAGAAAAAAGAG                C AGTGGGAATAG G                AGCTGTACTCCTTGG
 6.1      44 ..      54   GAGAAAAAAGAGCAG                 T GGGAATAGG A                 GCTGTACTCCTTGGG
 8.7      41 ..      55   AGAGAGAAAAAAGAG               C AGTGGGAATAGGA G               CTGTACTCCTTGGGT
 4.7      46 ..      56   GAAAAAAGAGCAGTG                 G GAATAGGAG C                 TGTACTCCTTGGGTT
   5      46 ..      57   GAAAAAAGAGCAGTG                GG AATAGGAG CT                 GTACTCCTTGGGTTC
 3.8      41 ..      58   AGAGAGAAAAAAGAG             CAGT GGGAATAGGA GCTG              TACTCCTTGGGTTCT
-1.8      49 ..      59   AAAAGAGCAGTGGGA                 ATAG GAG CTGT                 ACTCCTTGGGTTCTT
 1.7      48 ..      60   AAAAAGAGCAGTGGG                AATAG GAG CTGTA                CTCCTTGGGTTCTTG
-0.6      47 ..      61   AAAAAAGAGCAGTGG               GAATAG GAG CTGTAC               TCCTTGGGTTCTTGG
 0.7      46 ..      62   GAAAAAAGAGCAGTG              GGAATAG GAG CTGTACT              CCTTGGGTTCTTGGG
-2.5      53 ..      63   GAGCAGTGGGAATAG                 GAG CTGTA CTC                 CTTGGGTTCTTGGGA
-4.8      52 ..      64   AGAGCAGTGGGAATA                GGAG CTGTA CTCC                TTGGGTTCTTGGGAG
-5.7      51 ..      65   AAGAGCAGTGGGAAT               AGGAG CTGTA CTCCT               TGGGTTCTTGGGAGC
-2.2      50 ..      66   AAAGAGCAGTGGGAA              TAGGAG CTGTA CTCCTT              GGGTTCTTGGGAGCA
-4.768e-08      41 ..      67   AGAGAGAAAAAAGAG         CAGTGGGAATAG GAG CTGTACTCCTTG         GGTTCTTGGGAGCAG
 3.5      40 ..      68   CAGAGAGAAAAAAGA        GCAGTGGGAATAG GAG CTGTACTCCTTGG        GTTCTTGGGAGCAGC
 5.5      59 ..      69   TGGGAATAGGAGCTG                 TAC TCCTT GGG                 TTCTTGGGAGCAGCA
-3.2      60 ..      70   GGGAATAGGAGCTGT                 ACTC CTT GGGT                 TCTTGGGAGCAGCAG
 0.3      59 ..      71   TGGGAATAGGAGCTG                TACTC CTT GGGTT                CTTGGGAGCAGCAGG
  -2      58 ..      72   GTGGGAATAGGAGCT               GTACTC CTT GGGTTC               TTGGGAGCAGCAGGA
 1.5      57 ..      73   AGTGGGAATAGGAGC              TGTACTC CTT GGGTTCT              TGGGAGCAGCAGGAA
   5      56 ..      74   CAGTGGGAATAGGAG             CTGTACTC CTT GGGTTCTT             GGGAGCAGCAGGAAG
 4.4      64 ..      75   ATAGGAGCTGTACTC                CTTG GGTT CTTG                 GGAGCAGCAGGAAGC
 2.1      63 ..      76   AATAGGAGCTGTACT               CCTTG GGTT CTTGG                GAGCAGCAGGAAGCA
 0.2      63 ..      77   AATAGGAGCTGTACT               CCTTGG GTT CTTGGG               AGCAGCAGGAAGCAC
-0.7      62 ..      78   GAATAGGAGCTGTAC              TCCTTGG GTT CTTGGGA              GCAGCAGGAAGCACT
  -3      61 ..      79   GGAATAGGAGCTGTA             CTCCTTGG GTT CTTGGGAG             CAGCAGGAAGCACTA
-2.2      69 ..      80   AGCTGTACTCCTTGG                GTTC TTGG GAGC                 AGCAGGAAGCACTAT
-0.4      59 ..      81   TGGGAATAGGAGCTG           TACTCCTTGG GTT CTTGGGAGCA           GCAGGAAGCACTATG
 1.8      72 ..      82   TGTACTCCTTGGGTT                 CT TGGGAGC AG                 CAGGAAGCACTATGG
 1.2      55 ..      83   GCAGTGGGAATAGGA       GCTGTACTCCTTGG GTT CTTGGGAG--CAGC       AGGAAGCACTATGGG
 1.8      74 ..      84   TACTCCTTGGGTTCT                 TG GGAGCAG CA                 GGAAGCACTATGGGC
 0.1      56 ..      85   CAGTGGGAATAGGAG       CTG-TACTCCTTGG GTT CTTGGGAGCAGCAG       GAAGCACTATGGGCG
 0.8      72 ..      86   TGTACTCCTTGGGTT               CTTG GGAGCAG CAGG               AAGCACTATGGGCGC
-0.1      71 ..      87   CTGTACTCCTTGGGT              TCTTG GGAGCAG CAGGA              AGCACTATGGGCGCA
  -1      70 ..      88   GCTGTACTCCTTGGG             TTCTTG GGAGCAG CAGGAA             GCACTATGGGCGCAG
 2.5      69 ..      89   AGCTGTACTCCTTGG            GTTCTTG GGAGCAG CAGGAAG            CACTATGGGCGCAGC
 0.2      68 ..      90   GAGCTGTACTCCTTG           GGTTCTTG GGAGCAG CAGGAAGC           ACTATGGGCGCAGCG
 1.9      81 ..      91   TGGGTTCTTGGGAGC                 AGC AGGAA GCA                 CTATGGGCGCAGCGT
 2.6      77 ..      92   TCCTTGGGTTCTTGG              GAGC AGCAGGAA GCAC               TATGGGCGCAGCGTC
 3.8      81 ..      93   TGGGTTCTTGGGAGC                AG CAGGAAGCA CT                ATGGGCGCAGCGTCA
 4.3      83 ..      94   GGTTCTTGGGAGCAG                CAG GAAGCA CTA                 TGGGCGCAGCGTCAT
 5.6      82 ..      95   GGGTTCTTGGGAGCA               GCAG GAAGCA CTAT                GGGCGCAGCGTCATT
 4.8      83 ..      96   GGTTCTTGGGAGCAG               CA-GG AAGCA CTATG               GGCGCAGCGTCATTG
 5.7      63 ..      97   AATAGGAGCTGTACT    CCTTGG-G-TTCTTG GGAGCAG CAGGAAGCACTATGG    GCGCAGCGTCATTGA
 4.8      88 ..      98   TTGGGAGCAGCAGGA                 AGCA CTA TGGG                 CGCAGCGTCATTGAC
-2.4      89 ..      99   TGGGAGCAGCAGGAA                 GCAC TAT GGGC                 GCAGCGTCATTGACG
 1.1      88 ..     100   TTGGGAGCAGCAGGA                AGCAC TAT GGGCG                CAGCGTCATTGACGC
-1.1      89 ..     101   TGGGAGCAGCAGGAA                GCACT ATG GGCGC                AGCGTCATTGACGCT
 2.4      88 ..     102   TTGGGAGCAGCAGGA               AGCACT ATG GGCGCA               GCGTCATTGACGCTG
 2.8      92 ..     103   GAGCAGCAGGAAGCA                CT ATGGGCGC AG                 CGTCATTGACGCTGA
 3.6      86 ..     104   TCTTGGGAGCAGCAG             GAAGCACT ATG GGCGCAGC             GTCATTGACGCTGAC
 3.5      92 ..     105   GAGCAGCAGGAAGCA               CTATG GGCG CAGCG                TCATTGACGCTGACG
 1.2      96 ..     106   AGCAGGAAGCACTAT                 GGGC GCA GCGT                 CATTGACGCTGACGG
-4.6      97 ..     107   GCAGGAAGCACTATG                 GGCG CAG CGTC                 ATTGACGCTGACGGT
-1.1      96 ..     108   AGCAGGAAGCACTAT                GGGCG CAG CGTCA                TTGACGCTGACGGTA
-0.4      94 ..     109   GCAGCAGGAAGCACT              ATGGGCG CAG CGTC-AT              TGACGCTGACGGTAC
 1.5      94 ..     110   GCAGCAGGAAGCACT              ATGGGCG CAG CGTCATT              GACGCTGACGGTACA
 0.8      92 ..     111   GAGCAGCAGGAAGCA            CTATGGGCG CAG CGTC-ATTG            ACGCTGACGGTACAG
 4.3      91 ..     112   GGAGCAGCAGGAAGC           ACTATGGGCG CAG CGTC-ATTGA           CGCTGACGGTACAGG
 4.7     103 ..     113   AGCACTATGGGCGCA                G-CG TCAT TGAC                 GCTGACGGTACAGGC
-6.8     104 ..     114   GCACTATGGGCGCAG                 CGTC ATT GACG                 CTGACGGTACAGGCC
-9.1     103 ..     115   AGCACTATGGGCGCA                GCGTC ATT GACGC                TGACGGTACAGGCCA
 -10     102 ..     116   AAGCACTATGGGCGC               AGCGTC ATT GACGCT               GACGGTACAGGCCAG
-12.3     101 ..     117   GAAGCACTATGGGCG              CAGCGTC ATT GACGCTG              ACGGTACAGGCCAGA
-8.8     100 ..     118   GGAAGCACTATGGGC             GCAGCGTC ATT GACGCTGA             CGGTACAGGCCAGAC
-8.6     100 ..     119   GGAAGCACTATGGGC            G-CAGCGTC ATT GACGCTGAC            GGTACAGGCCAGACT
-10.9      99 ..     120   AGGAAGCACTATGGG           CG-CAGCGTC ATT GACGCTGACG           GTACAGGCCAGACTA
-7.4      98 ..     121   CAGGAAGCACTATGG          GCG-CAGCGTC ATT GACGCTGACGG          TACAGGCCAGACTAT
-6.1      97 ..     122   GCAGGAAGCACTATG         GGCG-CAGCGTC ATT GACGCTGACGGT         ACAGGCCAGACTATT
-2.6      96 ..     123   AGCAGGAAGCACTAT        GGGCG-CAGCGTC ATT GACGCTGACGGTA        CAGGCCAGACTATTA
-2.4      96 ..     124   AGCAGGAAGCACTAT       GGG-CG-CAGCGTC ATT GACGCTGACGGTAC       AGGCCAGACTATTAT
-3.3      95 ..     125   CAGCAGGAAGCACTA      TGGG-CG-CAGCGTC ATT GACGCTGACGGTACA      GGCCAGACTATTATT
-1.5     115 ..     126   GCAGCGTCATTGACG                CTG ACGGTA CAG                 GCCAGACTATTATTG
 1.5      93 ..     127   AGCAGCAGGAAGCAC    TATGGG-CG-CAGCGTC ATT GACGCTGACGGTACAGG    CCAGACTATTATTGT
 0.7      89 ..     128   TGGGAGCAGCAGGAA GCACTATGGGCG-CAGCGTC ATT GACGCTGACGG-TACAG-GC CAGACTATTATTGTC
 2.7      96 ..     129   AGCAGGAAGCACTAT     GGGC-GCAGCGTCA TTGACGC TGACGGTACAGGCC     AGACTATTATTGTCT
 1.8      95 ..     130   CAGCAGGAAGCACTA    TGGGC-GCAGCGTCA TTGACGC TGACGGTACAGGCCA    GACTATTATTGTCTG
 0.7     115 ..     131   GCAGCGTCATTGACG              CTGAC GGTACAG GCCAG              ACTATTATTGTCTGG
 4.2     114 ..     132   CGCAGCGTCATTGAC             GCTGAC GGTACAG GCCAGA             CTATTATTGTCTGGT
 3.6     117 ..     133   AGCGTCATTGACGCT             GAC-GGT ACAG GCCAGAC              TATTATTGTCTGGTA
 5.1     120 ..     134   GTCATTGACGCTGAC               GGT ACAGGCCAG ACT               ATTATTGTCTGGTAT
 4.3     124 ..     135   TTGACGCTGACGGTA                CAG GCCAGA CTA                 TTATTGTCTGGTATA
 3.4     123 ..     136   ATTGACGCTGACGGT               ACAG GCCAGA CTAT                TATTGTCTGGTATAG
 6.9     122 ..     137   CATTGACGCTGACGG              TACAG GCCAGA CTATT               ATTGTCTGGTATAGT
 7.2     122 ..     138   CATTGACGCTGACGG              TACAGG CCAGA CTATTA              TTGTCTGGTATAGTG
 8.4     129 ..     139   GCTGACGGTACAGGC                 CAGA CTA TTAT                 TGTCTGGTATAGTGC
 5.4     130 ..     140   CTGACGGTACAGGCC                 AG ACTATTA TT                 GTCTGGTATAGTGCA
 3.1     129 ..     141   GCTGACGGTACAGGC                CAG ACTATTA TTG                TCTGGTATAGTGCAA
 0.4     132 ..     142   GACGGTACAGGCCAG                 ACTA TTA TTGT                 CTGGTATAGTGCAAC
-1.9     131 ..     143   TGACGGTACAGGCCA                GACTA TTA TTGTC                TGGTATAGTGCAACA
-2.8     130 ..     144   CTGACGGTACAGGCC               AGACTA TTA TTGTCT               GGTATAGTGCAACAG
-5.1     129 ..     145   GCTGACGGTACAGGC              CAGACTA TTA TTGTCTG              GTATAGTGCAACAGC
-7.4     128 ..     146   CGCTGACGGTACAGG             CCAGACTA TTA TTGTCTGG             TATAGTGCAACAGCA
-6.1     127 ..     147   ACGCTGACGGTACAG            GCCAGACTA TTA TTGTCTGGT            ATAGTGCAACAGCAG
-2.6     126 ..     148   GACGCTGACGGTACA           GGCCAGACTA TTA TTGTCTGGTA           TAGTGCAACAGCAGA
-3.5     125 ..     149   TGACGCTGACGGTAC          AGGCCAGACTA TTA TTGTCTGGTAT          AGTGCAACAGCAGAA
-4.768e-07     124 ..     150   TTGACGCTGACGGTA         CAGGCCAGACTA TTA TTGTCTGGTATA         GTGCAACAGCAGAAC
 0.2     124 ..     151   TTGACGCTGACGGTA        C-AGGCCAGACTA TTA TTGTCTGGTATAG        TGCAACAGCAGAACA
-0.7     123 ..     152   ATTGACGCTGACGGT       AC-AGGCCAGACTA TTA TTGTCTGGTATAGT       GCAACAGCAGAACAA
 0.6     122 ..     153   CATTGACGCTGACGG      TAC-AGGCCAGACTA TTA TTGTCTGGTATAGTG      CAACAGCAGAACAAT
-1.7     121 ..     154   TCATTGACGCTGACG     GTAC-AGGCCAGACTA TTA TTGTCTGGTATAGTGC     AACAGCAGAACAATT
 1.8     120 ..     155   GTCATTGACGCTGAC    GGTAC-AGGCCAGACTA TTA TTGTCTGGTATAGTGCA    ACAGCAGAACAATTT
 1.7     144 ..     156   CAGACTATTATTGTC                TGGTA TAG TGCAA                CAGCAGAACAATTTG
 2.8     146 ..     157   GACTATTATTGTCTG                GT ATAGTGCA AC                 AGCAGAACAATTTGC
 4.3     142 ..     158   GCCAGACTATTATTG              TCTGGTA TAG TGCAACA              GCAGAACAATTTGCT
 2.1     143 ..     159   CCAGACTATTATTGT              CTGGT ATAGTGC AACAG              CAGAACAATTTGCTG
 3.5     114 ..     160   CGCAGCGTCATTGAC GCTGACGGTAC-AGGCCAGACTA TTA TTGTCTGGTATAGTGCAA-CAGC AGAACAATTTGCTGA
 2.5     151 ..     161   TTATTGTCTGGTATA                GTGC AACA GCA-                 GAACAATTTGCTGAG
   0     151 ..     162   TTATTGTCTGGTATA                GTGC AACA GCAG                 AACAATTTGCTGAGG
 2.8     142 ..     163   GCCAGACTATTATTG           TCTGGTAT AGTGCA ACAGCAGA            ACAATTTGCTGAGGG
 2.6     149 ..     164   TATTATTGTCTGGTA              TAGTGC AACA GCAGAA               CAATTTGCTGAGGGC
   3     151 ..     165   TTATTGTCTGGTATA               GTGC AACAGCA GAAC               AATTTGCTGAGGGCT
 5.2     147 ..     166   ACTATTATTGTCTGG            TATAGTGC AACA GCAGAACA             ATTTGCTGAGGGCTA
 4.7     139 ..     167   CAGGCCAGACTATTA       TTG-TCTGGTAT AGTGCA ACAGCAGAACAA        TTTGCTGAGGGCTAT
 3.8     138 ..     168   ACAGGCCAGACTATT      ATTG-TCTGGTAT AGTGCA ACAGCAGAACAAT       TTGCTGAGGGCTATT
 5.9     155 ..     169   TGTCTGGTATAGTGC               AACAG CAGAA CAATT               TGCTGAGGGCTATTG
 6.9     160 ..     170   GGTATAGTGCAACAG                 CAG AACAA TTT                 GCTGAGGGCTATTGA
-0.8     160 ..     171   GGTATAGTGCAACAG                CAGA ACAA TTTG                 CTGAGGGCTATTGAG
-3.1     159 ..     172   TGGTATAGTGCAACA               GCAGA ACAA TTTGC                TGAGGGCTATTGAGG
  -4     158 ..     173   CTGGTATAGTGCAAC              AGCAGA ACAA TTTGCT               GAGGGCTATTGAGGC
-6.3     157 ..     174   TCTGGTATAGTGCAA             CAGCAGA ACAA TTTGCTG              AGGGCTATTGAGGCG
-2.8     156 ..     175   GTCTGGTATAGTGCA            ACAGCAGA ACAA TTTGCTGA             GGGCTATTGAGGCGC
 0.7     155 ..     176   TGTCTGGTATAGTGC           AACAGCAGA ACAA TTTGCTGAG            GGCTATTGAGGCGCA
-1.6     154 ..     177   TTGTCTGGTATAGTG          CAACAGCAGA ACAA TTTGCTGAGG           GCTATTGAGGCGCAA
 1.9     153 ..     178   ATTGTCTGGTATAGT         GCAACAGCAGA ACAA TTTGCTGAGGG          CTATTGAGGCGCAAC
 2.1     153 ..     179   ATTGTCTGGTATAGT        G-CAACAGCAGA ACAA TTTGCTGAGGGC         TATTGAGGCGCAACA
 1.2     170 ..     180   AACAGCAGAACAATT                 TGCT GAG GGCT                 ATTGAGGCGCAACAG
 0.3     169 ..     181   CAACAGCAGAACAAT                TTGCT GAG GGCTA                TTGAGGCGCAACAGC
 0.7     148 ..     182   CTATTATTGTCTGGT    ATAGTGCAACAGCAGA ACAA TTTGCTGAGG-GCTAT     TGAGGCGCAACAGCA
 2.9     167 ..     183   TGCAACAGCAGAACA              ATTTGCT GAG GGCTATT              GAGGCGCAACAGCAT
 2.2     165 ..     184   AGTGCAACAGCAGAA            CAATTTGCT GAG GGCT-ATTG            AGGCGCAACAGCATC
 5.7     164 ..     185   TAGTGCAACAGCAGA           ACAATTTGCT GAG GGCT-ATTGA           GGCGCAACAGCATCT
 3.7     172 ..     186   CAGCAGAACAATTTG               CTGAG GGCTA TTGAG               GCGCAACAGCATCTG
 7.2     171 ..     187   ACAGCAGAACAATTT              GCTGAG GGCTA TTGAGG              CGCAACAGCATCTGT
-0.3     178 ..     188   AACAATTTGCTGAGG                 GCT ATTGA GGC                 GCAACAGCATCTGTT
 3.2     177 ..     189   GAACAATTTGCTGAG                GGCT ATTGA GGCG                CAACAGCATCTGTTG
 0.9     176 ..     190   AGAACAATTTGCTGA               GGGCT ATTGA GGCGC               AACAGCATCTGTTGC
 4.4     175 ..     191   CAGAACAATTTGCTG              AGGGCT ATTGA GGCGCA              ACAGCATCTGTTGCA
-1.1     182 ..     192   ATTTGCTGAGGGCTA                 TTG AGGCG CAA                 CAGCATCTGTTGCAA
 2.4     181 ..     193   AATTTGCTGAGGGCT                ATTG AGGCG CAAC                AGCATCTGTTGCAAC
 1.5     180 ..     194   CAATTTGCTGAGGGC               TATTG AGGCG CAACA               GCATCTGTTGCAACT
-0.8     179 ..     195   ACAATTTGCTGAGGG              CTATTG AGGCG CAACAG              CATCTGTTGCAACTC
-3.1     178 ..     196   AACAATTTGCTGAGG             GCTATTG AGGCG CAACAGC             ATCTGTTGCAACTCA
 0.4     177 ..     197   GAACAATTTGCTGAG            GGCTATTG AGGCG CAACAGCA            TCTGTTGCAACTCAC
 1.7     176 ..     198   AGAACAATTTGCTGA           GGGCTATTG AGGCG CAACAGCAT           CTGTTGCAACTCACA
-0.3     184 ..     199   TTGCTGAGGGCTATT              GAGGC GCAACA GCATC               TGTTGCAACTCACAG
  -1     185 ..     200   TGCTGAGGGCTATTG              AGGCGC AACA GCATCT               GTTGCAACTCACAGT
 2.5     184 ..     201   TTGCTGAGGGCTATT             GAGGCGC AACA GCATCTG              TTGCAACTCACAGTC
-5.4     192 ..     202   GGCTATTGAGGCGCA                 ACAG CAT CTGT                 TGCAACTCACAGTCT
-6.3     191 ..     203   GGGCTATTGAGGCGC                AACAG CAT CTGTT                GCAACTCACAGTCTG
-8.6     190 ..     204   AGGGCTATTGAGGCG               CAACAG CAT CTGTTG               CAACTCACAGTCTGG
-10.9     189 ..     205   GAGGGCTATTGAGGC              GCAACAG CAT CTGTTGC              AACTCACAGTCTGGG
-7.4     188 ..     206   TGAGGGCTATTGAGG             CGCAACAG CAT CTGTTGCA             ACTCACAGTCTGGGG
-3.9     187 ..     207   CTGAGGGCTATTGAG            GCGCAACAG CAT CTGTTGCAA            CTCACAGTCTGGGGC
-6.2     186 ..     208   GCTGAGGGCTATTGA           GGCGCAACAG CAT CTGTTGCAAC           TCACAGTCTGGGGCA
-7.1     185 ..     209   TGCTGAGGGCTATTG          AGGCGCAACAG CAT CTGTTGCAACT          CACAGTCTGGGGCAT
-9.4     184 ..     210   TTGCTGAGGGCTATT         GAGGCGCAACAG CAT CTGTTGCAACTC         ACAGTCTGGGGCATC
-10.3     183 ..     211   TTTGCTGAGGGCTAT        TGAGGCGCAACAG CAT CTGTTGCAACTCA        CAGTCTGGGGCATCA
-6.8     182 ..     212   ATTTGCTGAGGGCTA       TTGAGGCGCAACAG CAT CTGTTGCAACTCAC       AGTCTGGGGCATCAA
-5.2     182 ..     213   ATTTGCTGAGGGCTA      T-TGAGGCGCAACAG CAT CTGTTGCAACTCACA      GTCTGGGGCATCAAG
  -4     179 ..     214   ACAATTTGCTGAGGG    CTATTGAGGCGCAACAG CAT CTGTTGCAACTC-ACAG    TCTGGGGCATCAAGC
-2.7     178 ..     215   AACAATTTGCTGAGG   GCTATTGAGGCGCAACAG CAT CTGTTGCAACTC-ACAGT   CTGGGGCATCAAGCA
  -5     177 ..     216   GAACAATTTGCTGAG  GGCTATTGAGGCGCAACAG CAT CTGTTGCAACTC-ACAGTC  TGGGGCATCAAGCAG
-3.7     176 ..     217   AGAACAATTTGCTGA GGGCTATTGAGGCGCAACAG CAT CTGTTGCAACTC-ACAGTCT GGGGCATCAAGCAGC
-0.3     205 ..     218   CAACAGCATCTGTTG               CA-ACT CAC AGTCTG               GGGCATCAAGCAGCT
 1.1     209 ..     219   AGCATCTGTTGCAAC                 TCA CAGTC TGG                 GGCATCAAGCAGCTC
-1.2     208 ..     220   CAGCATCTGTTGCAA                CTCA CAGTC TGGG                GCATCAAGCAGCTCC
 0.3     209 ..     221   AGCATCTGTTGCAAC                TCACA GTC TGGGG                CATCAAGCAGCTCCA
-5.245e-07     171 ..     222   ACAGCAGAACAATTT GCTGAGGGCTATTGAGGCGCAACAG CAT CTGTTGCAACTC-ACAGTCTGGGGC ATCAAGCAGCTCCAG
-0.9     170 ..     223   AACAGCAGAACAATT TGCTGAGGGCTATTGAGGCGCAACAG CAT CTGTTGCAACTC-ACAGTCTGGGGCA TCAAGCAGCTCCAGG
 2.6     169 ..     224   CAACAGCAGAACAAT TTGCTGAGGGCTATTGAGGCGCAACAG CAT CTGTTGCAACTC-ACAGTCTGGGGCAT CAAGCAGCTCCAGGC
 4.8     215 ..     225   TGTTGCAACTCACAG                 TCTG GGG CATC                 AAGCAGCTCCAGGCA
 5.6     200 ..     226   AGGCGCAACAGCATC        TGTTGCAACTCA CAGTC TGGG--GCATCA        AGCAGCTCCAGGCAA
 2.6     217 ..     227   TTGCAACTCACAGTC                 TGGG GCA TCAA                 GCAGCTCCAGGCAAG
 0.3     216 ..     228   GTTGCAACTCACAGT                CTGGG GCA TCAAG                CAGCTCCAGGCAAGA
 2.6     214 ..     229   CTGTTGCAACTCACA              GTCTGG GGCA TCAAGC               AGCTCCAGGCAAGAG
 1.9     220 ..     230   CAACTCACAGTCTGG                 GGC ATCAA GCA                 GCTCCAGGCAAGAGT
 2.5     216 ..     231   GTTGCAACTCACAGT              CTG GGGCATCAAG CAG               CTCCAGGCAAGAGTC
 1.4     221 ..     232   AACTCACAGTCTGGG                GC ATCAAGCA GC                 TCCAGGCAAGAGTCC
 2.7     220 ..     233   CAACTCACAGTCTGG               GGC ATCAAGCA GCT                CCAGGCAAGAGTCCT
 0.4     219 ..     234   GCAACTCACAGTCTG              GGGC ATCAAGCA GCTC               CAGGCAAGAGTCCTG
-1.9     218 ..     235   TGCAACTCACAGTCT             GGGGC ATCAAGCA GCTCC              AGGCAAGAGTCCTGG
-2.8     217 ..     236   TTGCAACTCACAGTC            TGGGGC ATCAAGCA GCTCCA             GGCAAGAGTCCTGGC
-5.1     216 ..     237   GTTGCAACTCACAGT           CTGGGGC ATCAAGCA GCTCCAG            GCAAGAGTCCTGGCT
-3.8     215 ..     238   TGTTGCAACTCACAG          TCTGGGGC ATCAAGCA GCTCCAGG           CAAGAGTCCTGGCTG
-6.1     214 ..     239   CTGTTGCAACTCACA         GTCTGGGGC ATCAAGCA GCTCCAGGC          AAGAGTCCTGGCTGT
-2.6     213 ..     240   TCTGTTGCAACTCAC        AGTCTGGGGC ATCAAGCA GCTCCAGGCA         AGAGTCCTGGCTGTG
 0.9     212 ..     241   ATCTGTTGCAACTCA       CAGTCTGGGGC ATCAAGCA GCTCCAGGCAA        GAGTCCTGGCTGTGG
 1.1     212 ..     242   ATCTGTTGCAACTCA      C-AGTCTGGGGC ATCAAGCA GCTCCAGGCAAG       AGTCCTGGCTGTGGA
 1.8     233 ..     243   GGGGCATCAAGCAGC                 TC CAGGCAA GA                 GTCCTGGCTGTGGAA
-0.5     232 ..     244   TGGGGCATCAAGCAG                CTC CAGGCAA GAG                TCCTGGCTGTGGAAA
 0.5     207 ..     245   ACAGCATCTGTTGCA  ACTCACAGTCTGGGGC ATCAAGCA GCTCCAGGCAA-GAGT   CCTGGCTGTGGAAAG
 3.2     231 ..     246   CTGGGGCATCAAGCA              G-CTC CAGGCAA GAGTC              CTGGCTGTGGAAAGA
 0.4     237 ..     247   CATCAAGCAGCTCCA                 GG CAAGAGT CC                 TGGCTGTGGAAAGAT
-0.5     236 ..     248   GCATCAAGCAGCTCC                AGG CAAGAGT CCT                GGCTGTGGAAAGATA
-2.8     235 ..     249   GGCATCAAGCAGCTC               CAGG CAAGAGT CCTG               GCTGTGGAAAGATAC
-5.1     234 ..     250   GGGCATCAAGCAGCT              CCAGG CAAGAGT CCTGG              CTGTGGAAAGATACC
-2.3     238 ..     251   ATCAAGCAGCTCCAG               GCAAG AGTC CTGGC                TGTGGAAAGATACCT
  -1     237 ..     252   CATCAAGCAGCTCCA              GGCAAG AGTC CTGGCT               GTGGAAAGATACCTA
  -3     235 ..     253   GGCATCAAGCAGCTC             CAGGCAAG AGT CCTGGCTG             TGGAAAGATACCTAA
 0.5     234 ..     254   GGGCATCAAGCAGCT            CCAGGCAAG AGT CCTGGCTGT            GGAAAGATACCTAAA
 0.7     234 ..     255   GGGCATCAAGCAGCT           C-CAGGCAAG AGT CCTGGCTGTG           GAAAGATACCTAAAG
-0.5     232 ..     256   TGGGGCATCAAGCAG          CTCCAGGCAAG AGT CCTGGCTGTGG          AAAGATACCTAAAGG
-1.4     233 ..     257   GGGGCATCAAGCAGC         TCCA-GGCAAG AGTC CTGGCTGTGGA          AAGATACCTAAAGGA
 2.1     232 ..     258   TGGGGCATCAAGCAG        CTCCA-GGCAAG AGTC CTGGCTGTGGAA         AGATACCTAAAGGAT
 5.6     231 ..     259   CTGGGGCATCAAGCA       GCTCCA-GGCAAG AGTC CTGGCTGTGGAAA        GATACCTAAAGGATC
 3.5     247 ..     260   CTCCAGGCAAGAGTC               CTGGC TGTG GAAAG                ATACCTAAAGGATCA
 4.3     250 ..     261   CAGGCAAGAGTCCTG                GCT GTGGAA AGA                 TACCTAAAGGATCAA
 5.6     249 ..     262   CCAGGCAAGAGTCCT               GGCT GTGGAA AGAT                ACCTAAAGGATCAAC
 3.5     252 ..     263   GGCAAGAGTCCTGGC                TGT GGAAAG ATA                 CCTAAAGGATCAACA
 2.1     253 ..     264   GCAAGAGTCCTGGCT                GTG GAAAGA TAC                 CTAAAGGATCAACAG
  -1     255 ..     265   AAGAGTCCTGGCTGT                 GGAA AGA TACC                 TAAAGGATCAACAGC
 2.5     254 ..     266   CAAGAGTCCTGGCTG                TGGAA AGA TACCT                AAAGGATCAACAGCT
 4.1     254 ..     267   CAAGAGTCCTGGCTG               T-GGAA AGA TACCTA               AAGGATCAACAGCTC
 5.1     252 ..     268   GGCAAGAGTCCTGGC              TGTGGAA AGA TACCTAA              AGGATCAACAGCTCC
 6.7     252 ..     269   GGCAAGAGTCCTGGC             TGT-GGAA AGA TACCTAAA             GGATCAACAGCTCCT
 4.4     251 ..     270   AGGCAAGAGTCCTGG            CTGT-GGAA AGA TACCTAAAG            GATCAACAGCTCCTG
 7.9     250 ..     271   CAGGCAAGAGTCCTG           GCTGT-GGAA AGA TACCTAAAGG           ATCAACAGCTCCTGG
 2.5     262 ..     272   CTGGCTGTGGAAAGA                TACC TAAA GG-A                 TCAACAGCTCCTGGG
 1.6     261 ..     273   CCTGGCTGTGGAAAG               ATACC TAAA GG-AT                CAACAGCTCCTGGGA
-0.7     260 ..     274   TCCTGGCTGTGGAAA              GATACC TAAA GG-ATC               AACAGCTCCTGGGAA
 2.8     259 ..     275   GTCCTGGCTGTGGAA             AGATACC TAAA GG-ATCA              ACAGCTCCTGGGAAT
 6.1     266 ..     276   CTGTGGAAAGATACC                 T AAAGGATCA A                 CAGCTCCTGGGAATT
 8.8     260 ..     277   TCCTGGCTGTGGAAA            GAT-A-CC TAAA GGATCAAC             AGCTCCTGGGAATTT
 8.1     266 ..     278   CTGTGGAAAGATACC                T AAAGGATCAAC A                GCTCCTGGGAATTTG
 5.8     265 ..     279   GCTGTGGAAAGATAC               CT AAAGGATCAAC AG               CTCCTGGGAATTTGG
 4.7     270 ..     280   GGAAAGATACCTAAA                 G GATCAACAG C                 TCCTGGGAATTTGGG
 3.6     270 ..     281   GGAAAGATACCTAAA                GGAT CAAC AGCT                 CCTGGGAATTTGGGG
-4.768e-08     271 ..     282   GAAAGATACCTAAAG                GATC AACA GCTC                 CTGGGAATTTGGGGC
-2.3     270 ..     283   GGAAAGATACCTAAA               GGATC AACA GCTCC                TGGGAATTTGGGGCT
-3.2     269 ..     284   TGGAAAGATACCTAA              AGGATC AACA GCTCCT               GGGAATTTGGGGCTG
 0.3     268 ..     285   GTGGAAAGATACCTA             AAGGATC AACA GCTCCTG              GGAATTTGGGGCTGC
  -1     276 ..     286   ATACCTAAAGGATCA                 ACAG CTC CTGG                 GAATTTGGGGCTGCT
 2.5     275 ..     287   GATACCTAAAGGATC                AACAG CTC CTGGG                AATTTGGGGCTGCTC
 1.8     273 ..     288   AAGATACCTAAAGGA              TCAACAG CTC CTGG-GA              ATTTGGGGCTGCTCT
 5.1     273 ..     289   AAGATACCTAAAGGA              TCAACAG CTC CTGGGAA              TTTGGGGCTGCTCTG
 3.6     279 ..     290   CCTAAAGGATCAACA                GCTC CTGG GAAT                 TTGGGGCTGCTCTGG
 2.7     278 ..     291   ACCTAAAGGATCAAC               AGCTC CTGG GAATT                TGGGGCTGCTCTGGA
 5.2     278 ..     292   ACCTAAAGGATCAAC               AGCTCC TGG GAATTT               GGGGCTGCTCTGGAA
 2.9     277 ..     293   TACCTAAAGGATCAA              CAGCTCC TGG GAATTTG              GGGCTGCTCTGGAAA
 2.4     282 ..     294   AAAGGATCAACAGCT                CC TGGGAATTT GG                GGCTGCTCTGGAAAA
 1.3     282 ..     295   AAAGGATCAACAGCT               CCTGG GAAT TTGGG                GCTGCTCTGGAAAAC
 1.4     280 ..     296   CTAAAGGATCAACAG              CTCC TGGGAATTT GGGG              CTGCTCTGGAAAACT
-0.9     279 ..     297   CCTAAAGGATCAACA             GCTCC TGGGAATTT GGGGC             TGCTCTGGAAAACTC
-1.8     278 ..     298   ACCTAAAGGATCAAC            AGCTCC TGGGAATTT GGGGCT            GCTCTGGAAAACTCA
-4.1     277 ..     299   TACCTAAAGGATCAA           CAGCTCC TGGGAATTT GGGGCTG           CTCTGGAAAACTCAT
-0.6     276 ..     300   ATACCTAAAGGATCA          ACAGCTCC TGGGAATTT GGGGCTGC          TCTGGAAAACTCATT
-1.5     275 ..     301   GATACCTAAAGGATC         AACAGCTCC TGGGAATTT GGGGCTGCT         CTGGAAAACTCATTT
   2     274 ..     302   AGATACCTAAAGGAT        CAACAGCTCC TGGGAATTT GGGGCTGCTC        TGGAAAACTCATTTG
  -1     293 ..     303   AGCTCCTGGGAATTT                 GGGG CTG CTCT                 GGAAAACTCATTTGC
 0.3     292 ..     304   CAGCTCCTGGGAATT                TGGGG CTG CTCTG                GAAAACTCATTTGCA
 1.6     291 ..     305   ACAGCTCCTGGGAAT               TTGGGG CTG CTCTGG               AAAACTCATTTGCAC
 0.7     290 ..     306   AACAGCTCCTGGGAA              TTTGGGG CTG CTCTGGA              AAACTCATTTGCACC
 4.2     289 ..     307   CAACAGCTCCTGGGA             ATTTGGGG CTG CTCTGGAA             AACTCATTTGCACCA
 5.8     297 ..     308   CCTGGGAATTTGGGG                CTGC TCTG GAAA                 ACTCATTTGCACCAC
 7.1     298 ..     309   CTGGGAATTTGGGGC                T GCTCTGGAAA A                 CTCATTTGCACCACT
 4.3     299 ..     310   TGGGAATTTGGGGCT                GCT CTGGAA AAC                 TCATTTGCACCACTA
 7.5     299 ..     311   TGGGAATTTGGGGCT                GCTCT GGA AAACT                CATTTGCACCACTAA
   6     293 ..     312   AGCTCCTGGGAATTT            GGGGCTGC TCTG GAAAACTC             ATTTGCACCACTAAC
 1.1     303 ..     313   AATTTGGGGCTGCTC                 TGG AAAAC TCA                 TTTGCACCACTAACA
 4.6     302 ..     314   GAATTTGGGGCTGCT                CTGG AAAAC TCAT                TTGCACCACTAACAT
 5.4     305 ..     315   TTTGGGGCTGCTCTG                 GA AAACTCA TT                 TGCACCACTAACATG
 0.3     306 ..     316   TTGGGGCTGCTCTGG                 AAA ACTCA TTT                 GCACCACTAACATGA
 2.8     306 ..     317   TTGGGGCTGCTCTGG                AAAA CTCA TTTG                 CACCACTAACATGAC
 0.5     305 ..     318   TTTGGGGCTGCTCTG               GAAAA CTCA TTTGC                ACCACTAACATGACC
 0.6     303 ..     319   AATTTGGGGCTGCTC              TGGAAA ACTCA TTTGCA              CCACTAACATGACCT
 4.1     302 ..     320   GAATTTGGGGCTGCT             CTGGAAA ACTCA TTTGCAC             CACTAACATGACCTG
 7.6     301 ..     321   GGAATTTGGGGCTGC            TCTGGAAA ACTCA TTTGCACC            ACTAACATGACCTGG
 7.1     311 ..     322   GCTGCTCTGGAAAAC                T CATTTGCACC A                 CTAACATGACCTGGA
 7.6     313 ..     323   TGCTCTGGAAAACTC                 AT TTGCACC AC                 TAACATGACCTGGAx
 4.8     314 ..     324   GCTCTGGAAAACTCA                 TTTG CAC CACT                 AACATGACCTGGAxx
 3.3     315 ..     325   CTCTGGAAAACTCAT                 TTG CACCA CTA                 ACATGACCTGGAxxx
 2.4     314 ..     326   GCTCTGGAAAACTCA                TTTG CACCA CTAA                CATGACCTGGAxxxx
 4.7     317 ..     327   CTGGAAAACTCATTT                 G CACCACTAA C                 ATGACCTGGAxxxxx
 3.8     316 ..     328   TCTGGAAAACTCATT                TG CACCACTAA CA                TGACCTGGAxxxxxx
 6.1     319 ..     329   GGAAAACTCATTTGC                 A CCACTAACA T                 GACCTGGAxxxxxxx
 3.8     318 ..     330   TGGAAAACTCATTTG                CA CCACTAACA TG                ACCTGGAxxxxxxxx
 4.3     320 ..     331   GAAAACTCATTTGCA                CCA CTAACA TGA                 CCTGGAxxxxxxxxx
 7.5     317 ..     332   CTGGAAAACTCATTT              G-CA CCACTAACA TGAC              CTGGAxxxxxxxxxx
None     323 ..     333   AACTCATTTGCACCA                  CTAACATGACC                  TGGAxxxxxxxxxxx
 8.1     322 ..     334   AAACTCATTTGCACC                A CTAACATGACC T                GGAxxxxxxxxxxxx
 5.8     321 ..     335   AAAACTCATTTGCAC               CA CTAACATGACC TG               GAxxxxxxxxxxxxx
 3.3     326 ..     336   TCATTTGCACCACTA                 ACA TGACC TGG                 Axxxxxxxxxxxxxx
