>URS0000D664D3 ncRNA from 1 species FORWARD
 7.7       1 ..      11   xxxxxxxxxxxxxxx                 CCC AGGGU GCA                 AGCCCCGGGCCACAC
None       2 ..      12   xxxxxxxxxxxxxxC                  CCAGGGUGCAA                  GCCCCGGGCCACACA
 3.4       3 ..      13   xxxxxxxxxxxxxCC                 CAGG GUG CAAG                 CCCCGGGCCACACAU
 6.9       2 ..      14   xxxxxxxxxxxxxxC                CCAGG GUG CAAGC                CCCGGGCCACACAUC
 0.4       5 ..      15   xxxxxxxxxxxCCCA                 GG GUGCAAG CC                 CCGGGCCACACAUCC
-2.9       5 ..      16   xxxxxxxxxxxCCCA                GGG UGCAAG CCC                 CGGGCCACACAUCCG
-1.9       5 ..      17   xxxxxxxxxxxCCCA                GGG UGCAAGC CCC                GGGCCACACAUCCGC
-1.7       3 ..      18   xxxxxxxxxxxxxCC              CAGGG UGCAAG CCCCG               GGCCACACAUCCGCC
  -4       2 ..      19   xxxxxxxxxxxxxxC             CCAGGG UGCAAG CCCCGG              GCCACACAUCCGCCU
-6.3       1 ..      20   xxxxxxxxxxxxxxx            CCCAGGG UGCAAG CCCCGGG             CCACACAUCCGCCUG
-0.3       1 ..      21   xxxxxxxxxxxxxxx           -CCCAGGG UGCAAG CCCCGGGC            CACACAUCCGCCUGC
-2.4      12 ..      22   xxxxCCCAGGGUGCA                 AGCC CCG GGCC                 ACACAUCCGCCUGCA
 1.1      11 ..      23   xxxxxCCCAGGGUGC                AAGCC CCG GGCCA                CACAUCCGCCUGCAG
 4.6      10 ..      24   xxxxxxCCCAGGGUG               CAAGCC CCG GGCCAC               ACAUCCGCCUGCAGU
 8.1       9 ..      25   xxxxxxxCCCAGGGU              GCAAGCC CCG GGCCACA              CAUCCGCCUGCAGUG
   6       7 ..      26   xxxxxxxxxCCCAGG            GUGCAAGCC CCG GGCCA-CAC            AUCCGCCUGCAGUGC
 3.4      17 ..      27   CCAGGGUGCAAGCCC                 CGGG CCA CACA                 UCCGCCUGCAGUGCU
 6.9      16 ..      28   CCCAGGGUGCAAGCC                CCGGG CCA CACAU                CCGCCUGCAGUGCUG
 4.7      19 ..      29   AGGGUGCAAGCCCCG                 G GCCACACAU C                 CGCCUGCAGUGCUGG
 1.4      19 ..      30   AGGGUGCAAGCCCCG                GG CCACACAU CC                 GCCUGCAGUGCUGGC
 0.1      17 ..      31   CCAGGGUGCAAGCCC               CGG GCCACACAU CCG               CCUGCAGUGCUGGCA
 2.4      20 ..      32   GGGUGCAAGCCCCGG                GC CACACAUCC GC                CUGCAGUGCUGGCAG
 0.1      19 ..      33   AGGGUGCAAGCCCCG               GGC CACACAUCC GCC               UGCAGUGCUGGCAGC
 3.6      18 ..      34   CAGGGUGCAAGCCCC              GGGC CACACAUCC GCCU              GCAGUGCUGGCAGCC
 1.3      17 ..      35   CCAGGGUGCAAGCCC             CGGGC CACACAUCC GCCUG             CAGUGCUGGCAGCCU
 4.8      16 ..      36   CCCAGGGUGCAAGCC            CCGGGC CACACAUCC GCCUGC            AGUGCUGGCAGCCUC
 7.7      27 ..      37   AGCCCCGGGCCACAC                 AUC CGCCU GCA                 GUGCUGGCAGCCUCU
 5.4      26 ..      38   AAGCCCCGGGCCACA                CAUC CGCCU GCAG                UGCUGGCAGCCUCUU
 4.4      28 ..      39   GCCCCGGGCCACACA                UCCG CCUG CAGU                 GCUGGCAGCCUCUUU
 1.9      30 ..      40   CCCGGGCCACACAUC                 CGC CUGCA GUG                 CUGGCAGCCUCUUUG
 0.4      31 ..      41   CCGGGCCACACAUCC                 GC CUGCAGU GC                 UGGCAGCCUCUUUGG
 3.9      30 ..      42   CCCGGGCCACACAUC                CGC CUGCAGU GCU                GGCAGCCUCUUUGGG
-2.4      33 ..      43   GGGCCACACAUCCGC                 CUGC AGU GCUG                 GCAGCCUCUUUGGGC
-4.7      32 ..      44   CGGGCCACACAUCCG                CCUGC AGU GCUGG                CAGCCUCUUUGGGCA
  -7      31 ..      45   CCGGGCCACACAUCC               GCCUGC AGU GCUGGC               AGCCUCUUUGGGCAC
-3.5      30 ..      46   CCCGGGCCACACAUC              CGCCUGC AGU GCUGGCA              GCCUCUUUGGGCACC
-5.8      29 ..      47   CCCCGGGCCACACAU             CCGCCUGC AGU GCUGGCAG             CCUCUUUGGGCACCA
-2.3      28 ..      48   GCCCCGGGCCACACA            UCCGCCUGC AGU GCUGGCAGC            CUCUUUGGGCACCAG
 1.2      27 ..      49   AGCCCCGGGCCACAC           AUCCGCCUGC AGU GCUGGCAGCC           UCUUUGGGCACCAGA
 4.7      26 ..      50   AAGCCCCGGGCCACA          CAUCCGCCUGC AGU GCUGGCAGCCU          CUUUGGGCACCAGAC
 3.4      41 ..      51   CAUCCGCCUGCAGUG                 CUGG CAG CCUC                 UUUGGGCACCAGACA
 6.2      42 ..      52   AUCCGCCUGCAGUGC                 UG GCAGCCU CU                 UUGGGCACCAGACAU
 8.7      42 ..      53   AUCCGCCUGCAGUGC                UGG CAGCCU CUU                 UGGGCACCAGACAUG
None      44 ..      54   CCGCCUGCAGUGCUG                  GCAGCCUCUUU                  GGGCACCAGACAUGA
 4.7      45 ..      55   CGCCUGCAGUGCUGG                 C AGCCUCUUU G                 GGCACCAGACAUGAA
 5.7      45 ..      56   CGCCUGCAGUGCUGG                C AGCCUCUUUG G                 GCACCAGACAUGAAA
 1.9      47 ..      57   CCUGCAGUGCUGGCA                 GCC UCUUU GGG                 CACCAGACAUGAAAU
-2.9      47 ..      58   CCUGCAGUGCUGGCA                GCC UCUUUG GGC                 ACCAGACAUGAAAUU
 0.6      46 ..      59   GCCUGCAGUGCUGGC               AGCC UCUUUG GGCA                CCAGACAUGAAAUUC
 4.1      45 ..      60   CGCCUGCAGUGCUGG              CAGCC UCUUUG GGCAC               CAGACAUGAAAUUCA
 1.8      44 ..      61   CCGCCUGCAGUGCUG             GCAGCC UCUUUG GGCACC              AGACAUGAAAUUCAA
 5.3      43 ..      62   UCCGCCUGCAGUGCU            GGCAGCC UCUUUG GGCACCA             GACAUGAAAUUCAAC
 3.2      41 ..      63   CAUCCGCCUGCAGUG          CUGGCAGCC UCUUUG GGCA-CCAG           ACAUGAAAUUCAACA
 6.7      40 ..      64   ACAUCCGCCUGCAGU         GCUGGCAGCC UCUUUG GGCA-CCAGA          CAUGAAAUUCAACAG
 4.7      55 ..      65   GCUGGCAGCCUCUUU                 G GGCACCAGA C                 AUGAAAUUCAACAGC
 4.4      55 ..      66   GCUGGCAGCCUCUUU                GGGC ACCA GACA                 UGAAAUUCAACAGCA
 7.9      54 ..      67   UGCUGGCAGCCUCUU               UGGGC ACCA GACAU                GAAAUUCAACAGCAA
 4.7      58 ..      68   GGCAGCCUCUUUGGG                 C ACCAGACAU G                 AAAUUCAACAGCAAC
 6.2      59 ..      69   GCAGCCUCUUUGGGC                 AC CAGACAU GA                 AAUUCAACAGCAACC
 8.7      59 ..      70   GCAGCCUCUUUGGGC                ACC AGACAU GAA                 AUUCAACAGCAACCG
None      61 ..      71   AGCCUCUUUGGGCAC                  CAGACAUGAAA                  UUCAACAGCAACCGC
None      62 ..      72   GCCUCUUUGGGCACC                  AGACAUGAAAU                  UCAACAGCAACCGCC
None      63 ..      73   CCUCUUUGGGCACCA                  GACAUGAAAUU                  CAACAGCAACCGCCA
 5.7      63 ..      74   CCUCUUUGGGCACCA                G ACAUGAAAUU C                 AACAGCAACCGCCAG
None      65 ..      75   UCUUUGGGCACCAGA                  CAUGAAAUUCA                  ACAGCAACCGCCAGU
 7.7      66 ..      76   CUUUGGGCACCAGAC                 AUG AAAUU CAA                 CAGCAACCGCCAGUA
 8.7      63 ..      77   CCUCUUUGGGCACCA               G ACAUGAAAUUCAA C               AGCAACCGCCAGUAG
 7.2      67 ..      78   UUUGGGCACCAGACA                UG AAAUUCAA CA                 GCAACCGCCAGUAGA
 8.7      65 ..      79   UCUUUGGGCACCAGA               C AUGAAAUUCAACA G               CAACCGCCAGUAGAU
 6.7      68 ..      80   UUGGGCACCAGACAU                G AAAUUCAACAG C                AACCGCCAGUAGAUU
None      71 ..      81   GGCACCAGACAUGAA                  AUUCAACAGCA                  ACCGCCAGUAGAUUA
None      72 ..      82   GCACCAGACAUGAAA                  UUCAACAGCAA                  CCGCCAGUAGAUUAA
None      73 ..      83   CACCAGACAUGAAAU                  UCAACAGCAAC                  CGCCAGUAGAUUAAA
None      74 ..      84   ACCAGACAUGAAAUU                  CAACAGCAACC                  GCCAGUAGAUUAAAC
 5.7      74 ..      85   ACCAGACAUGAAAUU                C AACAGCAACC G                 CCAGUAGAUUAAACC
 3.4      76 ..      86   CAGACAUGAAAUUCA                 ACAG CAA CCGC                 CAGUAGAUUAAACCA
 6.9      75 ..      87   CCAGACAUGAAAUUC                AACAG CAA CCGCC                AGUAGAUUAAACCAA
 4.4      77 ..      88   AGACAUGAAAUUCAA                CAGC AACC GCCA                 GUAGAUUAAACCAAU
 3.9      77 ..      89   AGACAUGAAAUUCAA                CAG CAACCGC CAG                UAGAUUAAACCAAUU
 7.2      79 ..      90   ACAUGAAAUUCAACA                GC AACCGCCA GU                 AGAUUAAACCAAUUG
 7.7      81 ..      91   AUGAAAUUCAACAGC                 AAC CGCCA GUA                 GAUUAAACCAAUUGA
 5.4      80 ..      92   CAUGAAAUUCAACAG                CAAC CGCCA GUAG                AUUAAACCAAUUGAA
 6.2      83 ..      93   GAAAUUCAACAGCAA                 CC GCCAGUA GA                 UUAAACCAAUUGAAC
 7.7      84 ..      94   AAAUUCAACAGCAAC                 CGC CAGUA GAU                 UAAACCAAUUGAACG
None      85 ..      95   AAUUCAACAGCAACC                  GCCAGUAGAUU                  AAACCAAUUGAACGU
None      86 ..      96   AUUCAACAGCAACCG                  CCAGUAGAUUA                  AACCAAUUGAACGUC
None      87 ..      97   UUCAACAGCAACCGC                  CAGUAGAUUAA                  ACCAAUUGAACGUCU
None      88 ..      98   UCAACAGCAACCGCC                  AGUAGAUUAAA                  CCAAUUGAACGUCUG
 4.7      89 ..      99   CAACAGCAACCGCCA                 G UAGAUUAAA C                 CAAUUGAACGUCUGA
 5.7      89 ..     100   CAACAGCAACCGCCA                G UAGAUUAAAC C                 AAUUGAACGUCUGAA
 6.2      91 ..     101   ACAGCAACCGCCAGU                 AG AUUAAAC CA                 AUUGAACGUCUGAAG
None      92 ..     102   CAGCAACCGCCAGUA                  GAUUAAACCAA                  UUGAACGUCUGAAGC
None      93 ..     103   AGCAACCGCCAGUAG                  AUUAAACCAAU                  UGAACGUCUGAAGCU
None      94 ..     104   GCAACCGCCAGUAGA                  UUAAACCAAUU                  GAACGUCUGAAGCUG
None      95 ..     105   CAACCGCCAGUAGAU                  UAAACCAAUUG                  AACGUCUGAAGCUGU
None      96 ..     106   AACCGCCAGUAGAUU                  AAACCAAUUGA                  ACGUCUGAAGCUGUG
 7.7      97 ..     107   ACCGCCAGUAGAUUA                 AAC CAAUU GAA                 CGUCUGAAGCUGUGG
None      98 ..     108   CCGCCAGUAGAUUAA                  ACCAAUUGAAC                  GUCUGAAGCUGUGGU
 4.7      99 ..     109   CGCCAGUAGAUUAAA                 C CAAUUGAAC G                 UCUGAAGCUGUGGUG
 7.2      99 ..     110   CGCCAGUAGAUUAAA                CC AAUUGAAC GU                 CUGAAGCUGUGGUGC
None     101 ..     111   CCAGUAGAUUAAACC                  AAUUGAACGUC                  UGAAGCUGUGGUGCC
None     102 ..     112   CAGUAGAUUAAACCA                  AUUGAACGUCU                  GAAGCUGUGGUGCCG
 7.7     100 ..     113   GCCAGUAGAUUAAAC               C AAUUGAACGUCU G                AAGCUGUGGUGCCGG
None     104 ..     114   GUAGAUUAAACCAAU                  UGAACGUCUGA                  AGCUGUGGUGCCGGC
None     105 ..     115   UAGAUUAAACCAAUU                  GAACGUCUGAA                  GCUGUGGUGCCGGCA
None     106 ..     116   AGAUUAAACCAAUUG                  AACGUCUGAAG                  CUGUGGUGCCGGCAC
 6.2     107 ..     117   GAUUAAACCAAUUGA                 AC GUCUGAA GC                 UGUGGUGCCGGCACA
 6.2     108 ..     118   AUUAAACCAAUUGAA                 CG UCUGAAG CU                 GUGGUGCCGGCACAG
 4.4     108 ..     119   AUUAAACCAAUUGAA                CGUC UGAA GCUG                 UGGUGCCGGCACAGG
 3.4     110 ..     120   UAAACCAAUUGAACG                 UCUG AAG CUGU                 GGUGCCGGCACAGGA
 4.7     111 ..     121   AAACCAAUUGAACGU                 C UGAAGCUGU G                 GUGCCGGCACAGGAG
 4.6     108 ..     122   AUUAAACCAAUUGAA               CGUCUG AAG CUGUGG               UGCCGGCACAGGAGU
 8.1     107 ..     123   GAUUAAACCAAUUGA              ACGUCUG AAG CUGUGGU              GCCGGCACAGGAGUC
 7.7     111 ..     124   AAACCAAUUGAACGU               C UGAAGCUGUGGU G                CCGGCACAGGAGUCU
 5.4     115 ..     125   CAAUUGAACGUCUGA                AGC UGUGGU GC-                 CGGCACAGGAGUCUC
 2.9     115 ..     126   CAAUUGAACGUCUGA                AGC UGUGGU GCC                 GGCACAGGAGUCUCU
 1.9     117 ..     127   AUUGAACGUCUGAAG                 CUG UGGUG CCG                 GCACAGGAGUCUCUG
 2.9     117 ..     128   AUUGAACGUCUGAAG                CUG UGGUGC CGG                 CACAGGAGUCUCUGG
 0.6     116 ..     129   AAUUGAACGUCUGAA               GCUG UGGUGC CGGC                ACAGGAGUCUCUGGU
 4.1     115 ..     130   CAAUUGAACGUCUGA              AGCUG UGGUGC CGGCA               CAGGAGUCUCUGGUU
 3.9     119 ..     131   UGAACGUCUGAAGCU                GUG GUGCCGG CAC                AGGAGUCUCUGGUUU
 4.4     121 ..     132   AACGUCUGAAGCUGU                GGUG CCGG CACA                 GGAGUCUCUGGUUUC
 5.1     117 ..     133   AUUGAACGUCUGAAG              CUGUG GUGCCGG CACAG              GAGUCUCUGGUUUCG
 3.4     124 ..     134   GUCUGAAGCUGUGGU                 GCCG GCA CAGG                 AGUCUCUGGUUUCGG
 2.9     124 ..     135   GUCUGAAGCUGUGGU                GCC GGCACA GGA                 GUCUCUGGUUUCGGG
 3.4     126 ..     136   CUGAAGCUGUGGUGC                 CGGC ACA GGAG                 UCUCUGGUUUCGGGG
 6.9     125 ..     137   UCUGAAGCUGUGGUG                CCGGC ACA GGAGU                CUCUGGUUUCGGGGC
 2.9     127 ..     138   UGAAGCUGUGGUGCC                GGC ACAGGA GUC                 UCUGGUUUCGGGGCA
 6.4     126 ..     139   CUGAAGCUGUGGUGC               CGGC ACAGGA GUCU                CUGGUUUCGGGGCAU
 5.8     122 ..     140   ACGUCUGAAGCUGUG             GUGCCGGC ACA GGAGUCUC             UGGUUUCGGGGCAUC
None     131 ..     141   GCUGUGGUGCCGGCA                  CAGGAGUCUCU                  GGUUUCGGGGCAUCC
 2.9     131 ..     142   GCUGUGGUGCCGGCA                CAG GAGUCU CUG                 GUUUCGGGGCAUCCC
 5.4     131 ..     143   GCUGUGGUGCCGGCA                CAGG AGUCU CUGG                UUUCGGGGCAUCCCG
 8.9     130 ..     144   AGCUGUGGUGCCGGC               ACAGG AGUCU CUGGU               UUCGGGGCAUCCCGU
None     135 ..     145   UGGUGCCGGCACAGG                  AGUCUCUGGUU                  UCGGGGCAUCCCGUG
None     136 ..     146   GGUGCCGGCACAGGA                  GUCUCUGGUUU                  CGGGGCAUCCCGUGC
 5.7     136 ..     147   GGUGCCGGCACAGGA                G UCUCUGGUUU C                 GGGGCAUCCCGUGCU
 4.7     138 ..     148   UGCCGGCACAGGAGU                 C UCUGGUUUC G                 GGGCAUCCCGUGCUU
 5.7     138 ..     149   UGCCGGCACAGGAGU                C UCUGGUUUCG G                 GGCAUCCCGUGCUUC
 3.4     140 ..     150   CCGGCACAGGAGUCU                 CUGG UUU CGGG                 GCAUCCCGUGCUUCU
 2.1     138 ..     151   UGCCGGCACAGGAGU               CUCUG GUUU CGGGG                CAUCCCGUGCUUCUU
 4.7     142 ..     152   GGCACAGGAGUCUCU                 G GUUUCGGGG C                 AUCCCGUGCUUCUUU
 7.2     142 ..     153   GGCACAGGAGUCUCU                GG UUUCGGGG CA                 UCCCGUGCUUCUUUA
None     144 ..     154   CACAGGAGUCUCUGG                  UUUCGGGGCAU                  CCCGUGCUUCUUUAA
 6.7     143 ..     155   GCACAGGAGUCUCUG                G UUUCGGGGCAU C                CCGUGCUUCUUUAAG
 4.4     142 ..     156   GGCACAGGAGUCUCU               GG UUUCGGGGCAU CC               CGUGCUUCUUUAAGC
 1.1     147 ..     157   AGGAGUCUCUGGUUU                CGGG GCAU CCC-                 GUGCUUCUUUAAGCA
-7.2     147 ..     158   AGGAGUCUCUGGUUU                CGGG GCAU CCCG                 UGCUUCUUUAAGCAG
-3.7     146 ..     159   CAGGAGUCUCUGGUU               UCGGG GCAU CCCGU                GCUUCUUUAAGCAGG
-0.2     145 ..     160   ACAGGAGUCUCUGGU              UUCGGG GCAU CCCGUG               CUUCUUUAAGCAGGC
 0.4     151 ..     161   GUCUCUGGUUUCGGG                 GC AUCCCGU GC                 UUCUUUAAGCAGGCG
 3.9     150 ..     162   AGUCUCUGGUUUCGG                GGC AUCCCGU GCU                UCUUUAAGCAGGCGG
 7.4     149 ..     163   GAGUCUCUGGUUUCG               GGGC AUCCCGU GCUU               CUUUAAGCAGGCGGG
 5.1     148 ..     164   GGAGUCUCUGGUUUC              GGGGC AUCCCGU GCUUC              UUUAAGCAGGCGGGU
 8.6     147 ..     165   AGGAGUCUCUGGUUU             CGGGGC AUCCCGU GCUUCU             UUAAGCAGGCGGGUU
 7.7     156 ..     166   UGGUUUCGGGGCAUC                 CCG UGCUU CUU                 UAAGCAGGCGGGUUA
None     157 ..     167   GGUUUCGGGGCAUCC                  CGUGCUUCUUU                  AAGCAGGCGGGUUAC
None     158 ..     168   GUUUCGGGGCAUCCC                  GUGCUUCUUUA                  AGCAGGCGGGUUACC
None     159 ..     169   UUUCGGGGCAUCCCG                  UGCUUCUUUAA                  GCAGGCGGGUUACCC
 7.7     157 ..     170   GGUUUCGGGGCAUCC               C GUGCUUCUUUAA G                CAGGCGGGUUACCCU
 1.4     160 ..     171   UUCGGGGCAUCCCGU                GC UUCUUUAA GC                 AGGCGGGUUACCCUU
 4.9     159 ..     172   UUUCGGGGCAUCCCG               UGC UUCUUUAA GCA                GGCGGGUUACCCUUG
 5.4     161 ..     173   UCGGGGCAUCCCGUG                CUUC UUUAA GCAG                GCGGGUUACCCUUGx
 4.7     164 ..     174   GGGCAUCCCGUGCUU                 C UUUAAGCAG G                 CGGGUUACCCUUGxx
 5.4     160 ..     175   UUCGGGGCAUCCCGU              GC UUCUUUAAGCAG GC               GGGUUACCCUUGxxx
 6.7     164 ..     176   GGGCAUCCCGUGCUU                C UUUAAGCAGGC G                GGUUACCCUUGxxxx
 7.5     155 ..     177   CUGGUUUCGGGGCAU          CC-CGUGC UUCUUUAA GCAGGCGG           GUUACCCUUGxxxxx
 5.7     155 ..     178   CUGGUUUCGGGGCAU          CCCGUGCUUC UUUAA GCAGG-CGGG          UUACCCUUGxxxxxx
 7.7     169 ..     179   UCCCGUGCUUCUUUA                 AGC AGGCG GGU                 UACCCUUGxxxxxxx
 8.7     169 ..     180   UCCCGUGCUUCUUUA                AGC AGGCGG GUU                 ACCCUUGxxxxxxxx
None     171 ..     181   CCGUGCUUCUUUAAG                  CAGGCGGGUUA                  CCCUUGxxxxxxxxx
 6.7     170 ..     182   CCCGUGCUUCUUUAA                G CAGGCGGGUUA C                CCUUGxxxxxxxxxx
 0.4     173 ..     183   GUGCUUCUUUAAGCA                 GG CGGGUUA CC                 CUUGxxxxxxxxxxx
 1.1     174 ..     184   UGCUUCUUUAAGCAG                GCGG GUUA CC-C                 UUGxxxxxxxxxxxx
-2.4     175 ..     185   GCUUCUUUAAGCAGG                 CGGG UUA CCCU                 UGxxxxxxxxxxxxx
 1.1     174 ..     186   UGCUUCUUUAAGCAG                GCGGG UUA CCCUU                Gxxxxxxxxxxxxxx
