>URS0001A23CB9 ncRNA from 1 species FORWARD
 4.7       1 ..      11   xxxxxxxxxxxxxxx                 G AUGCGGUUG C                 UCACUUACUUUCCCU
 6.9       2 ..      12   xxxxxxxxxxxxxxG                AUGC GGUU GCU-                 CACUUACUUUCCCUC
 4.4       2 ..      13   xxxxxxxxxxxxxxG                AUGC GGUU GCUC                 ACUUACUUUCCCUCU
 4.4       3 ..      14   xxxxxxxxxxxxxGA                UGCG GUUG CUCA                 CUUACUUUCCCUCUU
 2.9       4 ..      15   xxxxxxxxxxxxGAU                GCG GUUGCU CAC                 UUACUUUCCCUCUUA
 6.2       6 ..      16   xxxxxxxxxxGAUGC                 GG UUGCUCA CU                 UACUUUCCCUCUUAU
None       7 ..      17   xxxxxxxxxGAUGCG                  GUUGCUCACUU                  ACUUUCCCUCUUAUU
None       8 ..      18   xxxxxxxxGAUGCGG                  UUGCUCACUUA                  CUUUCCCUCUUAUUC
 6.7       7 ..      19   xxxxxxxxxGAUGCG                G UUGCUCACUUA C                UUUCCCUCUUAUUCU
 7.2       9 ..      20   xxxxxxxGAUGCGGU                UG CUCACUUA CU                 UUCCCUCUUAUUCUA
None      11 ..      21   xxxxxGAUGCGGUUG                  CUCACUUACUU                  UCCCUCUUAUUCUAA
None      12 ..      22   xxxxGAUGCGGUUGC                  UCACUUACUUU                  CCCUCUUAUUCUAAU
 7.7      10 ..      23   xxxxxxGAUGCGGUU               G CUCACUUACUUU C                CCUCUUAUUCUAAUC
 8.7      10 ..      24   xxxxxxGAUGCGGUU               G CUCACUUACUUUC C               CUCUUAUUCUAAUCG
None      15 ..      25   xGAUGCGGUUGCUCA                  CUUACUUUCCC                  UCUUAUUCUAAUCGC
None      16 ..      26   GAUGCGGUUGCUCAC                  UUACUUUCCCU                  CUUAUUCUAAUCGCA
None      17 ..      27   AUGCGGUUGCUCACU                  UACUUUCCCUC                  UUAUUCUAAUCGCAU
None      18 ..      28   UGCGGUUGCUCACUU                  ACUUUCCCUCU                  UAUUCUAAUCGCAUC
None      19 ..      29   GCGGUUGCUCACUUA                  CUUUCCCUCUU                  AUUCUAAUCGCAUCG
None      20 ..      30   CGGUUGCUCACUUAC                  UUUCCCUCUUA                  UUCUAAUCGCAUCGC
None      21 ..      31   GGUUGCUCACUUACU                  UUCCCUCUUAU                  UCUAAUCGCAUCGCG
None      22 ..      32   GUUGCUCACUUACUU                  UCCCUCUUAUU                  CUAAUCGCAUCGCGG
None      23 ..      33   UUGCUCACUUACUUU                  CCCUCUUAUUC                  UAAUCGCAUCGCGGC
None      24 ..      34   UGCUCACUUACUUUC                  CCUCUUAUUCU                  AAUCGCAUCGCGGCU
None      25 ..      35   GCUCACUUACUUUCC                  CUCUUAUUCUA                  AUCGCAUCGCGGCUG
None      26 ..      36   CUCACUUACUUUCCC                  UCUUAUUCUAA                  UCGCAUCGCGGCUGx
None      27 ..      37   UCACUUACUUUCCCU                  CUUAUUCUAAU                  CGCAUCGCGGCUGxx
None      28 ..      38   CACUUACUUUCCCUC                  UUAUUCUAAUC                  GCAUCGCGGCUGxxx
 6.7      27 ..      39   UCACUUACUUUCCCU                C UUAUUCUAAUC G                CAUCGCGGCUGxxxx
None      30 ..      40   CUUACUUUCCCUCUU                  AUUCUAAUCGC                  AUCGCGGCUGxxxxx
 7.7      31 ..      41   UUACUUUCCCUCUUA                 UUC UAAUC GCA                 UCGCGGCUGxxxxxx
None      32 ..      42   UACUUUCCCUCUUAU                  UCUAAUCGCAU                  CGCGGCUGxxxxxxx
None      33 ..      43   ACUUUCCCUCUUAUU                  CUAAUCGCAUC                  GCGGCUGxxxxxxxx
 5.7      33 ..      44   ACUUUCCCUCUUAUU                C UAAUCGCAUC G                 CGGCUGxxxxxxxxx
None      35 ..      45   UUUCCCUCUUAUUCU                  AAUCGCAUCGC                  GGCUGxxxxxxxxxx
 3.4      36 ..      46   UUCCCUCUUAUUCUA                 AUCG CAU CGCG                 GCUGxxxxxxxxxxx
-2.4      37 ..      47   UCCCUCUUAUUCUAA                 UCGC AUC GCGG                 CUGxxxxxxxxxxxx
 1.1      36 ..      48   UUCCCUCUUAUUCUA                AUCGC AUC GCGGC                UGxxxxxxxxxxxxx
 2.9      38 ..      49   CCCUCUUAUUCUAAU                CGC AUCGCG GCU                 Gxxxxxxxxxxxxxx
