>BAAY01000229.1:c4860-4801 Human gut metagenome DNA, contig sequence: F2-W_000229, whole genome shotgun sequence FORWARD
None       1 ..      11   xxxxxxxxxxxxxxx                  AAAACAGTGGA                  GAGATTTGAGTAGCT
None       2 ..      12   xxxxxxxxxxxxxxA                  AAACAGTGGAG                  AGATTTGAGTAGCTT
None       3 ..      13   xxxxxxxxxxxxxAA                  AACAGTGGAGA                  GATTTGAGTAGCTTG
 8.7       3 ..      14   xxxxxxxxxxxxxAA                AAC AGTGGA GAG                 ATTTGAGTAGCTTGC
 7.2       4 ..      15   xxxxxxxxxxxxAAA                AC AGTGGAGA GA                 TTTGAGTAGCTTGCA
 6.1       6 ..      16   xxxxxxxxxxAAAAC                 A GTGGAGAGA T                 TTGAGTAGCTTGCAA
 3.5       6 ..      17   xxxxxxxxxxAAAAC                AGT GGAGAG ATT                 TGAGTAGCTTGCAAC
 4.5       1 ..      18   xxxxxxxxxxxxxxx             AAAAC AGTGGAGA GATTT              GAGTAGCTTGCAACC
   5       8 ..      19   xxxxxxxxAAAACAG                TGGA GAGA TTTG                 AGTAGCTTGCAACCA
 5.3       8 ..      20   xxxxxxxxAAAACAG                TGGAG AGA TTTGA                GTAGCTTGCAACCAC
 8.8       7 ..      21   xxxxxxxxxAAAACA               GTGGAG AGA TTTGAG               TAGCTTGCAACCACA
 7.1      11 ..      22   xxxxxAAAACAGTGG                A GAGATTTGAG T                 AGCTTGCAACCACAG
 8.4      13 ..      23   xxxAAAACAGTGGAG                 AGAT TTG AGTA                 GCTTGCAACCACAGA
None      14 ..      24   xxAAAACAGTGGAGA                  GATTTGAGTAG                  CTTGCAACCACAGAA
 4.3      14 ..      25   xxAAAACAGTGGAGA                GAT TTGAGT AGC                 TTGCAACCACAGAAA
 3.4      13 ..      26   xxxAAAACAGTGGAG               AGAT TTGAGT AGCT                TGCAACCACAGAAAA
 4.7      12 ..      27   xxxxAAAACAGTGGA              GAGAT TTGAGT AGCTT               GCAACCACAGAAAAA
 0.4      18 ..      28   AACAGTGGAGAGATT                 TGAG TAG CTTG                 CAACCACAGAAAAAA
 3.9      17 ..      29   AAACAGTGGAGAGAT                TTGAG TAG CTTGC                AACCACAGAAAAAAA
 2.6      20 ..      30   CAGTGGAGAGATTTG                 AGTA GCT TGCA                 ACCACAGAAAAAAAT
 2.9      17 ..      31   AAACAGTGGAGAGAT               TTG AGTAGCTTG CAA               CCACAGAAAAAAATG
-4.768e-08      21 ..      32   AGTGGAGAGATTTGA                GTAG CTTG CAAC                 CACAGAAAAAAATGC
 3.5      20 ..      33   CAGTGGAGAGATTTG               AGTAG CTTG CAACC                ACAGAAAAAAATGCT
 2.8      18 ..      34   AACAGTGGAGAGATT             TGAGTAG CTTG CAAC-CA              CAGAAAAAAATGCTA
 1.6      21 ..      35   AGTGGAGAGATTTGA               GTAGCT TGC AACCAC               AGAAAAAAATGCTAA
 3.9      26 ..      36   AGAGATTTGAGTAGC                T-TG CAAC CACA                 GAAAAAAATGCTAAA
 1.6      25 ..      37   GAGAGATTTGAGTAG               CT-TG CAAC CACAG                AAAAAAATGCTAAAA
 5.1      24 ..      38   GGAGAGATTTGAGTA              GCT-TG CAAC CACAGA               AAAAAATGCTAAAAA
 5.3      27 ..      39   GAGATTTGAGTAGCT                TGC AACCACA GAA                AAAAATGCTAAAAAA
 4.4      26 ..      40   AGAGATTTGAGTAGC               TTGC AACCACA GAAA               AAAATGCTAAAAAAT
 7.9      25 ..      41   GAGAGATTTGAGTAG              CTTGC AACCACA GAAAA              AAATGCTAAAAAATA
None      32 ..      42   TTGAGTAGCTTGCAA                  CCACAGAAAAA                  AATGCTAAAAAATAC
None      33 ..      43   TGAGTAGCTTGCAAC                  CACAGAAAAAA                  ATGCTAAAAAATACA
None      34 ..      44   GAGTAGCTTGCAACC                  ACAGAAAAAAA                  TGCTAAAAAATACAT
 7.1      34 ..      45   GAGTAGCTTGCAACC                A CAGAAAAAAA T                 GCTAAAAAATACATT
 2.8      35 ..      46   AGTAGCTTGCAACCA                CA GAAAAAAA TG                 CTAAAAAATACATTx
 3.3      37 ..      47   TAGCTTGCAACCACA                 GAA AAAAA TGC                 TAAAAAATACATTxx
 2.4      36 ..      48   GTAGCTTGCAACCAC                AGAA AAAAA TGCT                AAAAAATACATTxxx
 5.9      35 ..      49   AGTAGCTTGCAACCA               CAGAA AAAAA TGCTA               AAAAATACATTxxxx
None      40 ..      50   CTTGCAACCACAGAA                  AAAAATGCTAA                  AAAATACATTxxxxx
None      41 ..      51   TTGCAACCACAGAAA                  AAAATGCTAAA                  AAATACATTxxxxxx
None      42 ..      52   TGCAACCACAGAAAA                  AAATGCTAAAA                  AATACATTxxxxxxx
None      43 ..      53   GCAACCACAGAAAAA                  AATGCTAAAAA                  ATACATTxxxxxxxx
 7.6      44 ..      54   CAACCACAGAAAAAA                 AT GCTAAAA AA                 TACATTxxxxxxxxx
 4.2      44 ..      55   CAACCACAGAAAAAA                AT GCTAAAAA AT                 ACATTxxxxxxxxxx
   5      45 ..      56   AACCACAGAAAAAAA                TGCT AAAA AATA                 CATTxxxxxxxxxxx
 4.7      47 ..      57   CCACAGAAAAAAATG                 CTA AAAAA TAC                 ATTxxxxxxxxxxxx
   4      45 ..      58   AACCACAGAAAAAAA               TGCTA AAAAA TA-CA               TTxxxxxxxxxxxxx
 3.1      44 ..      59   CAACCACAGAAAAAA              ATGCTA AAAAA TA-CAT              Txxxxxxxxxxxxxx
