>CP000578.1:c343169-343120 Cereibacter sphaeroides ATCC 17029 chromosome 2, complete sequence FORWARD
None       1 ..      11   xxxxxxxxxxxxxxx                  CAACCGTCACA                  ACGGCTTCCTGGCGT
None       2 ..      12   xxxxxxxxxxxxxxC                  AACCGTCACAA                  CGGCTTCCTGGCGTG
None       3 ..      13   xxxxxxxxxxxxxCA                  ACCGTCACAAC                  GGCTTCCTGGCGTGA
 2.5       4 ..      14   xxxxxxxxxxxxCAA                CCGT CACA ACG-                 GCTTCCTGGCGTGAC
-5.8       4 ..      15   xxxxxxxxxxxxCAA                CCGT CACA ACGG                 CTTCCTGGCGTGACG
-2.3       3 ..      16   xxxxxxxxxxxxxCA               ACCGT CACA ACGGC                TTCCTGGCGTGACGG
-3.2       2 ..      17   xxxxxxxxxxxxxxC              AACCGT CACA ACGGCT               TCCTGGCGTGACGGG
-1.6       2 ..      18   xxxxxxxxxxxxxxC             AA-CCGT CACA ACGGCTT              CCTGGCGTGACGGGG
 1.9       1 ..      19   xxxxxxxxxxxxxxx            CAA-CCGT CACA ACGGCTTC             CTGGCGTGACGGGGT
 7.2       9 ..      20   xxxxxxxCAACCGTC                ACAA CGGC TTCC                 TGGCGTGACGGGGTT
 6.1      11 ..      21   xxxxxCAACCGTCAC                 A ACGGCTTCC T                 GGCGTGACGGGGTTA
 3.4      12 ..      22   xxxxCAACCGTCACA                 ACGG CTT CCTG                 GCGTGACGGGGTTAA
 2.2      12 ..      23   xxxxCAACCGTCACA                ACGG CTTC CTGG                 CGTGACGGGGTTAAC
 1.9      14 ..      24   xxCAACCGTCACAAC                 GGC TTCCT GGC                 GTGACGGGGTTAACC
-0.4      13 ..      25   xxxCAACCGTCACAA                CGGC TTCCT GGCG                TGACGGGGTTAACCC
-1.3      12 ..      26   xxxxCAACCGTCACA               ACGGC TTCCT GGCGT               GACGGGGTTAACCCC
 0.2       8 ..      27   xxxxxxxxCAACCGT            CACAACGG CTTC CTGGCGTG             ACGGGGTTAACCCCA
-0.7       7 ..      28   xxxxxxxxxCAACCG           TCACAACGG CTTC CTGGCGTGA            CGGGGTTAACCCCAA
  -3       6 ..      29   xxxxxxxxxxCAACC          GTCACAACGG CTTC CTGGCGTGAC           GGGGTTAACCCCAAC
-5.3       5 ..      30   xxxxxxxxxxxCAAC         CGTCACAACGG CTTC CTGGCGTGACG          GGGTTAACCCCAACG
-7.6       4 ..      31   xxxxxxxxxxxxCAA        CCGTCACAACGG CTTC CTGGCGTGACGG         GGTTAACCCCAACGG
-4.1       3 ..      32   xxxxxxxxxxxxxCA       ACCGTCACAACGG CTTC CTGGCGTGACGGG        GTTAACCCCAACGGA
-0.6       2 ..      33   xxxxxxxxxxxxxxC      AACCGTCACAACGG CTTC CTGGCGTGACGGGG       TTAACCCCAACGGAG
   1       2 ..      34   xxxxxxxxxxxxxxC     A-ACCGTCACAACGG CTTC CTGGCGTGACGGGGT      TAACCCCAACGGAGC
 2.6       2 ..      35   xxxxxxxxxxxxxxC    AA--CCGTCACAACGG CTTC CTGGCGTGACGGGGTT     AACCCCAACGGAGCA
-1.8      26 ..      36   AACGGCTTCCTGGCG                 TGAC GGG GTTA                 ACCCCAACGGAGCAx
 1.7      25 ..      37   CAACGGCTTCCTGGC                GTGAC GGG GTTAA                CCCCAACGGAGCAxx
 1.9      25 ..      38   CAACGGCTTCCTGGC               G-TGAC GGG GTTAAC               CCCAACGGAGCAxxx
 2.9      23 ..      39   CACAACGGCTTCCTG              GCGTGAC GGG GTTAACC              CCAACGGAGCAxxxx
-3.9      30 ..      40   GCTTCCTGGCGTGAC                 GGG GTTAA CCC                 CAACGGAGCAxxxxx
-7.2      30 ..      41   GCTTCCTGGCGTGAC                GGGG TTAA CCCC                 AACGGAGCAxxxxxx
-3.7      29 ..      42   GGCTTCCTGGCGTGA               CGGGG TTAA CCCCA                ACGGAGCAxxxxxxx
-0.2      28 ..      43   CGGCTTCCTGGCGTG              ACGGGG TTAA CCCCAA               CGGAGCAxxxxxxxx
-2.5      27 ..      44   ACGGCTTCCTGGCGT             GACGGGG TTAA CCCCAAC              GGAGCAxxxxxxxxx
-1.2      26 ..      45   AACGGCTTCCTGGCG            TGACGGGG TTAA CCCCAACG             GAGCAxxxxxxxxxx
 2.3      25 ..      46   CAACGGCTTCCTGGC           GTGACGGGG TTAA CCCCAACGG            AGCAxxxxxxxxxxx
 1.9      37 ..      47   GGCGTGACGGGGTTA                 ACC CCAAC GGA                 GCAxxxxxxxxxxxx
-2.4      38 ..      48   GCGTGACGGGGTTAA                 CCCC AAC GGAG                 CAxxxxxxxxxxxxx
 1.1      37 ..      49   GGCGTGACGGGGTTA                ACCCC AAC GGAGC                Axxxxxxxxxxxxxx
