>AJ609482.1:1-130 Homo sapiens ACA12 scaRNA gene FORWARD
 8.4       1 ..      11   xxxxxxxxxxxxxxx                 TGGA CAT TTAT                 TTTTATTCAGTTTCT
 7.6       2 ..      12   xxxxxxxxxxxxxxT                 GG ACATTTA TT                 TTTATTCAGTTTCTT
 5.4       3 ..      13   xxxxxxxxxxxxxTG                 GA CATTTAT TT                 TTATTCAGTTTCTTC
 4.7       4 ..      14   xxxxxxxxxxxxTGG                 ACA TTTAT TTT                 TATTCAGTTTCTTCT
 5.7       4 ..      15   xxxxxxxxxxxxTGG                ACA TTTATT TTT                 ATTCAGTTTCTTCTC
 5.4       1 ..      16   xxxxxxxxxxxxxxx              TGGACA TTTA TTTTTA               TTCAGTTTCTTCTCA
 4.2       6 ..      17   xxxxxxxxxxTGGAC                AT TTATTTTT AT                 TCAGTTTCTTCTCAA
 5.3       6 ..      18   xxxxxxxxxxTGGAC                ATTTA TTT TTATT                CAGTTTCTTCTCAAG
 6.2       9 ..      19   xxxxxxxTGGACATT                 TATT TTT ATTC                 AGTTTCTTCTCAAGG
 5.3       8 ..      20   xxxxxxxxTGGACAT                TTATT TTT ATTCA                GTTTCTTCTCAAGGT
 5.4      11 ..      21   xxxxxTGGACATTTA                 TT TTTATTC AG                 TTTCTTCTCAAGGTG
 4.5      10 ..      22   xxxxxxTGGACATTT                ATT TTTATTC AGT                TTCTTCTCAAGGTGA
   7      10 ..      23   xxxxxxTGGACATTT               ATTT TTATTC AGTT                TCTTCTCAAGGTGAA
 8.3       4 ..      24   xxxxxxxxxxxxTGG            ACATTTATT TTT ATTCAGTTT            CTTCTCAAGGTGAAG
   6       3 ..      25   xxxxxxxxxxxxxTG           GACATTTATT TTT ATTCAGTTTC           TTCTCAAGGTGAAGA
 6.1      16 ..      26   TGGACATTTATTTTT                 A TTCAGTTTC T                 TCTCAAGGTGAAGAT
 7.1      16 ..      27   TGGACATTTATTTTT                A TTCAGTTTCT T                 CTCAAGGTGAAGATA
 4.8      18 ..      28   GACATTTATTTTTAT                 TCAG TTT CTTC                 TCAAGGTGAAGATAA
 6.8      19 ..      29   ACATTTATTTTTATT                CAG TTTCTT CT-                 CAAGGTGAAGATAAC
 4.3      19 ..      30   ACATTTATTTTTATT                CAG TTTCTT CTC                 AAGGTGAAGATAACT
 3.4      18 ..      31   GACATTTATTTTTAT               TCAG TTTCTT CTCA                AGGTGAAGATAACTC
 2.5      17 ..      32   GGACATTTATTTTTA              TTCAG TTTCTT CTCAA               GGTGAAGATAACTCT
 3.5      22 ..      33   TTTATTTTTATTCAG                TTT CTTCTC AAG                 GTGAAGATAACTCTT
-1.8      24 ..      34   TATTTTTATTCAGTT                 TCTT CTC AAGG                 TGAAGATAACTCTTT
 1.7      23 ..      35   TTATTTTTATTCAGT                TTCTT CTC AAGGT                GAAGATAACTCTTTG
 2.2      25 ..      36   ATTTTTATTCAGTTT                CTTC TCAA GGTG                 AAGATAACTCTTTGT
  -1      27 ..      37   TTTTATTCAGTTTCT                 TCTC AAG GTGA                 AGATAACTCTTTGTA
-1.9      26 ..      38   TTTTTATTCAGTTTC                TTCTC AAG GTGAA                GATAACTCTTTGTAA
-4.2      25 ..      39   ATTTTTATTCAGTTT               CTTCTC AAG GTGAAG               ATAACTCTTTGTAAA
-5.1      24 ..      40   TATTTTTATTCAGTT              TCTTCTC AAG GTGAAGA              TAACTCTTTGTAAAT
-1.6      23 ..      41   TTATTTTTATTCAGT             TTCTTCTC AAG GTGAAGAT             AACTCTTTGTAAATG
-2.5      22 ..      42   TTTATTTTTATTCAG            TTTCTTCTC AAG GTGAAGATA            ACTCTTTGTAAATGT
-0.9      22 ..      43   TTTATTTTTATTCAG           TT-TCTTCTC AAG GTGAAGATAA           CTCTTTGTAAATGTC
-3.2      21 ..      44   ATTTATTTTTATTCA          GTT-TCTTCTC AAG GTGAAGATAAC          TCTTTGTAAATGTCC
-4.1      20 ..      45   CATTTATTTTTATTC         AGTT-TCTTCTC AAG GTGAAGATAACT         CTTTGTAAATGTCCT
-0.6      19 ..      46   ACATTTATTTTTATT        CAGTT-TCTTCTC AAG GTGAAGATAACTC        TTTGTAAATGTCCTA
 2.9      18 ..      47   GACATTTATTTTTAT       TCAGTT-TCTTCTC AAG GTGAAGATAACTCT       TTGTAAATGTCCTAC
  -3      37 ..      48   TTTCTTCTCAAGGTG                AAGA TAAC TCTT                 TGTAAATGTCCTACA
-1.7      36 ..      49   GTTTCTTCTCAAGGT               GAAGA TAAC TCTTT                GTAAATGTCCTACAG
-0.4      35 ..      50   AGTTTCTTCTCAAGG              TGAAGA TAAC TCTTTG               TAAATGTCCTACAGA
 0.6      40 ..      51   CTTCTCAAGGTGAAG                ATAA CTCT TTGT                 AAATGTCCTACAGAA
 3.3      42 ..      52   TCTCAAGGTGAAGAT                 AAC TCTTT GTA                 AATGTCCTACAGAAA
 2.4      41 ..      53   TTCTCAAGGTGAAGA                TAAC TCTTT GTAA                ATGTCCTACAGAAAT
 5.9      40 ..      54   CTTCTCAAGGTGAAG               ATAAC TCTTT GTAAA               TGTCCTACAGAAATA
 6.2      45 ..      55   CAAGGTGAAGATAAC                 TCTT TGT AAAT                 GTCCTACAGAAATAT
 0.4      46 ..      56   AAGGTGAAGATAACT                 CTTT GTA AATG                 TCCTACAGAAATATA
   3      43 ..      57   CTCAAGGTGAAGATA               ACTCTT TGT AAATGT               CCTACAGAAATATAG
 6.5      42 ..      58   TCTCAAGGTGAAGAT              AACTCTT TGT AAATGTC              CTACAGAAATATAGT
 6.2      49 ..      59   GTGAAGATAACTCTT                 TG TAAATGT CC                 TACAGAAATATAGTA
 5.8      49 ..      60   GTGAAGATAACTCTT                TGTA AATG TCCT                 ACAGAAATATAGTAG
 3.2      51 ..      61   GAAGATAACTCTTTG                 TA AATGTCC TA                 CAGAAATATAGTAGC
 0.9      50 ..      62   TGAAGATAACTCTTT                GTA AATGTCC TAC                AGAAATATAGTAGCT
-2.027e-07      49 ..      63   GTGAAGATAACTCTT               TGTA AATGTCC TACA               GAAATATAGTAGCTT
 0.4      54 ..      64   GATAACTCTTTGTAA                 ATGT CCT ACAG                 AAATATAGTAGCTTT
 0.4      47 ..      65   AGGTGAAGATAACTC             TTTGTA AATGTCC TACAGA             AATATAGTAGCTTTC
 3.3      56 ..      66   TAACTCTTTGTAAAT                 GTC CTACA GAA                 ATATAGTAGCTTTCT
 2.4      55 ..      67   ATAACTCTTTGTAAA                TGTC CTACA GAAA                TATAGTAGCTTTCTG
 1.5      54 ..      68   GATAACTCTTTGTAA               ATGTC CTACA GAAAT               ATAGTAGCTTTCTGT
   5      53 ..      69   AGATAACTCTTTGTA              AATGTC CTACA GAAATA              TAGTAGCTTTCTGTT
 4.1      52 ..      70   AAGATAACTCTTTGT             AAATGTC CTACA GAAATAT             AGTAGCTTTCTGTTC
 2.8      60 ..      71   TCTTTGTAAATGTCC                TACA GAAA TATA                 GTAGCTTTCTGTTCT
 0.5      59 ..      72   CTCTTTGTAAATGTC               CTACA GAAA TATAG                TAGCTTTCTGTTCTT
 3.8      61 ..      73   CTTTGTAAATGTCCT                AC AGAAATATA GT                AGCTTTCTGTTCTTC
 2.9      60 ..      74   TCTTTGTAAATGTCC               TAC AGAAATATA GTA               GCTTTCTGTTCTTCC
 0.6      59 ..      75   CTCTTTGTAAATGTC              CTAC AGAAATATA GTAG              CTTTCTGTTCTTCCT
 4.1      58 ..      76   ACTCTTTGTAAATGT             CCTAC AGAAATATA GTAGC             TTTCTGTTCTTCCTT
 5.2      63 ..      77   TTGTAAATGTCCTAC               AGAAAT ATA GTAGCT               TTCTGTTCTTCCTTT
 5.2      66 ..      78   TAAATGTCCTACAGA                AA TATAGTAGC TT                TCTGTTCTTCCTTTG
 0.4      69 ..      79   ATGTCCTACAGAAAT                 ATAG TAG CTTT                 CTGTTCTTCCTTTGC
   2      64 ..      80   TGTAAATGTCCTACA              GAAA TATAGTAGC TTTC              TGTTCTTCCTTTGCA
 0.4      71 ..      81   GTCCTACAGAAATAT                 AGTA GCT TTCT                 GTTCTTCCTTTGCAA
-1.2      62 ..      82   TTTGTAAATGTCCTA            CAGAAA TATAGTAGC TTTCTG            TTCTTCCTTTGCAAG
-2.1      61 ..      83   CTTTGTAAATGTCCT           ACAGAAA TATAGTAGC TTTCTGT           TCTTCCTTTGCAAGT
 0.5      71 ..      84   GTCCTACAGAAATAT               AGTAG CTTT CTGTT                CTTCCTTTGCAAGTA
   4      70 ..      85   TGTCCTACAGAAATA              TAGTAG CTTT CTGTTC               TTCCTTTGCAAGTAA
 3.1      69 ..      86   ATGTCCTACAGAAAT             ATAGTAG CTTT CTGTTCT              TCCTTTGCAAGTAAA
   5      71 ..      87   GTCCTACAGAAATAT              AGTAGC TTTCT GTTCTT              CCTTTGCAAGTAAAA
 3.7      64 ..      88   TGTAAATGTCCTACA          GAAATATAGTA GCT TTCTGTTCTTC          CTTTGCAAGTAAAAA
 7.2      63 ..      89   TTGTAAATGTCCTAC         AGAAATATAGTA GCT TTCTGTTCTTCC         TTTGCAAGTAAAAAG
 7.7      80 ..      90   AAATATAGTAGCTTT                 CTG TTCTT CCT                 TTGCAAGTAAAAAGG
 8.7      80 ..      91   AAATATAGTAGCTTT                CTG TTCTTC CTT                 TGCAAGTAAAAAGGG
 8.3      82 ..      92   ATATAGTAGCTTTCT                 G TTCTTCCTT T                 GCAAGTAAAAAGGGT
 7.7      80 ..      93   AAATATAGTAGCTTT               C TGTTCTTCCTTT G                CAAGTAAAAAGGGTG
   6      82 ..      94   ATATAGTAGCTTTCT                GT TCTTCCTTT GC                AAGTAAAAAGGGTGG
 5.1      81 ..      95   AATATAGTAGCTTTC               TGT TCTTCCTTT GCA               AGTAAAAAGGGTGGG
 0.4      86 ..      96   AGTAGCTTTCTGTTC                 TTCC TTT GCAA                 GTAAAAAGGGTGGGT
-1.9      85 ..      97   TAGTAGCTTTCTGTT                CTTCC TTT GCAAG                TAAAAAGGGTGGGTC
 0.4      88 ..      98   TAGCTTTCTGTTCTT                 CCTT TGC AAGT                 AAAAAGGGTGGGTCG
-0.5      87 ..      99   GTAGCTTTCTGTTCT                TCCTT TGC AAGTA                AAAAGGGTGGGTCGT
-1.4      86 ..     100   AGTAGCTTTCTGTTC               TTCCTT TGC AAGTAA               AAAGGGTGGGTCGTT
 0.6      90 ..     101   GCTTTCTGTTCTTCC                TTTG CAAG TAAA                 AAGGGTGGGTCGTTC
 1.2      84 ..     102   ATAGTAGCTTTCTGT             TCTTCCTT TGC AAGTAAAA             AGGGTGGGTCGTTCC
 0.3      83 ..     103   TATAGTAGCTTTCTG            TTCTTCCTT TGC AAGTAAAAA            GGGTGGGTCGTTCCA
   1      89 ..     104   AGCTTTCTGTTCTTC              CTTT GCAAGTAA AAAG               GGTGGGTCGTTCCAC
-1.3      88 ..     105   TAGCTTTCTGTTCTT             CCTTT GCAAGTAA AAAGG              GTGGGTCGTTCCACT
-3.099e-07      87 ..     106   GTAGCTTTCTGTTCT            TCCTTT GCAAGTAA AAAGGG             TGGGTCGTTCCACTA
 3.5      86 ..     107   AGTAGCTTTCTGTTC           TTCCTTT GCAAGTAA AAAGGGT            GGGTCGTTCCACTAC
 1.2      85 ..     108   TAGTAGCTTTCTGTT          CTTCCTTT GCAAGTAA AAAGGGTG           GGTCGTTCCACTACT
 2.5      84 ..     109   ATAGTAGCTTTCTGT         TCTTCCTTT GCAAGTAA AAAGGGTGG          GTCGTTCCACTACTG
 3.8      83 ..     110   TATAGTAGCTTTCTG        TTCTTCCTTT GCAAGTAA AAAGGGTGGG         TCGTTCCACTACTGA
 5.1      82 ..     111   ATATAGTAGCTTTCT       GTTCTTCCTTT GCAAGTAA AAAGGGTGGGT        CGTTCCACTACTGAC
 6.9      82 ..     112   ATATAGTAGCTTTCT       GTTCTTCCTTT GCAAGTAAA AAGGGTGGGTC       GTTCCACTACTGACA
 5.5     103 ..     113   CCTTTGCAAGTAAAA                 AGG GTGGG TCG                 TTCCACTACTGACAT
 3.6     103 ..     114   CCTTTGCAAGTAAAA                AGGG TGGG TCGT                 TCCACTACTGACATT
 2.6     105 ..     115   TTTGCAAGTAAAAAG                 GGTG GGT CGTT                 CCACTACTGACATTT
 0.3     104 ..     116   CTTTGCAAGTAAAAA                GGGTG GGT CGTTC                CACTACTGACATTTx
 2.4     105 ..     117   TTTGCAAGTAAAAAG                GG TGGGTCGTT CC                ACTACTGACATTTxx
-2.2     107 ..     118   TGCAAGTAAAAAGGG                TGGG TCGT TCCA                 CTACTGACATTTxxx
-4.5     106 ..     119   TTGCAAGTAAAAAGG               GTGGG TCGT TCCAC                TACTGACATTTxxxx
-3.2     105 ..     120   TTTGCAAGTAAAAAG              GGTGGG TCGT TCCACT               ACTGACATTTxxxxx
 0.3     104 ..     121   CTTTGCAAGTAAAAA             GGGTGGG TCGT TCCACTA              CTGACATTTxxxxxx
-1.9     110 ..     122   AAGTAAAAAGGGTGG                GTCGT TCC ACTAC                TGACATTTxxxxxxx
-0.6     109 ..     123   CAAGTAAAAAGGGTG               GGTCGT TCC ACTACT               GACATTTxxxxxxxx
 2.9     108 ..     124   GCAAGTAAAAAGGGT              GGGTCGT TCC ACTACTG              ACATTTxxxxxxxxx
 1.8     115 ..     125   AAAAGGGTGGGTCGT                 TC CACTACT GA                 CATTTxxxxxxxxxx
-0.3     106 ..     126   TTGCAAGTAAAAAGG            GTGGGTCGT TCC ACTACTGAC            ATTTxxxxxxxxxxx
 3.2     105 ..     127   TTTGCAAGTAAAAAG           GGTGGGTCGT TCC ACTACTGACA           TTTxxxxxxxxxxxx
 4.5     104 ..     128   CTTTGCAAGTAAAAA          GGGTGGGTCGT TCC ACTACTGACAT          TTxxxxxxxxxxxxx
 3.6     103 ..     129   CCTTTGCAAGTAAAA         AGGGTGGGTCGT TCC ACTACTGACATT         Txxxxxxxxxxxxxx
