>AL671190.10:c55894-55730 Mouse DNA sequence from clone RP23-464L12 on chromosome 4, complete sequence FORWARD
 8.3       1 ..      11   xxxxxxxxxxxxxxx                CAGC ACTT GAT-                 ACTAACCGAGCTATC
 5.8       1 ..      12   xxxxxxxxxxxxxxx                CAGC ACTT GATA                 CTAACCGAGCTATCT
 3.3       3 ..      13   xxxxxxxxxxxxxCA                 GCA CTTGA TAC                 TAACCGAGCTATCTG
 2.4       2 ..      14   xxxxxxxxxxxxxxC                AGCA CTTGA TACT                AACCGAGCTATCTGT
 5.9       1 ..      15   xxxxxxxxxxxxxxx               CAGCA CTTGA TACTA               ACCGAGCTATCTGTA
 4.8       6 ..      16   xxxxxxxxxxCAGCA                 CTTG ATA CTAA                 CCGAGCTATCTGTAT
   5       6 ..      17   xxxxxxxxxxCAGCA                CTTG ATAC TAAC                 CGAGCTATCTGTATC
 4.8       8 ..      18   xxxxxxxxCAGCACT                 TGAT ACT AACC                 GAGCTATCTGTATCC
 3.6       8 ..      19   xxxxxxxxCAGCACT                TGAT ACTA ACCG                 AGCTATCTGTATCCT
 2.7       7 ..      20   xxxxxxxxxCAGCAC               TTGAT ACTA ACCGA                GCTATCTGTATCCTC
 0.4       6 ..      21   xxxxxxxxxxCAGCA              CTTGAT ACTA ACCGAG               CTATCTGTATCCTCG
 3.3      12 ..      22   xxxxCAGCACTTGAT                 ACT AACCG AGC                 TATCTGTATCCTCGT
 4.9      12 ..      23   xxxxCAGCACTTGAT                A-CT AACCG AGCT                ATCTGTATCCTCGTC
 0.4      14 ..      24   xxCAGCACTTGATAC                 TAAC CGA GCTA                 TCTGTATCCTCGTCT
 3.1      10 ..      25   xxxxxxCAGCACTTG              ATA-CT AACCG AGCTAT              CTGTATCCTCGTCTT
 0.8       9 ..      26   xxxxxxxCAGCACTT             GATA-CT AACCG AGCTATC             TGTATCCTCGTCTTG
 4.3       8 ..      27   xxxxxxxxCAGCACT            TGATA-CT AACCG AGCTATCT            GTATCCTCGTCTTGT
1.907e-07      17 ..      28   AGCACTTGATACTAA                CCGA GCTA TCTG                 TATCCTCGTCTTGTT
-0.9      16 ..      29   CAGCACTTGATACTA               ACCGA GCTA TCTGT                ATCCTCGTCTTGTTT
 2.6      15 ..      30   xCAGCACTTGATACT              AACCGA GCTA TCTGTA               TCCTCGTCTTGTTTA
 4.2      15 ..      31   xCAGCACTTGATACT             A-ACCGA GCTA TCTGTAT              CCTCGTCTTGTTTAA
 1.4      21 ..      32   CTTGATACTAACCGA                GCTA TCTG TATC                 CTCGTCTTGTTTAAA
 4.9      20 ..      33   ACTTGATACTAACCG               AGCTA TCTG TATCC                TCGTCTTGTTTAAAG
 5.8      20 ..      34   ACTTGATACTAACCG               AG CTATCTGTATC CT               CGTCTTGTTTAAAGG
 3.5      19 ..      35   CACTTGATACTAACC              GAG CTATCTGTATC CTC              GTCTTGTTTAAAGGC
 1.2      18 ..      36   GCACTTGATACTAAC             CGAG CTATCTGTATC CTCG             TCTTGTTTAAAGGCT
 4.7      17 ..      37   AGCACTTGATACTAA            CCGAG CTATCTGTATC CTCGT            CTTGTTTAAAGGCTT
 4.7      28 ..      38   CTAACCGAGCTATCT                 G TATCCTCGT C                 TTGTTTAAAGGCTTG
 7.2      28 ..      39   CTAACCGAGCTATCT                GTAT CCTC GTCT                 TGTTTAAAGGCTTGT
 6.1      30 ..      40   AACCGAGCTATCTGT                 A TCCTCGTCT T                 GTTTAAAGGCTTGTG
 7.4      29 ..      41   TAACCGAGCTATCTG                TA TCCTCGTCT TG                TTTAAAGGCTTGTGA
 6.2      32 ..      42   CCGAGCTATCTGTAT                 CC TCGTCTT GT                 TTAAAGGCTTGTGAT
 6.3      30 ..      43   AACCGAGCTATCTGT               ATC CTCGTCTT GTT                TAAAGGCTTGTGATA
 8.8      30 ..      44   AACCGAGCTATCTGT               ATCC TCGTCTT GTTT               AAAGGCTTGTGATAT
 7.1      34 ..      45   GAGCTATCTGTATCC                T CGTCTTGTTT A                 AAGGCTTGTGATATG
 7.6      36 ..      46   GCTATCTGTATCCTC                 GT CTTGTTT AA                 AGGCTTGTGATATGC
 4.7      37 ..      47   CTATCTGTATCCTCG                 TCT TGTTT AAA                 GGCTTGTGATATGCT
-1.1      38 ..      48   TATCTGTATCCTCGT                 CTT GTTTA AAG                 GCTTGTGATATGCTG
 0.2      37 ..      49   CTATCTGTATCCTCG                TCTT GTTTA AAGG                CTTGTGATATGCTGT
-2.1      36 ..      50   GCTATCTGTATCCTC               GTCTT GTTTA AAGGC               TTGTGATATGCTGTG
 1.4      35 ..      51   AGCTATCTGTATCCT              CGTCTT GTTTA AAGGCT              TGTGATATGCTGTGG
 4.9      34 ..      52   GAGCTATCTGTATCC             TCGTCTT GTTTA AAGGCTT             GTGATATGCTGTGGT
 2.6      33 ..      53   CGAGCTATCTGTATC            CTCGTCTT GTTTA AAGGCTTG            TGATATGCTGTGGTA
   5      43 ..      54   GTATCCTCGTCTTGT                TTAA AGGC TTGT                 GATATGCTGTGGTAG
   5      44 ..      55   TATCCTCGTCTTGTT                TAAA GGCT TGTG                 ATATGCTGTGGTAGT
 4.1      43 ..      56   GTATCCTCGTCTTGT               TTAAA GGCT TGTGA                TATGCTGTGGTAGTT
 4.5      30 ..      57   AACCGAGCTATCTGT        ATC-CTCGTCTT GTTTA AAGGCTTGTGAT        ATGCTGTGGTAGTTG
 3.6      29 ..      58   TAACCGAGCTATCTG       TATC-CTCGTCTT GTTTA AAGGCTTGTGATA       TGCTGTGGTAGTTGG
 4.9      28 ..      59   CTAACCGAGCTATCT      GTATC-CTCGTCTT GTTTA AAGGCTTGTGATAT      GCTGTGGTAGTTGGG
 2.6      50 ..      60   CGTCTTGTTTAAAGG                 CTTG TGA TATG                 CTGTGGTAGTTGGGT
 0.3      49 ..      61   TCGTCTTGTTTAAAG                GCTTG TGA TATGC                TGTGGTAGTTGGGTT
 1.6      48 ..      62   CTCGTCTTGTTTAAA               GGCTTG TGA TATGCT               GTGGTAGTTGGGTTG
 5.1      47 ..      63   CCTCGTCTTGTTTAA              AGGCTTG TGA TATGCTG              TGGTAGTTGGGTTGC
 4.2      46 ..      64   TCCTCGTCTTGTTTA             AAGGCTTG TGA TATGCTGT             GGTAGTTGGGTTGCA
   4      55 ..      65   TGTTTAAAGGCTTGT                 GATA TGC TGTG                 GTAGTTGGGTTGCAG
 5.3      54 ..      66   TTGTTTAAAGGCTTG                TGATA TGC TGTGG                TAGTTGGGTTGCAGA
 6.4      56 ..      67   GTTTAAAGGCTTGTG                AT ATGCTGTG GT                 AGTTGGGTTGCAGAA
 3.5      57 ..      68   TTTAAAGGCTTGTGA                TAT GCTGTG GTA                 GTTGGGTTGCAGAAG
 3.6      58 ..      69   TTAAAGGCTTGTGAT                ATGC TGTG GTAG                 TTGGGTTGCAGAAGT
 0.4      60 ..      70   AAAGGCTTGTGATAT                 GCTG TGG TAGT                 TGGGTTGCAGAAGTG
 3.9      59 ..      71   TAAAGGCTTGTGATA                TGCTG TGG TAGTT                GGGTTGCAGAAGTGC
 5.7      61 ..      72   AAGGCTTGTGATATG                C TGTGGTAGTT G                 GGTTGCAGAAGTGCG
 5.3      61 ..      73   AAGGCTTGTGATATG                CTG TGGTAGT TGG                GTTGCAGAAGTGCGA
   7      61 ..      74   AAGGCTTGTGATATG               CT GTGGTAGTTG GG                TTGCAGAAGTGCGAT
 8.3      60 ..      75   AAAGGCTTGTGATAT              GCT GTGGTAGTTG GGT               TGCAGAAGTGCGATA
 7.9      65 ..      76   CTTGTGATATGCTGT                GGT AGTTGG GTT                 GCAGAAGTGCGATAT
   4      67 ..      77   TGTGATATGCTGTGG                 TAGT TGG GTTG                 CAGAAGTGCGATATT
 1.7      66 ..      78   TTGTGATATGCTGTG                GTAGT TGG GTTGC                AGAAGTGCGATATTA
 5.2      65 ..      79   CTTGTGATATGCTGT               GGTAGT TGG GTTGCA               GAAGTGCGATATTAA
 1.1      70 ..      80   GATATGCTGTGGTAG                 TTG GGTTG CAG                 AAGTGCGATATTAAA
 3.6      70 ..      81   GATATGCTGTGGTAG                TTGG GTTG CAGA                 AGTGCGATATTAAAG
 3.9      70 ..      82   GATATGCTGTGGTAG                TTGGG TTG CAGAA                GTGCGATATTAAAGT
 6.8      61 ..      83   AAGGCTTGTGATATG           CTGTGGTAGT TGG GTTGCAGAAG           TGCGATATTAAAGTA
 4.7      74 ..      84   TGCTGTGGTAGTTGG                 GTT GCAGA AGT                 GCGATATTAAAGTAA
 7.8      67 ..      85   TGTGATATGCTGTGG             TAGTTGGG TTG CAGAAGTG             CGATATTAAAGTAAA
 2.5      76 ..      86   CTGTGGTAGTTGGGT                TGCA GAAG TGC-                 GATATTAAAGTAAAA
-2.2      76 ..      87   CTGTGGTAGTTGGGT                TGCA GAAG TGCG                 ATATTAAAGTAAAAG
-3.1      75 ..      88   GCTGTGGTAGTTGGG               TTGCA GAAG TGCGA                TATTAAAGTAAAAGC
-1.8      74 ..      89   TGCTGTGGTAGTTGG              GTTGCA GAAG TGCGAT               ATTAAAGTAAAAGCC
 1.7      73 ..      90   ATGCTGTGGTAGTTG             GGTTGCA GAAG TGCGATA              TTAAAGTAAAAGCCA
   3      72 ..      91   TATGCTGTGGTAGTT            GGGTTGCA GAAG TGCGATAT             TAAAGTAAAAGCCAT
 1.8      82 ..      92   TAGTTGGGTTGCAGA                 AGTG CGA TATT                 AAAGTAAAAGCCATG
 5.3      81 ..      93   GTAGTTGGGTTGCAG                AAGTG CGA TATTA                AAGTAAAAGCCATGA
   5      70 ..      94   GATATGCTGTGGTAG         TTGG-GTTGCA GAAG TGCGATATTAA          AGTAAAAGCCATGAG
 7.1      84 ..      95   GTTGGGTTGCAGAAG                T GCGATATTAA A                 GTAAAAGCCATGAGT
 4.7      86 ..      96   TGGGTTGCAGAAGTG                 C GATATTAAA G                 TAAAAGCCATGAGTC
   6      85 ..      97   TTGGGTTGCAGAAGT                GC GATATTAAA GT                AAAAGCCATGAGTCT
 5.1      84 ..      98   GTTGGGTTGCAGAAG               TGC GATATTAAA GTA               AAAGCCATGAGTCTT
   5      88 ..      99   GGTTGCAGAAGTGCG                ATAT TAAA GTAA                 AAGCCATGAGTCTTT
 1.8      90 ..     100   TTGCAGAAGTGCGAT                 ATTA AAG TAAA                 AGCCATGAGTCTTTT
 0.9      89 ..     101   GTTGCAGAAGTGCGA                TATTA AAG TAAAA                GCCATGAGTCTTTTA
 4.4      88 ..     102   GGTTGCAGAAGTGCG               ATATTA AAG TAAAAG               CCATGAGTCTTTTAG
 2.1      87 ..     103   GGGTTGCAGAAGTGC              GATATTA AAG TAAAAGC              CATGAGTCTTTTAGG
 5.6      86 ..     104   TGGGTTGCAGAAGTG             CGATATTA AAG TAAAAGCC             ATGAGTCTTTTAGGC
 4.9      84 ..     105   GTTGGGTTGCAGAAG           TGCGATATTA AAG TAAAAGC-CA           TGAGTCTTTTAGGCC
 5.3      94 ..     106   AGAAGTGCGATATTA                AAG TAAAAGC CAT                GAGTCTTTTAGGCCC
 5.4      97 ..     107   AGTGCGATATTAAAG                 TA AAAGCCA TG                 AGTCTTTTAGGCCCA
 5.7      97 ..     108   AGTGCGATATTAAAG                TAA AAGCCA TGA                 GTCTTTTAGGCCCAG
None      99 ..     109   TGCGATATTAAAGTA                  AAAGCCATGAG                  TCTTTTAGGCCCAGT
 4.8     100 ..     110   GCGATATTAAAGTAA                 AAGC CAT GAGT                 CTTTTAGGCCCAGTG
 5.5     101 ..     111   CGATATTAAAGTAAA                 AGC CATGA GTC                 TTTTAGGCCCAGTGT
3.576e-08     101 ..     112   CGATATTAAAGTAAA                AGCC ATGA GTCT                 TTTAGGCCCAGTGTG
-0.9     100 ..     113   GCGATATTAAAGTAA               AAGCC ATGA GTCTT                TTAGGCCCAGTGTGT
-1.8      99 ..     114   TGCGATATTAAAGTA              AAAGCC ATGA GTCTTT               TAGGCCCAGTGTGTA
-2.7      98 ..     115   GTGCGATATTAAAGT             AAAAGCC ATGA GTCTTTT              AGGCCCAGTGTGTAA
-3.6      97 ..     116   AGTGCGATATTAAAG            TAAAAGCC ATGA GTCTTTTA             GGCCCAGTGTGTAAA
-0.1      96 ..     117   AAGTGCGATATTAAA           GTAAAAGCC ATGA GTCTTTTAG            GCCCAGTGTGTAAAG
   3     104 ..     118   TATTAAAGTAAAAGC               CATGAG TCT TTTAGG               CCCAGTGTGTAAAGA
-3.2     109 ..     119   AAGTAAAAGCCATGA                 GTCT TTT AGGC                 CCAGTGTGTAAAGAC
 0.3     108 ..     120   AAAGTAAAAGCCATG                AGTCT TTT AGGCC                CAGTGTGTAAAGACA
  -2     107 ..     121   TAAAGTAAAAGCCAT               GAGTCT TTT AGGCCC               AGTGTGTAAAGACAC
-2.9     106 ..     122   TTAAAGTAAAAGCCA              TGAGTCT TTT AGGCCCA              GTGTGTAAAGACACA
 0.6     105 ..     123   ATTAAAGTAAAAGCC             ATGAGTCT TTT AGGCCCAG             TGTGTAAAGACACAT
 2.2     105 ..     124   ATTAAAGTAAAAGCC            A-TGAGTCT TTT AGGCCCAGT            GTGTAAAGACACATT
-0.1     104 ..     125   TATTAAAGTAAAAGC           CA-TGAGTCT TTT AGGCCCAGTG           TGTAAAGACACATTC
 2.6     116 ..     126   AGCCATGAGTCTTTT                 AGGC CCA GTGT                 GTAAAGACACATTCT
 3.6     103 ..     127   ATATTAAAGTAAAAG         C-CA-TGAGTCT TTT AGGCCCAGTGTG         TAAAGACACATTCTG
 1.2     118 ..     128   CCATGAGTCTTTTAG                 GCCC AGT GTGT                 AAAGACACATTCTGA
 3.7     115 ..     129   AAGCCATGAGTCTTT               TAGGC CCAGT GTGTA               AAGACACATTCTGAG
 2.8     114 ..     130   AAAGCCATGAGTCTT              TTAGGC CCAGT GTGTAA              AGACACATTCTGAGT
 1.9     113 ..     131   AAAAGCCATGAGTCT             TTTAGGC CCAGT GTGTAAA             GACACATTCTGAGTT
 3.2     112 ..     132   TAAAAGCCATGAGTC            TTTTAGGC CCAGT GTGTAAAG            ACACATTCTGAGTTA
   4     110 ..     133   AGTAAAAGCCATGAG          TCTTT-TAGGC CCA GTGTGTAAAGA          CACATTCTGAGTTAT
 1.4     123 ..     134   AGTCTTTTAGGCCCA                GTGT GTAA AGAC                 ACATTCTGAGTTATA
-0.1     124 ..     135   GTCTTTTAGGCCCAG                TGT GTAAAG ACA                 CATTCTGAGTTATAA
-4.4     125 ..     136   TCTTTTAGGCCCAGT                GTGT AAAG ACAC                 ATTCTGAGTTATAAC
-5.3     124 ..     137   GTCTTTTAGGCCCAG               TGTGT AAAG ACACA                TTCTGAGTTATAACT
  -4     123 ..     138   AGTCTTTTAGGCCCA              GTGTGT AAAG ACACAT               TCTGAGTTATAACTC
-4.9     122 ..     139   GAGTCTTTTAGGCCC             AGTGTGT AAAG ACACATT              CTGAGTTATAACTCA
-1.4     121 ..     140   TGAGTCTTTTAGGCC            CAGTGTGT AAAG ACACATTC             TGAGTTATAACTCAG
-1.1     131 ..     141   AGGCCCAGTGTGTAA                 AGA CACAT TCT                 GAGTTATAACTCAGA
-0.8     121 ..     142   TGAGTCTTTTAGGCC           CAGTGTGT AAAGAC ACATTCTG            AGTTATAACTCAGAG
 2.7     120 ..     143   ATGAGTCTTTTAGGC          CCAGTGTGT AAAGAC ACATTCTGA           GTTATAACTCAGAGG
  -1     134 ..     144   CCCAGTGTGTAAAGA                 CACA TTC TGAG                 TTATAACTCAGAGGC
-1.9     133 ..     145   GCCCAGTGTGTAAAG                ACACA TTC TGAGT                TATAACTCAGAGGCA
-0.6     132 ..     146   GGCCCAGTGTGTAAA               GACACA TTC TGAGTT               ATAACTCAGAGGCAC
 2.9     131 ..     147   AGGCCCAGTGTGTAA              AGACACA TTC TGAGTTA              TAACTCAGAGGCACA
   2     130 ..     148   TAGGCCCAGTGTGTA             AAGACACA TTC TGAGTTAT             AACTCAGAGGCACAT
   4     139 ..     149   TGTGTAAAGACACAT                 TCTG AGT TATA                 ACTCAGAGGCACATT
 3.1     138 ..     150   GTGTGTAAAGACACA                TTCTG AGT TATAA                CTCAGAGGCACATTT
 2.3     127 ..     151   TTTTAGGCCCAGTGT          GTAAAGACACA TTC TGAGTTATAAC          TCAGAGGCACATTTx
 3.9     142 ..     152   GTAAAGACACATTCT                GAGT TATA ACT-                 CAGAGGCACATTTxx
-4.4     142 ..     153   GTAAAGACACATTCT                GAGT TATA ACTC                 AGAGGCACATTTxxx
-5.3     141 ..     154   TGTAAAGACACATTC               TGAGT TATA ACTCA                GAGGCACATTTxxxx
-7.6     140 ..     155   GTGTAAAGACACATT              CTGAGT TATA ACTCAG               AGGCACATTTxxxxx
-8.5     139 ..     156   TGTGTAAAGACACAT             TCTGAGT TATA ACTCAGA              GGCACATTTxxxxxx
-7.2     138 ..     157   GTGTGTAAAGACACA            TTCTGAGT TATA ACTCAGAG             GCACATTTxxxxxxx
-3.7     137 ..     158   AGTGTGTAAAGACAC           ATTCTGAGT TATA ACTCAGAGG            CACATTTxxxxxxxx
-0.2     136 ..     159   CAGTGTGTAAAGACA          CATTCTGAGT TATA ACTCAGAGGC           ACATTTxxxxxxxxx
 3.3     135 ..     160   CCAGTGTGTAAAGAC         ACATTCTGAGT TATA ACTCAGAGGCA          CATTTxxxxxxxxxx
 6.8     134 ..     161   CCCAGTGTGTAAAGA        CACATTCTGAGT TATA ACTCAGAGGCAC         ATTTxxxxxxxxxxx
 4.8     152 ..     162   ATTCTGAGTTATAAC                 TCAG AGG CACA                 TTTxxxxxxxxxxxx
 7.7     153 ..     163   TTCTGAGTTATAACT                 CAG AGGCA CAT                 TTxxxxxxxxxxxxx
 2.6     154 ..     164   TCTGAGTTATAACTC                 AGAG GCA CATT                 Txxxxxxxxxxxxxx
