>AL672023.7:41296-41569 Mouse DNA sequence from clone RP23-339O19 on chromosome X, complete sequence FORWARD
 5.4       1 ..      11   xxxxxxxxxxxxxxx                 AT ATCTGCA GT                 ATTGAACCCACACTG
 2.5       2 ..      12   xxxxxxxxxxxxxxA                 TAT CTGCA GTA                 TTGAACCCACACTGG
 1.6       1 ..      13   xxxxxxxxxxxxxxx                ATAT CTGCA GTAT                TGAACCCACACTGGG
 6.7       2 ..      14   xxxxxxxxxxxxxxA                TAT CTGCAGT ATT                GAACCCACACTGGGT
 4.7       5 ..      15   xxxxxxxxxxxATAT                 C TGCAGTATT G                 AACCCACACTGGGTT
 3.8       4 ..      16   xxxxxxxxxxxxATA                TC TGCAGTATT GA                ACCCACACTGGGTTG
 1.4       6 ..      17   xxxxxxxxxxATATC                TGCA GTAT TGAA                 CCCACACTGGGTTGC
 4.9       5 ..      18   xxxxxxxxxxxATAT               CTGCA GTAT TGAAC                CCACACTGGGTTGCT
 3.3       9 ..      19   xxxxxxxATATCTGC                 AGT ATTGA ACC                 CACACTGGGTTGCTG
 4.7      10 ..      20   xxxxxxATATCTGCA                 G TATTGAACC C                 ACACTGGGTTGCTGG
 6.1       6 ..      21   xxxxxxxxxxATATC              TGCAGT ATTGA AC-CCA              CACTGGGTTGCTGGA
 3.8      10 ..      22   xxxxxxATATCTGCA                GT ATTGAACCC AC                ACTGGGTTGCTGGAA
 3.9      11 ..      23   xxxxxATATCTGCAG                TATTG AAC CCACA                CTGGGTTGCTGGAAC
 1.6      10 ..      24   xxxxxxATATCTGCA               GTATTG AAC CCACAC               TGGGTTGCTGGAACC
 0.7       9 ..      25   xxxxxxxATATCTGC              AGTATTG AAC CCACACT              GGGTTGCTGGAACCC
-1.6       8 ..      26   xxxxxxxxATATCTG             CAGTATTG AAC CCACACTG             GGTTGCTGGAACCCT
 1.9       7 ..      27   xxxxxxxxxATATCT            GCAGTATTG AAC CCACACTGG            GTTGCTGGAACCCTA
-6.8      18 ..      28   ATCTGCAGTATTGAA                 CCCA CAC TGGG                 TTGCTGGAACCCTAG
-7.7      17 ..      29   TATCTGCAGTATTGA                ACCCA CAC TGGGT                TGCTGGAACCCTAGA
-8.6      16 ..      30   ATATCTGCAGTATTG               AACCCA CAC TGGGTT               GCTGGAACCCTAGAA
-5.1      15 ..      31   xATATCTGCAGTATT              GAACCCA CAC TGGGTTG              CTGGAACCCTAGAAC
-4.9      15 ..      32   xATATCTGCAGTATT             G-AACCCA CAC TGGGTTGC             TGGAACCCTAGAACA
-1.4      14 ..      33   xxATATCTGCAGTAT            TG-AACCCA CAC TGGGTTGCT            GGAACCCTAGAACAC
-0.1      13 ..      34   xxxATATCTGCAGTA           TTG-AACCCA CAC TGGGTTGCTG           GAACCCTAGAACACA
-4.768e-08      24 ..      35   AGTATTGAACCCACA                CTGG GTTG CTGG                 AACCCTAGAACACAC
 2.5      11 ..      36   xxxxxATATCTGCAG         TATTG-AACCCA CAC TGGGTTGCTGGA         ACCCTAGAACACACA
   6      10 ..      37   xxxxxxATATCTGCA        GTATTG-AACCCA CAC TGGGTTGCTGGAA        CCCTAGAACACACAG
-1.1      28 ..      38   TTGAACCCACACTGG                 GTT GCTGG AAC                 CCTAGAACACACAGG
-3.4      27 ..      39   ATTGAACCCACACTG                GGTT GCTGG AACC                CTAGAACACACAGGA
-5.7      26 ..      40   TATTGAACCCACACT               GGGTT GCTGG AACCC               TAGAACACACAGGAC
-2.2      25 ..      41   GTATTGAACCCACAC              TGGGTT GCTGG AACCCT              AGAACACACAGGACT
-0.6      25 ..      42   GTATTGAACCCACAC             T-GGGTT GCTGG AACCCTA             GAACACACAGGACTT
-2.9      24 ..      43   AGTATTGAACCCACA            CT-GGGTT GCTGG AACCCTAG            AACACACAGGACTTG
 0.6      23 ..      44   CAGTATTGAACCCAC           ACT-GGGTT GCTGG AACCCTAGA           ACACACAGGACTTGA
 0.4      30 ..      45   GAACCCACACTGGGT              TGCTGG AACC CTAGAA               CACACAGGACTTGAA
-0.3      28 ..      46   TTGAACCCACACTGG            GTTGCTGG AACC CTAG-AAC             ACACAGGACTTGAAG
 3.2      27 ..      47   ATTGAACCCACACTG           GGTTGCTGG AACC CTAG-AACA            CACAGGACTTGAAGA
 0.9      26 ..      48   TATTGAACCCACACT          GGGTTGCTGG AACC CTAG-AACAC           ACAGGACTTGAAGAA
-2.027e-07      25 ..      49   GTATTGAACCCACAC         TGGGTTGCTGG AACC CTAG-AACACA          CAGGACTTGAAGAAA
 3.5      24 ..      50   AGTATTGAACCCACA        CTGGGTTGCTGG AACC CTAG-AACACAC         AGGACTTGAAGAAAA
 3.5      25 ..      51   GTATTGAACCCACAC        TGGGT-TGCTGG AACC CTAGAACACACA         GGACTTGAAGAAAAA
 1.2      24 ..      52   AGTATTGAACCCACA       CTGGGT-TGCTGG AACC CTAGAACACACAG        GACTTGAAGAAAAAG
 1.5      39 ..      53   CTGGGTTGCTGGAAC               CCT AGAACACAC AGG               ACTTGAAGAAAAAGC
   5      38 ..      54   ACTGGGTTGCTGGAA              CCCT AGAACACAC AGGA              CTTGAAGAAAAAGCA
 5.4      43 ..      55   GTTGCTGGAACCCTA                GAAC ACACA GGAC                TTGAAGAAAAAGCAT
 4.5      42 ..      56   GGTTGCTGGAACCCT               AGAAC ACACA GGACT               TGAAGAAAAAGCATG
 4.9      44 ..      57   TTGCTGGAACCCTAG               AACAC ACAG GACTT                GAAGAAAAAGCATGC
 1.8      48 ..      58   TGGAACCCTAGAACA                 CA CAGGACT TG                 AAGAAAAAGCATGCT
 2.6      49 ..      59   GGAACCCTAGAACAC                 ACAG GAC TTGA                 AGAAAAAGCATGCTC
 6.1      48 ..      60   TGGAACCCTAGAACA                CACAG GAC TTGAA                GAAAAAGCATGCTCC
 5.7      50 ..      61   GAACCCTAGAACACA                C AGGACTTGAA G                 AAAAAGCATGCTCCA
None      52 ..      62   ACCCTAGAACACACA                  GGACTTGAAGA                  AAAAGCATGCTCCAG
 4.8      53 ..      63   CCCTAGAACACACAG                 GACT TGA AGAA                 AAAGCATGCTCCAGA
 8.3      52 ..      64   ACCCTAGAACACACA                GGACT TGA AGAAA                AAGCATGCTCCAGAG
 4.7      55 ..      65   CTAGAACACACAGGA                 CTT GAAGA AAA                 AGCATGCTCCAGAGG
 3.2      56 ..      66   TAGAACACACAGGAC                 TT GAAGAAA AA                 GCATGCTCCAGAGGA
 0.9      55 ..      67   CTAGAACACACAGGA                CTT GAAGAAA AAG                CATGCTCCAGAGGAA
 4.4      54 ..      68   CCTAGAACACACAGG               ACTT GAAGAAA AAGC               ATGCTCCAGAGGAAG
 3.8      57 ..      69   AGAACACACAGGACT                TG AAGAAAAAG CA                TGCTCCAGAGGAAGC
 4.3      59 ..      70   AACACACAGGACTTG                AAG AAAAAG CAT                 GCTCCAGAGGAAGCT
 4.9      50 ..      71   GAACCCTAGAACACA           CAGGACTT GAAGAAA AAG-CATG           CTCCAGAGGAAGCTG
 4.3      61 ..      72   CACACAGGACTTGAA                GAA AAAGCA TGC                 TCCAGAGGAAGCTGA
 3.4      60 ..      73   ACACACAGGACTTGA               AGAA AAAGCA TGCT                CCAGAGGAAGCTGAC
 4.8      61 ..      74   CACACAGGACTTGAA               GA AAAAGCATGC TC                CAGAGGAAGCTGACA
 4.6      58 ..      75   GAACACACAGGACTT             GAAGAA AAAGCA TGCTCC              AGAGGAAGCTGACAC
 3.7      57 ..      76   AGAACACACAGGACT            TGAAGAA AAAGCA TGCTCCA             GAGGAAGCTGACACA
   5      56 ..      77   TAGAACACACAGGAC           TTGAAGAA AAAGCA TGCTCCAG            AGGAAGCTGACACAT
 4.8      68 ..      78   GACTTGAAGAAAAAG                 CATG CTC CAGA                 GGAAGCTGACACATC
   5      68 ..      79   GACTTGAAGAAAAAG                C-ATG CTC CAGAG                GAAGCTGACACATCC
 5.3      68 ..      80   GACTTGAAGAAAAAG                CAT GCTCCAG AGG                AAGCTGACACATCCC
 1.4      70 ..      81   CTTGAAGAAAAAGCA                TGCT CCAG AGGA                 AGCTGACACATCCCT
  -1      72 ..      82   TGAAGAAAAAGCATG                 CTCC AGA GGAA                 GCTGACACATCCCTA
-0.8      72 ..      83   TGAAGAAAAAGCATG                C-TCC AGA GGAAG                CTGACACATCCCTAC
-3.1      71 ..      84   TTGAAGAAAAAGCAT               GC-TCC AGA GGAAGC               TGACACATCCCTACT
-0.6      66 ..      85   AGGACTTGAAGAAAA            AGCATGCT CCAG AGGAAGCT             GACACATCCCTACTT
-1.5      75 ..      86   AGAAAAAGCATGCTC                CAG AGGAAG CTG                 ACACATCCCTACTTA
   2      74 ..      87   AAGAAAAAGCATGCT               CCAG AGGAAG CTGA                CACATCCCTACTTAA
 3.4      67 ..      88   GGACTTGAAGAAAAA          G-CATGC-TCC AGA GGAAGC-TGAC          ACATCCCTACTTAAA
 6.2      79 ..      89   AAAGCATGCTCCAGA                 GG AAGCTGA CA                 CATCCCTACTTAAAA
 4.7      80 ..      90   AAGCATGCTCCAGAG                 G AAGCTGACA C                 ATCCCTACTTAAAAG
 5.8      70 ..      91   CTTGAAGAAAAAGCA           TGCTCCAG AGGAAG CTGACACA            TCCCTACTTAAAAGC
 4.3      81 ..      92   AGCATGCTCCAGAGG                AAG CTGACA CAT                 CCCTACTTAAAAGCC
  -1      83 ..      93   CATGCTCCAGAGGAA                 GCTG ACA CATC                 CCTACTTAAAAGCCA
-0.3      79 ..      94   AAAGCATGCTCCAGA              GGAAG CTGACA CATCC               CTACTTAAAAGCCAG
 3.2      78 ..      95   AAAAGCATGCTCCAG             AGGAAG CTGACA CATCCC              TACTTAAAAGCCAGT
 2.5      76 ..      96   GAAAAAGCATGCTCC           AGAGGAAG CTGACA CATCC-CT            ACTTAAAAGCCAGTG
   6      75 ..      97   AGAAAAAGCATGCTC          CAGAGGAAG CTGACA CATCC-CTA           CTTAAAAGCCAGTGG
 6.3      80 ..      98   AAGCATGCTCCAGAG            GAAGCTGA CACA TCC-CTAC             TTAAAAGCCAGTGGC
 6.1      89 ..      99   CCAGAGGAAGCTGAC                 A CATCCCTAC T                 TAAAAGCCAGTGGCT
 6.6      81 ..     100   AGCATGCTCCAGAGG            AAGCTG ACACATCC CTACTT             AAAAGCCAGTGGCTC
 8.5      85 ..     101   TGCTCCAGAGGAAGC              TGA CACATCCCTAC TTA              AAAGCCAGTGGCTCC
 6.1      92 ..     102   GAGGAAGCTGACACA                 T CCCTACTTA A                 AAGCCAGTGGCTCCA
 7.1      92 ..     103   GAGGAAGCTGACACA                T CCCTACTTAA A                 AGCCAGTGGCTCCAT
 8.1      92 ..     104   GAGGAAGCTGACACA                T CCCTACTTAAA A                GCCAGTGGCTCCATG
 1.8      95 ..     105   GAAGCTGACACATCC                 CT ACTTAAA AG                 CCAGTGGCTCCATGT
 5.3      94 ..     106   GGAAGCTGACACATC                CCT ACTTAAA AGC                CAGTGGCTCCATGTA
 5.8      96 ..     107   AAGCTGACACATCCC                TACT TAAA AGCC                 AGTGGCTCCATGTAC
 7.4      96 ..     108   AAGCTGACACATCCC               T-ACT TAAA AGCCA                GTGGCTCCATGTACA
 2.8      98 ..     109   GCTGACACATCCCTA                CT TAAAAGCC AG                 TGGCTCCATGTACAA
 1.9      97 ..     110   AGCTGACACATCCCT               ACT TAAAAGCC AGT                GGCTCCATGTACAAT
 3.2      96 ..     111   AAGCTGACACATCCC              TACT TAAAAGCC AGTG               GCTCCATGTACAATT
 0.9      95 ..     112   GAAGCTGACACATCC             CTACT TAAAAGCC AGTGG              CTCCATGTACAATTT
 4.4      94 ..     113   GGAAGCTGACACATC            CCTACT TAAAAGCC AGTGGC             TCCATGTACAATTTT
-6.8     104 ..     114   ACATCCCTACTTAAA                 AGCC AGT GGCT                 CCATGTACAATTTTC
-3.3     103 ..     115   CACATCCCTACTTAA                AAGCC AGT GGCTC                CATGTACAATTTTCC
 0.2     102 ..     116   ACACATCCCTACTTA               AAAGCC AGT GGCTCC               ATGTACAATTTTCCT
 3.7     101 ..     117   GACACATCCCTACTT              AAAAGCC AGT GGCTCCA              TGTACAATTTTCCTC
 3.9     108 ..     118   CCCTACTTAAAAGCC                AGTG GCTC CA-T                 GTACAATTTTCCTCT
 1.6     107 ..     119   TCCCTACTTAAAAGC               CAGTG GCTC CA-TG                TACAATTTTCCTCTG
 5.1     106 ..     120   ATCCCTACTTAAAAG              CCAGTG GCTC CA-TGT               ACAATTTTCCTCTGC
 4.7      96 ..     121   AAGCTGACACATCCC         TACTTAAAAGCC AGT GGCTCC-ATGTA         CAATTTTCCTCTGCT
 3.4     112 ..     122   ACTTAAAAGCCAGTG                 GCTC CAT GTAC                 AATTTTCCTCTGCTA
 4.8     110 ..     123   CTACTTAAAAGCCAG               TG-GC TCCAT GTACA               ATTTTCCTCTGCTAG
   6     110 ..     124   CTACTTAAAAGCCAG               TGGCTC CAT GTACAA               TTTTCCTCTGCTAGG
 7.3     109 ..     125   CCTACTTAAAAGCCA              GTGGCTC CAT GTACAAT              TTTCCTCTGCTAGGC
 4.7     116 ..     126   AAAAGCCAGTGGCTC                 CAT GTACA ATT                 TTCCTCTGCTAGGCT
   4     117 ..     127   AAAGCCAGTGGCTCC                 ATGT ACA ATTT                 TCCTCTGCTAGGCTC
 7.1     117 ..     128   AAAGCCAGTGGCTCC                A TGTACAATTT T                 CCTCTGCTAGGCTCT
 3.3     119 ..     129   AGCCAGTGGCTCCAT                 GTA CAATT TTC                 CTCTGCTAGGCTCTG
 4.3     119 ..     130   AGCCAGTGGCTCCAT                GTA CAATTT TCC                 TCTGCTAGGCTCTGG
 5.9     117 ..     131   AAAGCCAGTGGCTCC               ATGTA CAATT TTCCT               CTGCTAGGCTCTGGG
 7.6     122 ..     132   CAGTGGCTCCATGTA                 CA ATTTTCC TC                 TGCTAGGCTCTGGGT
 6.1     123 ..     133   AGTGGCTCCATGTAC                 A ATTTTCCTC T                 GCTAGGCTCTGGGTA
 3.8     122 ..     134   CAGTGGCTCCATGTA                CA ATTTTCCTC TG                CTAGGCTCTGGGTAC
 5.7     119 ..     135   AGCCAGTGGCTCCAT              GTACA ATTTTCC TCTGC              TAGGCTCTGGGTACT
 8.1     124 ..     136   GTGGCTCCATGTACA                A TTTTCCTCTGC T                AGGCTCTGGGTACTG
 4.8     127 ..     137   GCTCCATGTACAATT                 TTCC TCT GCTA                 GGCTCTGGGTACTGT
 6.1     126 ..     138   GGCTCCATGTACAAT                TTTCC TCT GCTAG                GCTCTGGGTACTGTT
-2.5     129 ..     139   TCCATGTACAATTTT                 CCT CTGCT AGG                 CTCTGGGTACTGTTT
   1     128 ..     140   CTCCATGTACAATTT                TCCT CTGCT AGGC                TCTGGGTACTGTTTC
 4.5     127 ..     141   GCTCCATGTACAATT               TTCCT CTGCT AGGCT               CTGGGTACTGTTTCC
 3.4     132 ..     142   ATGTACAATTTTCCT                 CTGC TAG GCTC                 TGGGTACTGTTTCCA
 6.2     133 ..     143   TGTACAATTTTCCTC                 TG CTAGGCT CT                 GGGTACTGTTTCCAT
 3.9     132 ..     144   ATGTACAATTTTCCT                CTG CTAGGCT CTG                GGTACTGTTTCCATG
-3.2     135 ..     145   TACAATTTTCCTCTG                 CTAG GCT CTGG                 GTACTGTTTCCATGG
 0.3     134 ..     146   GTACAATTTTCCTCT                GCTAG GCT CTGGG                TACTGTTTCCATGGT
 3.8     133 ..     147   TGTACAATTTTCCTC               TGCTAG GCT CTGGGT               ACTGTTTCCATGGTG
 3.2     133 ..     148   TGTACAATTTTCCTC              TG-CTAG GCT CTGGGTA              CTGTTTCCATGGTGA
 3.4     139 ..     149   ATTTTCCTCTGCTAG                 GCTC TGG GTAC                 TGTTTCCATGGTGAT
 4.1     137 ..     150   CAATTTTCCTCTGCT               AG-GCT CTG GGTACT               GTTTCCATGGTGATA
 5.4     136 ..     151   ACAATTTTCCTCTGC              TAG-GCT CTG GGTACTG              TTTCCATGGTGATAA
 4.4     141 ..     152   TTTCCTCTGCTAGGC                TCTG GGTA CTGT                 TTCCATGGTGATAAC
 7.9     140 ..     153   TTTTCCTCTGCTAGG               CTCTG GGTA CTGTT                TCCATGGTGATAACA
 6.2     144 ..     154   CCTCTGCTAGGCTCT                 GGGT ACT GTTT                 CCATGGTGATAACAG
 2.6     145 ..     155   CTCTGCTAGGCTCTG                 GGTA CTG TTTC                 CATGGTGATAACAGC
-4.768e-08     145 ..     156   CTCTGCTAGGCTCTG                GGTA CTGT TTCC                 ATGGTGATAACAGCT
-0.6     143 ..     157   TCCTCTGCTAGGCTC               TGGGTA CTG TTTCCA               TGGTGATAACAGCTG
 2.9     142 ..     158   TTCCTCTGCTAGGCT              CTGGGTA CTG TTTCCAT              GGTGATAACAGCTGT
 2.5     149 ..     159   GCTAGGCTCTGGGTA                C-TG TTTC CATG                 GTGATAACAGCTGTG
 1.4     149 ..     160   GCTAGGCTCTGGGTA                CTGT TTCC ATGG                 TGATAACAGCTGTGC
 0.5     148 ..     161   TGCTAGGCTCTGGGT               ACTGT TTCC ATGGT                GATAACAGCTGTGCC
 1.8     147 ..     162   CTGCTAGGCTCTGGG              TACTGT TTCC ATGGTG               ATAACAGCTGTGCCA
 2.6     153 ..     163   GGCTCTGGGTACTGT                 TTCC ATG GTGA                 TAACAGCTGTGCCAT
 4.3     153 ..     164   GGCTCTGGGTACTGT                TTC CATGGT GAT                 AACAGCTGTGCCATG
 3.4     152 ..     165   AGGCTCTGGGTACTG               TTTC CATGGT GATA                ACAGCTGTGCCATGT
   3     152 ..     166   AGGCTCTGGGTACTG               TTTCCA TGG TGATAA               CAGCTGTGCCATGTC
 0.7     151 ..     167   TAGGCTCTGGGTACT              GTTTCCA TGG TGATAAC              AGCTGTGCCATGTCA
-0.2     150 ..     168   CTAGGCTCTGGGTAC             TGTTTCCA TGG TGATAACA             GCTGTGCCATGTCAT
-2.5     149 ..     169   GCTAGGCTCTGGGTA            CTGTTTCCA TGG TGATAACAG            CTGTGCCATGTCATT
-4.768e-08     159 ..     170   GGGTACTGTTTCCAT                GGTG ATAA CAGC                 TGTGCCATGTCATTA
 2.6     148 ..     171   TGCTAGGCTCTGGGT          A-CTGTTTCCA TGG TGATAACAGCT          GTGCCATGTCATTAT
 2.8     156 ..     172   TCTGGGTACTGTTTC             CATGGTG ATAA CAGC-TG              TGCCATGTCATTATC
 2.5     163 ..     173   ACTGTTTCCATGGTG                 ATA ACAGC TGT                 GCCATGTCATTATCG
 1.9     156 ..     174   TCTGGGTACTGTTTC            CATGG-TG ATAA CAGCTGTG             CCATGTCATTATCGA
 5.4     155 ..     175   CTCTGGGTACTGTTT           CCATGG-TG ATAA CAGCTGTGC            CATGTCATTATCGAT
 5.2     159 ..     176   GGGTACTGTTTCCAT             GGTGATA ACAGC TGT-GCC             ATGTCATTATCGATC
 3.4     167 ..     177   TTTCCATGGTGATAA                 CAGC TGT GCCA                 TGTCATTATCGATCC
 2.5     166 ..     178   GTTTCCATGGTGATA                ACAGC TGT GCCAT                GTCATTATCGATCCA
 1.1     156 ..     179   TCTGGGTACTGTTTC          CATGGTGATA ACAGC TGT-GCCATG          TCATTATCGATCCAC
 2.8     169 ..     180   TCCATGGTGATAACA                GC-TG TGC CATGT                CATTATCGATCCACT
 3.9     169 ..     181   TCCATGGTGATAACA                GCTGT GCC ATGTC                ATTATCGATCCACTA
 2.8     171 ..     182   CATGGTGATAACAGC                TGTGC CAT GT-CA                TTATCGATCCACTAA
 2.1     172 ..     183   ATGGTGATAACAGCT                GTG CCATGT CAT                 TATCGATCCACTAAC
 5.6     171 ..     184   CATGGTGATAACAGC               TGTG CCATGT CATT                ATCGATCCACTAACA
   5     161 ..     185   GTACTGTTTCCATGG          TGATAACA GCTGTGCCA TGTCATTA          TCGATCCACTAACAG
 6.2     163 ..     186   ACTGTTTCCATGGTG          ATAACAGC-TG TGC CATGTCATTAT          CGATCCACTAACAGT
 3.9     162 ..     187   TACTGTTTCCATGGT         GATAACAGC-TG TGC CATGTCATTATC         GATCCACTAACAGTA
 2.7     175 ..     188   GTGATAACAGCTGTG               CCATG TCAT TATCG                ATCCACTAACAGTAA
 6.2     174 ..     189   GGTGATAACAGCTGT              GCCATG TCAT TATCGA               TCCACTAACAGTAAA
 2.1     179 ..     190   TAACAGCTGTGCCAT                GTC ATTATC GAT                 CCACTAACAGTAAAA
   4     181 ..     191   ACAGCTGTGCCATGT                 CATT ATC GATC                 CACTAACAGTAAAAA
 7.5     180 ..     192   AACAGCTGTGCCATG                TCATT ATC GATCC                ACTAACAGTAAAAAA
 6.1     183 ..     193   AGCTGTGCCATGTCA                 T TATCGATCC A                 CTAACAGTAAAAAAA
 6.8     179 ..     194   TAACAGCTGTGCCAT              GT-CATT ATC GATCCAC              TAACAGTAAAAAAAG
 4.8     185 ..     195   CTGTGCCATGTCATT                 ATCG ATC CACT                 AACAGTAAAAAAAGC
 3.3     186 ..     196   TGTGCCATGTCATTA                 TCG ATCCA CTA                 ACAGTAAAAAAAGCC
   3     183 ..     197   AGCTGTGCCATGTCA               TTATCG ATC CACTAA               CAGTAAAAAAAGCCT
 3.3     188 ..     198   TGCCATGTCATTATC                 GAT CCACT AAC                 AGTAAAAAAAGCCTT
 6.8     187 ..     199   GTGCCATGTCATTAT                CGAT CCACT AACA                GTAAAAAAAGCCTTG
   7     187 ..     200   GTGCCATGTCATTAT               C-GAT CCACT AACAG               TAAAAAAAGCCTTGC
 6.2     191 ..     201   CATGTCATTATCGAT                 CC ACTAACA GT                 AAAAAAAGCCTTGCA
 0.4     192 ..     202   ATGTCATTATCGATC                 CACT AAC AGTA                 AAAAAAGCCTTGCAG
 3.9     191 ..     203   CATGTCATTATCGAT                CCACT AAC AGTAA                AAAAAGCCTTGCAGT
   3     190 ..     204   CCATGTCATTATCGA               TCCACT AAC AGTAAA               AAAAGCCTTGCAGTC
 6.1     195 ..     205   TCATTATCGATCCAC                 T AACAGTAAA A                 AAAGCCTTGCAGTCA
 7.1     195 ..     206   TCATTATCGATCCAC                T AACAGTAAAA A                 AAGCCTTGCAGTCAG
 8.1     195 ..     207   TCATTATCGATCCAC                T AACAGTAAAAA A                AGCCTTGCAGTCAGG
None     198 ..     208   TTATCGATCCACTAA                  CAGTAAAAAAA                  GCCTTGCAGTCAGGA
 5.7     198 ..     209   TTATCGATCCACTAA                C AGTAAAAAAA G                 CCTTGCAGTCAGGAT
   4     200 ..     210   ATCGATCCACTAACA                 GT AAAAAAA GC                 CTTGCAGTCAGGATA
 5.7     200 ..     211   ATCGATCCACTAACA                G TAAAAAAAGC C                 TTGCAGTCAGGATAA
 4.8     199 ..     212   TATCGATCCACTAAC               AG TAAAAAAAGC CT                TGCAGTCAGGATAAT
 3.2     203 ..     213   GATCCACTAACAGTA                 AA AAAAGCC TT                 GCAGTCAGGATAATG
 4.7     204 ..     214   ATCCACTAACAGTAA                 AAA AAGCC TTG                 CAGTCAGGATAATGT
 3.2     200 ..     215   ATCGATCCACTAACA              GTAA AAAAAGCC TTGC               AGTCAGGATAATGTT
 6.7     199 ..     216   TATCGATCCACTAAC             AGTAA AAAAAGCC TTGCA              GTCAGGATAATGTTT
 3.4     207 ..     217   CACTAACAGTAAAAA                 AAGC CTT GCAG                 TCAGGATAATGTTTA
 2.5     206 ..     218   CCACTAACAGTAAAA                AAAGC CTT GCAGT                CAGGATAATGTTTAG
  -1     209 ..     219   CTAACAGTAAAAAAA                 GCCT TGC AGTC                 AGGATAATGTTTAGC
 2.5     208 ..     220   ACTAACAGTAAAAAA                AGCCT TGC AGTCA                GGATAATGTTTAGCA
 1.8     211 ..     221   AACAGTAAAAAAAGC                 CT TGCAGTC AG                 GATAATGTTTAGCAG
-2.2     211 ..     222   AACAGTAAAAAAAGC                CTTG CAGT CAGG                 ATAATGTTTAGCAGA
 1.3     210 ..     223   TAACAGTAAAAAAAG               CCTTG CAGT CAGGA                TAATGTTTAGCAGAC
 2.1     208 ..     224   ACTAACAGTAAAAAA              AGCCT TGCAGTC AGGAT              AATGTTTAGCAGACA
 5.6     207 ..     225   CACTAACAGTAAAAA             AAGCCT TGCAGTC AGGATA             ATGTTTAGCAGACAG
 6.5     212 ..     226   ACAGTAAAAAAAGCC               TTG CAGTCAGGA TAA               TGTTTAGCAGACAGC
   4     217 ..     227   AAAAAAAGCCTTGCA                 GTCA GGA TAAT                 GTTTAGCAGACAGCA
 3.4     215 ..     228   GTAAAAAAAGCCTTG               CAGT CAGGAT AATG                TTTAGCAGACAGCAT
 4.3     218 ..     229   AAAAAAGCCTTGCAG                TCA GGATAA TGT                 TTAGCAGACAGCATG
   4     220 ..     230   AAAAGCCTTGCAGTC                 AGGA TAA TGTT                 TAGCAGACAGCATGG
   4     221 ..     231   AAAGCCTTGCAGTCA                 GGAT AAT GTTT                 AGCAGACAGCATGGT
 6.2     222 ..     232   AAGCCTTGCAGTCAG                 GATA ATG TTTA                 GCAGACAGCATGGTT
 1.8     223 ..     233   AGCCTTGCAGTCAGG                 ATAA TGT TTAG                 CAGACAGCATGGTTT
-0.5     222 ..     234   AAGCCTTGCAGTCAG                GATAA TGT TTAGC                AGACAGCATGGTTTC
   3     221 ..     235   AAAGCCTTGCAGTCA               GGATAA TGT TTAGCA               GACAGCATGGTTTCT
 2.6     226 ..     236   CTTGCAGTCAGGATA                 ATGT TTA GCAG                 ACAGCATGGTTTCTG
 4.7     227 ..     237   TTGCAGTCAGGATAA                 TGT TTAGC AGA                 CAGCATGGTTTCTGT
-1.8     228 ..     238   TGCAGTCAGGATAAT                 GTTT AGC AGAC                 AGCATGGTTTCTGTT
-2.7     227 ..     239   TTGCAGTCAGGATAA                TGTTT AGC AGACA                GCATGGTTTCTGTTG
 0.8     226 ..     240   CTTGCAGTCAGGATA               ATGTTT AGC AGACAG               CATGGTTTCTGTTGG
 2.4     214 ..     241   AGTAAAAAAAGCCTT        GCAGTCAGGATAA TGT TTAGCA-GACAGC        ATGGTTTCTGTTGGA
 1.5     213 ..     242   CAGTAAAAAAAGCCT       TGCAGTCAGGATAA TGT TTAGCA-GACAGCA       TGGTTTCTGTTGGAC
 2.3     226 ..     243   CTTGCAGTCAGGATA             ATGTT TAGCAGAC AGCAT              GGTTTCTGTTGGACA
 1.8     234 ..     244   CAGGATAATGTTTAG                 CA GACAGCA TG                 GTTTCTGTTGGACAC
 0.4     210 ..     245   TAACAGTAAAAAAAG    CCTTGCAGTCAGGATAA TGT TTAGCA-GACAGCATGG    TTTCTGTTGGACACT
 1.7     209 ..     246   CTAACAGTAAAAAAA   GCCTTGCAGTCAGGATAA TGT TTAGCA-GACAGCATGGT   TTCTGTTGGACACTA
 0.8     208 ..     247   ACTAACAGTAAAAAA  AGCCTTGCAGTCAGGATAA TGT TTAGCA-GACAGCATGGTT  TCTGTTGGACACTAA
-0.1     207 ..     248   CACTAACAGTAAAAA AAGCCTTGCAGTCAGGATAA TGT TTAGCA-GACAGCATGGTTT CTGTTGGACACTAAG
 1.9     236 ..     249   GGATAATGTTTAGCA               GACAGC ATG GTT-TC               TGTTGGACACTAAGT
   1     235 ..     250   AGGATAATGTTTAGC              AGACAGC ATG GTT-TCT              GTTGGACACTAAGTT
-1.3     234 ..     251   CAGGATAATGTTTAG             CAGACAGC ATG GTT-TCTG             TTGGACACTAAGTTC
-1.8     237 ..     252   GATAATGTTTAGCAG              ACAGCA TGGT TTCTGT               TGGACACTAAGTTCT
-0.9     232 ..     253   GTCAGGATAATGTTT           AGCAGACAGC ATG GTT-TCTGTT           GGACACTAAGTTCTG
-0.1     238 ..     254   ATAATGTTTAGCAGA              CAGCA TGGTTTC TGTTG              GACACTAAGTTCTGC
 0.7     234 ..     255   CAGGATAATGTTTAG           CAGACAGCA TGGT TTCTGTTGG            ACACTAAGTTCTGCT
 0.8     229 ..     256   GCAGTCAGGATAATG        TTTAGCAGACAGC ATG GTT-TCTGTTGGA        CACTAAGTTCTGCTA
-1.5     228 ..     257   TGCAGTCAGGATAAT       GTTTAGCAGACAGC ATG GTT-TCTGTTGGAC       ACTAAGTTCTGCTAC
-2.4     227 ..     258   TTGCAGTCAGGATAA      TGTTTAGCAGACAGC ATG GTT-TCTGTTGGACA      CTAAGTTCTGCTACA
-0.6     245 ..     259   TTAGCAGACAGCATG               GTTTCT GTT GGACAC               TAAGTTCTGCTACAA
 0.2     225 ..     260   CCTTGCAGTCAGGAT    AATGTTTAGCAGACAGC ATG GTT-TCTGTTGGACACT    AAGTTCTGCTACAAx
-0.7     224 ..     261   GCCTTGCAGTCAGGA   TAATGTTTAGCAGACAGC ATG GTT-TCTGTTGGACACTA   AGTTCTGCTACAAxx
-1.8     252 ..     262   ACAGCATGGTTTCTG                 TTGG ACA CTAA                 GTTCTGCTACAAxxx
   1     241 ..     263   ATGTTTAGCAGACAG           CATGGTTTCT GTT GGACACTAAG           TTCTGCTACAAxxxx
 2.3     240 ..     264   AATGTTTAGCAGACA          GCATGGTTTCT GTT GGACACTAAGT          TCTGCTACAAxxxxx
 1.1     255 ..     265   GCATGGTTTCTGTTG                 GAC ACTAA GTT                 CTGCTACAAxxxxxx
-1.2     254 ..     266   AGCATGGTTTCTGTT                GGAC ACTAA GTTC                TGCTACAAxxxxxxx
 1.9     254 ..     267   AGCATGGTTTCTGTT               GGACAC TAA GT-TCT               GCTACAAxxxxxxxx
 2.8     257 ..     268   ATGGTTTCTGTTGGA                CA CTAAGTTC TG                 CTACAAxxxxxxxxx
 1.3     251 ..     269   GACAGCATGGTTTCT             GTTGGAC ACTAA GTTCTGC             TACAAxxxxxxxxxx
 2.5     232 ..     270   GTCAGGATAATGTTT  AGCAGACAGCATGGTTTCT GTT GGACACTAAG-T-TCTGCT  ACAAxxxxxxxxxxx
 1.6     231 ..     271   AGTCAGGATAATGTT TAGCAGACAGCATGGTTTCT GTT GGACACTAAG-T-TCTGCTA CAAxxxxxxxxxxxx
 5.1     230 ..     272   CAGTCAGGATAATGT TTAGCAGACAGCATGGTTTCT GTT GGACACTAAG-T-TCTGCTAC AAxxxxxxxxxxxxx
 4.2     229 ..     273   GCAGTCAGGATAATG TTTAGCAGACAGCATGGTTTCT GTT GGACACTAAG-T-TCTGCTACA Axxxxxxxxxxxxxx
