>AF071109.1:347-475 Homo sapiens SMAD5 splice variant D (SMAD5) mRNA, 5'UTR and partial cds FORWARD
None       1 ..      11   xxxxxxxxxxxxxxx                  TATTCCAGTCT                  CTTCCCCTCCCCTTT
 8.6       1 ..      12   xxxxxxxxxxxxxxx                TA TTCCAGTC TC                 TTCCCCTCCCCTTTT
 7.1       2 ..      13   xxxxxxxxxxxxxxT                A TTCCAGTCTC T                 TCCCCTCCCCTTTTC
 8.1       2 ..      14   xxxxxxxxxxxxxxT                A TTCCAGTCTCT T                CCCCTCCCCTTTTCC
 4.8       5 ..      15   xxxxxxxxxxxTATT                 CCAG TCT CTTC                 CCCTCCCCTTTTCCC
 8.3       4 ..      16   xxxxxxxxxxxxTAT                TCCAG TCT CTTCC                CCTCCCCTTTTCCCC
 6.2       7 ..      17   xxxxxxxxxTATTCC                 AG TCTCTTC CC                 CTCCCCTTTTCCCCT
 4.7       8 ..      18   xxxxxxxxTATTCCA                 G TCTCTTCCC C                 TCCCCTTTTCCCCTC
 3.8       7 ..      19   xxxxxxxxxTATTCC                AG TCTCTTCCC CT                CCCCTTTTCCCCTCT
 6.7       8 ..      20   xxxxxxxxTATTCCA                G TCTCTTCCCCT C                CCCTTTTCCCCTCTC
 7.7       8 ..      21   xxxxxxxxTATTCCA               G TCTCTTCCCCTC C                CCTTTTCCCCTCTCC
 8.7       8 ..      22   xxxxxxxxTATTCCA               G TCTCTTCCCCTCC C               CTTTTCCCCTCTCCT
None      13 ..      23   xxxTATTCCAGTCTC                  TTCCCCTCCCC                  TTTTCCCCTCTCCTC
None      14 ..      24   xxTATTCCAGTCTCT                  TCCCCTCCCCT                  TTTCCCCTCTCCTCC
None      15 ..      25   xTATTCCAGTCTCTT                  CCCCTCCCCTT                  TTCCCCTCTCCTCCT
None      16 ..      26   TATTCCAGTCTCTTC                  CCCTCCCCTTT                  TCCCCTCTCCTCCTT
None      17 ..      27   ATTCCAGTCTCTTCC                  CCTCCCCTTTT                  CCCCTCTCCTCCTTT
None      18 ..      28   TTCCAGTCTCTTCCC                  CTCCCCTTTTC                  CCCTCTCCTCCTTTC
None      19 ..      29   TCCAGTCTCTTCCCC                  TCCCCTTTTCC                  CCTCTCCTCCTTTCA
None      20 ..      30   CCAGTCTCTTCCCCT                  CCCCTTTTCCC                  CTCTCCTCCTTTCAG
None      21 ..      31   CAGTCTCTTCCCCTC                  CCCTTTTCCCC                  TCTCCTCCTTTCAGC
None      22 ..      32   AGTCTCTTCCCCTCC                  CCTTTTCCCCT                  CTCCTCCTTTCAGCT
None      23 ..      33   GTCTCTTCCCCTCCC                  CTTTTCCCCTC                  TCCTCCTTTCAGCTG
None      24 ..      34   TCTCTTCCCCTCCCC                  TTTTCCCCTCT                  CCTCCTTTCAGCTGC
None      25 ..      35   CTCTTCCCCTCCCCT                  TTTCCCCTCTC                  CTCCTTTCAGCTGCT
None      26 ..      36   TCTTCCCCTCCCCTT                  TTCCCCTCTCC                  TCCTTTCAGCTGCTG
None      27 ..      37   CTTCCCCTCCCCTTT                  TCCCCTCTCCT                  CCTTTCAGCTGCTGT
None      28 ..      38   TTCCCCTCCCCTTTT                  CCCCTCTCCTC                  CTTTCAGCTGCTGTT
None      29 ..      39   TCCCCTCCCCTTTTC                  CCCTCTCCTCC                  TTTCAGCTGCTGTTA
None      30 ..      40   CCCCTCCCCTTTTCC                  CCTCTCCTCCT                  TTCAGCTGCTGTTAC
None      31 ..      41   CCCTCCCCTTTTCCC                  CTCTCCTCCTT                  TCAGCTGCTGTTACT
None      32 ..      42   CCTCCCCTTTTCCCC                  TCTCCTCCTTT                  CAGCTGCTGTTACTA
None      33 ..      43   CTCCCCTTTTCCCCT                  CTCCTCCTTTC                  AGCTGCTGTTACTAC
 6.1      34 ..      44   TCCCCTTTTCCCCTC                 T CCTCCTTTC A                 GCTGCTGTTACTACG
 3.8      33 ..      45   CTCCCCTTTTCCCCT                CT CCTCCTTTC AG                CTGCTGTTACTACGT
 4.3      35 ..      46   CCCCTTTTCCCCTCT                CCT CCTTTC AGC                 TGCTGTTACTACGTG
 4.8      37 ..      47   CCTTTTCCCCTCTCC                 TCCT TTC AGCT                 GCTGTTACTACGTGG
 2.5      36 ..      48   CCCTTTTCCCCTCTC                CTCCT TTC AGCTG                CTGTTACTACGTGGA
   6      35 ..      49   CCCCTTTTCCCCTCT               CCTCCT TTC AGCTGC               TGTTACTACGTGGAG
None      40 ..      50   TTTCCCCTCTCCTCC                  TTTCAGCTGCT                  GTTACTACGTGGAGT
 6.7      39 ..      51   TTTTCCCCTCTCCTC                C TTTCAGCTGCT G                TTACTACGTGGAGTT
  -1      42 ..      52   TCCCCTCTCCTCCTT                 TCAG CTG CTGT                 TACTACGTGGAGTTT
 2.5      41 ..      53   TTCCCCTCTCCTCCT                TTCAG CTG CTGTT                ACTACGTGGAGTTTG
 1.6      40 ..      54   TTTCCCCTCTCCTCC               TTTCAG CTG CTGTTA               CTACGTGGAGTTTGG
 4.7      45 ..      55   CCTCTCCTCCTTTCA                 G CTGCTGTTA C                 TACGTGGAGTTTGGA
 3.8      44 ..      56   CCCTCTCCTCCTTTC                AG CTGCTGTTA CT                ACGTGGAGTTTGGAG
   4      47 ..      57   TCTCCTCCTTTCAGC                 TGCT GTT ACTA                 CGTGGAGTTTGGAGC
 3.4      48 ..      58   CTCCTCCTTTCAGCT                 GCTG TTA CTAC                 GTGGAGTTTGGAGCC
 2.5      49 ..      59   TCCTCCTTTCAGCTG                CTGT TACT AC-G                 TGGAGTTTGGAGCCT
 3.6      49 ..      60   TCCTCCTTTCAGCTG                CTGT TACT ACGT                 GGAGTTTGGAGCCTA
 3.8      49 ..      61   TCCTCCTTTCAGCTG               C-TGT TACT ACGTG                GAGTTTGGAGCCTAA
 0.4      52 ..      62   TCCTTTCAGCTGCTG                 TTAC TAC GTGG                 AGTTTGGAGCCTAAG
 3.3      53 ..      63   CCTTTCAGCTGCTGT                 TAC TACGT GGA                 GTTTGGAGCCTAAGC
 3.2      49 ..      64   TCCTCCTTTCAGCTG              CTGTTAC TAC GTGG-AG              TTTGGAGCCTAAGCT
-0.1      54 ..      65   CTTTCAGCTGCTGTT                ACT ACGTGG AGT                 TTGGAGCCTAAGCTT
 3.3      56 ..      66   TTCAGCTGCTGTTAC                 TAC GTGGA GTT                 TGGAGCCTAAGCTTT
 6.1      57 ..      67   TCAGCTGCTGTTACT                 A CGTGGAGTT T                 GGAGCCTAAGCTTTG
   4      58 ..      68   CAGCTGCTGTTACTA                 CG TGGAGTT TG                 GAGCCTAAGCTTTGA
 5.1      55 ..      69   TTTCAGCTGCTGTTA               CTA CGTGGAGTT TGG               AGCCTAAGCTTTGAA
 6.1      60 ..      70   GCTGCTGTTACTACG                 T GGAGTTTGG A                 GCCTAAGCTTTGAAA
 4.3      55 ..      71   TTTCAGCTGCTGTTA              CTACG TGGAGTT TGGAG              CCTAAGCTTTGAAAA
 4.7      62 ..      72   TGCTGTTACTACGTG                 G AGTTTGGAG C                 CTAAGCTTTGAAAAC
 2.4      61 ..      73   CTGCTGTTACTACGT                GG AGTTTGGAG CC                TAAGCTTTGAAAACT
 2.8      63 ..      74   GCTGTTACTACGTGG                AG TTTGGAGC CT                 AAGCTTTGAAAACTC
 3.2      60 ..      75   GCTGCTGTTACTACG              TGGAGTT TGG AGC-CTA              AGCTTTGAAAACTCC
-1.8      66 ..      76   GTTACTACGTGGAGT                 TTGG AGC CTAA                 GCTTTGAAAACTCCC
-0.5      65 ..      77   TGTTACTACGTGGAG                TTTGG AGC CTAAG                CTTTGAAAACTCCCA
-2.8      64 ..      78   CTGTTACTACGTGGA               GTTTGG AGC CTAAGC               TTTGAAAACTCCCAT
-3.7      63 ..      79   GCTGTTACTACGTGG              AGTTTGG AGC CTAAGCT              TTGAAAACTCCCATG
-2.4      62 ..      80   TGCTGTTACTACGTG             GAGTTTGG AGC CTAAGCTT             TGAAAACTCCCATGT
-1.1      61 ..      81   CTGCTGTTACTACGT            GGAGTTTGG AGC CTAAGCTTT            GAAAACTCCCATGTG
 0.2      60 ..      82   GCTGCTGTTACTACG           TGGAGTTTGG AGC CTAAGCTTTG           AAAACTCCCATGTGG
-0.5      66 ..      83   GTTACTACGTGGAGT             TTGGAGC CTAA GCTTTGA              AAACTCCCATGTGGC
-1.4      65 ..      84   TGTTACTACGTGGAG            TTTGGAGC CTAA GCTTTGAA             AACTCCCATGTGGCG
 2.1      64 ..      85   CTGTTACTACGTGGA           GTTTGGAGC CTAA GCTTTGAAA            ACTCCCATGTGGCGC
 5.6      63 ..      86   GCTGTTACTACGTGG          AGTTTGGAGC CTAA GCTTTGAAAA           CTCCCATGTGGCGCG
 0.4      77 ..      87   GAGTTTGGAGCCTAA                 GCTT TGA AAAC                 TCCCATGTGGCGCGC
-0.5      76 ..      88   GGAGTTTGGAGCCTA                AGCTT TGA AAACT                CCCATGTGGCGCGCC
 2.9      62 ..      89   TGCTGTTACTACGTG       GAG-TTT-GGAGC CTAA GCTTTGAAAACTC        CCATGTGGCGCGCCC
 0.6      61 ..      90   CTGCTGTTACTACGT      GGAG-TTT-GGAGC CTAA GCTTTGAAAACTCC       CATGTGGCGCGCCCG
 4.1      60 ..      91   GCTGCTGTTACTACG     TGGAG-TTT-GGAGC CTAA GCTTTGAAAACTCCC      ATGTGGCGCGCCCGT
 2.8      81 ..      92   TTGGAGCCTAAGCTT                TG AAAACTCC CA                 TGTGGCGCGCCCGTC
 6.1      83 ..      93   GGAGCCTAAGCTTTG                 A AAACTCCCA T                 GTGGCGCGCCCGTCT
 4.7      58 ..      94   CAGCTGCTGTTACTA  CGTGG-AG-TTT-GGAGC CTAA GCTTTGAAAACTCCCATG   TGGCGCGCCCGTCTT
 3.8      57 ..      95   TCAGCTGCTGTTACT ACGTGG-AG-TTT-GGAGC CTAA GCTTTGAAAACTCCCATGT  GGCGCGCCCGTCTTA
 4.3      85 ..      96   AGCCTAAGCTTTGAA                AAC TCCCAT GTG                 GCGCGCCCGTCTTAA
 1.2      87 ..      97   CCTAAGCTTTGAAAA                 CTCC CAT GTGG                 CGCGCCCGTCTTAAG
 1.9      88 ..      98   CTAAGCTTTGAAAAC                 TCC CATGT GGC                 GCGCCCGTCTTAAGT
-0.4      87 ..      99   CCTAAGCTTTGAAAA                CTCC CATGT GGCG                CGCCCGTCTTAAGTC
 3.1      86 ..     100   GCCTAAGCTTTGAAA               ACTCC CATGT GGCGC               GCCCGTCTTAAGTCT
 1.2      91 ..     101   AGCTTTGAAAACTCC                 CATG TGG CGCG                 CCCGTCTTAAGTCTG
 4.7      90 ..     102   AAGCTTTGAAAACTC                CCATG TGG CGCGC                CCGTCTTAAGTCTGA
 1.2      93 ..     103   CTTTGAAAACTCCCA                 TGTG GCG CGCC                 CGTCTTAAGTCTGAG
 1.1      94 ..     104   TTTGAAAACTCCCAT                GTGG CGCG CC-C                 GTCTTAAGTCTGAGC
-0.3      95 ..     105   TTGAAAACTCCCATG                 TGG CGCGC CCG                 TCTTAAGTCTGAGCA
   1      94 ..     106   TTTGAAAACTCCCAT                GTGG CGCGC CCGT                CTTAAGTCTGAGCAT
-3.6      96 ..     107   TGAAAACTCCCATGT                GGCG CGCC CGTC                 TTAAGTCTGAGCATG
-0.1      95 ..     108   TTGAAAACTCCCATG               TGGCG CGCC CGTCT                TAAGTCTGAGCATGC
 1.2      94 ..     109   TTTGAAAACTCCCAT              GTGGCG CGCC CGTCTT               AAGTCTGAGCATGCT
 0.3      93 ..     110   CTTTGAAAACTCCCA             TGTGGCG CGCC CGTCTTA              AGTCTGAGCATGCTC
 3.8      92 ..     111   GCTTTGAAAACTCCC            ATGTGGCG CGCC CGTCTTAA             GTCTGAGCATGCTCA
 1.5      91 ..     112   AGCTTTGAAAACTCC           CATGTGGCG CGCC CGTCTTAAG            TCTGAGCATGCTCAG
 4.8     103 ..     113   TCCCATGTGGCGCGC                 CCGT CTT AAGT                 CTGAGCATGCTCAGT
 4.9     101 ..     114   ACTCCCATGTGGCGC               GCC CGTCTTAA GTC                TGAGCATGCTCAGTA
 4.4     104 ..     115   CCCATGTGGCGCGCC                CGTC TTAA GTCT                 GAGCATGCTCAGTAx
 2.1     103 ..     116   TCCCATGTGGCGCGC               CCGTC TTAA GTCTG                AGCATGCTCAGTAxx
 2.8     106 ..     117   CATGTGGCGCGCCCG                TC TTAAGTCT GA                 GCATGCTCAGTAxxx
-0.8     107 ..     118   ATGTGGCGCGCCCGT                CTTA AGTC TGAG                 CATGCTCAGTAxxxx
 2.7     106 ..     119   CATGTGGCGCGCCCG               TCTTA AGTC TGAGC                ATGCTCAGTAxxxxx
 4.3     106 ..     120   CATGTGGCGCGCCCG              T-CTTA AGTC TGAGCA               TGCTCAGTAxxxxxx
 3.6     110 ..     121   TGGCGCGCCCGTCTT                AAGT CTGA GCAT                 GCTCAGTAxxxxxxx
 3.3     104 ..     122   CCCATGTGGCGCGCC            CGT-CTTA AGTC TGAGCATG             CTCAGTAxxxxxxxx
 3.6     112 ..     123   GCGCGCCCGTCTTAA                GTCT GAGC ATGC                 TCAGTAxxxxxxxxx
 2.7     111 ..     124   GGCGCGCCCGTCTTA               AGTCT GAGC ATGCT                CAGTAxxxxxxxxxx
 2.5     115 ..     125   CGCCCGTCTTAAGTC                TGAG CATG CTC-                 AGTAxxxxxxxxxxx
-4.4     115 ..     126   CGCCCGTCTTAAGTC                TGAG CATG CTCA                 GTAxxxxxxxxxxxx
-6.7     114 ..     127   GCGCCCGTCTTAAGT               CTGAG CATG CTCAG                TAxxxxxxxxxxxxx
-3.2     113 ..     128   CGCGCCCGTCTTAAG              TCTGAG CATG CTCAGT               Axxxxxxxxxxxxxx
