>ABLA01022309.1:286-367 Heterodera glycines strain OP25 HG2_34134.C1, whole genome shotgun sequence FORWARD
 5.5       1 ..      11   xxxxxxxxxxxxxxx                 GTG TACAC CCT                 TTTGTGCGGAGGGCC
 6.5       1 ..      12   xxxxxxxxxxxxxxx                GTG TACACC CTT                 TTGTGCGGAGGGCCT
 6.9       3 ..      13   xxxxxxxxxxxxxGT                 GTA CACCC TTT                 TGTGCGGAGGGCCTT
 6.2       4 ..      14   xxxxxxxxxxxxGTG                 TACA CCC TTTT                 GTGCGGAGGGCCTTT
   5       4 ..      15   xxxxxxxxxxxxGTG                TACA CCCT TTTG                 TGCGGAGGGCCTTTT
-0.1       5 ..      16   xxxxxxxxxxxGTGT                ACA CCCTTT TGT                 GCGGAGGGCCTTTTG
-1.5       6 ..      17   xxxxxxxxxxGTGTA                CAC CCTTTT GTG                 CGGAGGGCCTTTTGC
-1.1       3 ..      18   xxxxxxxxxxxxxGT              GTACA CCCTTT TGTGC               GGAGGGCCTTTTGCT
 0.2       2 ..      19   xxxxxxxxxxxxxxG             TGTACA CCCTTT TGTGCG              GAGGGCCTTTTGCTG
 1.4       9 ..      20   xxxxxxxGTGTACAC                CC TTTTGTGC GG                 AGGGCCTTTTGCTGA
 4.7       4 ..      21   xxxxxxxxxxxxGTG             TACACCC TTTT GTGCGGA              GGGCCTTTTGCTGAA
 2.4      10 ..      22   xxxxxxGTGTACACC                CTTT TGTGC GGAG                GGCCTTTTGCTGAAG
 0.1       9 ..      23   xxxxxxxGTGTACAC               CCTTT TGTGC GGAGG               GCCTTTTGCTGAAGA
-2.2       8 ..      24   xxxxxxxxGTGTACA              CCCTTT TGTGC GGAGGG              CCTTTTGCTGAAGAC
 1.2      15 ..      25   xGTGTACACCCTTTT                 GTGC GGA GGGC                 CTTTTGCTGAAGACC
 1.9      16 ..      26   GTGTACACCCTTTTG                 TGC GGAGG GCC                 TTTTGCTGAAGACCC
 3.2      15 ..      27   xGTGTACACCCTTTT                GTGC GGAGG GCCT                TTTGCTGAAGACCCT
 2.2      17 ..      28   TGTACACCCTTTTGT                GCGG AGGG CCTT                 TTGCTGAAGACCCTT
 0.4      19 ..      29   TACACCCTTTTGTGC                 GGAG GGC CTTT                 TGCTGAAGACCCTTT
 3.9      18 ..      30   GTACACCCTTTTGTG                CGGAG GGC CTTTT                GCTGAAGACCCTTTT
 2.7      18 ..      31   GTACACCCTTTTGTG               CGGAG GGCC TTTTG                CTGAAGACCCTTTTT
 0.4      17 ..      32   TGTACACCCTTTTGT              GCGGAG GGCC TTTTGC               TGAAGACCCTTTTTT
-0.3      23 ..      33   CCCTTTTGTGCGGAG                 GGC CTTTT GCT                 GAAGACCCTTTTTTG
 3.2      22 ..      34   ACCCTTTTGTGCGGA                GGGC CTTTT GCTG                AAGACCCTTTTTTGA
 6.2      25 ..      35   CTTTTGTGCGGAGGG                 CC TTTTGCT GA                 AGACCCTTTTTTGAC
 5.6      13 ..      36   xxxGTGTACACCCTT          TTGTGCGGAG GGCC TTTTGCTGAA           GACCCTTTTTTGACA
-0.8      26 ..      37   TTTTGTGCGGAGGGC                CTTT TGCT GAAG                 ACCCTTTTTTGACAA
 0.6      27 ..      38   TTTGTGCGGAGGGCC                TTTT GCTG AAGA                 CCCTTTTTTGACAAT
 0.4      24 ..      39   CCTTTTGTGCGGAGG              GCCTTT TGCT GAAGAC               CCTTTTTTGACAATT
-1.9      23 ..      40   CCCTTTTGTGCGGAG             GGCCTTT TGCT GAAGACC              CTTTTTTGACAATTT
-4.2      22 ..      41   ACCCTTTTGTGCGGA            GGGCCTTT TGCT GAAGACCC             TTTTTTGACAATTTT
-5.1      21 ..      42   CACCCTTTTGTGCGG           AGGGCCTTT TGCT GAAGACCCT            TTTTTGACAATTTTT
-3.8      20 ..      43   ACACCCTTTTGTGCG          GAGGGCCTTT TGCT GAAGACCCTT           TTTTGACAATTTTTG
-2.5      19 ..      44   TACACCCTTTTGTGC         GGAGGGCCTTT TGCT GAAGACCCTTT          TTTGACAATTTTTGG
-0.4      35 ..      45   GAGGGCCTTTTGCTG                 AAGA CCC TTTT                 TTGACAATTTTTGGC
 0.6      35 ..      46   GAGGGCCTTTTGCTG                AAGA CCCT TTTT                 TGACAATTTTTGGCA
 1.6      35 ..      47   GAGGGCCTTTTGCTG                AAGA CCCTT TTTT                GACAATTTTTGGCAG
 2.1      32 ..      48   GCGGAGGGCCTTTTG              CTGAAGA CCC TTTTTTG              ACAATTTTTGGCAGG
 4.2      33 ..      49   CGGAGGGCCTTTTGC              TGAAGA CCCTT TTTTGA              CAATTTTTGGCAGGC
 4.4      31 ..      50   TGCGGAGGGCCTTTT            GCTGAAGA CCCT TTTTTGAC             AATTTTTGGCAGGCC
 3.5      30 ..      51   GTGCGGAGGGCCTTT           TGCTGAAGA CCCT TTTTTGACA            ATTTTTGGCAGGCCC
 1.8      42 ..      52   TTTTGCTGAAGACCC                 TTTT TTG ACAA                 TTTTTGGCAGGCCCA
 4.7      43 ..      53   TTTGCTGAAGACCCT                 TTT TTGAC AAT                 TTTTGGCAGGCCCAA
 6.2      44 ..      54   TTGCTGAAGACCCTT                 TTTT GAC AATT                 TTTGGCAGGCCCAAC
None      45 ..      55   TGCTGAAGACCCTTT                  TTTGACAATTT                  TTGGCAGGCCCAACG
 8.4      46 ..      56   GCTGAAGACCCTTTT                 TTGA CAA TTTT                 TGGCAGGCCCAACGG
 6.9      47 ..      57   CTGAAGACCCTTTTT                 TGA CAATT TTT                 GGCAGGCCCAACGGA
 5.7      47 ..      58   CTGAAGACCCTTTTT                TGA CAATTT TTG                 GCAGGCCCAACGGAA
 0.4      49 ..      59   GAAGACCCTTTTTTG                 ACAA TTT TTGG                 CAGGCCCAACGGAAT
-1.9      48 ..      60   TGAAGACCCTTTTTT                GACAA TTT TTGGC                AGGCCCAACGGAATT
-2.8      47 ..      61   CTGAAGACCCTTTTT               TGACAA TTT TTGGCA               GGCCCAACGGAATTG
-1.5      46 ..      62   GCTGAAGACCCTTTT              TTGACAA TTT TTGGCAG              GCCCAACGGAATTGG
-0.2      45 ..      63   TGCTGAAGACCCTTT             TTTGACAA TTT TTGGCAGG             CCCAACGGAATTGGG
 3.3      44 ..      64   TTGCTGAAGACCCTT            TTTTGACAA TTT TTGGCAGGC            CCAACGGAATTGGGC
 6.8      43 ..      65   TTTGCTGAAGACCCT           TTTTTGACAA TTT TTGGCAGGCC           CAACGGAATTGGGCC
 6.9      56 ..      66   CTTTTTTGACAATTT                TTGG CAGG CCC-                 AACGGAATTGGGCCT
-2.5      57 ..      67   TTTTTTGACAATTTT                 TGG CAGGC CCA                 ACGGAATTGGGCCTT
-3.4      56 ..      68   CTTTTTTGACAATTT                TTGG CAGGC CCAA                CGGAATTGGGCCTTx
 0.1      55 ..      69   CCTTTTTTGACAATT               TTTGG CAGGC CCAAC               GGAATTGGGCCTTxx
 1.4      54 ..      70   CCCTTTTTTGACAAT              TTTTGG CAGGC CCAACG              GAATTGGGCCTTxxx
 2.7      53 ..      71   ACCCTTTTTTGACAA             TTTTTGG CAGGC CCAACGG             AATTGGGCCTTxxxx
 4.3      53 ..      72   ACCCTTTTTTGACAA            TTT-TTGG CAGGC CCAACGGA            ATTGGGCCTTxxxxx
 3.4      63 ..      73   GACAATTTTTGGCAG                 GCCC AAC GGAA                 TTGGGCCTTxxxxxx
 3.5      61 ..      74   TTGACAATTTTTGGC               AGGCC CAAC GGAAT                TGGGCCTTxxxxxxx
 3.8      61 ..      75   TTGACAATTTTTGGC               AGGCCC AAC GGAATT               GGGCCTTxxxxxxxx
-1.1      66 ..      76   AATTTTTGGCAGGCC                 CAA CGGAA TTG                 GGCCTTxxxxxxxxx
-3.4      65 ..      77   CAATTTTTGGCAGGC                CCAA CGGAA TTGG                GCCTTxxxxxxxxxx
-5.7      64 ..      78   ACAATTTTTGGCAGG               CCCAA CGGAA TTGGG               CCTTxxxxxxxxxxx
  -8      63 ..      79   GACAATTTTTGGCAG              GCCCAA CGGAA TTGGGC              CTTxxxxxxxxxxxx
-10.3      62 ..      80   TGACAATTTTTGGCA             GGCCCAA CGGAA TTGGGCC             TTxxxxxxxxxxxxx
-11.2      61 ..      81   TTGACAATTTTTGGC            AGGCCCAA CGGAA TTGGGCCT            Txxxxxxxxxxxxxx
