>AC097725.2:c165119-165045 Drosophila melanogaster 3L BAC RP98-48E19 (Roswell Park Cancer Institute Drosophila BAC Library) complete sequence FORWARD
 2.5       1 ..      11   xxxxxxxxxxxxxxx                 TTG TGGCT TAA                 TGAGGATTGATTTAG
 8.4       2 ..      12   xxxxxxxxxxxxxxT                 TGTG GCT TAAT                 GAGGATTGATTTAGC
 5.7       2 ..      13   xxxxxxxxxxxxxxT                TGT GGCTTA ATG                 AGGATTGATTTAGCA
 4.8       1 ..      14   xxxxxxxxxxxxxxx               TTGT GGCTTA ATGA                GGATTGATTTAGCAG
 7.7       5 ..      15   xxxxxxxxxxxTTGT                 GGC TTAAT GAG                 GATTGATTTAGCAGA
 2.6       6 ..      16   xxxxxxxxxxTTGTG                 GCTT AAT GAGG                 ATTGATTTAGCAGAA
 3.6       6 ..      17   xxxxxxxxxxTTGTG                GCTT AATG AGGA                 TTGATTTAGCAGAAG
 4.9       5 ..      18   xxxxxxxxxxxTTGT               GGCTT AATG AGGAT                TGATTTAGCAGAAGA
 5.3       9 ..      19   xxxxxxxTTGTGGCT                TAAT GAGG ATT-                 GATTTAGCAGAAGAG
 0.6       9 ..      20   xxxxxxxTTGTGGCT                TAAT GAGG ATTG                 ATTTAGCAGAAGAGT
-0.3       8 ..      21   xxxxxxxxTTGTGGC               TTAAT GAGG ATTGA                TTTAGCAGAAGAGTT
 2.8      11 ..      22   xxxxxTTGTGGCTTA                ATGA GGAT TGAT                 TTAGCAGAAGAGTTC
 1.9      10 ..      23   xxxxxxTTGTGGCTT               AATGA GGAT TGATT                TAGCAGAAGAGTTCT
 4.7      14 ..      24   xxTTGTGGCTTAATG                 AGG ATTGA TTT                 AGCAGAAGAGTTCTT
 4.5       8 ..      25   xxxxxxxxTTGTGGC             TTAATGA GGAT TGATTTA              GCAGAAGAGTTCTTG
 2.2       7 ..      26   xxxxxxxxxTTGTGG            CTTAATGA GGAT TGATTTAG             CAGAAGAGTTCTTGA
-0.1       6 ..      27   xxxxxxxxxxTTGTG           GCTTAATGA GGAT TGATTTAGC            AGAAGAGTTCTTGAA
 3.4       5 ..      28   xxxxxxxxxxxTTGT          GGCTTAATGA GGAT TGATTTAGCA           GAAGAGTTCTTGAAG
 2.1      18 ..      29   GTGGCTTAATGAGGA                TTG ATTTAG CAG                 AAGAGTTCTTGAAGA
 5.6      17 ..      30   TGTGGCTTAATGAGG               ATTG ATTTAG CAGA                AGAGTTCTTGAAGAC
   4      21 ..      31   GCTTAATGAGGATTG                 ATTT AGC AGAA                 GAGTTCTTGAAGACT
 2.5      22 ..      32   CTTAATGAGGATTGA                 TTT AGCAG AAG                 AGTTCTTGAAGACTA
 3.5      22 ..      33   CTTAATGAGGATTGA                TTT AGCAGA AGA                 GTTCTTGAAGACTAT
 6.4      23 ..      34   TTAATGAGGATTGAT                TT AGCAGAAG AG                 TTCTTGAAGACTATA
 5.8      21 ..      35   GCTTAATGAGGATTG               ATTT AGCAGAA GAGT               TCTTGAAGACTATAT
 2.1      25 ..      36   AATGAGGATTGATTT                AGC AGAAGA GTT                 CTTGAAGACTATATT
 4.3      26 ..      37   ATGAGGATTGATTTA                GCA GAAGAG TTC                 TTGAAGACTATATTC
  -4      28 ..      38   GAGGATTGATTTAGC                 AGAA GAG TTCT                 TGAAGACTATATTCA
-0.5      27 ..      39   TGAGGATTGATTTAG                CAGAA GAG TTCTT                GAAGACTATATTCAT
-0.3      27 ..      40   TGAGGATTGATTTAG               C-AGAA GAG TTCTTG               AAGACTATATTCATC
 3.2      26 ..      41   ATGAGGATTGATTTA              GC-AGAA GAG TTCTTGA              AGACTATATTCATCA
   5      23 ..      42   TTAATGAGGATTGAT            TTAGCAGAA GAG TTCT-TGAA            GACTATATTCATCAC
 6.3      22 ..      43   CTTAATGAGGATTGA           TTTAGCAGAA GAG TTCT-TGAAG           ACTATATTCATCACC
   6      22 ..      44   CTTAATGAGGATTGA           TTTAGCAGAA GAG TTCTTGAAGA           CTATATTCATCACCC
 0.4      35 ..      45   GATTTAGCAGAAGAG                 TTCT TGA AGAC                 TATATTCATCACCCA
-0.3      33 ..      46   TTGATTTAGCAGAAG               AGTTCT TGA AGA-CT               ATATTCATCACCCAA
 3.2      32 ..      47   ATTGATTTAGCAGAA              GAGTTCT TGA AGA-CTA              TATTCATCACCCAAA
 2.3      31 ..      48   GATTGATTTAGCAGA             AGAGTTCT TGA AGA-CTAT             ATTCATCACCCAAAA
   4      39 ..      49   TAGCAGAAGAGTTCT                 TGAA GAC TATA                 TTCATCACCCAAAAC
 6.9      40 ..      50   AGCAGAAGAGTTCTT                 GAA GACTA TAT                 TCATCACCCAAAACT
 1.8      41 ..      51   GCAGAAGAGTTCTTG                 AAGA CTA TATT                 CATCACCCAAAACTG
-0.5      40 ..      52   AGCAGAAGAGTTCTT                GAAGA CTA TATTC                ATCACCCAAAACTGA
-1.4      39 ..      53   TAGCAGAAGAGTTCT               TGAAGA CTA TATTCA               TCACCCAAAACTGAA
 2.1      38 ..      54   TTAGCAGAAGAGTTC              TTGAAGA CTA TATTCAT              CACCCAAAACTGAAA
 1.1      40 ..      55   AGCAGAAGAGTTCTT              GAAGA CTATAT TCATC               ACCCAAAACTGAAAT
 0.2      39 ..      56   TAGCAGAAGAGTTCT             TGAAGA CTATAT TCATCA              CCCAAAACTGAAATA
 3.7      38 ..      57   TTAGCAGAAGAGTTC            TTGAAGA CTATAT TCATCAC             CCAAAACTGAAATAC
 5.9      34 ..      58   TGATTTAGCAGAAGA          GTTCTTGAAGA CTA TATTCATCACC          CAAAACTGAAATACC
None      49 ..      59   GTTCTTGAAGACTAT                  ATTCATCACCC                  AAAACTGAAATACCT
 6.1      50 ..      60   TTCTTGAAGACTATA                 T TCATCACCC A                 AAACTGAAATACCTT
 4.2      50 ..      61   TTCTTGAAGACTATA                TT CATCACCC AA                 AACTGAAATACCTTx
 5.2      50 ..      62   TTCTTGAAGACTATA                TT CATCACCCA AA                ACTGAAATACCTTxx
 6.2      50 ..      63   TTCTTGAAGACTATA               TT CATCACCCAA AA                CTGAAATACCTTxxx
 8.6      53 ..      64   TTGAAGACTATATTC                AT CACCCAAA AC                 TGAAATACCTTxxxx
 8.1      53 ..      65   TTGAAGACTATATTC                A TCACCCAAAAC T                GAAATACCTTxxxxx
 2.8      55 ..      66   GAAGACTATATTCAT                CA CCCAAAAC TG                 AAATACCTTxxxxxx
 1.9      54 ..      67   TGAAGACTATATTCA               TCA CCCAAAAC TGA                AATACCTTxxxxxxx
   4      50 ..      68   TTCTTGAAGACTATA             TTCA TCACCCAAAAC TGAA             ATACCTTxxxxxxxx
 7.5      49 ..      69   GTTCTTGAAGACTAT            ATTCA TCACCCAAAAC TGAAA            TACCTTxxxxxxxxx
 6.1      60 ..      70   CTATATTCATCACCC                 A AAACTGAAA T                 ACCTTxxxxxxxxxx
 7.3      46 ..      71   AGAGTTCTTGAAGAC         TATATTCA TCACCCAAAAC TGAA-ATA         CCTTxxxxxxxxxxx
None      62 ..      72   ATATTCATCACCCAA                  AACTGAAATAC                  CTTxxxxxxxxxxxx
 8.4      63 ..      73   TATTCATCACCCAAA                 ACTG AAA TACC                 TTxxxxxxxxxxxxx
 7.1      63 ..      74   TATTCATCACCCAAA                A CTGAAATACC T                 Txxxxxxxxxxxxxx
