>X87373.1:2786-2857 Homo sapiens RPS3a gene for ribosomal protein S3a FORWARD
 4.7       1 ..      11   xxxxxxxxxxxxxxx                 AAT GAATG ATG                 ACAAAATGTTTCAGT
None       2 ..      12   xxxxxxxxxxxxxxA                  ATGAATGATGA                  CAAAATGTTTCAGTC
 7.2       2 ..      13   xxxxxxxxxxxxxxA                ATGA ATGA TGAC                 AAAATGTTTCAGTCC
 2.8       3 ..      14   xxxxxxxxxxxxxAA                TG AATGATGA CA                 AAATGTTTCAGTCCC
 6.3       2 ..      15   xxxxxxxxxxxxxxA               ATG AATGATGA CAA                AATGTTTCAGTCCCA
 5.8       5 ..      16   xxxxxxxxxxxAATG                AATG ATGA CAAA                 ATGTTTCAGTCCCAA
 6.1       7 ..      17   xxxxxxxxxAATGAA                 T GATGACAAA A                 TGTTTCAGTCCCAAA
 5.2       6 ..      18   xxxxxxxxxxAATGA                AT GATGACAAA AT                GTTTCAGTCCCAAAT
 5.7       8 ..      19   xxxxxxxxAATGAAT                GAT GACAAA ATG                 TTTCAGTCCCAAATG
 5.7       9 ..      20   xxxxxxxAATGAATG                ATG ACAAAA TGT                 TTCAGTCCCAAATGA
-1.8      11 ..      21   xxxxxAATGAATGAT                 GACA AAA TGTT                 TCAGTCCCAAATGAT
 1.7      10 ..      22   xxxxxxAATGAATGA                TGACA AAA TGTTT                CAGTCCCAAATGATA
   1       8 ..      23   xxxxxxxxAATGAAT              GATGACA AAA TGTT-TC              AGTCCCAAATGATAC
 0.1       7 ..      24   xxxxxxxxxAATGAA             TGATGACA AAA TGTT-TCA             GTCCCAAATGATACA
 3.6       6 ..      25   xxxxxxxxxxAATGA            ATGATGACA AAA TGTT-TCAG            TCCCAAATGATACAT
 0.4      16 ..      26   AATGAATGATGACAA                 AATG TTT CAGT                 CCCAAATGATACATA
 0.4       4 ..      27   xxxxxxxxxxxxAAT          GAATGATGACA AAA TGTT-TCAGTC          CCAAATGATACATAC
 3.9       3 ..      28   xxxxxxxxxxxxxAA         TGAATGATGACA AAA TGTT-TCAGTCC         CAAATGATACATACT
 4.7      19 ..      29   GAATGATGACAAAAT                 G TTTCAGTCC C                 AAATGATACATACTG
 3.8      18 ..      30   TGAATGATGACAAAA                TG TTTCAGTCC CA                AATGATACATACTGA
 3.2      21 ..      31   ATGATGACAAAATGT                 TT CAGTCCC AA                 ATGATACATACTGAT
 2.3      20 ..      32   AATGATGACAAAATG                TTT CAGTCCC AAA                TGATACATACTGATT
 3.6      19 ..      33   GAATGATGACAAAAT               GTTT CAGTCCC AAAT               GATACATACTGATTA
 1.4      23 ..      34   GATGACAAAATGTTT                CAGT CCCA AATG                 ATACATACTGATTAT
 0.5      22 ..      35   TGATGACAAAATGTT               TCAGT CCCA AATGA                TACATACTGATTATA
 2.1      25 ..      36   TGACAAAATGTTTCA                GTC CCAAAT GAT                 ACATACTGATTATAC
 3.1      20 ..      37   AATGATGACAAAATG             TTTCAGT CCCA AATGATA              CATACTGATTATACC
 0.8      19 ..      38   GAATGATGACAAAAT            GTTTCAGT CCCA AATGATAC             ATACTGATTATACCA
-0.1      18 ..      39   TGAATGATGACAAAA           TGTTTCAGT CCCA AATGATACA            TACTGATTATACCAT
  -1      17 ..      40   ATGAATGATGACAAA          ATGTTTCAGT CCCA AATGATACAT           ACTGATTATACCATT
 0.4      31 ..      41   AATGTTTCAGTCCCA                 AATG ATA CATA                 CTGATTATACCATTA
 3.9      30 ..      42   AAATGTTTCAGTCCC                AAATG ATA CATAC                TGATTATACCATTAT
 5.1      14 ..      43   xxAATGAATGATGAC       AAAATGTTTCAGT CCCA AATGATACATACT        GATTATACCATTATA
 2.8      13 ..      44   xxxAATGAATGATGA      CAAAATGTTTCAGT CCCA AATGATACATACTG       ATTATACCATTATAT
 6.2      22 ..      45   TGATGACAAAATGTT          TCAGTC CCAAATGATACA TACTGA           TTATACCATTATATT
   2      35 ..      46   TTTCAGTCCCAAATG                ATACA TAC TG-AT                TATACCATTATATTT
 3.3      34 ..      47   GTTTCAGTCCCAAAT               GATACA TAC TG-ATT               ATACCATTATATTTA
 2.4      33 ..      48   TGTTTCAGTCCCAAA              TGATACA TAC TG-ATTA              TACCATTATATTTAT
 0.3      39 ..      49   AGTCCCAAATGATAC                 ATA CTGAT TAT                 ACCATTATATTTATC
 3.2      40 ..      50   GTCCCAAATGATACA                 TA CTGATTA TA                 CCATTATATTTATCC
 6.7      39 ..      51   AGTCCCAAATGATAC                ATA CTGATTA TAC                CATTATATTTATCCT
   7      34 ..      52   GTTTCAGTCCCAAAT             GATACA TACTGAT TATACC             ATTATATTTATCCTG
 0.4      43 ..      53   CCAAATGATACATAC                 TGAT TAT ACCA                 TTATATTTATCCTGA
 3.9      42 ..      54   CCCAAATGATACATA                CTGAT TAT ACCAT                TATATTTATCCTGAC
   3      41 ..      55   TCCCAAATGATACAT               ACTGAT TAT ACCATT               ATATTTATCCTGACA
 1.8      46 ..      56   AATGATACATACTGA                 TTAT ACC ATTA                 TATTTATCCTGACAT
 0.9      45 ..      57   AAATGATACATACTG                ATTAT ACC ATTAT                ATTTATCCTGACATT
-1.6      47 ..      58   ATGATACATACTGAT                TATA CCAT TATA                 TTTATCCTGACATTx
 1.3      48 ..      59   TGATACATACTGATT                ATA CCATTA TAT                 TTATCCTGACATTxx
   1      45 ..      60   AAATGATACATACTG              ATTATA CCAT TATATT               TATCCTGACATTxxx
 2.3      44 ..      61   CAAATGATACATACT             GATTATA CCAT TATATTT              ATCCTGACATTxxxx
 1.4      43 ..      62   CCAAATGATACATAC            TGATTATA CCAT TATATTTA             TCCTGACATTxxxxx
 1.8      53 ..      63   CATACTGATTATACC                 ATTA TAT TTAT                 CCTGACATTxxxxxx
 4.4      34 ..      64   GTTTCAGTCCCAAAT      GATACATACTGAT TATACC ATTA-TATTTATC       CTGACATTxxxxxxx
 7.2      54 ..      65   ATACTGATTATACCA                TTAT ATTT ATCC                 TGACATTxxxxxxxx
 6.1      56 ..      66   ACTGATTATACCATT                 A TATTTATCC T                 GACATTxxxxxxxxx
   4      52 ..      67   ACATACTGATTATAC              CATTAT ATTT ATCCTG               ACATTxxxxxxxxxx
 6.5      54 ..      68   ATACTGATTATACCA               TTA TATTTATCC TGA               CATTxxxxxxxxxxx
   4      59 ..      69   GATTATACCATTATA                 TTTA TCC TGAC                 ATTxxxxxxxxxxxx
 5.6      59 ..      70   GATTATACCATTATA                T-TTA TCC TGACA                TTxxxxxxxxxxxxx
 4.7      58 ..      71   TGATTATACCATTAT               AT-TTA TCC TGACAT               Txxxxxxxxxxxxxx
