>X96661.1:1-73 H.sapiens mRNA for U61 small nuclear RNA FORWARD
 8.4       1 ..      11   xxxxxxxxxxxxxxx                 GCTA TGA TGAA                 TTTGATTGCATTGAT
 7.6       2 ..      12   xxxxxxxxxxxxxxG                 CT ATGATGA AT                 TTGATTGCATTGATC
 4.7       3 ..      13   xxxxxxxxxxxxxGC                 TAT GATGA ATT                 TGATTGCATTGATCG
 6.1       4 ..      14   xxxxxxxxxxxxGCT                 A TGATGAATT T                 GATTGCATTGATCGT
 4.7       5 ..      15   xxxxxxxxxxxGCTA                 TGA TGAAT TTG                 ATTGCATTGATCGTC
 5.7       5 ..      16   xxxxxxxxxxxGCTA                TGA TGAATT TGA                 TTGCATTGATCGTCT
 1.8       7 ..      17   xxxxxxxxxGCTATG                 ATGA ATT TGAT                 TGCATTGATCGTCTG
 3.1       6 ..      18   xxxxxxxxxxGCTAT                GATGA ATT TGATT                GCATTGATCGTCTGA
 1.8       9 ..      19   xxxxxxxGCTATGAT                 GAAT TTG ATTG                 CATTGATCGTCTGAC
   2       9 ..      20   xxxxxxxGCTATGAT                G-AAT TTG ATTGC                ATTGATCGTCTGACA
 1.1       8 ..      21   xxxxxxxxGCTATGA               TG-AAT TTG ATTGCA               TTGATCGTCTGACAT
 0.2       7 ..      22   xxxxxxxxxGCTATG              ATG-AAT TTG ATTGCAT              TGATCGTCTGACATG
 1.5       6 ..      23   xxxxxxxxxxGCTAT             GATG-AAT TTG ATTGCATT             GATCGTCTGACATGA
 1.8      14 ..      24   xxGCTATGATGAATT                 TGAT TGC ATTG                 ATCGTCTGACATGAT
 0.9      13 ..      25   xxxGCTATGATGAAT                TTGAT TGC ATTGA                TCGTCTGACATGATA
 1.8      16 ..      26   GCTATGATGAATTTG                 ATTG CAT TGAT                 CGTCTGACATGATAA
-0.5      15 ..      27   xGCTATGATGAATTT                GATTG CAT TGATC                GTCTGACATGATAAT
 0.8      14 ..      28   xxGCTATGATGAATT               TGATTG CAT TGATCG               TCTGACATGATAATG
 3.1       4 ..      29   xxxxxxxxxxxxGCT         ATGATGAAT TTGATTGC ATTGATCGT          CTGACATGATAATGT
 5.7      19 ..      30   ATGATGAATTTGATT                G CATTGATCGT C                 TGACATGATAATGTA
 6.1      21 ..      31   GATGAATTTGATTGC                 A TTGATCGTC T                 GACATGATAATGTAT
 2.6      22 ..      32   ATGAATTTGATTGCA                 TTGA TCG TCTG                 ACATGATAATGTATT
 4.2      22 ..      33   ATGAATTTGATTGCA                TT-GA TCG TCTGA                CATGATAATGTATTT
 2.5      24 ..      34   GAATTTGATTGCATT                GATC GTCT GA-C                 ATGATAATGTATTTT
 1.6      23 ..      35   TGAATTTGATTGCAT               TGATC GTCT GA-CA                TGATAATGTATTTTT
   2      25 ..      36   AATTTGATTGCATTG                ATCGT CTG AC-AT                GATAATGTATTTTTG
 1.1      27 ..      37   TTTGATTGCATTGAT                 CGT CTGAC ATG                 ATAATGTATTTTTGT
 0.2      26 ..      38   ATTTGATTGCATTGA                TCGT CTGAC ATGA                TAATGTATTTTTGTC
-0.7      25 ..      39   AATTTGATTGCATTG               ATCGT CTGAC ATGAT               AATGTATTTTTGTCC
 2.8      24 ..      40   GAATTTGATTGCATT              GATCGT CTGAC ATGATA              ATGTATTTTTGTCCT
 1.9      23 ..      41   TGAATTTGATTGCAT             TGATCGT CTGAC ATGATAA             TGTATTTTTGTCCTC
 2.6      21 ..      42   GATGAATTTGATTGC           ATTGATCGT CTGAC ATGAT-AAT           GTATTTTTGTCCTCT
 0.3      20 ..      43   TGATGAATTTGATTG          CATTGATCGT CTGAC ATGAT-AATG          TATTTTTGTCCTCTA
  -3      33 ..      44   TGCATTGATCGTCTG                ACAT GATA ATGT                 ATTTTTGTCCTCTAA
 0.5      32 ..      45   TTGCATTGATCGTCT               GACAT GATA ATGTA                TTTTTGTCCTCTAAG
 3.5      35 ..      46   CATTGATCGTCTGAC                ATG ATAATG TAT                 TTTTGTCCTCTAAGA
-0.4      37 ..      47   TTGATCGTCTGACAT                 GATA ATG TATT                 TTTGTCCTCTAAGAA
 3.1      36 ..      48   ATTGATCGTCTGACA                TGATA ATG TATTT                TTGTCCTCTAAGAAG
 2.2      35 ..      49   CATTGATCGTCTGAC               ATGATA ATG TATTTT               TGTCCTCTAAGAAGT
 3.2      40 ..      50   ATCGTCTGACATGAT                 AA TGTATTT TT                 GTCCTCTAAGAAGTT
 4.5      39 ..      51   GATCGTCTGACATGA                TAA TGTATTT TTG                TCCTCTAAGAAGTTC
 3.6      38 ..      52   TGATCGTCTGACATG               ATAA TGTATTT TTGT               CCTCTAAGAAGTTCT
 1.3      37 ..      53   TTGATCGTCTGACAT              GATAA TGTATTT TTGTC              CTCTAAGAAGTTCTG
 3.6      43 ..      54   GTCTGACATGATAAT                GTAT TTTT GTCC                 TCTAAGAAGTTCTGA
 3.9      35 ..      55   CATTGATCGTCTGAC            ATGATAA TGTATTT TTGTCCT            CTAAGAAGTTCTGAG
 7.4      34 ..      56   GCATTGATCGTCTGA           CATGATAA TGTATTT TTGTCCTC           TAAGAAGTTCTGAGC
 6.5      33 ..      57   TGCATTGATCGTCTG          ACATGATAA TGTATTT TTGTCCTCT          AAGAAGTTCTGAGCT
 6.1      48 ..      58   ACATGATAATGTATT                 T TTGTCCTCT A                 AGAAGTTCTGAGCTT
 1.4      48 ..      59   ACATGATAATGTATT                TTTG TCCT CTAA                 GAAGTTCTGAGCTTx
 2.7      47 ..      60   GACATGATAATGTAT               TTTTG TCCT CTAAG                AAGTTCTGAGCTTxx
 1.8      46 ..      61   TGACATGATAATGTA              TTTTTG TCCT CTAAGA               AGTTCTGAGCTTxxx
 0.4      52 ..      62   GATAATGTATTTTTG                 TCCT CTA AGAA                 GTTCTGAGCTTxxxx
  -1      53 ..      63   ATAATGTATTTTTGT                 CCTC TAA GAAG                 TTCTGAGCTTxxxxx
 2.5      52 ..      64   GATAATGTATTTTTG                TCCTC TAA GAAGT                TCTGAGCTTxxxxxx
 3.8      51 ..      65   TGATAATGTATTTTT               GTCCTC TAA GAAGTT               CTGAGCTTxxxxxxx
 5.5      51 ..      66   TGATAATGTATTTTT              GTCCT CTAAGA AGTTC               TGAGCTTxxxxxxxx
 7.2      56 ..      67   ATGTATTTTTGTCCT                CTAA GAAG TTCT                 GAGCTTxxxxxxxxx
 0.4      58 ..      68   GTATTTTTGTCCTCT                 AAGA AGT TCTG                 AGCTTxxxxxxxxxx
-0.5      57 ..      69   TGTATTTTTGTCCTC                TAAGA AGT TCTGA                GCTTxxxxxxxxxxx
-2.8      56 ..      70   ATGTATTTTTGTCCT               CTAAGA AGT TCTGAG               CTTxxxxxxxxxxxx
 0.7      55 ..      71   AATGTATTTTTGTCC              TCTAAGA AGT TCTGAGC              TTxxxxxxxxxxxxx
-1.8      62 ..      72   TTTTGTCCTCTAAGA                 AGTT CTG AGCT                 Txxxxxxxxxxxxxx
