>U40580.1:2651-2720 Human U22 snoRNA host gene (UHG) gene, complete sequence FORWARD
 8.4       1 ..      11   xxxxxxxxxxxxxxx                 GTTT GTG ATGA                 CTTACATGGAATCTC
 2.1       1 ..      12   xxxxxxxxxxxxxxx                GTT TGTGAT GAC                 TTACATGGAATCTCG
 7.5       1 ..      13   xxxxxxxxxxxxxxx                GTTTG TGA TGACT                TACATGGAATCTCGT
 5.8       3 ..      14   xxxxxxxxxxxxxGT                TTGT GATG ACTT                 ACATGGAATCTCGTT
 3.6       4 ..      15   xxxxxxxxxxxxGTT                TGTG ATGA CTTA                 CATGGAATCTCGTTC
-0.8       5 ..      16   xxxxxxxxxxxGTTT                GTGA TGAC TTAC                 ATGGAATCTCGTTCG
-1.7       4 ..      17   xxxxxxxxxxxxGTT               TGTGA TGAC TTACA                TGGAATCTCGTTCGG
-1.1       8 ..      18   xxxxxxxxGTTTGTG                 ATG ACTTA CAT                 GGAATCTCGTTCGGC
 2.4       7 ..      19   xxxxxxxxxGTTTGT                GATG ACTTA CATG                GAATCTCGTTCGGCT
 3.7       6 ..      20   xxxxxxxxxxGTTTG               TGATG ACTTA CATGG               AATCTCGTTCGGCTG
 5.5      11 ..      21   xxxxxGTTTGTGATG                 ACT TACAT GGA                 ATCTCGTTCGGCTGA
 6.3       4 ..      22   xxxxxxxxxxxxGTT             TGTGATG ACTTA CATGGAA             TCTCGTTCGGCTGAT
 4.8      13 ..      23   xxxGTTTGTGATGAC                 TTAC ATG GAAT                 CTCGTTCGGCTGATG
 3.7      10 ..      24   xxxxxxGTTTGTGAT               GACTT ACATG GAATC               TCGTTCGGCTGATGA
 1.8      15 ..      25   xGTTTGTGATGACTT                 ACAT GGA ATCT                 CGTTCGGCTGATGAC
 5.1      10 ..      26   xxxxxxGTTTGTGAT              GACTTAC ATG GAATCTC              GTTCGGCTGATGACT
 4.4      16 ..      27   GTTTGTGATGACTTA                CATG GAAT CTCG                 TTCGGCTGATGACTT
 1.4      17 ..      28   TTTGTGATGACTTAC                ATGG AATC TCGT                 TCGGCTGATGACTTG
 3.9      17 ..      29   TTTGTGATGACTTAC                ATGGA ATC TCGTT                CGGCTGATGACTTGC
-1.8      20 ..      30   GTGATGACTTACATG                 GAAT CTC GTTC                 GGCTGATGACTTGCT
 1.7      19 ..      31   TGTGATGACTTACAT                GGAAT CTC GTTCG                GCTGATGACTTGCTG
   3      18 ..      32   TTGTGATGACTTACA               TGGAAT CTC GTTCGG               CTGATGACTTGCTGT
 5.5      23 ..      33   ATGACTTACATGGAA                 TCT CGTTC GGC                 TGATGACTTGCTGTT
 4.6      22 ..      34   GATGACTTACATGGA                ATCT CGTTC GGCT                GATGACTTGCTGTTG
 4.8      25 ..      35   GACTTACATGGAATC                 TCGT TCG GCTG                 ATGACTTGCTGTTGA
 2.1      25 ..      36   GACTTACATGGAATC                TCG TTCGGC TGA                 TGACTTGCTGTTGAG
 3.9      22 ..      37   GATGACTTACATGGA              ATC TCGTTCGGCT GAT               GACTTGCTGTTGAGA
 2.4      26 ..      38   ACTTACATGGAATCT                CGTT CGGCT GATG                ACTTGCTGTTGAGAC
 1.1      29 ..      39   TACATGGAATCTCGT                 TCG GCTGA TGA                 CTTGCTGTTGAGACT
 4.1      27 ..      40   CTTACATGGAATCTC               GTT CGGCTGAT GAC                TTGCTGTTGAGACTC
   4      31 ..      41   CATGGAATCTCGTTC                 GG CTGATGA CT                 TGCTGTTGAGACTCT
 7.2      31 ..      42   CATGGAATCTCGTTC                GGCT GATG ACTT                 GCTGTTGAGACTCTG
 4.7      33 ..      43   TGGAATCTCGTTCGG                 C TGATGACTT G                 CTGTTGAGACTCTGA
 2.4      32 ..      44   ATGGAATCTCGTTCG                GC TGATGACTT GC                TGTTGAGACTCTGAA
 3.7      31 ..      45   CATGGAATCTCGTTC               GGC TGATGACTT GCT               GTTGAGACTCTGAAA
 1.4      30 ..      46   ACATGGAATCTCGTT              CGGC TGATGACTT GCTG              TTGAGACTCTGAAAT
 4.9      29 ..      47   TACATGGAATCTCGT             TCGGC TGATGACTT GCTGT             TGAGACTCTGAAATC
 1.1      38 ..      48   TCTCGTTCGGCTGAT                 GAC TTGCT GTT                 GAGACTCTGAAATCT
 2.4      37 ..      49   ATCTCGTTCGGCTGA                TGAC TTGCT GTTG                AGACTCTGAAATCTG
 4.3      29 ..      50   TACATGGAATCTCGT           TCGGCTG ATGACTTG CTGTTGA            GACTCTGAAATCTGA
 1.4      40 ..      51   TCGTTCGGCTGATGA                CTTG CTGT TGAG                 ACTCTGAAATCTGAT
 3.6      41 ..      52   CGTTCGGCTGATGAC                TTGC TGTT GAGA                 CTCTGAAATCTGATT
 2.5      43 ..      53   TTCGGCTGATGACTT                G-CT GTTG AGAC                 TCTGAAATCTGATTT
   6      42 ..      54   GTTCGGCTGATGACT               TG-CT GTTG AGACT                CTGAAATCTGATTTT
 3.9      38 ..      55   TCTCGTTCGGCTGAT             GACTTGC TGTT GAGACTC              TGAAATCTGATTTTC
   7      46 ..      56   GGCTGATGACTTGCT                 GTTG AGA CTCT                 GAAATCTGATTTTCx
 2.6      47 ..      57   GCTGATGACTTGCTG                 TTGA GAC TCTG                 AAATCTGATTTTCxx
 0.4      48 ..      58   CTGATGACTTGCTGT                 TGAG ACT CTGA                 AATCTGATTTTCxxx
-0.5      47 ..      59   GCTGATGACTTGCTG                TTGAG ACT CTGAA                ATCTGATTTTCxxxx
   3      46 ..      60   GGCTGATGACTTGCT               GTTGAG ACT CTGAAA               TCTGATTTTCxxxxx
 6.5      45 ..      61   CGGCTGATGACTTGC              TGTTGAG ACT CTGAAAT              CTGATTTTCxxxxxx
 1.4      51 ..      62   ATGACTTGCTGTTGA                GACT CTGA AATC                 TGATTTTCxxxxxxx
 0.5      50 ..      63   GATGACTTGCTGTTG               AGACT CTGA AATCT                GATTTTCxxxxxxxx
   4      49 ..      64   TGATGACTTGCTGTT              GAGACT CTGA AATCTG               ATTTTCxxxxxxxxx
3.576e-08      54 ..      65   ACTTGCTGTTGAGAC                TCTG AAAT CTGA                 TTTTCxxxxxxxxxx
 3.5      53 ..      66   GACTTGCTGTTGAGA               CTCTG AAAT CTGAT                TTTCxxxxxxxxxxx
 2.6      52 ..      67   TGACTTGCTGTTGAG              ACTCTG AAAT CTGATT               TTCxxxxxxxxxxxx
-2.6      58 ..      68   GCTGTTGAGACTCTG                 AAAT CTG ATTT                 TCxxxxxxxxxxxxx
-1.3      57 ..      69   TGCTGTTGAGACTCT                GAAAT CTG ATTTT                Cxxxxxxxxxxxxxx
