>AY220692.1:2-94 Oryza sativa box C/D snoRNA J54.1, complete sequence FORWARD
None       1 ..      11   xxxxxxxxxxxxxxx                  GGTGCAGGTGA                  TGAGAAGCAAGACAG
 5.4       2 ..      12   xxxxxxxxxxxxxxG                 GT GCAGGTG AT                 GAGAAGCAAGACAGG
 7.6       3 ..      13   xxxxxxxxxxxxxGG                 TG CAGGTGA TG                 AGAAGCAAGACAGGG
 3.3       4 ..      14   xxxxxxxxxxxxGGT                 GCA GGTGA TGA                 GAAGCAAGACAGGGA
 4.6       3 ..      15   xxxxxxxxxxxxxGG                TGCA GGTGA TGAG                AAGCAAGACAGGGAC
 8.1       2 ..      16   xxxxxxxxxxxxxxG               GTGCA GGTGA TGAGA               AGCAAGACAGGGACA
 7.3       3 ..      17   xxxxxxxxxxxxxGG               TGC AGGTGATGA GAA               GCAAGACAGGGACAT
 7.6       8 ..      18   xxxxxxxxGGTGCAG                 GT GATGAGA AG                 CAAGACAGGGACATC
   5       8 ..      19   xxxxxxxxGGTGCAG                GT GATGAGAA GC                 AAGACAGGGACATCA
 1.4       9 ..      20   xxxxxxxGGTGCAGG                TGAT GAGA AGCA                 AGACAGGGACATCAG
 3.3      11 ..      21   xxxxxGGTGCAGGTG                 ATG AGAAG CAA                 GACAGGGACATCAGA
 6.8      10 ..      22   xxxxxxGGTGCAGGT                GATG AGAAG CAAG                ACAGGGACATCAGAT
 5.9       9 ..      23   xxxxxxxGGTGCAGG               TGATG AGAAG CAAGA               CAGGGACATCAGATC
 3.6       8 ..      24   xxxxxxxxGGTGCAG              GTGATG AGAAG CAAGAC              AGGGACATCAGATCT
 4.8      12 ..      25   xxxxGGTGCAGGTGA               TG AGAAGCAAGA CA                GGGACATCAGATCTC
 7.7      16 ..      26   GGTGCAGGTGATGAG                 AAG CAAGA CAG                 GGACATCAGATCTCC
 8.3       5 ..      27   xxxxxxxxxxxGGTG           CAGGTGATG AGAAG CAAGACAGG           GACATCAGATCTCCT
 6.2      18 ..      28   TGCAGGTGATGAGAA                 GC AAGACAG GG                 ACATCAGATCTCCTT
 7.2      18 ..      29   TGCAGGTGATGAGAA                GC AAGACAGG GA                 CATCAGATCTCCTTC
 6.7      18 ..      30   TGCAGGTGATGAGAA                G CAAGACAGGGA C                ATCAGATCTCCTTCC
 3.4      21 ..      31   AGGTGATGAGAAGCA                 AGAC AGG GACA                 TCAGATCTCCTTCCG
 2.5      20 ..      32   CAGGTGATGAGAAGC                AAGAC AGG GACAT                CAGATCTCCTTCCGT
 2.8      22 ..      33   GGTGATGAGAAGCAA                GA CAGGGACA TC                 AGATCTCCTTCCGTG
 6.3      21 ..      34   AGGTGATGAGAAGCA               AGA CAGGGACA TCA                GATCTCCTTCCGTGG
 2.2      24 ..      35   TGATGAGAAGCAAGA                CAGG GACA TCAG                 ATCTCCTTCCGTGGG
 5.7      23 ..      36   GTGATGAGAAGCAAG               ACAGG GACA TCAGA                TCTCCTTCCGTGGGG
   7      22 ..      37   GGTGATGAGAAGCAA              GACAGG GACA TCAGAT               CTCCTTCCGTGGGGA
 1.8      28 ..      38   GAGAAGCAAGACAGG                 GA CATCAGA TC                 TCCTTCCGTGGGGAG
 1.8      29 ..      39   AGAAGCAAGACAGGG                 ACAT CAG ATCT                 CCTTCCGTGGGGAGT
-0.5      28 ..      40   GAGAAGCAAGACAGG                GACAT CAG ATCTC                CTTCCGTGGGGAGTG
-2.8      27 ..      41   TGAGAAGCAAGACAG               GGACAT CAG ATCTCC               TTCCGTGGGGAGTGA
-1.5      26 ..      42   ATGAGAAGCAAGACA              GGGACAT CAG ATCTCCT              TCCGTGGGGAGTGAT
-2.4      25 ..      43   GATGAGAAGCAAGAC             AGGGACAT CAG ATCTCCTT             CCGTGGGGAGTGATC
 1.1      24 ..      44   TGATGAGAAGCAAGA            CAGGGACAT CAG ATCTCCTTC            CGTGGGGAGTGATCG
 4.3      34 ..      45   CAAGACAGGGACATC                AGA TCTCCT TCC                 GTGGGGAGTGATCGA
   2      33 ..      46   GCAAGACAGGGACAT               CAGA TCTCCT TCCG                TGGGGAGTGATCGAC
 5.5      32 ..      47   AGCAAGACAGGGACA              TCAGA TCTCCT TCCGT               GGGGAGTGATCGACT
 1.9      38 ..      48   ACAGGGACATCAGAT                 CTC CTTCC GTG                 GGGAGTGATCGACTA
 2.2      38 ..      49   ACAGGGACATCAGAT                CTCC TTCC GTGG                 GGAGTGATCGACTAA
-0.3      40 ..      50   AGGGACATCAGATCT                 CCT TCCGT GGG                 GAGTGATCGACTAAA
-1.6      38 ..      51   ACAGGGACATCAGAT               CTCC TTCCGT GGGG                AGTGATCGACTAAAG
-3.2      42 ..      52   GGACATCAGATCTCC                 TTCC GTG GGGA                 GTGATCGACTAAAGT
-5.5      41 ..      53   GGGACATCAGATCTC                CTTCC GTG GGGAG                TGATCGACTAAAGTC
  -2      40 ..      54   AGGGACATCAGATCT               CCTTCC GTG GGGAGT               GATCGACTAAAGTCT
-1.8      40 ..      55   AGGGACATCAGATCT              C-CTTCC GTG GGGAGTG              ATCGACTAAAGTCTC
-2.7      39 ..      56   CAGGGACATCAGATC             TC-CTTCC GTG GGGAGTGA             TCGACTAAAGTCTCA
-0.1      36 ..      57   AGACAGGGACATCAG           ATCTCCTTCC GTG GGGAGT-GAT           CGACTAAAGTCTCAA
-2.4      35 ..      58   AAGACAGGGACATCA          GATCTCCTTCC GTG GGGAGT-GATC          GACTAAAGTCTCAAT
 1.1      34 ..      59   CAAGACAGGGACATC         AGATCTCCTTCC GTG GGGAGT-GATCG         ACTAAAGTCTCAATG
 0.4      32 ..      60   AGCAAGACAGGGACA       TCAGATCTCCTTCC GTG GGGAGT-GATC-GA       CTAAAGTCTCAATGG
 3.3      46 ..      61   ATCAGATCTCCTTCC              GTGGG GAGTGA TCGAC               TAAAGTCTCAATGGG
-1.1      52 ..      62   TCTCCTTCCGTGGGG                 AGT GATCG ACT                 AAAGTCTCAATGGGA
 2.4      51 ..      63   ATCTCCTTCCGTGGG                GAGT GATCG ACTA                AAGTCTCAATGGGAA
 4.7      54 ..      64   TCCTTCCGTGGGGAG                 TGA TCGAC TAA                 AGTCTCAATGGGAAT
 7.1      54 ..      65   TCCTTCCGTGGGGAG                T GATCGACTAA A                 GTCTCAATGGGAATC
 6.2      41 ..      66   GGGACATCAGATCTC         CTTCCGTGGG GAGTGA TCGACTAAAG          TCTCAATGGGAATCT
 6.2      57 ..      67   TTCCGTGGGGAGTGA                 TC GACTAAA GT                 CTCAATGGGAATCTC
 2.5      58 ..      68   TCCGTGGGGAGTGAT                CGAC TAAA GTC-                 TCAATGGGAATCTCT
   0      58 ..      69   TCCGTGGGGAGTGAT                CGAC TAAA GTCT                 CAATGGGAATCTCTC
 2.8      59 ..      70   CCGTGGGGAGTGATC                GA CTAAAGTC TC                 AATGGGAATCTCTCT
 4.4      54 ..      71   TCCTTCCGTGGGGAG            TGATCGAC TAAA GTC--TCA             ATGGGAATCTCTCTG
 5.4      57 ..      72   TTCCGTGGGGAGTGA              TCGA CTAAAGTC TCAA               TGGGAATCTCTCTGA
 4.5      56 ..      73   CTTCCGTGGGGAGTG             ATCGA CTAAAGTC TCAAT              GGGAATCTCTCTGAT
 6.1      62 ..      74   TGGGGAGTGATCGAC                TAAAG TCT CAATG                GGAATCTCTCTGATG
 3.8      61 ..      75   GTGGGGAGTGATCGA               CTAAAG TCT CAATGG               GAATCTCTCTGATGC
 5.5      66 ..      76   GAGTGATCGACTAAA                 GTC TCAAT GGG                 AATCTCTCTGATGCA
-3.2      67 ..      77   AGTGATCGACTAAAG                 TCTC AAT GGGA                 ATCTCTCTGATGCAT
 0.3      66 ..      78   GAGTGATCGACTAAA                GTCTC AAT GGGAA                TCTCTCTGATGCATT
-0.6      65 ..      79   GGAGTGATCGACTAA               AGTCTC AAT GGGAAT               CTCTCTGATGCATTx
 2.9      64 ..      80   GGGAGTGATCGACTA              AAGTCTC AAT GGGAATC              TCTCTGATGCATTxx
   2      63 ..      81   GGGGAGTGATCGACT             AAAGTCTC AAT GGGAATCT             CTCTGATGCATTxxx
 5.5      62 ..      82   TGGGGAGTGATCGAC            TAAAGTCTC AAT GGGAATCTC            TCTGATGCATTxxxx
 1.2      73 ..      83   CGACTAAAGTCTCAA                 TGGG AAT CTCT                 CTGATGCATTxxxxx
-3.2      74 ..      84   GACTAAAGTCTCAAT                 GGGA ATC TCTC                 TGATGCATTxxxxxx
 0.3      73 ..      85   CGACTAAAGTCTCAA                TGGGA ATC TCTCT                GATGCATTxxxxxxx
 1.5      70 ..      86   GATCGACTAAAGTCT              CAATGGG AAT CTCTCTG              ATGCATTxxxxxxxx
 0.6      69 ..      87   TGATCGACTAAAGTC             TCAATGGG AAT CTCTCTGA             TGCATTxxxxxxxxx
-1.1      78 ..      88   AAAGTCTCAATGGGA                 ATC TCTCT GAT                 GCATTxxxxxxxxxx
 2.4      77 ..      89   TAAAGTCTCAATGGG                AATC TCTCT GATG                CATTxxxxxxxxxxx
 0.1      76 ..      90   CTAAAGTCTCAATGG               GAATC TCTCT GATGC               ATTxxxxxxxxxxxx
 3.6      75 ..      91   ACTAAAGTCTCAATG              GGAATC TCTCT GATGCA              TTxxxxxxxxxxxxx
 4.9      74 ..      92   GACTAAAGTCTCAAT             GGGAATC TCTCT GATGCAT             Txxxxxxxxxxxxxx
