>AK096147.1:2648-2777 Homo sapiens cDNA FLJ38828 fis, clone MAMGL1000017 FORWARD
 7.7       1 ..      11   xxxxxxxxxxxxxxx                 AAG CCAGC CAA                 TGAATCTGCTTACCT
 6.1       2 ..      12   xxxxxxxxxxxxxxA                 A GCCAGCCAA T                 GAATCTGCTTACCTG
None       3 ..      13   xxxxxxxxxxxxxAA                  GCCAGCCAATG                  AATCTGCTTACCTGA
 3.3       4 ..      14   xxxxxxxxxxxxAAG                 CCA GCCAA TGA                 ATCTGCTTACCTGAT
 6.8       3 ..      15   xxxxxxxxxxxxxAA                GCCA GCCAA TGAA                TCTGCTTACCTGATT
 4.8       6 ..      16   xxxxxxxxxxAAGCC                 AGCC AAT GAAT                 CTGCTTACCTGATTG
 4.7       7 ..      17   xxxxxxxxxAAGCCA                 G CCAATGAAT C                 TGCTTACCTGATTGT
 3.8       6 ..      18   xxxxxxxxxxAAGCC                AG CCAATGAAT CT                GCTTACCTGATTGTG
 1.5       5 ..      19   xxxxxxxxxxxAAGC               CAG CCAATGAAT CTG               CTTACCTGATTGTGT
 3.4       7 ..      20   xxxxxxxxxAAGCCA               GC CAATGAATCT GC                TTACCTGATTGTGTT
 2.5       6 ..      21   xxxxxxxxxxAAGCC              AGC CAATGAATCT GCT               TACCTGATTGTGTTT
 3.4       1 ..      22   xxxxxxxxxxxxxxx           AAGCCAG CCAATGAAT CT-GCTT           ACCTGATTGTGTTTG
 3.5      12 ..      23   xxxxAAGCCAGCCAA                TGA ATCTGC TTA                 CCTGATTGTGTTTGT
 4.3      13 ..      24   xxxAAGCCAGCCAAT                GAA TCTGCT TAC                 CTGATTGTGTTTGTG
 6.7      13 ..      25   xxxAAGCCAGCCAAT                G AATCTGCTTAC C                TGATTGTGTTTGTGC
 6.9      11 ..      26   xxxxxAAGCCAGCCA              ATGAA TCTGCT TACCT               GATTGTGTTTGTGCA
 1.9      17 ..      27   AGCCAGCCAATGAAT                 CTG CTTAC CTG                 ATTGTGTTTGTGCAG
   1      16 ..      28   AAGCCAGCCAATGAA                TCTG CTTAC CTGA                TTGTGTTTGTGCAGA
 0.1      15 ..      29   xAAGCCAGCCAATGA               ATCTG CTTAC CTGAT               TGTGTTTGTGCAGAC
-0.8      14 ..      30   xxAAGCCAGCCAATG              AATCTG CTTAC CTGATT              GTGTTTGTGCAGACA
 2.7      13 ..      31   xxxAAGCCAGCCAAT             GAATCTG CTTAC CTGATTG             TGTTTGTGCAGACAT
 5.6      11 ..      32   xxxxxAAGCCAGCCA           ATGAATCTG CTTAC CTGATT-GT           GTTTGTGCAGACATA
 2.1      22 ..      33   GCCAATGAATCTGCT                TAC CTGATT GTG                 TTTGTGCAGACATAC
 2.8      23 ..      34   CCAATGAATCTGCTT                AC CTGATTGT GT                 TTGTGCAGACATACT
 5.3      23 ..      35   CCAATGAATCTGCTT                ACC TGATTGT GTT                TGTGCAGACATACTT
 6.2      26 ..      36   ATGAATCTGCTTACC                 TGAT TGT GTTT                 GTGCAGACATACTTT
 3.9      25 ..      37   AATGAATCTGCTTAC                CTGAT TGT GTTTG                TGCAGACATACTTTA
 5.4      28 ..      38   GAATCTGCTTACCTG                 AT TGTGTTT GT                 GCAGACATACTTTAA
 6.9      24 ..      39   CAATGAATCTGCTTA              CCTGA TTGTGT TTGTG               CAGACATACTTTAAA
 7.7      27 ..      40   TGAATCTGCTTACCT               G ATTGTGTTTGTG C                AGACATACTTTAAAA
 1.4      30 ..      41   ATCTGCTTACCTGAT                TGTG TTTG TGCA                 GACATACTTTAAAAA
 2.7      29 ..      42   AATCTGCTTACCTGA               TTGTG TTTG TGCAG                ACATACTTTAAAAAC
 2.7      30 ..      43   ATCTGCTTACCTGAT               TGTGT TTGT GCAGA                CATACTTTAAAAACT
-0.8      33 ..      44   TGCTTACCTGATTGT                GTTT GTGC AGAC                 ATACTTTAAAAACTG
-1.7      32 ..      45   CTGCTTACCTGATTG               TGTTT GTGC AGACA                TACTTTAAAAACTGG
-0.4      31 ..      46   TCTGCTTACCTGATT              GTGTTT GTGC AGACAT               ACTTTAAAAACTGGC
-1.3      30 ..      47   ATCTGCTTACCTGAT             TGTGTTT GTGC AGACATA              CTTTAAAAACTGGCA
-1.8      33 ..      48   TGCTTACCTGATTGT              GTTTGT GCAG ACATAC               TTTAAAAACTGGCAA
 1.3      28 ..      49   GAATCTGCTTACCTG           ATTGTGTTT GTGC AGACATACT            TTAAAAACTGGCAAT
 2.6      27 ..      50   TGAATCTGCTTACCT          GATTGTGTTT GTGC AGACATACTT           TAAAAACTGGCAATA
 2.5      41 ..      51   TGATTGTGTTTGTGC                 AGA CATAC TTT                 AAAAACTGGCAATAG
 3.7      38 ..      52   ACCTGATTGTGTTTG               TGCAG ACATA CTTTA               AAAACTGGCAATAGT
 7.2      37 ..      53   TACCTGATTGTGTTT              GTGCAG ACATA CTTTAA              AAACTGGCAATAGTA
 6.2      44 ..      54   TTGTGTTTGTGCAGA                 CATA CTT TAAA                 AACTGGCAATAGTAA
 5.4      35 ..      55   CTTACCTGATTGTGT            TTGTGCAG ACATA CTTTAAAA            ACTGGCAATAGTAAA
 4.5      34 ..      56   GCTTACCTGATTGTG           TTTGTGCAG ACATA CTTTAAAAA           CTGGCAATAGTAAAG
 2.2      33 ..      57   TGCTTACCTGATTGT          GTTTGTGCAG ACATA CTTTAAAAAC          TGGCAATAGTAAAGC
 2.8      47 ..      58   TGTTTGTGCAGACAT                ACTT TAAA AACT                 GGCAATAGTAAAGCC
 4.1      46 ..      59   GTGTTTGTGCAGACA               TACTT TAAA AACTG                GCAATAGTAAAGCCA
 4.7      50 ..      60   TTGTGCAGACATACT                 TTA AAAAC TGG                 CAATAGTAAAGCCAT
   8      42 ..      61   GATTGTGTTTGTGCA            GACA TACTTTAAAAAC TGGC             AATAGTAAAGCCATG
 7.1      51 ..      62   TGTGCAGACATACTT                T AAAAACTGGC A                 ATAGTAAAGCCATGT
 6.2      50 ..      63   TTGTGCAGACATACT               TT AAAAACTGGC AA                TAGTAAAGCCATGTT
 6.1      54 ..      64   GCAGACATACTTTAA                 A AACTGGCAA T                 AGTAAAGCCATGTTA
 6.2      55 ..      65   CAGACATACTTTAAA                 AACT GGC AATA                 GTAAAGCCATGTTAC
 6.1      56 ..      66   AGACATACTTTAAAA                ACTG GCAA TAG-                 TAAAGCCATGTTACG
-0.8      56 ..      67   AGACATACTTTAAAA                ACTG GCAA TAGT                 AAAGCCATGTTACGA
 2.7      55 ..      68   CAGACATACTTTAAA               AACTG GCAA TAGTA                AAGCCATGTTACGAG
 3.6      58 ..      69   ACATACTTTAAAAAC                TGGC AATA GTAA                 AGCCATGTTACGAGC
 7.1      57 ..      70   GACATACTTTAAAAA               CTGGC AATA GTAAA                GCCATGTTACGAGCC
 4.7      61 ..      71   TACTTTAAAAACTGG                 C AATAGTAAA G                 CCATGTTACGAGCCT
 2.4      60 ..      72   ATACTTTAAAAACTG                GC AATAGTAAA GC                CATGTTACGAGCCTT
 0.1      59 ..      73   CATACTTTAAAAACT               GGC AATAGTAAA GCC               ATGTTACGAGCCTTA
-0.8      58 ..      74   ACATACTTTAAAAAC              TGGC AATAGTAAA GCCA              TGTTACGAGCCTTAA
 1.7      63 ..      75   CTTTAAAAACTGGCA                ATAGT AAA GCCAT                GTTACGAGCCTTAAG
 2.9      57 ..      76   GACATACTTTAAAAA            C-TGGC AATAGTAAA GCCATG            TTACGAGCCTTAAGG
   2      56 ..      77   AGACATACTTTAAAA           AC-TGGC AATAGTAAA GCCATGT           TACGAGCCTTAAGGA
 1.1      55 ..      78   CAGACATACTTTAAA          AAC-TGGC AATAGTAAA GCCATGTT          ACGAGCCTTAAGGAC
 2.3      67 ..      79   AAAAACTGGCAATAG                TAA AGCCATG TTA                CGAGCCTTAAGGACA
-2.861e-07      66 ..      80   TAAAAACTGGCAATA               GTAA AGCCATG TTAC               GAGCCTTAAGGACAT
 3.5      65 ..      81   TTAAAAACTGGCAAT              AGTAA AGCCATG TTACG              AGCCTTAAGGACATT
 2.6      64 ..      82   TTTAAAAACTGGCAA             TAGTAA AGCCATG TTACGA             GCCTTAAGGACATTG
 1.2      73 ..      83   TGGCAATAGTAAAGC                 CATG TTA CGAG                 CCTTAAGGACATTGA
 2.7      71 ..      84   ACTGGCAATAGTAAA               GC-CAT GTT ACGAGC               CTTAAGGACATTGAA
 2.4      71 ..      85   ACTGGCAATAGTAAA               GCCATG TTA CGAGCC               TTAAGGACATTGAAG
 1.5      70 ..      86   AACTGGCAATAGTAA              AGCCATG TTA CGAGCCT              TAAGGACATTGAAGT
 0.6      69 ..      87   AAACTGGCAATAGTA             AAGCCATG TTA CGAGCCTT             AAGGACATTGAAGTC
 0.4      78 ..      88   ATAGTAAAGCCATGT                 TACG AGC CTTA                 AGGACATTGAAGTCG
-0.5      77 ..      89   AATAGTAAAGCCATG                TTACG AGC CTTAA                GGACATTGAAGTCGT
   3      76 ..      90   CAATAGTAAAGCCAT               GTTACG AGC CTTAAG               GACATTGAAGTCGTT
 4.3      75 ..      91   GCAATAGTAAAGCCA              TGTTACG AGC CTTAAGG              ACATTGAAGTCGTTA
 6.9      82 ..      92   TAAAGCCATGTTACG                AGCC TTAA GGA-                 CATTGAAGTCGTTAA
 1.1      83 ..      93   AAAGCCATGTTACGA                G-CC TTAA GGAC                 ATTGAAGTCGTTAAG
 4.6      82 ..      94   TAAAGCCATGTTACG               AG-CC TTAA GGACA                TTGAAGTCGTTAAGG
 5.9      81 ..      95   GTAAAGCCATGTTAC              GAG-CC TTAA GGACAT               TGAAGTCGTTAAGGT
 7.5      81 ..      96   GTAAAGCCATGTTAC             GA-G-CC TTAA GGACATT              GAAGTCGTTAAGGTC
 2.5      87 ..      97   CCATGTTACGAGCCT                 TAA GGACA TTG                 AAGTCGTTAAGGTCC
 1.6      86 ..      98   GCCATGTTACGAGCC                TTAA GGACA TTGA                AGTCGTTAAGGTCCC
 4.1      86 ..      99   GCCATGTTACGAGCC               TTAAG GACA TTGAA                GTCGTTAAGGTCCCT
 1.8      85 ..     100   AGCCATGTTACGAGC              CTTAAG GACA TTGAAG               TCGTTAAGGTCCCTG
 4.1      83 ..     101   AAAGCCATGTTACGA             GCCTTAA GGACA TTGAAGT             CGTTAAGGTCCCTGA
-1.5      91 ..     102   GTTACGAGCCTTAAG                GAC ATTGAA GTC                 GTTAAGGTCCCTGAG
   2      90 ..     103   TGTTACGAGCCTTAA               GGAC ATTGAA GTCG                TTAAGGTCCCTGAGA
 1.1      89 ..     104   ATGTTACGAGCCTTA              AGGAC ATTGAA GTCGT               TAAGGTCCCTGAGAA
 0.2      88 ..     105   CATGTTACGAGCCTT             AAGGAC ATTGAA GTCGTT              AAGGTCCCTGAGAAT
-0.7      87 ..     106   CCATGTTACGAGCCT            TAAGGAC ATTGAA GTCGTTA             AGGTCCCTGAGAATG
-1.6      86 ..     107   GCCATGTTACGAGCC           TTAAGGAC ATTGAA GTCGTTAA            GGTCCCTGAGAATGG
-3.9      85 ..     108   AGCCATGTTACGAGC          CTTAAGGAC ATTGAA GTCGTTAAG           GTCCCTGAGAATGGC
-6.2      84 ..     109   AAGCCATGTTACGAG         CCTTAAGGAC ATTGAA GTCGTTAAGG          TCCCTGAGAATGGCT
-4.9      83 ..     110   AAAGCCATGTTACGA        GCCTTAAGGAC ATTGAA GTCGTTAAGGT         CCCTGAGAATGGCTA
-3.4      81 ..     111   GTAAAGCCATGTTAC      GAGCCTTAAGGAC ATTGAA GTCGTTAAGG-TC       CCTGAGAATGGCTAT
-3.7      81 ..     112   GTAAAGCCATGTTAC      GAGCCTTAAGGAC ATTGAA GTCGTTAAGGTCC       CTGAGAATGGCTATA
-1.3      81 ..     113   GTAAAGCCATGTTAC     GAG-CCTTAAGGAC ATTGAA GTCGTTAAGGTCCC      TGAGAATGGCTATAA
-1.1      79 ..     114   TAGTAAAGCCATGTT    ACGAGCCTTAAGGAC ATTGAA GTCGTTAAGGTCCCT     GAGAATGGCTATAAC
 0.2      78 ..     115   ATAGTAAAGCCATGT   TACGAGCCTTAAGGAC ATTGAA GTCGTTAAGGTCCCTG    AGAATGGCTATAACA
-0.7      77 ..     116   AATAGTAAAGCCATG  TTACGAGCCTTAAGGAC ATTGAA GTCGTTAAGGTCCCTGA   GAATGGCTATAACAx
  -2      85 ..     117   AGCCATGTTACGAGC      CTTAAGGACATTGA AGTCG TTAAGGTCCCTGAG      AATGGCTATAACAxx
 1.5      84 ..     118   AAGCCATGTTACGAG     CCTTAAGGACATTGA AGTCG TTAAGGTCCCTGAGA     ATGGCTATAACAxxx
 3.3     109 ..     119   ATTGAAGTCGTTAAG                 GTC CCTGA GAA                 TGGCTATAACAxxxx
 3.6     109 ..     120   ATTGAAGTCGTTAAG                GTCC CTGA GAAT                 GGCTATAACAxxxxx
 4.7      73 ..     121   TGGCAATAGTAAAGC CA-TGTTACGAGCCTTAAGGAC ATTGAA GTCGTTAAGGTCCCTGAGAATG GCTATAACAxxxxxx
-4.768e-08     111 ..     122   TGAAGTCGTTAAGGT                CCCT GAGA ATGG                 CTATAACAxxxxxxx
 0.1      71 ..     123   ACTGGCAATAGTAAA GCCA-TGTTACGAGCCTTAAGGAC ATTGAA GTCGTTAAGGTCCCTGAGAATGGC TATAACAxxxxxxxx
-0.8      70 ..     124   AACTGGCAATAGTAA AGCCA-TGTTACGAGCCTTAAGGAC ATTGAA GTCGTTAAGGTCCCTGAGAATGGCT ATAACAxxxxxxxxx
 2.7      69 ..     125   AAACTGGCAATAGTA AAGCCA-TGTTACGAGCCTTAAGGAC ATTGAA GTCGTTAAGGTCCCTGAGAATGGCTA TAACAxxxxxxxxxx
 1.8      68 ..     126   AAAACTGGCAATAGT AAAGCCA-TGTTACGAGCCTTAAGGAC ATTGAA GTCGTTAAGGTCCCTGAGAATGGCTAT AACAxxxxxxxxxxx
 6.2     114 ..     127   AGTCGTTAAGGTCCC               TG-AG AATGG CTATA               ACAxxxxxxxxxxxx
 5.8     104 ..     128   AGGACATTGAAGTCG         TTAAGGTCCCT GAGA ATGG-CTATAA          CAxxxxxxxxxxxxx
 3.5     103 ..     129   AAGGACATTGAAGTC        GTTAAGGTCCCT GAGA ATGG-CTATAAC         Axxxxxxxxxxxxxx
