>CR752656.3:1766-1839 Mouse DNA sequence from clone WI1-2643G14 on chromosome 4, complete sequence FORWARD
 4.8       1 ..      11   xxxxxxxxxxxxxxx                 ACTG GTC CATG                 ATGAAACCCATTATC
   5       1 ..      12   xxxxxxxxxxxxxxx                AC-TG GTC CATGA                TGAAACCCATTATCA
 6.6       1 ..      13   xxxxxxxxxxxxxxx               A-C-TG GTC CATGAT               GAAACCCATTATCAG
 2.6       4 ..      14   xxxxxxxxxxxxACT                 GGTC CAT GATG                 AAACCCATTATCAGT
 1.7       3 ..      15   xxxxxxxxxxxxxAC                TGGTC CAT GATGA                AACCCATTATCAGTG
 0.4       6 ..      16   xxxxxxxxxxACTGG                 TCCA TGA TGAA                 ACCCATTATCAGTGG
 3.9       5 ..      17   xxxxxxxxxxxACTG                GTCCA TGA TGAAA                CCCATTATCAGTGGA
 1.6       4 ..      18   xxxxxxxxxxxxACT               GGTCCA TGA TGAAAC               CCATTATCAGTGGAC
 1.8       4 ..      19   xxxxxxxxxxxxACT              GG-TCCA TGA TGAAACC              CATTATCAGTGGACA
 4.8      10 ..      20   xxxxxxACTGGTCCA                 TGAT GAA ACCC                 ATTATCAGTGGACAT
 2.8      10 ..      21   xxxxxxACTGGTCCA                TG ATGAAACC CA                 TTATCAGTGGACATC
-1.1      12 ..      22   xxxxACTGGTCCATG                 ATG AAACC CAT                 TATCAGTGGACATCT
 0.2      11 ..      23   xxxxxACTGGTCCAT                GATG AAACC CATT                ATCAGTGGACATCTA
-0.7      10 ..      24   xxxxxxACTGGTCCA               TGATG AAACC CATTA               TCAGTGGACATCTAT
-1.6       9 ..      25   xxxxxxxACTGGTCC              ATGATG AAACC CATTAT              CAGTGGACATCTATG
 0.3      11 ..      26   xxxxxACTGGTCCAT              GATGA AACCCA TTATC               AGTGGACATCTATGG
-0.6      10 ..      27   xxxxxxACTGGTCCA             TGATGA AACCCA TTATCA              GTGGACATCTATGGA
 2.9       9 ..      28   xxxxxxxACTGGTCC            ATGATGA AACCCA TTATCAG             TGGACATCTATGGAT
 3.8      17 ..      29   CTGGTCCATGATGAA                AC CCATTATCA GT                GGACATCTATGGATG
-1.8      20 ..      30   GTCCATGATGAAACC                 CATT ATC AGTG                 GACATCTATGGATGA
-4.1      19 ..      31   GGTCCATGATGAAAC                CCATT ATC AGTGG                ACATCTATGGATGAG
  -1       6 ..      32   xxxxxxxxxxACTGG        TCCA-TGATGA AACCCA TTATCAGTGGA         CATCTATGGATGAGA
-3.3       5 ..      33   xxxxxxxxxxxACTG       GTCCA-TGATGA AACCCA TTATCAGTGGAC        ATCTATGGATGAGAA
 0.2       4 ..      34   xxxxxxxxxxxxACT      GGTCCA-TGATGA AACCCA TTATCAGTGGACA       TCTATGGATGAGAAA
 3.7       3 ..      35   xxxxxxxxxxxxxAC     TGGTCCA-TGATGA AACCCA TTATCAGTGGACAT      CTATGGATGAGAAAT
 3.2      14 ..      36   xxACTGGTCCATGAT           GAAACCCATT ATC AGTGGACATC           TATGGATGAGAAATG
 1.8      27 ..      37   ATGAAACCCATTATC                 AG TGGACAT CT                 ATGGATGAGAAATGC
 5.3      26 ..      38   GATGAAACCCATTAT                CAG TGGACAT CTA                TGGATGAGAAATGCG
 1.4      28 ..      39   TGAAACCCATTATCA                GTGG ACAT CTAT                 GGATGAGAAATGCGG
 2.9      26 ..      40   GATGAAACCCATTAT              CAGTGG ACAT CTA-TG               GATGAGAAATGCGGA
 2.6      26 ..      41   GATGAAACCCATTAT              CAGTGG ACAT CTATGG               ATGAGAAATGCGGAT
 1.7      25 ..      42   TGATGAAACCCATTA             TCAGTGG ACAT CTATGGA              TGAGAAATGCGGATA
 0.8      24 ..      43   ATGATGAAACCCATT            ATCAGTGG ACAT CTATGGAT             GAGAAATGCGGATAT
-4.4      33 ..      44   CCCATTATCAGTGGA                CATC TATG GATG                 AGAAATGCGGATATG
-0.9      32 ..      45   ACCCATTATCAGTGG               ACATC TATG GATGA                GAAATGCGGATATGG
 1.8      36 ..      46   ATTATCAGTGGACAT                 CT ATGGATG AG                 AAATGCGGATATGGG
 0.9      35 ..      47   CATTATCAGTGGACA                TCT ATGGATG AGA                AATGCGGATATGGGA
 4.4      34 ..      48   CCATTATCAGTGGAC               ATCT ATGGATG AGAA               ATGCGGATATGGGAC
 6.1      39 ..      49   ATCAGTGGACATCTA                 T GGATGAGAA A                 TGCGGATATGGGACT
 5.2      38 ..      50   TATCAGTGGACATCT                AT GGATGAGAA AT                GCGGATATGGGACTG
 4.1      33 ..      51   CCCATTATCAGTGGA             CATCTAT GGATG AGAAATG             CGGATATGGGACTGA
 2.4      40 ..      52   TCAGTGGACATCTAT                GGAT GAGAA ATGC                GGATATGGGACTGAG
 3.7      39 ..      53   ATCAGTGGACATCTA               TGGAT GAGAA ATGCG               GATATGGGACTGAGA
 7.2      38 ..      54   TATCAGTGGACATCT              ATGGAT GAGAA ATGCGG              ATATGGGACTGAGAC
 6.3      37 ..      55   TTATCAGTGGACATC             TATGGAT GAGAA ATGCGGA             TATGGGACTGAGACC
 5.9      42 ..      56   AGTGGACATCTATGG               ATGAG AAATG CGGAT               ATGGGACTGAGACCA
 7.6      47 ..      57   ACATCTATGGATGAG                 AA ATGCGGA TA                 TGGGACTGAGACCAG
 2.8      47 ..      58   ACATCTATGGATGAG                AAAT GCGG ATAT                 GGGACTGAGACCAGT
   5      48 ..      59   CATCTATGGATGAGA                AATG CGGA TATG                 GGACTGAGACCAGTT
 8.3      50 ..      60   TCTATGGATGAGAAA                TGCG GATA TG-G                 GACTGAGACCAGTTx
 5.8      50 ..      61   TCTATGGATGAGAAA                TGCG GATA TGGG                 ACTGAGACCAGTTxx
 5.3      50 ..      62   TCTATGGATGAGAAA                TGC GGATATG GGA                CTGAGACCAGTTxxx
 4.7      53 ..      63   ATGGATGAGAAATGC                 G GATATGGGA C                 TGAGACCAGTTxxxx
   5      53 ..      64   ATGGATGAGAAATGC                GG ATATGGGA CT                 GAGACCAGTTxxxxx
 2.7      52 ..      65   TATGGATGAGAAATG               CGG ATATGGGA CTG                AGACCAGTTxxxxxx
 4.8      56 ..      66   GATGAGAAATGCGGA                 TATG GGA CTGA                 GACCAGTTxxxxxxx
 7.5      50 ..      67   TCTATGGATGAGAAA             TGCGG ATATGGGA CTGAG              ACCAGTTxxxxxxxx
 6.1      58 ..      68   TGAGAAATGCGGATA                 T GGGACTGAG A                 CCAGTTxxxxxxxxx
 4.7      59 ..      69   GAGAAATGCGGATAT                 G GGACTGAGA C                 CAGTTxxxxxxxxxx
-2.4      60 ..      70   AGAAATGCGGATATG                 GGAC TGA GACC                 AGTTxxxxxxxxxxx
 0.5      58 ..      71   TGAGAAATGCGGATA               TGG GACTGAGA CCA                GTTxxxxxxxxxxxx
 2.4      58 ..      72   TGAGAAATGCGGATA               TGGGAC TGA GACCAG               TTxxxxxxxxxxxxx
-4.4      62 ..      73   AAATGCGGATATGGG                ACTG AGAC CAGT                 Txxxxxxxxxxxxxx
