>AL132709.5:c185108-185034 Human chromosome 14 DNA sequence BAC R-909M7 of library RPCI-11 from chromosome 14 of Homo sapiens (Human), complete sequence FORWARD
 6.1       1 ..      11   xxxxxxxxxxxxxxx                 T GGACCAATG A                 TGAGTACCATGGGGT
 8.3       2 ..      12   xxxxxxxxxxxxxxT                 G GACCAATGA T                 GAGTACCATGGGGTA
 4.8       3 ..      13   xxxxxxxxxxxxxTG                 GACC AAT GATG                 AGTACCATGGGGTAT
 6.2       4 ..      14   xxxxxxxxxxxxTGG                 AC CAATGAT GA                 GTACCATGGGGTATC
 2.5       5 ..      15   xxxxxxxxxxxTGGA                C-CA ATGA TGAG                 TACCATGGGGTATCT
 1.6       4 ..      16   xxxxxxxxxxxxTGG               AC-CA ATGA TGAGT                ACCATGGGGTATCTG
 5.1       3 ..      17   xxxxxxxxxxxxxTG              GAC-CA ATGA TGAGTA               CCATGGGGTATCTGA
 2.8       2 ..      18   xxxxxxxxxxxxxxT             GGAC-CA ATGA TGAGTAC              CATGGGGTATCTGAA
   3       2 ..      19   xxxxxxxxxxxxxxT            GG-AC-CA ATGA TGAGTACC             ATGGGGTATCTGAAA
 1.4       9 ..      20   xxxxxxxTGGACCAA                TGAT GAGT ACCA                 TGGGGTATCTGAAAC
-1.1      11 ..      21   xxxxxTGGACCAATG                 ATG AGTAC CAT                 GGGGTATCTGAAACA
 2.4      10 ..      22   xxxxxxTGGACCAAT                GATG AGTAC CATG                GGGTATCTGAAACAG
 1.7       6 ..      23   xxxxxxxxxxTGGAC             CAATGAT GAGT ACCATGG              GGTATCTGAAACAGG
-0.6       5 ..      24   xxxxxxxxxxxTGGA            CCAATGAT GAGT ACCATGGG             GTATCTGAAACAGGA
 2.9       4 ..      25   xxxxxxxxxxxxTGG           ACCAATGAT GAGT ACCATGGGG            TATCTGAAACAGGAT
 2.5      16 ..      26   TGGACCAATGATGAG                TACC ATGG GGT-                 ATCTGAAACAGGATT
-4.4      16 ..      27   TGGACCAATGATGAG                TACC ATGG GGTA                 TCTGAAACAGGATTT
-3.1      15 ..      28   xTGGACCAATGATGA               GTACC ATGG GGTAT                CTGAAACAGGATTTT
-1.6      13 ..      29   xxxTGGACCAATGAT             GAGTACC ATGG GGTA-TC              TGAAACAGGATTTTT
-1.6      14 ..      30   xxTGGACCAATGATG             AG-TACC ATGG GGTATCT              GAAACAGGATTTTTG
 1.9      13 ..      31   xxxTGGACCAATGAT            GAG-TACC ATGG GGTATCTG             AAACAGGATTTTTGA
   1      12 ..      32   xxxxTGGACCAATGA           TGAG-TACC ATGG GGTATCTGA            AACAGGATTTTTGAT
 4.5      11 ..      33   xxxxxTGGACCAATG          ATGAG-TACC ATGG GGTATCTGAA           ACAGGATTTTTGATT
   8      10 ..      34   xxxxxxTGGACCAAT         GATGAG-TACC ATGG GGTATCTGAAA          CAGGATTTTTGATTA
 0.4      25 ..      35   GATGAGTACCATGGG                 GTAT CTG AAAC                 AGGATTTTTGATTAA
 3.9      24 ..      36   TGATGAGTACCATGG                GGTAT CTG AAACA                GGATTTTTGATTAAA
 6.2      27 ..      37   TGAGTACCATGGGGT                 ATCT GAA ACAG                 GATTTTTGATTAAAC
-3.2      28 ..      38   GAGTACCATGGGGTA                 TCTG AAA CAGG                 ATTTTTGATTAAACC
 0.3      27 ..      39   TGAGTACCATGGGGT                ATCTG AAA CAGGA                TTTTTGATTAAACCC
-0.3      27 ..      40   TGAGTACCATGGGGT               AT-CTG AAA CAGGAT               TTTTGATTAAACCCA
 3.2      26 ..      41   ATGAGTACCATGGGG              TAT-CTG AAA CAGGATT              TTTGATTAAACCCAT
 0.3      32 ..      42   ACCATGGGGTATCTG                 AAA CAGGA TTT                 TTGATTAAACCCATA
 1.3      32 ..      43   ACCATGGGGTATCTG                AAA CAGGAT TTT                 TGATTAAACCCATAT
 0.9      32 ..      44   ACCATGGGGTATCTG                AAACA GGA TTTTT                GATTAAACCCATATG
 0.4      35 ..      45   ATGGGGTATCTGAAA                 CAGG ATT TTTG                 ATTAAACCCATATGC
 1.9      28 ..      46   GAGTACCATGGGGTA             TCTGAAA CAGGA TTTTTGA             TTAAACCCATATGCA
   1      27 ..      47   TGAGTACCATGGGGT            ATCTGAAA CAGGA TTTTTGAT            TAAACCCATATGCAA
 1.8      38 ..      48   GGGTATCTGAAACAG                 GATT TTT GATT                 AAACCCATATGCAAT
 5.3      37 ..      49   GGGGTATCTGAAACA                GGATT TTT GATTA                AACCCATATGCAATT
 3.2      40 ..      50   GTATCTGAAACAGGA                 TT TTTGATT AA                 ACCCATATGCAATTC
 0.3      41 ..      51   TATCTGAAACAGGAT                 TTT TGATT AAA                 CCCATATGCAATTCT
 2.8      41 ..      52   TATCTGAAACAGGAT                TTTT GATT AAAC                 CCATATGCAATTCTG
 2.1      37 ..      53   GGGGTATCTGAAACA              GGATT TTTGATT AAACC              CATATGCAATTCTGA
 0.2      37 ..      54   GGGGTATCTGAAACA             GGATTT TTGATT AAACCC              ATATGCAATTCTGAG
 2.8      44 ..      55   CTGAAACAGGATTTT                TG ATTAAACC CA                 TATGCAATTCTGAGG
 3.2      46 ..      56   GAAACAGGATTTTTG                 AT TAAACCC AT                 ATGCAATTCTGAGGT
 5.4      42 ..      57   ATCTGAAACAGGATT              TTTG ATTAAACC CATA               TGCAATTCTGAGGTC
 5.2      46 ..      58   GAAACAGGATTTTTG                AT TAAACCCAT AT                GCAATTCTGAGGTCC
   5      48 ..      59   AACAGGATTTTTGAT                TAAA CCCA TATG                 CAATTCTGAGGTCCA
 6.9      45 ..      60   TGAAACAGGATTTTT              GATTA AACCCA TATGC               AATTCTGAGGTCCAT
   6      44 ..      61   CTGAAACAGGATTTT             TGATTA AACCCA TATGCA              ATTCTGAGGTCCATx
 5.1      43 ..      62   TCTGAAACAGGATTT            TTGATTA AACCCA TATGCAA             TTCTGAGGTCCATxx
 7.3      46 ..      63   GAAACAGGATTTTTG             ATT AAACCCATATGC AAT              TCTGAGGTCCATxxx
 4.7      54 ..      64   ATTTTTGATTAAACC                 CAT ATGCA ATT                 CTGAGGTCCATxxxx
 6.2      55 ..      65   TTTTTGATTAAACCC                 ATAT GCA ATTC                 TGAGGTCCATxxxxx
 5.7      55 ..      66   TTTTTGATTAAACCC                ATA TGCAAT TCT                 GAGGTCCATxxxxxx
 3.4      54 ..      67   ATTTTTGATTAAACC               CATA TGCAAT TCTG                AGGTCCATxxxxxxx
 3.9      58 ..      68   TTGATTAAACCCATA                TGCA ATTC TG-A                 GGTCCATxxxxxxxx
 3.6      58 ..      69   TTGATTAAACCCATA                TGCA ATTC TGAG                 GTCCATxxxxxxxxx
 4.7      60 ..      70   GATTAAACCCATATG                 C AATTCTGAG G                 TCCATxxxxxxxxxx
 3.9      51 ..      71   AGGATTTTTGATTAA           ACC-CATA TGCAAT TCTGAGGT            CCATxxxxxxxxxxx
   7      62 ..      72   TTAAACCCATATGCA                 ATTC TGA GGTC                 CATxxxxxxxxxxxx
 5.2      59 ..      73   TGATTAAACCCATAT               GCAATT CTG AGGTCC               ATxxxxxxxxxxxxx
 4.3      58 ..      74   TTGATTAAACCCATA              TGCAATT CTG AGGTCCA              Txxxxxxxxxxxxxx
