>AL031584.2:c110885-110818 Human DNA sequence from clone RP5-1158E12 on chromosome Xp11.23-11.4, complete sequence FORWARD
 8.2       1 ..      11   xxxxxxxxxxxxxxx                GTA CTATGA TA-                 GTTGCATAGTTCAGC
 5.7       1 ..      12   xxxxxxxxxxxxxxx                GTA CTATGA TAG                 TTGCATAGTTCAGCA
  -4       3 ..      13   xxxxxxxxxxxxxGT                 ACTA TGA TAGT                 TGCATAGTTCAGCAG
-0.5       2 ..      14   xxxxxxxxxxxxxxG                TACTA TGA TAGTT                GCATAGTTCAGCAGA
   3       1 ..      15   xxxxxxxxxxxxxxx               GTACTA TGA TAGTTG               CATAGTTCAGCAGAT
   1       1 ..      16   xxxxxxxxxxxxxxx              GT-ACTA TGA TAGTTGC              ATAGTTCAGCAGATT
 1.8       7 ..      17   xxxxxxxxxGTACTA                 TG ATAGTTG CA                 TAGTTCAGCAGATTG
 0.9       6 ..      18   xxxxxxxxxxGTACT                ATG ATAGTTG CAT                AGTTCAGCAGATTGA
9.537e-08       5 ..      19   xxxxxxxxxxxGTAC               TATG ATAGTTG CATA               GTTCAGCAGATTGAA
-2.3       4 ..      20   xxxxxxxxxxxxGTA              CTATG ATAGTTG CATAG              TTCAGCAGATTGAAT
-3.2       3 ..      21   xxxxxxxxxxxxxGT             ACTATG ATAGTTG CATAGT             TCAGCAGATTGAATC
 0.3       2 ..      22   xxxxxxxxxxxxxxG            TACTATG ATAGTTG CATAGTT            CAGCAGATTGAATCA
  -2       1 ..      23   xxxxxxxxxxxxxxx           GTACTATG ATAGTTG CATAGTTC           AGCAGATTGAATCAT
 0.4      14 ..      24   xxGTACTATGATAGT                 TGCA TAG TTCA                 GCAGATTGAATCATC
 1.7      13 ..      25   xxxGTACTATGATAG                TTGCA TAG TTCAG                CAGATTGAATCATCA
-0.6      12 ..      26   xxxxGTACTATGATA               GTTGCA TAG TTCAGC               AGATTGAATCATCAA
 0.5      14 ..      27   xxGTACTATGATAGT               TGC ATAGTTCA GCA                GATTGAATCATCAAG
 1.8      13 ..      28   xxxGTACTATGATAG              TTGC ATAGTTCA GCAG               ATTGAATCATCAAGA
 5.3      12 ..      29   xxxxGTACTATGATA             GTTGC ATAGTTCA GCAGA              TTGAATCATCAAGAG
 4.4      11 ..      30   xxxxxGTACTATGAT            AGTTGC ATAGTTCA GCAGAT             TGAATCATCAAGAGA
 3.6      20 ..      31   TATGATAGTTGCATA                GTTC AGCA GATT                 GAATCATCAAGAGAT
 5.1      18 ..      32   ACTATGATAGTTGCA               TAGTT CAGCA GATTG               AATCATCAAGAGATT
-0.8      22 ..      33   TGATAGTTGCATAGT                TCAG CAGA TTGA                 ATCATCAAGAGATTT
-1.7      21 ..      34   ATGATAGTTGCATAG               TTCAG CAGA TTGAA                TCATCAAGAGATTTA
-0.4      20 ..      35   TATGATAGTTGCATA              GTTCAG CAGA TTGAAT               CATCAAGAGATTTAA
   2      20 ..      36   TATGATAGTTGCATA             G-TTCAG CAGA TTGAATC              ATCAAGAGATTTAAT
 0.4      27 ..      37   GTTGCATAGTTCAGC                 AGAT TGA ATCA                 TCAAGAGATTTAATA
 1.3      17 ..      38   TACTATGATAGTTGC           ATAGTTCAG CAGA TTGAATCAT            CAAGAGATTTAATAT
-0.1      28 ..      39   TTGCATAGTTCAGCA                GAT TGAATC ATC                 AAGAGATTTAATATT
 3.4      27 ..      40   GTTGCATAGTTCAGC               AGAT TGAATC ATCA                AGAGATTTAATATTT
  -3      30 ..      41   GCATAGTTCAGCAGA                TTGA ATCA TCAA                 GAGATTTAATATTTG
 0.5      29 ..      42   TGCATAGTTCAGCAG               ATTGA ATCA TCAAG                AGATTTAATATTTGT
   4      28 ..      43   TTGCATAGTTCAGCA              GATTGA ATCA TCAAGA               GATTTAATATTTGTC
 3.3      34 ..      44   AGTTCAGCAGATTGA                 ATC ATCAA GAG                 ATTTAATATTTGTCT
 1.8      35 ..      45   GTTCAGCAGATTGAA                 TC ATCAAGA GA                 TTTAATATTTGTCTG
 0.9      34 ..      46   AGTTCAGCAGATTGA                ATC ATCAAGA GAT                TTAATATTTGTCTGA
9.537e-08      33 ..      47   TAGTTCAGCAGATTG               AATC ATCAAGA GATT               TAATATTTGTCTGAT
 1.3      32 ..      48   ATAGTTCAGCAGATT              GAATC ATCAAGA GATTT              AATATTTGTCTGATG
 0.4      31 ..      49   CATAGTTCAGCAGAT             TGAATC ATCAAGA GATTTA             ATATTTGTCTGATGT
-0.5      30 ..      50   GCATAGTTCAGCAGA            TTGAATC ATCAAGA GATTTAA            TATTTGTCTGATGTA
-1.4      29 ..      51   TGCATAGTTCAGCAG           ATTGAATC ATCAAGA GATTTAAT           ATTTGTCTGATGTAT
 2.1      28 ..      52   TTGCATAGTTCAGCA          GATTGAATC ATCAAGA GATTTAATA          TTTGTCTGATGTATC
 1.2      27 ..      53   GTTGCATAGTTCAGC         AGATTGAATC ATCAAGA GATTTAATAT         TTGTCTGATGTATCT
 2.5      44 ..      54   ATTGAATCATCAAGA                 GAT TTAAT ATT                 TGTCTGATGTATCTx
 1.6      43 ..      55   GATTGAATCATCAAG                AGAT TTAAT ATTT                GTCTGATGTATCTxx
 3.7      39 ..      56   AGCAGATTGAATCAT             CAAGAGAT TTA ATAT-TTG             TCTGATGTATCTxxx
   4      47 ..      57   GAATCATCAAGAGAT                 TTAA TAT TTGT                 CTGATGTATCTxxxx
 5.1      44 ..      58   ATTGAATCATCAAGA               GAT TTAATATTT GTC               TGATGTATCTxxxxx
 4.2      43 ..      59   GATTGAATCATCAAG              AGAT TTAATATTT GTCT              GATGTATCTxxxxxx
   7      39 ..      60   AGCAGATTGAATCAT           CA-AGAGAT TTAAT ATTTGTCTG           ATGTATCTxxxxxxx
 6.1      38 ..      61   CAGCAGATTGAATCA          TCA-AGAGAT TTAAT ATTTGTCTGA          TGTATCTxxxxxxxx
 2.5      52 ..      62   ATCAAGAGATTTAAT                 ATT TGTCT GAT                 GTATCTxxxxxxxxx
 2.9      36 ..      63   TTCAGCAGATTGAAT        CATCA-AGAGAT TTAAT ATTTGTCTGATG        TATCTxxxxxxxxxx
 2.9      50 ..      64   TCATCAAGAGATTTA               ATATT TGTCT GATGT               ATCTxxxxxxxxxxx
 4.7      55 ..      65   AAGAGATTTAATATT                 TGT CTGAT GTA                 TCTxxxxxxxxxxxx
 4.2      50 ..      66   TCATCAAGAGATTTA              ATATTT GTCTG ATGTAT              CTxxxxxxxxxxxxx
 5.7      56 ..      67   AGAGATTTAATATTT                G TCTGATGTAT C                 Txxxxxxxxxxxxxx
