>AC016710.7:58672-58803 Homo sapiens BAC clone RP11-241E11 from 2, complete sequence FORWARD
None       1 ..      11   xxxxxxxxxxxxxxx                  CTGTGAATATT                  CTCTGTGTTCTGATT
None       2 ..      12   xxxxxxxxxxxxxxC                  TGTGAATATTC                  TCTGTGTTCTGATTA
 6.1       3 ..      13   xxxxxxxxxxxxxCT                GTGA ATAT TC-T                 CTGTGTTCTGATTAT
1.907e-07       3 ..      14   xxxxxxxxxxxxxCT                GTGA ATAT TCTC                 TGTGTTCTGATTATG
 3.5       2 ..      15   xxxxxxxxxxxxxxC               TGTGA ATAT TCTCT                GTGTTCTGATTATGT
 1.2       1 ..      16   xxxxxxxxxxxxxxx              CTGTGA ATAT TCTCTG               TGTTCTGATTATGTG
 2.5       7 ..      17   xxxxxxxxxCTGTGA                 ATA TTCTC TGT                 GTTCTGATTATGTGA
 4.7       8 ..      18   xxxxxxxxCTGTGAA                 TAT TCTCT GTG                 TTCTGATTATGTGAG
 2.6       9 ..      19   xxxxxxxCTGTGAAT                 ATTC TCT GTGT                 TCTGATTATGTGAGA
 2.9       6 ..      20   xxxxxxxxxxCTGTG               AATAT TCTCT GTGTT               CTGATTATGTGAGAG
 0.6       5 ..      21   xxxxxxxxxxxCTGT              GAATAT TCTCT GTGTTC              TGATTATGTGAGAGC
 4.1       4 ..      22   xxxxxxxxxxxxCTG             TGAATAT TCTCT GTGTTCT             GATTATGTGAGAGCC
 5.7      12 ..      23   xxxxCTGTGAATATT                C TCTGTGTTCT G                 ATTATGTGAGAGCCA
3.576e-08      13 ..      24   xxxCTGTGAATATTC                TCTG TGTT CTGA                 TTATGTGAGAGCCAG
 3.5      12 ..      25   xxxxCTGTGAATATT               CTCTG TGTT CTGAT                TATGTGAGAGCCAGG
   7      11 ..      26   xxxxxCTGTGAATAT              TCTCTG TGTT CTGATT               ATGTGAGAGCCAGGA
   4      17 ..      27   TGTGAATATTCTCTG                 TGTT CTG ATTA                 TGTGAGAGCCAGGAC
 5.2       9 ..      28   xxxxxxxCTGTGAAT            ATTCTCTG TGTT CTGATTAT             GTGAGAGCCAGGACA
 6.5       8 ..      29   xxxxxxxxCTGTGAA           TATTCTCTG TGTT CTGATTATG            TGAGAGCCAGGACAG
 5.6       7 ..      30   xxxxxxxxxCTGTGA          ATATTCTCTG TGTT CTGATTATGT           GAGAGCCAGGACAGG
 4.7      21 ..      31   AATATTCTCTGTGTT                 C TGATTATGT G                 AGAGCCAGGACAGGC
 3.8      20 ..      32   GAATATTCTCTGTGT                TC TGATTATGT GA                GAGCCAGGACAGGCT
 1.7      21 ..      33   AATATTCTCTGTGTT                CTGAT TAT GTGAG                AGCCAGGACAGGCTA
 0.8      20 ..      34   GAATATTCTCTGTGT               TCTGAT TAT GTGAGA               GCCAGGACAGGCTAA
 2.1      19 ..      35   TGAATATTCTCTGTG              TTCTGAT TAT GTGAGAG              CCAGGACAGGCTAAA
-0.2      18 ..      36   GTGAATATTCTCTGT             GTTCTGAT TAT GTGAGAGC             CAGGACAGGCTAAAC
 3.3      17 ..      37   TGTGAATATTCTCTG            TGTTCTGAT TAT GTGAGAGCC            AGGACAGGCTAAACA
 1.8      28 ..      38   TCTGTGTTCTGATTA                 TG TGAGAGC CA                 GGACAGGCTAAACAT
 0.3      14 ..      39   xxCTGTGAATATTCT         CTGTGTTCTGAT TAT GTGAGAGC-CAG         GACAGGCTAAACATT
 1.6      13 ..      40   xxxCTGTGAATATTC        TCTGTGTTCTGAT TAT GTGAGAGC-CAGG        ACAGGCTAAACATTT
 2.4      19 ..      41   TGAATATTCTCTGTG           TTCTGATTAT GTG AGAGCCAGGA           CAGGCTAAACATTTG
 0.1      18 ..      42   GTGAATATTCTCTGT          GTTCTGATTAT GTG AGAGCCAGGAC          AGGCTAAACATTTGC
-0.8      17 ..      43   TGTGAATATTCTCTG         TGTTCTGATTAT GTG AGAGCCAGGACA         GGCTAAACATTTGCT
 2.7      16 ..      44   CTGTGAATATTCTCT        GTGTTCTGATTAT GTG AGAGCCAGGACAG        GCTAAACATTTGCTA
   4      15 ..      45   xCTGTGAATATTCTC       TGTGTTCTGATTAT GTG AGAGCCAGGACAGG       CTAAACATTTGCTAC
-2.9      35 ..      46   TCTGATTATGTGAGA                GCC AGGACA GGC                 TAAACATTTGCTACA
-3.8      34 ..      47   TTCTGATTATGTGAG               AGCC AGGACA GGCT                AAACATTTGCTACAT
-0.3      33 ..      48   GTTCTGATTATGTGA              GAGCC AGGACA GGCTA               AACATTTGCTACATT
 3.2      32 ..      49   TGTTCTGATTATGTG             AGAGCC AGGACA GGCTAA              ACATTTGCTACATTA
 6.7      31 ..      50   GTGTTCTGATTATGT            GAGAGCC AGGACA GGCTAAA             CATTTGCTACATTAA
 5.7      40 ..      51   TTATGTGAGAGCCAG                G ACAGGCTAAA C                 ATTTGCTACATTAAG
 5.1      28 ..      52   TCTGTGTTCTGATTA         TGTGAGAGCC AGGACA GGCTAA-ACA          TTTGCTACATTAAGA
 3.3      43 ..      53   TGTGAGAGCCAGGAC                 AGG CTAAA CAT                 TTGCTACATTAAGAC
 6.4      43 ..      54   TGTGAGAGCCAGGAC                AG GCTAAACA TT                 TGCTACATTAAGACC
 5.9      41 ..      55   TATGTGAGAGCCAGG               ACAGG CTAAA CATTT               GCTACATTAAGACCA
 0.4      46 ..      56   GAGAGCCAGGACAGG                 CTAA ACA TTTG                 CTACATTAAGACCAT
-1.9      45 ..      57   TGAGAGCCAGGACAG                GCTAA ACA TTTGC                TACATTAAGACCATG
-0.6      44 ..      58   GTGAGAGCCAGGACA               GGCTAA ACA TTTGCT               ACATTAAGACCATGC
 2.9      43 ..      59   TGTGAGAGCCAGGAC              AGGCTAA ACA TTTGCTA              CATTAAGACCATGCA
 6.4      42 ..      60   ATGTGAGAGCCAGGA             CAGGCTAA ACA TTTGCTAC             ATTAAGACCATGCAT
None      51 ..      61   CCAGGACAGGCTAAA                  CATTTGCTACA                  TTAAGACCATGCATG
 1.8      52 ..      62   CAGGACAGGCTAAAC                 ATTT GCT ACAT                 TAAGACCATGCATGT
 4.8      53 ..      63   AGGACAGGCTAAACA                 TTTG CTA CATT                 AAGACCATGCATGTG
 6.1      54 ..      64   GGACAGGCTAAACAT                 T TGCTACATT A                 AGACCATGCATGTGT
 3.5      54 ..      65   GGACAGGCTAAACAT                TTG CTACAT TAA                 GACCATGCATGTGTA
 4.8      53 ..      66   AGGACAGGCTAAACA               TTTG CTACAT TAAG                ACCATGCATGTGTAC
 4.3      56 ..      67   ACAGGCTAAACATTT                GCT ACATTA AGA                 CCATGCATGTGTACC
 4.5      56 ..      68   ACAGGCTAAACATTT               G-CT ACATTA AGAC                CATGCATGTGTACCC
 6.3      56 ..      69   ACAGGCTAAACATTT               GCT ACATTAAG ACC                ATGCATGTGTACCCA
 5.4      55 ..      70   GACAGGCTAAACATT              TGCT ACATTAAG ACCA               TGCATGTGTACCCAG
 3.2      61 ..      71   CTAAACATTTGCTAC                 AT TAAGACC AT                 GCATGTGTACCCAGA
 0.9      60 ..      72   GCTAAACATTTGCTA                CAT TAAGACC ATG                CATGTGTACCCAGAT
 4.4      59 ..      73   GGCTAAACATTTGCT               ACAT TAAGACC ATGC               ATGTGTACCCAGATG
 3.5      58 ..      74   AGGCTAAACATTTGC              TACAT TAAGACC ATGCA              TGTGTACCCAGATGT
 4.3      64 ..      75   AACATTTGCTACATT                AAG ACCATG CAT                 GTGTACCCAGATGTA
 4.9      60 ..      76   GCTAAACATTTGCTA              CAT TAAGACCATGC ATG              TGTACCCAGATGTAG
 1.8      67 ..      77   ATTTGCTACATTAAG                 AC CATGCAT GT                 GTACCCAGATGTAGC
 2.5      68 ..      78   TTTGCTACATTAAGA                C-CA TGCA TGTG                 TACCCAGATGTAGCC
 1.6      67 ..      79   ATTTGCTACATTAAG               AC-CA TGCA TGTGT                ACCCAGATGTAGCCC
 5.1      66 ..      80   CATTTGCTACATTAA              GAC-CA TGCA TGTGTA               CCCAGATGTAGCCCA
 3.6      70 ..      81   TGCTACATTAAGACC                ATGC ATGT GTAC                 CCAGATGTAGCCCAT
 4.7      72 ..      82   CTACATTAAGACCAT                 G CATGTGTAC C                 CAGATGTAGCCCATT
 5.7      72 ..      83   CTACATTAAGACCAT                G CATGTGTACC C                 AGATGTAGCCCATTC
 4.8      71 ..      84   GCTACATTAAGACCA               TG CATGTGTACC CA                GATGTAGCCCATTCC
 4.3      74 ..      85   ACATTAAGACCATGC                ATG TGTACC CAG                 ATGTAGCCCATTCCC
 1.4      75 ..      86   CATTAAGACCATGCA                TGTG TACC CAGA                 TGTAGCCCATTCCCT
 0.5      74 ..      87   ACATTAAGACCATGC               ATGTG TACC CAGAT                GTAGCCCATTCCCTA
-1.8      73 ..      88   TACATTAAGACCATG              CATGTG TACC CAGATG               TAGCCCATTCCCTAG
-0.5      72 ..      89   CTACATTAAGACCAT             GCATGTG TACC CAGATGT              AGCCCATTCCCTAGC
-1.4      71 ..      90   GCTACATTAAGACCA            TGCATGTG TACC CAGATGTA             GCCCATTCCCTAGCT
 2.1      70 ..      91   TGCTACATTAAGACC           ATGCATGTG TACC CAGATGTAG            CCCATTCCCTAGCTC
 3.6      78 ..      92   TAAGACCATGCATGT              G-TAC CCAGAT GTAGC               CCATTCCCTAGCTCT
 4.6      76 ..      93   ATTAAGACCATGCAT             GTGTAC CCAGAT GTAGCC              CATTCCCTAGCTCTG
 4.8      76 ..      94   ATTAAGACCATGCAT            GTG-TAC CCAGAT GTAGCCC             ATTCCCTAGCTCTGG
 3.9      75 ..      95   CATTAAGACCATGCA           TGTG-TAC CCAGAT GTAGCCCA            TTCCCTAGCTCTGGT
-1.1      86 ..      96   TGCATGTGTACCCAG                 ATG TAGCC CAT                 TCCCTAGCTCTGGTC
 0.2      85 ..      97   ATGCATGTGTACCCA                GATG TAGCC CATT                CCCTAGCTCTGGTCT
 2.6      85 ..      98   ATGCATGTGTACCCA               G-ATG TAGCC CATTC               CCTAGCTCTGGTCTT
 3.6      88 ..      99   CATGTGTACCCAGAT                GTAG CCCA TTCC                 CTAGCTCTGGTCTTA
 6.2      90 ..     100   TGTGTACCCAGATGT                 AG CCCATTC CC                 TAGCTCTGGTCTTAT
 2.8      90 ..     101   TGTGTACCCAGATGT                AG CCCATTCC CT                 AGCTCTGGTCTTATA
 1.9      89 ..     102   ATGTGTACCCAGATG               TAG CCCATTCC CTA                GCTCTGGTCTTATAA
 3.3      93 ..     103   GTACCCAGATGTAGC                 CCA TTCCC TAG                 CTCTGGTCTTATAAA
 3.4      91 ..     104   GTGTACCCAGATGTA               GC CCATTCCCTA GC                TCTGGTCTTATAAAT
 2.5      90 ..     105   TGTGTACCCAGATGT              AGC CCATTCCCTA GCT               CTGGTCTTATAAATG
 5.7      85 ..     106   ATGCATGTGTACCCA           GATGTAG CCCATTCC CTAGCTC            TGGTCTTATAAATGC
 4.8      84 ..     107   CATGCATGTGTACCC          AGATGTAG CCCATTCC CTAGCTCT           GGTCTTATAAATGCT
 2.5      83 ..     108   CCATGCATGTGTACC         CAGATGTAG CCCATTCC CTAGCTCTG          GTCTTATAAATGCTG
 0.2      82 ..     109   ACCATGCATGTGTAC        CCAGATGTAG CCCATTCC CTAGCTCTGG         TCTTATAAATGCTGG
 3.6      99 ..     110   AGATGTAGCCCATTC                CCTA GCTC TGGT                 CTTATAAATGCTGGT
 4.7      91 ..     111   GTGTACCCAGATGTA            GCCCA TTCCCTAGCTC TGGTC            TTATAAATGCTGGTG
 1.8     102 ..     112   TGTAGCCCATTCCCT                 AG CTCTGGT CT                 TATAAATGCTGGTGA
 5.3     101 ..     113   ATGTAGCCCATTCCC                TAG CTCTGGT CTT                ATAAATGCTGGTGAT
 5.5     101 ..     114   ATGTAGCCCATTCCC               TAG CTCTGGTC TTA                TAAATGCTGGTGATA
 8.6     104 ..     115   TAGCCCATTCCCTAG                CT CTGGTCTT AT                 AAATGCTGGTGATAA
   5     105 ..     116   AGCCCATTCCCTAGC                TCTG GTCT TATA                 AATGCTGGTGATAAA
   4     107 ..     117   CCCATTCCCTAGCTC                 TGGT CTT ATAA                 ATGCTGGTGATAAAC
   7     105 ..     118   AGCCCATTCCCTAGC               TCTG GTCTTA TAAA                TGCTGGTGATAAACx
   4     109 ..     119   CATTCCCTAGCTCTG                 GTCT TAT AAAT                 GCTGGTGATAAACxx
   4     110 ..     120   ATTCCCTAGCTCTGG                 TCTT ATA AATG                 CTGGTGATAAACxxx
 1.7     109 ..     121   CATTCCCTAGCTCTG                GTCTT ATA AATGC                TGGTGATAAACxxxx
   3     108 ..     122   CCATTCCCTAGCTCT               GGTCTT ATA AATGCT               GGTGATAAACxxxxx
 4.3     107 ..     123   CCCATTCCCTAGCTC              TGGTCTT ATA AATGCTG              GTGATAAACxxxxxx
   2     106 ..     124   GCCCATTCCCTAGCT             CTGGTCTT ATA AATGCTGG             TGATAAACxxxxxxx
   5     114 ..     125   CCTAGCTCTGGTCTT                ATAA ATGC TGGT                 GATAAACxxxxxxxx
 3.2     104 ..     126   TAGCCCATTCCCTAG           CTCTGGTCTT ATA AATGCTGGTG           ATAAACxxxxxxxxx
 4.8      97 ..     127   CCAGATGTAGCCCAT       TCCCTAGCTCTGGT CTT ATAAATGCTGGTGA       TAAACxxxxxxxxxx
 3.2     118 ..     128   GCTCTGGTCTTATAA                 AT GCTGGTG AT                 AAACxxxxxxxxxxx
 4.9     101 ..     129   ATGTAGCCCATTCCC        TAGCTCTGGTCTT ATA AATGCTGGTGATA        AACxxxxxxxxxxxx
   4     112 ..     130   TCCCTAGCTCTGGTC             TTATAA ATGCTGG TGATAA             ACxxxxxxxxxxxxx
 7.5     111 ..     131   TTCCCTAGCTCTGGT            CTTATAA ATGCTGG TGATAAA            Cxxxxxxxxxxxxxx
