>AC109169.13:56788-56927 Mus musculus chromosome 6, clone RP23-5D6, complete sequence FORWARD
 6.9       1 ..      11   xxxxxxxxxxxxxxx                GACC TCTT GGG-                 ATCGCGTCTGGAGAG
 1.2       2 ..      12   xxxxxxxxxxxxxxG                 ACCT CTT GGGA                 TCGCGTCTGGAGAGT
 2.5       1 ..      13   xxxxxxxxxxxxxxx                GACCT CTT GGGAT                CGCGTCTGGAGAGTA
 0.5       1 ..      14   xxxxxxxxxxxxxxx               GA-CCT CTT GGGATC               GCGTCTGGAGAGTAG
 5.7       4 ..      15   xxxxxxxxxxxxGAC                C TCTTGGGATC G                 CGTCTGGAGAGTAGC
   7       1 ..      16   xxxxxxxxxxxxxxx              GACCTC TTGG GATCGC               GTCTGGAGAGTAGCT
 2.2       6 ..      17   xxxxxxxxxxGACCT                CTTG GGAT CGCG                 TCTGGAGAGTAGCTA
 5.7       5 ..      18   xxxxxxxxxxxGACC               TCTTG GGAT CGCGT                CTGGAGAGTAGCTAG
   4       9 ..      19   xxxxxxxGACCTCTT                 GG GATCGCG TC                 TGGAGAGTAGCTAGT
 0.4      10 ..      20   xxxxxxGACCTCTTG                 GGAT CGC GTCT                 GGAGAGTAGCTAGTA
 3.9       9 ..      21   xxxxxxxGACCTCTT                GGGAT CGC GTCTG                GAGAGTAGCTAGTAT
 5.2       8 ..      22   xxxxxxxxGACCTCT               TGGGAT CGC GTCTGG               AGAGTAGCTAGTATT
 1.8      13 ..      23   xxxGACCTCTTGGGA                 TC GCGTCTG GA                 GAGTAGCTAGTATTC
 1.9      14 ..      24   xxGACCTCTTGGGAT                 CGC GTCTG GAG                 AGTAGCTAGTATTCT
   1      13 ..      25   xxxGACCTCTTGGGA                TCGC GTCTG GAGA                GTAGCTAGTATTCTT
-1.2       4 ..      26   xxxxxxxxxxxxGAC           CTCTTGGGAT CGC GTCTGGAGAG           TAGCTAGTATTCTTC
 2.3       3 ..      27   xxxxxxxxxxxxxGA          CCTCTTGGGAT CGC GTCTGGAGAGT          AGCTAGTATTCTTCC
 3.9      18 ..      28   CCTCTTGGGATCGCG                T-CT GGAG AGTA                 GCTAGTATTCTTCCA
 1.1      19 ..      29   CTCTTGGGATCGCGT                 CTG GAGAG TAG                 CTAGTATTCTTCCAG
 1.2      15 ..      30   xGACCTCTTGGGATC              GCGTCT GGAG AGTAGC               TAGTATTCTTCCAGC
   4      21 ..      31   CTTGGGATCGCGTCT                 GG AGAGTAG CT                 AGTATTCTTCCAGCT
 3.1      20 ..      32   TCTTGGGATCGCGTC                TGG AGAGTAG CTA                GTATTCTTCCAGCTT
 0.8      19 ..      33   CTCTTGGGATCGCGT               CTGG AGAGTAG CTAG               TATTCTTCCAGCTTC
 4.3      18 ..      34   CCTCTTGGGATCGCG              TCTGG AGAGTAG CTAGT              ATTCTTCCAGCTTCG
 5.9      18 ..      35   CCTCTTGGGATCGCG             T-CTGG AGAGTAG CTAGTA             TTCTTCCAGCTTCGG
 2.5      26 ..      36   GATCGCGTCTGGAGA                 GTA GCTAG TAT                 TCTTCCAGCTTCGGA
 1.6      25 ..      37   GGATCGCGTCTGGAG                AGTA GCTAG TATT                CTTCCAGCTTCGGAA
-0.7      24 ..      38   GGGATCGCGTCTGGA               GAGTA GCTAG TATTC               TTCCAGCTTCGGAAG
-1.6      23 ..      39   TGGGATCGCGTCTGG              AGAGTA GCTAG TATTCT              TCCAGCTTCGGAAGC
-0.3      22 ..      40   TTGGGATCGCGTCTG             GAGAGTA GCTAG TATTCTT             CCAGCTTCGGAAGCA
-2.6      21 ..      41   CTTGGGATCGCGTCT            GGAGAGTA GCTAG TATTCTTC            CAGCTTCGGAAGCAA
-0.2      21 ..      42   CTTGGGATCGCGTCT           GG-AGAGTA GCTAG TATTCTTCC           AGCTTCGGAAGCAAG
-1.1      20 ..      43   TCTTGGGATCGCGTC          TGG-AGAGTA GCTAG TATTCTTCCA          GCTTCGGAAGCAAGA
-3.4      19 ..      44   CTCTTGGGATCGCGT         CTGG-AGAGTA GCTAG TATTCTTCCAG         CTTCGGAAGCAAGAG
-0.7      29 ..      45   CGCGTCTGGAGAGTA              GCTAGTA TTC TTCCAGC              TTCGGAAGCAAGAGG
-1.6      28 ..      46   TCGCGTCTGGAGAGT             AGCTAGTA TTC TTCCAGCT             TCGGAAGCAAGAGGG
 1.9      27 ..      47   ATCGCGTCTGGAGAG            TAGCTAGTA TTC TTCCAGCTT            CGGAAGCAAGAGGGA
-0.4      26 ..      48   GATCGCGTCTGGAGA           GTAGCTAGTA TTC TTCCAGCTTC           GGAAGCAAGAGGGAG
 0.3      14 ..      49   xxGACCTCTTGGGAT    CGCGTCTGG-AGAGTA GCTAG TATTCTTCCAGCTTCG    GAAGCAAGAGGGAGA
 1.6      13 ..      50   xxxGACCTCTTGGGA   TCGCGTCTGG-AGAGTA GCTAG TATTCTTCCAGCTTCGG   AAGCAAGAGGGAGAG
-1.5      40 ..      51   AGTAGCTAGTATTCT                TCC AGCTTC GGA                 AGCAAGAGGGAGAGC
-2.4      39 ..      52   GAGTAGCTAGTATTC               TTCC AGCTTC GGAA                GCAAGAGGGAGAGCA
-4.7      38 ..      53   AGAGTAGCTAGTATT              CTTCC AGCTTC GGAAG               CAAGAGGGAGAGCAA
-5.4      44 ..      54   GCTAGTATTCTTCCA                 GCTT CGG AAGC                 AAGAGGGAGAGCAAG
-2.1      36 ..      55   GGAGAGTAGCTAGTA            TTCTTCC AGCTTC GGAAGCA             AGAGGGAGAGCAAGC
-0.5      36 ..      56   GGAGAGTAGCTAGTA           TT-CTTCC AGCTTC GGAAGCAA            GAGGGAGAGCAAGCC
-0.7      41 ..      57   GTAGCTAGTATTCTT              CCAGCTT CGG AAGCAAG              AGGGAGAGCAAGCCT
-1.6      40 ..      58   AGTAGCTAGTATTCT             TCCAGCTT CGG AAGCAAGA             GGGAGAGCAAGCCTA
-0.3      39 ..      59   GAGTAGCTAGTATTC            TTCCAGCTT CGG AAGCAAGAG            GGAGAGCAAGCCTAG
-2.6      38 ..      60   AGAGTAGCTAGTATT           CTTCCAGCTT CGG AAGCAAGAGG           GAGAGCAAGCCTAGC
-1.3      37 ..      61   GAGAGTAGCTAGTAT          TCTTCCAGCTT CGG AAGCAAGAGGG          AGAGCAAGCCTAGCA
-2.2      36 ..      62   GGAGAGTAGCTAGTA         TTCTTCCAGCTT CGG AAGCAAGAGGGA         GAGCAAGCCTAGCAG
 1.3      35 ..      63   TGGAGAGTAGCTAGT        ATTCTTCCAGCTT CGG AAGCAAGAGGGAG        AGCAAGCCTAGCAGA
 0.4      34 ..      64   CTGGAGAGTAGCTAG       TATTCTTCCAGCTT CGG AAGCAAGAGGGAGA       GCAAGCCTAGCAGAG
 3.9      33 ..      65   TCTGGAGAGTAGCTA      GTATTCTTCCAGCTT CGG AAGCAAGAGGGAGAG      CAAGCCTAGCAGAGG
 3.4      53 ..      66   CTTCCAGCTTCGGAA               GC AAGAGGGAGA GC                AAGCCTAGCAGAGGT
 6.5      31 ..      67   CGTCTGGAGAGTAGC    TAGTATTCTTCCAGCTT CGG AAGCAAGAGGGAGAGCA    AGCCTAGCAGAGGTA
 6.7      31 ..      68   CGTCTGGAGAGTAGC   TAG-TATTCTTCCAGCTT CGG AAGCAAGAGGGAGAGCAA   GCCTAGCAGAGGTAC
 4.4      30 ..      69   GCGTCTGGAGAGTAG  CTAG-TATTCTTCCAGCTT CGG AAGCAAGAGGGAGAGCAAG  CCTAGCAGAGGTACC
 2.1      29 ..      70   CGCGTCTGGAGAGTA GCTAG-TATTCTTCCAGCTT CGG AAGCAAGAGGGAGAGCAAGC CTAGCAGAGGTACCC
 1.4      60 ..      71   CTTCGGAAGCAAGAG                GG AGAGCAAG CC                 TAGCAGAGGTACCCA
 1.5      58 ..      72   AGCTTCGGAAGCAAG               AGG GAGAGCAAG CCT               AGCAGAGGTACCCAT
 3.3      63 ..      73   CGGAAGCAAGAGGGA                 GAG CAAGC CTA                 GCAGAGGTACCCATT
 6.8      62 ..      74   TCGGAAGCAAGAGGG                AGAG CAAGC CTAG                CAGAGGTACCCATTC
  -1      65 ..      75   GAAGCAAGAGGGAGA                 GCAA GCC TAGC                 AGAGGTACCCATTCC
 2.5      64 ..      76   GGAAGCAAGAGGGAG                AGCAA GCC TAGCA                GAGGTACCCATTCCA
 3.4      67 ..      77   AGCAAGAGGGAGAGC                 AAGC CTA GCAG                 AGGTACCCATTCCAT
 6.9      66 ..      78   AAGCAAGAGGGAGAG                CAAGC CTA GCAGA                GGTACCCATTCCATT
 4.8      69 ..      79   CAAGAGGGAGAGCAA                 GCCT AGC AGAG                 GTACCCATTCCATTC
-2.5      70 ..      80   AAGAGGGAGAGCAAG                 CCT AGCAG AGG                 TACCCATTCCATTCC
-1.2      69 ..      81   CAAGAGGGAGAGCAA                GCCT AGCAG AGGT                ACCCATTCCATTCCC
 0.4      72 ..      82   GAGGGAGAGCAAGCC                 TAGC AGA GGTA                 CCCATTCCATTCCCA
 3.9      71 ..      83   AGAGGGAGAGCAAGC                CTAGC AGA GGTAC                CCATTCCATTCCCAG
 4.7      74 ..      84   GGGAGAGCAAGCCTA                 G CAGAGGTAC C                 CATTCCATTCCCAGT
 5.1      69 ..      85   CAAGAGGGAGAGCAA              GCCTAGC AGA GGTACCC              ATTCCATTCCCAGTT
 3.4      76 ..      86   GAGAGCAAGCCTAGC                 AGAG GTA CCCA                 TTCCATTCCCAGTTT
 1.2      77 ..      87   AGAGCAAGCCTAGCA                 GAGG TAC CCAT                 TCCATTCCCAGTTTG
 0.3      76 ..      88   GAGAGCAAGCCTAGC                AGAGG TAC CCATT                CCATTCCCAGTTTGC
 3.1      77 ..      89   AGAGCAAGCCTAGCA                GAG GTACCCA TTC                CATTCCCAGTTTGCT
-4.768e-08      79 ..      90   AGCAAGCCTAGCAGA                GGTA CCCA TTCC                 ATTCCCAGTTTGCTC
 3.5      78 ..      91   GAGCAAGCCTAGCAG               AGGTA CCCA TTCCA                TTCCCAGTTTGCTCG
 4.8      77 ..      92   AGAGCAAGCCTAGCA              GAGGTA CCCA TTCCAT               TCCCAGTTTGCTCGG
 3.9      76 ..      93   GAGAGCAAGCCTAGC             AGAGGTA CCCA TTCCATT              CCCAGTTTGCTCGGT
 6.2      84 ..      94   GCCTAGCAGAGGTAC                 CCAT TCC ATTC                 CCAGTTTGCTCGGTA
   5      79 ..      95   AGCAAGCCTAGCAGA              GGTA CCCATTCCA TTCC              CAGTTTGCTCGGTAG
   6      79 ..      96   AGCAAGCCTAGCAGA             GGTA CCCATTCCAT TCCC              AGTTTGCTCGGTAGC
 6.1      87 ..      97   TAGCAGAGGTACCCA                 T TCCATTCCC A                 GTTTGCTCGGTAGCT
 5.4      71 ..      98   AGAGGGAGAGCAAGC        CTAGCAGAGGTA CCCA TTCCATTCCCAG         TTTGCTCGGTAGCTG
 5.5      86 ..      99   CTAGCAGAGGTACCC               ATT CCATTCCC AGT                TTGCTCGGTAGCTGG
   4      90 ..     100   CAGAGGTACCCATTC                 CATT CCC AGTT                 TGCTCGGTAGCTGGT
 4.8      91 ..     101   AGAGGTACCCATTCC                 ATTC CCA GTTT                 GCTCGGTAGCTGGTG
 2.5      90 ..     102   CAGAGGTACCCATTC                CATTC CCA GTTTG                CTCGGTAGCTGGTGA
   6      89 ..     103   GCAGAGGTACCCATT               CCATTC CCA GTTTGC               TCGGTAGCTGGTGAT
 4.8      94 ..     104   GGTACCCATTCCATT                 CCCA GTT TGCT                 CGGTAGCTGGTGATT
 3.1      63 ..     105   CGGAAGCAAGAGGGA GAGCAAGCCTAGCAGAGGTA CCCA TTCCATTCCCAG-TTTGCTC GGTAGCTGGTGATTG
-4.768e-08      95 ..     106   GTACCCATTCCATTC                CCAG TTTG CTCG                 GTAGCTGGTGATTGG
-2.3      94 ..     107   GGTACCCATTCCATT               CCCAG TTTG CTCGG                TAGCTGGTGATTGGA
 1.2      93 ..     108   AGGTACCCATTCCAT              TCCCAG TTTG CTCGGT               AGCTGGTGATTGGAA
 0.3      92 ..     109   GAGGTACCCATTCCA             TTCCCAG TTTG CTCGGTA              GCTGGTGATTGGAAG
 0.4     100 ..     110   CATTCCATTCCCAGT                 TTGC TCG GTAG                 CTGGTGATTGGAAGA
 2.5     101 ..     111   ATTCCATTCCCAGTT                TGCT CGGT AGC-                 TGGTGATTGGAAGAC
   0     101 ..     112   ATTCCATTCCCAGTT                TGCT CGGT AGCT                 GGTGATTGGAAGACA
 0.9      96 ..     113   TACCCATTCCATTCC             CAGTTTGC TCG GTAG-CTG             GTGATTGGAAGACAC
-1.4      95 ..     114   GTACCCATTCCATTC            CCAGTTTGC TCG GTAG-CTGG            TGATTGGAAGACACT
 2.1      94 ..     115   GGTACCCATTCCATT           CCCAGTTTGC TCG GTAG-CTGGT           GATTGGAAGACACTC
 2.3      94 ..     116   GGTACCCATTCCATT          C-CCAGTTTGC TCG GTAG-CTGGTG          ATTGGAAGACACTCT
 1.4      93 ..     117   AGGTACCCATTCCAT         TC-CCAGTTTGC TCG GTAG-CTGGTGA         TTGGAAGACACTCTG
 1.6      91 ..     118   AGAGGTACCCATTCC        ATTCCCAGTTTGC TCG GTAG-CTGGTGAT        TGGAAGACACTCTGC
   4      91 ..     119   AGAGGTACCCATTCC       ATTC-CCAGTTTGC TCG GTAG-CTGGTGATT       GGAAGACACTCTGCA
 1.7      90 ..     120   CAGAGGTACCCATTC      CATTC-CCAGTTTGC TCG GTAG-CTGGTGATTG      GAAGACACTCTGCAA
-0.6      89 ..     121   GCAGAGGTACCCATT     CCATTC-CCAGTTTGC TCG GTAG-CTGGTGATTGG     AAGACACTCTGCAAC
-1.5      88 ..     122   AGCAGAGGTACCCAT    TCCATTC-CCAGTTTGC TCG GTAG-CTGGTGATTGGA    AGACACTCTGCAACA
-2.4      87 ..     123   TAGCAGAGGTACCCA   TTCCATTC-CCAGTTTGC TCG GTAG-CTGGTGATTGGAA   GACACTCTGCAACAT
 1.1      86 ..     124   CTAGCAGAGGTACCC  ATTCCATTC-CCAGTTTGC TCG GTAG-CTGGTGATTGGAAG  ACACTCTGCAACATT
 4.6      85 ..     125   CCTAGCAGAGGTACC CATTCCATTC-CCAGTTTGC TCG GTAG-CTGGTGATTGGAAGA CACTCTGCAACATTA
 2.6     116 ..     126   TGCTCGGTAGCTGGT                 GATT GGA AGAC                 ACTCTGCAACATTAx
 1.7     115 ..     127   TTGCTCGGTAGCTGG                TGATT GGA AGACA                CTCTGCAACATTAxx
-0.6     114 ..     128   TTTGCTCGGTAGCTG               GTGATT GGA AGACAC               TCTGCAACATTAxxx
 0.7     113 ..     129   GTTTGCTCGGTAGCT              GGTGATT GGA AGACACT              CTGCAACATTAxxxx
 0.1     116 ..     130   TGCTCGGTAGCTGGT               GATTG GAAGA CACTC               TGCAACATTAxxxxx
 2.1     120 ..     131   CGGTAGCTGGTGATT                GGA AGACAC TCT                 GCAACATTAxxxxxx
 0.4     122 ..     132   GTAGCTGGTGATTGG                 AAGA CAC TCTG                 CAACATTAxxxxxxx
-1.9     121 ..     133   GGTAGCTGGTGATTG                GAAGA CAC TCTGC                AACATTAxxxxxxxx
 1.6     120 ..     134   CGGTAGCTGGTGATT               GGAAGA CAC TCTGCA               ACATTAxxxxxxxxx
 0.7     119 ..     135   TCGGTAGCTGGTGAT              TGGAAGA CAC TCTGCAA              CATTAxxxxxxxxxx
 2.3     107 ..     136   TTCCCAGTTTGCTCG       GTAGCTG-GTGATT GGA AGACACTCTGCAAC       ATTAxxxxxxxxxxx
 5.1     115 ..     137   TTGCTCGGTAGCTGG          TGATTGGAAGA CAC TCTG-CAA-CA          TTAxxxxxxxxxxxx
 4.9     117 ..     138   GCTCGGTAGCTGGTG           AT-TGGAAGA CAC TCTGCAACAT           TAxxxxxxxxxxxxx
 4.8     129 ..     139   GTGATTGGAAGACAC                 TCTG CAA CATT                 Axxxxxxxxxxxxxx
