>AM055743.1:3-203 Homo sapiens U19-2 snoRNA gene FORWARD
 8.3       1 ..      11   xxxxxxxxxxxxxxx                TCCA GCAG TAG-                 TCAGCCATCCGGACA
 5.8       1 ..      12   xxxxxxxxxxxxxxx                TCCA GCAG TAGT                 CAGCCATCCGGACAG
 7.6       3 ..      13   xxxxxxxxxxxxxTC                 CA GCAGTAG TC                 AGCCATCCGGACAGA
 6.2       4 ..      14   xxxxxxxxxxxxTCC                 AG CAGTAGT CA                 GCCATCCGGACAGAA
 3.9       3 ..      15   xxxxxxxxxxxxxTC                CAG CAGTAGT CAG                CCATCCGGACAGAAC
-1.4       5 ..      16   xxxxxxxxxxxTCCA                GCAG TAGT CAGC                 CATCCGGACAGAACC
 2.1       4 ..      17   xxxxxxxxxxxxTCC               AGCAG TAGT CAGCC                ATCCGGACAGAACCG
 5.6       3 ..      18   xxxxxxxxxxxxxTC              CAGCAG TAGT CAGCCA               TCCGGACAGAACCGT
 3.6       8 ..      19   xxxxxxxxTCCAGCA                GTAG TCAG CCAT                 CCGGACAGAACCGTT
 5.4       8 ..      20   xxxxxxxxTCCAGCA                GTAG TCAGC CATC                CGGACAGAACCGTTC
 4.7      11 ..      21   xxxxxTCCAGCAGTA                 G TCAGCCATC C                 GGACAGAACCGTTCC
 6.6       6 ..      22   xxxxxxxxxxTCCAG              CAGTAG TCAGC CATCCG              GACAGAACCGTTCCT
 1.9      13 ..      23   xxxTCCAGCAGTAGT                 CAG CCATC CGG                 ACAGAACCGTTCCTG
   1      12 ..      24   xxxxTCCAGCAGTAG                TCAG CCATC CGGA                CAGAACCGTTCCTGT
-1.3      11 ..      25   xxxxxTCCAGCAGTA               GTCAG CCATC CGGAC               AGAACCGTTCCTGTG
 2.2      10 ..      26   xxxxxxTCCAGCAGT              AGTCAG CCATC CGGACA              GAACCGTTCCTGTGA
 2.3      13 ..      27   xxxTCCAGCAGTAGT              CAG-CC ATCC GGACAG               AACCGTTCCTGTGAT
 1.4      12 ..      28   xxxxTCCAGCAGTAG             TCAG-CC ATCC GGACAGA              ACCGTTCCTGTGATG
 3.3      19 ..      29   AGCAGTAGTCAGCCA                 TCC GGACA GAA                 CCGTTCCTGTGATGG
 5.1      11 ..      30   xxxxxTCCAGCAGTA           GT-CAG-CC ATCC GGACAGAAC            CGTTCCTGTGATGGT
 5.4      21 ..      31   CAGTAGTCAGCCATC                CGG ACAGAA CC-                 GTTCCTGTGATGGTG
-2.9      21 ..      32   CAGTAGTCAGCCATC                CGG ACAGAA CCG                 TTCCTGTGATGGTGT
 0.6      20 ..      33   GCAGTAGTCAGCCAT               CCGG ACAGAA CCGT                TCCTGTGATGGTGTT
 2.1      23 ..      34   GTAGTCAGCCATCCG                GAC AGAACC GTT                 CCTGTGATGGTGTTA
-0.2      22 ..      35   AGTAGTCAGCCATCC               GGAC AGAACC GTTC                CTGTGATGGTGTTAC
 0.2      22 ..      36   AGTAGTCAGCCATCC               GGACAG AAC CGTTCC               TGTGATGGTGTTACA
 1.4      26 ..      37   GTCAGCCATCCGGAC                AGAA CCGT TCCT                 GTGATGGTGTTACAC
-0.9      25 ..      38   AGTCAGCCATCCGGA               CAGAA CCGT TCCTG                TGATGGTGTTACACT
-1.8      24 ..      39   TAGTCAGCCATCCGG              ACAGAA CCGT TCCTGT               GATGGTGTTACACTG
 1.7      23 ..      40   GTAGTCAGCCATCCG             GACAGAA CCGT TCCTGTG              ATGGTGTTACACTGC
 5.2      22 ..      41   AGTAGTCAGCCATCC            GGACAGAA CCGT TCCTGTGA             TGGTGTTACACTGCT
 4.7      32 ..      42   CATCCGGACAGAACC                 GTT CCTGT GAT                 GGTGTTACACTGCTG
 2.4      31 ..      43   CCATCCGGACAGAAC                CGTT CCTGT GATG                GTGTTACACTGCTGG
 0.1      30 ..      44   GCCATCCGGACAGAA               CCGTT CCTGT GATGG               TGTTACACTGCTGGG
-0.8      29 ..      45   AGCCATCCGGACAGA              ACCGTT CCTGT GATGGT              GTTACACTGCTGGGA
 2.7      28 ..      46   CAGCCATCCGGACAG             AACCGTT CCTGT GATGGTG             TTACACTGCTGGGAG
   4      27 ..      47   TCAGCCATCCGGACA            GAACCGTT CCTGT GATGGTGT            TACACTGCTGGGAGA
 3.1      26 ..      48   GTCAGCCATCCGGAC           AGAACCGTT CCTGT GATGGTGTT           ACACTGCTGGGAGAG
 1.8      39 ..      49   ACAGAACCGTTCCTG                 TGAT GGT GTTA                 CACTGCTGGGAGAGG
-0.5      38 ..      50   GACAGAACCGTTCCT                GTGAT GGT GTTAC                ACTGCTGGGAGAGGA
-1.4      37 ..      51   GGACAGAACCGTTCC               TGTGAT GGT GTTACA               CTGCTGGGAGAGGAA
 1.5      38 ..      52   GACAGAACCGTTCCT               GTG ATGGTGTTA CAC               TGCTGGGAGAGGAAT
-3.2      43 ..      53   AACCGTTCCTGTGAT                 GGTG TTA CACT                 GCTGGGAGAGGAATG
-1.9      42 ..      54   GAACCGTTCCTGTGA                TGGTG TTA CACTG                CTGGGAGAGGAATGT
 1.6      41 ..      55   AGAACCGTTCCTGTG               ATGGTG TTA CACTGC               TGGGAGAGGAATGTC
 2.9      40 ..      56   CAGAACCGTTCCTGT              GATGGTG TTA CACTGCT              GGGAGAGGAATGTCT
   2       3 ..      57   xxxxxxxxxxxxxTC CAGCAGTAGTCA-GCCATC-C-GGACAG AAC CGTTCCTGTGATGGTGTTAC-ACTGCTG GGAGAGGAATGTCTT
-0.3       2 ..      58   xxxxxxxxxxxxxxT CCAGCAGTAGTCA-GCCATC-C-GGACAG AAC CGTTCCTGTGATGGTGTTAC-ACTGCTGG GAGAGGAATGTCTTG
   1       1 ..      59   xxxxxxxxxxxxxxx TCCAGCAGTAGTCA-GCCATC-C-GGACAG AAC CGTTCCTGTGATGGTGTTAC-ACTGCTGGG AGAGGAATGTCTTGT
 2.7      47 ..      60   GTTCCTGTGATGGTG               TTACA CTGC TGGGA                GAGGAATGTCTTGTC
 2.2      50 ..      61   CCTGTGATGGTGTTA                CACT GCTG GGAG                 AGGAATGTCTTGTCT
 4.3      51 ..      62   CTGTGATGGTGTTAC                ACT GCTGGG AGA                 GGAATGTCTTGTCTT
 0.6      52 ..      63   TGTGATGGTGTTACA                CTGCT GGG AG-AG                GAATGTCTTGTCTTC
 0.3      52 ..      64   TGTGATGGTGTTACA                CTGCT GGG AGAGG                AATGTCTTGTCTTCA
 2.4      53 ..      65   GTGATGGTGTTACAC                TGCT GGGAG AGGA                ATGTCTTGTCTTCAT
 3.7      47 ..      66   GTTCCTGTGATGGTG            TTACACT GCTGGG AGAGGAA             TGTCTTGTCTTCATC
   5      51 ..      67   CTGTGATGGTGTTAC              ACTGCT GGGAG AGGAAT              GTCTTGTCTTCATCC
 2.7      50 ..      68   CCTGTGATGGTGTTA             CACTGCT GGGAG AGGAATG             TCTTGTCTTCATCCG
 1.8      49 ..      69   TCCTGTGATGGTGTT            ACACTGCT GGGAG AGGAATGT            CTTGTCTTCATCCGG
 1.4      59 ..      70   GTGTTACACTGCTGG                GAGA GGAA TGTC                 TTGTCTTCATCCGGT
-0.1      60 ..      71   TGTTACACTGCTGGG                AGA GGAATG TCT                 TGTCTTCATCCGGTT
-1.8      62 ..      72   TTACACTGCTGGGAG                 AGGA ATG TCTT                 GTCTTCATCCGGTTG
 1.7      61 ..      73   GTTACACTGCTGGGA                GAGGA ATG TCTTG                TCTTCATCCGGTTGC
 0.8      60 ..      74   TGTTACACTGCTGGG               AGAGGA ATG TCTTGT               CTTCATCCGGTTGCC
-1.5      59 ..      75   GTGTTACACTGCTGG              GAGAGGA ATG TCTTGTC              TTCATCCGGTTGCCT
-0.2      58 ..      76   GGTGTTACACTGCTG             GGAGAGGA ATG TCTTGTCT             TCATCCGGTTGCCTG
 1.1      57 ..      77   TGGTGTTACACTGCT            GGGAGAGGA ATG TCTTGTCTT            CATCCGGTTGCCTGC
 0.9      61 ..      78   GTTACACTGCTGGGA             GAGGA ATGTCTTG TCTTC              ATCCGGTTGCCTGCG
 2.6      56 ..      79   ATGGTGTTACACTGC          TG-GGAGAGGA ATG TCTTGTCTTCA          TCCGGTTGCCTGCGC
 2.9      66 ..      80   ACTGCTGGGAGAGGA               ATG TCTTGTCTT CAT               CCGGTTGCCTGCGCC
 3.2      61 ..      81   GTTACACTGCTGGGA            GAGGAA TGTCTTGTC TTCATC            CGGTTGCCTGCGCCA
 1.1      57 ..      82   TGGTGTTACACTGCT         GGGAGAGGA ATGTCTTG TCTTCATCC          GGTTGCCTGCGCCAC
 2.4      56 ..      83   ATGGTGTTACACTGC        TGGGAGAGGA ATGTCTTG TCTTCATCCG         GTTGCCTGCGCCACT
 0.1      55 ..      84   GATGGTGTTACACTG       CTGGGAGAGGA ATGTCTTG TCTTCATCCGG        TTGCCTGCGCCACTG
 1.4      54 ..      85   TGATGGTGTTACACT      GCTGGGAGAGGA ATGTCTTG TCTTCATCCGGT       TGCCTGCGCCACTGT
 4.9      53 ..      86   GTGATGGTGTTACAC     TGCTGGGAGAGGA ATGTCTTG TCTTCATCCGGTT      GCCTGCGCCACTGTT
 2.6      52 ..      87   TGTGATGGTGTTACA    CTGCTGGGAGAGGA ATGTCTTG TCTTCATCCGGTTG     CCTGCGCCACTGTTC
 4.3      77 ..      88   AGGAATGTCTTGTCT                TCA TCCGGT TGC                 CTGCGCCACTGTTCT
 6.6      73 ..      89   GGAGAGGAATGTCTT              GTCTTC ATCCG GTTGCC              TGCGCCACTGTTCTG
 5.8      79 ..      90   GAATGTCTTGTCTTC                ATCC GGTT GCCT                 GCGCCACTGTTCTGG
-2.4      81 ..      91   ATGTCTTGTCTTCAT                 CCGG TTG CCTG                 CGCCACTGTTCTGGT
 1.1      80 ..      92   AATGTCTTGTCTTCA                TCCGG TTG CCTGC                GCCACTGTTCTGGTG
 1.4      82 ..      93   TGTCTTGTCTTCATC                CG GTTGCCTG CG                 CCACTGTTCTGGTGG
   4      84 ..      94   TCTTGTCTTCATCCG                 GT TGCCTGC GC                 CACTGTTCTGGTGGC
 1.7      83 ..      95   GTCTTGTCTTCATCC                GGT TGCCTGC GCC                ACTGTTCTGGTGGCG
  -1      86 ..      96   TTGTCTTCATCCGGT                 TGCC TGC GCCA                 CTGTTCTGGTGGCGT
-2.3      84 ..      97   TCTTGTCTTCATCCG               GTTGC CTGC GCCAC                TGTTCTGGTGGCGTC
  -1      83 ..      98   GTCTTGTCTTCATCC              GGTTGC CTGC GCCACT               GTTCTGGTGGCGTCT
-3.3      82 ..      99   TGTCTTGTCTTCATC             CGGTTGC CTGC GCCACTG              TTCTGGTGGCGTCTG
 0.2      81 ..     100   ATGTCTTGTCTTCAT            CCGGTTGC CTGC GCCACTGT             TCTGGTGGCGTCTGG
 3.7      80 ..     101   AATGTCTTGTCTTCA           TCCGGTTGC CTGC GCCACTGTT            CTGGTGGCGTCTGGC
 2.2      91 ..     102   TTCATCCGGTTGCCT                GCGC CACT GTTC                 TGGTGGCGTCTGGCA
 5.7      90 ..     103   CTTCATCCGGTTGCC               TGCGC CACT GTTCT                GGTGGCGTCTGGCAC
 3.4      89 ..     104   TCTTCATCCGGTTGC              CTGCGC CACT GTTCTG               GTGGCGTCTGGCACT
-1.5      94 ..     105   ATCCGGTTGCCTGCG                CCA CTGTTC TGG                 TGGCGTCTGGCACTG
-0.2      93 ..     106   CATCCGGTTGCCTGC               GCCA CTGTTC TGGT                GGCGTCTGGCACTGG
-2.5      92 ..     107   TCATCCGGTTGCCTG              CGCCA CTGTTC TGGTG               GCGTCTGGCACTGGT
-4.2      94 ..     108   ATCCGGTTGCCTGCG               CCACTG TTC TGGTGG               CGTCTGGCACTGGTG
-6.5      93 ..     109   CATCCGGTTGCCTGC              GCCACTG TTC TGGTGGC              GTCTGGCACTGGTGC
-8.8      92 ..     110   TCATCCGGTTGCCTG             CGCCACTG TTC TGGTGGCG             TCTGGCACTGGTGCA
-7.5      91 ..     111   TTCATCCGGTTGCCT            GCGCCACTG TTC TGGTGGCGT            CTGGCACTGGTGCAA
-5.1      91 ..     112   TTCATCCGGTTGCCT           G-CGCCACTG TTC TGGTGGCGTC           TGGCACTGGTGCAAG
-1.6      90 ..     113   CTTCATCCGGTTGCC          TG-CGCCACTG TTC TGGTGGCGTCT          GGCACTGGTGCAAGA
-3.9      89 ..     114   TCTTCATCCGGTTGC         CTG-CGCCACTG TTC TGGTGGCGTCTG         GCACTGGTGCAAGAC
-6.2      88 ..     115   GTCTTCATCCGGTTG        CCTG-CGCCACTG TTC TGGTGGCGTCTGG        CACTGGTGCAAGACA
-8.5      87 ..     116   TGTCTTCATCCGGTT       GCCTG-CGCCACTG TTC TGGTGGCGTCTGGC       ACTGGTGCAAGACAG
-9.4      86 ..     117   TTGTCTTCATCCGGT      TGCCTG-CGCCACTG TTC TGGTGGCGTCTGGCA      CTGGTGCAAGACAGA
-5.9      85 ..     118   CTTGTCTTCATCCGG     TTGCCTG-CGCCACTG TTC TGGTGGCGTCTGGCAC     TGGTGCAAGACAGAG
-4.6      84 ..     119   TCTTGTCTTCATCCG    GTTGCCTG-CGCCACTG TTC TGGTGGCGTCTGGCACT    GGTGCAAGACAGAGC
-6.7      82 ..     120   TGTCTTGTCTTCATC  CGGTTGCCTG-CGCCACTG TTC TGGTGGCGTCTGGC-ACTG  GTGCAAGACAGAGCT
  -9      81 ..     121   ATGTCTTGTCTTCAT CCGGTTGCCTG-CGCCACTG TTC TGGTGGCGTCTGGC-ACTGG TGCAAGACAGAGCTG
-5.5      80 ..     122   AATGTCTTGTCTTCA TCCGGTTGCCTG-CGCCACTG TTC TGGTGGCGTCTGGC-ACTGGT GCAAGACAGAGCTGT
-6.2      78 ..     123   GGAATGTCTTGTCTT CATCCGGTTGCCTG-CGCCACTG TTC TGGTGGCGTCTGGC-ACTGG-TG CAAGACAGAGCTGTG
-2.7      77 ..     124   AGGAATGTCTTGTCT TCATCCGGTTGCCTG-CGCCACTG TTC TGGTGGCGTCTGGC-ACTGG-TGC AAGACAGAGCTGTGC
-3.6      76 ..     125   GAGGAATGTCTTGTC TTCATCCGGTTGCCTG-CGCCACTG TTC TGGTGGCGTCTGGC-ACTGG-TGCA AGACAGAGCTGTGCT
  -2      76 ..     126   GAGGAATGTCTTGTC TT-CATCCGGTTGCCTG-CGCCACTG TTC TGGTGGCGTCTGGC-ACTGG-TGCAA GACAGAGCTGTGCTT
-4.3      75 ..     127   AGAGGAATGTCTTGT CTT-CATCCGGTTGCCTG-CGCCACTG TTC TGGTGGCGTCTGGC-ACTGG-TGCAAG ACAGAGCTGTGCTTC
-5.2      74 ..     128   GAGAGGAATGTCTTG TCTT-CATCCGGTTGCCTG-CGCCACTG TTC TGGTGGCGTCTGGC-ACTGG-TGCAAGA CAGAGCTGTGCTTCC
-7.5      73 ..     129   GGAGAGGAATGTCTT GTCTT-CATCCGGTTGCCTG-CGCCACTG TTC TGGTGGCGTCTGGC-ACTGG-TGCAAGAC AGAGCTGTGCTTCCC
-8.4      72 ..     130   GGGAGAGGAATGTCT TGTCTT-CATCCGGTTGCCTG-CGCCACTG TTC TGGTGGCGTCTGGC-ACTGG-TGCAAGACA GAGCTGTGCTTCCCC
-2.7     109 ..     131   CCACTGTTCTGGTGG          C-GTCTGGCA CTGG TGCAAGACAG           AGCTGTGCTTCCCCG
 0.8     108 ..     132   GCCACTGTTCTGGTG         GC-GTCTGGCA CTGG TGCAAGACAGA          GCTGTGCTTCCCCGA
 1.7     116 ..     133   TCTGGTGGCGTCTGG             CACTG GTGCAAGA CAGAG              CTGTGCTTCCCCGAG
-0.6     115 ..     134   TTCTGGTGGCGTCTG            GCACTG GTGCAAGA CAGAGC             TGTGCTTCCCCGAGA
 0.7     114 ..     135   GTTCTGGTGGCGTCT           GGCACTG GTGCAAGA CAGAGCT            GTGCTTCCCCGAGAG
   2     113 ..     136   TGTTCTGGTGGCGTC          TGGCACTG GTGCAAGA CAGAGCTG           TGCTTCCCCGAGAGT
 2.9      96 ..     137   CCGGTTGCCTGCGCC ACTGTTCTG-GTGGCGTCTG GCA CTGGTGCAAGACAGAGCTGT GCTTCCCCGAGAGTG
 0.6      95 ..     138   TCCGGTTGCCTGCGC CACTGTTCTG-GTGGCGTCTG GCA CTGGTGCAAGACAGAGCTGTG CTTCCCCGAGAGTGT
 1.3     123 ..     139   GCGTCTGGCACTGGT             GCA-AG ACAGAG CTGTGC              TTCCCCGAGAGTGTG
 0.7     126 ..     140   TCTGGCACTGGTGCA              AG-ACA GAGC TGTGCT               TCCCCGAGAGTGTGC
-3.2     131 ..     141   CACTGGTGCAAGACA                 GAGC TGT GCTT                 CCCCGAGAGTGTGCT
-0.8     131 ..     142   CACTGGTGCAAGACA                G-AGC TGT GCTTC                CCCGAGAGTGTGCTA
   1     123 ..     143   GCGTCTGGCACTGGT           GCAAG-ACA GAGC TGTGCTTCC            CCGAGAGTGTGCTAA
 4.5     122 ..     144   GGCGTCTGGCACTGG          TGCAAG-ACA GAGC TGTGCTTCCC           CGAGAGTGTGCTAAG
 2.2     121 ..     145   TGGCGTCTGGCACTG         GTGCAAG-ACA GAGC TGTGCTTCCCC          GAGAGTGTGCTAAGC
 1.1     134 ..     146   TGGTGCAAGACAGAG                CTGTG CTT CCCCG                AGAGTGTGCTAAGCA
 4.6     133 ..     147   CTGGTGCAAGACAGA               GCTGTG CTT CCCCGA               GAGTGTGCTAAGCAT
 2.5     118 ..     148   TGGTGGCGTCTGGCA      CTGGTGCAAG-ACA GAGC TGTGCTTCCCCGAG       AGTGTGCTAAGCATT
 2.6     139 ..     149   CAAGACAGAGCTGTG                 CTTC CCC GAGA                 GTGTGCTAAGCATTC
 0.6     139 ..     150   CAAGACAGAGCTGTG                CT-TC CCC GAGAG                TGTGCTAAGCATTCA
 1.9     138 ..     151   GCAAGACAGAGCTGT               GCT-TC CCC GAGAGT               GTGCTAAGCATTCAC
 1.9     142 ..     152   GACAGAGCTGTGCTT                 CCC CGAGA GTG                 TGCTAAGCATTCACT
 4.4     142 ..     153   GACAGAGCTGTGCTT                CCCC GAGA GTGT                 GCTAAGCATTCACTT
 2.2     143 ..     154   ACAGAGCTGTGCTTC                CCCG AGAG TGTG                 CTAAGCATTCACTTT
 5.1     136 ..     155   GTGCAAGACAGAGCT            GTGC-TTC CCCGA GAGTGTGC            TAAGCATTCACTTTG
   5     132 ..     156   ACTGGTGCAAGACAG         AGCTGTGCT-TC CCC GAGAGTGT-GCT         AAGCATTCACTTTGG
 4.3     146 ..     157   GAGCTGTGCTTCCCC                GAG AGTGTG CTA                 AGCATTCACTTTGGC
 5.8     147 ..     158   AGCTGTGCTTCCCCG                AGAG TGTG CTAA                 GCATTCACTTTGGCT
 5.5     144 ..     159   CAGAGCTGTGCTTCC              CCGAG AGTGTG CTAAG               CATTCACTTTGGCTG
 2.6     150 ..     160   TGTGCTTCCCCGAGA                 GTGT GCT AAGC                 ATTCACTTTGGCTGC
 1.1     151 ..     161   GTGCTTCCCCGAGAG                 TGT GCTAA GCA                 TTCACTTTGGCTGCT
-3.2     152 ..     162   TGCTTCCCCGAGAGT                 GTGC TAA GCAT                 TCACTTTGGCTGCTT
 0.3     151 ..     163   GTGCTTCCCCGAGAG                TGTGC TAA GCATT                CACTTTGGCTGCTTA
  -2     150 ..     164   TGTGCTTCCCCGAGA               GTGTGC TAA GCATTC               ACTTTGGCTGCTTAG
 1.5     149 ..     165   CTGTGCTTCCCCGAG              AGTGTGC TAA GCATTCA              CTTTGGCTGCTTAGT
-0.8     148 ..     166   GCTGTGCTTCCCCGA             GAGTGTGC TAA GCATTCAC             TTTGGCTGCTTAGTT
-1.7     147 ..     167   AGCTGTGCTTCCCCG            AGAGTGTGC TAA GCATTCACT            TTGGCTGCTTAGTTC
-0.4     146 ..     168   GAGCTGTGCTTCCCC           GAGAGTGTGC TAA GCATTCACTT           TGGCTGCTTAGTTCT
 1.5     147 ..     169   AGCTGTGCTTCCCCG          AGAGTG--TGC TAA GCATTCACTTT          GGCTGCTTAGTTCTA
 0.8     144 ..     170   CAGAGCTGTGCTTCC         CCGAGAGTGTGC TAA GCATTCACTTTG         GCTGCTTAGTTCTAG
-1.5     143 ..     171   ACAGAGCTGTGCTTC        CCCGAGAGTGTGC TAA GCATTCACTTTGG        CTGCTTAGTTCTAGT
 1.2     154 ..     172   CTTCCCCGAGAGTGT             GCTAAG CATTCAC TTTGGC             TGCTTAGTTCTAGTC
 1.7     161 ..     173   GAGAGTGTGCTAAGC                ATTCA CTT TGGCT                GCTTAGTTCTAGTCT
-0.6     160 ..     174   CGAGAGTGTGCTAAG               CATTCA CTT TGGCTG               CTTAGTTCTAGTCTG
-2.9     159 ..     175   CCGAGAGTGTGCTAA              GCATTCA CTT TGGCTGC              TTAGTTCTAGTCTGG
-3.8     158 ..     176   CCCGAGAGTGTGCTA             AGCATTCA CTT TGGCTGCT             TAGTTCTAGTCTGGG
-4.7     157 ..     177   CCCCGAGAGTGTGCT            AAGCATTCA CTT TGGCTGCTT            AGTTCTAGTCTGGGA
-5.6     156 ..     178   TCCCCGAGAGTGTGC           TAAGCATTCA CTT TGGCTGCTTA           GTTCTAGTCTGGGAG
-7.9     155 ..     179   TTCCCCGAGAGTGTG          CTAAGCATTCA CTT TGGCTGCTTAG          TTCTAGTCTGGGAGC
-6.6     154 ..     180   CTTCCCCGAGAGTGT         GCTAAGCATTCA CTT TGGCTGCTTAGT         TCTAGTCTGGGAGCA
-3.1     153 ..     181   GCTTCCCCGAGAGTG        TGCTAAGCATTCA CTT TGGCTGCTTAGTT        CTAGTCTGGGAGCAG
-5.4     152 ..     182   TGCTTCCCCGAGAGT       GTGCTAAGCATTCA CTT TGGCTGCTTAGTTC       TAGTCTGGGAGCAGA
-1.9     151 ..     183   GTGCTTCCCCGAGAG      TGTGCTAAGCATTCA CTT TGGCTGCTTAGTTCT      AGTCTGGGAGCAGAC
-0.3     151 ..     184   GTGCTTCCCCGAGAG     T-GTGCTAAGCATTCA CTT TGGCTGCTTAGTTCTA     GTCTGGGAGCAGACA
 1.8     175 ..     185   CATTCACTTTGGCTG                 CT TAGTTCT AG                 TCTGGGAGCAGACAG
 2.3     149 ..     186   CTGTGCTTCCCCGAG   AGT-GTGCTAAGCATTCA CTT TGGCTGCTTAGTTCTAGT   CTGGGAGCAGACAGA
-7.629e-07     148 ..     187   GCTGTGCTTCCCCGA  GAGT-GTGCTAAGCATTCA CTT TGGCTGCTTAGTTCTAGTC  TGGGAGCAGACAGAx
-0.9     147 ..     188   AGCTGTGCTTCCCCG AGAGT-GTGCTAAGCATTCA CTT TGGCTGCTTAGTTCTAGTCT GGGAGCAGACAGAxx
 2.6     146 ..     189   GAGCTGTGCTTCCCC GAGAGT-GTGCTAAGCATTCA CTT TGGCTGCTTAGTTCTAGTCTG GGAGCAGACAGAxxx
 0.3     145 ..     190   AGAGCTGTGCTTCCC CGAGAGT-GTGCTAAGCATTCA CTT TGGCTGCTTAGTTCTAGTCTGG GAGCAGACAGAxxxx
  -2     144 ..     191   CAGAGCTGTGCTTCC CCGAGAGT-GTGCTAAGCATTCA CTT TGGCTGCTTAGTTCTAGTCTGGG AGCAGACAGAxxxxx
-0.5     180 ..     192   ACTTTGGCTGCTTAG                TTCTA GTC TGGGA                GCAGACAGAxxxxxx
-0.8     142 ..     193   GACAGAGCTGTGCTT CCCCGAGAGT-GTGCTAAGCATTCA CTT TGGCTGCTTAGTTCTAGTCTGGGAG CAGACAGAxxxxxxx
 1.1     179 ..     194   CACTTTGGCTGCTTA              GTTCT AGTCTG GGAGC               AGACAGAxxxxxxxx
 1.8     140 ..     195   AAGACAGAGCTGTGC TTCCCCGAGAGT-GTGCTAAGCATTCA CTT TGGCTGCTTAGTTCTAGTCTGGGAGCA GACAGAxxxxxxxxx
-0.5     139 ..     196   CAAGACAGAGCTGTG CTTCCCCGAGAGT-GTGCTAAGCATTCA CTT TGGCTGCTTAGTTCTAGTCTGGGAGCAG ACAGAxxxxxxxxxx
-4.4     186 ..     197   GCTGCTTAGTTCTAG                TCTG GGAG CAGA                 CAGAxxxxxxxxxxx
-6.7     185 ..     198   GGCTGCTTAGTTCTA               GTCTG GGAG CAGAC                AGAxxxxxxxxxxxx
-3.2     184 ..     199   TGGCTGCTTAGTTCT              AGTCTG GGAG CAGACA               GAxxxxxxxxxxxxx
-3.9     182 ..     200   TTTGGCTGCTTAGTT            CTAGTCTG GGAG CAGAC-AG             Axxxxxxxxxxxxxx
