>AC010582.6:c81476-81337 Homo sapiens chromosome 14 clone CTD-2547F10, complete sequence FORWARD
None       1 ..      11   xxxxxxxxxxxxxxx                  TGATGACTGTT                  CTTCCTGTTGCCTTC
 1.8       2 ..      12   xxxxxxxxxxxxxxT                 GA TGACTGT TC                 TTCCTGTTGCCTTCA
 3.9       3 ..      13   xxxxxxxxxxxxxTG                ATGA CTGT TC-T                 TCCTGTTGCCTTCAG
 1.4       3 ..      14   xxxxxxxxxxxxxTG                ATGA CTGT TCTT                 CCTGTTGCCTTCAGA
-0.9       2 ..      15   xxxxxxxxxxxxxxT               GATGA CTGT TCTTC                CTGTTGCCTTCAGAC
 2.6       1 ..      16   xxxxxxxxxxxxxxx              TGATGA CTGT TCTTCC               TGTTGCCTTCAGACC
 4.4       3 ..      17   xxxxxxxxxxxxxTG               ATGA CTGTTCT TCCT               GTTGCCTTCAGACCT
 2.9       7 ..      18   xxxxxxxxxTGATGA                CTG TTCTTC CTG                 TTGCCTTCAGACCTG
   2       6 ..      19   xxxxxxxxxxTGATG               ACTG TTCTTC CTGT                TGCCTTCAGACCTGG
 3.3       5 ..      20   xxxxxxxxxxxTGAT              GACTG TTCTTC CTGTT               GCCTTCAGACCTGGC
 4.6       4 ..      21   xxxxxxxxxxxxTGA             TGACTG TTCTTC CTGTTG              CCTTCAGACCTGGCA
   7       9 ..      22   xxxxxxxTGATGACT               GT TCTTCCTGTT GC                CTTCAGACCTGGCAT
 5.8       2 ..      23   xxxxxxxxxxxxxxT           GATGACTG TTCTTC CTGTTGCC            TTCAGACCTGGCATT
None      14 ..      24   xxTGATGACTGTTCT                  TCCTGTTGCCT                  TCAGACCTGGCATTA
None      15 ..      25   xTGATGACTGTTCTT                  CCTGTTGCCTT                  CAGACCTGGCATTAG
None      16 ..      26   TGATGACTGTTCTTC                  CTGTTGCCTTC                  AGACCTGGCATTAGG
 1.8      17 ..      27   GATGACTGTTCTTCC                 TG TTGCCTT CA                 GACCTGGCATTAGGA
-0.5      16 ..      28   TGATGACTGTTCTTC                CTG TTGCCTT CAG                ACCTGGCATTAGGAT
   3      15 ..      29   xTGATGACTGTTCTT               CCTG TTGCCTT CAGA               CCTGGCATTAGGATT
 1.6      18 ..      30   ATGACTGTTCTTCCT               GT-TG CCTT CAGAC                CTGGCATTAGGATTT
 4.4      20 ..      31   GACTGTTCTTCCTGT                TGCC TTCA GACC                 TGGCATTAGGATTTT
 7.9      19 ..      32   TGACTGTTCTTCCTG               TTGCC TTCA GACCT                GGCATTAGGATTTTA
 4.7      23 ..      33   TGTTCTTCCTGTTGC                 C TTCAGACCT G                 GCATTAGGATTTTAG
 2.4      22 ..      34   CTGTTCTTCCTGTTG                CC TTCAGACCT GG                CATTAGGATTTTAGG
 0.1      21 ..      35   ACTGTTCTTCCTGTT               GCC TTCAGACCT GGC               ATTAGGATTTTAGGT
-0.8      20 ..      36   GACTGTTCTTCCTGT              TGCC TTCAGACCT GGCA              TTAGGATTTTAGGTC
 2.7      19 ..      37   TGACTGTTCTTCCTG             TTGCC TTCAGACCT GGCAT             TAGGATTTTAGGTCA
   4      18 ..      38   ATGACTGTTCTTCCT            GTTGCC TTCAGACCT GGCATT            AGGATTTTAGGTCAT
 3.1      17 ..      39   GATGACTGTTCTTCC           TGTTGCC TTCAGACCT GGCATTA           GGATTTTAGGTCATC
 0.8      16 ..      40   TGATGACTGTTCTTC          CTGTTGCC TTCAGACCT GGCATTAG          GATTTTAGGTCATCA
-2.2      30 ..      41   CCTGTTGCCTTCAGA                CCTG GCAT TAGG                 ATTTTAGGTCATCAT
-2.4      14 ..      42   xxTGATGACTGTTCT        TCCTGTTGCC TTCAGACCT GGCATTAGGA        TTTTAGGTCATCATA
 1.1      13 ..      43   xxxTGATGACTGTTC       TTCCTGTTGCC TTCAGACCT GGCATTAGGAT       TTTAGGTCATCATAA
 1.7      27 ..      44   CTTCCTGTTGCCTTC             AGACCTG GCAT TAGGATT              TTAGGTCATCATAAA
 3.3      27 ..      45   CTTCCTGTTGCCTTC            AGA-CCTG GCAT TAGGATTT             TAGGTCATCATAAAT
 6.1      36 ..      46   GCCTTCAGACCTGGC                 A TTAGGATTT T                 AGGTCATCATAAATT
   4      37 ..      47   CCTTCAGACCTGGCA                 TTAG GAT TTTA                 GGTCATCATAAATTA
 2.8      37 ..      48   CCTTCAGACCTGGCA                TTAG GATT TTAG                 GTCATCATAAATTAA
 0.8      30 ..      49   CCTGTTGCCTTCAGA            CCTGGCAT TAGG ATTTTAGG             TCATCATAAATTAAA
-0.1      29 ..      50   TCCTGTTGCCTTCAG           ACCTGGCAT TAGG ATTTTAGGT            CATCATAAATTAAAA
-2.4      28 ..      51   TTCCTGTTGCCTTCA          GACCTGGCAT TAGG ATTTTAGGTC           ATCATAAATTAAAAT
 1.1      27 ..      52   CTTCCTGTTGCCTTC         AGACCTGGCAT TAGG ATTTTAGGTCA          TCATAAATTAAAATT
 2.7      27 ..      53   CTTCCTGTTGCCTTC        A-GACCTGGCAT TAGG ATTTTAGGTCAT         CATAAATTAAAATTT
 1.9      41 ..      54   CAGACCTGGCATTAG               GAT TTTAGGTC ATC                ATAAATTAAAATTTG
 4.7      45 ..      55   CCTGGCATTAGGATT                 TTA GGTCA TCA                 TAAATTAAAATTTGA
 4.5      39 ..      56   TTCAGACCTGGCATT             AGGAT TTTAGGTC ATCAT              AAATTAAAATTTGAT
 1.4      46 ..      57   CTGGCATTAGGATTT                TAGG TCAT CATA                 AATTAAAATTTGATT
 0.5      45 ..      58   CCTGGCATTAGGATT               TTAGG TCAT CATAA                ATTAAAATTTGATTT
-0.4      44 ..      59   ACCTGGCATTAGGAT              TTTAGG TCAT CATAAA               TTAAAATTTGATTTT
 3.1      43 ..      60   GACCTGGCATTAGGA             TTTTAGG TCAT CATAAAT              TAAAATTTGATTTTC
 2.2      42 ..      61   AGACCTGGCATTAGG            ATTTTAGG TCAT CATAAATT             AAAATTTGATTTTCT
 3.8      50 ..      62   CATTAGGATTTTAGG                TCAT CATAA ATTA                AAATTTGATTTTCTT
 4.7      53 ..      63   TAGGATTTTAGGTCA                 TCA TAAAT TAA                 AATTTGATTTTCTTC
 3.9      44 ..      64   ACCTGGCATTAGGAT            TTTAGGTCA TCA TAAATTAAA            ATTTGATTTTCTTCA
   3      43 ..      65   GACCTGGCATTAGGA           TTTTAGGTCA TCA TAAATTAAAA           TTTGATTTTCTTCAC
 2.1      42 ..      66   AGACCTGGCATTAGG          ATTTTAGGTCA TCA TAAATTAAAAT          TTGATTTTCTTCACT
 1.8      57 ..      67   ATTTTAGGTCATCAT                 AAAT TAA AATT                 TGATTTTCTTCACTC
-1.6      57 ..      68   ATTTTAGGTCATCAT                AAAT TAAA ATTT                 GATTTTCTTCACTCA
-0.3      56 ..      69   GATTTTAGGTCATCA               TAAAT TAAA ATTTG                ATTTTCTTCACTCAG
-0.4      60 ..      70   TTAGGTCATCATAAA                 TTAA AAT TTGA                 TTTTCTTCACTCAGA
-1.3      59 ..      71   TTTAGGTCATCATAA                ATTAA AAT TTGAT                TTTCTTCACTCAGAG
-2.2      58 ..      72   TTTTAGGTCATCATA               AATTAA AAT TTGATT               TTCTTCACTCAGAGA
-3.1      57 ..      73   ATTTTAGGTCATCAT              AAATTAA AAT TTGATTT              TCTTCACTCAGAGAA
-3.5      62 ..      74   AGGTCATCATAAATT                AAAAT TTG ATTTT                CTTCACTCAGAGAAT
-2.384e-07      61 ..      75   TAGGTCATCATAAAT               TAAAAT TTG ATTTTC               TTCACTCAGAGAATA
 3.5      60 ..      76   TTAGGTCATCATAAA              TTAAAAT TTG ATTTTCT              TCACTCAGAGAATAT
 2.6      59 ..      77   TTTAGGTCATCATAA             ATTAAAAT TTG ATTTTCTT             CACTCAGAGAATATT
 6.1      58 ..      78   TTTTAGGTCATCATA            AATTAAAAT TTG ATTTTCTTC            ACTCAGAGAATATTA
-0.1      68 ..      79   TCATAAATTAAAATT                TGA TTTTCT TCA                 CTCAGAGAATATTAG
 3.4      67 ..      80   ATCATAAATTAAAAT               TTGA TTTTCT TCAC                TCAGAGAATATTAGG
 5.7      70 ..      81   ATAAATTAAAATTTG                ATT TTCTTC ACT                 CAGAGAATATTAGGA
 3.4      69 ..      82   CATAAATTAAAATTT               GATT TTCTTC ACTC                AGAGAATATTAGGAT
 2.5      68 ..      83   TCATAAATTAAAATT              TGATT TTCTTC ACTCA               GAGAATATTAGGATA
 3.8      67 ..      84   ATCATAAATTAAAAT             TTGATT TTCTTC ACTCAG              AGAATATTAGGATAA
-0.1      74 ..      85   ATTAAAATTTGATTT                TCT TCACTC AGA                 GAATATTAGGATAAT
 1.1      76 ..      86   TAAAATTTGATTTTC                 TTC ACTCA GAG                 AATATTAGGATAATG
  -1      77 ..      87   AAAATTTGATTTTCT                 TCAC TCA GAGA                 ATATTAGGATAATGG
-1.9      76 ..      88   TAAAATTTGATTTTC                TTCAC TCA GAGAA                TATTAGGATAATGGA
-1.5      70 ..      89   ATAAATTAAAATTTG            ATTTTCT TCACTC AGAGAAT             ATTAGGATAATGGAG
 0.7      74 ..      90   ATTAAAATTTGATTT              TCTTCAC TCA GAGAATA              TTAGGATAATGGAGT
   2      70 ..      91   ATAAATTAAAATTTG           ATTTTCTT CACTCA GAGAATAT            TAGGATAATGGAGTT
 3.3      69 ..      92   CATAAATTAAAATTT          GATTTTCTT CACTCA GAGAATATT           AGGATAATGGAGTTA
 2.4      68 ..      93   TCATAAATTAAAATT         TGATTTTCTT CACTCA GAGAATATTA          GGATAATGGAGTTAT
   3      80 ..      94   ATTTGATTTTCTTCA               CTCAGA GAA TATTAG               GATAATGGAGTTATC
   5      66 ..      95   CATCATAAATTAAAA       TTTGATTTTCTT CACTCA GAGAATATTAGG        ATAATGGAGTTATCT
 5.8      77 ..      96   AAAATTTGATTTTCT            TCACTCAGA GAA TATTAG-GA            TAATGGAGTTATCTG
 6.1      87 ..      97   TTTCTTCACTCAGAG                 A ATATTAGGA T                 AATGGAGTTATCTGT
 5.3      88 ..      98   TTCTTCACTCAGAGA                ATAT TAGG ATA-                 ATGGAGTTATCTGTT
 2.8      88 ..      99   TTCTTCACTCAGAGA                ATAT TAGG ATAA                 TGGAGTTATCTGTTC
-2.6      90 ..     100   CTTCACTCAGAGAAT                 ATTA GGA TAAT                 GGAGTTATCTGTTCT
-1.3      89 ..     101   TCTTCACTCAGAGAA                TATTA GGA TAATG                GAGTTATCTGTTCTC
 2.2      88 ..     102   TTCTTCACTCAGAGA               ATATTA GGA TAATGG               AGTTATCTGTTCTCT
 5.7      87 ..     103   TTTCTTCACTCAGAG              AATATTA GGA TAATGGA              GTTATCTGTTCTCTG
 8.4      91 ..     104   TTCACTCAGAGAATA               TT AGGATAATGG AG                TTATCTGTTCTCTGA
 6.9      95 ..     105   CTCAGAGAATATTAG                 GAT AATGG AGT                 TATCTGTTCTCTGAA
 5.7      95 ..     106   CTCAGAGAATATTAG                GAT AATGGA GTT                 ATCTGTTCTCTGAAA
-0.4      97 ..     107   CAGAGAATATTAGGA                 TAAT GGA GTTA                 TCTGTTCTCTGAAAT
-1.3      96 ..     108   TCAGAGAATATTAGG                ATAAT GGA GTTAT                CTGTTCTCTGAAATT
-3.6      95 ..     109   CTCAGAGAATATTAG               GATAAT GGA GTTATC               TGTTCTCTGAAATTT
-2.3      94 ..     110   ACTCAGAGAATATTA              GGATAAT GGA GTTATCT              GTTCTCTGAAATTTG
 1.2      93 ..     111   CACTCAGAGAATATT             AGGATAAT GGA GTTATCTG             TTCTCTGAAATTTGC
 0.5      99 ..     112   GAGAATATTAGGATA               ATGGA GTTA TCTGT                TCTCTGAAATTTGCG
-0.4      98 ..     113   AGAGAATATTAGGAT              AATGGA GTTA TCTGTT               CTCTGAAATTTGCGG
 2.4     102 ..     114   AATATTAGGATAATG                GAGT TATCT GTTC                TCTGAAATTTGCGGA
 2.2      96 ..     115   TCAGAGAATATTAGG            ATAATGGA GTTA TCTGTTCT             CTGAAATTTGCGGAA
-0.1      95 ..     116   CTCAGAGAATATTAG           GATAATGGA GTTA TCTGTTCTC            TGAAATTTGCGGAAT
 1.2      94 ..     117   ACTCAGAGAATATTA          GGATAATGGA GTTA TCTGTTCTCT           GAAATTTGCGGAATC
 4.1     100 ..     118   AGAATATTAGGATAA             TGGAG TTATCTGTT CTCTG             AAATTTGCGGAATCA
3.576e-08     108 ..     119   AGGATAATGGAGTTA                TCTG TTCT CTGA                 AATTTGCGGAATCAA
 2.9      91 ..     120   TTCACTCAGAGAATA       TTAGGATAATGGA GTTA TCTGTTCTCTGAA        ATTTGCGGAATCAAA
 0.4     111 ..     121   ATAATGGAGTTATCT                 GTTC TCT GAAA                 TTTGCGGAATCAAAC
 3.5     111 ..     122   ATAATGGAGTTATCT                GTT CTCTGA AAT                 TTGCGGAATCAAACA
 4.6     103 ..     123   ATATTAGGATAATGG           AGTTATCTG TTCT CTGA-AATT            TGCGGAATCAAACAT
 5.9     102 ..     124   AATATTAGGATAATG          GAGTTATCTG TTCT CTGA-AATTT           GCGGAATCAAACATG
 5.7     114 ..     125   ATGGAGTTATCTGTT                C TCTGAAATTT G                 CGGAATCAAACATGT
 6.2     116 ..     126   GGAGTTATCTGTTCT                 CTGA AAT TTGC                 GGAATCAAACATGTx
 2.6     117 ..     127   GAGTTATCTGTTCTC                 TGAA ATT TGCG                 GAATCAAACATGTxx
 0.3     116 ..     128   GGAGTTATCTGTTCT                CTGAA ATT TGCGG                AATCAAACATGTxxx
-0.6     115 ..     129   TGGAGTTATCTGTTC               TCTGAA ATT TGCGGA               ATCAAACATGTxxxx
 2.9     114 ..     130   ATGGAGTTATCTGTT              CTCTGAA ATT TGCGGAA              TCAAACATGTxxxxx
-0.4     121 ..     131   TATCTGTTCTCTGAA                 ATTT GCG GAAT                 CAAACATGTxxxxxx
 3.1     120 ..     132   TTATCTGTTCTCTGA                AATTT GCG GAATC                AAACATGTxxxxxxx
 4.8     110 ..     133   GATAATGGAGTTATC          TGTTCTCTGAA ATT TGCGGA-ATCA          AACATGTxxxxxxxx
-0.1     123 ..     134   TCTGTTCTCTGAAAT                TTG CGGAAT CAA                 ACATGTxxxxxxxxx
  -1     122 ..     135   ATCTGTTCTCTGAAA               TTTG CGGAAT CAAA                CATGTxxxxxxxxxx
 2.5     121 ..     136   TATCTGTTCTCTGAA              ATTTG CGGAAT CAAAC               ATGTxxxxxxxxxxx
 4.8     124 ..     137   CTGTTCTCTGAAATT               TG CGGAATCAAA CA                TGTxxxxxxxxxxxx
 5.1     119 ..     138   GTTATCTGTTCTCTG            AAATTTG CGGAAT CAAACAT             GTxxxxxxxxxxxxx
 4.7     129 ..     139   CTCTGAAATTTGCGG                 AAT CAAAC ATG                 Txxxxxxxxxxxxxx
