>AK092096.1:824-956 Homo sapiens cDNA FLJ34777 fis, clone NT2NE2003485 FORWARD
   9       1 ..      11   xxxxxxxxxxxxxxx                TGG CCCTTA TC-                 GAAGCTGCAGCTGCT
 4.3       1 ..      12   xxxxxxxxxxxxxxx                TGG CCCTTA TCG                 AAGCTGCAGCTGCTT
 5.3       1 ..      13   xxxxxxxxxxxxxxx                TGG CCCTTAT CGA                AGCTGCAGCTGCTTC
 7.7       4 ..      14   xxxxxxxxxxxxTGG                 CCC TTATC GAA                 GCTGCAGCTGCTTCC
 2.6       5 ..      15   xxxxxxxxxxxTGGC                 CCTT ATC GAAG                 CTGCAGCTGCTTCCG
 1.4       5 ..      16   xxxxxxxxxxxTGGC                CCTT ATCG AAGC                 TGCAGCTGCTTCCGC
 4.7       2 ..      17   xxxxxxxxxxxxxxT              GGC CCTTATCGAA GCT               GCAGCTGCTTCCGCA
 2.6       8 ..      18   xxxxxxxxTGGCCCT                 TATC GAA GCTG                 CAGCTGCTTCCGCAT
 2.8       3 ..      19   xxxxxxxxxxxxxTG             GC-CCTT ATCG AAGCTGC              AGCTGCTTCCGCATA
 5.2       1 ..      20   xxxxxxxxxxxxxxx            TGGCCCTT ATCG AAGCTGCA             GCTGCTTCCGCATAG
 4.7      11 ..      21   xxxxxTGGCCCTTAT                 C GAAGCTGCA G                 CTGCTTCCGCATAGC
 3.4      12 ..      22   xxxxTGGCCCTTATC                 GAAG CTG CAGC                 TGCTTCCGCATAGCT
 2.5      13 ..      23   xxxTGGCCCTTATCG                AAGC TGCA GCT-                 GCTTCCGCATAGCTG
   0      13 ..      24   xxxTGGCCCTTATCG                AAGC TGCA GCTG                 CTTCCGCATAGCTGC
-2.4      15 ..      25   xTGGCCCTTATCGAA                 GCTG CAG CTGC                 TTCCGCATAGCTGCT
-3.3      14 ..      26   xxTGGCCCTTATCGA                AGCTG CAG CTGCT                TCCGCATAGCTGCTG
-4.2      13 ..      27   xxxTGGCCCTTATCG               AAGCTG CAG CTGCTT               CCGCATAGCTGCTGT
-6.5      12 ..      28   xxxxTGGCCCTTATC              GAAGCTG CAG CTGCTTC              CGCATAGCTGCTGTG
  -3      11 ..      29   xxxxxTGGCCCTTAT             CGAAGCTG CAG CTGCTTCC             GCATAGCTGCTGTGG
-2.8      11 ..      30   xxxxxTGGCCCTTAT            C-GAAGCTG CAG CTGCTTCCG            CATAGCTGCTGTGGT
-2.4      21 ..      31   CTTATCGAAGCTGCA                 GCTG CTT CCGC                 ATAGCTGCTGTGGTC
-0.3      17 ..      32   GGCCCTTATCGAAGC              TGCAG CTGCTT CCGCA               TAGCTGCTGTGGTCA
   0      22 ..      33   TTATCGAAGCTGCAG                CTGC TTCC GCAT                 AGCTGCTGTGGTCAA
 0.5       8 ..      34   xxxxxxxxTGGCCCT        TAT-C-GAAGCTG CAG CTGCTTCCGCATA        GCTGCTGTGGTCAAA
 1.7      11 ..      35   xxxxxTGGCCCTTAT          CGAAGCTGCAG CTG CTTCCGCATAG          CTGCTGTGGTCAAAA
-0.5      24 ..      36   ATCGAAGCTGCAGCT                GCT TCCGCAT AGC                TGCTGTGGTCAAAAA
 0.9      20 ..      37   CCTTATCGAAGCTGC             AGCTG CTTCCGCA TAGCT              GCTGTGGTCAAAAAG
-2.4      28 ..      38   AAGCTGCAGCTGCTT                 CCGC ATA GCTG                 CTGTGGTCAAAAAGG
-3.7      18 ..      39   GCCCTTATCGAAGCT           GCAGCTG CTTCCGCA TAGCTGC            TGTGGTCAAAAAGGA
-2.5      20 ..      40   CCTTATCGAAGCTGC            AGCTGCT TCCGCAT AGCTGCT            GTGGTCAAAAAGGAG
-4.8      19 ..      41   CCCTTATCGAAGCTG           CAGCTGCT TCCGCAT AGCTGCTG           TGGTCAAAAAGGAGC
-3.5      18 ..      42   GCCCTTATCGAAGCT          GCAGCTGCT TCCGCAT AGCTGCTGT          GGTCAAAAAGGAGCC
-4.1      31 ..      43   CTGCAGCTGCTTCCG                CATAG CTG CTGTG                GTCAAAAAGGAGCCC
-4.5      16 ..      44   TGGCCCTTATCGAAG        CTGCAGCTGCT TCCGCAT AGCTGCTGTGG        TCAAAAAGGAGCCCA
-3.2      15 ..      45   xTGGCCCTTATCGAA       GCTGCAGCTGCT TCCGCAT AGCTGCTGTGGT       CAAAAAGGAGCCCAG
-0.8      15 ..      46   xTGGCCCTTATCGAA      G-CTGCAGCTGCT TCCGCAT AGCTGCTGTGGTC      AAAAAGGAGCCCAGA
 1.8      37 ..      47   CTGCTTCCGCATAGC                 TG CTGTGGT CA                 AAAAGGAGCCCAGAG
 4.6      26 ..      48   CGAAGCTGCAGCTGC           TTCCGCATAG CTG CTGTGGTCAA           AAAGGAGCCCAGAGT
 5.8      38 ..      49   TGCTTCCGCATAGCT                GCTG TGGT CAAA                 AAGGAGCCCAGAGTG
 4.7      40 ..      50   CTTCCGCATAGCTGC                 TGT GGTCA AAA                 AGGAGCCCAGAGTGA
 5.7      40 ..      51   CTTCCGCATAGCTGC                TGT GGTCAA AAA                 GGAGCCCAGAGTGAC
 3.4      39 ..      52   GCTTCCGCATAGCTG               CTGT GGTCAA AAAG                GAGCCCAGAGTGACA
   4       5 ..      53   xxxxxxxxxxxTGGC CCTTATCGAAGCTGCAGCTGCT TCCGCAT AGCTGCTGTGG-T-CAAAAAGG AGCCCAGAGTGACAG
 5.5      44 ..      54   CGCATAGCTGCTGTG                 GTC AAAAA GGA                 GCCCAGAGTGACAGT
 3.7      36 ..      55   GCTGCTTCCGCATAG            CTGCTGT GGTCAA AAAGGAG             CCCAGAGTGACAGTT
 1.4      35 ..      56   AGCTGCTTCCGCATA           GCTGCTGT GGTCAA AAAGGAGC            CCAGAGTGACAGTTT
 2.2      43 ..      57   CCGCATAGCTGCTGT              GG-TC AAAAAG GAGCC               CAGAGTGACAGTTTT
 2.6      43 ..      58   CCGCATAGCTGCTGT              GGTC AAAAAGGA GCCC               AGAGTGACAGTTTTC
 1.7      42 ..      59   TCCGCATAGCTGCTG             TGGTC AAAAAGGA GCCCA              GAGTGACAGTTTTCC
-4.768e-08      39 ..      60   GCTTCCGCATAGCTG           CTGTGGTC AAAAAG GAGCCCAG            AGTGACAGTTTTCCT
 3.5      38 ..      61   TGCTTCCGCATAGCT          GCTGTGGTC AAAAAG GAGCCCAGA           GTGACAGTTTTCCTT
   2      39 ..      62   GCTTCCGCATAGCTG          CTGTGGTC AAAAAGGA GCCCAGAG           TGACAGTTTTCCTTG
 3.3      38 ..      63   TGCTTCCGCATAGCT         GCTGTGGTC AAAAAGGA GCCCAGAGT          GACAGTTTTCCTTGA
 4.6      37 ..      64   CTGCTTCCGCATAGC        TGCTGTGGTC AAAAAGGA GCCCAGAGTG         ACAGTTTTCCTTGAC
 3.4      55 ..      65   TGTGGTCAAAAAGGA                 GCCC AGA GTGA                 CAGTTTTCCTTGACG
 2.9      55 ..      66   TGTGGTCAAAAAGGA                GCC CAGAGT GAC                 AGTTTTCCTTGACGG
 6.4      54 ..      67   CTGTGGTCAAAAAGG               AGCC CAGAGT GACA                GTTTTCCTTGACGGT
 1.9      58 ..      68   GGTCAAAAAGGAGCC                 CAG AGTGA CAG                 TTTTCCTTGACGGTC
 4.8      59 ..      69   GTCAAAAAGGAGCCC                 AGAG TGA CAGT                 TTTCCTTGACGGTCG
   4      60 ..      70   TCAAAAAGGAGCCCA                 GAGT GAC AGTT                 TTCCTTGACGGTCGC
 3.1      59 ..      71   GTCAAAAAGGAGCCC                AGAGT GAC AGTTT                TCCTTGACGGTCGCC
 4.1      59 ..      72   GTCAAAAAGGAGCCC               AGAGT GACA GTTTT                CCTTGACGGTCGCCG
 3.6      62 ..      73   AAAAAGGAGCCCAGA                GTGA CAGT TTTC                 CTTGACGGTCGCCGT
 4.3      63 ..      74   AAAAGGAGCCCAGAG                TGA CAGTTT TCC                 TTGACGGTCGCCGTT
 3.6      61 ..      75   CAAAAAGGAGCCCAG              AGTGA CAGTTT TC-CT               TGACGGTCGCCGTTC
 2.9      50 ..      76   GCTGCTGTGGTCAAA         AAGGAGCCCAG AGTGA CAGTTTTCCTT         GACGGTCGCCGTTCT
 2.1      66 ..      77   AGGAGCCCAGAGTGA                CAG TTTTCC TTG                 ACGGTCGCCGTTCTG
 5.6      65 ..      78   AAGGAGCCCAGAGTG               ACAG TTTTCC TTGA                CGGTCGCCGTTCTGT
 2.1      68 ..      79   GAGCCCAGAGTGACA                GTT TTCCTT GAC                 GGTCGCCGTTCTGTT
 2.6      70 ..      80   GCCCAGAGTGACAGT                 TTTC CTT GACG                 GTCGCCGTTCTGTTT
 3.3      66 ..      81   AGGAGCCCAGAGTGA              CAGTT TTCCTT GACGG               TCGCCGTTCTGTTTG
 1.9      72 ..      82   CCAGAGTGACAGTTT                 TCC TTGAC GGT                 CGCCGTTCTGTTTGT
 0.1      64 ..      83   AAAGGAGCCCAGAGT            GACAGTT TTCCTT GACGGTC             GCCGTTCTGTTTGTT
 1.4      63 ..      84   AAAAGGAGCCCAGAG           TGACAGTT TTCCTT GACGGTCG            CCGTTCTGTTTGTTG
-0.9      62 ..      85   AAAAAGGAGCCCAGA          GTGACAGTT TTCCTT GACGGTCGC           CGTTCTGTTTGTTGT
 2.6      61 ..      86   CAAAAAGGAGCCCAG         AGTGACAGTT TTCCTT GACGGTCGCC          GTTCTGTTTGTTGTA
 2.2      76 ..      87   AGTGACAGTTTTCCT                TGAC GGTC GCCG                 TTCTGTTTGTTGTAA
-6.8      78 ..      88   TGACAGTTTTCCTTG                 ACGG TCG CCGT                 TCTGTTTGTTGTAAC
-5.5      77 ..      89   GTGACAGTTTTCCTT                GACGG TCG CCGTT                CTGTTTGTTGTAACT
-3.1      77 ..      90   GTGACAGTTTTCCTT               G-ACGG TCG CCGTTC               TGTTTGTTGTAACTG
 0.4      76 ..      91   AGTGACAGTTTTCCT              TG-ACGG TCG CCGTTCT              GTTTGTTGTAACTGA
-0.8      74 ..      92   AGAGTGACAGTTTTC             CTTGACGG TCG CCGTTCTG             TTTGTTGTAACTGAT
 1.8      78 ..      93   TGACAGTTTTCCTTG              ACGG TCGCCGTT CTGT               TTGTTGTAACTGATC
 3.1      77 ..      94   GTGACAGTTTTCCTT             GACGG TCGCCGTT CTGTT              TGTTGTAACTGATCT
 6.6      76 ..      95   AGTGACAGTTTTCCT            TGACGG TCGCCGTT CTGTTT             GTTGTAACTGATCTG
   4      86 ..      96   TTCCTTGACGGTCGC                 CG TTCTGTT TG                 TTGTAACTGATCTGC
 5.9      78 ..      97   TGACAGTTTTCCTTG            ACGGTCG CCGTTC TGTTTGT             TGTAACTGATCTGCA
 7.2      77 ..      98   GTGACAGTTTTCCTT           GACGGTCG CCGTTC TGTTTGTT            GTAACTGATCTGCAA
 6.5      83 ..      99   GTTTTCCTTGACGGT              CGCCG TTCTGTT TGTTG              TAACTGATCTGCAAC
 7.2      89 ..     100   CTTGACGGTCGCCGT                TC TGTTTGTT GT                 AACTGATCTGCAACA
 4.7      91 ..     101   TGACGGTCGCCGTTC                 TGT TTGTT GTA                 ACTGATCTGCAACAT
 7.1      91 ..     102   TGACGGTCGCCGTTC                T GTTTGTTGTA A                 CTGATCTGCAACATT
-0.1      92 ..     103   GACGGTCGCCGTTCT                GTT TGTTGT AAC                 TGATCTGCAACATTT
 3.4      91 ..     104   TGACGGTCGCCGTTC               TGTT TGTTGT AACT                GATCTGCAACATTTT
 1.1      90 ..     105   TTGACGGTCGCCGTT              CTGTT TGTTGT AACTG               ATCTGCAACATTTTG
 0.2      89 ..     106   CTTGACGGTCGCCGT             TCTGTT TGTTGT AACTGA              TCTGCAACATTTTGG
 3.7      88 ..     107   CCTTGACGGTCGCCG            TTCTGTT TGTTGT AACTGAT             CTGCAACATTTTGGG
 1.4      87 ..     108   TCCTTGACGGTCGCC           GTTCTGTT TGTTGT AACTGATC            TGCAACATTTTGGGA
 4.9      86 ..     109   TTCCTTGACGGTCGC          CGTTCTGTT TGTTGT AACTGATCT           GCAACATTTTGGGAA
 2.6      85 ..     110   TTTCCTTGACGGTCG         CCGTTCTGTT TGTTGT AACTGATCTG          CAACATTTTGGGAAA
 0.3      84 ..     111   TTTTCCTTGACGGTC        GCCGTTCTGTT TGTTGT AACTGATCTGC         AACATTTTGGGAAAA
 2.2      98 ..     112   CGCCGTTCTGTTTGT               TGTA ACTGATC TGCA               ACATTTTGGGAAAAT
 1.3      97 ..     113   TCGCCGTTCTGTTTG              TTGTA ACTGATC TGCAA              CATTTTGGGAAAATA
  -1      96 ..     114   GTCGCCGTTCTGTTT             GTTGTA ACTGATC TGCAAC             ATTTTGGGAAAATAC
-1.9      95 ..     115   GGTCGCCGTTCTGTT            TGTTGTA ACTGATC TGCAACA            TTTTGGGAAAATACA
 1.6      94 ..     116   CGGTCGCCGTTCTGT           TTGTTGTA ACTGATC TGCAACAT           TTTGGGAAAATACAG
 3.1     105 ..     117   CTGTTTGTTGTAACT                GATCT GCA ACATT                TTGGGAAAATACAGT
 3.1     101 ..     118   CGTTCTGTTTGTTGT             AACTGAT CTGC AACATTT              TGGGAAAATACAGTT
 5.2     105 ..     119   CTGTTTGTTGTAACT               GATCTG CAA CATTTT               GGGAAAATACAGTTx
 3.9     110 ..     120   TGTTGTAACTGATCT                GCAA CATT TTG-                 GGAAAATACAGTTxx
 1.4     110 ..     121   TGTTGTAACTGATCT                GCAA CATT TTGG                 GAAAATACAGTTxxx
 2.7     109 ..     122   TTGTTGTAACTGATC               TGCAA CATT TTGGG                AAAATACAGTTxxxx
   2     107 ..     123   GTTTGTTGTAACTGA             TCTGCAA CATT TTG-GGA              AAATACAGTTxxxxx
 5.3     107 ..     124   GTTTGTTGTAACTGA             TCTGCAA CATT TTGGGAA              AATACAGTTxxxxxx
   4     115 ..     125   TAACTGATCTGCAAC                 ATTT TGG GAAA                 ATACAGTTxxxxxxx
-2.6     116 ..     126   AACTGATCTGCAACA                 TTTT GGG AAAA                 TACAGTTxxxxxxxx
-3.5     115 ..     127   TAACTGATCTGCAAC                ATTTT GGG AAAAT                ACAGTTxxxxxxxxx
-2.384e-07     114 ..     128   GTAACTGATCTGCAA               CATTTT GGG AAAATA               CAGTTxxxxxxxxxx
 3.5     113 ..     129   TGTAACTGATCTGCA              ACATTTT GGG AAAATAC              AGTTxxxxxxxxxxx
 2.8     119 ..     130   TGATCTGCAACATTT                TG GGAAAATA CA                 GTTxxxxxxxxxxxx
 4.1     118 ..     131   CTGATCTGCAACATT               TTG GGAAAATA CAG                TTxxxxxxxxxxxxx
   6     110 ..     132   TGTTGTAACTGATCT           GCAACATTTT GGG AAAATACAGT           Txxxxxxxxxxxxxx
