>X96656.1:1-72 H.sapiens mRNA for U57 small nuclear RNA FORWARD
 7.6       1 ..      11   xxxxxxxxxxxxxxx                 TG GAGGTGA TG                 AACTGTCTGAGCCTG
 7.1       1 ..      12   xxxxxxxxxxxxxxx                T GGAGGTGATG A                 ACTGTCTGAGCCTGA
 8.1       1 ..      13   xxxxxxxxxxxxxxx                T GGAGGTGATGA A                CTGTCTGAGCCTGAC
 5.7       3 ..      14   xxxxxxxxxxxxxTG                G AGGTGATGAA C                 TGTCTGAGCCTGACC
 1.1       5 ..      15   xxxxxxxxxxxTGGA                 GGT GATGA ACT                 GTCTGAGCCTGACCT
 4.6       4 ..      16   xxxxxxxxxxxxTGG                AGGT GATGA ACTG                TCTGAGCCTGACCTT
 5.9       3 ..      17   xxxxxxxxxxxxxTG               GAGGT GATGA ACTGT               CTGAGCCTGACCTTG
 0.4       8 ..      18   xxxxxxxxTGGAGGT                 GATG AAC TGTC                 TGAGCCTGACCTTGT
 3.9       7 ..      19   xxxxxxxxxTGGAGG                TGATG AAC TGTCT                GAGCCTGACCTTGTA
 5.8       9 ..      20   xxxxxxxTGGAGGTG                ATGA ACTG TCTG                 AGCCTGACCTTGTAG
 5.7      10 ..      21   xxxxxxTGGAGGTGA                TGA ACTGTC TGA                 GCCTGACCTTGTAGA
 7.7      12 ..      22   xxxxTGGAGGTGATG                 AAC TGTCT GAG                 CCTGACCTTGTAGAA
 3.3      13 ..      23   xxxTGGAGGTGATGA                 ACT GTCTG AGC                 CTGACCTTGTAGAAT
   6       5 ..      24   xxxxxxxxxxxTGGA            GGTGATGA ACTG TCTGAGCC             TGACCTTGTAGAATG
 3.4      15 ..      25   xTGGAGGTGATGAAC                 TGTC TGA GCCT                 GACCTTGTAGAATGG
 1.1      14 ..      26   xxTGGAGGTGATGAA                CTGTC TGA GCCTG                ACCTTGTAGAATGGA
  -1      17 ..      27   GGAGGTGATGAACTG                 TCTG AGC CTGA                 CCTTGTAGAATGGAG
-3.3      16 ..      28   TGGAGGTGATGAACT                GTCTG AGC CTGAC                CTTGTAGAATGGAGG
 0.2      15 ..      29   xTGGAGGTGATGAAC               TGTCTG AGC CTGACC               TTGTAGAATGGAGGC
 3.7      14 ..      30   xxTGGAGGTGATGAA              CTGTCTG AGC CTGACCT              TGTAGAATGGAGGCA
 2.1      20 ..      31   GGTGATGAACTGTCT                GAG CCTGAC CTT                 GTAGAATGGAGGCAA
 3.4      19 ..      32   AGGTGATGAACTGTC               TGAG CCTGAC CTTG                TAGAATGGAGGCAAA
   5      22 ..      33   TGATGAACTGTCTGA                GC CTGACCTT GT                 AGAATGGAGGCAAAA
   6      17 ..      34   GGAGGTGATGAACTG             TCTGAG CCTGAC CTTGTA              GAATGGAGGCAAAAA
 0.6      24 ..      35   ATGAACTGTCTGAGC                CTGAC CTT GT-AG                AATGGAGGCAAAAAA
 4.1      23 ..      36   GATGAACTGTCTGAG               CCTGAC CTT GT-AGA               ATGGAGGCAAAAAAA
 4.8      27 ..      37   AACTGTCTGAGCCTG                 ACCT TGT AGAA                 TGGAGGCAAAAAAAC
 6.1      26 ..      38   GAACTGTCTGAGCCT                GACCT TGT AGAAT                GGAGGCAAAAAAACT
 1.4      28 ..      39   ACTGTCTGAGCCTGA                CCTT GTAG AATG                 GAGGCAAAAAAACTG
   1      28 ..      40   ACTGTCTGAGCCTGA                CCTT GTAGA ATGG                AGGCAAAAAAACTGA
   4      31 ..      41   GTCTGAGCCTGACCT                 TGTA GAA TGGA                 GGCAAAAAAACTGAT
 4.1      29 ..      42   CTGTCTGAGCCTGAC               CTT GTAGAATG GAG                GCAAAAAAACTGATT
 1.8      28 ..      43   ACTGTCTGAGCCTGA              CCTT GTAGAATG GAGG               CAAAAAAACTGATTT
 3.1      22 ..      44   TGATGAACTGTCTGA          GCCTGACCTT GTAG AATGG-AGGC           AAAAAAACTGATTTA
 4.6      25 ..      45   TGAACTGTCTGAGCC           TGACCTT GTAGAATG GAGG-CA            AAAAAACTGATTTAA
 4.2      30 ..      46   TGTCTGAGCCTGACC              TTGT AGAATGGAG GCAA              AAAAACTGATTTAAT
 4.8      37 ..      47   GCCTGACCTTGTAGA                 ATGG AGG CAAA                 AAAACTGATTTAATG
 6.1      38 ..      48   CCTGACCTTGTAGAA                 T GGAGGCAAA A                 AAACTGATTTAATGA
 7.1      38 ..      49   CCTGACCTTGTAGAA                T GGAGGCAAAA A                 AACTGATTTAATGAG
 8.1      38 ..      50   CCTGACCTTGTAGAA                T GGAGGCAAAAA A                ACTGATTTAATGAGC
None      41 ..      51   GACCTTGTAGAATGG                  AGGCAAAAAAA                  CTGATTTAATGAGCC
 4.7      42 ..      52   ACCTTGTAGAATGGA                 G GCAAAAAAA C                 TGATTTAATGAGCCT
 3.8      41 ..      53   GACCTTGTAGAATGG                AG GCAAAAAAA CT                GATTTAATGAGCCTG
 1.8      44 ..      54   CTTGTAGAATGGAGG                 CA AAAAAAC TG                 ATTTAATGAGCCTGA
 5.3      43 ..      55   CCTTGTAGAATGGAG                GCA AAAAAAC TGA                TTTAATGAGCCTGAT
 6.1      46 ..      56   TGTAGAATGGAGGCA                 A AAAAACTGA T                 TTAATGAGCCTGATC
 3.2      47 ..      57   GTAGAATGGAGGCAA                 AA AAACTGA TT                 TAATGAGCCTGATCC
 0.3      48 ..      58   TAGAATGGAGGCAAA                 AAA ACTGA TTT                 AATGAGCCTGATCCx
 2.8      48 ..      59   TAGAATGGAGGCAAA                AAAA CTGA TTTA                 ATGAGCCTGATCCxx
 6.3      47 ..      60   GTAGAATGGAGGCAA               AAAAA CTGA TTTAA                TGAGCCTGATCCxxx
   4      51 ..      61   AATGGAGGCAAAAAA                 ACTG ATT TAAT                 GAGCCTGATCCxxxx
 4.1      44 ..      62   CTTGTAGAATGGAGG             CAAAAAA ACTGA TTTAATG             AGCCTGATCCxxxxx
 1.8      53 ..      63   TGGAGGCAAAAAAAC                 TGAT TTA ATGA                 GCCTGATCCxxxxxx
-0.5      52 ..      64   ATGGAGGCAAAAAAA                CTGAT TTA ATGAG                CCTGATCCxxxxxxx
   3      51 ..      65   AATGGAGGCAAAAAA               ACTGAT TTA ATGAGC               CTGATCCxxxxxxxx
 3.9      54 ..      66   GGAGGCAAAAAAACT                GATTT AAT GAGCC                TGATCCxxxxxxxxx
 5.6      49 ..      67   AGAATGGAGGCAAAA             AAACTGAT TTA ATGAGCCT             GATCCxxxxxxxxxx
 5.1      52 ..      68   ATGGAGGCAAAAAAA              CTGATTT AAT GAGCCTG              ATCCxxxxxxxxxxx
 4.5      57 ..      69   GGCAAAAAAACTGAT                TTA ATGAGCC TGA                TCCxxxxxxxxxxxx
 1.8      60 ..      70   AAAAAAACTGATTTA                 ATGA GCC TGAT                 CCxxxxxxxxxxxxx
 5.2      54 ..      71   GGAGGCAAAAAAACT             GATT TAATGAGCCT GATC              Cxxxxxxxxxxxxxx
