>AC154727.2:c126995-126920 Mus musculus BAC clone RP24-375I15 from 14, complete sequence FORWARD
None       1 ..      11   xxxxxxxxxxxxxxx                  GAGGTATGAGG                  AAAATATCGGACAGT
None       2 ..      12   xxxxxxxxxxxxxxG                  AGGTATGAGGA                  AAATATCGGACAGTC
None       3 ..      13   xxxxxxxxxxxxxGA                  GGTATGAGGAA                  AATATCGGACAGTCT
 7.6       4 ..      14   xxxxxxxxxxxxGAG                 GT ATGAGGA AA                 ATATCGGACAGTCTG
 4.7       5 ..      15   xxxxxxxxxxxGAGG                 TAT GAGGA AAA                 TATCGGACAGTCTGA
 3.2       6 ..      16   xxxxxxxxxxGAGGT                 AT GAGGAAA AT                 ATCGGACAGTCTGAT
 2.3       5 ..      17   xxxxxxxxxxxGAGG                TAT GAGGAAA ATA                TCGGACAGTCTGATT
 3.6       4 ..      18   xxxxxxxxxxxxGAG               GTAT GAGGAAA ATAT               CGGACAGTCTGATTA
 1.3       3 ..      19   xxxxxxxxxxxxxGA              GGTAT GAGGAAA ATATC              GGACAGTCTGATTAC
 3.3      10 ..      20   xxxxxxGAGGTATGA                 GGA AAATA TCG                 GACAGTCTGATTACC
 6.8       9 ..      21   xxxxxxxGAGGTATG                AGGA AAATA TCGG                ACAGTCTGATTACCA
 6.7       5 ..      22   xxxxxxxxxxxGAGG             TATGA GGAAAATA TCGGA              CAGTCTGATTACCAC
 4.4       4 ..      23   xxxxxxxxxxxxGAG            GTATGA GGAAAATA TCGGAC             AGTCTGATTACCACT
 7.9       3 ..      24   xxxxxxxxxxxxxGA           GGTATGA GGAAAATA TCGGACA            GTCTGATTACCACTG
 6.2      15 ..      25   xGAGGTATGAGGAAA                 ATAT CGG ACAG                 TCTGATTACCACTGA
 5.3      14 ..      26   xxGAGGTATGAGGAA                AATAT CGG ACAGT                CTGATTACCACTGAA
 7.7      17 ..      27   AGGTATGAGGAAAAT                 ATC GGACA GTC                 TGATTACCACTGAAG
   7      15 ..      28   xGAGGTATGAGGAAA               ATAT CGGACA GTCT                GATTACCACTGAAGA
-3.2      19 ..      29   GTATGAGGAAAATAT                 CGGA CAG TCTG                 ATTACCACTGAAGAC
-4.1      18 ..      30   GGTATGAGGAAAATA                TCGGA CAG TCTGA                TTACCACTGAAGACT
  -5      17 ..      31   AGGTATGAGGAAAAT               ATCGGA CAG TCTGAT               TACCACTGAAGACTG
-1.5      16 ..      32   GAGGTATGAGGAAAA              TATCGGA CAG TCTGATT              ACCACTGAAGACTGA
 0.1      16 ..      33   GAGGTATGAGGAAAA             T-ATCGGA CAG TCTGATTA             CCACTGAAGACTGAT
 3.6      15 ..      34   xGAGGTATGAGGAAA            AT-ATCGGA CAG TCTGATTAC            CACTGAAGACTGATA
 4.3      24 ..      35   AGGAAAATATCGGAC                AGT CTGATT ACC                 ACTGAAGACTGATAA
 6.1      26 ..      36   GAAAATATCGGACAG                 T CTGATTACC A                 CTGAAGACTGATAAG
 3.3      27 ..      37   AAAATATCGGACAGT                 CTG ATTAC CAC                 TGAAGACTGATAAGA
 2.9      24 ..      38   AGGAAAATATCGGAC               AGT CTGATTACC ACT               GAAGACTGATAAGAT
 0.6      23 ..      39   GAGGAAAATATCGGA              CAGT CTGATTACC ACTG              AAGACTGATAAGATC
   3      26 ..      40   GAAAATATCGGACAG               TCTG ATTACCA CTGA               AGACTGATAAGATCC
 3.2      31 ..      41   TATCGGACAGTCTGA                 TT ACCACTG AA                 GACTGATAAGATCCA
 3.6      31 ..      42   TATCGGACAGTCTGA                TTAC CACT GAAG                 ACTGATAAGATCCAA
 5.9      26 ..      43   GAAAATATCGGACAG             TCT GATTACCACTGA AGA              CTGATAAGATCCAAC
 3.6      25 ..      44   GGAAAATATCGGACA            GTCT GATTACCACTGA AGAC             TGATAAGATCCAACT
 2.7      24 ..      45   AGGAAAATATCGGAC           AGTCT GATTACCACTGA AGACT            GATAAGATCCAACTC
 0.4      23 ..      46   GAGGAAAATATCGGA          CAGTCT GATTACCACTGA AGACTG           ATAAGATCCAACTCT
 3.9      22 ..      47   TGAGGAAAATATCGG         ACAGTCT GATTACCACTGA AGACTGA          TAAGATCCAACTCTG
   4      33 ..      48   TCGGACAGTCTGATT              ACCACT GAAG ACTGAT               AAGATCCAACTCTGA
 3.1      32 ..      49   ATCGGACAGTCTGAT             TACCACT GAAG ACTGATA              AGATCCAACTCTGAC
 2.2      31 ..      50   TATCGGACAGTCTGA            TTACCACT GAAG ACTGATAA             GATCCAACTCTGACC
 4.4      37 ..      51   ACAGTCTGATTACCA               CTGA AGACTGA TAAG               ATCCAACTCTGACCT
   7      26 ..      52   GAAAATATCGGACAG         TCTGATTA CCACTGAAGAC TGATAAGA         TCCAACTCTGACCTC
 3.6      42 ..      53   CTGATTACCACTGAA                GACT GATA AGAT                 CCAACTCTGACCTCA
 1.6      42 ..      54   CTGATTACCACTGAA               GA-CT GATA AGATC                CAACTCTGACCTCAA
 0.4      45 ..      55   ATTACCACTGAAGAC                 TGAT AAG ATCC                 AACTCTGACCTCAAC
   2      45 ..      56   ATTACCACTGAAGAC                TG-AT AAG ATCCA                ACTCTGACCTCAACA
 5.5      44 ..      57   GATTACCACTGAAGA               CTG-AT AAG ATCCAA               CTCTGACCTCAACAA
 5.1      42 ..      58   CTGATTACCACTGAA              GACTGAT AAG ATCCAAC              TCTGACCTCAACAAA
 4.2      41 ..      59   TCTGATTACCACTGA             AGACTGAT AAG ATCCAACT             CTGACCTCAACAAAG
 4.3      49 ..      60   CCACTGAAGACTGAT                AAG ATCCAA CTC                 TGACCTCAACAAAGC
-0.1      50 ..      61   CACTGAAGACTGATA                AGA TCCAAC TCT                 GACCTCAACAAAGCC
 3.4      49 ..      62   CCACTGAAGACTGAT               AAGA TCCAAC TCTG                ACCTCAACAAAGCCx
 1.8      53 ..      63   TGAAGACTGATAAGA                 TC CAACTCT GA                 CCTCAACAAAGCCxx
 5.3      52 ..      64   CTGAAGACTGATAAG                ATC CAACTCT GAC                CTCAACAAAGCCxxx
   3      51 ..      65   ACTGAAGACTGATAA               GATC CAACTCT GACC               TCAACAAAGCCxxxx
 2.1      50 ..      66   CACTGAAGACTGATA              AGATC CAACTCT GACCT              CAACAAAGCCxxxxx
 5.6      49 ..      67   CCACTGAAGACTGAT             AAGATC CAACTCT GACCTC             AACAAAGCCxxxxxx
 4.7      48 ..      68   ACCACTGAAGACTGA            TAAGATC CAACTCT GACCTCA            ACAAAGCCxxxxxxx
 3.9      59 ..      69   CTGATAAGATCCAAC                TCTG ACCT CA-A                 CAAAGCCxxxxxxxx
 5.8      59 ..      70   CTGATAAGATCCAAC                TCTG ACCT CAAC                 AAAGCCxxxxxxxxx
 1.8      61 ..      71   GATAAGATCCAACTC                 TG ACCTCAA CA                 AAGCCxxxxxxxxxx
 5.3      60 ..      72   TGATAAGATCCAACT                CTG ACCTCAA CAA                AGCCxxxxxxxxxxx
 4.4      59 ..      73   CTGATAAGATCCAAC               TCTG ACCTCAA CAAA               GCCxxxxxxxxxxxx
 2.1      58 ..      74   ACTGATAAGATCCAA              CTCTG ACCTCAA CAAAG              CCxxxxxxxxxxxxx
 4.3      64 ..      75   AAGATCCAACTCTGA                CCT CAACAA AGC                 Cxxxxxxxxxxxxxx
