>AANN01433628.1:978-1063 Erinaceus europaeus voucher Broad:Sequencing.Sample:533, Broad Institute, Cambridge, MA cont1.433627, whole genome shotgun sequence FORWARD
 6.2       1 ..      11   xxxxxxxxxxxxxxx                 TGAT GGC AATG                 ATGATTTTTAAACTT
 2.8       1 ..      12   xxxxxxxxxxxxxxx                TGAT GGCA ATGA                 TGATTTTTAAACTTA
 3.2       3 ..      13   xxxxxxxxxxxxxTG                 AT GGCAATG AT                 GATTTTTAAACTTAT
 4.8       4 ..      14   xxxxxxxxxxxxTGA                 TGGC AAT GATG                 ATTTTTAAACTTATT
 5.8       1 ..      15   xxxxxxxxxxxxxxx               TGAT GGCAATG ATGA               TTTTTAAACTTATTG
 3.6       5 ..      16   xxxxxxxxxxxTGAT                GGCA ATGA TGAT                 TTTTAAACTTATTGT
 5.3       7 ..      17   xxxxxxxxxTGATGG                CAAT GATG ATT-                 TTTAAACTTATTGTT
 2.8       7 ..      18   xxxxxxxxxTGATGG                CAAT GATG ATTT                 TTAAACTTATTGTTT
   4       9 ..      19   xxxxxxxTGATGGCA                 ATGA TGA TTTT                 TAAACTTATTGTTTA
 3.1       8 ..      20   xxxxxxxxTGATGGC                AATGA TGA TTTTT                AAACTTATTGTTTAC
 3.5      10 ..      21   xxxxxxTGATGGCAA                TGA TGATTT TTA                 AACTTATTGTTTACC
   4      12 ..      22   xxxxTGATGGCAATG                 ATGA TTT TTAA                 ACTTATTGTTTACCT
 6.1      13 ..      23   xxxTGATGGCAATGA                 T GATTTTTAA A                 CTTATTGTTTACCTG
 0.4      14 ..      24   xxTGATGGCAATGAT                 GATT TTT AAAC                 TTATTGTTTACCTGA
 1.8      15 ..      25   xTGATGGCAATGATG                 ATTT TTA AACT                 TATTGTTTACCTGAT
   3      12 ..      26   xxxxTGATGGCAATG               ATGATT TTT AAACTT               ATTGTTTACCTGATA
 2.2      13 ..      27   xxxTGATGGCAATGA               TGATTT TTA AACTTA               TTGTTTACCTGATAA
 1.3      12 ..      28   xxxxTGATGGCAATG              ATGATTT TTA AACTTAT              TGTTTACCTGATAAG
 2.6      11 ..      29   xxxxxTGATGGCAAT             GATGATTT TTA AACTTATT             GTTTACCTGATAAGT
 1.8       7 ..      30   xxxxxxxxxTGATGG          CAATGATGATT TTT AAAC-TTATTG          TTTACCTGATAAGTA
   3       9 ..      31   xxxxxxxTGATGGCA           ATGATGATTT TTA AACTTATTGT           TTACCTGATAAGTAA
-1.1      22 ..      32   CAATGATGATTTTTA                 AAC TTATT GTT                 TACCTGATAAGTAAA
  -2      21 ..      33   GCAATGATGATTTTT                AAAC TTATT GTTT                ACCTGATAAGTAAAT
-2.9      20 ..      34   GGCAATGATGATTTT               TAAAC TTATT GTTTA               CCTGATAAGTAAATA
 0.6      19 ..      35   TGGCAATGATGATTT              TTAAAC TTATT GTTTAC              CTGATAAGTAAATAT
 4.1      18 ..      36   ATGGCAATGATGATT             TTTAAAC TTATT GTTTACC             TGATAAGTAAATATG
 6.1      27 ..      37   ATGATTTTTAAACTT                 A TTGTTTACC T                 GATAAGTAAATATGA
 5.5      28 ..      38   TGATTTTTAAACTTA                 TTG TTTAC CTG                 ATAAGTAAATATGAG
 5.7      28 ..      39   TGATTTTTAAACTTA                TTG TTTACC TGA                 TAAGTAAATATGAGG
 4.7      30 ..      40   ATTTTTAAACTTATT                 GTT TACCT GAT                 AAGTAAATATGAGGG
 3.8      29 ..      41   GATTTTTAAACTTAT                TGTT TACCT GATA                AGTAAATATGAGGGT
 0.3      32 ..      42   TTTTAAACTTATTGT                 TTA CCTGA TAA                 GTAAATATGAGGGTG
 0.7      24 ..      43   ATGATGATTTTTAAA            CTTATTG TTTACC TGATAAG             TAAATATGAGGGTGT
-0.2      23 ..      44   AATGATGATTTTTAA           ACTTATTG TTTACC TGATAAGT            AAATATGAGGGTGTT
-0.5      33 ..      45   TTTAAACTTATTGTT                TACCT GAT AAGTA                AATATGAGGGTGTTC
-1.4      32 ..      46   TTTTAAACTTATTGT               TTACCT GAT AAGTAA               ATATGAGGGTGTTCA
-2.3      31 ..      47   TTTTTAAACTTATTG              TTTACCT GAT AAGTAAA              TATGAGGGTGTTCAG
  -1      30 ..      48   ATTTTTAAACTTATT             GTTTACCT GAT AAGTAAAT             ATGAGGGTGTTCAGT
-1.9      29 ..      49   GATTTTTAAACTTAT            TGTTTACCT GAT AAGTAAATA            TGAGGGTGTTCAGTC
 1.3      39 ..      50   CTTATTGTTTACCTG                ATA AGTAAA TAT                 GAGGGTGTTCAGTCA
 4.5      26 ..      51   GATGATTTTTAAACT         TATTGTTTACCT GAT AAGTAAATA-TG         AGGGTGTTCAGTCAC
 3.6      25 ..      52   TGATGATTTTTAAAC        TTATTGTTTACCT GAT AAGTAAATA-TGA        GGGTGTTCAGTCACT
 1.3      24 ..      53   ATGATGATTTTTAAA       CTTATTGTTTACCT GAT AAGTAAATA-TGAG       GGTGTTCAGTCACTA
-0.7      35 ..      54   TAAACTTATTGTTTA            CCTGATA AGTAAA TATGAGG             GTGTTCAGTCACTAC
 2.8      34 ..      55   TTAAACTTATTGTTT           ACCTGATA AGTAAA TATGAGGG            TGTTCAGTCACTACC
 4.4      34 ..      56   TTAAACTTATTGTTT          AC-CTGATA AGTAAA TATGAGGGT           GTTCAGTCACTACCT
 5.7      33 ..      57   TTTAAACTTATTGTT         TAC-CTGATA AGTAAA TATGAGGGTG          TTCAGTCACTACCTC
 2.8      47 ..      58   TTACCTGATAAGTAA                ATAT GAGG GTGT                 TCAGTCACTACCTCA
 1.9      46 ..      59   TTTACCTGATAAGTA               AATAT GAGG GTGTT                CAGTCACTACCTCAT
 5.4      45 ..      60   GTTTACCTGATAAGT              AAATAT GAGG GTGTTC               AGTCACTACCTCATC
-0.8      50 ..      61   CCTGATAAGTAAATA                TGAG GGTG TTCA                 GTCACTACCTCATCT
 2.7      49 ..      62   ACCTGATAAGTAAAT               ATGAG GGTG TTCAG                TCACTACCTCATCTG
 4.3      49 ..      63   ACCTGATAAGTAAAT              A-TGAG GGTG TTCAGT               CACTACCTCATCTGA
 3.3      54 ..      64   ATAAGTAAATATGAG                 GGT GTTCA GTC                 ACTACCTCATCTGAT
 2.6      50 ..      65   CCTGATAAGTAAATA              TGAGGG TGTT CAGTCA               CTACCTCATCTGATG
-1.5      55 ..      66   TAAGTAAATATGAGG                GTG TTCAGT CAC                 TACCTCATCTGATGC
-0.2      54 ..      67   ATAAGTAAATATGAG               GGTG TTCAGT CACT                ACCTCATCTGATGCC
 3.3      53 ..      68   GATAAGTAAATATGA              GGGTG TTCAGT CACTA               CCTCATCTGATGCCA
 3.5      53 ..      69   GATAAGTAAATATGA             G-GGTG TTCAGT CACTAC              CTCATCTGATGCCAT
 1.3      54 ..      70   ATAAGTAAATATGAG             GGT-GT TCAGTC ACTACC              TCATCTGATGCCATC
 1.8      61 ..      71   AATATGAGGGTGTTC                 AG TCACTAC CT                 CATCTGATGCCATCT
-5.245e-07      51 ..      72   CTGATAAGTAAATAT           GAGGGTGT TCAGTC ACTACCTC            ATCTGATGCCATCTx
-0.9      50 ..      73   CCTGATAAGTAAATA          TGAGGGTGT TCAGTC ACTACCTCA           TCTGATGCCATCTxx
-1.8      49 ..      74   ACCTGATAAGTAAAT         ATGAGGGTGT TCAGTC ACTACCTCAT          CTGATGCCATCTxxx
 1.7      48 ..      75   TACCTGATAAGTAAA        TATGAGGGTGT TCAGTC ACTACCTCATC         TGATGCCATCTxxxx
 0.8      47 ..      76   TTACCTGATAAGTAA       ATATGAGGGTGT TCAGTC ACTACCTCATCT        GATGCCATCTxxxxx
 4.3      46 ..      77   TTTACCTGATAAGTA      AATATGAGGGTGT TCAGTC ACTACCTCATCTG       ATGCCATCTxxxxxx
 3.6      59 ..      78   TAAATATGAGGGTGT            TCAG TCACTACCTCAT CTGA             TGCCATCTxxxxxxx
 4.3      68 ..      79   GGGTGTTCAGTCACT                ACC TCATCT GAT                 GCCATCTxxxxxxxx
-4.768e-08      69 ..      80   GGTGTTCAGTCACTA                CCTC ATCT GATG                 CCATCTxxxxxxxxx
 0.4      71 ..      81   TGTTCAGTCACTACC                 TCAT CTG ATGC                 CATCTxxxxxxxxxx
 3.9      70 ..      82   GTGTTCAGTCACTAC                CTCAT CTG ATGCC                ATCTxxxxxxxxxxx
 7.4      69 ..      83   GGTGTTCAGTCACTA               CCTCAT CTG ATGCCA               TCTxxxxxxxxxxxx
 4.2      73 ..      84   TTCAGTCACTACCTC                AT CTGATGCC AT                 CTxxxxxxxxxxxxx
 5.8      74 ..      85   TCAGTCACTACCTCA                TCTG ATGC CATC                 Txxxxxxxxxxxxxx
