>AJ609450.1:1-137 Homo sapiens ACA58 snoRNA gene FORWARD
 4.7       1 ..      11   xxxxxxxxxxxxxxx                -GGG CATA CTCG                 TAGACCTTGCCTGAC
 6.5       1 ..      12   xxxxxxxxxxxxxxx                GGG CATACT CGT                 AGACCTTGCCTGACT
 6.5       2 ..      13   xxxxxxxxxxxxxxG                GGC ATACTC GTA                 GACCTTGCCTGACTG
 3.9       4 ..      14   xxxxxxxxxxxxGGG                CATA CTCG TA-G                 ACCTTGCCTGACTGT
 7.2       4 ..      15   xxxxxxxxxxxxGGG                CATA CTCG TAGA                 CCTTGCCTGACTGTG
 4.8       6 ..      16   xxxxxxxxxxGGGCA                 TACT CGT AGAC                 CTTGCCTGACTGTGC
 2.6       2 ..      17   xxxxxxxxxxxxxxG              GGCATA CTCG TAGACC               TTGCCTGACTGTGCT
 3.9       1 ..      18   xxxxxxxxxxxxxxx             GGGCATA CTCG TAGACCT              TGCCTGACTGTGCTC
 7.4       5 ..      19   xxxxxxxxxxxGGGC               ATACTC GTA GACCTT               GCCTGACTGTGCTCA
   4      10 ..      20   xxxxxxGGGCATACT                 CG TAGACCT TG                 CCTGACTGTGCTCAT
 0.4      11 ..      21   xxxxxGGGCATACTC                 GTAG ACC TTGC                 CTGACTGTGCTCATG
 0.5       2 ..      22   xxxxxxxxxxxxxxG            GGCATACTC GTA GACCTTGCC            TGACTGTGCTCATGT
  -1      13 ..      23   xxxGGGCATACTCGT                 AGAC CTT GCCT                 GACTGTGCTCATGTC
 0.3      12 ..      24   xxxxGGGCATACTCG                TAGAC CTT GCCTG                ACTGTGCTCATGTCC
 3.8      11 ..      25   xxxxxGGGCATACTC               GTAGAC CTT GCCTGA               CTGTGCTCATGTCCA
 1.8      11 ..      26   xxxxxGGGCATACTC              GT-AGAC CTT GCCTGAC              TGTGCTCATGTCCAG
   3      13 ..      27   xxxGGGCATACTCGT               AGAC CTTGCCT GACT               GTGCTCATGTCCAGG
 4.3      12 ..      28   xxxxGGGCATACTCG              TAGAC CTTGCCT GACTG              TGCTCATGTCCAGGC
 5.6      11 ..      29   xxxxxGGGCATACTC             GTAGAC CTTGCCT GACTGT             GCTCATGTCCAGGCA
 3.3      10 ..      30   xxxxxxGGGCATACT            CGTAGAC CTTGCCT GACTGTG            CTCATGTCCAGGCAG
 1.4      20 ..      31   ATACTCGTAGACCTT                GC CTGACTGT GC                 TCATGTCCAGGCAGG
 4.9      19 ..      32   CATACTCGTAGACCT               TGC CTGACTGT GCT                CATGTCCAGGCAGGG
 4.5       1 ..      33   xxxxxxxxxxxxxxx      GGGCATACTCG TAGACCTTGCC TGACTGTGCTC      ATGTCCAGGCAGGGG
-0.1      23 ..      34   CTCGTAGACCTTGCC                TGA CTGTGC TCA                 TGTCCAGGCAGGGGG
 3.4      22 ..      35   ACTCGTAGACCTTGC               CTGA CTGTGC TCAT                GTCCAGGCAGGGGGG
 1.1      21 ..      36   TACTCGTAGACCTTG              CCTGA CTGTGC TCATG               TCCAGGCAGGGGGGA
 1.6      25 ..      37   CGTAGACCTTGCCTG               AC-TG TGCT CATGT                CCAGGCAGGGGGGAC
-0.7      24 ..      38   TCGTAGACCTTGCCT              GAC-TG TGCT CATGTC               CAGGCAGGGGGGACA
 2.2      28 ..      39   AGACCTTGCCTGACT                GTGC TCAT GTCC                 AGGCAGGGGGGACAG
 1.3      27 ..      40   TAGACCTTGCCTGAC               TGTGC TCAT GTCCA                GGCAGGGGGGACAGT
  -1      26 ..      41   GTAGACCTTGCCTGA              CTGTGC TCAT GTCCAG               GCAGGGGGGACAGTG
-0.2      21 ..      42   TACTCGTAGACCTTG          CCT-GAC-TG TGCT CATGTCCAGG           CAGGGGGGACAGTGT
-2.5      20 ..      43   ATACTCGTAGACCTT         GCCT-GAC-TG TGCT CATGTCCAGGC          AGGGGGGACAGTGTA
-3.4      19 ..      44   CATACTCGTAGACCT        TGCCT-GAC-TG TGCT CATGTCCAGGCA         GGGGGGACAGTGTAT
  -3      22 ..      45   ACTCGTAGACCTTGC          CTGACTGTGC TCAT GTCCAGGCAG           GGGGGACAGTGTATG
-5.3      21 ..      46   TACTCGTAGACCTTG         CCTGACTGTGC TCAT GTCCAGGCAGG          GGGGACAGTGTATGC
-6.7      16 ..      47   GGGCATACTCGTAGA     CCTTGCCT-GAC-TG TGCT CATGTCCAGGCAGGG      GGGACAGTGTATGCA
-3.2      15 ..      48   xGGGCATACTCGTAG    ACCTTGCCT-GAC-TG TGCT CATGTCCAGGCAGGGG     GGACAGTGTATGCAA
 0.3      14 ..      49   xxGGGCATACTCGTA   GACCTTGCCT-GAC-TG TGCT CATGTCCAGGCAGGGGG    GACAGTGTATGCAAG
-1.5      17 ..      50   GGCATACTCGTAGAC     CTTGCCTGACTGTGC TCAT GTCCAGGCAGGGGGG      ACAGTGTATGCAAGA
 1.5      37 ..      51   CTGACTGTGCTCATG               TCC AGGCAGGGG GGA               CAGTGTATGCAAGAA
-0.8      36 ..      52   CCTGACTGTGCTCAT              GTCC AGGCAGGGG GGAC              AGTGTATGCAAGAAT
-1.7      35 ..      53   GCCTGACTGTGCTCA             TGTCC AGGCAGGGG GGACA             GTGTATGCAAGAATA
 1.8      34 ..      54   TGCCTGACTGTGCTC            ATGTCC AGGCAGGGG GGACAG            TGTATGCAAGAATAA
 2.5       7 ..      55   xxxxxxxxxGGGCAT ACTCGTAGACCTTGCCT-GAC-TG TGCT CATGTCCAGGCAGGGGGGAC-AGT GTATGCAAGAATAAT
 1.1      33 ..      56   TTGCCTGACTGTGCT          CA-TGTCC AGGCAGGGG GGACAGTG          TATGCAAGAATAATT
 2.9       5 ..      57   xxxxxxxxxxxGGGC ATACTCGTAGACCTTGCCT-GAC-TG TGCT CATGTCCAGGCAGGGGGGAC-AGTGT ATGCAAGAATAATTT
 3.6      29 ..      58   GACCTTGCCTGACTG       TGCTCATGTCC AGGCAGGGG GGACA-GTGTA       TGCAAGAATAATTTG
 2.6      49 ..      59   ATGTCCAGGCAGGGG                 GGAC AGT GTAT                 GCAAGAATAATTTGG
 0.5       4 ..      60   xxxxxxxxxxxxGGG CATACTC-GTAGACCTTGCCT-GAC-TG TGCT CATGTCCAGGCAGGGGGGACAGTGTATG CAAGAATAATTTGGA
-1.8       3 ..      61   xxxxxxxxxxxxxGG GCATACTC-GTAGACCTTGCCT-GAC-TG TGCT CATGTCCAGGCAGGGGGGACAGTGTATGC AAGAATAATTTGGAG
 6.7      29 ..      62   GACCTTGCCTGACTG    TGC-T-CA-TGTCC AGGCAGGGG GGACAGTGTATGCA    AGAATAATTTGGAGT
   6      18 ..      63   GCATACTCGTAGACC TTGCCTG-ACTGTG-CTCATGT CCAG GCAGGGGGGACAGTGTATGCAA GAATAATTTGGAGTT
 3.7      17 ..      64   GGCATACTCGTAGAC CTTGCCTG-ACTGTG-CTCATGT CCAG GCAGGGGGGACAGTGTATGCAAG AATAATTTGGAGTTC
 4.7      55 ..      65   AGGCAGGGGGGACAG                 TGT ATGCA AGA                 ATAATTTGGAGTTCC
 6.2      56 ..      66   GGCAGGGGGGACAGT                 GTAT GCA AGAA                 TAATTTGGAGTTCCT
 6.4      56 ..      67   GGCAGGGGGGACAGT                GT ATGCAAGA AT                 AATTTGGAGTTCCTG
 1.3      57 ..      68   GCAGGGGGGACAGTG                TAT GCAAGA ATA                 ATTTGGAGTTCCTGC
 4.8      56 ..      69   GGCAGGGGGGACAGT               GTAT GCAAGA ATAA                TTTGGAGTTCCTGCC
 5.2      58 ..      70   CAGGGGGGACAGTGT                AT GCAAGAATA AT                TTGGAGTTCCTGCCA
 6.8      53 ..      71   CCAGGCAGGGGGGAC            AGTGTAT GCAAGA ATA-ATT             TGGAGTTCCTGCCAG
 2.5      62 ..      72   GGGGACAGTGTATGC                 AAG AATAA TTT                 GGAGTTCCTGCCAGC
 0.2      61 ..      73   GGGGGACAGTGTATG                CAAG AATAA TTTG                GAGTTCCTGCCAGCT
 2.7      61 ..      74   GGGGGACAGTGTATG               CAAGA ATAA TTTGG                AGTTCCTGCCAGCTC
 2.8      59 ..      75   AGGGGGGACAGTGTA              TGCAAG AATAA TTTGGA              GTTCCTGCCAGCTCT
 6.3      58 ..      76   CAGGGGGGACAGTGT             ATGCAAG AATAA TTTGGAG             TTCCTGCCAGCTCTA
 6.4      66 ..      77   ACAGTGTATGCAAGA                AT AATTTGGA GT                 TCCTGCCAGCTCTAA
-0.4      68 ..      78   AGTGTATGCAAGAAT                 AATT TGG AGTT                 CCTGCCAGCTCTAAC
 3.1      67 ..      79   CAGTGTATGCAAGAA                TAATT TGG AGTTC                CTGCCAGCTCTAACC
 6.6      66 ..      80   ACAGTGTATGCAAGA               ATAATT TGG AGTTCC               TGCCAGCTCTAACCA
 5.7      65 ..      81   GACAGTGTATGCAAG              AATAATT TGG AGTTCCT              GCCAGCTCTAACCAG
 2.2      71 ..      82   GTATGCAAGAATAAT                TTGG AGTT CCTG                 CCAGCTCTAACCAGC
  -1      73 ..      83   ATGCAAGAATAATTT                 GGAG TTC CTGC                 CAGCTCTAACCAGCT
-0.8      73 ..      84   ATGCAAGAATAATTT                GG-AG TTC CTGCC                AGCTCTAACCAGCTT
-1.7      72 ..      85   TATGCAAGAATAATT               TGG-AG TTC CTGCCA               GCTCTAACCAGCTTC
-0.4      71 ..      86   GTATGCAAGAATAAT              TTGG-AG TTC CTGCCAG              CTCTAACCAGCTTCA
 2.1      76 ..      87   CAAGAATAATTTGGA                GTT CCTGCC AGC                 TCTAACCAGCTTCAT
 1.2      75 ..      88   GCAAGAATAATTTGG               AGTT CCTGCC AGCT                CTAACCAGCTTCATC
-1.1      74 ..      89   TGCAAGAATAATTTG              GAGTT CCTGCC AGCTC               TAACCAGCTTCATCA
 0.2      73 ..      90   ATGCAAGAATAATTT             GGAGTT CCTGCC AGCTCT              AACCAGCTTCATCAG
-0.7      72 ..      91   TATGCAAGAATAATT            TGGAGTT CCTGCC AGCTCTA             ACCAGCTTCATCAGT
-1.6      71 ..      92   GTATGCAAGAATAAT           TTGGAGTT CCTGCC AGCTCTAA            CCAGCTTCATCAGTG
 1.9      70 ..      93   TGTATGCAAGAATAA          TTTGGAGTT CCTGCC AGCTCTAAC           CAGCTTCATCAGTGG
 5.4      69 ..      94   GTGTATGCAAGAATA         ATTTGGAGTT CCTGCC AGCTCTAACC          AGCTTCATCAGTGGC
 4.8      85 ..      95   TTTGGAGTTCCTGCC                 AGCT CTA ACCA                 GCTTCATCAGTGGCT
 2.5      84 ..      96   ATTTGGAGTTCCTGC                CAGCT CTA ACCAG                CTTCATCAGTGGCTG
-1.5      86 ..      97   TTGGAGTTCCTGCCA                GCT CTAACC AGC                 TTCATCAGTGGCTGG
-2.4      85 ..      98   TTTGGAGTTCCTGCC               AGCT CTAACC AGCT                TCATCAGTGGCTGGA
 1.1      84 ..      99   ATTTGGAGTTCCTGC              CAGCT CTAACC AGCTT               CATCAGTGGCTGGAT
 4.6      83 ..     100   AATTTGGAGTTCCTG             CCAGCT CTAACC AGCTTC              ATCAGTGGCTGGATA
 3.9      81 ..     101   ATAATTTGGAGTTCC           TGCCAGCT CTAACC AGCTT-CA            TCAGTGGCTGGATAA
 6.1      92 ..     102   TTCCTGCCAGCTCTA                 A CCAGCTTCA T                 CAGTGGCTGGATAAA
None      93 ..     103   TCCTGCCAGCTCTAA                  CCAGCTTCATC                  AGTGGCTGGATAAAT
 8.7      90 ..     104   AGTTCCTGCCAGCTC               TAA CCAGCTTCA TCA               GTGGCTGGATAAATT
 2.9      94 ..     105   CCTGCCAGCTCTAAC                CAG CTTCAT CAG                 TGGCTGGATAAATTG
 1.1      96 ..     106   TGCCAGCTCTAACCA                 GCT TCATC AGT                 GGCTGGATAAATTGC
 2.6      94 ..     107   CCTGCCAGCTCTAAC               CAGCT TCATC AG-TG               GCTGGATAAATTGCA
 0.3      93 ..     108   TCCTGCCAGCTCTAA              CCAGCT TCATC AG-TGG              CTGGATAAATTGCAG
-0.1      96 ..     109   TGCCAGCTCTAACCA               GCTTC ATCA GTGGC                TGGATAAATTGCAGG
  -1      95 ..     110   CTGCCAGCTCTAACC              AGCTTC ATCA GTGGCT               GGATAAATTGCAGGA
-3.3      94 ..     111   CCTGCCAGCTCTAAC             CAGCTTC ATCA GTGGCTG              GATAAATTGCAGGAC
-5.6      93 ..     112   TCCTGCCAGCTCTAA            CCAGCTTC ATCA GTGGCTGG             ATAAATTGCAGGACT
-2.1      92 ..     113   TTCCTGCCAGCTCTA           ACCAGCTTC ATCA GTGGCTGGA            TAAATTGCAGGACTC
  -3      91 ..     114   GTTCCTGCCAGCTCT          AACCAGCTTC ATCA GTGGCTGGAT           AAATTGCAGGACTCT
-3.9      90 ..     115   AGTTCCTGCCAGCTC         TAACCAGCTTC ATCA GTGGCTGGATA          AATTGCAGGACTCTA
-0.4      89 ..     116   GAGTTCCTGCCAGCT        CTAACCAGCTTC ATCA GTGGCTGGATAA         ATTGCAGGACTCTAA
-1.3      88 ..     117   GGAGTTCCTGCCAGC       TCTAACCAGCTTC ATCA GTGGCTGGATAAA        TTGCAGGACTCTAAA
 2.2      87 ..     118   TGGAGTTCCTGCCAG      CTCTAACCAGCTTC ATCA GTGGCTGGATAAAT       TGCAGGACTCTAAAC
 3.5      86 ..     119   TTGGAGTTCCTGCCA     GCTCTAACCAGCTTC ATCA GTGGCTGGATAAATT      GCAGGACTCTAAACA
 2.8      84 ..     120   ATTTGGAGTTCCTGC   CAGCTCTAACCAGCTTC ATCA GTGGCTGGATAAA-TTG    CAGGACTCTAAACAT
 3.3     111 ..     121   GCTTCATCAGTGGCT                 GGA TAAAT TGC                 AGGACTCTAAACATT
 2.4     110 ..     122   AGCTTCATCAGTGGC                TGGA TAAAT TGCA                GGACTCTAAACATTT
 0.1     109 ..     123   CAGCTTCATCAGTGG               CTGGA TAAAT TGCAG               GACTCTAAACATTTx
   1      79 ..     124   GAATAATTTGGAGTT CCTGCCAGCTCTAACCAGCTTC ATCA GTGGCTGGATAAA-TTG-CAGG ACTCTAAACATTTxx
 0.1      78 ..     125   AGAATAATTTGGAGT TCCTGCCAGCTCTAACCAGCTTC ATCA GTGGCTGGATAAA-TTG-CAGGA CTCTAAACATTTxxx
 3.6      77 ..     126   AAGAATAATTTGGAG TTCCTGCCAGCTCTAACCAGCTTC ATCA GTGGCTGGATAAA-TTG-CAGGAC TCTAAACATTTxxxx
 2.9      75 ..     127   GCAAGAATAATTTGG AGTTCCTGCCAGCTCTAACCAGCTTC ATCA GTGGCTGGATAAA-TTG-CAGGA-CT CTAAACATTTxxxxx
 0.6      74 ..     128   TGCAAGAATAATTTG GAGTTCCTGCCAGCTCTAACCAGCTTC ATCA GTGGCTGGATAAA-TTG-CAGGA-CTC TAAACATTTxxxxxx
 1.9      73 ..     129   ATGCAAGAATAATTT GGAGTTCCTGCCAGCTCTAACCAGCTTC ATCA GTGGCTGGATAAA-TTG-CAGGA-CTCT AAACATTTxxxxxxx
   1      72 ..     130   TATGCAAGAATAATT TGGAGTTCCTGCCAGCTCTAACCAGCTTC ATCA GTGGCTGGATAAA-TTG-CAGGA-CTCTA AACATTTxxxxxxxx
 4.1     118 ..     131   CAGTGGCTGGATAAA               TTGCA GGAC TCTAA                ACATTTxxxxxxxxx
 4.9     119 ..     132   AGTGGCTGGATAAAT               TGCAG GACT CTAAA                CATTTxxxxxxxxxx
 4.7     123 ..     133   GCTGGATAAATTGCA                 G GACTCTAAA C                 ATTTxxxxxxxxxxx
 6.8     119 ..     134   AGTGGCTGGATAAAT              TG CAGGACTCTAAA CA               TTTxxxxxxxxxxxx
 6.1     125 ..     135   TGGATAAATTGCAGG                 A CTCTAAACA T                 TTxxxxxxxxxxxxx
 5.7     125 ..     136   TGGATAAATTGCAGG                ACT CTAAAC ATT                 Txxxxxxxxxxxxxx
