>U40580.1:1686-1760 Human U22 snoRNA host gene (UHG) gene, complete sequence FORWARD
 6.1       1 ..      11   xxxxxxxxxxxxxxx                -GTC AGAT GATT                 TGAATTGATAAGCTG
None       2 ..      12   xxxxxxxxxxxxxxG                  TCAGATGATTT                  GAATTGATAAGCTGA
-1.8       3 ..      13   xxxxxxxxxxxxxGT                 CAGA TGA TTTG                 AATTGATAAGCTGAT
-2.7       2 ..      14   xxxxxxxxxxxxxxG                TCAGA TGA TTTGA                ATTGATAAGCTGATG
 0.8       1 ..      15   xxxxxxxxxxxxxxx               GTCAGA TGA TTTGAA               TTGATAAGCTGATGT
 3.2       6 ..      16   xxxxxxxxxxGTCAG                 AT GATTTGA AT                 TGATAAGCTGATGTT
 4.5       5 ..      17   xxxxxxxxxxxGTCA                GAT GATTTGA ATT                GATAAGCTGATGTTC
 2.8       7 ..      18   xxxxxxxxxGTCAGA                TGAT TTGA ATTG                 ATAAGCTGATGTTCT
 3.8       2 ..      19   xxxxxxxxxxxxxxG             TCAGAT GATTTG AATTGA              TAAGCTGATGTTCTG
 3.5       9 ..      20   xxxxxxxGTCAGATG                ATT TGAATT GAT                 AAGCTGATGTTCTGT
 5.7      10 ..      21   xxxxxxGTCAGATGA                TTT GAATTG ATA                 AGCTGATGTTCTGTG
 3.5      11 ..      22   xxxxxGTCAGATGAT                TTG AATTGA TAA                 GCTGATGTTCTGTGA
 4.8      10 ..      23   xxxxxxGTCAGATGA               TTTG AATTGA TAAG                CTGATGTTCTGTGAG
 5.7      13 ..      24   xxxGTCAGATGATTT                G AATTGATAAG C                 TGATGTTCTGTGAGG
   5      14 ..      25   xxGTCAGATGATTTG                AATT GATA AGCT                 GATGTTCTGTGAGGT
 4.1       3 ..      26   xxxxxxxxxxxxxGT          CAGATGATT TGAATT GATAAGCTG           ATGTTCTGTGAGGTA
 3.2       2 ..      27   xxxxxxxxxxxxxxG         TCAGATGATT TGAATT GATAAGCTGA          TGTTCTGTGAGGTAC
 4.5       1 ..      28   xxxxxxxxxxxxxxx        GTCAGATGATT TGAATT GATAAGCTGAT         GTTCTGTGAGGTACA
 5.7      18 ..      29   CAGATGATTTGAATT                GAT AAGCTG ATG                 TTCTGTGAGGTACAA
 3.5      19 ..      30   AGATGATTTGAATTG                ATA AGCTGA TGT                 TCTGTGAGGTACAAA
 3.2      21 ..      31   ATGATTTGAATTGAT                 AA GCTGATG TT                 CTGTGAGGTACAAAA
 3.6      21 ..      32   ATGATTTGAATTGAT                AAGC TGAT GTTC                 TGTGAGGTACAAAAG
 2.8      22 ..      33   TGATTTGAATTGATA                AG CTGATGTT CT                 GTGAGGTACAAAAGT
  -1      24 ..      34   ATTTGAATTGATAAG                 CTGA TGT TCTG                 TGAGGTACAAAAGTT
 0.3      23 ..      35   GATTTGAATTGATAA                GCTGA TGT TCTGT                GAGGTACAAAAGTTA
 3.8      22 ..      36   TGATTTGAATTGATA               AGCTGA TGT TCTGTG               AGGTACAAAAGTTAA
 5.3      25 ..      37   TTTGAATTGATAAGC                TGATG TTC TGTGA                GGTACAAAAGTTAAT
   3      24 ..      38   ATTTGAATTGATAAG               CTGATG TTC TGTGAG               GTACAAAAGTTAATA
 2.6      29 ..      39   AATTGATAAGCTGAT                 GTTC TGT GAGG                 TACAAAAGTTAATAG
 2.6      30 ..      40   ATTGATAAGCTGATG                 TTCT GTG AGGT                 ACAAAAGTTAATAGC
 3.6      30 ..      41   ATTGATAAGCTGATG                TTCT GTGA GGTA                 CAAAAGTTAATAGCA
 1.3      29 ..      42   AATTGATAAGCTGAT               GTTCT GTGA GGTAC                AAAAGTTAATAGCAT
-1.8      33 ..      43   GATAAGCTGATGTTC                 TGTG AGG TACA                 AAAGTTAATAGCATG
 1.7      32 ..      44   TGATAAGCTGATGTT                CTGTG AGG TACAA                AAGTTAATAGCATGT
 0.8      31 ..      45   TTGATAAGCTGATGT               TCTGTG AGG TACAAA               AGTTAATAGCATGTT
-0.1      30 ..      46   ATTGATAAGCTGATG              TTCTGTG AGG TACAAAA              GTTAATAGCATGTTA
 3.4      29 ..      47   AATTGATAAGCTGAT             GTTCTGTG AGG TACAAAAG             TTAATAGCATGTTAG
 5.5      23 ..      48   GATTTGAATTGATAA         GCTGATGTTCT GTGA GGTACAAAAGT          TAATAGCATGTTAGA
 4.6      22 ..      49   TGATTTGAATTGATA        AGCTGATGTTCT GTGA GGTACAAAAGTT         AATAGCATGTTAGAG
 3.2      40 ..      50   TGATGTTCTGTGAGG                 TA CAAAAGT TA                 ATAGCATGTTAGAGT
 6.2      41 ..      51   GATGTTCTGTGAGGT                 ACAA AAG TTAA                 TAGCATGTTAGAGTT
 6.3      19 ..      52   AGATGATTTGAATTG     ATAAGCTGATGTTCT GTGA GGTACAAAAGTTAAT      AGCATGTTAGAGTTC
 6.2      40 ..      53   TGATGTTCTGTGAGG               TA CAAAAGTTAA TA                GCATGTTAGAGTTCT
 5.3      42 ..      54   ATGTTCTGTGAGGTA                CAA AAGTTAA TAG                CATGTTAGAGTTCTG
 7.4      38 ..      55   GCTGATGTTCTGTGA             GGTA CAAAAGTTAA TAGC              ATGTTAGAGTTCTGA
 2.6      46 ..      56   TCTGTGAGGTACAAA                 AGTT AAT AGCA                 TGTTAGAGTTCTGAT
 1.7      45 ..      57   TTCTGTGAGGTACAA                AAGTT AAT AGCAT                GTTAGAGTTCTGATG
 5.2      44 ..      58   GTTCTGTGAGGTACA               AAAGTT AAT AGCATG               TTAGAGTTCTGATGG
 4.3      43 ..      59   TGTTCTGTGAGGTAC              AAAAGTT AAT AGCATGT              TAGAGTTCTGATGGC
-0.4      50 ..      60   TGAGGTACAAAAGTT                 AATA GCA TGTT                 AGAGTTCTGATGGCA
-1.3      49 ..      61   GTGAGGTACAAAAGT                TAATA GCA TGTTA                GAGTTCTGATGGCAx
-7.153e-08      48 ..      62   TGTGAGGTACAAAAG               TTAATA GCA TGTTAG               AGTTCTGATGGCAxx
 3.5      47 ..      63   CTGTGAGGTACAAAA              GTTAATA GCA TGTTAGA              GTTCTGATGGCAxxx
   7      46 ..      64   TCTGTGAGGTACAAA             AGTTAATA GCA TGTTAGAG             TTCTGATGGCAxxxx
   5      54 ..      65   GTACAAAAGTTAATA                GC ATGTTAGA GT                 TCTGATGGCAxxxxx
 4.1      53 ..      66   GGTACAAAAGTTAAT               AGC ATGTTAGA GTT                CTGATGGCAxxxxxx
 5.6      54 ..      67   GTACAAAAGTTAATA               GCAT GTTAGA GTTC                TGATGGCAxxxxxxx
 4.7      53 ..      68   GGTACAAAAGTTAAT              AGCAT GTTAGA GTTCT               GATGGCAxxxxxxxx
 5.8      42 ..      69   ATGTTCTGTGAGGTA        CAAAAGT-TAATA GCA TGTTAGAGTTCTG        ATGGCAxxxxxxxxx
-0.8      59 ..      70   AAAGTTAATAGCATG                TTAG AGTT CTGA                 TGGCAxxxxxxxxxx
 0.5      58 ..      71   AAAAGTTAATAGCAT               GTTAG AGTT CTGAT                GGCAxxxxxxxxxxx
 1.8      57 ..      72   CAAAAGTTAATAGCA              TGTTAG AGTT CTGATG               GCAxxxxxxxxxxxx
 5.3      56 ..      73   ACAAAAGTTAATAGC             ATGTTAG AGTT CTGATGG              CAxxxxxxxxxxxxx
 3.2      54 ..      74   GTACAAAAGTTAATA           GCATGTTAG AGTT CTGATG-GC            Axxxxxxxxxxxxxx
