>AJ238851.1:5294-5387 Bos taurus rpl3 gene for ribosomal protein L3, U43 snoRNA, U82 snoRNA, U83a snoRNA and U83b snoRNA genes FORWARD
 6.1       1 ..      11   xxxxxxxxxxxxxxx                -GCT GTGC AGTG                 ATGAGACCCTGGAAT
 7.2       1 ..      12   xxxxxxxxxxxxxxx                GC TGTGCAGT GA                 TGAGACCCTGGAATG
 8.6       2 ..      13   xxxxxxxxxxxxxxG                CT GTGCAGTG AT                 GAGACCCTGGAATGA
 5.7       3 ..      14   xxxxxxxxxxxxxGC                TGT GCAGTG ATG                 AGACCCTGGAATGAG
 3.9       5 ..      15   xxxxxxxxxxxGCTG                TGCA GTGA TG-A                 GACCCTGGAATGAGC
 3.6       5 ..      16   xxxxxxxxxxxGCTG                TGCA GTGA TGAG                 ACCCTGGAATGAGCG
 6.5       3 ..      17   xxxxxxxxxxxxxGC              TGTGCA GTGA TG-AGA               CCCTGGAATGAGCGC
 5.1       4 ..      18   xxxxxxxxxxxxGCT              GT-GCA GTGA TGAGAC               CCTGGAATGAGCGCT
 4.3       8 ..      19   xxxxxxxxGCTGTGC                AGT GATGAG ACC                 CTGGAATGAGCGCTG
 2.9       9 ..      20   xxxxxxxGCTGTGCA                GTG ATGAGA CCC                 TGGAATGAGCGCTGG
   2       8 ..      21   xxxxxxxxGCTGTGC               AGTG ATGAGA CCCT                GGAATGAGCGCTGGG
-0.3       7 ..      22   xxxxxxxxxGCTGTG              CAGTG ATGAGA CCCTG               GAATGAGCGCTGGGC
 2.6      13 ..      23   xxxGCTGTGCAGTGA                 TGAG ACC CTGG                 AATGAGCGCTGGGCA
 2.3       5 ..      24   xxxxxxxxxxxGCTG            TGCAGTG ATGAGA CCCTGGA             ATGAGCGCTGGGCAC
 5.8       4 ..      25   xxxxxxxxxxxxGCT           GTGCAGTG ATGAGA CCCTGGAA            TGAGCGCTGGGCACA
 5.8      15 ..      26   xGCTGTGCAGTGATG                AGAC CCTG GAAT                 GAGCGCTGGGCACAG
   7       2 ..      27   xxxxxxxxxxxxxxG         CTGTGCAGTG ATGAGA CCCTGGAATG          AGCGCTGGGCACAGC
 4.8      18 ..      28   TGTGCAGTGATGAGA                 CCCT GGA ATGA                 GCGCTGGGCACAGCG
 2.9      18 ..      29   TGTGCAGTGATGAGA                CCC TGGAAT GAG                 CGCTGGGCACAGCGC
 4.3      19 ..      30   GTGCAGTGATGAGAC                CCT GGAATG AGC                 GCTGGGCACAGCGCC
   2      18 ..      31   TGTGCAGTGATGAGA               CCCT GGAATG AGCG                CTGGGCACAGCGCCC
 4.7      22 ..      32   CAGTGATGAGACCCT                 G GAATGAGCG C                 TGGGCACAGCGCCCG
 4.8      15 ..      33   xGCTGTGCAGTGATG            AGACCCT GGAATG AGCG-CT             GGGCACAGCGCCCGA
 5.4       7 ..      34   xxxxxxxxxGCTGTG        CAGTGATGAGAC CCTG GAATGAGCGCTG         GGCACAGCGCCCGAG
 3.6      19 ..      35   GTGCAGTGATGAGAC              CCTG GAATGAGCG CTGG              GCACAGCGCCCGAGT
 1.3      18 ..      36   TGTGCAGTGATGAGA             CCCTG GAATGAGCG CTGGG             CACAGCGCCCGAGTC
 3.4      27 ..      37   ATGAGACCCTGGAAT                 GAGC GCT GGGC                 ACAGCGCCCGAGTCA
 1.9      28 ..      38   TGAGACCCTGGAATG                 AGC GCTGG GCA                 CAGCGCCCGAGTCAG
-2.4      29 ..      39   GAGACCCTGGAATGA                 GCGC TGG GCAC                 AGCGCCCGAGTCAGA
-1.3      26 ..      40   GATGAGACCCTGGAA               TGAGC GCTGG GCACA               GCGCCCGAGTCAGAC
 2.2      25 ..      41   TGATGAGACCCTGGA              ATGAGC GCTGG GCACAG              CGCCCGAGTCAGACT
-5.8      31 ..      42   GACCCTGGAATGAGC                GCTG GGCA CAGC                 GCCCGAGTCAGACTG
-8.1      30 ..      43   AGACCCTGGAATGAG               CGCTG GGCA CAGCG                CCCGAGTCAGACTGC
-10.4      29 ..      44   GAGACCCTGGAATGA              GCGCTG GGCA CAGCGC               CCGAGTCAGACTGCG
-6.9      28 ..      45   TGAGACCCTGGAATG             AGCGCTG GGCA CAGCGCC              CGAGTCAGACTGCGG
-9.2      27 ..      46   ATGAGACCCTGGAAT            GAGCGCTG GGCA CAGCGCCC             GAGTCAGACTGCGGA
-7.9      26 ..      47   GATGAGACCCTGGAA           TGAGCGCTG GGCA CAGCGCCCG            AGTCAGACTGCGGAA
-4.4      25 ..      48   TGATGAGACCCTGGA          ATGAGCGCTG GGCA CAGCGCCCGA           GTCAGACTGCGGAAG
-3.4      32 ..      49   ACCCTGGAATGAGCG             CT-GGGC ACAGC GCCCGAG             TCAGACTGCGGAAGT
-2.1      31 ..      50   GACCCTGGAATGAGC            GCT-GGGC ACAGC GCCCGAGT            CAGACTGCGGAAGTA
-3.8      23 ..      51   AGTGATGAGACCCTG       GAAT-GAGCGCTG GGCA CAGCGCCCGAGTC        AGACTGCGGAAGTAT
-2.8      21 ..      52   GCAGTGATGAGACCC      TGGAATGAGCGCTG GGCA CAGCGCCCGAGTCA       GACTGCGGAAGTATT
-5.1      20 ..      53   TGCAGTGATGAGACC     CTGGAATGAGCGCTG GGCA CAGCGCCCGAGTCAG      ACTGCGGAAGTATTC
-1.6      19 ..      54   GTGCAGTGATGAGAC    CCTGGAATGAGCGCTG GGCA CAGCGCCCGAGTCAGA     CTGCGGAAGTATTCC
 1.1      43 ..      55   AGCGCTGGGCACAGC                GCCCG AGT CAGAC                TGCGGAAGTATTCCT
   1      17 ..      56   CTGTGCAGTGATGAG  ACCCTGGAATGAGCGCTG GGCA CAGCGCCCGAGTCAGACT   GCGGAAGTATTCCTT
 0.4      47 ..      57   CTGGGCACAGCGCCC                 GAGT CAG ACTG                 CGGAAGTATTCCTTG
 0.6      47 ..      58   CTGGGCACAGCGCCC                G-AGT CAG ACTGC                GGAAGTATTCCTTGC
-1.7      46 ..      59   GCTGGGCACAGCGCC               CG-AGT CAG ACTGCG               GAAGTATTCCTTGCT
  -4      45 ..      60   CGCTGGGCACAGCGC              CCG-AGT CAG ACTGCGG              AAGTATTCCTTGCTG
-0.5      44 ..      61   GCGCTGGGCACAGCG             CCCG-AGT CAG ACTGCGGA             AGTATTCCTTGCTGC
   3      43 ..      62   AGCGCTGGGCACAGC            GCCCG-AGT CAG ACTGCGGAA            GTATTCCTTGCTGCC
 0.7      42 ..      63   GAGCGCTGGGCACAG           CGCCCG-AGT CAG ACTGCGGAAG           TATTCCTTGCTGCCT
-1.1      54 ..      64   CAGCGCCCGAGTCAG                 ACT GCGGA AGT                 ATTCCTTGCTGCCTT
 2.4      53 ..      65   ACAGCGCCCGAGTCA                GACT GCGGA AGTA                TTCCTTGCTGCCTTC
 1.5      52 ..      66   CACAGCGCCCGAGTC               AGACT GCGGA AGTAT               TCCTTGCTGCCTTCC
 2.7      54 ..      67   CAGCGCCCGAGTCAG               ACTGC GGAA GTATT                CCTTGCTGCCTTCCT
 0.4      53 ..      68   ACAGCGCCCGAGTCA              GACTGC GGAA GTATTC               CTTGCTGCCTTCCTT
-5.4      59 ..      69   CCCGAGTCAGACTGC                 GGAA GTA TTCC                 TTGCTGCCTTCCTTC
-1.9      58 ..      70   GCCCGAGTCAGACTG                CGGAA GTA TTCCT                TGCTGCCTTCCTTCT
-1.1      61 ..      71   CGAGTCAGACTGCGG                 AAG TATTC CTT                 GCTGCCTTCCTTCTG
 0.7      56 ..      72   GCGCCCGAGTCAGAC              TGCGGAA GTA TTCCTTG              CTGCCTTCCTTCTGA
 0.1      59 ..      73   CCCGAGTCAGACTGC               GGAAG TATTC CTTGC               TGCCTTCCTTCTGAG
 0.2      62 ..      74   GAGTCAGACTGCGGA                AGTA TTCCT TGCT                GCCTTCCTTCTGAGA
 1.6      58 ..      75   GCCCGAGTCAGACTG             CGG-AAG TATTC CTTGCTG             CCTTCCTTCTGAGAA
-0.7      57 ..      76   CGCCCGAGTCAGACT            GCGG-AAG TATTC CTTGCTGC            CTTCCTTCTGAGAAC
-0.9      59 ..      77   CCCGAGTCAGACTGC             GGAAGTA TTCCT TGCTGCC             TTCCTTCTGAGAACA
 2.6      58 ..      78   GCCCGAGTCAGACTG            CGGAAGTA TTCCT TGCTGCCT            TCCTTCTGAGAACAG
 3.9      57 ..      79   CGCCCGAGTCAGACT           GCGGAAGTA TTCCT TGCTGCCTT           CCTTCTGAGAACAGC
 3.1      53 ..      80   ACAGCGCCCGAGTCA        GACTGCGG-AAG TATTC CTTGCTGCCTTC        CTTCTGAGAACAGCx
 2.3      59 ..      81   CCCGAGTCAGACTGC           GGAAG TATTCCTTGCTGC CTTCC           TTCTGAGAACAGCxx
 5.8      58 ..      82   GCCCGAGTCAGACTG          CGGAAG TATTCCTTGCTGC CTTCCT          TCTGAGAACAGCxxx
 7.1      57 ..      83   CGCCCGAGTCAGACT         GCGGAAG TATTCCTTGCTGC CTTCCTT         CTGAGAACAGCxxxx
 5.4      72 ..      84   GCGGAAGTATTCCTT                GCTG CCTTC CTTC                TGAGAACAGCxxxxx
 7.2      74 ..      85   GGAAGTATTCCTTGC                TG CCTTCCTT CT                 GAGAACAGCxxxxxx
 4.7      76 ..      86   AAGTATTCCTTGCTG                 C CTTCCTTCT G                 AGAACAGCxxxxxxx
   6      50 ..      87   GGCACAGCGCCCGAG   TCAGACTG-CGGAAGTA TTCCT TGCTGCCTTCCTTCTGA   GAACAGCxxxxxxxx
 1.1      78 ..      88   GTATTCCTTGCTGCC                 TTC CTTCT GAG                 AACAGCxxxxxxxxx
 1.8      79 ..      89   TATTCCTTGCTGCCT                 TC CTTCTGA GA                 ACAGCxxxxxxxxxx
 0.9      78 ..      90   GTATTCCTTGCTGCC                TTC CTTCTGA GAA                CAGCxxxxxxxxxxx
 0.4      81 ..      91   TTCCTTGCTGCCTTC                 CTTC TGA GAAC                 AGCxxxxxxxxxxxx
 3.9      80 ..      92   ATTCCTTGCTGCCTT                CCTTC TGA GAACA                GCxxxxxxxxxxxxx
 2.5      83 ..      93   CCTTGCTGCCTTCCT                TCTG AGAA CAG-                 Cxxxxxxxxxxxxxx
