>AACV01021456.1:c15260-15139 Oryza sativa Japonica Group cultivar Nipponbare chromosome 10 Ctg021456, whole genome shotgun sequence FORWARD
 8.3       1 ..      11   xxxxxxxxxxxxxxx                GCGT GCTA GTG-                 ATGATTAAAGAAGTT
 5.8       1 ..      12   xxxxxxxxxxxxxxx                GCGT GCTA GTGA                 TGATTAAAGAAGTTA
 5.4       3 ..      13   xxxxxxxxxxxxxGC                 GT GCTAGTG AT                 GATTAAAGAAGTTAA
 3.1       2 ..      14   xxxxxxxxxxxxxxG                CGT GCTAGTG ATG                ATTAAAGAAGTTAAA
 6.2       5 ..      15   xxxxxxxxxxxGCGT                 GC TAGTGAT GA                 TTAAAGAAGTTAAAA
 7.2       5 ..      16   xxxxxxxxxxxGCGT                GCTA GTGA TGAT                 TAAAGAAGTTAAAAA
 7.5       7 ..      17   xxxxxxxxxGCGTGC                TAGT GATG ATT-                 AAAGAAGTTAAAAAT
 0.6       7 ..      18   xxxxxxxxxGCGTGC                TAGT GATG ATTA                 AAGAAGTTAAAAATG
   4       9 ..      19   xxxxxxxGCGTGCTA                 GTGA TGA TTAA                 AGAAGTTAAAAATGG
 6.1      10 ..      20   xxxxxxGCGTGCTAG                 T GATGATTAA A                 GAAGTTAAAAATGGT
 6.8       6 ..      21   xxxxxxxxxxGCGTG              CTAGTGA TGA TTAA-AG              AAGTTAAAAATGGTG
 8.1      10 ..      22   xxxxxxGCGTGCTAG                T GATGATTAAAG A                AGTTAAAAATGGTGA
 6.1      13 ..      23   xxxGCGTGCTAGTGA                 T GATTAAAGA A                 GTTAAAAATGGTGAA
 8.4      14 ..      24   xxGCGTGCTAGTGAT                 GATT AAA GAAG                 TTAAAAATGGTGAAT
 2.5      15 ..      25   xGCGTGCTAGTGATG                 ATT AAAGA AGT                 TAAAAATGGTGAATC
 3.8      14 ..      26   xxGCGTGCTAGTGAT                GATT AAAGA AGTT                AAAAATGGTGAATCC
 0.3      17 ..      27   CGTGCTAGTGATGAT                 TAA AGAAG TTA                 AAAATGGTGAATCCT
-0.6      16 ..      28   GCGTGCTAGTGATGA                TTAA AGAAG TTAA                AAATGGTGAATCCTG
 1.9      16 ..      29   GCGTGCTAGTGATGA               TTAAA GAAG TTAAA                AATGGTGAATCCTGG
 5.4      15 ..      30   xGCGTGCTAGTGATG              ATTAAA GAAG TTAAAA               ATGGTGAATCCTGGA
 5.5      13 ..      31   xxxGCGTGCTAGTGA             TGATTAA AGAAG TTAAAAA             TGGTGAATCCTGGAT
 4.6      12 ..      32   xxxxGCGTGCTAGTG            ATGATTAA AGAAG TTAAAAAT            GGTGAATCCTGGATT
   4      23 ..      33   AGTGATGATTAAAGA                 AGTT AAA AATG                 GTGAATCCTGGATTA
 7.5      22 ..      34   TAGTGATGATTAAAG                AAGTT AAA AATGG                TGAATCCTGGATTAA
   5      24 ..      35   GTGATGATTAAAGAA                GTTA AAAA TGGT                 GAATCCTGGATTAAT
 5.4      26 ..      36   GATGATTAAAGAAGT                 TA AAAATGG TG                 AATCCTGGATTAATG
 4.5      25 ..      37   TGATGATTAAAGAAG                TTA AAAATGG TGA                ATCCTGGATTAATGT
 4.8      25 ..      38   TGATGATTAAAGAAG               TTAA AAATGG TGAA                TCCTGGATTAATGTG
 6.1      24 ..      39   GTGATGATTAAAGAA              GTTAA AAATGG TGAAT               CCTGGATTAATGTGC
 4.7      30 ..      40   ATTAAAGAAGTTAAA                 AAT GGTGA ATC                 CTGGATTAATGTGCT
 8.2      29 ..      41   GATTAAAGAAGTTAA                AAAT GGTGA ATCC                TGGATTAATGTGCTC
 1.9      32 ..      42   TAAAGAAGTTAAAAA                 TGG TGAAT CCT                 GGATTAATGTGCTCG
 4.3      32 ..      43   TAAAGAAGTTAAAAA                TGG TGAATC CTG                 GATTAATGTGCTCGC
 7.8      31 ..      44   TTAAAGAAGTTAAAA               ATGG TGAATC CTGG                ATTAATGTGCTCGCG
 6.1      35 ..      45   AGAAGTTAAAAATGG                 T GAATCCTGG A                 TTAATGTGCTCGCGT
 7.4      34 ..      46   AAGAAGTTAAAAATG                GT GAATCCTGG AT                TAATGTGCTCGCGTG
  -4      37 ..      47   AAGTTAAAAATGGTG                 AATC CTG GATT                 AATGTGCTCGCGTGC
-0.5      36 ..      48   GAAGTTAAAAATGGT                GAATC CTG GATTA                ATGTGCTCGCGTGCC
-1.4      35 ..      49   AGAAGTTAAAAATGG               TGAATC CTG GATTAA               TGTGCTCGCGTGCCG
-0.1      34 ..      50   AAGAAGTTAAAAATG              GTGAATC CTG GATTAAT              GTGCTCGCGTGCCGC
 3.4      33 ..      51   AAAGAAGTTAAAAAT             GGTGAATC CTG GATTAATG             TGCTCGCGTGCCGCT
 6.3      31 ..      52   TTAAAGAAGTTAAAA           ATGGTGAATC CTG GATTAAT-GT           GCTCGCGTGCCGCTG
 6.7      41 ..      53   TAAAAATGGTGAATC                C TGGATTAATGT G                CTCGCGTGCCGCTGT
 3.6      43 ..      54   AAAATGGTGAATCCT                GGAT TAAT GTGC                 TCGCGTGCCGCTGTG
   4      45 ..      55   AATGGTGAATCCTGG                 ATTA ATG TGCT                 CGCGTGCCGCTGTGT
 1.7      44 ..      56   AAATGGTGAATCCTG                GATTA ATG TGCTC                GCGTGCCGCTGTGTG
 5.2      43 ..      57   AAAATGGTGAATCCT               GGATTA ATG TGCTCG               CGTGCCGCTGTGTGC
 5.4      43 ..      58   AAAATGGTGAATCCT              G-GATTA ATG TGCTCGC              GTGCCGCTGTGTGCG
 6.4      41 ..      59   TAAAAATGGTGAATC             CTGGATTA ATG TGCTCGCG             TGCCGCTGTGTGCGC
 1.4      49 ..      60   GTGAATCCTGGATTA                ATGT GCTC GCGT                 GCCGCTGTGTGCGCG
 3.6      50 ..      61   TGAATCCTGGATTAA                TGTG CTCG CGTG                 CCGCTGTGTGCGCGC
-4.768e-08      51 ..      62   GAATCCTGGATTAAT                GTGC TCGC GTGC                 CGCTGTGTGCGCGCG
 2.9      52 ..      63   AATCCTGGATTAATG                TGC TCGCGT GCC                 GCTGTGTGCGCGCGC
 4.4      50 ..      64   TGAATCCTGGATTAA              TGTGC TCGCGT GC-CG               CTGTGTGCGCGCGCG
 1.9      55 ..      65   CCTGGATTAATGTGC                 TCG CGTGC CGC                 TGTGTGCGCGCGCGG
-2.4      56 ..      66   CTGGATTAATGTGCT                 CGCG TGC CGCT                 GTGTGCGCGCGCGGC
-2.2      56 ..      67   CTGGATTAATGTGCT                C-GCG TGC CGCTG                TGTGCGCGCGCGGCT
 1.3      55 ..      68   CCTGGATTAATGTGC               TC-GCG TGC CGCTGT               GTGCGCGCGCGGCTG
  -1      54 ..      69   TCCTGGATTAATGTG              CTC-GCG TGC CGCTGTG              TGCGCGCGCGGCTGG
 0.3      53 ..      70   ATCCTGGATTAATGT             GCTC-GCG TGC CGCTGTGT             GCGCGCGCGGCTGGA
 1.3      58 ..      71   GGATTAATGTGCTCG               CGTGC CGCT GTGTG                CGCGCGCGGCTGGAG
  -1      57 ..      72   TGGATTAATGTGCTC              GCGTGC CGCT GTGTGC               GCGCGCGGCTGGAGA
-3.9      63 ..      73   AATGTGCTCGCGTGC                 CGC TGTGT GCG                 CGCGCGGCTGGAGAT
-2.6      57 ..      74   TGGATTAATGTGCTC             GCGTGC CGCTGT GTGCGC              GCGCGGCTGGAGATT
-4.9      56 ..      75   CTGGATTAATGTGCT            CGCGTGC CGCTGT GTGCGCG             CGCGGCTGGAGATTT
-4.4      53 ..      76   ATCCTGGATTAATGT          GCTCGCGTGC CGCT GTGTGCGCGC           GCGGCTGGAGATTTT
-6.5      56 ..      77   CTGGATTAATGTGCT           CGCGTGCCGC TGT GTG-CGCGCG           CGGCTGGAGATTTTT
-6.5      57 ..      78   TGGATTAATGTGCTC           GCGTGC-CGC TGT GTGCGCGCGC           GGCTGGAGATTTTTT
-8.8      56 ..      79   CTGGATTAATGTGCT          CGCGTGC-CGC TGT GTGCGCGCGCG          GCTGGAGATTTTTTT
-7.5      55 ..      80   CCTGGATTAATGTGC         TCGCGTGC-CGC TGT GTGCGCGCGCGG         CTGGAGATTTTTTTT
-7.4      53 ..      81   ATCCTGGATTAATGT       GCTCGCGTGC-CGC TGT GTGCGCGCGCG-GC       TGGAGATTTTTTTTT
-3.9      52 ..      82   AATCCTGGATTAATG      TGCTCGCGTGC-CGC TGT GTGCGCGCGCG-GCT      GGAGATTTTTTTTTT
-2.1      62 ..      83   TAATGTGCTCGCGTG           CCGCTGTGT GCGC GCGCGGCTG            GAGATTTTTTTTTTC
-2.1      58 ..      84   GGATTAATGTGCTCG        CGTGCCGCTGTG TGCG CGC-GCGGCTGG         AGATTTTTTTTTTCT
 0.5      60 ..      85   ATTAATGTGCTCGCG         TGCCGCTGTGT GCGC GCGCGGCTGGA          GATTTTTTTTTTCTC
-1.3      54 ..      86   TCCTGGATTAATGTG    CTCGCGTGCCGCTGTG TGCG CGC-GCGGC-TG-GAG     ATTTTTTTTTTCTCT
-1.8      55 ..      87   CCTGGATTAATGTGC     TCGCGTGCCGCTGTG TGCG CGC-GCGGCTGGAGA      TTTTTTTTTTCTCTC
 1.7      54 ..      88   TCCTGGATTAATGTG    CTCGCGTGCCGCTGTG TGCG CGC-GCGGCTGGAGAT     TTTTTTTTTCTCTCT
   3      53 ..      89   ATCCTGGATTAATGT   GCTCGCGTGCCGCTGTG TGCG CGC-GCGGCTGGAGATT    TTTTTTTTCTCTCTG
 6.5      52 ..      90   AATCCTGGATTAATG  TGCTCGCGTGCCGCTGTG TGCG CGC-GCGGCTGGAGATTT   TTTTTTTCTCTCTGT
 6.8      48 ..      91   GGTGAATCCTGGATT AATGTGCTCGCGTGCCGCTGTG TGCG CGC-GCGGC-TG-GAG-ATTTT TTTTTTCTCTCTGTT
 6.2      82 ..      92   GTGTGCGCGCGCGGC                 TGGA GAT TTTT                 TTTTTCTCTCTGTTC
   4      83 ..      93   TGTGCGCGCGCGGCT                 GGAG ATT TTTT                 TTTTCTCTCTGTTCT
 1.8      84 ..      94   GTGCGCGCGCGGCTG                 GAGA TTT TTTT                 TTTCTCTCTGTTCTT
 2.5      85 ..      95   TGCGCGCGCGGCTGG                 AGA TTTTT TTT                 TTCTCTCTGTTCTTC
 3.5      85 ..      96   TGCGCGCGCGGCTGG                AGA TTTTTT TTT                 TCTCTCTGTTCTTCT
 4.5      85 ..      97   TGCGCGCGCGGCTGG                AGA TTTTTTT TTT                CTCTCTGTTCTTCTG
 2.2      84 ..      98   GTGCGCGCGCGGCTG               GAGA TTTTTTT TTTC               TCTCTGTTCTTCTGT
 2.9      85 ..      99   TGCGCGCGCGGCTGG               AGA TTTTTTTTT TCT               CTCTGTTCTTCTGTG
 0.6      84 ..     100   GTGCGCGCGCGGCTG              GAGA TTTTTTTTT TCTC              TCTGTTCTTCTGTGA
 1.9      83 ..     101   TGTGCGCGCGCGGCT             GGAGA TTTTTTTTT TCTCT             CTGTTCTTCTGTGAG
 2.6      84 ..     102   GTGCGCGCGCGGCTG             GAGA TTTTTTTTTTC TCTC             TGTTCTTCTGTGAGT
 3.9      83 ..     103   TGTGCGCGCGCGGCT            GGAGA TTTTTTTTTTC TCTCT            GTTCTTCTGTGAGTT
 5.2      82 ..     104   GTGTGCGCGCGCGGC           TGGAGA TTTTTTTTTTC TCTCTG           TTCTTCTGTGAGTTC
 6.8      80 ..     105   CTGTGTGCGCGCGCG         GCTG-GAGA TTTTTTTTT TCTCTCTGT         TCTTCTGTGAGTTCT
 7.7      96 ..     106   CTGGAGATTTTTTTT                 TTC TCTCT GTT                 CTTCTGTGAGTTCTT
 7.7      79 ..     107   GCTGTGTGCGCGCGC        GGCTGGAGA TTTTTTTTTTC TCTCTGTTC        TTCTGTGAGTTCTTC
None      98 ..     108   GGAGATTTTTTTTTT                  CTCTCTGTTCT                  TCTGTGAGTTCTTCx
None      99 ..     109   GAGATTTTTTTTTTC                  TCTCTGTTCTT                  CTGTGAGTTCTTCxx
None     100 ..     110   AGATTTTTTTTTTCT                  CTCTGTTCTTC                  TGTGAGTTCTTCxxx
None     101 ..     111   GATTTTTTTTTTCTC                  TCTGTTCTTCT                  GTGAGTTCTTCxxxx
 1.9     102 ..     112   ATTTTTTTTTTCTCT                 CTG TTCTT CTG                 TGAGTTCTTCxxxxx
 5.4     101 ..     113   GATTTTTTTTTTCTC                TCTG TTCTT CTGT                GAGTTCTTCxxxxxx
 3.1     100 ..     114   AGATTTTTTTTTTCT               CTCTG TTCTT CTGTG               AGTTCTTCxxxxxxx
 2.2      99 ..     115   GAGATTTTTTTTTTC              TCTCTG TTCTT CTGTGA              GTTCTTCxxxxxxxx
-0.1      98 ..     116   GGAGATTTTTTTTTT             CTCTCTG TTCTT CTGTGAG             TTCTTCxxxxxxxxx
 2.6     107 ..     117   TTTTTTCTCTCTGTT                 CTTC TGT GAGT                 TCTTCxxxxxxxxxx
 4.8     108 ..     118   TTTTTCTCTCTGTTC                 TTCT GTG AGTT                 CTTCxxxxxxxxxxx
 4.8     104 ..     119   TTTTTTTTTCTCTCT              GTTCTT CTGT GAGTTC               TTCxxxxxxxxxxxx
 8.3     103 ..     120   TTTTTTTTTTCTCTC             TGTTCTT CTGT GAGTTCT              TCxxxxxxxxxxxxx
 8.7     110 ..     121   TTTCTCTCTGTTCTT                CTG TGAGTT CTT                 Cxxxxxxxxxxxxxx
