>URS0000D65CBB ncRNA from 1 species FORWARD
None       1 ..      11   xxxxxxxxxxxxxxx                  UAUUUAAUGAC                  UGUAACGAAGUGUUG
None       2 ..      12   xxxxxxxxxxxxxxU                  AUUUAAUGACU                  GUAACGAAGUGUUGC
None       3 ..      13   xxxxxxxxxxxxxUA                  UUUAAUGACUG                  UAACGAAGUGUUGCG
None       4 ..      14   xxxxxxxxxxxxUAU                  UUAAUGACUGU                  AACGAAGUGUUGCGC
None       5 ..      15   xxxxxxxxxxxUAUU                  UAAUGACUGUA                  ACGAAGUGUUGCGCA
None       6 ..      16   xxxxxxxxxxUAUUU                  AAUGACUGUAA                  CGAAGUGUUGCGCAC
None       7 ..      17   xxxxxxxxxUAUUUA                  AUGACUGUAAC                  GAAGUGUUGCGCACA
 6.2       8 ..      18   xxxxxxxxUAUUUAA                 UG ACUGUAA CG                 AAGUGUUGCGCACAC
None       9 ..      19   xxxxxxxUAUUUAAU                  GACUGUAACGA                  AGUGUUGCGCACACG
 8.7       9 ..      20   xxxxxxxUAUUUAAU                GAC UGUAAC GAA                 GUGUUGCGCACACGG
 4.7      11 ..      21   xxxxxUAUUUAAUGA                 C UGUAACGAA G                 UGUUGCGCACACGGG
 8.2      10 ..      22   xxxxxxUAUUUAAUG                AC UGUAACGAA GU                GUUGCGCACACGGGU
 6.7      11 ..      23   xxxxxUAUUUAAUGA                C UGUAACGAAGU G                UUGCGCACACGGGUC
None      14 ..      24   xxUAUUUAAUGACUG                  UAACGAAGUGU                  UGCGCACACGGGUCA
 7.7      15 ..      25   xUAUUUAAUGACUGU                 AAC GAAGU GUU                 GCGCACACGGGUCAU
None      16 ..      26   UAUUUAAUGACUGUA                  ACGAAGUGUUG                  CGCACACGGGUCAUU
 7.2      16 ..      27   UAUUUAAUGACUGUA                AC GAAGUGUU GC                 GCACACGGGUCAUUG
 1.4      17 ..      28   AUUUAAUGACUGUAA                CG AAGUGUUG CG                 CACACGGGUCAUUGC
 4.9      16 ..      29   UAUUUAAUGACUGUA               ACG AAGUGUUG CGC                ACACGGGUCAUUGCC
 3.4      20 ..      30   UAAUGACUGUAACGA                 AGUG UUG CGCA                 CACGGGUCAUUGCCU
 1.9      21 ..      31   AAUGACUGUAACGAA                 GUG UUGCG CAC                 ACGGGUCAUUGCCUG
 5.4      20 ..      32   UAAUGACUGUAACGA                AGUG UUGCG CACA                CGGGUCAUUGCCUGC
 3.9      21 ..      33   AAUGACUGUAACGAA                GUG UUGCGCA CAC                GGGUCAUUGCCUGCU
 6.8      17 ..      34   AUUUAAUGACUGUAA             CGAAGUG UUGCG CACA-CG             GGUCAUUGCCUGCUx
 6.9      25 ..      35   ACUGUAACGAAGUGU                UGCG CACA CGG-                 GUCAUUGCCUGCUxx
 4.4      25 ..      36   ACUGUAACGAAGUGU                UGCG CACA CGGG                 UCAUUGCCUGCUxxx
 4.4      26 ..      37   CUGUAACGAAGUGUU                GCGC ACAC GGGU                 CAUUGCCUGCUxxxx
 3.4      28 ..      38   GUAACGAAGUGUUGC                 GCAC ACG GGUC                 AUUGCCUGCUxxxxx
 6.9      27 ..      39   UGUAACGAAGUGUUG                CGCAC ACG GGUCA                UUGCCUGCUxxxxxx
None      30 ..      40   AACGAAGUGUUGCGC                  ACACGGGUCAU                  UGCCUGCUxxxxxxx
None      31 ..      41   ACGAAGUGUUGCGCA                  CACGGGUCAUU                  GCCUGCUxxxxxxxx
 5.7      31 ..      42   ACGAAGUGUUGCGCA                C ACGGGUCAUU G                 CCUGCUxxxxxxxxx
 5.4      28 ..      43   GUAACGAAGUGUUGC              GC ACACGGGUCAUU GC               CUGCUxxxxxxxxxx
 0.4      34 ..      44   AAGUGUUGCGCACAC                 GG GUCAUUG CC                 UGCUxxxxxxxxxxx
 2.9      34 ..      45   AAGUGUUGCGCACAC                GGG UCAUUG CCU                 GCUxxxxxxxxxxxx
 0.6      33 ..      46   GAAGUGUUGCGCACA               CGGG UCAUUG CCUG                CUxxxxxxxxxxxxx
 4.1      32 ..      47   CGAAGUGUUGCGCAC              ACGGG UCAUUG CCUGC               Uxxxxxxxxxxxxxx
