>URS0000D682DE sRNA from 1 species FORWARD
None       1 ..      11   xxxxxxxxxxxxxxx                  ACGAUGCGAAA                  CGGGUUCCCUCCGAC
None       2 ..      12   xxxxxxxxxxxxxxA                  CGAUGCGAAAC                  GGGUUCCCUCCGACC
 1.4       2 ..      13   xxxxxxxxxxxxxxA                CG AUGCGAAA CG                 GGUUCCCUCCGACCC
 4.9       1 ..      14   xxxxxxxxxxxxxxx               ACG AUGCGAAA CGG                GUUCCCUCCGACCCC
 3.4       5 ..      15   xxxxxxxxxxxACGA                 UGCG AAA CGGG                 UUCCCUCCGACCCCC
 6.2       6 ..      16   xxxxxxxxxxACGAU                 GC GAAACGG GU                 UCCCUCCGACCCCCG
None       7 ..      17   xxxxxxxxxACGAUG                  CGAAACGGGUU                  CCCUCCGACCCCCGG
 4.7       8 ..      18   xxxxxxxxACGAUGC                 G AAACGGGUU C                 CCUCCGACCCCCGGG
 5.7       8 ..      19   xxxxxxxxACGAUGC                G AAACGGGUUC C                 CUCCGACCCCCGGGG
 5.9       6 ..      20   xxxxxxxxxxACGAU               GCG AAACGGGUU CCC               UCCGACCCCCGGGGG
 3.4      11 ..      21   xxxxxACGAUGCGAA                 ACGG GUU CCCU                 CCGACCCCCGGGGGA
 3.4      12 ..      22   xxxxACGAUGCGAAA                 CGGG UUC CCUC                 CGACCCCCGGGGGAC
 0.4      13 ..      23   xxxACGAUGCGAAAC                 GG GUUCCCU CC                 GACCCCCGGGGGACC
-1.9      12 ..      24   xxxxACGAUGCGAAA                CGG GUUCCCU CCG                ACCCCCGGGGGACCG
 1.6      11 ..      25   xxxxxACGAUGCGAA               ACGG GUUCCCU CCGA               CCCCCGGGGGACCGA
 5.1      10 ..      26   xxxxxxACGAUGCGA              AACGG GUUCCCU CCGAC              CCCCGGGGGACCGAU
 3.4      14 ..      27   xxACGAUGCGAAACG               GG UUCCCUCCGA CC                CCCGGGGGACCGAUA
 1.1      13 ..      28   xxxACGAUGCGAAAC              GGG UUCCCUCCGA CCC               CCGGGGGACCGAUAC
 0.8      13 ..      29   xxxACGAUGCGAAAC              GGGUUC CCUCC GACCCC              CGGGGGACCGAUACC
 3.1      13 ..      30   xxxACGAUGCGAAAC             GGG UUCCCUCCGACC CCC              GGGGGACCGAUACCC
 0.8      12 ..      31   xxxxACGAUGCGAAA            CGGG UUCCCUCCGACC CCCG             GGGGACCGAUACCCU
-3.9      22 ..      32   CGAAACGGGUUCCCU                 CCG ACCCC CGG                 GGGACCGAUACCCUG
-0.4      21 ..      33   GCGAAACGGGUUCCC                UCCG ACCCC CGGG                GGACCGAUACCCUGG
-2.7      20 ..      34   UGCGAAACGGGUUCC               CUCCG ACCCC CGGGG               GACCGAUACCCUGGC
  -5      19 ..      35   AUGCGAAACGGGUUC              CCUCCG ACCCC CGGGGG              ACCGAUACCCUGGCG
-2.4      26 ..      36   ACGGGUUCCCUCCGA                 CCCC CGG GGGA                 CCGAUACCCUGGCGG
-3.7      24 ..      37   AAACGGGUUCCCUCC               GACCC CCGG GGGAC                CGAUACCCUGGCGGG
-1.2      24 ..      38   AAACGGGUUCCCUCC               GACCCC CGG GGGACC               GAUACCCUGGCGGGG
-3.5      23 ..      39   GAAACGGGUUCCCUC              CGACCCC CGG GGGACCG              AUACCCUGGCGGGGU
-1.4      29 ..      40   GGUUCCCUCCGACCC                CCGG GGGA CCGA                 UACCCUGGCGGGGUG
 2.1      28 ..      41   GGGUUCCCUCCGACC               CCCGG GGGA CCGAU                ACCCUGGCGGGGUGC
 5.6      27 ..      42   CGGGUUCCCUCCGAC              CCCCGG GGGA CCGAUA               CCCUGGCGGGGUGCG
 4.7      33 ..      43   CCCUCCGACCCCCGG                 G GGACCGAUA C                 CCUGGCGGGGUGCGC
 0.4      34 ..      44   CCUCCGACCCCCGGG                 GG ACCGAUA CC                 CUGGCGGGGUGCGCC
-1.9      33 ..      45   CCCUCCGACCCCCGG                GGG ACCGAUA CCC                UGGCGGGGUGCGCCC
 1.6      32 ..      46   UCCCUCCGACCCCCG               GGGG ACCGAUA CCCU               GGCGGGGUGCGCCCC
 0.3      30 ..      47   GUUCCCUCCGACCCC             CGGGG GACCGAUA CCCUG              GCGGGGUGCGCCCCC
  -2      29 ..      48   GGUUCCCUCCGACCC            CCGGGG GACCGAUA CCCUGG             CGGGGUGCGCCCCCG
 1.5      28 ..      49   GGGUUCCCUCCGACC           CCCGGGG GACCGAUA CCCUGGC            GGGGUGCGCCCCCGU
-0.8      27 ..      50   CGGGUUCCCUCCGAC          CCCCGGGG GACCGAUA CCCUGGCG           GGGUGCGCCCCCGUA
-3.1      26 ..      51   ACGGGUUCCCUCCGA         CCCCCGGGG GACCGAUA CCCUGGCGG          GGUGCGCCCCCGUAC
-2.9      26 ..      52   ACGGGUUCCCUCCGA        CCC-CCGGGG GACCGAUA CCCUGGCGGG         GUGCGCCCCCGUACG
-3.9      43 ..      53   CCCGGGGGACCGAUA                 CCC UGGCG GGG                 UGCGCCCCCGUACGG
-0.4      42 ..      54   CCCCGGGGGACCGAU                ACCC UGGCG GGGU                GCGCCCCCGUACGGG
 1.8      23 ..      55   GAAACGGGUUCCCUC     CGACCC-CCGGGG GACCGAUA CCCUGGCGGGGUG      CGCCCCCGUACGGGU
 3.3      39 ..      56   GACCCCCGGGGGACC             GAUACCC UGGC GGGGUGC              GCCCCCGUACGGGUG
   1      38 ..      57   CGACCCCCGGGGGAC            CGAUACCC UGGC GGGGUGCG             CCCCCGUACGGGUGG
-3.9      48 ..      58   GGGACCGAUACCCUG                 GCG GGGUG CGC                 CCCCGUACGGGUGGG
-6.2      47 ..      59   GGGGACCGAUACCCU                GGCG GGGUG CGCC                CCCGUACGGGUGGGC
-3.9      50 ..      60   GACCGAUACCCUGGC                 GGG GUGCG CCC                 CCGUACGGGUGGGCC
-7.2      50 ..      61   GACCGAUACCCUGGC                GGGG UGCG CCCC                 CGUACGGGUGGGCCG
-6.2      50 ..      62   GACCGAUACCCUGGC                GGGG UGCGC CCCC                GUACGGGUGGGCCGC
-8.5      49 ..      63   GGACCGAUACCCUGG               CGGGG UGCGC CCCCG               UACGGGUGGGCCGCA
  -5      48 ..      64   GGGACCGAUACCCUG              GCGGGG UGCGC CCCCGU              ACGGGUGGGCCGCAU
-1.5      47 ..      65   GGGGACCGAUACCCU             GGCGGGG UGCGC CCCCGUA             CGGGUGGGCCGCAUA
-1.3      47 ..      66   GGGGACCGAUACCCU            G-GCGGGG UGCGC CCCCGUAC            GGGUGGGCCGCAUAG
-0.3      45 ..      67   CGGGGGACCGAUACC           CUGGCGGGG UGCGC CCCCGUACG           GGUGGGCCGCAUAGC
-2.6      44 ..      68   CCGGGGGACCGAUAC          CCUGGCGGGG UGCGC CCCCGUACGG          GUGGGCCGCAUAGCC
-4.9      43 ..      69   CCCGGGGGACCGAUA         CCCUGGCGGGG UGCGC CCCCGUACGGG         UGGGCCGCAUAGCCG
-1.4      42 ..      70   CCCCGGGGGACCGAU        ACCCUGGCGGGG UGCGC CCCCGUACGGGU        GGGCCGCAUAGCCGA
-3.7      58 ..      71   CCCUGGCGGGGUGCG               CCCCC GUAC GGGUG                GGCCGCAUAGCCGAC
-3.5      58 ..      72   CCCUGGCGGGGUGCG              CC-CCC GUAC GGGUGG               GCCGCAUAGCCGACA
-2.5      56 ..      73   UACCCUGGCGGGGUG             CGCCCCC GUAC GGGUGGG              CCGCAUAGCCGACAG
-4.8      55 ..      74   AUACCCUGGCGGGGU            GCGCCCCC GUAC GGGUGGGC             CGCAUAGCCGACAGC
-1.3      54 ..      75   GAUACCCUGGCGGGG           UGCGCCCCC GUAC GGGUGGGCC            GCAUAGCCGACAGCC
-3.9      66 ..      76   GGGUGCGCCCCCGUA                 CGG GUGGG CCG                 CAUAGCCGACAGCCG
-3.4      55 ..      77   AUACCCUGGCGGGGU          GC-GCCC-CC GUACG GGUGGGCCGC          AUAGCCGACAGCCGU
 0.1      54 ..      78   GAUACCCUGGCGGGG         UGC-GCCC-CC GUACG GGUGGGCCGCA         UAGCCGACAGCCGUC
 3.6      53 ..      79   CGAUACCCUGGCGGG        GUGC-GCCC-CC GUACG GGUGGGCCGCAU        AGCCGACAGCCGUCG
 7.1      52 ..      80   CCGAUACCCUGGCGG       GGUGC-GCCC-CC GUACG GGUGGGCCGCAUA       GCCGACAGCCGUCGC
 7.8      61 ..      81   UGGCGGGGUGCGCCC            CCGUACGG GUGGG CCGCAUAG            CCGACAGCCGUCGCA
 4.7      72 ..      82   GCCCCCGUACGGGUG                 G GCCGCAUAG C                 CGACAGCCGUCGCAA
-2.9      72 ..      83   GCCCCCGUACGGGUG                GGC CGCAUA GCC                 GACAGCCGUCGCAAC
-2.4      74 ..      84   CCCCGUACGGGUGGG                 CCGC AUA GCCG                 ACAGCCGUCGCAACC
 1.1      73 ..      85   CCCCCGUACGGGUGG                GCCGC AUA GCCGA                CAGCCGUCGCAACCA
-1.2      72 ..      86   GCCCCCGUACGGGUG               GGCCGC AUA GCCGAC               AGCCGUCGCAACCAG
 2.3      71 ..      87   CGCCCCCGUACGGGU              GGGCCGC AUA GCCGACA              GCCGUCGCAACCAGG
 5.7      77 ..      88   CGUACGGGUGGGCCG                C AUAGCCGACA G                 CCGUCGCAACCAGGG
 3.4      76 ..      89   CCGUACGGGUGGGCC               GC AUAGCCGACA GC                CGUCGCAACCAGGGA
 1.2      68 ..      90   GUGCGCCCCCGUACG           GGUGGGCCGC AUA GCCGACAGCC           GUCGCAACCAGGGAG
 4.4      80 ..      91   ACGGGUGGGCCGCAU                AGCC GACA GCCG                 UCGCAACCAGGGAGU
 1.9      82 ..      92   GGGUGGGCCGCAUAG                 CCG ACAGC CGU                 CGCAACCAGGGAGUC
-0.4      81 ..      93   CGGGUGGGCCGCAUA                GCCG ACAGC CGUC                GCAACCAGGGAGUCG
-1.4      83 ..      94   GGUGGGCCGCAUAGC                CGAC AGCC GUCG                 CAACCAGGGAGUCGC
 2.1      82 ..      95   GGGUGGGCCGCAUAG               CCGAC AGCC GUCGC                AACCAGGGAGUCGCC
 5.6      81 ..      96   CGGGUGGGCCGCAUA              GCCGAC AGCC GUCGCA               ACCAGGGAGUCGCCC
 4.4      86 ..      97   GGGCCGCAUAGCCGA                CAGC CGUC GCAA                 CCAGGGAGUCGCCCC
 3.4      88 ..      98   GCCGCAUAGCCGACA                 GCCG UCG CAAC                 CAGGGAGUCGCCCCA
 5.6      84 ..      99   GUGGGCCGCAUAGCC              GACAGC CGUC GCAACC               AGGGAGUCGCCCCAU
 6.2      90 ..     100   CGCAUAGCCGACAGC                 CG UCGCAAC CA                 GGGAGUCGCCCCAUG
 3.9      89 ..     101   CCGCAUAGCCGACAG                CCG UCGCAAC CAG                GGAGUCGCCCCAUGx
 3.4      89 ..     102   CCGCAUAGCCGACAG               CC GUCGCAACCA GG                GAGUCGCCCCAUGxx
 1.9      93 ..     103   AUAGCCGACAGCCGU                 CGC AACCA GGG                 AGUCGCCCCAUGxxx
 5.4      92 ..     104   CAUAGCCGACAGCCG                UCGC AACCA GGGA                GUCGCCCCAUGxxxx
 3.4      95 ..     105   AGCCGACAGCCGUCG                 CAAC CAG GGAG                 UCGCCCCAUGxxxxx
 6.9      94 ..     106   UAGCCGACAGCCGUC                GCAAC CAG GGAGU                CGCCCCAUGxxxxxx
 5.1      91 ..     107   GCAUAGCCGACAGCC              GUCGC AACCAGG GAGUC              GCCCCAUGxxxxxxx
 2.8      90 ..     108   CGCAUAGCCGACAGC             CGUCGC AACCAGG GAGUCG             CCCCAUGxxxxxxxx
 4.1      94 ..     109   UAGCCGACAGCCGUC              GCAAC CAGGGA GUCGC               CCCAUGxxxxxxxxx
 3.4     100 ..     110   ACAGCCGUCGCAACC                 AGGG AGU CGCC                 CCAUGxxxxxxxxxx
-3.9     101 ..     111   CAGCCGUCGCAACCA                 GGG AGUCG CCC                 CAUGxxxxxxxxxxx
-2.9     101 ..     112   CAGCCGUCGCAACCA                GGG AGUCGC CCC                 AUGxxxxxxxxxxxx
 0.6     100 ..     113   ACAGCCGUCGCAACC               AGGG AGUCGC CCCA                UGxxxxxxxxxxxxx
 4.1      99 ..     114   GACAGCCGUCGCAAC              CAGGG AGUCGC CCCAU               Gxxxxxxxxxxxxxx
