>URS0000D663EB sRNA from 1 species FORWARD
None       1 ..      11   xxxxxxxxxxxxxxx                  GUUUAUCUUCG                  AGUUUUGUGCUUUGC
None       2 ..      12   xxxxxxxxxxxxxxG                  UUUAUCUUCGA                  GUUUUGUGCUUUGCA
None       3 ..      13   xxxxxxxxxxxxxGU                  UUAUCUUCGAG                  UUUUGUGCUUUGCAC
None       4 ..      14   xxxxxxxxxxxxGUU                  UAUCUUCGAGU                  UUUGUGCUUUGCACA
 7.7       5 ..      15   xxxxxxxxxxxGUUU                 AUC UUCGA GUU                 UUGUGCUUUGCACAA
None       6 ..      16   xxxxxxxxxxGUUUA                  UCUUCGAGUUU                  UGUGCUUUGCACAAA
None       7 ..      17   xxxxxxxxxGUUUAU                  CUUCGAGUUUU                  GUGCUUUGCACAAAA
 5.7       7 ..      18   xxxxxxxxxGUUUAU                C UUCGAGUUUU G                 UGCUUUGCACAAAAC
 6.2       9 ..      19   xxxxxxxGUUUAUCU                 UC GAGUUUU GU                 GCUUUGCACAAAACA
 4.7      10 ..      20   xxxxxxGUUUAUCUU                 C GAGUUUUGU G                 CUUUGCACAAAACAU
 4.7      11 ..      21   xxxxxGUUUAUCUUC                 G AGUUUUGUG C                 UUUGCACAAAACAUC
 6.2      12 ..      22   xxxxGUUUAUCUUCG                 AG UUUUGUG CU                 UUGCACAAAACAUCG
None      13 ..      23   xxxGUUUAUCUUCGA                  GUUUUGUGCUU                  UGCACAAAACAUCGC
None      14 ..      24   xxGUUUAUCUUCGAG                  UUUUGUGCUUU                  GCACAAAACAUCGCA
None      15 ..      25   xGUUUAUCUUCGAGU                  UUUGUGCUUUG                  CACAAAACAUCGCAU
 7.7      13 ..      26   xxxGUUUAUCUUCGA               G UUUUGUGCUUUG C                ACAAAACAUCGCAUU
 6.2      17 ..      27   UUUAUCUUCGAGUUU                 UG UGCUUUG CA                 CAAAACAUCGCAUUA
-2.4      18 ..      28   UUAUCUUCGAGUUUU                 GUGC UUU GCAC                 AAAACAUCGCAUUAU
 1.1      17 ..      29   UUUAUCUUCGAGUUU                UGUGC UUU GCACA                AAACAUCGCAUUAUU
 4.6      16 ..      30   GUUUAUCUUCGAGUU               UUGUGC UUU GCACAA               AACAUCGCAUUAUUG
 8.1      15 ..      31   xGUUUAUCUUCGAGU              UUUGUGC UUU GCACAAA              ACAUCGCAUUAUUGU
None      22 ..      32   CUUCGAGUUUUGUGC                  UUUGCACAAAA                  CAUCGCAUUAUUGUA
 7.7      20 ..      33   AUCUUCGAGUUUUGU               G CUUUGCACAAAA C                AUCGCAUUAUUGUAU
 6.2      24 ..      34   UCGAGUUUUGUGCUU                 UG CACAAAA CA                 UCGCAUUAUUGUAUG
None      25 ..      35   CGAGUUUUGUGCUUU                  GCACAAAACAU                  CGCAUUAUUGUAUGC
 5.7      25 ..      36   CGAGUUUUGUGCUUU                G CACAAAACAU C                 GCAUUAUUGUAUGCA
 5.7      26 ..      37   GAGUUUUGUGCUUUG                C ACAAAACAUC G                 CAUUAUUGUAUGCAG
 3.4      25 ..      38   CGAGUUUUGUGCUUU               GC ACAAAACAUC GC                AUUAUUGUAUGCAGU
 6.9      24 ..      39   UCGAGUUUUGUGCUU              UGC ACAAAACAUC GCA               UUAUUGUAUGCAGUU
None      30 ..      40   UUUGUGCUUUGCACA                  AAACAUCGCAU                  UAUUGUAUGCAGUUU
None      31 ..      41   UUGUGCUUUGCACAA                  AACAUCGCAUU                  AUUGUAUGCAGUUUG
None      32 ..      42   UGUGCUUUGCACAAA                  ACAUCGCAUUA                  UUGUAUGCAGUUUGU
None      33 ..      43   GUGCUUUGCACAAAA                  CAUCGCAUUAU                  UGUAUGCAGUUUGUG
None      34 ..      44   UGCUUUGCACAAAAC                  AUCGCAUUAUU                  GUAUGCAGUUUGUGA
 6.7      33 ..      45   GUGCUUUGCACAAAA                C AUCGCAUUAUU G                UAUGCAGUUUGUGAA
 7.2      35 ..      46   GCUUUGCACAAAACA                UC GCAUUAUU GU                 AUGCAGUUUGUGAAC
 8.7      36 ..      47   CUUUGCACAAAACAU                CGC AUUAUU GUA                 UGCAGUUUGUGAACA
None      38 ..      48   UUGCACAAAACAUCG                  CAUUAUUGUAU                  GCAGUUUGUGAACAA
 5.7      38 ..      49   UUGCACAAAACAUCG                C AUUAUUGUAU G                 CAGUUUGUGAACAAA
 3.4      37 ..      50   UUUGCACAAAACAUC               GC AUUAUUGUAU GC                AGUUUGUGAACAAAC
 6.9      36 ..      51   CUUUGCACAAAACAU              CGC AUUAUUGUAU GCA               GUUUGUGAACAAACU
 7.1      36 ..      52   CUUUGCACAAAACAU             C-GC AUUAUUGUAU GCAG              UUUGUGAACAAACUG
None      43 ..      53   CAAAACAUCGCAUUA                  UUGUAUGCAGU                  UUGUGAACAAACUGC
None      44 ..      54   AAAACAUCGCAUUAU                  UGUAUGCAGUU                  UGUGAACAAACUGCU
None      45 ..      55   AAACAUCGCAUUAUU                  GUAUGCAGUUU                  GUGAACAAACUGCUU
None      46 ..      56   AACAUCGCAUUAUUG                  UAUGCAGUUUG                  UGAACAAACUGCUUG
None      47 ..      57   ACAUCGCAUUAUUGU                  AUGCAGUUUGU                  GAACAAACUGCUUGA
 7.7      48 ..      58   CAUCGCAUUAUUGUA                 UGC AGUUU GUG                 AACAAACUGCUUGAA
 6.2      49 ..      59   AUCGCAUUAUUGUAU                 GC AGUUUGU GA                 ACAAACUGCUUGAAA
None      50 ..      60   UCGCAUUAUUGUAUG                  CAGUUUGUGAA                  CAAACUGCUUGAAAA
 6.7      49 ..      61   AUCGCAUUAUUGUAU                G CAGUUUGUGAA C                AAACUGCUUGAAAAA
 7.2      51 ..      62   CGCAUUAUUGUAUGC                AG UUUGUGAA CA                 AACUGCUUGAAAAAA
None      53 ..      63   CAUUAUUGUAUGCAG                  UUUGUGAACAA                  ACUGCUUGAAAAAAC
None      54 ..      64   AUUAUUGUAUGCAGU                  UUGUGAACAAA                  CUGCUUGAAAAAACU
 7.7      52 ..      65   GCAUUAUUGUAUGCA               G UUUGUGAACAAA C                UGCUUGAAAAAACUU
 7.2      55 ..      66   UUAUUGUAUGCAGUU                UG UGAACAAA CU                 GCUUGAAAAAACUUU
 8.7      56 ..      67   UAUUGUAUGCAGUUU                GUG AACAAA CUG                 CUUGAAAAAACUUUU
 4.7      58 ..      68   UUGUAUGCAGUUUGU                 G AACAAACUG C                 UUGAAAAAACUUUUU
 7.7      59 ..      69   UGUAUGCAGUUUGUG                 AAC AAACU GCU                 UGAAAAAACUUUUUU
None      60 ..      70   GUAUGCAGUUUGUGA                  ACAAACUGCUU                  GAAAAAACUUUUUUC
 4.7      61 ..      71   UAUGCAGUUUGUGAA                 C AAACUGCUU G                 AAAAAACUUUUUUCG
 8.2      60 ..      72   GUAUGCAGUUUGUGA                AC AAACUGCUU GA                AAAAACUUUUUUCGC
 7.7      63 ..      73   UGCAGUUUGUGAACA                 AAC UGCUU GAA                 AAAACUUUUUUCGCA
None      64 ..      74   GCAGUUUGUGAACAA                  ACUGCUUGAAA                  AAACUUUUUUCGCAA
None      65 ..      75   CAGUUUGUGAACAAA                  CUGCUUGAAAA                  AACUUUUUUCGCAAA
None      66 ..      76   AGUUUGUGAACAAAC                  UGCUUGAAAAA                  ACUUUUUUCGCAAAU
None      67 ..      77   GUUUGUGAACAAACU                  GCUUGAAAAAA                  CUUUUUUCGCAAAUU
 5.7      67 ..      78   GUUUGUGAACAAACU                G CUUGAAAAAA C                 UUUUUUCGCAAAUUG
None      69 ..      79   UUGUGAACAAACUGC                  UUGAAAAAACU                  UUUUUCGCAAAUUGA
 8.7      69 ..      80   UUGUGAACAAACUGC                UUG AAAAAA CUU                 UUUUCGCAAAUUGAU
None      71 ..      81   GUGAACAAACUGCUU                  GAAAAAACUUU                  UUUCGCAAAUUGAUA
None      72 ..      82   UGAACAAACUGCUUG                  AAAAAACUUUU                  UUCGCAAAUUGAUAU
None      73 ..      83   GAACAAACUGCUUGA                  AAAAACUUUUU                  UCGCAAAUUGAUAUU
None      74 ..      84   AACAAACUGCUUGAA                  AAAACUUUUUU                  CGCAAAUUGAUAUUU
 8.7      71 ..      85   GUGAACAAACUGCUU               G AAAAAACUUUUUU C               GCAAAUUGAUAUUUG
None      76 ..      86   CAAACUGCUUGAAAA                  AACUUUUUUCG                  CAAAUUGAUAUUUGC
 6.2      77 ..      87   AAACUGCUUGAAAAA                 AC UUUUUUC GC                 AAAUUGAUAUUUGCU
None      78 ..      88   AACUGCUUGAAAAAA                  CUUUUUUCGCA                  AAUUGAUAUUUGCUG
None      79 ..      89   ACUGCUUGAAAAAAC                  UUUUUUCGCAA                  AUUGAUAUUUGCUGC
None      80 ..      90   CUGCUUGAAAAAACU                  UUUUUCGCAAA                  UUGAUAUUUGCUGCA
None      81 ..      91   UGCUUGAAAAAACUU                  UUUUCGCAAAU                  UGAUAUUUGCUGCAA
None      82 ..      92   GCUUGAAAAAACUUU                  UUUCGCAAAUU                  GAUAUUUGCUGCAAA
None      83 ..      93   CUUGAAAAAACUUUU                  UUCGCAAAUUG                  AUAUUUGCUGCAAAA
 6.2      84 ..      94   UUGAAAAAACUUUUU                 UC GCAAAUU GA                 UAUUUGCUGCAAAAA
 7.7      85 ..      95   UGAAAAAACUUUUUU                 CGC AAAUU GAU                 AUUUGCUGCAAAAAG
None      86 ..      96   GAAAAAACUUUUUUC                  GCAAAUUGAUA                  UUUGCUGCAAAAAGU
None      87 ..      97   AAAAAACUUUUUUCG                  CAAAUUGAUAU                  UUGCUGCAAAAAGUU
None      88 ..      98   AAAAACUUUUUUCGC                  AAAUUGAUAUU                  UGCUGCAAAAAGUUU
None      89 ..      99   AAAACUUUUUUCGCA                  AAUUGAUAUUU                  GCUGCAAAAAGUUUU
 7.7      87 ..     100   AAAAAACUUUUUUCG               C AAAUUGAUAUUU G                CUGCAAAAAGUUUUU
 5.4      86 ..     101   GAAAAAACUUUUUUC              GC AAAUUGAUAUUU GC               UGCAAAAAGUUUUUA
 6.2      92 ..     102   ACUUUUUUCGCAAAU                 UG AUAUUUG CU                 GCAAAAAGUUUUUAU
None      93 ..     103   CUUUUUUCGCAAAUU                  GAUAUUUGCUG                  CAAAAAGUUUUUAUG
 5.7      93 ..     104   CUUUUUUCGCAAAUU                G AUAUUUGCUG C                 AAAAAGUUUUUAUGG
None      95 ..     105   UUUUUCGCAAAUUGA                  UAUUUGCUGCA                  AAAAGUUUUUAUGGG
None      96 ..     106   UUUUCGCAAAUUGAU                  AUUUGCUGCAA                  AAAGUUUUUAUGGGA
None      97 ..     107   UUUCGCAAAUUGAUA                  UUUGCUGCAAA                  AAGUUUUUAUGGGAx
None      98 ..     108   UUCGCAAAUUGAUAU                  UUGCUGCAAAA                  AGUUUUUAUGGGAxx
None      99 ..     109   UCGCAAAUUGAUAUU                  UGCUGCAAAAA                  GUUUUUAUGGGAxxx
None     100 ..     110   CGCAAAUUGAUAUUU                  GCUGCAAAAAG                  UUUUUAUGGGAxxxx
 7.2     100 ..     111   CGCAAAUUGAUAUUU                GC UGCAAAAA GU                 UUUUAUGGGAxxxxx
 7.7     102 ..     112   CAAAUUGAUAUUUGC                 UGC AAAAA GUU                 UUUAUGGGAxxxxxx
None     103 ..     113   AAAUUGAUAUUUGCU                  GCAAAAAGUUU                  UUAUGGGAxxxxxxx
None     104 ..     114   AAUUGAUAUUUGCUG                  CAAAAAGUUUU                  UAUGGGAxxxxxxxx
None     105 ..     115   AUUGAUAUUUGCUGC                  AAAAAGUUUUU                  AUGGGAxxxxxxxxx
None     106 ..     116   UUGAUAUUUGCUGCA                  AAAAGUUUUUA                  UGGGAxxxxxxxxxx
None     107 ..     117   UGAUAUUUGCUGCAA                  AAAGUUUUUAU                  GGGAxxxxxxxxxxx
 8.7     104 ..     118   AAUUGAUAUUUGCUG               C AAAAAGUUUUUAU G               GGAxxxxxxxxxxxx
None     109 ..     119   AUAUUUGCUGCAAAA                  AGUUUUUAUGG                  GAxxxxxxxxxxxxx
None     110 ..     120   UAUUUGCUGCAAAAA                  GUUUUUAUGGG                  Axxxxxxxxxxxxxx
