>ABDH01034349.1:c657-580 Termite gut metagenome tgut2b_Contig35032, whole genome shotgun sequence FORWARD
 1.9       1 ..      11   xxxxxxxxxxxxxxx                 GAC GAAAG GGC                 GCGATAAATCGCGCC
 5.4       2 ..      12   xxxxxxxxxxxxxxG                ACG AAAGGG CG-                 CGATAAATCGCGCCC
 2.9       2 ..      13   xxxxxxxxxxxxxxG                ACG AAAGGG CGC                 GATAAATCGCGCCCT
 1.4       3 ..      14   xxxxxxxxxxxxxGA                CG AAAGGGCG CG                 ATAAATCGCGCCCTT
 4.9       2 ..      15   xxxxxxxxxxxxxxG               ACG AAAGGGCG CGA                TAAATCGCGCCCTTT
 4.8       6 ..      16   xxxxxxxxxxGACGA                 AAGG GCG CGAT                 AAATCGCGCCCTTTC
 8.3       5 ..      17   xxxxxxxxxxxGACG                AAAGG GCG CGATA                AATCGCGCCCTTTCA
None       8 ..      18   xxxxxxxxGACGAAA                  GGGCGCGATAA                  ATCGCGCCCTTTCAT
None       9 ..      19   xxxxxxxGACGAAAG                  GGCGCGATAAA                  TCGCGCCCTTTCATA
 8.3      10 ..      20   xxxxxxGACGAAAGG                 G CGCGATAAA T                 CGCGCCCTTTCATAG
 5.7      10 ..      21   xxxxxxGACGAAAGG                G CGCGATAAAT C                 GCGCCCTTTCATAGA
 1.4      11 ..      22   xxxxxGACGAAAGGG                CG CGATAAAT CG                 CGCCCTTTCATAGAT
-5.8      12 ..      23   xxxxGACGAAAGGGC                GCGA TAAA TCGC                 GCCCTTTCATAGATA
-8.1      11 ..      24   xxxxxGACGAAAGGG               CGCGA TAAA TCGCG                CCCTTTCATAGATAG
-10.4      10 ..      25   xxxxxxGACGAAAGG              GCGCGA TAAA TCGCGC               CCTTTCATAGATAGT
-12.7       9 ..      26   xxxxxxxGACGAAAG             GGCGCGA TAAA TCGCGCC              CTTTCATAGATAGTT
 -15       8 ..      27   xxxxxxxxGACGAAA            GGGCGCGA TAAA TCGCGCCC             TTTCATAGATAGTTC
-15.9       7 ..      28   xxxxxxxxxGACGAA           AGGGCGCGA TAAA TCGCGCCCT            TTCATAGATAGTTCG
-16.8       6 ..      29   xxxxxxxxxxGACGA          AAGGGCGCGA TAAA TCGCGCCCTT           TCATAGATAGTTCGG
-17.7       5 ..      30   xxxxxxxxxxxGACG         AAAGGGCGCGA TAAA TCGCGCCCTTT          CATAGATAGTTCGGG
 -20       4 ..      31   xxxxxxxxxxxxGAC        GAAAGGGCGCGA TAAA TCGCGCCCTTTC         ATAGATAGTTCGGGG
-16.5       3 ..      32   xxxxxxxxxxxxxGA       CGAAAGGGCGCGA TAAA TCGCGCCCTTTCA        TAGATAGTTCGGGGG
-17.4       2 ..      33   xxxxxxxxxxxxxxG      ACGAAAGGGCGCGA TAAA TCGCGCCCTTTCAT       AGATAGTTCGGGGGC
-13.9       1 ..      34   xxxxxxxxxxxxxxx     GACGAAAGGGCGCGA TAAA TCGCGCCCTTTCATA      GATAGTTCGGGGGCT
-7.9       1 ..      35   xxxxxxxxxxxxxxx    -GACGAAAGGGCGCGA TAAA TCGCGCCCTTTCATAG     ATAGTTCGGGGGCTA
-1.9       1 ..      36   xxxxxxxxxxxxxxx   --GACGAAAGGGCGCGA TAAA TCGCGCCCTTTCATAGA    TAGTTCGGGGGCTAA
 0.5       1 ..      37   xxxxxxxxxxxxxxx  GAC---GAAAGGGCGCGA TAAA TCGCGCCCTTTCATAGAT   AGTTCGGGGGCTAAA
 0.4      28 ..      38   CGATAAATCGCGCCC                 TTTC ATA GATA                 GTTCGGGGGCTAAAC
-1.9      27 ..      39   GCGATAAATCGCGCC                CTTTC ATA GATAG                TTCGGGGGCTAAACC
 1.6      26 ..      40   CGCGATAAATCGCGC               CCTTTC ATA GATAGT               TCGGGGGCTAAACCC
 5.1      25 ..      41   GCGCGATAAATCGCG              CCCTTTC ATA GATAGTT              CGGGGGCTAAACCCC
 2.8      24 ..      42   GGCGCGATAAATCGC             GCCCTTTC ATA GATAGTTC             GGGGGCTAAACCCCC
 0.5      23 ..      43   GGGCGCGATAAATCG            CGCCCTTTC ATA GATAGTTCG            GGGGCTAAACCCCCG
 3.6      33 ..      44   AATCGCGCCCTTTCA                TAGA TAGT TCGG                 GGGCTAAACCCCCGA
 1.7      21 ..      45   AAGGGCGCGATAAAT          CGCGCCCTTTC ATA GATAGTTCGGG          GGCTAAACCCCCGAA
   3      20 ..      46   AAAGGGCGCGATAAA         TCGCGCCCTTTC ATA GATAGTTCGGGG         GCTAAACCCCCGAAC
 6.1      25 ..      47   GCGCGATAAATCGCG           CCCTTTCAT AGATA GTTCGGGGG           CTAAACCCCCGAACT
 3.8      24 ..      48   GGCGCGATAAATCGC          GCCCTTTCAT AGATA GTTCGGGGGC          TAAACCCCCGAACTT
 1.4      38 ..      49   CGCCCTTTCATAGAT                AGTT CGGG GGCT                 AAACCCCCGAACTTC
 0.5      37 ..      50   GCGCCCTTTCATAGA               TAGTT CGGG GGCTA                AACCCCCGAACTTCA
 1.4      40 ..      51   CCCTTTCATAGATAG                TTCG GGGG CTAA                 ACCCCCGAACTTCAG
 1.7      40 ..      52   CCCTTTCATAGATAG                TTCGG GGG CTAAA                CCCCCGAACTTCAGT
-0.6      39 ..      53   GCCCTTTCATAGATA               GTTCGG GGG CTAAAC               CCCCGAACTTCAGTC
 0.4      44 ..      54   TTCATAGATAGTTCG                 GG GGCTAAA CC                 CCCGAACTTCAGTCA
-3.9      45 ..      55   TCATAGATAGTTCGG                 GGG CTAAA CCC                 CCGAACTTCAGTCAA
-6.2      44 ..      56   TTCATAGATAGTTCG                GGGG CTAAA CCCC                CGAACTTCAGTCAAA
-8.5      43 ..      57   TTTCATAGATAGTTC               GGGGG CTAAA CCCCC               GAACTTCAGTCAAAA
-10.8      42 ..      58   CTTTCATAGATAGTT              CGGGGG CTAAA CCCCCG              AACTTCAGTCAAAAT
-11.7      41 ..      59   CCTTTCATAGATAGT             TCGGGGG CTAAA CCCCCGA             ACTTCAGTCAAAATC
-12.6      40 ..      60   CCCTTTCATAGATAG            TTCGGGGG CTAAA CCCCCGAA            CTTCAGTCAAAATCA
-14.9      39 ..      61   GCCCTTTCATAGATA           GTTCGGGGG CTAAA CCCCCGAAC           TTCAGTCAAAATCAA
-15.8      38 ..      62   CGCCCTTTCATAGAT          AGTTCGGGGG CTAAA CCCCCGAACT          TCAGTCAAAATCAAA
-12.3      37 ..      63   GCGCCCTTTCATAGA         TAGTTCGGGGG CTAAA CCCCCGAACTT         CAGTCAAAATCAAAG
 -13      35 ..      64   TCGCGCCCTTTCATA       GATAGTTCGGGGG CTAAA CCCCCGAACT-TC       AGTCAAAATCAAAGx
-9.5      34 ..      65   ATCGCGCCCTTTCAT      AGATAGTTCGGGGG CTAAA CCCCCGAACT-TCA      GTCAAAATCAAAGxx
-8.2      33 ..      66   AATCGCGCCCTTTCA     TAGATAGTTCGGGGG CTAAA CCCCCGAACT-TCAG     TCAAAATCAAAGxxx
-9.1      32 ..      67   AAATCGCGCCCTTTC    ATAGATAGTTCGGGGG CTAAA CCCCCGAACT-TCAGT    CAAAATCAAAGxxxx
-5.6      31 ..      68   TAAATCGCGCCCTTT   CATAGATAGTTCGGGGG CTAAA CCCCCGAACT-TCAGTC   AAAATCAAAGxxxxx
-6.5      30 ..      69   ATAAATCGCGCCCTT  TCATAGATAGTTCGGGGG CTAAA CCCCCGAACT-TCAGTCA  AAATCAAAGxxxxxx
-7.4      29 ..      70   GATAAATCGCGCCCT TTCATAGATAGTTCGGGGG CTAAA CCCCCGAACT-TCAGTCAA AATCAAAGxxxxxxx
-8.3      28 ..      71   CGATAAATCGCGCCC TTTCATAGATAGTTCGGGGG CTAAA CCCCCGAACT-TCAGTCAAA ATCAAAGxxxxxxxx
-4.8      27 ..      72   GCGATAAATCGCGCC CTTTCATAGATAGTTCGGGGG CTAAA CCCCCGAACT-TCAGTCAAAA TCAAAGxxxxxxxxx
-1.3      26 ..      73   CGCGATAAATCGCGC CCTTTCATAGATAGTTCGGGGG CTAAA CCCCCGAACT-TCAGTCAAAAT CAAAGxxxxxxxxxx
 2.2      25 ..      74   GCGCGATAAATCGCG CCCTTTCATAGATAGTTCGGGGG CTAAA CCCCCGAACT-TCAGTCAAAATC AAAGxxxxxxxxxxx
 5.3      63 ..      75   CTAAACCCCCGAACT                TCAGT CAA AATCA                AAGxxxxxxxxxxxx
 4.4      62 ..      76   GCTAAACCCCCGAAC               TTCAGT CAA AATCAA               AGxxxxxxxxxxxxx
 6.1      67 ..      77   ACCCCCGAACTTCAG                 T CAAAATCAA A                 Gxxxxxxxxxxxxxx
