>BABA01009937.1:46-141 Human gut metagenome DNA, contig sequence: F2-Y_009937, whole genome shotgun sequence FORWARD
 6.1       1 ..      11   xxxxxxxxxxxxxxx                 T CAGAGTAGA A                 AACGATGCGTTAAGT
 7.1       1 ..      12   xxxxxxxxxxxxxxx                T CAGAGTAGAA A                 ACGATGCGTTAAGTG
 8.1       1 ..      13   xxxxxxxxxxxxxxx                T CAGAGTAGAAA A                CGATGCGTTAAGTGT
 4.7       4 ..      14   xxxxxxxxxxxxTCA                 G AGTAGAAAA C                 GATGCGTTAAGTGTC
 3.3       5 ..      15   xxxxxxxxxxxTCAG                 AGT AGAAA ACG                 ATGCGTTAAGTGTCC
 6.8       1 ..      16   xxxxxxxxxxxxxxx              TC AGAGTAGAAAAC GA               TGCGTTAAGTGTCCA
 3.6       6 ..      17   xxxxxxxxxxTCAGA                GTAG AAAA CGAT                 GCGTTAAGTGTCCAG
 3.6       2 ..      18   xxxxxxxxxxxxxxT              CAGAGT AGAAA ACGATG              CGTTAAGTGTCCAGC
 3.3       9 ..      19   xxxxxxxTCAGAGTA                 GAA AACGA TGC                 GTTAAGTGTCCAGCA
 6.8       8 ..      20   xxxxxxxxTCAGAGT                AGAA AACGA TGCG                TTAAGTGTCCAGCAG
 4.8      11 ..      21   xxxxxTCAGAGTAGA                 AAAC GAT GCGT                 TAAGTGTCCAGCAGA
-5.4      12 ..      22   xxxxTCAGAGTAGAA                 AACG ATG CGTT                 AAGTGTCCAGCAGAC
-1.9      11 ..      23   xxxxxTCAGAGTAGA                AAACG ATG CGTTA                AGTGTCCAGCAGACG
 1.6      10 ..      24   xxxxxxTCAGAGTAG               AAAACG ATG CGTTAA               GTGTCCAGCAGACGG
 5.1       9 ..      25   xxxxxxxTCAGAGTA              GAAAACG ATG CGTTAAG              TGTCCAGCAGACGGG
 4.2       8 ..      26   xxxxxxxxTCAGAGT             AGAAAACG ATG CGTTAAGT             GTCCAGCAGACGGGG
 3.3      17 ..      27   CAGAGTAGAAAACGA                 TGC GTTAA GTG                 TCCAGCAGACGGGGA
 2.4      16 ..      28   TCAGAGTAGAAAACG                ATGC GTTAA GTGT                CCAGCAGACGGGGAG
 0.1      15 ..      29   xTCAGAGTAGAAAAC               GATGC GTTAA GTGTC               CAGCAGACGGGGAGT
 3.6      14 ..      30   xxTCAGAGTAGAAAA              CGATGC GTTAA GTGTCC              AGCAGACGGGGAGTT
 5.8      17 ..      31   CAGAGTAGAAAACGA               TG CGTTAAGTGTC CA               GCAGACGGGGAGTTG
 6.4      21 ..      32   GTAGAAAACGATGCG                TT AAGTGTCC AG                 CAGACGGGGAGTTGC
 4.1      20 ..      33   AGTAGAAAACGATGC               GTT AAGTGTCC AGC                AGACGGGGAGTTGCT
 4.5      17 ..      34   CAGAGTAGAAAACGA             TGC GTTAAGTGTCCA GCA              GACGGGGAGTTGCTG
 2.6      25 ..      35   AAAACGATGCGTTAA                 GTGT CCA GCAG                 ACGGGGAGTTGCTGC
 4.7      26 ..      36   AAACGATGCGTTAAG                 TGT CCAGC AGA                 CGGGGAGTTGCTGCC
-2.5      27 ..      37   AACGATGCGTTAAGT                 GTC CAGCA GAC                 GGGGAGTTGCTGCCG
-1.2      26 ..      38   AAACGATGCGTTAAG                TGTC CAGCA GACG                GGGAGTTGCTGCCGG
 0.4      29 ..      39   CGATGCGTTAAGTGT                 CC AGCAGAC GG                 GGAGTTGCTGCCGGA
-1.4      29 ..      40   CGATGCGTTAAGTGT                CCAG CAGA CGGG                 GAGTTGCTGCCGGAA
-0.1      28 ..      41   ACGATGCGTTAAGTG               TCCAG CAGA CGGGG                AGTTGCTGCCGGAAC
 1.5      28 ..      42   ACGATGCGTTAAGTG               TCC AGCAGACGG GGA               GTTGCTGCCGGAACG
 4.7      33 ..      43   GCGTTAAGTGTCCAG                 C AGACGGGGA G                 TTGCTGCCGGAACGA
 4.8      34 ..      44   CGTTAAGTGTCCAGC                 AGAC GGG GAGT                 TGCTGCCGGAACGAA
 1.1      35 ..      45   GTTAAGTGTCCAGCA                 GAC GGGGA GTT                 GCTGCCGGAACGAAA
 2.6      33 ..      46   GCGTTAAGTGTCCAG               CAGAC GGGGA GT-TG               CTGCCGGAACGAAAA
 0.3      32 ..      47   TGCGTTAAGTGTCCA              GCAGAC GGGGA GT-TGC              TGCCGGAACGAAAAG
-0.6      31 ..      48   ATGCGTTAAGTGTCC             AGCAGAC GGGGA GT-TGCT             GCCGGAACGAAAAGC
-2.9      30 ..      49   GATGCGTTAAGTGTC            CAGCAGAC GGGGA GT-TGCTG            CCGGAACGAAAAGCA
  -1      40 ..      50   GTGTCCAGCAGACGG                 GGAG TTG CTGC                 CGGAACGAAAAGCAA
-3.3      39 ..      51   AGTGTCCAGCAGACG                GGGAG TTG CTGCC                GGAACGAAAAGCAAA
 0.2      38 ..      52   AAGTGTCCAGCAGAC               GGGGAG TTG CTGCCG               GAACGAAAAGCAAAG
-2.1      37 ..      53   TAAGTGTCCAGCAGA              CGGGGAG TTG CTGCCGG              AACGAAAAGCAAAGC
-1.5      28 ..      54   ACGATGCGTTAAGTG        TCCAGCAGACGG GGAG TTG-CTGCCGGA         ACGAAAAGCAAAGCT
 1.4      44 ..      55   CCAGCAGACGGGGAG                TTGC TGCC GGAA                 CGAAAAGCAAAGCTT
-0.9      43 ..      56   TCCAGCAGACGGGGA               GTTGC TGCC GGAAC                GAAAAGCAAAGCTTG
 2.6      42 ..      57   GTCCAGCAGACGGGG              AGTTGC TGCC GGAACG               AAAAGCAAAGCTTGC
 3.7      44 ..      58   CCAGCAGACGGGGAG               TTGCT GCCGG AACGA               AAAGCAAAGCTTGCG
 3.4      49 ..      59   AGACGGGGAGTTGCT                 GCCG GAA CGAA                 AAGCAAAGCTTGCGG
 2.5      48 ..      60   CAGACGGGGAGTTGC                TGCCG GAA CGAAA                AGCAAAGCTTGCGGT
   6      47 ..      61   GCAGACGGGGAGTTG               CTGCCG GAA CGAAAA               GCAAAGCTTGCGGTA
 5.7      51 ..      62   ACGGGGAGTTGCTGC                C GGAACGAAAA G                 CAAAGCTTGCGGTAT
 3.9      46 ..      63   AGCAGACGGGGAGTT             GC-TGCCG GAA CGAAAAGC             AAAGCTTGCGGTATC
   3      45 ..      64   CAGCAGACGGGGAGT            TGC-TGCCG GAA CGAAAAGCA            AAGCTTGCGGTATCG
 2.1      44 ..      65   CCAGCAGACGGGGAG           TTGC-TGCCG GAA CGAAAAGCAA           AGCTTGCGGTATCGT
 5.6      43 ..      66   TCCAGCAGACGGGGA          GTTGC-TGCCG GAA CGAAAAGCAAA          GCTTGCGGTATCGTT
 5.7      56 ..      67   GAGTTGCTGCCGGAA                C GAAAAGCAAA G                 CTTGCGGTATCGTTT
 5.7      57 ..      68   AGTTGCTGCCGGAAC                G AAAAGCAAAG C                 TTGCGGTATCGTTTT
 6.1      59 ..      69   TTGCTGCCGGAACGA                 A AAGCAAAGC T                 TGCGGTATCGTTTTC
-5.4      60 ..      70   TGCTGCCGGAACGAA                 AAGC AAA GCTT                 GCGGTATCGTTTTCG
-1.9      59 ..      71   TTGCTGCCGGAACGA                AAAGC AAA GCTTG                CGGTATCGTTTTCGC
-5.4      62 ..      72   CTGCCGGAACGAAAA                 GCAA AGC TTGC                 GGTATCGTTTTCGCA
-1.9      61 ..      73   GCTGCCGGAACGAAA                AGCAA AGC TTGCG                GTATCGTTTTCGCAT
 1.6      60 ..      74   TGCTGCCGGAACGAA               AAGCAA AGC TTGCGG               TATCGTTTTCGCATC
 0.7      59 ..      75   TTGCTGCCGGAACGA              AAAGCAA AGC TTGCGGT              ATCGTTTTCGCATCC
 4.2      58 ..      76   GTTGCTGCCGGAACG             AAAAGCAA AGC TTGCGGTA             TCGTTTTCGCATCCC
 3.9      65 ..      77   CCGGAACGAAAAGCA                AAGCT TGC GGTAT                CGTTTTCGCATCCCG
 3.5      57 ..      78   AGTTGCTGCCGGAAC           GA-AAAGCAA AGC TTGCGGTATC           GTTTTCGCATCCCGC
 1.2      56 ..      79   GAGTTGCTGCCGGAA          CGA-AAAGCAA AGC TTGCGGTATCG          TTTTCGCATCCCGCT
 0.3      55 ..      80   GGAGTTGCTGCCGGA         ACGA-AAAGCAA AGC TTGCGGTATCGT         TTTCGCATCCCGCTG
-0.6      54 ..      81   GGGAGTTGCTGCCGG        AACGA-AAAGCAA AGC TTGCGGTATCGTT        TTCGCATCCCGCTGA
 0.7      53 ..      82   GGGGAGTTGCTGCCG       GAACGA-AAAGCAA AGC TTGCGGTATCGTTT       TCGCATCCCGCTGAx
   2      52 ..      83   CGGGGAGTTGCTGCC      GGAACGA-AAAGCAA AGC TTGCGGTATCGTTTT      CGCATCCCGCTGAxx
 3.3      74 ..      84   AAAGCAAAGCTTGCG                 GTA TCGTT TTC                 GCATCCCGCTGAxxx
 1.3      72 ..      85   GAAAAGCAAAGCTTG               CGGTA TCGT TTTCG                CATCCCGCTGAxxxx
  -1      71 ..      86   CGAAAAGCAAAGCTT              GCGGTA TCGT TTTCGC               ATCCCGCTGAxxxxx
-1.9      70 ..      87   ACGAAAAGCAAAGCT             TGCGGTA TCGT TTTCGCA              TCCCGCTGAxxxxxx
 1.6      76 ..      88   AGCAAAGCTTGCGGT               AT-CG TTTT CGCAT                CCCGCTGAxxxxxxx
 1.2      46 ..      89   AGCAGACGGGGAGTT GCTGCCGGAACGA-AAAGCAA AGC TTGCGGTATCGTTTTCGCATC CCGCTGAxxxxxxxx
 2.8      74 ..      90   AAAGCAAAGCTTGCG             GTAT-CG TTTT CGCATCC              CGCTGAxxxxxxxxx
 0.5      73 ..      91   AAAAGCAAAGCTTGC            GGTAT-CG TTTT CGCATCCC             GCTGAxxxxxxxxxx
-1.8      72 ..      92   GAAAAGCAAAGCTTG           CGGTAT-CG TTTT CGCATCCCG            CTGAxxxxxxxxxxx
-4.1      71 ..      93   CGAAAAGCAAAGCTT          GCGGTAT-CG TTTT CGCATCCCGC           TGAxxxxxxxxxxxx
-0.6      70 ..      94   ACGAAAAGCAAAGCT         TGCGGTAT-CG TTTT CGCATCCCGCT          GAxxxxxxxxxxxxx
 0.7      69 ..      95   AACGAAAAGCAAAGC        TTGCGGTAT-CG TTTT CGCATCCCGCTG         Axxxxxxxxxxxxxx
