>AACY020346484.1:c116-5 Marine metagenome 1096626427654, whole genome shotgun sequence FORWARD
None       1 ..      11   xxxxxxxxxxxxxxx                  GGTATTCCTTA                  TCTATCTAATACGTT
 2.5       2 ..      12   xxxxxxxxxxxxxxG                 GTA TTCCT TAT                 CTATCTAATACGTTG
 0.2       1 ..      13   xxxxxxxxxxxxxxx                GGTA TTCCT TATC                TATCTAATACGTTGA
   6       2 ..      14   xxxxxxxxxxxxxxG                GTAT TCCTT ATCT                ATCTAATACGTTGAG
 5.2       3 ..      15   xxxxxxxxxxxxxGG                TA TTCCTTATC TA                TCTAATACGTTGAGT
 5.2       4 ..      16   xxxxxxxxxxxxGGT                AT TCCTTATCT AT                CTAATACGTTGAGTT
 4.2       1 ..      17   xxxxxxxxxxxxxxx              GGTA TTCCTTATC TATC              TAATACGTTGAGTTA
None       8 ..      18   xxxxxxxxGGTATTC                  CTTATCTATCT                  AATACGTTGAGTTAT
 6.1       9 ..      19   xxxxxxxGGTATTCC                 T TATCTATCT A                 ATACGTTGAGTTATC
 1.3       9 ..      20   xxxxxxxGGTATTCC                TTA TCTATC TAA                 TACGTTGAGTTATCT
 3.2      11 ..      21   xxxxxGGTATTCCTT                 AT CTATCTA AT                 ACGTTGAGTTATCTG
 2.3      10 ..      22   xxxxxxGGTATTCCT                TAT CTATCTA ATA                CGTTGAGTTATCTGG
 1.8      13 ..      23   xxxGGTATTCCTTAT                 CTAT CTA ATAC                 GTTGAGTTATCTGGA
   2      13 ..      24   xxxGGTATTCCTTAT                C-TAT CTA ATACG                TTGAGTTATCTGGAA
 2.2      11 ..      25   xxxxxGGTATTCCTT               ATCTAT CTA ATACGT               TGAGTTATCTGGAAC
 4.3      15 ..      26   xGGTATTCCTTATCT                ATC TAATAC GTT                 GAGTTATCTGGAACC
 3.3      17 ..      27   GTATTCCTTATCTAT                 CTA ATACG TTG                 AGTTATCTGGAACCT
 2.4      16 ..      28   GGTATTCCTTATCTA                TCTA ATACG TTGA                GTTATCTGGAACCTG
 2.4      17 ..      29   GTATTCCTTATCTAT                CTAA TACGT TGAG                TTATCTGGAACCTGT
 2.6      20 ..      30   TTCCTTATCTATCTA                 ATAC GTT GAGT                 TATCTGGAACCTGTC
 1.7      19 ..      31   ATTCCTTATCTATCT                AATAC GTT GAGTT                ATCTGGAACCTGTCC
 0.8      18 ..      32   TATTCCTTATCTATC               TAATAC GTT GAGTTA               TCTGGAACCTGTCCC
 3.3      20 ..      33   TTCCTTATCTATCTA               ATA CGTTGAGT TAT                CTGGAACCTGTCCCA
 2.6      24 ..      34   TTATCTATCTAATAC                 GTTG AGT TATC                 TGGAACCTGTCCCAT
 6.1      23 ..      35   CTTATCTATCTAATA                CGTTG AGT TATCT                GGAACCTGTCCCATT
 3.6      25 ..      36   TATCTATCTAATACG                TTGA GTTA TCTG                 GAACCTGTCCCATTA
 3.6      26 ..      37   ATCTATCTAATACGT                TGAG TTAT CTGG                 AACCTGTCCCATTAC
 2.7      25 ..      38   TATCTATCTAATACG               TTGAG TTAT CTGGA                ACCTGTCCCATTACG
 6.2      24 ..      39   TTATCTATCTAATAC              GTTGAG TTAT CTGGAA               CCTGTCCCATTACGT
-0.1      29 ..      40   TATCTAATACGTTGA                GTT ATCTGG AAC                 CTGTCCCATTACGTT
 3.4      28 ..      41   CTATCTAATACGTTG               AGTT ATCTGG AACC                TGTCCCATTACGTTC
 4.4      28 ..      42   CTATCTAATACGTTG               AGTT ATCTGGA ACCT               GTCCCATTACGTTCT
   6      26 ..      43   ATCTATCTAATACGT             TGAGTT ATCTGG AACCTG              TCCCATTACGTTCTC
 4.4      33 ..      44   TAATACGTTGAGTTA                TCTG GAAC CTGT                 CCCATTACGTTCTCG
 7.2      24 ..      45   TTATCTATCTAATAC           GTTGAGTT ATCTGG AACCTGTC            CCATTACGTTCTCGC
-2.5      36 ..      46   TACGTTGAGTTATCT                 GGA ACCTG TCC                 CATTACGTTCTCGCC
-4.768e-08      36 ..      47   TACGTTGAGTTATCT                GGAA CCTG TCCC                 ATTACGTTCTCGCCA
-0.9      35 ..      48   ATACGTTGAGTTATC               TGGAA CCTG TCCCA                TTACGTTCTCGCCAG
 2.6      34 ..      49   AATACGTTGAGTTAT              CTGGAA CCTG TCCCAT               TACGTTCTCGCCAGA
 4.8      40 ..      50   TTGAGTTATCTGGAA                 CCTG TCC CATT                 ACGTTCTCGCCAGAG
 6.2      31 ..      51   TCTAATACGTTGAGT            TATCTGGA ACCTG TCCCATTA            CGTTCTCGCCAGAGA
 5.5      29 ..      52   TATCTAATACGTTGA          GTTATCTGGA ACCTG TCCC-ATTAC          GTTCTCGCCAGAGAG
 2.1      42 ..      53   GAGTTATCTGGAACC                TGT CCCATT ACG                 TTCTCGCCAGAGAGC
 4.7      39 ..      54   GTTGAGTTATCTGGA              ACCTG TCCCAT TACGT               TCTCGCCAGAGAGCG
 3.8      38 ..      55   CGTTGAGTTATCTGG             AACCTG TCCCAT TACGTT              CTCGCCAGAGAGCGT
 1.5      37 ..      56   ACGTTGAGTTATCTG            GAACCTG TCCCAT TACGTTC             TCGCCAGAGAGCGTA
 2.8      36 ..      57   TACGTTGAGTTATCT           GGAACCTG TCCCAT TACGTTCT            CGCCAGAGAGCGTAA
 5.2      36 ..      58   TACGTTGAGTTATCT          G-GAACCTG TCCCAT TACGTTCTC           GCCAGAGAGCGTAAT
   4      34 ..      59   AATACGTTGAGTTAT         CTGGAACCTG TCCCAT TACGTTCTCG          CCAGAGAGCGTAATA
 6.9      50 ..      60   TGGAACCTGTCCCAT                TACG TTCT CGC-                 CAGAGAGCGTAATAA
 4.4      50 ..      61   TGGAACCTGTCCCAT                TACG TTCT CGCC                 AGAGAGCGTAATAAG
 3.5      49 ..      62   CTGGAACCTGTCCCA               TTACG TTCT CGCCA                GAGAGCGTAATAAGA
 5.7      52 ..      63   GAACCTGTCCCATTA                C GTTCTCGCCA G                 AGAGCGTAATAAGAC
 3.9      54 ..      64   ACCTGTCCCATTACG                TTCT CGCC AGA-                 GAGCGTAATAAGACA
-0.8      54 ..      65   ACCTGTCCCATTACG                TTCT CGCC AGAG                 AGCGTAATAAGACAG
-4.4      55 ..      66   CCTGTCCCATTACGT                TCTC GCCA GAGA                 GCGTAATAAGACAGG
-3.1      54 ..      67   ACCTGTCCCATTACG               TTCTC GCCA GAGAG                CGTAATAAGACAGGT
-5.4      53 ..      68   AACCTGTCCCATTAC              GTTCTC GCCA GAGAGC               GTAATAAGACAGGTT
-7.7      52 ..      69   GAACCTGTCCCATTA             CGTTCTC GCCA GAGAGCG              TAATAAGACAGGTTC
-8.6      51 ..      70   GGAACCTGTCCCATT            ACGTTCTC GCCA GAGAGCGT             AATAAGACAGGTTCT
-9.5      50 ..      71   TGGAACCTGTCCCAT           TACGTTCTC GCCA GAGAGCGTA            ATAAGACAGGTTCTG
-10.4      49 ..      72   CTGGAACCTGTCCCA          TTACGTTCTC GCCA GAGAGCGTAA           TAAGACAGGTTCTGC
-11.3      48 ..      73   TCTGGAACCTGTCCC         ATTACGTTCTC GCCA GAGAGCGTAAT          AAGACAGGTTCTGCG
-7.8      47 ..      74   ATCTGGAACCTGTCC        CATTACGTTCTC GCCA GAGAGCGTAATA         AGACAGGTTCTGCGT
-4.3      46 ..      75   TATCTGGAACCTGTC       CCATTACGTTCTC GCCA GAGAGCGTAATAA        GACAGGTTCTGCGTT
-6.6      45 ..      76   TTATCTGGAACCTGT      CCCATTACGTTCTC GCCA GAGAGCGTAATAAG       ACAGGTTCTGCGTTT
-7.5      44 ..      77   GTTATCTGGAACCTG     TCCCATTACGTTCTC GCCA GAGAGCGTAATAAGA      CAGGTTCTGCGTTTA
-9.8      43 ..      78   AGTTATCTGGAACCT    GTCCCATTACGTTCTC GCCA GAGAGCGTAATAAGAC     AGGTTCTGCGTTTAG
-10.7      42 ..      79   GAGTTATCTGGAACC   TGTCCCATTACGTTCTC GCCA GAGAGCGTAATAAGACA    GGTTCTGCGTTTAGT
 -13      41 ..      80   TGAGTTATCTGGAAC  CTGTCCCATTACGTTCTC GCCA GAGAGCGTAATAAGACAG   GTTCTGCGTTTAGTT
-15.3      40 ..      81   TTGAGTTATCTGGAA CCTGTCCCATTACGTTCTC GCCA GAGAGCGTAATAAGACAGG  TTCTGCGTTTAGTTG
-16.2      39 ..      82   GTTGAGTTATCTGGA ACCTGTCCCATTACGTTCTC GCCA GAGAGCGTAATAAGACAGGT TCTGCGTTTAGTTGC
-17.1      38 ..      83   CGTTGAGTTATCTGG AACCTGTCCCATTACGTTCTC GCCA GAGAGCGTAATAAGACAGGTT CTGCGTTTAGTTGCC
-19.4      37 ..      84   ACGTTGAGTTATCTG GAACCTGTCCCATTACGTTCTC GCCA GAGAGCGTAATAAGACAGGTTC TGCGTTTAGTTGCCG
-18.1      36 ..      85   TACGTTGAGTTATCT GGAACCTGTCCCATTACGTTCTC GCCA GAGAGCGTAATAAGACAGGTTCT GCGTTTAGTTGCCGC
-16.8      35 ..      86   ATACGTTGAGTTATC TGGAACCTGTCCCATTACGTTCTC GCCA GAGAGCGTAATAAGACAGGTTCTG CGTTTAGTTGCCGCG
-13.3      34 ..      87   AATACGTTGAGTTAT CTGGAACCTGTCCCATTACGTTCTC GCCA GAGAGCGTAATAAGACAGGTTCTGC GTTTAGTTGCCGCGC
-13.1      34 ..      88   AATACGTTGAGTTAT C-TGGAACCTGTCCCATTACGTTCTC GCCA GAGAGCGTAATAAGACAGGTTCTGCG TTTAGTTGCCGCGCA
-12.9      32 ..      89   CTAATACGTTGAGTT ATCTGGAACCTGTCCCATTACGTTCTC GCCA GAGAGCGTAATAAGACAGGTTCTGCGT TTAGTTGCCGCGCAC
-10.5      32 ..      90   CTAATACGTTGAGTT ATC-TGGAACCTGTCCCATTACGTTCTC GCCA GAGAGCGTAATAAGACAGGTTCTGCGTT TAGTTGCCGCGCACT
 2.4      33 ..      91   TAATACGTTGAGTTA --TC-TGGAACCTGTCCCATTACGTTCTC GCCA GAGAGCGTAATAAGACAGGTTCTGCGTTT AGTTGCCGCGCACTT
 3.6      73 ..      92   CGCCAGAGAGCGTAA            TAAG-ACAG GTT CTGCGTTTA            GTTGCCGCGCACTTT
 6.1      83 ..      93   CGTAATAAGACAGGT                TCTG CGTT TAG-                 TTGCCGCGCACTTTA
 3.6      83 ..      94   CGTAATAAGACAGGT                TCTG CGTT TAGT                 TGCCGCGCACTTTAT
 5.5      85 ..      95   TAATAAGACAGGTTC                 TGC GTTTA GTT                 GCCGCGCACTTTATA
 3.2      84 ..      96   GTAATAAGACAGGTT                CTGC GTTTA GTTG                CCGCGCACTTTATAT
 0.7      86 ..      97   AATAAGACAGGTTCT                GCG TTTAGT TGC                 CGCGCACTTTATATG
 4.2      85 ..      98   TAATAAGACAGGTTC               TGCG TTTAGT TGCC                GCGCACTTTATATGx
 1.9      84 ..      99   GTAATAAGACAGGTT              CTGCG TTTAGT TGCCG               CGCACTTTATATGxx
 0.1      86 ..     100   AATAAGACAGGTTCT               GCG TTTAGTTGC CGC               GCACTTTATATGxxx
 1.4      85 ..     101   TAATAAGACAGGTTC              TGCG TTTAGTTGC CGCG              CACTTTATATGxxxx
 1.4      86 ..     102   AATAAGACAGGTTCT              GCGT TTAGTTGCC GCGC              ACTTTATATGxxxxx
 0.5      85 ..     103   TAATAAGACAGGTTC             TGCGT TTAGTTGCC GCGCA             CTTTATATGxxxxxx
  -1      94 ..     104   AGGTTCTGCGTTTAG                 TTGC CGC GCAC                 TTTATATGxxxxxxx
-1.7      92 ..     105   ACAGGTTCTGCGTTT               AGTTGC CGC GCA-CT               TTATATGxxxxxxxx
-0.6      92 ..     106   ACAGGTTCTGCGTTT               AGTTGC CGC GCACTT               TATATGxxxxxxxxx
 2.9      91 ..     107   GACAGGTTCTGCGTT              TAGTTGC CGC GCACTTT              ATATGxxxxxxxxxx
   2      90 ..     108   AGACAGGTTCTGCGT             TTAGTTGC CGC GCACTTTA             TATGxxxxxxxxxxx
 5.5      89 ..     109   AAGACAGGTTCTGCG            TTTAGTTGC CGC GCACTTTAT            ATGxxxxxxxxxxxx
 7.1      89 ..     110   AAGACAGGTTCTGCG           T-TTAGTTGC CGC GCACTTTATA           TGxxxxxxxxxxxxx
 6.9     101 ..     111   GCGTTTAGTTGCCGC                 GCA CTTTA TAT                 Gxxxxxxxxxxxxxx
