>URS0000D69B0B ncRNA from 9 species FORWARD
None       1 ..      11   xxxxxxxxxxxxxxx                  CAAGAGGCGGU                  CACUGUCAUGAUGAA
None       2 ..      12   xxxxxxxxxxxxxxC                  AAGAGGCGGUC                  ACUGUCAUGAUGAAU
 6.2       3 ..      13   xxxxxxxxxxxxxCA                 AG AGGCGGU CA                 CUGUCAUGAUGAAUU
 1.9       4 ..      14   xxxxxxxxxxxxCAA                 GAG GCGGU CAC                 UGUCAUGAUGAAUUA
 5.4       3 ..      15   xxxxxxxxxxxxxCA                AGAG GCGGU CACU                GUCAUGAUGAAUUAU
 8.7       5 ..      16   xxxxxxxxxxxCAAG                AGG CGGUCA CUG                 UCAUGAUGAAUUAUU
 3.4       7 ..      17   xxxxxxxxxCAAGAG                 GCGG UCA CUGU                 CAUGAUGAAUUAUUU
 1.1       6 ..      18   xxxxxxxxxxCAAGA                GGCGG UCA CUGUC                AUGAUGAAUUAUUUC
 3.4       9 ..      19   xxxxxxxCAAGAGGC                 GGUC ACU GUCA                 UGAUGAAUUAUUUCA
 6.9       8 ..      20   xxxxxxxxCAAGAGG                CGGUC ACU GUCAU                GAUGAAUUAUUUCAG
 7.1       8 ..      21   xxxxxxxxCAAGAGG               C-GGUC ACU GUCAUG               AUGAAUUAUUUCAGA
 7.2      11 ..      22   xxxxxCAAGAGGCGG                UC ACUGUCAU GA                 UGAAUUAUUUCAGAG
 8.7      12 ..      23   xxxxCAAGAGGCGGU                CAC UGUCAU GAU                 GAAUUAUUUCAGAGU
 4.7      14 ..      24   xxCAAGAGGCGGUCA                 C UGUCAUGAU G                 AAUUAUUUCAGAGUG
 8.2      13 ..      25   xxxCAAGAGGCGGUC                AC UGUCAUGAU GA                AUUAUUUCAGAGUGG
 7.7      16 ..      26   CAAGAGGCGGUCACU                 GUC AUGAU GAA                 UUAUUUCAGAGUGGG
None      17 ..      27   AAGAGGCGGUCACUG                  UCAUGAUGAAU                  UAUUUCAGAGUGGGA
None      18 ..      28   AGAGGCGGUCACUGU                  CAUGAUGAAUU                  AUUUCAGAGUGGGAA
None      19 ..      29   GAGGCGGUCACUGUC                  AUGAUGAAUUA                  UUUCAGAGUGGGAAU
None      20 ..      30   AGGCGGUCACUGUCA                  UGAUGAAUUAU                  UUCAGAGUGGGAAUA
None      21 ..      31   GGCGGUCACUGUCAU                  GAUGAAUUAUU                  UCAGAGUGGGAAUAC
None      22 ..      32   GCGGUCACUGUCAUG                  AUGAAUUAUUU                  CAGAGUGGGAAUACC
 6.7      21 ..      33   GGCGGUCACUGUCAU                G AUGAAUUAUUU C                AGAGUGGGAAUACCG
 7.2      23 ..      34   CGGUCACUGUCAUGA                UG AAUUAUUU CA                 GAGUGGGAAUACCGC
None      25 ..      35   GUCACUGUCAUGAUG                  AAUUAUUUCAG                  AGUGGGAAUACCGCU
None      26 ..      36   UCACUGUCAUGAUGA                  AUUAUUUCAGA                  GUGGGAAUACCGCUG
None      27 ..      37   CACUGUCAUGAUGAA                  UUAUUUCAGAG                  UGGGAAUACCGCUGU
None      28 ..      38   ACUGUCAUGAUGAAU                  UAUUUCAGAGU                  GGGAAUACCGCUGUU
None      29 ..      39   CUGUCAUGAUGAAUU                  AUUUCAGAGUG                  GGAAUACCGCUGUUA
None      30 ..      40   UGUCAUGAUGAAUUA                  UUUCAGAGUGG                  GAAUACCGCUGUUAA
 7.7      31 ..      41   GUCAUGAUGAAUUAU                 UUC AGAGU GGG                 AAUACCGCUGUUAAx
 6.2      32 ..      42   UCAUGAUGAAUUAUU                 UC AGAGUGG GA                 AUACCGCUGUUAAxx
None      33 ..      43   CAUGAUGAAUUAUUU                  CAGAGUGGGAA                  UACCGCUGUUAAxxx
None      34 ..      44   AUGAUGAAUUAUUUC                  AGAGUGGGAAU                  ACCGCUGUUAAxxxx
None      35 ..      45   UGAUGAAUUAUUUCA                  GAGUGGGAAUA                  CCGCUGUUAAxxxxx
 5.7      35 ..      46   UGAUGAAUUAUUUCA                G AGUGGGAAUA C                 CGCUGUUAAxxxxxx
 4.7      37 ..      47   AUGAAUUAUUUCAGA                 G UGGGAAUAC C                 GCUGUUAAxxxxxxx
 1.9      38 ..      48   UGAAUUAUUUCAGAG                 UGG GAAUA CCG                 CUGUUAAxxxxxxxx
-0.4      37 ..      49   AUGAAUUAUUUCAGA                GUGG GAAUA CCGC                UGUUAAxxxxxxxxx
 3.1      36 ..      50   GAUGAAUUAUUUCAG               AGUGG GAAUA CCGCU               GUUAAxxxxxxxxxx
 6.6      35 ..      51   UGAUGAAUUAUUUCA              GAGUGG GAAUA CCGCUG              UUAAxxxxxxxxxxx
None      42 ..      52   UUAUUUCAGAGUGGG                  AAUACCGCUGU                  UAAxxxxxxxxxxxx
None      43 ..      53   UAUUUCAGAGUGGGA                  AUACCGCUGUU                  AAxxxxxxxxxxxxx
None      44 ..      54   AUUUCAGAGUGGGAA                  UACCGCUGUUA                  Axxxxxxxxxxxxxx
