>X06810.1:261-421 Soybean gene for U1B small nuclear RNA FORWARD
None       1 ..      11   xxxxxxxxxxxxxxx                  ATACTTACCTG                  GACGGGGTCAATGGA
 7.9       1 ..      12   xxxxxxxxxxxxxxx                ATA CTTACC TGG                 ACGGGGTCAATGGAT
 4.3       2 ..      13   xxxxxxxxxxxxxxA                TAC TTACCT GGA                 CGGGGTCAATGGATG
 6.9       4 ..      14   xxxxxxxxxxxxATA                 CTT ACCTG GAC                 GGGGTCAATGGATGA
 4.3       4 ..      15   xxxxxxxxxxxxATA                CTT ACCTGG ACG                 GGGTCAATGGATGAT
 4.7       4 ..      16   xxxxxxxxxxxxATA                CTTAC CTG GACGG                GGTCAATGGATGATC
 1.9       7 ..      17   xxxxxxxxxATACTT                 ACC TGGAC GGG                 GTCAATGGATGATCA
-0.3       8 ..      18   xxxxxxxxATACTTA                 CCT GGACG GGG                 TCAATGGATGATCAA
-1.2       7 ..      19   xxxxxxxxxATACTT                ACCT GGACG GGGT                CAATGGATGATCAAT
 2.3       6 ..      20   xxxxxxxxxxATACT               TACCT GGACG GGGTC               AATGGATGATCAATA
  -1      11 ..      21   xxxxxATACTTACCT                 GGAC GGG GTCA                 ATGGATGATCAATAA
-1.9      10 ..      22   xxxxxxATACTTACC                TGGAC GGG GTCAA                TGGATGATCAATAAG
 1.6       9 ..      23   xxxxxxxATACTTAC               CTGGAC GGG GTCAAT               GGATGATCAATAAGG
-0.7       8 ..      24   xxxxxxxxATACTTA              CCTGGAC GGG GTCAATG              GATGATCAATAAGGT
-0.5       8 ..      25   xxxxxxxxATACTTA             CC-TGGAC GGG GTCAATGG             ATGATCAATAAGGTC
 1.9       6 ..      26   xxxxxxxxxxATACT            TACCTGGAC GGG GTCAATGGA            TGATCAATAAGGTCC
 4.6       7 ..      27   xxxxxxxxxATACTT           A-CC-TGGAC GGG GTCAATGGAT           GATCAATAAGGTCCA
 3.1       4 ..      28   xxxxxxxxxxxxATA          CTTACCTGGAC GGG GTCAATGGATG          ATCAATAAGGTCCAT
-1.1      19 ..      29   CTTACCTGGACGGGG                 TCA ATGGA TGA                 TCAATAAGGTCCATG
 0.2      18 ..      30   ACTTACCTGGACGGG                GTCA ATGGA TGAT                CAATAAGGTCCATGG
-2.1      17 ..      31   TACTTACCTGGACGG               GGTCA ATGGA TGATC               AATAAGGTCCATGGC
 1.4      16 ..      32   ATACTTACCTGGACG              GGGTCA ATGGA TGATCA              ATAAGGTCCATGGCC
 0.4      23 ..      33   CCTGGACGGGGTCAA                 TGGA TGA TCAA                 TAAGGTCCATGGCCT
-0.5      22 ..      34   ACCTGGACGGGGTCA                ATGGA TGA TCAAT                AAGGTCCATGGCCTA
   3      21 ..      35   TACCTGGACGGGGTC               AATGGA TGA TCAATA               AGGTCCATGGCCTAG
 5.3      19 ..      36   CTTACCTGGACGGGG             TCAATGG ATGA TCAATAA              GGTCCATGGCCTAGG
 6.7      20 ..      37   TTACCTGGACGGGGT             C-AATGGA TGA TCAATAAG             GTCCATGGCCTAGGG
   8      19 ..      38   CTTACCTGGACGGGG            TC-AATGGA TGA TCAATAAGG            TCCATGGCCTAGGGA
 1.1      29 ..      39   CGGGGTCAATGGATG                 ATC AATAA GGT                 CCATGGCCTAGGGAA
-1.2      28 ..      40   ACGGGGTCAATGGAT                GATC AATAA GGTC                CATGGCCTAGGGAAG
 2.3      27 ..      41   GACGGGGTCAATGGA               TGATC AATAA GGTCC               ATGGCCTAGGGAAGT
 2.9      23 ..      42   CCTGGACGGGGTCAA            TGGAT GATCAATAAG GTCCA             TGGCCTAGGGAAGTA
   2      22 ..      43   ACCTGGACGGGGTCA           ATGGAT GATCAATAAG GTCCAT            GGCCTAGGGAAGTAA
 2.6      34 ..      44   TCAATGGATGATCAA                 TAAG GTC CATG                 GCCTAGGGAAGTAAC
 3.2      20 ..      45   TTACCTGGACGGGGT         CAATGGAT GATCAATAAG GTCCATGG          CCTAGGGAAGTAACC
 4.7      18 ..      46   ACTTACCTGGACGGG       GTCAATGGAT GATCAATAAG GTCCAT-GGC        CTAGGGAAGTAACCT
-4.6      37 ..      47   ATGGATGATCAATAA                 GGTC CAT GGCC                 TAGGGAAGTAACCTC
-5.5      36 ..      48   AATGGATGATCAATA                AGGTC CAT GGCCT                AGGGAAGTAACCTCC
  -2      35 ..      49   CAATGGATGATCAAT               AAGGTC CAT GGCCTA               GGGAAGTAACCTCCA
-0.7      34 ..      50   TCAATGGATGATCAA              TAAGGTC CAT GGCCTAG              GGAAGTAACCTCCAT
 1.4      40 ..      51   GATGATCAATAAGGT                CC ATGGCCTA GG                 GAAGTAACCTCCATT
 0.3      40 ..      52   GATGATCAATAAGGT                CCATG GCC TAGGG                AAGTAACCTCCATTG
-0.6      39 ..      53   GGATGATCAATAAGG               TCCATG GCC TAGGGA               AGTAACCTCCATTGC
 2.9      38 ..      54   TGGATGATCAATAAG              GTCCATG GCC TAGGGAA              GTAACCTCCATTGCA
 4.7      43 ..      55   GATCAATAAGGTCCA                TGGCC TAG GGAAG                TAACCTCCATTGCAC
 3.3      46 ..      56   CAATAAGGTCCATGG                 CCT AGGGA AGT                 AACCTCCATTGCACT
 6.7       2 ..      57   xxxxxxxxxxxxxxA TACTTACCT-GGACG-GGGTC-AATGGA TGA TCAATAAGGTCCATGGCCTAGGGAAGTA ACCTCCATTGCACTT
 5.7      47 ..      58   AATAAGGTCCATGGC                CTA GGGAAG TAA                 CCTCCATTGCACTTA
 8.7      45 ..      59   TCAATAAGGTCCATG               G CCTAGGGAAGTAA C               CTCCATTGCACTTAG
 0.4      50 ..      60   AAGGTCCATGGCCTA                 GG GAAGTAA CC                 TCCATTGCACTTAGG
-0.5      49 ..      61   TAAGGTCCATGGCCT                AGG GAAGTAA CCT                CCATTGCACTTAGGA
  -1      52 ..      62   GGTCCATGGCCTAGG                 GAAG TAA CCTC                 CATTGCACTTAGGAG
-3.3      51 ..      63   AGGTCCATGGCCTAG                GGAAG TAA CCTCC                ATTGCACTTAGGAGG
 0.2      50 ..      64   AAGGTCCATGGCCTA               GGGAAG TAA CCTCCA               TTGCACTTAGGAGGG
-0.7      49 ..      65   TAAGGTCCATGGCCT              AGGGAAG TAA CCTCCAT              TGCACTTAGGAGGGG
 2.8      48 ..      66   ATAAGGTCCATGGCC             TAGGGAAG TAA CCTCCATT             GCACTTAGGAGGGGT
 0.5      47 ..      67   AATAAGGTCCATGGC            CTAGGGAAG TAA CCTCCATTG            CACTTAGGAGGGGTG
 1.2      55 ..      68   CCATGGCCTAGGGAA               GTAA CCTCCA TTGC                ACTTAGGAGGGGTGC
 4.7      54 ..      69   TCCATGGCCTAGGGA              AGTAA CCTCCA TTGCA               CTTAGGAGGGGTGCT
 4.8      60 ..      70   GCCTAGGGAAGTAAC                 CTCC ATT GCAC                 TTAGGAGGGGTGCTT
 5.9      54 ..      71   TCCATGGCCTAGGGA             AGT AACCTCCATTGC ACT              TAGGAGGGGTGCTTT
   5      53 ..      72   GTCCATGGCCTAGGG            AAGT AACCTCCATTGC ACTT             AGGAGGGGTGCTTTC
 7.3      56 ..      73   CATGGCCTAGGGAAG             TAA CCTCCATTGCAC TTA              GGAGGGGTGCTTTCC
 5.3      62 ..      74   CTAGGGAAGTAACCT                CCA TTGCACT TAG                GAGGGGTGCTTTCCT
 3.4      62 ..      75   CTAGGGAAGTAACCT               CC ATTGCACTTA GG                AGGGGTGCTTTCCTA
 2.5      61 ..      76   CCTAGGGAAGTAACC              TCC ATTGCACTTA GGA               GGGGTGCTTTCCTAA
 0.2      60 ..      77   GCCTAGGGAAGTAAC             CTCC ATTGCACTTA GGAG              GGGTGCTTTCCTAAG
-2.1      59 ..      78   GGCCTAGGGAAGTAA            CCTCC ATTGCACTTA GGAGG             GGTGCTTTCCTAAGG
1.907e-07      68 ..      79   AAGTAACCTCCATTG                CACT TAGG AGGG                 GTGCTTTCCTAAGGT
 0.3      68 ..      80   AAGTAACCTCCATTG                CACTT AGG AGGGG                TGCTTTCCTAAGGTC
 1.6      67 ..      81   GAAGTAACCTCCATT               GCACTT AGG AGGGGT               GCTTTCCTAAGGTCT
 0.1      68 ..      82   AAGTAACCTCCATTG               CACTT AGGAG GGGTG               CTTTCCTAAGGTCTG
-2.2      67 ..      83   GAAGTAACCTCCATT              GCACTT AGGAG GGGTGC              TTTCCTAAGGTCTGC
 1.3      66 ..      84   GGAAGTAACCTCCAT             TGCACTT AGGAG GGGTGCT             TTCCTAAGGTCTGCC
 1.1      75 ..      85   CTCCATTGCACTTAG                 GAG GGGTG CTT                 TCCTAAGGTCTGCCC
 0.4      76 ..      86   TCCATTGCACTTAGG                 AGGG GTG CTTT                 CCTAAGGTCTGCCCA
-1.9      75 ..      87   CTCCATTGCACTTAG                GAGGG GTG CTTTC                CTAAGGTCTGCCCAA
-4.2      74 ..      88   CCTCCATTGCACTTA               GGAGGG GTG CTTTCC               TAAGGTCTGCCCAAG
-5.1      73 ..      89   ACCTCCATTGCACTT              AGGAGGG GTG CTTTCCT              AAGGTCTGCCCAAGT
  -6      72 ..      90   AACCTCCATTGCACT             TAGGAGGG GTG CTTTCCTA             AGGTCTGCCCAAGTG
-6.9      71 ..      91   TAACCTCCATTGCAC            TTAGGAGGG GTG CTTTCCTAA            GGTCTGCCCAAGTGG
-9.2      70 ..      92   GTAACCTCCATTGCA           CTTAGGAGGG GTG CTTTCCTAAG           GTCTGCCCAAGTGGC
-5.7      69 ..      93   AGTAACCTCCATTGC          ACTTAGGAGGG GTG CTTTCCTAAGG          TCTGCCCAAGTGGCA
-4.2      67 ..      94   GAAGTAACCTCCATT        GCACTTAGGAGGG GTG CTTTCCTAAG-GT        CTGCCCAAGTGGCAG
-4.5      67 ..      95   GAAGTAACCTCCATT        GCACTTAGGAGGG GTG CTTTCCTAAGGTC        TGCCCAAGTGGCAGA
  -1      66 ..      96   GGAAGTAACCTCCAT       TGCACTTAGGAGGG GTG CTTTCCTAAGGTCT       GCCCAAGTGGCAGAG
 0.3      65 ..      97   GGGAAGTAACCTCCA      TTGCACTTAGGAGGG GTG CTTTCCTAAGGTCTG      CCCAAGTGGCAGAGC
 2.3      82 ..      98   GCACTTAGGAGGGGT              GCTTTCC TAA GGTCTGC              CCAAGTGGCAGAGCC
 3.2      77 ..      99   CCATTGCACTTAGGA           GGGGTGCTTT CCT AAGGTCTGCC           CAAGTGGCAGAGCCT
   2      77 ..     100   CCATTGCACTTAGGA          GGGGTG-CTTT CCT AAGGTCTGCCC          AAGTGGCAGAGCCTA
 1.9      91 ..     101   AGGGGTGCTTTCCTA                 AGG TCTGC CCA                 AGTGGCAGAGCCTAC
 3.5      89 ..     102   GGAGGGGTGCTTTCC               TAAGG TCTG CCCAA                GTGGCAGAGCCTACG
 1.2      88 ..     103   AGGAGGGGTGCTTTC              CTAAGG TCTG CCCAAG               TGGCAGAGCCTACGT
 3.3      94 ..     104   GGTGCTTTCCTAAGG                 TCT GCCCA AGT                 GGCAGAGCCTACGTC
 4.7      95 ..     105   GTGCTTTCCTAAGGT                CTGC CCAA GT-G                 GCAGAGCCTACGTCA
-4.768e-08      95 ..     106   GTGCTTTCCTAAGGT                CTGC CCAA GTGG                 CAGAGCCTACGTCAT
-3.9      97 ..     107   GCTTTCCTAAGGTCT                 GCC CAAGT GGC                 AGAGCCTACGTCATA
-4.8      96 ..     108   TGCTTTCCTAAGGTC                TGCC CAAGT GGCA                GAGCCTACGTCATAA
-7.1      95 ..     109   GTGCTTTCCTAAGGT               CTGCC CAAGT GGCAG               AGCCTACGTCATAAT
  -8      94 ..     110   GGTGCTTTCCTAAGG              TCTGCC CAAGT GGCAGA              GCCTACGTCATAATT
-4.5      93 ..     111   GGGTGCTTTCCTAAG             GTCTGCC CAAGT GGCAGAG             CCTACGTCATAATTT
-6.8      92 ..     112   GGGGTGCTTTCCTAA            GGTCTGCC CAAGT GGCAGAGC            CTACGTCATAATTTG
-6.6      92 ..     113   GGGGTGCTTTCCTAA           GG-TCTGCC CAAGT GGCAGAGCC           TACGTCATAATTTGT
-7.5      91 ..     114   AGGGGTGCTTTCCTA          AGG-TCTGCC CAAGT GGCAGAGCCT          ACGTCATAATTTGTG
-5.1      89 ..     115   GGAGGGGTGCTTTCC         TAAGGTCTGCC CAAGT GGCAGAGCCTA         CGTCATAATTTGTGG
-3.1     103 ..     116   CTAAGGTCTGCCCAA               GT-GGC AGA GCCTAC               GTCATAATTTGTGGT
-3.9      87 ..     117   TAGGAGGGGTGCTTT       CCTAAGGTCTGCC CAAGT GGCAGAGCCTACG       TCATAATTTGTGGTA
-0.5     101 ..     118   TCCTAAGGTCTGCCC             AAGT-GGC AGA GCCTACGT             CATAATTTGTGGTAG
 1.8     109 ..     119   TCTGCCCAAGTGGCA                 GA GCCTACG TC                 ATAATTTGTGGTAGT
 2.2      84 ..     120   ACTTAGGAGGGGTGC    TTTCCTAAGGTCTGCC CAAGT GGCAGAGCCTACGTCA    TAATTTGTGGTAGTG
 4.1     103 ..     121   CTAAGGTCTGCCCAA             GTGGC AGAGCCTAC GTCAT             AATTTGTGGTAGTGG
 7.6     102 ..     122   CCTAAGGTCTGCCCA            AGTGGC AGAGCCTAC GTCATA            ATTTGTGGTAGTGGG
 4.7     113 ..     123   CCCAAGTGGCAGAGC                 CTA CGTCA TAA                 TTTGTGGTAGTGGGG
 8.2     112 ..     124   GCCCAAGTGGCAGAG                CCTA CGTCA TAAT                TTGTGGTAGTGGGGG
 6.1     115 ..     125   CAAGTGGCAGAGCCT                 A CGTCATAAT T                 TGTGGTAGTGGGGGC
   5     115 ..     126   CAAGTGGCAGAGCCT                ACGT CATA ATTT                 GTGGTAGTGGGGGCT
   5     116 ..     127   AAGTGGCAGAGCCTA                CG TCATAATT TG                 TGGTAGTGGGGGCTT
 3.3     118 ..     128   GTGGCAGAGCCTACG                 TCA TAATT TGT                 GGTAGTGGGGGCTTG
-1.8     119 ..     129   TGGCAGAGCCTACGT                 CATA ATT TGTG                 GTAGTGGGGGCTTGC
-0.5     118 ..     130   GTGGCAGAGCCTACG                TCATA ATT TGTGG                TAGTGGGGGCTTGCG
 0.8     117 ..     131   AGTGGCAGAGCCTAC               GTCATA ATT TGTGGT               AGTGGGGGCTTGCGT
 2.7     114 ..     132   CCAAGTGGCAGAGCC             TACGTCA TAATT TGTGGTA             GTGGGGGCTTGCGTT
 0.4     113 ..     133   CCCAAGTGGCAGAGC            CTACGTCA TAATT TGTGGTAG            TGGGGGCTTGCGTTC
 3.5     123 ..     134   AGAGCCTACGTCATA                ATT TGTGGT AGT                 GGGGGCTTGCGTTCG
 4.1     112 ..     135   GCCCAAGTGGCAGAG          C-CTACGTCA TAATT TGTGGTAGTG          GGGGCTTGCGTTCGC
 2.6     113 ..     136   CCCAAGTGGCAGAGC          CTAC-GTCATA ATT TGTGGTAGTGG          GGGCTTGCGTTCGCG
 0.3     112 ..     137   GCCCAAGTGGCAGAG         CCTAC-GTCATA ATT TGTGGTAGTGGG         GGCTTGCGTTCGCGC
 3.8     111 ..     138   TGCCCAAGTGGCAGA        GCCTAC-GTCATA ATT TGTGGTAGTGGGG        GCTTGCGTTCGCGCA
 7.3     110 ..     139   CTGCCCAAGTGGCAG       AGCCTAC-GTCATA ATT TGTGGTAGTGGGGG       CTTGCGTTCGCGCAG
   4     130 ..     140   ACGTCATAATTTGTG                 GT AGTGGGG GC                 TTGCGTTCGCGCAGC
 4.1     108 ..     141   GTCTGCCCAAGTGGC     AGAGCCTAC-GTCATA ATT TGTGGTAGTGGGGGCT     TGCGTTCGCGCAGCC
 3.6     131 ..     142   CGTCATAATTTGTGG                TAGT GGGG GCTT                 GCGTTCGCGCAGCCC
 6.7     131 ..     143   CGTCATAATTTGTGG                TAG TGGGGGC TTG                CGTTCGCGCAGCCCC
 3.6     133 ..     144   TCATAATTTGTGGTA                GTGG GGGC TTGC                 GTTCGCGCAGCCCCT
   5     134 ..     145   CATAATTTGTGGTAG                TG GGGGCTTG CG                 TTCGCGCAGCCCCTT
 5.5     136 ..     146   TAATTTGTGGTAGTG                 GGG GCTTG CGT                 TCGCGCAGCCCCTTC
 5.4     132 ..     147   GTCATAATTTGTGGT              AGTG GGGGCTTG CGTT               CGCGCAGCCCCTTCx
-4.768e-08     137 ..     148   AATTTGTGGTAGTGG                GGGC TTGC GTTC                 GCGCAGCCCCTTCxx
 3.5     136 ..     149   TAATTTGTGGTAGTG               GGGGC TTGC GTTCG                CGCAGCCCCTTCxxx
 1.2     135 ..     150   ATAATTTGTGGTAGT              GGGGGC TTGC GTTCGC               GCAGCCCCTTCxxxx
 2.2     140 ..     151   TTGTGGTAGTGGGGG                CTTG CGTT CGCG                 CAGCCCCTTCxxxxx
-0.1     139 ..     152   TTTGTGGTAGTGGGG               GCTTG CGTT CGCGC                AGCCCCTTCxxxxxx
-5.8     142 ..     153   GTGGTAGTGGGGGCT                TGCG TTCG CGCA                 GCCCCTTCxxxxxxx
-4.5     141 ..     154   TGTGGTAGTGGGGGC               TTGCG TTCG CGCAG                CCCCTTCxxxxxxxx
-4.4     139 ..     155   TTTGTGGTAGTGGGG             GCTTGCG TTCG CGCA-GC              CCCTTCxxxxxxxxx
-6.7     138 ..     156   ATTTGTGGTAGTGGG            GGCTTGCG TTCG CGCA-GCC             CCTTCxxxxxxxxxx
  -9     137 ..     157   AATTTGTGGTAGTGG           GGGCTTGCG TTCG CGCA-GCCC            CTTCxxxxxxxxxxx
-11.3     136 ..     158   TAATTTGTGGTAGTG          GGGGCTTGCG TTCG CGCA-GCCCC           TTCxxxxxxxxxxxx
 -10     135 ..     159   ATAATTTGTGGTAGT         GGGGGCTTGCG TTCG CGCA-GCCCCT          TCxxxxxxxxxxxxx
-6.5     134 ..     160   CATAATTTGTGGTAG        TGGGGGCTTGCG TTCG CGCA-GCCCCTT         Cxxxxxxxxxxxxxx
