>AALT01584327.1:366-499 Sorex araneus voucher Broad:Sequencing.Sample:414-Sor.araneus, Broad Institute, Cambridge, MA isolate GB8-d cont1.584326, whole genome shotgun sequence FORWARD
 3.2       1 ..      11   xxxxxxxxxxxxxxx                 AA AAAGGGC TT                 CTGCCGTGAGTGGCA
 4.7       2 ..      12   xxxxxxxxxxxxxxA                 AAA AGGGC TTC                 TGCCGTGAGTGGCAC
 2.8       2 ..      13   xxxxxxxxxxxxxxA                AAAA GGGC TTCT                 GCCGTGAGTGGCACA
 2.6       4 ..      14   xxxxxxxxxxxxAAA                 AAGG GCT TCTG                 CCGTGAGTGGCACAC
 6.1       3 ..      15   xxxxxxxxxxxxxAA                AAAGG GCT TCTGC                CGTGAGTGGCACACG
 0.4       6 ..      16   xxxxxxxxxxAAAAA                 GG GCTTCTG CC                 GTGAGTGGCACACGT
-1.4       6 ..      17   xxxxxxxxxxAAAAA                GGGC TTCT GCCG                 TGAGTGGCACACGTA
-2.3       5 ..      18   xxxxxxxxxxxAAAA               AGGGC TTCT GCCGT                GAGTGGCACACGTAG
 1.2       4 ..      19   xxxxxxxxxxxxAAA              AAGGGC TTCT GCCGTG               AGTGGCACACGTAGG
 4.7       3 ..      20   xxxxxxxxxxxxxAA             AAAGGGC TTCT GCCGTGA              GTGGCACACGTAGGG
 2.1      10 ..      21   xxxxxxAAAAAGGGC                TTC TGCCGT GAG                 TGGCACACGTAGGGC
 4.3      11 ..      22   xxxxxAAAAAGGGCT                TCT GCCGTG AGT                 GGCACACGTAGGGCA
 3.3      13 ..      23   xxxAAAAAGGGCTTC                 TGC CGTGA GTG                 GCACACGTAGGGCAA
   1      12 ..      24   xxxxAAAAAGGGCTT                CTGC CGTGA GTGG                CACACGTAGGGCAAA
-3.6      14 ..      25   xxAAAAAGGGCTTCT                GCCG TGAG TGGC                 ACACGTAGGGCAAAT
-4.5      13 ..      26   xxxAAAAAGGGCTTC               TGCCG TGAG TGGCA                CACGTAGGGCAAATC
-2.5      17 ..      27   AAAAGGGCTTCTGCC                 GTG AGTGG CAC                 ACGTAGGGCAAATCG
-1.9      11 ..      28   xxxxxAAAAAGGGCT             TCTGCCG TGAG TGGCACA              CGTAGGGCAAATCGC
-3.3      17 ..      29   AAAAGGGCTTCTGCC                GTGAG TGG CACAC                GTAGGGCAAATCGCT
-5.6      16 ..      30   AAAAAGGGCTTCTGC               CGTGAG TGG CACACG               TAGGGCAAATCGCTT
-2.1      15 ..      31   xAAAAAGGGCTTCTG              CCGTGAG TGG CACACGT              AGGGCAAATCGCTTG
-0.6      18 ..      32   AAAGGGCTTCTGCCG               TGAGTG GCA CACGTA               GGGCAAATCGCTTGC
-1.5      12 ..      33   xxxxAAAAAGGGCTT           CTGCCGTGAG TGG CACAC-GTAG           GGCAAATCGCTTGCT
-0.2      11 ..      34   xxxxxAAAAAGGGCT          TCTGCCGTGAG TGG CACAC-GTAGG          GCAAATCGCTTGCTC
-1.7      15 ..      35   xAAAAAGGGCTTCTG            CCGTGAGTG GCA CACGTAGGG            CAAATCGCTTGCTCT
  -4      14 ..      36   xxAAAAAGGGCTTCT           GCCGTGAGTG GCA CACGTAGGGC           AAATCGCTTGCTCTA
-4.9      13 ..      37   xxxAAAAAGGGCTTC          TGCCGTGAGTG GCA CACGTAGGGCA          AATCGCTTGCTCTAC
-1.4      12 ..      38   xxxxAAAAAGGGCTT         CTGCCGTGAGTG GCA CACGTAGGGCAA         ATCGCTTGCTCTACG
-2.3      11 ..      39   xxxxxAAAAAGGGCT        TCTGCCGTGAGTG GCA CACGTAGGGCAAA        TCGCTTGCTCTACGT
 1.2      10 ..      40   xxxxxxAAAAAGGGC       TTCTGCCGTGAGTG GCA CACGTAGGGCAAAT       CGCTTGCTCTACGTG
 0.5       8 ..      41   xxxxxxxxAAAAAGG     GCTTCTGCCGTGAGTG GCA CACGTAGGGCA-AATC     GCTTGCTCTACGTGC
 3.4      29 ..      42   GCCGTGAGTGGCACA               CG TAGGGCAAAT CG                CTTGCTCTACGTGCG
 1.5      17 ..      43   AAAAGGGCTTCTGCC         GTGAGTGGCAC ACGTA GGGCAAATCGC         TTGCTCTACGTGCGG
-0.3      34 ..      44   GAGTGGCACACGTAG                 GGC AAATC GCT                 TGCTCTACGTGCGGA
-0.1       4 ..      45   xxxxxxxxxxxxAAA AAGGGCTTCTGCCGTGAGTG GCA CACGTAGGGCA-AATCGCTT GCTCTACGTGCGGAA
-1.1      36 ..      46   GTGGCACACGTAGGG                 CAA ATCGC TTG                 CTCTACGTGCGGAAT
-3.4      35 ..      47   AGTGGCACACGTAGG                GCAA ATCGC TTGC                TCTACGTGCGGAATC
-2.1      34 ..      48   GAGTGGCACACGTAG               GGCAA ATCGC TTGCT               CTACGTGCGGAATCG
-4.4      33 ..      49   TGAGTGGCACACGTA              GGGCAA ATCGC TTGCTC              TACGTGCGGAATCGA
-5.3      32 ..      50   GTGAGTGGCACACGT             AGGGCAA ATCGC TTGCTCT             ACGTGCGGAATCGAC
-6.2      31 ..      51   CGTGAGTGGCACACG            TAGGGCAA ATCGC TTGCTCTA            CGTGCGGAATCGACA
-8.5      30 ..      52   CCGTGAGTGGCACAC           GTAGGGCAA ATCGC TTGCTCTAC           GTGCGGAATCGACAT
-10.8      29 ..      53   GCCGTGAGTGGCACA          CGTAGGGCAA ATCGC TTGCTCTACG          TGCGGAATCGACATC
-11.7      28 ..      54   TGCCGTGAGTGGCAC         ACGTAGGGCAA ATCGC TTGCTCTACGT         GCGGAATCGACATCA
 -14      27 ..      55   CTGCCGTGAGTGGCA        CACGTAGGGCAA ATCGC TTGCTCTACGTG        CGGAATCGACATCAA
-10.5      26 ..      56   TCTGCCGTGAGTGGC       ACACGTAGGGCAA ATCGC TTGCTCTACGTGC       GGAATCGACATCAAG
-12.8      25 ..      57   TTCTGCCGTGAGTGG      CACACGTAGGGCAA ATCGC TTGCTCTACGTGCG      GAATCGACATCAAGA
-9.3      24 ..      58   CTTCTGCCGTGAGTG     GCACACGTAGGGCAA ATCGC TTGCTCTACGTGCGG     AATCGACATCAAGAG
-5.8      23 ..      59   GCTTCTGCCGTGAGT    GGCACACGTAGGGCAA ATCGC TTGCTCTACGTGCGGA    ATCGACATCAAGAGA
-6.7      22 ..      60   GGCTTCTGCCGTGAG   TGGCACACGTAGGGCAA ATCGC TTGCTCTACGTGCGGAA   TCGACATCAAGAGAT
-5.4      21 ..      61   GGGCTTCTGCCGTGA  GTGGCACACGTAGGGCAA ATCGC TTGCTCTACGTGCGGAAT  CGACATCAAGAGATT
-3.9      19 ..      62   AAGGGCTTCTGCCGT GAGTGGCACACGTAGGGCAA ATCGC TTGCTCTACGTGCGGAA-TC GACATCAAGAGATTT
-2.6      18 ..      63   AAAGGGCTTCTGCCG TGAGTGGCACACGTAGGGCAA ATCGC TTGCTCTACGTGCGGAA-TCG ACATCAAGAGATTTC
 0.7      18 ..      64   AAAGGGCTTCTGCCG TGAGTGGCACACGTAGGGCAA ATCGC TTGCTCTACGTGCGGAATCGA CATCAAGAGATTTCG
-1.6      17 ..      65   AAAAGGGCTTCTGCC GTGAGTGGCACACGTAGGGCAA ATCGC TTGCTCTACGTGCGGAATCGAC ATCAAGAGATTTCGG
 0.2      54 ..      66   ATCGCTTGCTCTACG               TG-CG GAAT CGACA                TCAAGAGATTTCGGA
 1.5      53 ..      67   AATCGCTTGCTCTAC              GTG-CG GAAT CGACAT               CAAGAGATTTCGGAA
 1.8      58 ..      68   CTTGCTCTACGTGCG                 GA ATCGACA TC                 AAGAGATTTCGGAAG
 2.2      13 ..      69   xxxAAAAAGGGCTTC TGCCGTGAGTGGCACACGTAGGGCAA ATCGC TTGCTCTACGTGCGGAATCGACATCA AGAGATTTCGGAAGC
 5.7      12 ..      70   xxxxAAAAAGGGCTT CTGCCGTGAGTGGCACACGTAGGGCAA ATCGC TTGCTCTACGTGCGGAATCGACATCAA GAGATTTCGGAAGCA
 5.3      49 ..      71   GGCAAATCGCTTGCT          CTACGTG-CG GAAT CGACATCAAG           AGATTTCGGAAGCAT
 2.8      61 ..      72   GCTCTACGTGCGGAA                TC GACATCAA GA                 GATTTCGGAAGCATA
 2.1      47 ..      73   AGGGCAAATCGCTTG        CTCTACGTG-CG GAAT CGACATCAAGAG         ATTTCGGAAGCATAA
 4.8      61 ..      74   GCTCTACGTGCGGAA               TC GACATCAAGA GA                TTTCGGAAGCATAAT
 3.9      60 ..      75   TGCTCTACGTGCGGA              ATC GACATCAAGA GAT               TTCGGAAGCATAATT
 1.4      65 ..      76   TACGTGCGGAATCGA                CATC AAGA GATT                 TCGGAAGCATAATTT
 0.5      64 ..      77   CTACGTGCGGAATCG               ACATC AAGA GATTT                CGGAAGCATAATTTT
-1.8      63 ..      78   TCTACGTGCGGAATC              GACATC AAGA GATTTC               GGAAGCATAATTTTT
-4.1      62 ..      79   CTCTACGTGCGGAAT             CGACATC AAGA GATTTCG              GAAGCATAATTTTTG
-2.8      61 ..      80   GCTCTACGTGCGGAA            TCGACATC AAGA GATTTCGG             AAGCATAATTTTTGC
 0.7      60 ..      81   TGCTCTACGTGCGGA           ATCGACATC AAGA GATTTCGGA            AGCATAATTTTTGCA
 4.2      59 ..      82   TTGCTCTACGTGCGG          AATCGACATC AAGA GATTTCGGAA           GCATAATTTTTGCAC
 3.5      52 ..      83   AAATCGCTTGCTCTA      CGTGCGGAATC GACATCAAGA GATTTCGGAAG       CATAATTTTTGCACC
 1.4      73 ..      84   GAATCGACATCAAGA                GATT TCGG AAGC                 ATAATTTTTGCACCG
 4.9      72 ..      85   GGAATCGACATCAAG               AGATT TCGG AAGCA                TAATTTTTGCACCGC
 5.2      74 ..      86   AATCGACATCAAGAG                AT TTCGGAAGC AT                AATTTTTGCACCGCA
 4.8      77 ..      87   CGACATCAAGAGATT                 TCGG AAG CATA                 ATTTTTGCACCGCAG
 3.9      76 ..      88   TCGACATCAAGAGAT                TTCGG AAG CATAA                TTTTTGCACCGCAGG
   4      74 ..      89   AATCGACATCAAGAG              ATTTCG GAAG CATAAT               TTTTGCACCGCAGGG
 5.3      73 ..      90   GAATCGACATCAAGA             GATTTCG GAAG CATAATT              TTTGCACCGCAGGGC
 2.5      81 ..      91   ATCAAGAGATTTCGG                 AAG CATAA TTT                 TTGCACCGCAGGGCA
 3.5      81 ..      92   ATCAAGAGATTTCGG                AAG CATAAT TTT                 TGCACCGCAGGGCAG
 3.1      81 ..      93   ATCAAGAGATTTCGG                AAGCA TAA TTTTT                GCACCGCAGGGCAGC
 0.4      84 ..      94   AAGAGATTTCGGAAG                 CATA ATT TTTG                 CACCGCAGGGCAGCT
-1.9      83 ..      95   CAAGAGATTTCGGAA                GCATA ATT TTTGC                ACCGCAGGGCAGCTA
 1.6      82 ..      96   TCAAGAGATTTCGGA               AGCATA ATT TTTGCA               CCGCAGGGCAGCTAG
 5.1      81 ..      97   ATCAAGAGATTTCGG              AAGCATA ATT TTTGCAC              CGCAGGGCAGCTAGT
 2.8      80 ..      98   CATCAAGAGATTTCG             GAAGCATA ATT TTTGCACC             GCAGGGCAGCTAGTG
 0.7      78 ..      99   GACATCAAGAGATTT           CGGAAGCATA ATT TTTGCA-CCG           CAGGGCAGCTAGTGA
 4.2      77 ..     100   CGACATCAAGAGATT          TCGGAAGCATA ATT TTTGCA-CCGC          AGGGCAGCTAGTGAT
 2.6      91 ..     101   TTCGGAAGCATAATT                 TTTG CAC CGCA                 GGGCAGCTAGTGATC
-3.2      92 ..     102   TCGGAAGCATAATTT                 TTGC ACC GCAG                 GGCAGCTAGTGATCG
-1.9      91 ..     103   TTCGGAAGCATAATT                TTTGC ACC GCAGG                GCAGCTAGTGATCGT
-0.6      90 ..     104   TTTCGGAAGCATAAT               TTTTGC ACC GCAGGG               CAGCTAGTGATCGTT
-2.2      94 ..     105   GGAAGCATAATTTTT                GCACC GCA GG-GC                AGCTAGTGATCGTTG
-3.1      93 ..     106   CGGAAGCATAATTTT               TGCACC GCA GG-GCA               GCTAGTGATCGTTGG
-2.4      97 ..     107   AGCATAATTTTTGCA                 CCGC AGG GCAG                 CTAGTGATCGTTGGT
 1.1      96 ..     108   AAGCATAATTTTTGC                ACCGC AGG GCAGC                TAGTGATCGTTGGTC
 2.7      96 ..     109   AAGCATAATTTTTGC               A-CCGC AGG GCAGCT               AGTGATCGTTGGTCC
 3.3     100 ..     110   ATAATTTTTGCACCG                 CAG GGCAG CTA                 GTGATCGTTGGTCCT
 2.2     100 ..     111   ATAATTTTTGCACCG                CAGG GCAG CTAG                 TGATCGTTGGTCCTG
 3.5      99 ..     112   CATAATTTTTGCACC               GCAGG GCAG CTAGT                GATCGTTGGTCCTGG
 1.2      98 ..     113   GCATAATTTTTGCAC              CGCAGG GCAG CTAGTG               ATCGTTGGTCCTGGC
 3.3     104 ..     114   TTTTTGCACCGCAGG                 GCA GCTAG TGA                 TCGTTGGTCCTGGCG
 3.8      96 ..     115   AAGCATAATTTTTGC            ACCGCAGG GCAG CTAGTGAT             CGTTGGTCCTGGCGC
 2.3     102 ..     116   AATTTTTGCACCGCA               GGGCA GCTAG TGATC               GTTGGTCCTGGCGCC
 5.8     101 ..     117   TAATTTTTGCACCGC              AGGGCA GCTAG TGATCG              TTGGTCCTGGCGCCC
 3.6     107 ..     118   TTGCACCGCAGGGCA                GCTA GTGA TCGT                 TGGTCCTGGCGCCCC
 2.7     106 ..     119   TTTGCACCGCAGGGC               AGCTA GTGA TCGTT                GGTCCTGGCGCCCCG
 0.4     105 ..     120   TTTTGCACCGCAGGG              CAGCTA GTGA TCGTTG               GTCCTGGCGCCCCGx
 2.7     108 ..     121   TGCACCGCAGGGCAG               CTAGT GATC GTTGG                TCCTGGCGCCCCGxx
   4     107 ..     122   TTGCACCGCAGGGCA              GCTAGT GATC GTTGGT               CCTGGCGCCCCGxxx
-3.2     113 ..     123   CGCAGGGCAGCTAGT                 GATC GTT GGTC                 CTGGCGCCCCGxxxx
 0.3     112 ..     124   CCGCAGGGCAGCTAG                TGATC GTT GGTCC                TGGCGCCCCGxxxxx
-0.4     110 ..     125   CACCGCAGGGCAGCT              AGTGATC GTT GGTC-CT              GGCGCCCCGxxxxxx
-0.1     100 ..     126   ATAATTTTTGCACCG        CAGGG-CAGCTA GTGA TCGTTGGTCCTG         GCGCCCCGxxxxxxx
-1.4     108 ..     127   TGCACCGCAGGGCAG            CTAGTGATC GTT GGTC-CTGG            CGCCCCGxxxxxxxx
-3.7     107 ..     128   TTGCACCGCAGGGCA           GCTAGTGATC GTT GGTC-CTGGC           GCCCCGxxxxxxxxx
-0.2     106 ..     129   TTTGCACCGCAGGGC          AGCTAGTGATC GTT GGTC-CTGGCG          CCCCGxxxxxxxxxx
-2.3     104 ..     130   TTTTTGCACCGCAGG        GCAGCTAGTGATC GTT GGTC-CTGGC-GC        CCCGxxxxxxxxxxx
-4.6     103 ..     131   ATTTTTGCACCGCAG       GGCAGCTAGTGATC GTT GGTC-CTGGC-GCC       CCGxxxxxxxxxxxx
-6.9     102 ..     132   AATTTTTGCACCGCA      GGGCAGCTAGTGATC GTT GGTC-CTGGC-GCCC      CGxxxxxxxxxxxxx
-3.6     102 ..     133   AATTTTTGCACCGCA      GGGCAGCTAGTGATC GTT GGTC-CTGGCGCCCC      Gxxxxxxxxxxxxxx
