>AANN01056468.1:c521-372 Erinaceus europaeus voucher Broad:Sequencing.Sample:533, Broad Institute, Cambridge, MA cont1.056467, whole genome shotgun sequence FORWARD
 7.6       1 ..      11   xxxxxxxxxxxxxxx                 AT GCCTTAA AC                 TTATGAGTAAGGAAA
 6.2       2 ..      12   xxxxxxxxxxxxxxA                 TG CCTTAAA CT                 TATGAGTAAGGAAAA
 5.3       1 ..      13   xxxxxxxxxxxxxxx                ATG CCTTAAA CTT                ATGAGTAAGGAAAAT
 7.4       2 ..      14   xxxxxxxxxxxxxxA                TG CCTTAAACT TA                TGAGTAAGGAAAATA
 6.2       5 ..      15   xxxxxxxxxxxATGC                 CTTA AAC TTAT                 GAGTAAGGAAAATAA
 1.4       5 ..      16   xxxxxxxxxxxATGC                CTTA AACT TATG                 AGTAAGGAAAATAAC
 3.5       6 ..      17   xxxxxxxxxxATGCC                TTA AACTTA TGA                 GTAAGGAAAATAACG
 1.2       5 ..      18   xxxxxxxxxxxATGC               CTTA AACTTA TGAG                TAAGGAAAATAACGA
 3.9       9 ..      19   xxxxxxxATGCCTTA                AACT TATG AGT-                 AAGGAAAATAACGAT
 1.4       9 ..      20   xxxxxxxATGCCTTA                AACT TATG AGTA                 AGGAAAATAACGATT
   4       6 ..      21   xxxxxxxxxxATGCC              TTAAAC TTAT GAGTAA               GGAAAATAACGATTC
  -3      11 ..      22   xxxxxATGCCTTAAA                CTTA TGAG TAAG                 GAAAATAACGATTCG
-0.6       4 ..      23   xxxxxxxxxxxxATG            CCTTAAAC TTAT GAGTAAGG             AAAATAACGATTCGG
 2.9       3 ..      24   xxxxxxxxxxxxxAT           GCCTTAAAC TTAT GAGTAAGGA            AAATAACGATTCGGG
   2       2 ..      25   xxxxxxxxxxxxxxA          TGCCTTAAAC TTAT GAGTAAGGAA           AATAACGATTCGGGG
 5.5       1 ..      26   xxxxxxxxxxxxxxx         ATGCCTTAAAC TTAT GAGTAAGGAAA          ATAACGATTCGGGGT
 5.7       6 ..      27   xxxxxxxxxxATGCC           TTAAACTTA TGAG TAAGGAAAA            TAACGATTCGGGGTG
 5.4      18 ..      28   GCCTTAAACTTATGA                 GT AAGGAAA AT                 AACGATTCGGGGTGA
 3.2      19 ..      29   CCTTAAACTTATGAG                 TA AGGAAAA TA                 ACGATTCGGGGTGAC
 5.4      12 ..      30   xxxxATGCCTTAAAC             TTAT GAGTAAGGAAA ATAA             CGATTCGGGGTGACG
 3.4      18 ..      31   GCCTTAAACTTATGA               GTAA GGAAAA TAAC                GATTCGGGGTGACGC
 6.2      22 ..      32   TAAACTTATGAGTAA                 GG AAAATAA CG                 ATTCGGGGTGACGCC
None      23 ..      33   AAACTTATGAGTAAG                  GAAAATAACGA                  TTCGGGGTGACGCCC
 6.1      24 ..      34   AACTTATGAGTAAGG                 A AAATAACGA T                 TCGGGGTGACGCCCG
 3.2      25 ..      35   ACTTATGAGTAAGGA                 AA ATAACGA TT                 CGGGGTGACGCCCGA
 1.9      23 ..      36   AAACTTATGAGTAAG               GAA AATAACGA TTC                GGGGTGACGCCCGAA
 5.4      22 ..      37   TAAACTTATGAGTAA              GGAA AATAACGA TTCG               GGGTGACGCCCGAAT
 8.3      28 ..      38   TATGAGTAAGGAAAA                 T AACGATTCG G                 GGTGACGCCCGAATC
 3.4      29 ..      39   ATGAGTAAGGAAAAT                 AACG ATT CGGG                 GTGACGCCCGAATCC
 4.7      28 ..      40   TATGAGTAAGGAAAA                TAACG ATT CGGGG                TGACGCCCGAATCCT
 2.8      30 ..      41   TGAGTAAGGAAAATA                AC GATTCGGG GT                 GACGCCCGAATCCTC
   5      31 ..      42   GAGTAAGGAAAATAA                CG ATTCGGGG TG                 ACGCCCGAATCCTCA
 5.4      28 ..      43   TATGAGTAAGGAAAA              TAAC GATTCGGG GTGA               CGCCCGAATCCTCAC
 2.6      34 ..      44   TAAGGAAAATAACGA                 TTCG GGG TGAC                 GCCCGAATCCTCACT
 2.4      31 ..      45   GAGTAAGGAAAATAA               CGATTC GGG GTGACG               CCCGAATCCTCACTG
 2.9      35 ..      46   AAGGAAAATAACGAT                TCG GGGTGA CGC                 CCGAATCCTCACTGC
-2.4      37 ..      47   GGAAAATAACGATTC                 GGGG TGA CGCC                 CGAATCCTCACTGCT
-4.6      38 ..      48   GAAAATAACGATTCG                 GGGT GAC GCCC                 GAATCCTCACTGCTA
-5.2      36 ..      49   AGGAAAATAACGATT               CGGG GTGACG CCCG                AATCCTCACTGCTAA
-6.1      35 ..      50   AAGGAAAATAACGAT              TCGGG GTGACG CCCGA               ATCCTCACTGCTAAT
  -7      34 ..      51   TAAGGAAAATAACGA             TTCGGG GTGACG CCCGAA              TCCTCACTGCTAATG
-7.9      33 ..      52   GTAAGGAAAATAACG            ATTCGGG GTGACG CCCGAAT             CCTCACTGCTAATGT
-10.2      32 ..      53   AGTAAGGAAAATAAC           GATTCGGG GTGACG CCCGAATC            CTCACTGCTAATGTG
-6.7      31 ..      54   GAGTAAGGAAAATAA          CGATTCGGG GTGACG CCCGAATCC           TCACTGCTAATGTGA
-7.6      30 ..      55   TGAGTAAGGAAAATA         ACGATTCGGG GTGACG CCCGAATCCT          CACTGCTAATGTGAG
-4.1      29 ..      56   ATGAGTAAGGAAAAT        AACGATTCGGG GTGACG CCCGAATCCTC         ACTGCTAATGTGAGA
  -5      28 ..      57   TATGAGTAAGGAAAA       TAACGATTCGGG GTGACG CCCGAATCCTCA        CTGCTAATGTGAGAC
-1.5      27 ..      58   TTATGAGTAAGGAAA      ATAACGATTCGGG GTGACG CCCGAATCCTCAC       TGCTAATGTGAGACG
-2.4      26 ..      59   CTTATGAGTAAGGAA     AATAACGATTCGGG GTGACG CCCGAATCCTCACT      GCTAATGTGAGACGA
 1.1      25 ..      60   ACTTATGAGTAAGGA    AAATAACGATTCGGG GTGACG CCCGAATCCTCACTG     CTAATGTGAGACGAA
 2.3      37 ..      61   GGAAAATAACGATTC          GGGGTGACG CCCGAAT CCTCACTGC          TAATGTGAGACGAAT
 4.3      51 ..      62   CGGGGTGACGCCCGA                ATC CTCACT GCT                 AATGTGAGACGAATT
 4.9      35 ..      63   AAGGAAAATAACGAT        TCGGGGTGACG CCCGAAT CCTCACTGCTA        ATGTGAGACGAATTT
   4      34 ..      64   TAAGGAAAATAACGA       TTCGGGGTGACG CCCGAAT CCTCACTGCTAA       TGTGAGACGAATTTT
 3.1      33 ..      65   GTAAGGAAAATAACG      ATTCGGGGTGACG CCCGAAT CCTCACTGCTAAT      GTGAGACGAATTTTT
 0.4      56 ..      66   TGACGCCCGAATCCT                 CACT GCT AATG                 TGAGACGAATTTTTG
 1.8      57 ..      67   GACGCCCGAATCCTC                 AC TGCTAAT GT                 GAGACGAATTTTTGA
-0.5      56 ..      68   TGACGCCCGAATCCT                CAC TGCTAAT GTG                AGACGAATTTTTGAG
-1.4      55 ..      69   GTGACGCCCGAATCC               TCAC TGCTAAT GTGA               GACGAATTTTTGAGC
-3.7      54 ..      70   GGTGACGCCCGAATC              CTCAC TGCTAAT GTGAG              ACGAATTTTTGAGCG
-0.2      53 ..      71   GGGTGACGCCCGAAT             CCTCAC TGCTAAT GTGAGA             CGAATTTTTGAGCGG
 3.3      52 ..      72   GGGGTGACGCCCGAA            TCCTCAC TGCTAAT GTGAGAC            GAATTTTTGAGCGGG
 5.5      58 ..      73   ACGCCCGAATCCTCA              CTGCT AATGTG AGACG               AATTTTTGAGCGGGT
 2.6      64 ..      74   GAATCCTCACTGCTA                 ATGT GAG ACGA                 ATTTTTGAGCGGGTA
 2.6      65 ..      75   AATCCTCACTGCTAA                 TGTG AGA CGAA                 TTTTTGAGCGGGTAA
 1.7      64 ..      76   GAATCCTCACTGCTA                ATGTG AGA CGAAT                TTTTGAGCGGGTAAA
 0.8      63 ..      77   CGAATCCTCACTGCT               AATGTG AGA CGAATT               TTTGAGCGGGTAAAG
 4.3      62 ..      78   CCGAATCCTCACTGC              TAATGTG AGA CGAATTT              TTGAGCGGGTAAAGG
 2.5      69 ..      79   CTCACTGCTAATGTG                 AGA CGAAT TTT                 TGAGCGGGTAAAGGT
 3.5      69 ..      80   CTCACTGCTAATGTG                AGA CGAATT TTT                 GAGCGGGTAAAGGTC
 5.1      67 ..      81   TCCTCACTGCTAATG               TGAGA CGAAT TTTTG               AGCGGGTAAAGGTCG
 3.6      71 ..      82   CACTGCTAATGTGAG                ACGA ATTT TTGA                 GCGGGTAAAGGTCGC
 5.7      72 ..      83   ACTGCTAATGTGAGA                C GAATTTTTGA G                 CGGGTAAAGGTCGCC
 5.7      73 ..      84   CTGCTAATGTGAGAC                G AATTTTTGAG C                 GGGTAAAGGTCGCCC
 3.4      72 ..      85   ACTGCTAATGTGAGA               CG AATTTTTGAG CG                GGTAAAGGTCGCCCC
 6.9      71 ..      86   CACTGCTAATGTGAG              ACG AATTTTTGAG CGG               GTAAAGGTCGCCCCT
 6.9      77 ..      87   TAATGTGAGACGAAT                 TTT TGAGC GGG                 TAAAGGTCGCCCCTA
   7      75 ..      88   GCTAATGTGAGACGA               ATTT TTGAGC GGGT                AAAGGTCGCCCCTAA
 6.1      79 ..      89   ATGTGAGACGAATTT                 T TGAGCGGGT A                 AAGGTCGCCCCTAAG
 3.5      79 ..      90   ATGTGAGACGAATTT                TTG AGCGGG TAA                 AGGTCGCCCCTAAGG
 2.6      78 ..      91   AATGTGAGACGAATT               TTTG AGCGGG TAAA                GGTCGCCCCTAAGGT
 3.9      77 ..      92   TAATGTGAGACGAAT              TTTTG AGCGGG TAAAG               GTCGCCCCTAAGGTG
 5.2      76 ..      93   CTAATGTGAGACGAA             TTTTTG AGCGGG TAAAGG              TCGCCCCTAAGGTGA
 4.3      75 ..      94   GCTAATGTGAGACGA            ATTTTTG AGCGGG TAAAGGT             CGCCCCTAAGGTGAC
   3      81 ..      95   GTGAGACGAATTTTT               GAGC GGGTAAA GGTC               GCCCCTAAGGTGACC
 1.7      84 ..      96   AGACGAATTTTTGAG                CGG GTAAAGG TCG                CCCCTAAGGTGACCC
-0.6      83 ..      97   GAGACGAATTTTTGA               GCGG GTAAAGG TCGC               CCCTAAGGTGACCCG
 0.3      86 ..      98   ACGAATTTTTGAGCG                GGTAA AGG TCGCC                CCTAAGGTGACCCGC
  -2      85 ..      99   GACGAATTTTTGAGC               GGGTAA AGG TCGCCC               CTAAGGTGACCCGCC
 1.1      85 ..     100   GACGAATTTTTGAGC              GGG TAAAGGTCGC CCC               TAAGGTGACCCGCCT
-2.5      91 ..     101   TTTTTGAGCGGGTAA                 AGG TCGCC CCT                 AAGGTGACCCGCCTA
   1      90 ..     102   ATTTTTGAGCGGGTA                AAGG TCGCC CCTA                AGGTGACCCGCCTAC
 2.6      88 ..     103   GAATTTTTGAGCGGG              TAAAGG TCGC CCCTAA               GGTGACCCGCCTACT
 4.7      79 ..     104   ATGTGAGACGAATTT         TTGAGCGGGTAA AGG TCGCCC-CTAAG         GTGACCCGCCTACTT
 4.7      95 ..     105   TGAGCGGGTAAAGGT                 C GCCCCTAAG G                 TGACCCGCCTACTTT
-0.3      96 ..     106   GAGCGGGTAAAGGTC                 GCC CCTAA GGT                 GACCCGCCTACTTTG
-2.6      95 ..     107   TGAGCGGGTAAAGGT                CGCC CCTAA GGTG                ACCCGCCTACTTTGC
-3.5      94 ..     108   TTGAGCGGGTAAAGG               TCGCC CCTAA GGTGA               CCCGCCTACTTTGCG
-5.8      93 ..     109   TTTGAGCGGGTAAAG              GTCGCC CCTAA GGTGAC              CCGCCTACTTTGCGG
-8.1      92 ..     110   TTTTGAGCGGGTAAA             GGTCGCC CCTAA GGTGACC             CGCCTACTTTGCGGG
-4.6      91 ..     111   TTTTTGAGCGGGTAA            AGGTCGCC CCTAA GGTGACCC            GCCTACTTTGCGGGA
-1.1      90 ..     112   ATTTTTGAGCGGGTA           AAGGTCGCC CCTAA GGTGACCCG           CCTACTTTGCGGGAT
   2      83 ..     113   GAGACGAATTTTTGA       GCGGGTAAAGGTCG CCC CTAAGGTGACCCGC       CTACTTTGCGGGATG
-4.6     104 ..     114   AAAGGTCGCCCCTAA                 GGTG ACC CGCC                 TACTTTGCGGGATGC
-5.5     103 ..     115   TAAAGGTCGCCCCTA                AGGTG ACC CGCCT                ACTTTGCGGGATGCC
  -2     102 ..     116   GTAAAGGTCGCCCCT               AAGGTG ACC CGCCTA               CTTTGCGGGATGCCT
 1.5     101 ..     117   GGTAAAGGTCGCCCC              TAAGGTG ACC CGCCTAC              TTTGCGGGATGCCTG
 4.4     104 ..     118   AAAGGTCGCCCCTAA               GGTG ACCCGCC TACT               TTGCGGGATGCCTGG
 3.5     103 ..     119   TAAAGGTCGCCCCTA              AGGTG ACCCGCC TACTT              TGCGGGATGCCTGGG
 2.6     102 ..     120   GTAAAGGTCGCCCCT             AAGGTG ACCCGCC TACTTT             GCGGGATGCCTGGGA
 3.9     101 ..     121   GGTAAAGGTCGCCCC            TAAGGTG ACCCGCC TACTTTG            CGGGATGCCTGGGAG
 0.4     112 ..     122   CCCCTAAGGTGACCC                 GC CTACTTT GC                 GGGATGCCTGGGAGT
-1.9     111 ..     123   GCCCCTAAGGTGACC                CGC CTACTTT GCG                GGATGCCTGGGAGTT
-4.2     110 ..     124   CGCCCCTAAGGTGAC               CCGC CTACTTT GCGG               GATGCCTGGGAGTTG
-6.5     109 ..     125   TCGCCCCTAAGGTGA              CCCGC CTACTTT GCGGG              ATGCCTGGGAGTTGC
  -3     108 ..     126   GTCGCCCCTAAGGTG             ACCCGC CTACTTT GCGGGA             TGCCTGGGAGTTGCG
-1.7     107 ..     127   GGTCGCCCCTAAGGT            GACCCGC CTACTTT GCGGGAT            GCCTGGGAGTTGCGA
-0.4     106 ..     128   AGGTCGCCCCTAAGG           TGACCCGC CTACTTT GCGGGATG           CCTGGGAGTTGCGAT
-2.7     105 ..     129   AAGGTCGCCCCTAAG          GTGACCCGC CTACTTT GCGGGATGC          CTGGGAGTTGCGATC
  -5     104 ..     130   AAAGGTCGCCCCTAA         GGTGACCCGC CTACTTT GCGGGATGCC         TGGGAGTTGCGATCT
-5.9     103 ..     131   TAAAGGTCGCCCCTA        AGGTGACCCGC CTACTTT GCGGGATGCCT        GGGAGTTGCGATCTG
-4.6     122 ..     132   GACCCGCCTACTTTG                 CGGG ATG CCTG                 GGAGTTGCGATCTGC
-1.1     101 ..     133   GGTAAAGGTCGCCCC      TAAGGTGACCCGC CTACTTT GCGGGATGCCTGG      GAGTTGCGATCTGCC
-3.4     100 ..     134   GGGTAAAGGTCGCCC     CTAAGGTGACCCGC CTACTTT GCGGGATGCCTGGG     AGTTGCGATCTGCCC
-0.7     119 ..     135   GGTGACCCGCCTACT              TTGCGGG ATG CCTGGGA              GTTGCGATCTGCCCG
-2.2      98 ..     136   GCGGGTAAAGGTCGC   CCCTAAGGTGACCCGC CTACTTT GCGGGATGCCTGGGAG   TTGCGATCTGCCCGx
-0.7      96 ..     137   GAGCGGGTAAAGGTC GCCCCTAAGGTGACCCGC CTACTTT GCGGGATGCCT-GGGAGT TGCGATCTGCCCGxx
 2.6      96 ..     138   GAGCGGGTAAAGGTC GCCCCTAAGGTGACCCGC CTACTTT GCGGGATGCCTGGGAGTT GCGATCTGCCCGxxx
 0.3      95 ..     139   TGAGCGGGTAAAGGT CGCCCCTAAGGTGACCCGC CTACTTT GCGGGATGCCTGGGAGTTG CGATCTGCCCGxxxx
 1.8      93 ..     140   TTTGAGCGGGTAAAG GTCGCCCCTAAGGTGACCCGC CTACTTT GCGGGATGCCT-GGGAGTTGC GATCTGCCCGxxxxx
 2.5     111 ..     141   GCCCCTAAGGTGACC      CGCCTACTTTGCGGG ATG CCTG-GGAGTT-GCG      ATCTGCCCGxxxxxx
   2      94 ..     142   TTGAGCGGGTAAAGG TCGCC-C-CTAAGGTGACCCGC CTACTTT GCGGGATGCCTGGGAGTTGCGA TCTGCCCGxxxxxxx
 3.3      93 ..     143   TTTGAGCGGGTAAAG GTCGCC-C-CTAAGGTGACCCGC CTACTTT GCGGGATGCCTGGGAGTTGCGAT CTGCCCGxxxxxxxx
   1      92 ..     144   TTTTGAGCGGGTAAA GGTCGCC-C-CTAAGGTGACCCGC CTACTTT GCGGGATGCCTGGGAGTTGCGATC TGCCCGxxxxxxxxx
 0.1      91 ..     145   TTTTTGAGCGGGTAA AGGTCGCC-C-CTAAGGTGACCCGC CTACTTT GCGGGATGCCTGGGAGTTGCGATCT GCCCGxxxxxxxxxx
 3.6      90 ..     146   ATTTTTGAGCGGGTA AAGGTCGCC-C-CTAAGGTGACCCGC CTACTTT GCGGGATGCCTGGGAGTTGCGATCTG CCCGxxxxxxxxxxx
 1.6     133 ..     147   TTTGCGGGATGCCTG               GGAGTT GCG ATCTGC               CCGxxxxxxxxxxxx
-0.7     132 ..     148   CTTTGCGGGATGCCT              GGGAGTT GCG ATCTGCC              CGxxxxxxxxxxxxx
-0.5     132 ..     149   CTTTGCGGGATGCCT             GGG-AGTT GCG ATCTGCCC             Gxxxxxxxxxxxxxx
