>BC000405.2:1511-1584 Homo sapiens small nuclear ribonucleoprotein polypeptide A, mRNA (cDNA clone MGC:8567 IMAGE:2822987), complete cds FORWARD
None       1 ..      11   xxxxxxxxxxxxxxx                  CCACACAGCAT                  TGTACCCAGAGTCTG
 7.6       2 ..      12   xxxxxxxxxxxxxxC                 CA CACAGCA TT                 GTACCCAGAGTCTGT
 2.8       2 ..      13   xxxxxxxxxxxxxxC                CA CACAGCAT TG                 TACCCAGAGTCTGTC
-0.1       3 ..      14   xxxxxxxxxxxxxCC                ACA CAGCAT TGT                 ACCCAGAGTCTGTCC
 1.4       4 ..      15   xxxxxxxxxxxxCCA                CACA GCAT TGTA                 CCCAGAGTCTGTCCC
 4.9       3 ..      16   xxxxxxxxxxxxxCC               ACACA GCAT TGTAC                CCAGAGTCTGTCCCC
 4.8       7 ..      17   xxxxxxxxxCCACAC                 AGCA TTG TACC                 CAGAGTCTGTCCCCA
 4.7       8 ..      18   xxxxxxxxCCACACA                 G CATTGTACC C                 AGAGTCTGTCCCCAG
 8.2       7 ..      19   xxxxxxxxxCCACAC                AG CATTGTACC CA                GAGTCTGTCCCCAGA
 4.8      10 ..      20   xxxxxxCCACACAGC                 ATTG TAC CCAG                 AGTCTGTCCCCAGAC
 3.6      10 ..      21   xxxxxxCCACACAGC                ATTG TACC CAGA                 GTCTGTCCCCAGACA
 1.3       9 ..      22   xxxxxxxCCACACAG               CATTG TACC CAGAG                TCTGTCCCCAGACAT
 2.6       8 ..      23   xxxxxxxxCCACACA              GCATTG TACC CAGAGT               CTGTCCCCAGACATT
 3.3      14 ..      24   xxCCACACAGCATTG                 TAC CCAGA GTC                 TGTCCCCAGACATTG
 4.1       7 ..      25   xxxxxxxxxCCACAC            AG-CATTG TACC CAGAGTCT             GTCCCCAGACATTGC
 1.8       6 ..      26   xxxxxxxxxxCCACA           CAG-CATTG TACC CAGAGTCTG            TCCCCAGACATTGCA
  -1      17 ..      27   CACACAGCATTGTAC                 CCAG AGT CTGT                 CCCCAGACATTGCAC
 2.5      16 ..      28   CCACACAGCATTGTA                CCCAG AGT CTGTC                CCCAGACATTGCACC
 3.3      19 ..      29   CACAGCATTGTACCC                 AGA GTCTG TCC                 CCAGACATTGCACCT
 1.9      20 ..      30   ACAGCATTGTACCCA                 GAG TCTGT CCC                 CAGACATTGCACCTG
 2.9      20 ..      31   ACAGCATTGTACCCA                GAG TCTGTC CCC                 AGACATTGCACCTGG
 6.3      12 ..      32   xxxxCCACACAGCAT            TGTACCCAG AGT CTGTCCCCA            GACATTGCACCTGGC
 2.5      23 ..      33   GCATTGTACCCAGAG                TCTG TCCC CAG-                 ACATTGCACCTGGCG
-4.4      23 ..      34   GCATTGTACCCAGAG                TCTG TCCC CAGA                 CATTGCACCTGGCGC
-6.7      22 ..      35   AGCATTGTACCCAGA               GTCTG TCCC CAGAC                ATTGCACCTGGCGCT
-4.4      25 ..      36   ATTGTACCCAGAGTC                TGTC CCCA GACA                 TTGCACCTGGCGCTG
-1.9      20 ..      37   ACAGCATTGTACCCA             GAGTCTG TCCC CAGACAT              TGCACCTGGCGCTGT
-2.8      19 ..      38   CACAGCATTGTACCC            AGAGTCTG TCCC CAGACATT             GCACCTGGCGCTGTT
-5.1      18 ..      39   ACACAGCATTGTACC           CAGAGTCTG TCCC CAGACATTG            CACCTGGCGCTGTTA
-1.6      17 ..      40   CACACAGCATTGTAC          CCAGAGTCTG TCCC CAGACATTGC           ACCTGGCGCTGTTAG
 1.9      16 ..      41   CCACACAGCATTGTA         CCCAGAGTCTG TCCC CAGACATTGCA          CCTGGCGCTGTTAGG
   5      26 ..      42   TTGTACCCAGAGTCT              GTCC CCAGACATT GCAC              CTGGCGCTGTTAGGC
 4.7      33 ..      43   CAGAGTCTGTCCCCA                 G ACATTGCAC C                 TGGCGCTGTTAGGCC
 3.8      32 ..      44   CCAGAGTCTGTCCCC                AG ACATTGCAC CT                GGCGCTGTTAGGCCG
 1.5      31 ..      45   CCCAGAGTCTGTCCC               CAG ACATTGCAC CTG               GCGCTGTTAGGCCGG
-0.8      30 ..      46   ACCCAGAGTCTGTCC              CCAG ACATTGCAC CTGG              CGCTGTTAGGCCGGA
 2.7      29 ..      47   TACCCAGAGTCTGTC             CCCAG ACATTGCAC CTGGC             GCTGTTAGGCCGGAA
-0.3      38 ..      48   TCTGTCCCCAGACAT                 TGC ACCTG GCG                 CTGTTAGGCCGGAAT
-2.4      39 ..      49   CTGTCCCCAGACATT                 GCAC CTG GCGC                 TGTTAGGCCGGAATT
 1.1      38 ..      50   TCTGTCCCCAGACAT                TGCAC CTG GCGCT                GTTAGGCCGGAATTA
-4.768e-08      35 ..      51   GAGTCTGTCCCCAGA              CATTGC ACCTG GCGCTG              TTAGGCCGGAATTAA
-0.9      34 ..      52   AGAGTCTGTCCCCAG             ACATTGC ACCTG GCGCTGT             TAGGCCGGAATTAAA
 0.4      33 ..      53   CAGAGTCTGTCCCCA            GACATTGC ACCTG GCGCTGTT            AGGCCGGAATTAAAG
 0.4      44 ..      54   CCCAGACATTGCACC                 TGGC GCT GTTA                 GGCCGGAATTAAAGT
-1.9      43 ..      55   CCCCAGACATTGCAC                CTGGC GCT GTTAG                GCCGGAATTAAAGTG
-4.2      42 ..      56   TCCCCAGACATTGCA               CCTGGC GCT GTTAGG               CCGGAATTAAAGTGG
-0.8      46 ..      57   CAGACATTGCACCTG                GCGCT GTT AG-GC                CGGAATTAAAGTGGC
-3.1      45 ..      58   CCAGACATTGCACCT               GGCGCT GTT AG-GCC               GGAATTAAAGTGGCT
-1.8      44 ..      59   CCCAGACATTGCACC              TGGCGCT GTT AG-GCCG              GAATTAAAGTGGCTT
-4.1      43 ..      60   CCCCAGACATTGCAC             CTGGCGCT GTT AG-GCCGG             AATTAAAGTGGCTTx
-0.6      42 ..      61   TCCCCAGACATTGCA            CCTGGCGCT GTT AG-GCCGGA            ATTAAAGTGGCTTxx
 2.9      41 ..      62   GTCCCCAGACATTGC           ACCTGGCGCT GTT AG-GCCGGAA           TTAAAGTGGCTTxxx
 3.8      36 ..      63   AGTCTGTCCCCAGAC        ATTGC-ACCTGGC GCT GTTAGGCCGGAAT        TAAAGTGGCTTxxxx
 5.4      54 ..      64   GCACCTGGCGCTGTT                 AG GCCGGAA TT                 AAAGTGGCTTxxxxx
 4.5      53 ..      65   TGCACCTGGCGCTGT                TAG GCCGGAA TTA                AAGTGGCTTxxxxxx
 3.6      52 ..      66   TTGCACCTGGCGCTG               TTAG GCCGGAA TTAA               AGTGGCTTxxxxxxx
 7.1      51 ..      67   ATTGCACCTGGCGCT              GTTAG GCCGGAA TTAAA              GTGGCTTxxxxxxxx
 4.7      58 ..      68   CTGGCGCTGTTAGGC                 C GGAATTAAA G                 TGGCTTxxxxxxxxx
 6.2      34 ..      69   AGAGTCTGTCCCCAG    ACATTGCACCTGGCGCT GTT AG-GCCGGAATTAAAGT    GGCTTxxxxxxxxxx
 5.4      47 ..      70   AGACATTGCACCTGG          CGCTGTTAG GCCGGAA TTAA-AGTG          GCTTxxxxxxxxxxx
 3.7      57 ..      71   CCTGGCGCTGTTAGG               CCG GAATTAAAG TGG               CTTxxxxxxxxxxxx
 1.4      56 ..      72   ACCTGGCGCTGTTAG              GCCG GAATTAAAG TGGC              TTxxxxxxxxxxxxx
 2.7      55 ..      73   CACCTGGCGCTGTTA             GGCCG GAATTAAAG TGGCT             Txxxxxxxxxxxxxx
