>AAIY01144063.1:2359-2499 Echinops telfairi isolate 266 cont1.144062, whole genome shotgun sequence FORWARD
 1.9       1 ..      11   xxxxxxxxxxxxxxx                 AGC TTTGC GCA                 GTGGCAATATCGTAG
 6.8       2 ..      12   xxxxxxxxxxxxxxA                GCT TTGCGC AG-                 TGGCAATATCGTAGC
 2.1       2 ..      13   xxxxxxxxxxxxxxA                GCT TTGCGC AGT                 GGCAATATCGTAGCC
 3.6       3 ..      14   xxxxxxxxxxxxxAG                CTTT GCGC AGTG                 GCAATATCGTAGCCA
 2.6       5 ..      15   xxxxxxxxxxxAGCT                 TTGC GCA GTGG                 CAATATCGTAGCCAG
 3.7       2 ..      16   xxxxxxxxxxxxxxA               GCT TTGCGCAGT GGC               AATATCGTAGCCAGT
-1.5       6 ..      17   xxxxxxxxxxAGCTT                TGC GCAGTG GCA                 ATATCGTAGCCAGTG
-2.4       5 ..      18   xxxxxxxxxxxAGCT               TTGC GCAGTG GCAA                TATCGTAGCCAGTGA
 1.1       4 ..      19   xxxxxxxxxxxxAGC              TTTGC GCAGTG GCAAT               ATCGTAGCCAGTGAG
 2.7       4 ..      20   xxxxxxxxxxxxAGC             T-TTGC GCAGTG GCAATA              TCGTAGCCAGTGAGG
 5.9       2 ..      21   xxxxxxxxxxxxxxA            GCTTTGC GCAGTG GCAATAT             CGTAGCCAGTGAGGT
 3.9       2 ..      22   xxxxxxxxxxxxxxA           GCT-TTGC GCAGTG GCAATATC            GTAGCCAGTGAGGTT
 3.3      13 ..      23   xxxAGCTTTGCGCAG                 TGG CAATA TCG                 TAGCCAGTGAGGTTT
 4.6      12 ..      24   xxxxAGCTTTGCGCA                GTGG CAATA TCGT                AGCCAGTGAGGTTTA
 5.2       6 ..      25   xxxxxxxxxxAGCTT            TGCGCAGT GGCA ATATCGTA             GCCAGTGAGGTTTAT
 2.6      16 ..      26   AGCTTTGCGCAGTGG                 CAAT ATC GTAG                 CCAGTGAGGTTTATC
 0.3      15 ..      27   xAGCTTTGCGCAGTG                GCAAT ATC GTAGC                CAGTGAGGTTTATCC
  -2      14 ..      28   xxAGCTTTGCGCAGT               GGCAAT ATC GTAGCC               AGTGAGGTTTATCCG
-2.9      13 ..      29   xxxAGCTTTGCGCAG              TGGCAAT ATC GTAGCCA              GTGAGGTTTATCCGA
 0.6      12 ..      30   xxxxAGCTTTGCGCA             GTGGCAAT ATC GTAGCCAG             TGAGGTTTATCCGAG
-0.3      11 ..      31   xxxxxAGCTTTGCGC            AGTGGCAAT ATC GTAGCCAGT            GAGGTTTATCCGAGG
-2.6      10 ..      32   xxxxxxAGCTTTGCG           CAGTGGCAAT ATC GTAGCCAGTG           AGGTTTATCCGAGGC
 0.9       9 ..      33   xxxxxxxAGCTTTGC          GCAGTGGCAAT ATC GTAGCCAGTGA          GGTTTATCCGAGGCG
-1.4       8 ..      34   xxxxxxxxAGCTTTG         CGCAGTGGCAAT ATC GTAGCCAGTGAG         GTTTATCCGAGGCGC
 2.1       7 ..      35   xxxxxxxxxAGCTTT        GCGCAGTGGCAAT ATC GTAGCCAGTGAGG        TTTATCCGAGGCGCG
-0.3      26 ..      36   AGTGGCAATATCGTA                 GCC AGTGA GGT                 TTATCCGAGGCGCGA
-1.2      25 ..      37   CAGTGGCAATATCGT                AGCC AGTGA GGTT                TATCCGAGGCGCGAT
 2.3      24 ..      38   GCAGTGGCAATATCG               TAGCC AGTGA GGTTT               ATCCGAGGCGCGATT
 3.9      24 ..      39   GCAGTGGCAATATCG              TA-GCC AGTGA GGTTTA              TCCGAGGCGCGATTA
 1.8      30 ..      40   GCAATATCGTAGCCA                 GTGA GGT TTAT                 CCGAGGCGCGATTAT
 4.2      30 ..      41   GCAATATCGTAGCCA                G-TGA GGT TTATC                CGAGGCGCGATTATT
 4.3      31 ..      42   CAATATCGTAGCCAG                TGA GGTTTA TCC                 GAGGCGCGATTATTG
 1.9      33 ..      43   ATATCGTAGCCAGTG                 AGG TTTAT CCG                 AGGCGCGATTATTGC
 5.4      32 ..      44   AATATCGTAGCCAGT                GAGG TTTAT CCGA                GGCGCGATTATTGCT
 6.7      31 ..      45   CAATATCGTAGCCAG               TGAGG TTTAT CCGAG               GCGCGATTATTGCTA
 4.7      36 ..      46   TCGTAGCCAGTGAGG                 TTT ATCCG AGG                 CGCGATTATTGCTAA
 2.4      35 ..      47   ATCGTAGCCAGTGAG                GTTT ATCCG AGGC                GCGATTATTGCTAAT
 4.8      38 ..      48   GTAGCCAGTGAGGTT                 TATC CGA GGCG                 CGATTATTGCTAATT
 6.1      32 ..      49   AATATCGTAGCCAGT             GAGGTTT ATCC GAGGCGC              GATTATTGCTAATTG
 1.2      40 ..      50   AGCCAGTGAGGTTTA                 TCCG AGG CGCG                 ATTATTGCTAATTGA
-0.8      40 ..      51   AGCCAGTGAGGTTTA                TC-CG AGG CGCGA                TTATTGCTAATTGAA
-1.7      39 ..      52   TAGCCAGTGAGGTTT               ATC-CG AGG CGCGAT               TATTGCTAATTGAAA
 1.8      38 ..      53   GTAGCCAGTGAGGTT              TATC-CG AGG CGCGATT              ATTGCTAATTGAAAA
 0.9      37 ..      54   CGTAGCCAGTGAGGT             TTATC-CG AGG CGCGATTA             TTGCTAATTGAAAAC
 4.4      36 ..      55   TCGTAGCCAGTGAGG            TTTATC-CG AGG CGCGATTAT            TGCTAATTGAAAACT
 5.7      35 ..      56   ATCGTAGCCAGTGAG           GTTTATC-CG AGG CGCGATTATT           GCTAATTGAAAACTT
   4      47 ..      57   GAGGTTTATCCGAGG                 CG CGATTAT TG                 CTAATTGAAAACTTT
-3.2      48 ..      58   AGGTTTATCCGAGGC                 GCGA TTA TTGC                 TAATTGAAAACTTTT
 0.3      47 ..      59   GAGGTTTATCCGAGG                CGCGA TTA TTGCT                AATTGAAAACTTTTC
 3.8      46 ..      60   TGAGGTTTATCCGAG               GCGCGA TTA TTGCTA               ATTGAAAACTTTTCC
 5.3      51 ..      61   TTTATCCGAGGCGCG                ATTA TTGC TAA-                 TTGAAAACTTTTCCC
-1.6      51 ..      62   TTTATCCGAGGCGCG                ATTA TTGC TAAT                 TGAAAACTTTTCCCA
-0.3      50 ..      63   GTTTATCCGAGGCGC               GATTA TTGC TAATT                GAAAACTTTTCCCAA
-2.6      49 ..      64   GGTTTATCCGAGGCG              CGATTA TTGC TAATTG               AAAACTTTTCCCAAT
 0.9      48 ..      65   AGGTTTATCCGAGGC             GCGATTA TTGC TAATTGA              AAACTTTTCCCAATA
 3.3      56 ..      66   CCGAGGCGCGATTAT                 TGC TAATT GAA                 AACTTTTCCCAATAC
 2.4      55 ..      67   TCCGAGGCGCGATTA                TTGC TAATT GAAA                ACTTTTCCCAATACC
 5.9      54 ..      68   ATCCGAGGCGCGATT               ATTGC TAATT GAAAA               CTTTTCCCAATACCC
 5.3      57 ..      69   CGAGGCGCGATTATT                GCT AATTGAA AAC                TTTTCCCAATACCCC
 1.8      60 ..      70   GGCGCGATTATTGCT                 AATT GAA AACT                 TTTCCCAATACCCCG
 2.8      60 ..      71   GGCGCGATTATTGCT                AATT GAAA ACTT                 TTCCCAATACCCCGC
 5.2      60 ..      72   GGCGCGATTATTGCT                AA TTGAAAACT TT                TCCCAATACCCCGCC
   4      63 ..      73   GCGATTATTGCTAAT                 TGAA AAC TTTT                 CCCAATACCCCGCCG
  -4      64 ..      74   CGATTATTGCTAATT                 GAAA ACT TTTC                 CCAATACCCCGCCGT
-0.5      63 ..      75   GCGATTATTGCTAAT                TGAAA ACT TTTCC                CAATACCCCGCCGTG
   3      62 ..      76   CGCGATTATTGCTAA               TTGAAA ACT TTTCCC               AATACCCCGCCGTGA
   3      63 ..      77   GCGATTATTGCTAAT               TGAAAA CTT TTCCCA               ATACCCCGCCGTGAC
 2.1      62 ..      78   CGCGATTATTGCTAA              TTGAAAA CTT TTCCCAA              TACCCCGCCGTGACG
 1.2      61 ..      79   GCGCGATTATTGCTA             ATTGAAAA CTT TTCCCAAT             ACCCCGCCGTGACGA
 1.8      70 ..      80   TTGCTAATTGAAAAC                 TTTT CCC AATA                 CCCCGCCGTGACGAC
 5.3      69 ..      81   ATTGCTAATTGAAAA                CTTTT CCC AATAC                CCCGCCGTGACGACT
 6.9      57 ..      82   CGAGGCGCGATTATT         GCTAATTGAAA ACTT TTCCCAATACC          CCGCCGTGACGACTT
None      73 ..      83   CTAATTGAAAACTTT                  TCCCAATACCC                  CGCCGTGACGACTTG
None      74 ..      84   TAATTGAAAACTTTT                  CCCAATACCCC                  GCCGTGACGACTTGA
 4.7      75 ..      85   AATTGAAAACTTTTC                 C CAATACCCC G                 CCGTGACGACTTGAA
 7.2      75 ..      86   AATTGAAAACTTTTC                CC AATACCCC GC                 CGTGACGACTTGAAA
 7.5      45 ..      87   GTGAGGTTTATCCGA GGCGCGATTATTGCTAATTG AAAA CTTTTCCCAATACCC-CGCC GTGACGACTTGAAAT
 6.7      76 ..      88   ATTGAAAACTTTTCC                C AATACCCCGCC G                TGACGACTTGAAATA
 6.4      78 ..      89   TGAAAACTTTTCCCA                AT ACCCCGCC GT                 GACGACTTGAAATAT
 2.1      79 ..      90   GAAAACTTTTCCCAA                TAC CCCGCC GTG                 ACGACTTGAAATATA
 3.4      81 ..      91   AAACTTTTCCCAATA                 CCCC GCC GTGA                 CGACTTGAAATATAG
 6.9      80 ..      92   AAAACTTTTCCCAAT                ACCCC GCC GTGAC                GACTTGAAATATAGT
 3.4      83 ..      93   ACTTTTCCCAATACC                 CCGC CGT GACG                 ACTTGAAATATAGTC
 2.9      83 ..      94   ACTTTTCCCAATACC                CCG CCGTGA CGA                 CTTGAAATATAGTCG
-2.4      85 ..      95   TTTTCCCAATACCCC                 GCCG TGA CGAC                 TTGAAATATAGTCGG
 1.1      84 ..      96   CTTTTCCCAATACCC                CGCCG TGA CGACT                TGAAATATAGTCGGC
 4.6      83 ..      97   ACTTTTCCCAATACC               CCGCCG TGA CGACTT               GAAATATAGTCGGCA
 2.2      87 ..      98   TTCCCAATACCCCGC                CGTG ACGA CTTG                 AAATATAGTCGGCAT
 4.7      89 ..      99   CCCAATACCCCGCCG                 TGA CGACT TGA                 AATATAGTCGGCATT
   7      90 ..     100   CCAATACCCCGCCGT                 GACG ACT TGAA                 ATATAGTCGGCATTG
 6.1      89 ..     101   CCCAATACCCCGCCG                TGACG ACT TGAAA                TATAGTCGGCATTGG
 7.1      91 ..     102   CAATACCCCGCCGTG                A CGACTTGAAA T                 ATAGTCGGCATTGGC
 6.2      93 ..     103   ATACCCCGCCGTGAC                 GACT TGA AATA                 TAGTCGGCATTGGCA
 6.1      94 ..     104   TACCCCGCCGTGACG                 A CTTGAAATA T                 AGTCGGCATTGGCAA
 8.4      95 ..     105   ACCCCGCCGTGACGA                 CTTG AAA TATA                 GTCGGCATTGGCAAT
 2.8      95 ..     106   ACCCCGCCGTGACGA                CT TGAAATAT AG                 TCGGCATTGGCAATT
 1.9      94 ..     107   TACCCCGCCGTGACG               ACT TGAAATAT AGT                CGGCATTGGCAATTT
-0.4      93 ..     108   ATACCCCGCCGTGAC              GACT TGAAATAT AGTC               GGCATTGGCAATTTT
-2.7      92 ..     109   AATACCCCGCCGTGA             CGACT TGAAATAT AGTCG              GCATTGGCAATTTTT
 0.8      91 ..     110   CAATACCCCGCCGTG            ACGACT TGAAATAT AGTCGG             CATTGGCAATTTTTG
-1.5      90 ..     111   CCAATACCCCGCCGT           GACGACT TGAAATAT AGTCGGC            ATTGGCAATTTTTGA
-2.4      89 ..     112   CCCAATACCCCGCCG          TGACGACT TGAAATAT AGTCGGCA           TTGGCAATTTTTGAC
-1.1      88 ..     113   TCCCAATACCCCGCC         GTGACGACT TGAAATAT AGTCGGCAT          TGGCAATTTTTGACA
 2.4      87 ..     114   TTCCCAATACCCCGC        CGTGACGACT TGAAATAT AGTCGGCATT         GGCAATTTTTGACAG
 0.1      86 ..     115   TTTCCCAATACCCCG       CCGTGACGACT TGAAATAT AGTCGGCATTG        GCAATTTTTGACAGT
 0.3      86 ..     116   TTTCCCAATACCCCG      CC-GTGACGACT TGAAATAT AGTCGGCATTGG       CAATTTTTGACAGTC
  -2      85 ..     117   TTTTCCCAATACCCC     GCC-GTGACGACT TGAAATAT AGTCGGCATTGGC      AATTTTTGACAGTCT
 1.5      84 ..     118   CTTTTCCCAATACCC    CGCC-GTGACGACT TGAAATAT AGTCGGCATTGGCA     ATTTTTGACAGTCTC
 2.5     107 ..     119   CGACTTGAAATATAG                TCGGC ATT GGCAA                TTTTTGACAGTCTCT
 1.7     103 ..     120   GTGACGACTTGAAAT             ATAGTCG GCAT TGGCAAT              TTTTGACAGTCTCTA
 1.8     111 ..     121   TTGAAATATAGTCGG                 CATT GGC AATT                 TTTGACAGTCTCTAC
 3.1     110 ..     122   CTTGAAATATAGTCG                GCATT GGC AATTT                TTGACAGTCTCTACG
 3.4     100 ..     123   GCCGTGACGACTTGA          AATATAGTCG GCAT TGGCAATTTT           TGACAGTCTCTACGG
 2.5      99 ..     124   CGCCGTGACGACTTG         AAATATAGTCG GCAT TGGCAATTTTT          GACAGTCTCTACGGA
 5.8     111 ..     125   TTGAAATATAGTCGG               CA TTGGCAATTTT TG               ACAGTCTCTACGGAG
 0.4     116 ..     126   ATATAGTCGGCATTG                 GCAA TTT TTGA                 CAGTCTCTACGGAGA
-1.9     115 ..     127   AATATAGTCGGCATT                GGCAA TTT TTGAC                AGTCTCTACGGAGAx
-2.8     114 ..     128   AAATATAGTCGGCAT               TGGCAA TTT TTGACA               GTCTCTACGGAGAxx
-1.5     113 ..     129   GAAATATAGTCGGCA              TTGGCAA TTT TTGACAG              TCTCTACGGAGAxxx
-2.4     112 ..     130   TGAAATATAGTCGGC             ATTGGCAA TTT TTGACAGT             CTCTACGGAGAxxxx
 1.1     111 ..     131   TTGAAATATAGTCGG            CATTGGCAA TTT TTGACAGTC            TCTACGGAGAxxxxx
 2.4     110 ..     132   CTTGAAATATAGTCG           GCATTGGCAA TTT TTGACAGTCT           CTACGGAGAxxxxxx
 0.1     109 ..     133   ACTTGAAATATAGTC          GGCATTGGCAA TTT TTGACAGTCTC          TACGGAGAxxxxxxx
 3.3     124 ..     134   GGCATTGGCAATTTT                 TGA CAGTC TCT                 ACGGAGAxxxxxxxx
 2.4     123 ..     135   CGGCATTGGCAATTT                TTGA CAGTC TCTA                CGGAGAxxxxxxxxx
 0.4     106 ..     136   ACGACTTGAAATATA       GTCGGCATTGGCAA TTT TTGACAGTCTCTAC       GGAGAxxxxxxxxxx
 2.5     127 ..     137   ATTGGCAATTTTTGA                CAGT CTCT AC-G                 GAGAxxxxxxxxxxx
1.907e-07     127 ..     138   ATTGGCAATTTTTGA                CAGT CTCT ACGG                 AGAxxxxxxxxxxxx
 3.5     126 ..     139   CATTGGCAATTTTTG               ACAGT CTCT ACGGA                GAxxxxxxxxxxxxx
 2.5     130 ..     140   GGCAATTTTTGACAG                TCTC TACG GAG-                 Axxxxxxxxxxxxxx
