>AAPP01019634.1:c122532-122382 Drosophila ananassae strain TSC#14024-0371.13 Ctg01_19656, whole genome shotgun sequence FORWARD
 1.8       1 ..      11   xxxxxxxxxxxxxxx                 AC CTTCCTT GT                 CTTGGGGAGCAGAAA
 7.8       1 ..      12   xxxxxxxxxxxxxxx                -AC CTTCCTT GTC                TTGGGGAGCAGAAAT
 8.1       1 ..      13   xxxxxxxxxxxxxxx                A CCTTCCTTGTC T                TGGGGAGCAGAAATG
None       4 ..      14   xxxxxxxxxxxxACC                  TTCCTTGTCTT                  GGGGAGCAGAAATGT
 6.7       3 ..      15   xxxxxxxxxxxxxAC                C TTCCTTGTCTT G                GGGAGCAGAAATGTC
 0.4       6 ..      16   xxxxxxxxxxACCTT                 CC TTGTCTT GG                 GGAGCAGAAATGTCC
 0.7       6 ..      17   xxxxxxxxxxACCTT                CCT TGTCTT GGG                 GAGCAGAAATGTCCA
 0.3       6 ..      18   xxxxxxxxxxACCTT                CCTTG TCT TGGGG                AGCAGAAATGTCCAA
-0.6       5 ..      19   xxxxxxxxxxxACCT               TCCTTG TCT TGGGGA               GCAGAAATGTCCAAT
-1.2       3 ..      20   xxxxxxxxxxxxxAC             CTTCCT TGTCTT GGGGAG              CAGAAATGTCCAATG
 2.3       2 ..      21   xxxxxxxxxxxxxxA            CCTTCCT TGTCTT GGGGAGC             AGAAATGTCCAATGA
 1.9       9 ..      22   xxxxxxxACCTTCCT               TGTCTT GGG GAG-CA               GAAATGTCCAATGAA
 1.1      13 ..      23   xxxACCTTCCTTGTC                 TTG GGGAG CAG                 AAATGTCCAATGAAC
 1.9      11 ..      24   xxxxxACCTTCCTTG               TCT TGGGGAGC AGA                AATGTCCAATGAACG
 3.7      11 ..      25   xxxxxACCTTCCTTG               TCTTG GGGAG CAGAA               ATGTCCAATGAACGT
 4.5       9 ..      26   xxxxxxxACCTTCCT             TGTCT TGGGGAGC AGAAA              TGTCCAATGAACGTC
 7.5      10 ..      27   xxxxxxACCTTCCTT             GTCTTGG GGAG CAGAAAT              GTCCAATGAACGTCT
 5.7       7 ..      28   xxxxxxxxxACCTTC           CTTGTCT TGGGGAGC AGAAATG            TCCAATGAACGTCTA
 3.9      19 ..      29   TTCCTTGTCTTGGGG                AGCA GAAA TG-T                 CCAATGAACGTCTAG
 1.6      18 ..      30   CTTCCTTGTCTTGGG               GAGCA GAAA TG-TC                CAATGAACGTCTAGT
-0.7      17 ..      31   CCTTCCTTGTCTTGG              GGAGCA GAAA TG-TCC               AATGAACGTCTAGTG
 2.8      16 ..      32   ACCTTCCTTGTCTTG             GGGAGCA GAAA TG-TCCA              ATGAACGTCTAGTGA
 2.5      13 ..      33   xxxACCTTCCTTGTC            TTGGGGA GCAGAAA TGTCCAA            TGAACGTCTAGTGAG
   6      12 ..      34   xxxxACCTTCCTTGT           CTTGGGGA GCAGAAA TGTCCAAT           GAACGTCTAGTGAGG
 4.7      25 ..      35   GTCTTGGGGAGCAGA                 AAT GTCCA ATG                 AACGTCTAGTGAGGG
 5.3      11 ..      36   xxxxxACCTTCCTTG         TC-TTGGGGA GCAGAAA TGTCCAATGA         ACGTCTAGTGAGGGC
 3.9      27 ..      37   CTTGGGGAGCAGAAA                TGTC CAAT GA-A                 CGTCTAGTGAGGGCA
  -1      28 ..      38   TTGGGGAGCAGAAAT                 GTCC AAT GAAC                 GTCTAGTGAGGGCAT
 0.3      27 ..      39   CTTGGGGAGCAGAAA                TGTCC AAT GAACG                TCTAGTGAGGGCATT
-0.6      26 ..      40   TCTTGGGGAGCAGAA               ATGTCC AAT GAACGT               CTAGTGAGGGCATTG
 2.9      25 ..      41   GTCTTGGGGAGCAGA              AATGTCC AAT GAACGTC              TAGTGAGGGCATTGC
   2      24 ..      42   TGTCTTGGGGAGCAG             AAATGTCC AAT GAACGTCT             AGTGAGGGCATTGCT
 4.8      33 ..      43   GAGCAGAAATGTCCA                 ATGA ACG TCTA                 GTGAGGGCATTGCTG
 4.1      31 ..      44   GGGAGCAGAAATGTC               CAATGA ACG TC-TAG               TGAGGGCATTGCTGC
 5.5      32 ..      45   GGAGCAGAAATGTCC               AAT-GA ACG TCTAGT               GAGGGCATTGCTGCT
 3.2      31 ..      46   GGGAGCAGAAATGTC              CAAT-GA ACG TCTAGTG              AGGGCATTGCTGCTG
 4.8      37 ..      47   AGAAATGTCCAATGA                 ACGT CTA GTGA                 GGGCATTGCTGCTGA
 2.5      38 ..      48   GAAATGTCCAATGAA                CGTC TAGT GA-G                 GGCATTGCTGCTGAC
-4.768e-08      38 ..      49   GAAATGTCCAATGAA                CGTC TAGT GAGG                 GCATTGCTGCTGACA
 3.3      40 ..      50   AATGTCCAATGAACG                 TCT AGTGA GGG                 CATTGCTGCTGACAC
   1      39 ..      51   AAATGTCCAATGAAC                GTCT AGTGA GGGC                ATTGCTGCTGACACC
 4.5      38 ..      52   GAAATGTCCAATGAA               CGTCT AGTGA GGGCA               TTGCTGCTGACACCA
 3.6      37 ..      53   AGAAATGTCCAATGA              ACGTCT AGTGA GGGCAT              TGCTGCTGACACCAA
-0.8      43 ..      54   GTCCAATGAACGTCT                AGTG AGGG CATT                 GCTGCTGACACCAAA
 0.5      42 ..      55   TGTCCAATGAACGTC               TAGTG AGGG CATTG                CTGCTGACACCAAAG
 2.4      44 ..      56   TCCAATGAACGTCTA                GTGA GGGCA TTGC                TGCTGACACCAAAGA
 1.5      43 ..      57   GTCCAATGAACGTCT               AGTGA GGGCA TTGCT               GCTGACACCAAAGAT
 1.2      48 ..      58   ATGAACGTCTAGTGA                 GGGC ATT GCTG                 CTGACACCAAAGATA
 1.4      48 ..      59   ATGAACGTCTAGTGA                G-GGC ATT GCTGC                TGACACCAAAGATAT
-2.2      49 ..      60   TGAACGTCTAGTGAG                GGCA TTGC TGCT                 GACACCAAAGATATT
 1.3      48 ..      61   ATGAACGTCTAGTGA               GGGCA TTGC TGCTG                ACACCAAAGATATTA
 3.1      45 ..      62   CCAATGAACGTCTAG             TGAG-GGC ATT GCTGCTGA             CACCAAAGATATTAC
 0.8      44 ..      63   TCCAATGAACGTCTA            GTGAG-GGC ATT GCTGCTGAC            ACCAAAGATATTACC
 1.6      45 ..      64   CCAATGAACGTCTAG            TGAGGGCA TTGC TGCTGACA             CCAAAGATATTACCC
-0.7      44 ..      65   TCCAATGAACGTCTA           GTGAGGGCA TTGC TGCTGACAC            CAAAGATATTACCCC
-4.768e-08      55 ..      66   TCTAGTGAGGGCATT                GCTG CTGA CACC                 AAAGATATTACCCCC
-0.9      54 ..      67   GTCTAGTGAGGGCAT               TGCTG CTGA CACCA                AAGATATTACCCCCG
-1.8      53 ..      68   CGTCTAGTGAGGGCA              TTGCTG CTGA CACCAA               AGATATTACCCCCGC
 1.7      52 ..      69   ACGTCTAGTGAGGGC             ATTGCTG CTGA CACCAAA              GATATTACCCCCGCT
-0.6      51 ..      70   AACGTCTAGTGAGGG            CATTGCTG CTGA CACCAAAG             ATATTACCCCCGCTC
 2.9      50 ..      71   GAACGTCTAGTGAGG           GCATTGCTG CTGA CACCAAAGA            TATTACCCCCGCTCA
 4.2      49 ..      72   TGAACGTCTAGTGAG          GGCATTGCTG CTGA CACCAAAGAT           ATTACCCCCGCTCAC
 4.8      63 ..      73   GGGCATTGCTGCTGA                 CACC AAA GATA                 TTACCCCCGCTCACT
 3.9      62 ..      74   AGGGCATTGCTGCTG                ACACC AAA GATAT                TACCCCCGCTCACTG
 5.2      61 ..      75   GAGGGCATTGCTGCT               GACACC AAA GATATT               ACCCCCGCTCACTGG
 4.3      60 ..      76   TGAGGGCATTGCTGC              TGACACC AAA GATATTA              CCCCCGCTCACTGGT
 4.9      44 ..      77   TCCAATGAACGTCTA     GTGAGGGCATTGCTG CTGA CACCAAAGATATTAC      CCCCGCTCACTGGTC
 5.5      58 ..      78   AGTGAGGGCATTGCT            GCTGACACC AAA GATATTACC            CCCGCTCACTGGTCG
 4.8      69 ..      79   TGCTGCTGACACCAA                 AGAT ATT ACCC                 CCGCTCACTGGTCGC
 4.7      70 ..      80   GCTGCTGACACCAAA                 G ATATTACCC C                 CGCTCACTGGTCGCC
 5.7      70 ..      81   GCTGCTGACACCAAA                G ATATTACCCC C                 GCTCACTGGTCGCCT
 8.3      72 ..      82   TGCTGACACCAAAGA                 T ATTACCCCC G                 CTCACTGGTCGCCTG
 7.7      70 ..      83   GCTGCTGACACCAAA               G ATATTACCCCCG C                TCACTGGTCGCCTGC
 6.8      69 ..      84   TGCTGCTGACACCAA              AG ATATTACCCCCG CT               CACTGGTCGCCTGCG
 4.8      75 ..      85   TGACACCAAAGATAT                 TACC CCC GCTC                 ACTGGTCGCCTGCGA
 3.9      74 ..      86   CTGACACCAAAGATA                TTACC CCC GCTCA                CTGGTCGCCTGCGAT
 7.4      73 ..      87   GCTGACACCAAAGAT               ATTACC CCC GCTCAC               TGGTCGCCTGCGATC
 8.1      76 ..      88   GACACCAAAGATATT                A CCCCCGCTCAC T                GGTCGCCTGCGATCA
 4.7      79 ..      89   ACCAAAGATATTACC                 C CCGCTCACT G                 GTCGCCTGCGATCAG
-1.4      79 ..      90   ACCAAAGATATTACC                CCCG CTCA CTGG                 TCGCCTGCGATCAGG
 2.1      78 ..      91   CACCAAAGATATTAC               CCCCG CTCA CTGGT                CGCCTGCGATCAGGG
 1.2      82 ..      92   AAAGATATTACCCCC                 GCTC ACT GGTC                 GCCTGCGATCAGGGT
-1.1      81 ..      93   CAAAGATATTACCCC                CGCTC ACT GGTCG                CCTGCGATCAGGGTT
 2.4      82 ..      94   AAAGATATTACCCCC                GC TCACTGGTC GC                CTGCGATCAGGGTTC
 5.9      81 ..      95   CAAAGATATTACCCC               CGC TCACTGGTC GCC               TGCGATCAGGGTTCG
 6.1      86 ..      96   ATATTACCCCCGCTC                 A CTGGTCGCC T                 GCGATCAGGGTTCGG
-2.4      87 ..      97   TATTACCCCCGCTCA                 CTGG TCG CCTG                 CGATCAGGGTTCGGA
 1.1      86 ..      98   ATATTACCCCCGCTC                ACTGG TCG CCTGC                GATCAGGGTTCGGAA
-1.2      85 ..      99   GATATTACCCCCGCT               CACTGG TCG CCTGCG               ATCAGGGTTCGGAAT
-2.1      84 ..     100   AGATATTACCCCCGC              TCACTGG TCG CCTGCGA              TCAGGGTTCGGAATT
-2.2      90 ..     101   TACCCCCGCTCACTG                GTCG CCTG CGAT                 CAGGGTTCGGAATTT
-4.5      89 ..     102   TTACCCCCGCTCACT               GGTCG CCTG CGATC                AGGGTTCGGAATTTT
-5.4      88 ..     103   ATTACCCCCGCTCAC              TGGTCG CCTG CGATCA               GGGTTCGGAATTTTT
-7.7      87 ..     104   TATTACCCCCGCTCA             CTGGTCG CCTG CGATCAG              GGTTCGGAATTTTTG
-5.8      94 ..     105   CCCGCTCACTGGTCG                CCTG CGAT CAGG                 GTTCGGAATTTTTGG
-6.5      85 ..     106   GATATTACCCCCGCT           CACTGGTCG CCTG CGATCAGGG            TTCGGAATTTTTGGA
  -3      84 ..     107   AGATATTACCCCCGC          TCACTGGTCG CCTG CGATCAGGGT           TCGGAATTTTTGGAC
-1.7      76 ..     108   GACACCAAAGATATT      ACCCCCGCTCACTGG TCG CCTGCGATCAGGGTT      CGGAATTTTTGGACC
-1.8      82 ..     109   AAAGATATTACCCCC        GCTCACTGGTCG CCTG CGATCAGGGTTC         GGAATTTTTGGACCA
-4.1      81 ..     110   CAAAGATATTACCCC       CGCTCACTGGTCG CCTG CGATCAGGGTTCG        GAATTTTTGGACCAA
-6.4      80 ..     111   CCAAAGATATTACCC      CCGCTCACTGGTCG CCTG CGATCAGGGTTCGG       AATTTTTGGACCAAG
-2.9      79 ..     112   ACCAAAGATATTACC     CCCGCTCACTGGTCG CCTG CGATCAGGGTTCGGA      ATTTTTGGACCAAGG
 0.6      78 ..     113   CACCAAAGATATTAC    CCCCGCTCACTGGTCG CCTG CGATCAGGGTTCGGAA     TTTTTGGACCAAGGC
 4.1      77 ..     114   ACACCAAAGATATTA   CCCCCGCTCACTGGTCG CCTG CGATCAGGGTTCGGAAT    TTTTGGACCAAGGCC
 1.8     105 ..     115   GTCGCCTGCGATCAG                 GGTT CGG AATT                 TTTGGACCAAGGCCC
 3.1     104 ..     116   GGTCGCCTGCGATCA                GGGTT CGG AATTT                TTGGACCAAGGCCCC
 2.2     103 ..     117   TGGTCGCCTGCGATC               AGGGTT CGG AATTTT               TGGACCAAGGCCCCC
 5.7     102 ..     118   CTGGTCGCCTGCGAT              CAGGGTT CGG AATTTTT              GGACCAAGGCCCCCT
 0.4     109 ..     119   CCTGCGATCAGGGTT                 CGGA ATT TTTG                 GACCAAGGCCCCCTT
 1.7     108 ..     120   GCCTGCGATCAGGGT                TCGGA ATT TTTGG                ACCAAGGCCCCCTTA
 0.8     107 ..     121   CGCCTGCGATCAGGG               TTCGGA ATT TTTGGA               CCAAGGCCCCCTTAC
-1.5     106 ..     122   TCGCCTGCGATCAGG              GTTCGGA ATT TTTGGAC              CAAGGCCCCCTTACT
-3.8     105 ..     123   GTCGCCTGCGATCAG             GGTTCGGA ATT TTTGGACC             AAGGCCCCCTTACTT
-0.3     104 ..     124   GGTCGCCTGCGATCA            GGGTTCGGA ATT TTTGGACCA            AGGCCCCCTTACTTA
 3.2     115 ..     125   ATCAGGGTTCGGAAT                 TT TTGGACC AA                 GGCCCCCTTACTTAA
-1.8     116 ..     126   TCAGGGTTCGGAATT                 TTTG GAC CAAG                 GCCCCCTTACTTAAC
-0.5     115 ..     127   ATCAGGGTTCGGAAT                TTTTG GAC CAAGG                CCCCCTTACTTAACA
   3     114 ..     128   GATCAGGGTTCGGAA               TTTTTG GAC CAAGGC               CCCCTTACTTAACAG
-2.4     119 ..     129   GGGTTCGGAATTTTT                 GGAC CAA GGCC                 CCCTTACTTAACAGG
-1.4     119 ..     130   GGGTTCGGAATTTTT                GGAC CAAG GCCC                 CCTTACTTAACAGGG
 1.1     119 ..     131   GGGTTCGGAATTTTT                GGACC AAG GCCCC                CTTACTTAACAGGGG
 3.4     119 ..     132   GGGTTCGGAATTTTT               GG ACCAAGGCCC CC                TTACTTAACAGGGGG
 6.9     118 ..     133   AGGGTTCGGAATTTT              TGG ACCAAGGCCC CCT               TACTTAACAGGGGGC
-5.4     124 ..     134   CGGAATTTTTGGACC                 AAGG CCC CCTT                 ACTTAACAGGGGGCC
-1.9     123 ..     135   TCGGAATTTTTGGAC                CAAGG CCC CCTTA                CTTAACAGGGGGCCG
 1.6     122 ..     136   TTCGGAATTTTTGGA               CCAAGG CCC CCTTAC               TTAACAGGGGGCCGT
 0.7     121 ..     137   GTTCGGAATTTTTGG              ACCAAGG CCC CCTTACT              TAACAGGGGGCCGTx
   2     120 ..     138   GGTTCGGAATTTTTG             GACCAAGG CCC CCTTACTT             AACAGGGGGCCGTxx
 5.5     119 ..     139   GGGTTCGGAATTTTT            GGACCAAGG CCC CCTTACTTA            ACAGGGGGCCGTxxx
 4.6     118 ..     140   AGGGTTCGGAATTTT           TGGACCAAGG CCC CCTTACTTAA           CAGGGGGCCGTxxxx
 8.1     117 ..     141   CAGGGTTCGGAATTT          TTGGACCAAGG CCC CCTTACTTAAC          AGGGGGCCGTxxxxx
 7.2     131 ..     142   TTTGGACCAAGGCCC                CCTT ACTT AACA                 GGGGGCCGTxxxxxx
 2.8     132 ..     143   TTGGACCAAGGCCCC                CT TACTTAAC AG                 GGGGCCGTxxxxxxx
 0.5     131 ..     144   TTTGGACCAAGGCCC               CCT TACTTAAC AGG                GGGCCGTxxxxxxxx
-1.8     130 ..     145   TTTTGGACCAAGGCC              CCCT TACTTAAC AGGG               GGCCGTxxxxxxxxx
-4.1     129 ..     146   TTTTTGGACCAAGGC             CCCCT TACTTAAC AGGGG              GCCGTxxxxxxxxxx
-6.4     128 ..     147   ATTTTTGGACCAAGG            CCCCCT TACTTAAC AGGGGG             CCGTxxxxxxxxxxx
-8.7     127 ..     148   AATTTTTGGACCAAG           GCCCCCT TACTTAAC AGGGGGC            CGTxxxxxxxxxxxx
 -11     126 ..     149   GAATTTTTGGACCAA          GGCCCCCT TACTTAAC AGGGGGCC           GTxxxxxxxxxxxxx
-7.5     125 ..     150   GGAATTTTTGGACCA         AGGCCCCCT TACTTAAC AGGGGGCCG          Txxxxxxxxxxxxxx
