>AAFC03028536.1:14883-14999 Bos taurus breed Hereford Ctg11.CH240-243D7, whole genome shotgun sequence FORWARD
 3.9       1 ..      11   xxxxxxxxxxxxxxx                ATAC TCTG GT-T                 TCTCTTCAGATCGTA
 1.4       1 ..      12   xxxxxxxxxxxxxxx                ATAC TCTG GTTT                 CTCTTCAGATCGTAT
 7.4       1 ..      13   xxxxxxxxxxxxxxx               -ATAC TCTG GTTTC                TCTTCAGATCGTATA
 7.1       3 ..      14   xxxxxxxxxxxxxAT                A CTCTGGTTTC T                 CTTCAGATCGTATAA
None       5 ..      15   xxxxxxxxxxxATAC                  TCTGGTTTCTC                  TTCAGATCGTATAAA
   7       6 ..      16   xxxxxxxxxxATACT                 CTGG TTT CTCT                 TCAGATCGTATAAAT
 5.5       7 ..      17   xxxxxxxxxATACTC                 TGG TTTCT CTT                 CAGATCGTATAAATC
   4       8 ..      18   xxxxxxxxATACTCT                 GG TTTCTCT TC                 AGATCGTATAAATCT
 3.1       7 ..      19   xxxxxxxxxATACTC                TGG TTTCTCT TCA                GATCGTATAAATCTT
 0.8       6 ..      20   xxxxxxxxxxATACT               CTGG TTTCTCT TCAG               ATCGTATAAATCTTT
-0.1       5 ..      21   xxxxxxxxxxxATAC              TCTGG TTTCTCT TCAGA              TCGTATAAATCTTTC
 1.4      11 ..      22   xxxxxATACTCTGGT                TTCT CTTC AGAT                 CGTATAAATCTTTCG
 2.5       8 ..      23   xxxxxxxxATACTCT              GGTTT CTCTTC AGATC               GTATAAATCTTTCGC
 3.8       7 ..      24   xxxxxxxxxATACTC             TGGTTT CTCTTC AGATCG              TATAAATCTTTCGCC
 7.2      14 ..      25   xxATACTCTGGTTTC                TC TTCAGATC GT                 ATAAATCTTTCGCCT
 3.3      16 ..      26   ATACTCTGGTTTCTC                 TTC AGATC GTA                 TAAATCTTTCGCCTT
 6.8      15 ..      27   xATACTCTGGTTTCT                CTTC AGATC GTAT                AAATCTTTCGCCTTT
 5.9      14 ..      28   xxATACTCTGGTTTC               TCTTC AGATC GTATA               AATCTTTCGCCTTTT
 5.3      17 ..      29   TACTCTGGTTTCTCT                TCAGA TCG TATAA                ATCTTTCGCCTTTTA
 4.4      16 ..      30   ATACTCTGGTTTCTC               TTCAGA TCG TATAAA               TCTTTCGCCTTTTAC
 3.2      21 ..      31   CTGGTTTCTCTTCAG                 AT CGTATAA AT                 CTTTCGCCTTTTACT
 0.9      20 ..      32   TCTGGTTTCTCTTCA                GAT CGTATAA ATC                TTTCGCCTTTTACTA
-2.027e-07      19 ..      33   CTCTGGTTTCTCTTC               AGAT CGTATAA ATCT               TTCGCCTTTTACTAA
 3.5      18 ..      34   ACTCTGGTTTCTCTT              CAGAT CGTATAA ATCTT              TCGCCTTTTACTAAA
   7      17 ..      35   TACTCTGGTTTCTCT             TCAGAT CGTATAA ATCTTT             CGCCTTTTACTAAAG
 5.3      24 ..      36   GTTTCTCTTCAGATC                GTA TAAATCT TTC                GCCTTTTACTAAAGA
   3      23 ..      37   GGTTTCTCTTCAGAT               CGTA TAAATCT TTCG               CCTTTTACTAAAGAT
 5.2      24 ..      38   GTTTCTCTTCAGATC               GTATAA ATC TTTCGC               CTTTTACTAAAGATT
 8.4      24 ..      39   GTTTCTCTTCAGATC              GTATAA ATCT TTCGCC               TTTTACTAAAGATTT
 5.8      29 ..      40   TCTTCAGATCGTATA                AATC TTTC GCCT                 TTTACTAAAGATTTC
 4.9      28 ..      41   CTCTTCAGATCGTAT               AAATC TTTC GCCTT                TTACTAAAGATTTCC
 4.3      28 ..      42   CTCTTCAGATCGTAT               AAA TCTTTCGCC TTT               TACTAAAGATTTCCG
 5.3      28 ..      43   CTCTTCAGATCGTAT              AAA TCTTTCGCCT TTT               ACTAAAGATTTCCGT
 4.4      27 ..      44   TCTCTTCAGATCGTA             TAAA TCTTTCGCCT TTTA              CTAAAGATTTCCGTG
 4.3      24 ..      45   GTTTCTCTTCAGATC           GTATAAATC TTTC GCCTTTTAC            TAAAGATTTCCGTGG
 6.2      36 ..      46   ATCGTATAAATCTTT                 CG CCTTTTA CT                 AAAGATTTCCGTGGA
 5.3      35 ..      47   GATCGTATAAATCTT                TCG CCTTTTA CTA                AAGATTTCCGTGGAG
 4.4      34 ..      48   AGATCGTATAAATCT               TTCG CCTTTTA CTAA               AGATTTCCGTGGAGA
 3.5      33 ..      49   CAGATCGTATAAATC              TTTCG CCTTTTA CTAAA              GATTTCCGTGGAGAG
  -3      39 ..      50   GTATAAATCTTTCGC                CTTT TACT AAAG                 ATTTCCGTGGAGAGG
 0.3      31 ..      51   TTCAGATCGTATAAA            TCTTTCG CCTTTTA CTAAAGA            TTTCCGTGGAGAGGA
-0.6      30 ..      52   CTTCAGATCGTATAA           ATCTTTCG CCTTTTA CTAAAGAT           TTCCGTGGAGAGGAA
-1.5      29 ..      53   TCTTCAGATCGTATA          AATCTTTCG CCTTTTA CTAAAGATT          TCCGTGGAGAGGAAC
-2.4      28 ..      54   CTCTTCAGATCGTAT         AAATCTTTCG CCTTTTA CTAAAGATTT         CCGTGGAGAGGAACA
 1.1      27 ..      55   TCTCTTCAGATCGTA        TAAATCTTTCG CCTTTTA CTAAAGATTTC        CGTGGAGAGGAACAA
 4.6      26 ..      56   TTCTCTTCAGATCGT       ATAAATCTTTCG CCTTTTA CTAAAGATTTCC       GTGGAGAGGAACAAT
 3.9      45 ..      57   ATCTTTCGCCTTTTA                CTAAA GAT TTCCG                TGGAGAGGAACAATT
   3      44 ..      58   AATCTTTCGCCTTTT               ACTAAA GAT TTCCGT               GGAGAGGAACAATTC
 4.3      43 ..      59   AAATCTTTCGCCTTT              TACTAAA GAT TTCCGTG              GAGAGGAACAATTCT
 4.8      45 ..      60   ATCTTTCGCCTTTTA              CTAAAG ATTT CCGTGG               AGAGGAACAATTCTG
 4.7      41 ..      61   ATAAATCTTTCGCCT            TTTACTAAA GAT TTCCGTGGA            GAGGAACAATTCTGA
 0.4      52 ..      62   GCCTTTTACTAAAGA                 TTTC CGT GGAG                 AGGAACAATTCTGAG
-0.8      52 ..      63   GCCTTTTACTAAAGA                TTTC CGTG GAGA                 GGAACAATTCTGAGT
 2.1      53 ..      64   CCTTTTACTAAAGAT                TTC CGTGGA GAG                 GAACAATTCTGAGTC
 0.4      55 ..      65   TTTTACTAAAGATTT                 CC GTGGAGA GG                 AACAATTCTGAGTCT
-0.5      54 ..      66   CTTTTACTAAAGATT                TCC GTGGAGA GGA                ACAATTCTGAGTCTT
-1.4      53 ..      67   CCTTTTACTAAAGAT               TTCC GTGGAGA GGAA               CAATTCTGAGTCTTT
 2.1      52 ..      68   GCCTTTTACTAAAGA              TTTCC GTGGAGA GGAAC              AATTCTGAGTCTTTA
 2.8      58 ..      69   TACTAAAGATTTCCG                TG GAGAGGAA CA                 ATTCTGAGTCTTTAC
 5.3      58 ..      70   TACTAAAGATTTCCG                TGG AGAGGAA CAA                TTCTGAGTCTTTACC
 4.8      61 ..      71   TAAAGATTTCCGTGG                 AGAG GAA CAAT                 TCTGAGTCTTTACCC
 5.4      62 ..      72   AAAGATTTCCGTGGA                 GA GGAACAA TT                 CTGAGTCTTTACCCA
 2.1      62 ..      73   AAAGATTTCCGTGGA                GAG GAACAA TTC                 TGAGTCTTTACCCAA
-1.8      64 ..      74   AGATTTCCGTGGAGA                 GGAA CAA TTCT                 GAGTCTTTACCCAAT
 1.7      63 ..      75   AAGATTTCCGTGGAG                AGGAA CAA TTCTG                AGTCTTTACCCAATT
 5.2      62 ..      76   AAAGATTTCCGTGGA               GAGGAA CAA TTCTGA               GTCTTTACCCAATTT
 5.8      66 ..      77   ATTTCCGTGGAGAGG                AACA ATTC TGAG                 TCTTTACCCAATTTT
 2.8      67 ..      78   TTTCCGTGGAGAGGA                AC AATTCTGA GT                 CTTTACCCAATTTTT
   4      69 ..      79   TCCGTGGAGAGGAAC                 AATT CTG AGTC                 TTTACCCAATTTTTT
 3.9      63 ..      80   AAGATTTCCGTGGAG             AGGAACA ATTC TGAGTCT              TTACCCAATTTTTTG
 3.9      69 ..      81   TCCGTGGAGAGGAAC                AATTC TGA GTCTT                TACCCAATTTTTTGA
 4.3      61 ..      82   TAAAGATTTCCGTGG           AGAGGAACA ATTC TGAGTCTTT            ACCCAATTTTTTGAG
 7.1      72 ..      83   GTGGAGAGGAACAAT                T CTGAGTCTTT A                 CCCAATTTTTTGAGG
   5      73 ..      84   TGGAGAGGAACAATT                CTGA GTCT TTAC                 CCAATTTTTTGAGGC
 2.5      75 ..      85   GAGAGGAACAATTCT                GAGT CTTT AC-C                 CAATTTTTTGAGGCC
1.907e-07      75 ..      86   GAGAGGAACAATTCT                GAGT CTTT ACCC                 AATTTTTTGAGGCCT
-0.9      74 ..      87   GGAGAGGAACAATTC               TGAGT CTTT ACCCA                ATTTTTTGAGGCCTC
 2.6      73 ..      88   TGGAGAGGAACAATT              CTGAGT CTTT ACCCAA               TTTTTTGAGGCCTCG
 4.7      79 ..      89   GGAACAATTCTGAGT                 CTT TACCC AAT                 TTTTTGAGGCCTCGT
 6.5      76 ..      90   AGAGGAACAATTCTG               AGT CTTTACCCA ATT               TTTTGAGGCCTCGTT
 5.9      69 ..      91   TCCGTGGAGAGGAAC          AATTCTGAGT CTTT ACCCA-ATTT           TTTGAGGCCTCGTTT
 7.6      82 ..      92   ACAATTCTGAGTCTT                 TA CCCAATT TT                 TTGAGGCCTCGTTTT
 6.1      83 ..      93   CAATTCTGAGTCTTT                 A CCCAATTTT T                 TGAGGCCTCGTTTTT
 7.1      83 ..      94   CAATTCTGAGTCTTT                A CCCAATTTTT T                 GAGGCCTCGTTTTTA
 0.4      85 ..      95   ATTCTGAGTCTTTAC                 CCAA TTT TTTG                 AGGCCTCGTTTTTAA
 1.4      85 ..      96   ATTCTGAGTCTTTAC                CCAA TTTT TTGA                 GGCCTCGTTTTTAAC
-0.9      84 ..      97   AATTCTGAGTCTTTA               CCCAA TTTT TTGAG                GCCTCGTTTTTAACG
-0.7      84 ..      98   AATTCTGAGTCTTTA              CC-CAA TTTT TTGAGG               CCTCGTTTTTAACGA
 2.8      83 ..      99   CAATTCTGAGTCTTT             ACC-CAA TTTT TTGAGGC              CTCGTTTTTAACGAG
 6.3      82 ..     100   ACAATTCTGAGTCTT            TACC-CAA TTTT TTGAGGCC             TCGTTTTTAACGAGG
 6.8      76 ..     101   AGAGGAACAATTCTG         AGTCTTTA CCCAATTTTT TGAGGCCT          CGTTTTTAACGAGGC
 4.5      75 ..     102   GAGAGGAACAATTCT        GAGTCTTTA CCCAATTTTT TGAGGCCTC         GTTTTTAACGAGGCT
 5.8      74 ..     103   GGAGAGGAACAATTC       TGAGTCTTTA CCCAATTTTT TGAGGCCTCG        TTTTTAACGAGGCTx
 3.6      93 ..     104   TCTTTACCCAATTTT                TTGA GGCC TCGT                 TTTTAACGAGGCTxx
 2.6      95 ..     105   TTTACCCAATTTTTT                 GAGG CCT CGTT                 TTTAACGAGGCTxxx
 0.4      96 ..     106   TTACCCAATTTTTTG                 AGGC CTC GTTT                 TTAACGAGGCTxxxx
 1.7      95 ..     107   TTTACCCAATTTTTT                GAGGC CTC GTTTT                TAACGAGGCTxxxxx
 5.2      94 ..     108   CTTTACCCAATTTTT               TGAGGC CTC GTTTTT               AACGAGGCTxxxxxx
 4.3      93 ..     109   TCTTTACCCAATTTT              TTGAGGC CTC GTTTTTA              ACGAGGCTxxxxxxx
 3.4      92 ..     110   GTCTTTACCCAATTT             TTTGAGGC CTC GTTTTTAA             CGAGGCTxxxxxxxx
 6.9      91 ..     111   AGTCTTTACCCAATT            TTTTGAGGC CTC GTTTTTAAC            GAGGCTxxxxxxxxx
-5.4     102 ..     112   AATTTTTTGAGGCCT                 CGTT TTT AACG                 AGGCTxxxxxxxxxx
-6.3     101 ..     113   CAATTTTTTGAGGCC                TCGTT TTT AACGA                GGCTxxxxxxxxxxx
-8.6     100 ..     114   CCAATTTTTTGAGGC               CTCGTT TTT AACGAG               GCTxxxxxxxxxxxx
-10.9      99 ..     115   CCCAATTTTTTGAGG              CCTCGTT TTT AACGAGG              CTxxxxxxxxxxxxx
-13.2      98 ..     116   ACCCAATTTTTTGAG             GCCTCGTT TTT AACGAGGC             Txxxxxxxxxxxxxx
