>AL807389.7:c15376-15244 Zebrafish DNA sequence from clone CH211-237L4 in linkage group 10, complete sequence FORWARD
 7.5       1 ..      11   xxxxxxxxxxxxxxx                ACATC AGT GA-G-                GTACATCCTTACCTG
  -1       2 ..      12   xxxxxxxxxxxxxxA                 CATC AGT GAGG                 TACATCCTTACCTGT
-1.9       1 ..      13   xxxxxxxxxxxxxxx                ACATC AGT GAGGT                ACATCCTTACCTGTT
 4.1       1 ..      14   xxxxxxxxxxxxxxx               -ACATC AGT GAGGTA               CATCCTTACCTGTTA
 8.1       1 ..      15   xxxxxxxxxxxxxxx               ACATC AGTGA GGTAC               ATCCTTACCTGTTAC
 2.6       6 ..      16   xxxxxxxxxxACATC                 AGTG AGG TACA                 TCCTTACCTGTTACC
 1.1       7 ..      17   xxxxxxxxxACATCA                 GTG AGGTA CAT                 CCTTACCTGTTACCT
 3.5       7 ..      18   xxxxxxxxxACATCA                G-TG AGGTA CATC                CTTACCTGTTACCTT
 4.3       8 ..      19   xxxxxxxxACATCAG                TGA GGTACA TCC                 TTACCTGTTACCTTA
-2.5      10 ..      20   xxxxxxACATCAGTG                 AGG TACAT CCT                 TACCTGTTACCTTAG
-1.2       9 ..      21   xxxxxxxACATCAGT                GAGG TACAT CCTT                ACCTGTTACCTTAGC
-2.1       8 ..      22   xxxxxxxxACATCAG               TGAGG TACAT CCTTA               CCTGTTACCTTAGCA
-4.4       7 ..      23   xxxxxxxxxACATCA              GTGAGG TACAT CCTTAC              CTGTTACCTTAGCAA
-2.4      11 ..      24   xxxxxACATCAGTGA               GGTA CATCCT TACC                TGTTACCTTAGCAAT
-3.3      10 ..      25   xxxxxxACATCAGTG              AGGTA CATCCT TACCT               GTTACCTTAGCAATA
-1.6       5 ..      26   xxxxxxxxxxxACAT           CA-GTGAGG TACAT CCTTACCTG           TTACCTTAGCAATAA
 1.9       4 ..      27   xxxxxxxxxxxxACA          TCA-GTGAGG TACAT CCTTACCTGT          TACCTTAGCAATAAG
   1       3 ..      28   xxxxxxxxxxxxxAC         ATCA-GTGAGG TACAT CCTTACCTGTT         ACCTTAGCAATAAGG
 4.5       2 ..      29   xxxxxxxxxxxxxxA        CATCA-GTGAGG TACAT CCTTACCTGTTA        CCTTAGCAATAAGGT
 4.7      12 ..      30   xxxxACATCAGTGAG            GT-ACA TCCTTACC TGTTAC             CTTAGCAATAAGGTT
 2.4      11 ..      31   xxxxxACATCAGTGA           GGT-ACA TCCTTACC TGTTACC            TTAGCAATAAGGTTA
 1.5      10 ..      32   xxxxxxACATCAGTG          AGGT-ACA TCCTTACC TGTTACCT           TAGCAATAAGGTTAC
 2.8       9 ..      33   xxxxxxxACATCAGT         GAGGT-ACA TCCTTACC TGTTACCTT          AGCAATAAGGTTACA
 1.9       8 ..      34   xxxxxxxxACATCAG        TGAGGT-ACA TCCTTACC TGTTACCTTA         GCAATAAGGTTACAG
 2.1      24 ..      35   GAGGTACATCCTTAC                CTG TTACCT TAG                 CAATAAGGTTACAGA
-1.8      26 ..      36   GGTACATCCTTACCT                 GTTA CCT TAGC                 AATAAGGTTACAGAT
-2.7      25 ..      37   AGGTACATCCTTACC                TGTTA CCT TAGCA                ATAAGGTTACAGATC
 0.8      24 ..      38   GAGGTACATCCTTAC               CTGTTA CCT TAGCAA               TAAGGTTACAGATCA
 2.7      26 ..      39   GGTACATCCTTACCT               GTTAC CTTA GCAAT                AAGGTTACAGATCAT
 1.8      25 ..      40   AGGTACATCCTTACC              TGTTAC CTTA GCAATA               AGGTTACAGATCATG
 4.1      20 ..      41   CAGTGAGGTACATCC           TTACCTGTTA CCT TAGCAA-TAA           GGTTACAGATCATGA
  -3      31 ..      42   ATCCTTACCTGTTAC                CTTA GCAA TAAG                 GTTACAGATCATGAT
-5.3      30 ..      43   CATCCTTACCTGTTA               CCTTA GCAA TAAGG                TTACAGATCATGATG
-6.2      29 ..      44   ACATCCTTACCTGTT              ACCTTA GCAA TAAGGT               TACAGATCATGATGA
-2.7      28 ..      45   TACATCCTTACCTGT             TACCTTA GCAA TAAGGTT              ACAGATCATGATGAT
-3.6      27 ..      46   GTACATCCTTACCTG            TTACCTTA GCAA TAAGGTTA             CAGATCATGATGATT
-5.9      26 ..      47   GGTACATCCTTACCT           GTTACCTTA GCAA TAAGGTTAC            AGATCATGATGATTG
-6.8      25 ..      48   AGGTACATCCTTACC          TGTTACCTTA GCAA TAAGGTTACA           GATCATGATGATTGG
-9.1      24 ..      49   GAGGTACATCCTTAC         CTGTTACCTTA GCAA TAAGGTTACAG          ATCATGATGATTGGA
-5.6      23 ..      50   TGAGGTACATCCTTA        CCTGTTACCTTA GCAA TAAGGTTACAGA         TCATGATGATTGGAT
-6.5      22 ..      51   GTGAGGTACATCCTT       ACCTGTTACCTTA GCAA TAAGGTTACAGAT        CATGATGATTGGATT
  -3      21 ..      52   AGTGAGGTACATCCT      TACCTGTTACCTTA GCAA TAAGGTTACAGATC       ATGATGATTGGATTC
-3.9      20 ..      53   CAGTGAGGTACATCC     TTACCTGTTACCTTA GCAA TAAGGTTACAGATCA      TGATGATTGGATTCT
-0.4      19 ..      54   TCAGTGAGGTACATC    CTTACCTGTTACCTTA GCAA TAAGGTTACAGATCAT     GATGATTGGATTCTA
-2.7      18 ..      55   ATCAGTGAGGTACAT   CCTTACCTGTTACCTTA GCAA TAAGGTTACAGATCATG    ATGATTGGATTCTAT
-3.6      17 ..      56   CATCAGTGAGGTACA  TCCTTACCTGTTACCTTA GCAA TAAGGTTACAGATCATGA   TGATTGGATTCTATG
-4.5      16 ..      57   ACATCAGTGAGGTAC ATCCTTACCTGTTACCTTA GCAA TAAGGTTACAGATCATGAT  GATTGGATTCTATGA
-6.8      15 ..      58   xACATCAGTGAGGTA CATCCTTACCTGTTACCTTA GCAA TAAGGTTACAGATCATGATG ATTGGATTCTATGAA
-3.3      14 ..      59   xxACATCAGTGAGGT ACATCCTTACCTGTTACCTTA GCAA TAAGGTTACAGATCATGATGA TTGGATTCTATGAAT
  -4      50 ..      60   GCAATAAGGTTACAG                 ATCA TGA TGAT                 TGGATTCTATGAATA
-2.7      49 ..      61   AGCAATAAGGTTACA                GATCA TGA TGATT                GGATTCTATGAATAC
-1.2      47 ..      62   TTAGCAATAAGGTTA              CAGATCA TGA TGAT-TG              GATTCTATGAATACG
-1.5      47 ..      63   TTAGCAATAAGGTTA              CAGATCA TGA TGATTGG              ATTCTATGAATACGT
 1.4      45 ..      64   CCTTAGCAATAAGGT            TACAGATCA TGA TGAT-TGGA            TTCTATGAATACGTG
 3.6      46 ..      65   CTTAGCAATAAGGTT            A-CAGATCA TGA TGATTGGAT            TCTATGAATACGTGA
 3.5      55 ..      66   AAGGTTACAGATCAT                GAT GATTGG ATT                 CTATGAATACGTGAT
 3.8      55 ..      67   AAGGTTACAGATCAT                GA TGATTGGAT TC                TATGAATACGTGATT
   3      41 ..      68   GTTACCTTAGCAATA        AGGTTACAGATCA TGA TGAT-TGGATTCT        ATGAATACGTGATTA
 5.9      57 ..      69   GGTTACAGATCATGA               T-GA TTGGAT TCTA                TGAATACGTGATTAT
 1.4      59 ..      70   TTACAGATCATGATG                ATTG GATT CTAT                 GAATACGTGATTATA
 4.9      58 ..      71   GTTACAGATCATGAT               GATTG GATT CTATG                AATACGTGATTATAT
   4      57 ..      72   GGTTACAGATCATGA              TGATTG GATT CTATGA               ATACGTGATTATATA
 5.3      61 ..      73   ACAGATCATGATGAT                TGGAT TCT ATGAA                TACGTGATTATATAC
  -4      64 ..      74   GATCATGATGATTGG                 ATTC TAT GAAT                 ACGTGATTATATACC
-0.5      63 ..      75   AGATCATGATGATTG                GATTC TAT GAATA                CGTGATTATATACCG
-2.8      62 ..      76   CAGATCATGATGATT               GGATTC TAT GAATAC               GTGATTATATACCGT
-1.5      61 ..      77   ACAGATCATGATGAT              TGGATTC TAT GAATACG              TGATTATATACCGTA
   2      60 ..      78   TACAGATCATGATGA             TTGGATTC TAT GAATACGT             GATTATATACCGTAT
 1.4      68 ..      79   ATGATGATTGGATTC                TATG AATA CGTG                 ATTATATACCGTATT
 2.9      66 ..      80   TCATGATGATTGGAT              TCTATG AATA CGT-GA               TTATATACCGTATTT
 3.8      69 ..      81   TGATGATTGGATTCT                ATGA ATACG TGAT                TATATACCGTATTTG
 0.3      72 ..      82   TGATTGGATTCTATG                 AAT ACGTG ATT                 ATATACCGTATTTGT
 3.8      71 ..      83   ATGATTGGATTCTAT                GAAT ACGTG ATTA                TATACCGTATTTGTT
 1.3      73 ..      84   GATTGGATTCTATGA                ATA CGTGAT TAT                 ATACCGTATTTGTTT
 3.6      68 ..      85   ATGATGATTGGATTC             TATGAAT ACGTG ATT-ATA             TACCGTATTTGTTTA
 3.3      73 ..      86   GATTGGATTCTATGA               ATA CGTGATTA TAT                ACCGTATTTGTTTAG
 4.1      74 ..      87   ATTGGATTCTATGAA               TACGT GATT ATATA                CCGTATTTGTTTAGG
   2      77 ..      88   GGATTCTATGAATAC                GTGAT TAT AT-AC                CGTATTTGTTTAGGG
 3.3      79 ..      89   ATTCTATGAATACGT                 GAT TATAT ACC                 GTATTTGTTTAGGGA
 1.6      76 ..      90   TGGATTCTATGAATA               CGTGAT TAT ATACCG               TATTTGTTTAGGGAC
 0.7      75 ..      91   TTGGATTCTATGAAT              ACGTGAT TAT ATACCGT              ATTTGTTTAGGGACT
-0.2      74 ..      92   ATTGGATTCTATGAA             TACGTGAT TAT ATACCGTA             TTTGTTTAGGGACTG
-1.1      73 ..      93   GATTGGATTCTATGA            ATACGTGAT TAT ATACCGTAT            TTGTTTAGGGACTGC
  -2      72 ..      94   TGATTGGATTCTATG           AATACGTGAT TAT ATACCGTATT           TGTTTAGGGACTGCA
-0.7      71 ..      95   ATGATTGGATTCTAT          GAATACGTGAT TAT ATACCGTATTT          GTTTAGGGACTGCAA
 0.6      70 ..      96   GATGATTGGATTCTA         TGAATACGTGAT TAT ATACCGTATTTG         TTTAGGGACTGCAAC
-0.3      69 ..      97   TGATGATTGGATTCT        ATGAATACGTGAT TAT ATACCGTATTTGT        TTAGGGACTGCAACC
 3.2      68 ..      98   ATGATGATTGGATTC       TATGAATACGTGAT TAT ATACCGTATTTGTT       TAGGGACTGCAACCC
 4.4      85 ..      99   TGAATACGTGATTAT               ATAC CGTATTT GTTT               AGGGACTGCAACCCC
 3.5      84 ..     100   ATGAATACGTGATTA              TATAC CGTATTT GTTTA              GGGACTGCAACCCCT
 5.7      90 ..     101   ACGTGATTATATACC                GTA TTTGTT TAG                 GGACTGCAACCCCTT
 3.4      89 ..     102   TACGTGATTATATAC               CGTA TTTGTT TAGG                GACTGCAACCCCTTT
 1.1      88 ..     103   ATACGTGATTATATA              CCGTA TTTGTT TAGGG               ACTGCAACCCCTTTA
 4.6      87 ..     104   AATACGTGATTATAT             ACCGTA TTTGTT TAGGGA              CTGCAACCCCTTTAC
   4      90 ..     105   ACGTGATTATATACC              GTATTT GTTT AGGGAC               TGCAACCCCTTTACG
 3.6      95 ..     106   ATTATATACCGTATT                TGTT TAGG GACT                 GCAACCCCTTTACGA
 4.9      94 ..     107   GATTATATACCGTAT               TTGTT TAGG GACTG                CAACCCCTTTACGAA
 2.6      98 ..     108   ATATACCGTATTTGT                 TTAG GGA CTGC                 AACCCCTTTACGAAT
 1.7      97 ..     109   TATATACCGTATTTG                TTTAG GGA CTGCA                ACCCCTTTACGAATC
 3.3      97 ..     110   TATATACCGTATTTG               TT-TAG GGA CTGCAA               CCCCTTTACGAATCC
   1      96 ..     111   TTATATACCGTATTT              GTT-TAG GGA CTGCAAC              CCCTTTACGAATCCT
 0.4     102 ..     112   ACCGTATTTGTTTAG                 GG ACTGCAA CC                 CCTTTACGAATCCTG
-1.9     101 ..     113   TACCGTATTTGTTTA                GGG ACTGCAA CCC                CTTTACGAATCCTGT
-0.9     101 ..     114   TACCGTATTTGTTTA               GGG ACTGCAAC CCC                TTTACGAATCCTGTC
-1.8     100 ..     115   ATACCGTATTTGTTT              AGGG ACTGCAAC CCCT               TTACGAATCCTGTCT
 1.7      99 ..     116   TATACCGTATTTGTT             TAGGG ACTGCAAC CCCTT              TACGAATCCTGTCTG
 5.2      98 ..     117   ATATACCGTATTTGT            TTAGGG ACTGCAAC CCCTTT             ACGAATCCTGTCTGA
 4.3      97 ..     118   TATATACCGTATTTG           TTTAGGG ACTGCAAC CCCTTTA            CGAATCCTGTCTGAC
   2      96 ..     119   TTATATACCGTATTT          GTTTAGGG ACTGCAAC CCCTTTAC           GAATCCTGTCTGACx
 3.3      95 ..     120   ATTATATACCGTATT         TGTTTAGGG ACTGCAAC CCCTTTACG          AATCCTGTCTGACxx
 2.4      94 ..     121   GATTATATACCGTAT        TTGTTTAGGG ACTGCAAC CCCTTTACGA         ATCCTGTCTGACxxx
 1.5      93 ..     122   TGATTATATACCGTA       TTTGTTTAGGG ACTGCAAC CCCTTTACGAA        TCCTGTCTGACxxxx
 0.6      92 ..     123   GTGATTATATACCGT      ATTTGTTTAGGG ACTGCAAC CCCTTTACGAAT       CCTGTCTGACxxxxx
 4.1      91 ..     124   CGTGATTATATACCG     TATTTGTTTAGGG ACTGCAAC CCCTTTACGAATC      CTGTCTGACxxxxxx
 1.8      90 ..     125   ACGTGATTATATACC    GTATTTGTTTAGGG ACTGCAAC CCCTTTACGAATCC     TGTCTGACxxxxxxx
 5.3      89 ..     126   TACGTGATTATATAC   CGTATTTGTTTAGGG ACTGCAAC CCCTTTACGAATCCT    GTCTGACxxxxxxxx
 2.6     117 ..     127   GGACTGCAACCCCTT                 TACG AAT CCTG                 TCTGACxxxxxxxxx
 1.1     118 ..     128   GACTGCAACCCCTTT                 ACG AATCC TGT                 CTGACxxxxxxxxxx
 4.6     117 ..     129   GGACTGCAACCCCTT                TACG AATCC TGTC                TGACxxxxxxxxxxx
 4.3     119 ..     130   ACTGCAACCCCTTTA                CGA ATCCTG TCT                 GACxxxxxxxxxxxx
 3.9     119 ..     131   ACTGCAACCCCTTTA                CGAAT CCT GTCTG                ACxxxxxxxxxxxxx
 6.3     116 ..     132   GGGACTGCAACCCCT             TTACGA ATCCTG TC-TGA              Cxxxxxxxxxxxxxx
