>URS0000D65CCD ncRNA from 1 species FORWARD
 3.4       1 ..      11   xxxxxxxxxxxxxxx                 UCAG ACU CCGC                 UCCGGACAAAUGAAC
None       2 ..      12   xxxxxxxxxxxxxxU                  CAGACUCCGCU                  CCGGACAAAUGAACC
 8.7       2 ..      13   xxxxxxxxxxxxxxU                CAG ACUCCG CUC                 CGGACAAAUGAACCG
 4.7       4 ..      14   xxxxxxxxxxxxUCA                 G ACUCCGCUC C                 GGACAAAUGAACCGA
 4.9       2 ..      15   xxxxxxxxxxxxxxU               CAG ACUCCGCU CCG                GACAAAUGAACCGAU
 4.7       6 ..      16   xxxxxxxxxxUCAGA                 C UCCGCUCCG G                 ACAAAUGAACCGAUG
-2.4       7 ..      17   xxxxxxxxxUCAGAC                 UCCG CUC CGGA                 CAAAUGAACCGAUGA
 1.1       6 ..      18   xxxxxxxxxxUCAGA                CUCCG CUC CGGAC                AAAUGAACCGAUGAA
 4.6       5 ..      19   xxxxxxxxxxxUCAG               ACUCCG CUC CGGACA               AAUGAACCGAUGAAG
 8.1       4 ..      20   xxxxxxxxxxxxUCA              GACUCCG CUC CGGACAA              AUGAACCGAUGAAGC
None      11 ..      21   xxxxxUCAGACUCCG                  CUCCGGACAAA                  UGAACCGAUGAAGCA
None      12 ..      22   xxxxUCAGACUCCGC                  UCCGGACAAAU                  GAACCGAUGAAGCAU
 4.7      13 ..      23   xxxUCAGACUCCGCU                 C CGGACAAAU G                 AACCGAUGAAGCAUU
 7.2      13 ..      24   xxxUCAGACUCCGCU                CC GGACAAAU GA                 ACCGAUGAAGCAUUG
None      15 ..      25   xUCAGACUCCGCUCC                  GGACAAAUGAA                  CCGAUGAAGCAUUGU
 4.4      15 ..      26   xUCAGACUCCGCUCC                GGAC AAAU GAAC                 CGAUGAAGCAUUGUU
 2.4      15 ..      27   xUCAGACUCCGCUCC                GG ACAAAUGAA CC                GAUGAAGCAUUGUUC
 0.1      14 ..      28   xxUCAGACUCCGCUC               CGG ACAAAUGAA CCG               AUGAAGCAUUGUUCG
 3.6      13 ..      29   xxxUCAGACUCCGCU              CCGG ACAAAUGAA CCGA              UGAAGCAUUGUUCGG
 7.1      12 ..      30   xxxxUCAGACUCCGC             UCCGG ACAAAUGAA CCGAU             GAAGCAUUGUUCGGA
 4.8      11 ..      31   xxxxxUCAGACUCCG            CUCCGG ACAAAUGAA CCGAUG            AAGCAUUGUUCGGAG
 8.3      10 ..      32   xxxxxxUCAGACUCC           GCUCCGG ACAAAUGAA CCGAUGA           AGCAUUGUUCGGAGC
None      23 ..      33   CCGCUCCGGACAAAU                  GAACCGAUGAA                  GCAUUGUUCGGAGCx
None      24 ..      34   CGCUCCGGACAAAUG                  AACCGAUGAAG                  CAUUGUUCGGAGCxx
 6.2      25 ..      35   GCUCCGGACAAAUGA                 AC CGAUGAA GC                 AUUGUUCGGAGCxxx
 8.7      25 ..      36   GCUCCGGACAAAUGA                ACC GAUGAA GCA                 UUGUUCGGAGCxxxx
 8.7      26 ..      37   CUCCGGACAAAUGAA                CCG AUGAAG CAU                 UGUUCGGAGCxxxxx
None      28 ..      38   CCGGACAAAUGAACC                  GAUGAAGCAUU                  GUUCGGAGCxxxxxx
 6.7      27 ..      39   UCCGGACAAAUGAAC                C GAUGAAGCAUU G                UUCGGAGCxxxxxxx
None      30 ..      40   GGACAAAUGAACCGA                  UGAAGCAUUGU                  UCGGAGCxxxxxxxx
None      31 ..      41   GACAAAUGAACCGAU                  GAAGCAUUGUU                  CGGAGCxxxxxxxxx
 5.7      31 ..      42   GACAAAUGAACCGAU                G AAGCAUUGUU C                 GGAGCxxxxxxxxxx
 6.2      33 ..      43   CAAAUGAACCGAUGA                 AG CAUUGUU CG                 GAGCxxxxxxxxxxx
 4.1      26 ..      44   CUCCGGACAAAUGAA             CCG AUGAAGCAUUGUU CGG             AGCxxxxxxxxxxxx
 7.2      34 ..      45   AAAUGAACCGAUGAA                GC AUUGUUCG GA                 GCxxxxxxxxxxxxx
 5.7      35 ..      46   AAUGAACCGAUGAAG                C AUUGUUCGGA G                 Cxxxxxxxxxxxxxx
