>DQ289490.1:1917-2210 Homo sapiens antisense RNA AS1 (WT1), complete sequence FORWARD
 6.2       1 ..      11   xxxxxxxxxxxxxxx                 AG ATGGTCC CC                 GAGCTCCCCGAGAGT
 7.2       1 ..      12   xxxxxxxxxxxxxxx                AG ATGGTCCC CG                 AGCTCCCCGAGAGTC
 1.2       3 ..      13   xxxxxxxxxxxxxAG                 ATGG TCC CCGA                 GCTCCCCGAGAGTCC
 4.7       2 ..      14   xxxxxxxxxxxxxxA                GATGG TCC CCGAG                CTCCCCGAGAGTCCT
  -1       5 ..      15   xxxxxxxxxxxAGAT                 GGTC CCC GAGC                 TCCCCGAGAGTCCTC
 1.8       1 ..      16   xxxxxxxxxxxxxxx              AGAT-GG TCC CCGAGCT              CCCCGAGAGTCCTCA
 1.8       2 ..      17   xxxxxxxxxxxxxxA              GATGGTC CCC GAGC-TC              CCCGAGAGTCCTCAG
 2.1       5 ..      18   xxxxxxxxxxxAGAT               GGTCC CCGA GCTCC                CCGAGAGTCCTCAGT
 4.4       5 ..      19   xxxxxxxxxxxAGAT               GG TCCCCGAGCTC CC               CGAGAGTCCTCAGTG
 5.4       5 ..      20   xxxxxxxxxxxAGAT              GG TCCCCGAGCTCC CC               GAGAGTCCTCAGTGA
-2.4      11 ..      21   xxxxxAGATGGTCCC                 CGAG CTC CCCG                 AGAGTCCTCAGTGAA
 1.1      10 ..      22   xxxxxxAGATGGTCC                CCGAG CTC CCCGA                GAGTCCTCAGTGAAA
-1.2       9 ..      23   xxxxxxxAGATGGTC               CCCGAG CTC CCCGAG               AGTCCTCAGTGAAAG
  -1      14 ..      24   xxAGATGGTCCCCGA                 GCTC CCC GAGA                 GTCCTCAGTGAAAGG
-2.5      15 ..      25   xAGATGGTCCCCGAG                 CTC CCCGA GAG                 TCCTCAGTGAAAGGA
-1.2      14 ..      26   xxAGATGGTCCCCGA                GCTC CCCGA GAGT                CCTCAGTGAAAGGAT
 0.3      12 ..      27   xxxxAGATGGTCCCC              GAGCTC CCCGA GAG-TC              CTCAGTGAAAGGATT
-4.768e-08      12 ..      28   xxxxAGATGGTCCCC              GAGCTC CCCGA GAGTCC              TCAGTGAAAGGATTC
 3.5      11 ..      29   xxxxxAGATGGTCCC             CGAGCTC CCCGA GAGTCCT             CAGTGAAAGGATTCC
 1.4      12 ..      30   xxxxAGATGGTCCCC             GAGCTCCC CGA GAGTCCTC             AGTGAAAGGATTCCG
   0      20 ..      31   GGTCCCCGAGCTCCC                CGAG AGTC CTCA                 GTGAAAGGATTCCGC
-2.3      19 ..      32   TGGTCCCCGAGCTCC               CCGAG AGTC CTCAG                TGAAAGGATTCCGCG
 1.2      18 ..      33   ATGGTCCCCGAGCTC              CCCGAG AGTC CTCAGT               GAAAGGATTCCGCGG
-1.1      17 ..      34   GATGGTCCCCGAGCT             CCCCGAG AGTC CTCAGTG              AAAGGATTCCGCGGC
  -2      16 ..      35   AGATGGTCCCCGAGC            TCCCCGAG AGTC CTCAGTGA             AAGGATTCCGCGGCA
 1.5      15 ..      36   xAGATGGTCCCCGAG           CTCCCCGAG AGTC CTCAGTGAA            AGGATTCCGCGGCAC
 4.8      27 ..      37   GAGCTCCCCGAGAGT                 CCTC AGT GAAA                 GGATTCCGCGGCACT
 1.8      28 ..      38   AGCTCCCCGAGAGTC                 CT CAGTGAA AG                 GATTCCGCGGCACTG
-0.5      27 ..      39   GAGCTCCCCGAGAGT                CCT CAGTGAA AGG                ATTCCGCGGCACTGC
-1.4      26 ..      40   CGAGCTCCCCGAGAG               TCCT CAGTGAA AGGA               TTCCGCGGCACTGCC
-0.1      25 ..      41   CCGAGCTCCCCGAGA              GTCCT CAGTGAA AGGAT              TCCGCGGCACTGCCT
  -1      24 ..      42   CCCGAGCTCCCCGAG             AGTCCT CAGTGAA AGGATT             CCGCGGCACTGCCTC
-3.3      23 ..      43   CCCCGAGCTCCCCGA            GAGTCCT CAGTGAA AGGATTC            CGCGGCACTGCCTCT
 0.2      22 ..      44   TCCCCGAGCTCCCCG           AGAGTCCT CAGTGAA AGGATTCC           GCGGCACTGCCTCTA
-1.9      20 ..      45   GGTCCCCGAGCTCCC         CGAGAGTCCT CAGTGAA AGGATTC-CG         CGGCACTGCCTCTAT
-0.6      32 ..      46   CCCCGAGAGTCCTCA               GTGAAA GGA TTCCGC               GGCACTGCCTCTATT
-0.7      18 ..      47   ATGGTCCCCGAGCTC       CCCGAGAGTCCT CAGTGAA AGGATTC-CGCG       GCACTGCCTCTATTA
  -3      17 ..      48   GATGGTCCCCGAGCT      CCCCGAGAGTCCT CAGTGAA AGGATTC-CGCGG      CACTGCCTCTATTAT
 0.5      16 ..      49   AGATGGTCCCCGAGC     TCCCCGAGAGTCCT CAGTGAA AGGATTC-CGCGGC     ACTGCCTCTATTATT
 2.1      16 ..      50   AGATGGTCCCCGAGC    T-CCCCGAGAGTCCT CAGTGAA AGGATTC-CGCGGCA    CTGCCTCTATTATTA
 1.7      14 ..      51   xxAGATGGTCCCCGA   GCTCCCCGAGAGTCCT CAGTGAA AGGATTC-CGCGGCAC   TGCCTCTATTATTAT
 0.8      13 ..      52   xxxAGATGGTCCCCG  AGCTCCCCGAGAGTCCT CAGTGAA AGGATTC-CGCGGCACT  GCCTCTATTATTATA
 1.9      43 ..      53   CTCAGTGAAAGGATT                 CCG CGGCA CTG                 CCTCTATTATTATAC
 4.5      12 ..      54   xxxxAGATGGTCCCC G-AGCTCCCCGAGAGTCCT CAGTGAA AGGATTC-CGCGGCACTGC CTCTATTATTATACC
 2.2      44 ..      55   TCAGTGAAAGGATTC                CGCG GCAC TGCC                 TCTATTATTATACCG
-2.4      46 ..      56   AGTGAAAGGATTCCG                 CGGC ACT GCCT                 CTATTATTATACCGT
-4.7      45 ..      57   CAGTGAAAGGATTCC                GCGGC ACT GCCTC                TATTATTATACCGTA
-1.2      44 ..      58   TCAGTGAAAGGATTC               CGCGGC ACT GCCTCT               ATTATTATACCGTAA
 2.3      43 ..      59   CTCAGTGAAAGGATT              CCGCGGC ACT GCCTCTA              TTATTATACCGTAAA
 4.8      50 ..      60   AAAGGATTCCGCGGC                 ACTG CCT CTAT                 TATTATACCGTAAAT
   5      50 ..      61   AAAGGATTCCGCGGC                ACTG CCTC TATT                 ATTATACCGTAAATC
 5.4      52 ..      62   AGGATTCCGCGGCAC                 TG CCTCTAT TA                 TTATACCGTAAATCT
 8.3      53 ..      63   GGATTCCGCGGCACT                 G CCTCTATTA T                 TATACCGTAAATCTT
   8      50 ..      64   AAAGGATTCCGCGGC               ACTG CCTCTAT TATT               ATACCGTAAATCTTT
 8.4      52 ..      65   AGGATTCCGCGGCAC               TG CCTCTATTAT TA                TACCGTAAATCTTTT
 8.6      55 ..      66   ATTCCGCGGCACTGC                CT CTATTATT AT                 ACCGTAAATCTTTTT
 2.8      56 ..      67   TTCCGCGGCACTGCC                TCTA TTAT TATA                 CCGTAAATCTTTTTA
 2.8      57 ..      68   TCCGCGGCACTGCCT                CTAT TATT ATAC                 CGTAAATCTTTTTAA
 6.2      59 ..      69   CGCGGCACTGCCTCT                 ATTA TTA TACC                 GTAAATCTTTTTAAA
   4      55 ..      70   ATTCCGCGGCACTGC              CTCTAT TATT ATACCG               TAAATCTTTTTAAAT
 7.4      59 ..      71   CGCGGCACTGCCTCT                AT TATTATACC GT                AAATCTTTTTAAATT
 3.5      61 ..      72   CGGCACTGCCTCTAT                TAT TATACC GTA                 AATCTTTTTAAATTC
-0.4      63 ..      73   GCACTGCCTCTATTA                 TTAT ACC GTAA                 ATCTTTTTAAATTCT
 1.8      64 ..      74   CACTGCCTCTATTAT                 TATA CCG TAAA                 TCTTTTTAAATTCTG
 2.5      62 ..      75   GGCACTGCCTCTATT               ATTATA CCG TA-AAT               CTTTTTAAATTCTGG
   6      61 ..      76   CGGCACTGCCTCTAT              TATTATA CCG TA-AATC              TTTTTAAATTCTGGA
 6.1      67 ..      77   TGCCTCTATTATTAT                 A CCGTAAATC T                 TTTTAAATTCTGGAA
 7.1      67 ..      78   TGCCTCTATTATTAT                A CCGTAAATCT T                 TTTAAATTCTGGAAC
 6.8      67 ..      79   TGCCTCTATTATTAT                ACCG TAAAT CTTT                TTAAATTCTGGAACT
   4      70 ..      80   CTCTATTATTATACC                 GTAA ATC TTTT                 TAAATTCTGGAACTA
 1.8      71 ..      81   TCTATTATTATACCG                 TAAA TCT TTTT                 AAATTCTGGAACTAA
-1.6      71 ..      82   TCTATTATTATACCG                TAAA TCTT TTTA                 AATTCTGGAACTAAT
 1.9      70 ..      83   CTCTATTATTATACC               GTAAA TCTT TTTAA                ATTCTGGAACTAATT
 5.4      69 ..      84   CCTCTATTATTATAC              CGTAAA TCTT TTTAAA               TTCTGGAACTAATTA
 2.8      74 ..      85   ATTATTATACCGTAA                ATCT TTTT AAAT                 TCTGGAACTAATTAT
 1.9      73 ..      86   TATTATTATACCGTA               AATCT TTTT AAATT                CTGGAACTAATTATA
 5.4      72 ..      87   CTATTATTATACCGT              AAATCT TTTT AAATTC               TGGAACTAATTATAT
   7      72 ..      88   CTATTATTATACCGT             A-AATCT TTTT AAATTCT              GGAACTAATTATATA
 7.7      76 ..      89   TATTATACCGTAAAT               C TTTTTAAATTCT G                GAACTAATTATATAG
 4.7      80 ..      90   ATACCGTAAATCTTT                 TTA AATTC TGG                 AACTAATTATATAGA
 3.8      79 ..      91   TATACCGTAAATCTT                TTTA AATTC TGGA                ACTAATTATATAGAG
 2.9      78 ..      92   TTATACCGTAAATCT               TTTTA AATTC TGGAA               CTAATTATATAGAGG
 6.4      77 ..      93   ATTATACCGTAAATC              TTTTTA AATTC TGGAAC              TAATTATATAGAGGA
 2.8      83 ..      94   CCGTAAATCTTTTTA                AATT CTGG AACT                 AATTATATAGAGGAT
 6.1      85 ..      95   GTAAATCTTTTTAAA                 T TCTGGAACT A                 ATTATATAGAGGATA
 4.2      85 ..      96   GTAAATCTTTTTAAA                TT CTGGAACT AA                 TTATATAGAGGATAT
 3.3      84 ..      97   CGTAAATCTTTTTAA               ATT CTGGAACT AAT                TATATAGAGGATATG
 2.4      83 ..      98   CCGTAAATCTTTTTA              AATT CTGGAACT AATT               ATATAGAGGATATGT
 5.7      88 ..      99   AATCTTTTTAAATTC                TGG AACTAA TTA                 TATAGAGGATATGTC
   5      89 ..     100   ATCTTTTTAAATTCT                GGAA CTAA TTAT                 ATAGAGGATATGTCT
 4.1      88 ..     101   AATCTTTTTAAATTC               TGGAA CTAA TTATA                TAGAGGATATGTCTC
 5.3      92 ..     102   TTTTTAAATTCTGGA                ACTA ATTA TA-T                 AGAGGATATGTCTCA
 6.7      86 ..     103   TAAATCTTTTTAAAT             TCTGGAA CTAA TTATATA              GAGGATATGTCTCAA
-0.1      93 ..     104   TTTTAAATTCTGGAA                CTA ATTATA TAG                 AGGATATGTCTCAAT
 3.4      92 ..     105   TTTTTAAATTCTGGA               ACTA ATTATA TAGA                GGATATGTCTCAATT
 4.8      93 ..     106   TTTTAAATTCTGGAA               CT AATTATATAG AG                GATATGTCTCAATTT
 7.6      97 ..     107   AAATTCTGGAACTAA                 TT ATATAGA GG                 ATATGTCTCAATTTG
   5      97 ..     108   AAATTCTGGAACTAA                TTAT ATAG AGGA                 TATGTCTCAATTTGT
 3.2      99 ..     109   ATTCTGGAACTAATT                 AT ATAGAGG AT                 ATGTCTCAATTTGTT
 0.3     100 ..     110   TTCTGGAACTAATTA                 TAT AGAGG ATA                 TGTCTCAATTTGTTC
-0.6      99 ..     111   ATTCTGGAACTAATT                ATAT AGAGG ATAT                GTCTCAATTTGTTCT
 0.7      98 ..     112   AATTCTGGAACTAAT               TATAT AGAGG ATATG               TCTCAATTTGTTCTG
 0.7      99 ..     113   ATTCTGGAACTAATT               ATATA GAGGA TATGT               CTCAATTTGTTCTGC
 1.8     104 ..     114   GGAACTAATTATATA                 GA GGATATG TC                 TCAATTTGTTCTGCA
 0.9     103 ..     115   TGGAACTAATTATAT                AGA GGATATG TCT                CAATTTGTTCTGCAT
-1.2     104 ..     116   GGAACTAATTATATA                GAGG ATATG TCTC                AATTTGTTCTGCATT
 2.3     103 ..     117   TGGAACTAATTATAT               AGAGG ATATG TCTCA               ATTTGTTCTGCATTA
 1.4     102 ..     118   CTGGAACTAATTATA              TAGAGG ATATG TCTCAA              TTTGTTCTGCATTAA
 0.5     101 ..     119   TCTGGAACTAATTAT             ATAGAGG ATATG TCTCAAT             TTGTTCTGCATTAAT
 3.3     107 ..     120   ACTAATTATATAGAG               GATATG TCT CA-ATT               TGTTCTGCATTAATG
 3.1      99 ..     121   ATTCTGGAACTAATT           ATATAGAGG ATATG TCTCAATTT           GTTCTGCATTAATGC
 4.4      98 ..     122   AATTCTGGAACTAAT          TATATAGAGG ATATG TCTCAATTTG          TTCTGCATTAATGCC
 5.4     108 ..     123   CTAATTATATAGAGG              ATATGT CTCA ATTTGT               TCTGCATTAATGCCA
 4.8     114 ..     124   ATATAGAGGATATGT                 CTCA ATT TGTT                 CTGCATTAATGCCAC
 4.4     106 ..     125   AACTAATTATATAGA            GGATATGT CTCA ATTTGTTC             TGCATTAATGCCACA
 3.5     105 ..     126   GAACTAATTATATAG           AGGATATGT CTCA ATTTGTTCT            GCATTAATGCCACAG
 2.8     116 ..     127   ATAGAGGATATGTCT                CA ATTTGTTC TG                 CATTAATGCCACAGT
 6.3     115 ..     128   TATAGAGGATATGTC               TCA ATTTGTTC TGC                ATTAATGCCACAGTG
 6.1     119 ..     129   GAGGATATGTCTCAA                 T TTGTTCTGC A                 TTAATGCCACAGTGG
 2.6     120 ..     130   AGGATATGTCTCAAT                 TTGT TCT GCAT                 TAATGCCACAGTGGG
 4.3     117 ..     131   TAGAGGATATGTCTC               AAT TTGTTCTGC ATT               AATGCCACAGTGGGG
   5     121 ..     132   GGATATGTCTCAATT                TGTT CTGC ATTA                 ATGCCACAGTGGGGA
 3.2     123 ..     133   ATATGTCTCAATTTG                 TT CTGCATT AA                 TGCCACAGTGGGGAT
 4.2     118 ..     134   AGAGGATATGTCTCA              ATTTGT TCTGC ATTAAT              GCCACAGTGGGGATG
 4.7     125 ..     135   ATGTCTCAATTTGTT                 C TGCATTAAT G                 CCACAGTGGGGATGG
 2.5     126 ..     136   TGTCTCAATTTGTTC                TGCA TTAA TGC-                 CACAGTGGGGATGGA
   0     126 ..     137   TGTCTCAATTTGTTC                TGCA TTAA TGCC                 ACAGTGGGGATGGAG
 1.6     126 ..     138   TGTCTCAATTTGTTC               T-GCA TTAA TGCCA                CAGTGGGGATGGAGG
 5.1     125 ..     139   ATGTCTCAATTTGTT              CT-GCA TTAA TGCCAC               AGTGGGGATGGAGGC
 4.2     124 ..     140   TATGTCTCAATTTGT             TCT-GCA TTAA TGCCACA              GTGGGGATGGAGGCC
 3.5     125 ..     141   ATGTCTCAATTTGTT              CTG CATTAATGCCA CAG              TGGGGATGGAGGCCA
 0.4     132 ..     142   AATTTGTTCTGCATT                 AATG CCA CAGT                 GGGGATGGAGGCCAG
 1.7     131 ..     143   CAATTTGTTCTGCAT                TAATG CCA CAGTG                GGGATGGAGGCCAGG
   3     130 ..     144   TCAATTTGTTCTGCA               TTAATG CCA CAGTGG               GGATGGAGGCCAGGC
  -1     135 ..     145   TTGTTCTGCATTAAT                 GCCA CAG TGGG                 GATGGAGGCCAGGCC
-2.4     136 ..     146   TGTTCTGCATTAATG                 CCAC AGT GGGG                 ATGGAGGCCAGGCCG
 1.1     135 ..     147   TTGTTCTGCATTAAT                GCCAC AGT GGGGA                TGGAGGCCAGGCCGT
 1.1     133 ..     148   ATTTGTTCTGCATTA              ATGCC ACAGTG GGGAT               GGAGGCCAGGCCGTG
 1.8     139 ..     149   TCTGCATTAATGCCA                 CA GTGGGGA TG                 GAGGCCAGGCCGTGG
 1.5     136 ..     150   TGTTCTGCATTAATG               CCA CAGTGGGGA TGG               AGGCCAGGCCGTGGC
   5     130 ..     151   TCAATTTGTTCTGCA           TTAATGCC ACAGTG GGGATGGA            GGCCAGGCCGTGGCC
 4.8     137 ..     152   GTTCTGCATTAATGC              CACAGT GGGG ATGGAG               GCCAGGCCGTGGCCA
 2.5     136 ..     153   TGTTCTGCATTAATG             CCACAGT GGGG ATGGAGG              CCAGGCCGTGGCCAG
 0.2     135 ..     154   TTGTTCTGCATTAAT            GCCACAGT GGGG ATGGAGGC             CAGGCCGTGGCCAGA
 0.4     145 ..     155   TTAATGCCACAGTGG                 GG ATGGAGG CC                 AGGCCGTGGCCAGAG
 1.5     142 ..     156   GCATTAATGCCACAG               TGG GGATGGAGG CCA               GGCCGTGGCCAGAGC
  -1     147 ..     157   AATGCCACAGTGGGG                 ATGG AGG CCAG                 GCCGTGGCCAGAGCA
 2.5     146 ..     158   TAATGCCACAGTGGG                GATGG AGG CCAGG                CCGTGGCCAGAGCAG
 0.2     145 ..     159   TTAATGCCACAGTGG               GGATGG AGG CCAGGC               CGTGGCCAGAGCAGA
-2.1     144 ..     160   ATTAATGCCACAGTG              GGGATGG AGG CCAGGCC              GTGGCCAGAGCAGAT
-2.4     151 ..     161   CCACAGTGGGGATGG                 AGGC CAG GCCG                 TGGCCAGAGCAGATA
-1.1     150 ..     162   GCCACAGTGGGGATG                GAGGC CAG GCCGT                GGCCAGAGCAGATAC
 2.4     149 ..     163   TGCCACAGTGGGGAT               GGAGGC CAG GCCGTG               GCCAGAGCAGATACG
-2.5     154 ..     164   CAGTGGGGATGGAGG                 CCA GGCCG TGG                 CCAGAGCAGATACGT
-4.8     153 ..     165   ACAGTGGGGATGGAG                GCCA GGCCG TGGC                CAGAGCAGATACGTA
-7.1     152 ..     166   CACAGTGGGGATGGA               GGCCA GGCCG TGGCC               AGAGCAGATACGTAG
-3.6     151 ..     167   CCACAGTGGGGATGG              AGGCCA GGCCG TGGCCA              GAGCAGATACGTAGG
-3.7     155 ..     168   AGTGGGGATGGAGGC               CAGGC CGTG GCCAG                AGCAGATACGTAGGC
-0.2     154 ..     169   CAGTGGGGATGGAGG              CCAGGC CGTG GCCAGA               GCAGATACGTAGGCC
-4.768e-08     154 ..     170   CAGTGGGGATGGAGG             C-CAGGC CGTG GCCAGAG              CAGATACGTAGGCCC
-2.3     153 ..     171   ACAGTGGGGATGGAG            GC-CAGGC CGTG GCCAGAGC             AGATACGTAGGCCCA
 1.2     152 ..     172   CACAGTGGGGATGGA           GGC-CAGGC CGTG GCCAGAGCA            GATACGTAGGCCCAT
 2.2     162 ..     173   ATGGAGGCCAGGCCG                TGGC CAGA GCAG                 ATACGTAGGCCCATG
 5.7     161 ..     174   GATGGAGGCCAGGCC               GTGGC CAGA GCAGA                TACGTAGGCCCATGA
 6.5     164 ..     175   GGAGGCCAGGCCGTG                GCC AGAGCA GAT                 ACGTAGGCCCATGAA
 6.6     162 ..     176   ATGGAGGCCAGGCCG               TGGC CAGAGCA GATA               CGTAGGCCCATGAAA
 4.3     161 ..     177   GATGGAGGCCAGGCC              GTGGC CAGAGCA GATAC              GTAGGCCCATGAAAT
   2     160 ..     178   GGATGGAGGCCAGGC             CGTGGC CAGAGCA GATACG             TAGGCCCATGAAATT
 5.5     159 ..     179   GGGATGGAGGCCAGG            CCGTGGC CAGAGCA GATACGT            AGGCCCATGAAATTG
 6.5     169 ..     180   CCAGGCCGTGGCCAG                AGC AGATAC GTA                 GGCCCATGAAATTGA
 4.7     171 ..     181   AGGCCGTGGCCAGAG                 C AGATACGTA G                 GCCCATGAAATTGAT
 5.4     165 ..     182   GAGGCCAGGCCGTGG             CCAGAG CAGATA CGTAGG              CCCATGAAATTGATG
 3.1     164 ..     183   GGAGGCCAGGCCGTG            GCCAGAG CAGATA CGTAGGC             CCATGAAATTGATGA
 0.8     163 ..     184   TGGAGGCCAGGCCGT           GGCCAGAG CAGATA CGTAGGCC            CATGAAATTGATGAA
 4.3     162 ..     185   ATGGAGGCCAGGCCG          TGGCCAGAG CAGATA CGTAGGCCC           ATGAAATTGATGAAC
 5.8     175 ..     186   CGTGGCCAGAGCAGA                TACG TAGG CCCA                 TGAAATTGATGAACT
 4.3     176 ..     187   GTGGCCAGAGCAGAT                ACG TAGGCC CAT                 GAAATTGATGAACTG
 2.1     177 ..     188   TGGCCAGAGCAGATA                CGT AGGCCC ATG                 AAATTGATGAACTGA
 5.6     176 ..     189   GTGGCCAGAGCAGAT               ACGT AGGCCC ATGA                AATTGATGAACTGAG
 4.7     175 ..     190   CGTGGCCAGAGCAGA              TACGT AGGCCC ATGAA               ATTGATGAACTGAGA
 8.1     179 ..     191   GCCAGAGCAGATACG                T AGGCCCATGAA A                TTGATGAACTGAGAG
 8.1     180 ..     192   CCAGAGCAGATACGT                A GGCCCATGAAA T                TGATGAACTGAGAGT
 8.4     180 ..     193   CCAGAGCAGATACGT               AG GCCCATGAAA TT                GATGAACTGAGAGTT
 0.4     184 ..     194   AGCAGATACGTAGGC                 CCAT GAA ATTG                 ATGAACTGAGAGTTG
 3.9     183 ..     195   GAGCAGATACGTAGG                CCCAT GAA ATTGA                TGAACTGAGAGTTGC
 1.8     186 ..     196   CAGATACGTAGGCCC                 ATGA AAT TGAT                 GAACTGAGAGTTGCT
-0.5     185 ..     197   GCAGATACGTAGGCC                CATGA AAT TGATG                AACTGAGAGTTGCTT
   3     184 ..     198   AGCAGATACGTAGGC               CCATGA AAT TGATGA               ACTGAGAGTTGCTTC
 6.5     183 ..     199   GAGCAGATACGTAGG              CCCATGA AAT TGATGAA              CTGAGAGTTGCTTCC
 4.2     182 ..     200   AGAGCAGATACGTAG             GCCCATGA AAT TGATGAAC             TGAGAGTTGCTTCCA
 2.8     190 ..     201   TACGTAGGCCCATGA                AATT GATG AACT                 GAGAGTTGCTTCCAG
 5.5     192 ..     202   CGTAGGCCCATGAAA                 TTG ATGAA CTG                 AGAGTTGCTTCCAGT
 4.7     193 ..     203   GTAGGCCCATGAAAT                 TGA TGAAC TGA                 GAGTTGCTTCCAGTC
   6     192 ..     204   CGTAGGCCCATGAAA                TTGA TGAAC TGAG                AGTTGCTTCCAGTCC
 8.1     193 ..     205   GTAGGCCCATGAAAT                T GATGAACTGAG A                GTTGCTTCCAGTCCT
 8.3     196 ..     206   GGCCCATGAAATTGA                 T GAACTGAGA G                 TTGCTTCCAGTCCTG
   7     197 ..     207   GCCCATGAAATTGAT                 GAAC TGA GAGT                 TGCTTCCAGTCCTGA
  -4     198 ..     208   CCCATGAAATTGATG                 AACT GAG AGTT                 GCTTCCAGTCCTGAG
-0.5     197 ..     209   GCCCATGAAATTGAT                GAACT GAG AGTTG                CTTCCAGTCCTGAGC
-0.3     197 ..     210   GCCCATGAAATTGAT               G-AACT GAG AGTTGC               TTCCAGTCCTGAGCG
 2.1     195 ..     211   AGGCCCATGAAATTG              ATGAACT GAG AGTTGCT              TCCAGTCCTGAGCGC
 1.1     202 ..     212   TGAAATTGATGAACT                 GAG AGTTG CTT                 CCAGTCCTGAGCGCA
-4.768e-08     194 ..     213   TAGGCCCATGAAATT            GATG-AACT GAG AGTTGCTTC            CAGTCCTGAGCGCAC
 0.3     202 ..     214   TGAAATTGATGAACT                GAGAG TTG CTTCC                AGTCCTGAGCGCACC
-0.6     201 ..     215   ATGAAATTGATGAAC               TGAGAG TTG CTTCCA               GTCCTGAGCGCACCA
-2.9     200 ..     216   CATGAAATTGATGAA              CTGAGAG TTG CTTCCAG              TCCTGAGCGCACCAT
-3.8     199 ..     217   CCATGAAATTGATGA             ACTGAGAG TTG CTTCCAGT             CCTGAGCGCACCATC
-0.3     198 ..     218   CCCATGAAATTGATG            AACTGAGAG TTG CTTCCAGTC            CTGAGCGCACCATCT
-2.6     197 ..     219   GCCCATGAAATTGAT           GAACTGAGAG TTG CTTCCAGTCC           TGAGCGCACCATCTG
 0.9     196 ..     220   GGCCCATGAAATTGA          TGAACTGAGAG TTG CTTCCAGTCCT          GAGCGCACCATCTGG
 4.4     195 ..     221   AGGCCCATGAAATTG         ATGAACTGAGAG TTG CTTCCAGTCCTG         AGCGCACCATCTGGA
 1.8     212 ..     222   GAACTGAGAGTTGCT                 TC CAGTCCT GA                 GCGCACCATCTGGAA
   2     200 ..     223   CATGAAATTGATGAA          CTGAGAGTTG CTTC CAGTCCTGAG           CGCACCATCTGGAAT
 1.8     209 ..     224   GATGAACTGAGAGTT              GCTT CCAGTCCT GAGC               GCACCATCTGGAATT
 3.1     208 ..     225   TGATGAACTGAGAGT             TGCTT CCAGTCCT GAGCG              CACCATCTGGAATTC
 1.2     216 ..     226   TGAGAGTTGCTTCCA                 GTCC TGA GCGC                 ACCATCTGGAATTCC
 1.6     208 ..     227   TGATGAACTGAGAGT            TGCTTCCA GTCC TGAGCGCA             CCATCTGGAATTCCA
   1     216 ..     228   TGAGAGTTGCTTCCA                GTCC TGAGC GCAC                CATCTGGAATTCCAG
 2.8     206 ..     229   ATTGATGAACTGAGA          GTTGCTTCCA GTCC TGAGCGCACC           ATCTGGAATTCCAGT
 1.8     220 ..     230   AGTTGCTTCCAGTCC                 TG AGCGCAC CA                 TCTGGAATTCCAGTC
 5.3     219 ..     231   GAGTTGCTTCCAGTC                CTG AGCGCAC CAT                CTGGAATTCCAGTCT
 2.8     221 ..     232   GTTGCTTCCAGTCCT                GA GCGCACCA TC                 TGGAATTCCAGTCTG
 2.8     222 ..     233   TTGCTTCCAGTCCTG                AG CGCACCAT CT                 GGAATTCCAGTCTGA
 2.6     224 ..     234   GCTTCCAGTCCTGAG                 CGCA CCA TCTG                 GAATTCCAGTCTGAG
 1.7     218 ..     235   AGAGTTGCTTCCAGT             CCTGA GCGCACCA TCTGG              AATTCCAGTCTGAGG
 0.8     217 ..     236   GAGAGTTGCTTCCAG            TCCTGA GCGCACCA TCTGGA             ATTCCAGTCTGAGGT
 1.3     211 ..     237   TGAACTGAGAGTTGC        TTCCAG-TCCTG AGCG CACCATCTGGAA         TTCCAGTCTGAGGTT
 3.4     215 ..     238   CTGAGAGTTGCTTCC          AGTCCTGA GCGCACCA TCTGGAAT           TCCAGTCTGAGGTTA
 4.7     229 ..     239   CAGTCCTGAGCGCAC                 CAT CTGGA ATT                 CCAGTCTGAGGTTAC
 6.9     223 ..     240   TGCTTCCAGTCCTGA             GCGCACC ATCT GGAATTC              CAGTCTGAGGTTACA
None     231 ..     241   GTCCTGAGCGCACCA                  TCTGGAATTCC                  AGTCTGAGGTTACAA
 2.5     232 ..     242   TCCTGAGCGCACCAT                CTGG AATT CCA-                 GTCTGAGGTTACAAT
-5.8     232 ..     243   TCCTGAGCGCACCAT                CTGG AATT CCAG                 TCTGAGGTTACAATT
-2.3     231 ..     244   GTCCTGAGCGCACCA               TCTGG AATT CCAGT                CTGAGGTTACAATTA
 0.4     235 ..     245   TGAGCGCACCATCTG                 GAAT TCC AGTC                 TGAGGTTACAATTAG
 1.7     234 ..     246   CTGAGCGCACCATCT                GGAAT TCC AGTCT                GAGGTTACAATTAGA
 0.5     229 ..     247   CAGTCCTGAGCGCAC            CA-TCTGG AATT CCAGTCTG             AGGTTACAATTAGAA
   4     228 ..     248   CCAGTCCTGAGCGCA           CCA-TCTGG AATT CCAGTCTGA            GGTTACAATTAGAAC
 2.1     238 ..     249   GCGCACCATCTGGAA                TTC CAGTCT GAG                 GTTACAATTAGAACT
 0.4     240 ..     250   GCACCATCTGGAATT                 CC AGTCTGA GG                 TTACAATTAGAACTC
   3     237 ..     251   AGCGCACCATCTGGA               ATTCCA GTC TGAGGT               TACAATTAGAACTCC
 0.4     242 ..     252   ACCATCTGGAATTCC                 AGTC TGA GGTT                 ACAATTAGAACTCCT
 3.9     241 ..     253   CACCATCTGGAATTC                CAGTC TGA GGTTA                CAATTAGAACTCCTG
 2.8     243 ..     254   CCATCTGGAATTCCA                GT CTGAGGTT AC                 AATTAGAACTCCTGA
 2.4     233 ..     255   CCTGAGCGCACCATC           TGGAATTCCA GTC TGAGGTTACA           ATTAGAACTCCTGAC
 4.3     245 ..     256   ATCTGGAATTCCAGT                CTG AGGTTA CAA                 TTAGAACTCCTGACC
 4.7     237 ..     257   AGCGCACCATCTGGA            ATTCCAGTC TGA GGTTACAAT            TAGAACTCCTGACCC
 3.8     236 ..     258   GAGCGCACCATCTGG           AATTCCAGTC TGA GGTTACAATT           AGAACTCCTGACCCC
 5.5     246 ..     259   TCTGGAATTCCAGTC               TGA GGTTACAA TTA                GAACTCCTGACCCCA
 3.2     245 ..     260   ATCTGGAATTCCAGT              CTGA GGTTACAA TTAG               AACTCCTGACCCCAG
 2.3     244 ..     261   CATCTGGAATTCCAG             TCTGA GGTTACAA TTAGA              ACTCCTGACCCCAGA
 3.3     252 ..     262   ATTCCAGTCTGAGGT                 TAC AATTA GAA                 CTCCTGACCCCAGAT
 1.9     250 ..     263   GAATTCCAGTCTGAG               GTT ACAATTAG AAC                TCCTGACCCCAGATT
 3.2     249 ..     264   GGAATTCCAGTCTGA              GGTT ACAATTAG AACT               CCTGACCCCAGATTC
 3.3     247 ..     265   CTGGAATTCCAGTCT            GAGGT-TA CAAT TAGAACTC             CTGACCCCAGATTCA
 3.7     234 ..     266   CTGAGCGCACCATCT     GGAATTCCAGTCTG AGGTTA CA-ATTAGAACTCC      TGACCCCAGATTCAA
 7.1     256 ..     267   CAGTCTGAGGTTACA                A TTAGAACTCC T                 GACCCCAGATTCAAC
 1.1     258 ..     268   GTCTGAGGTTACAAT                 TAG AACTC CTG                 ACCCCAGATTCAACT
 0.2     257 ..     269   AGTCTGAGGTTACAA                TTAG AACTC CTGA                CCCCAGATTCAACTT
 2.4     243 ..     270   CCATCTGGAATTCCA        GTCTGAGGTT ACAATTAG AACTCCTGAC         CCCAGATTCAACTTT
 4.4     260 ..     271   CTGAGGTTACAATTA                GAAC TCCT GACC                 CCAGATTCAACTTTG
 6.7     260 ..     272   CTGAGGTTACAATTA                G AACTCCTGACC C                CAGATTCAACTTTGC
 5.8     247 ..     273   CTGGAATTCCAGTCT         GAGGTTACAATT AGA ACTCCTGACCCC         AGATTCAACTTTGCA
 4.9     246 ..     274   TCTGGAATTCCAGTC        TGAGGTTACAATT AGA ACTCCTGACCCCA        GATTCAACTTTGCAA
 2.5     265 ..     275   GTTACAATTAGAACT                CCTG ACCC CAG-                 ATTCAACTTTGCAAA
   0     265 ..     276   GTTACAATTAGAACT                CCTG ACCC CAGA                 TTCAACTTTGCAAAC
   3     243 ..     277   CCATCTGGAATTCCA     GTCTGAGGTTACAATT AGA ACTCCTGACCCCAGAT     TCAACTTTGCAAACA
 2.1     242 ..     278   ACCATCTGGAATTCC    AGTCTGAGGTTACAATT AGA ACTCCTGACCCCAGATT    CAACTTTGCAAACAA
 2.8     268 ..     279   ACAATTAGAACTCCT                GA CCCCAGAT TC                 AACTTTGCAAACAAC
 1.9     267 ..     280   TACAATTAGAACTCC               TGA CCCCAGAT TCA                ACTTTGCAAACAACx
 5.4     266 ..     281   TTACAATTAGAACTC              CTGA CCCCAGAT TCAA               CTTTGCAAACAACxx
 8.7     268 ..     282   ACAATTAGAACTCCT               G ACCCCAGATTCAA C               TTTGCAAACAACxxx
 6.8     273 ..     283   TAGAACTCCTGACCC                CAG ATTCAA CT-                 TTGCAAACAACxxxx
   4     274 ..     284   AGAACTCCTGACCCC                 AGAT TCA ACTT                 TGCAAACAACxxxxx
 3.5     274 ..     285   AGAACTCCTGACCCC                AGA TTCAAC TTT                 GCAAACAACxxxxxx
 1.2     273 ..     286   TAGAACTCCTGACCC               CAGA TTCAAC TTTG                CAAACAACxxxxxxx
 4.7     272 ..     287   TTAGAACTCCTGACC              CCAGA TTCAAC TTTGC               AAACAACxxxxxxxx
 1.4     277 ..     288   ACTCCTGACCCCAGA                TTCA ACTT TGCA                 AACAACxxxxxxxxx
   3     277 ..     289   ACTCCTGACCCCAGA               TT-CA ACTT TGCAA                ACAACxxxxxxxxxx
 6.2     277 ..     290   ACTCCTGACCCCAGA               TT CAACTTTGCA AA                CAACxxxxxxxxxxx
 4.2     275 ..     291   GAACTCCTGACCCCA             GATT-CA ACTT TGCAAAC              AACxxxxxxxxxxxx
 6.2     282 ..     292   TGACCCCAGATTCAA                 CTTT GCA AACA                 ACxxxxxxxxxxxxx
 3.2     283 ..     293   GACCCCAGATTCAAC                 TT TGCAAAC AA                 Cxxxxxxxxxxxxxx
