>EU086094.1:497-529 Ellobius lutescens X-inactive specific transcript (Xist) gene, partial sequence FORWARD
 5.5       1 ..      11   xxxxxxxxxxxxxxx                 TGG TCCAT CGG                 GACCTCGGATACCTG
None       2 ..      12   xxxxxxxxxxxxxxT                  GGTCCATCGGG                  ACCTCGGATACCTGC
 1.2       3 ..      13   xxxxxxxxxxxxxTG                 GTCC ATC GGGA                 CCTCGGATACCTGCG
-5.8       3 ..      14   xxxxxxxxxxxxxTG                GTCC ATCG GGAC                 CTCGGATACCTGCGT
-8.1       2 ..      15   xxxxxxxxxxxxxxT               GGTCC ATCG GGACC                TCGGATACCTGCGTT
-4.6       1 ..      16   xxxxxxxxxxxxxxx              TGGTCC ATCG GGACCT               CGGATACCTGCGTTT
 1.4       1 ..      17   xxxxxxxxxxxxxxx             -TGGTCC ATCG GGACCTC              GGATACCTGCGTTTA
 4.7       8 ..      18   xxxxxxxxTGGTCCA                TCGG GACC TCG-                 GATACCTGCGTTTAG
-7.153e-08       8 ..      19   xxxxxxxxTGGTCCA                TCGG GACC TCGG                 ATACCTGCGTTTAGx
 0.3       8 ..      20   xxxxxxxxTGGTCCA                TCGGG ACC TCGGA                TACCTGCGTTTAGxx
-0.6       7 ..      21   xxxxxxxxxTGGTCC               ATCGGG ACC TCGGAT               ACCTGCGTTTAGxxx
 2.9       6 ..      22   xxxxxxxxxxTGGTC              CATCGGG ACC TCGGATA              CCTGCGTTTAGxxxx
 2.5      11 ..      23   xxxxxTGGTCCATCG                GGACC TCG GATAC                CTGCGTTTAGxxxxx
 0.2      10 ..      24   xxxxxxTGGTCCATC               GGGACC TCG GATACC               TGCGTTTAGxxxxxx
 3.7       9 ..      25   xxxxxxxTGGTCCAT              CGGGACC TCG GATACCT              GCGTTTAGxxxxxxx
 1.2      16 ..      26   TGGTCCATCGGGACC                 TCGG ATA CCTG                 CGTTTAGxxxxxxxx
 2.2      16 ..      27   TGGTCCATCGGGACC                TCGG ATAC CTGC                 GTTTAGxxxxxxxxx
-0.1      15 ..      28   xTGGTCCATCGGGAC               CTCGG ATAC CTGCG                TTTAGxxxxxxxxxx
 1.5      13 ..      29   xxxTGGTCCATCGGG              ACCTCGG ATA CCTGCGT              TTAGxxxxxxxxxxx
 2.5      13 ..      30   xxxTGGTCCATCGGG             ACCTCGG ATAC CTGCGTT              TAGxxxxxxxxxxxx
 1.4      20 ..      31   CCATCGGGACCTCGG                ATAC CTGC GTTT                 AGxxxxxxxxxxxxx
 4.2      21 ..      32   CATCGGGACCTCGGA                TA CCTGCGTT TA                 Gxxxxxxxxxxxxxx
