>QDKP01000049.1:c139304-139252 Caulobacter radicis strain 736 NODE_2_length_360001_cov_61.4423, whole genome shotgun sequence FORWARD
 4.7       1 ..      11   xxxxxxxxxxxxxxx                 G GGTGGTCAG C                 CGTGTTGGTTGATCA
-0.3       2 ..      12   xxxxxxxxxxxxxxG                 GGT GGTCA GCC                 GTGTTGGTTGATCAG
 3.2       1 ..      13   xxxxxxxxxxxxxxx                GGGT GGTCA GCCG                TGTTGGTTGATCAGG
4.768e-08       3 ..      14   xxxxxxxxxxxxxGG                GTGG TCAG CCGT                 GTTGGTTGATCAGGG
 3.5       2 ..      15   xxxxxxxxxxxxxxG               GGTGG TCAG CCGTG                TTGGTTGATCAGGGT
 4.8       1 ..      16   xxxxxxxxxxxxxxx              GGGTGG TCAG CCGTGT               TGGTTGATCAGGGTT
 3.6       6 ..      17   xxxxxxxxxxGGGTG                GTCA GCCG TGTT                 GGTTGATCAGGGTTT
-3.2       8 ..      18   xxxxxxxxGGGTGGT                 CAGC CGT GTTG                 GTTGATCAGGGTTTA
-1.9       7 ..      19   xxxxxxxxxGGGTGG                TCAGC CGT GTTGG                TTGATCAGGGTTTAC
  -1      10 ..      20   xxxxxxGGGTGGTCA                 GCCG TGT TGGT                 TGATCAGGGTTTACG
-1.9       9 ..      21   xxxxxxxGGGTGGTC                AGCCG TGT TGGTT                GATCAGGGTTTACGT
-4.2       8 ..      22   xxxxxxxxGGGTGGT               CAGCCG TGT TGGTTG               ATCAGGGTTTACGTT
-5.1       7 ..      23   xxxxxxxxxGGGTGG              TCAGCCG TGT TGGTTGA              TCAGGGTTTACGTTG
-3.8       6 ..      24   xxxxxxxxxxGGGTG             GTCAGCCG TGT TGGTTGAT             CAGGGTTTACGTTGG
-6.1       5 ..      25   xxxxxxxxxxxGGGT            GGTCAGCCG TGT TGGTTGATC            AGGGTTTACGTTGGT
  -7       4 ..      26   xxxxxxxxxxxxGGG           TGGTCAGCCG TGT TGGTTGATCA           GGGTTTACGTTGGTC
-3.5       3 ..      27   xxxxxxxxxxxxxGG          GTGGTCAGCCG TGT TGGTTGATCAG          GGTTTACGTTGGTCG
   0       2 ..      28   xxxxxxxxxxxxxxG         GGTGGTCAGCCG TGT TGGTTGATCAGG         GTTTACGTTGGTCGG
 1.3      11 ..      29   xxxxxGGGTGGTCAG             CCGTGTT GGTTG ATCAGGG             TTTACGTTGGTCGGG
 2.6      10 ..      30   xxxxxxGGGTGGTCA            GCCGTGTT GGTTG ATCAGGGT            TTACGTTGGTCGGGC
 1.7       9 ..      31   xxxxxxxGGGTGGTC           AGCCGTGTT GGTTG ATCAGGGTT           TACGTTGGTCGGGCC
 2.6      22 ..      32   TCAGCCGTGTTGGTT                 GATC AGG GTTT                 ACGTTGGTCGGGCCG
 1.7      21 ..      33   GTCAGCCGTGTTGGT                TGATC AGG GTTTA                CGTTGGTCGGGCCGC
   2       6 ..      34   xxxxxxxxxxGGGTG        GTCAGCCGTGTT GGTTG ATCAGGGTTTAC        GTTGGTCGGGCCGCC
 4.7      25 ..      35   GCCGTGTTGGTTGAT                 C AGGGTTTAC G                 TTGGTCGGGCCGCCA
 3.3      26 ..      36   CCGTGTTGGTTGATC                 AGG GTTTA CGT                 TGGTCGGGCCGCCAG
 3.6      26 ..      37   CCGTGTTGGTTGATC                AGGG TTTA CGTT                 GGTCGGGCCGCCAGC
 1.3      25 ..      38   GCCGTGTTGGTTGAT               CAGGG TTTA CGTTG                GTCGGGCCGCCAGCG
 2.6      24 ..      39   AGCCGTGTTGGTTGA              TCAGGG TTTA CGTTGG               TCGGGCCGCCAGCGx
 1.7      23 ..      40   CAGCCGTGTTGGTTG             ATCAGGG TTTA CGTTGGT              CGGGCCGCCAGCGxx
-0.6      22 ..      41   TCAGCCGTGTTGGTT            GATCAGGG TTTA CGTTGGTC             GGGCCGCCAGCGxxx
 0.7      21 ..      42   GTCAGCCGTGTTGGT           TGATCAGGG TTTA CGTTGGTCG            GGCCGCCAGCGxxxx
 1.9      33 ..      43   GGTTGATCAGGGTTT                 ACG TTGGT CGG                 GCCGCCAGCGxxxxx
 3.2      32 ..      44   TGGTTGATCAGGGTT                TACG TTGGT CGGG                CCGCCAGCGxxxxxx
 3.2      18 ..      45   GTGGTCAGCCGTGTT        GGTTGATCAGGG TTTA CGTTGGTCGGGC         CGCCAGCGxxxxxxx
 3.4      18 ..      46   GTGGTCAGCCGTGTT       GG-TTGATCAGGG TTTA CGTTGGTCGGGCC        GCCAGCGxxxxxxxx
  -1      37 ..      47   GATCAGGGTTTACGT                 TGGT CGG GCCG                 CCAGCGxxxxxxxxx
 2.5      36 ..      48   TGATCAGGGTTTACG                TTGGT CGG GCCGC                CAGCGxxxxxxxxxx
-2.4      39 ..      49   TCAGGGTTTACGTTG                 GTCG GGC CGCC                 AGCGxxxxxxxxxxx
-3.1      37 ..      50   GATCAGGGTTTACGT               TGGTCG GGC CG-CCA               GCGxxxxxxxxxxxx
-2.4      41 ..      51   AGGGTTTACGTTGGT                 CGGG CCG CCAG                 CGxxxxxxxxxxxxx
-4.1      35 ..      52   TTGATCAGGGTTTAC             GTTGGTCG GGC CG-CCAGC             Gxxxxxxxxxxxxxx
