>RWKI01000001.1:c299815-299762 Variovorax sp. MHTC-1 1, whole genome shotgun sequence FORWARD
 6.1       1 ..      11   xxxxxxxxxxxxxxx                -G-GG TGT CCACA                CCGCTTTGGTGGGAC
1.907e-07       1 ..      12   xxxxxxxxxxxxxxx                GGGT GTCC ACAC                 CGCTTTGGTGGGACA
-5.8       2 ..      13   xxxxxxxxxxxxxxG                GGTG TCCA CACC                 GCTTTGGTGGGACAG
-2.3       1 ..      14   xxxxxxxxxxxxxxx               GGGTG TCCA CACCG                CTTTGGTGGGACAGG
-2.1       1 ..      15   xxxxxxxxxxxxxxx              G-GGTG TCCA CACCGC               TTTGGTGGGACAGGT
   3       2 ..      16   xxxxxxxxxxxxxxG               GGTG TCCACAC CGCT               TTGGTGGGACAGGTT
 4.3       1 ..      17   xxxxxxxxxxxxxxx              GGGTG TCCACAC CGCTT              TGGTGGGACAGGTTT
 7.6       8 ..      18   xxxxxxxxGGGTGTC                 CA CACCGCT TT                 GGTGGGACAGGTTTT
 1.4       8 ..      19   xxxxxxxxGGGTGTC                CACA CCGC TTTG                 GTGGGACAGGTTTTT
-0.9       7 ..      20   xxxxxxxxxGGGTGT               CCACA CCGC TTTGG                TGGGACAGGTTTTTG
-3.2      11 ..      21   xxxxxGGGTGTCCAC                 ACCG CTT TGGT                 GGGACAGGTTTTTGC
-5.5      10 ..      22   xxxxxxGGGTGTCCA                CACCG CTT TGGTG                GGACAGGTTTTTGCG
-3.6      12 ..      23   xxxxGGGTGTCCACA                CCGC TTTG GTGG                 GACAGGTTTTTGCGA
-4.3       8 ..      24   xxxxxxxxGGGTGTC              CACACCG CTT TGGTGGG              ACAGGTTTTTGCGAT
  -5       6 ..      25   xxxxxxxxxxGGGTG            TCCACACCG CTT TGGTG-GGA            CAGGTTTTTGCGATG
-7.3       5 ..      26   xxxxxxxxxxxGGGT           GTCCACACCG CTT TGGTG-GGAC           AGGTTTTTGCGATGG
-8.2       4 ..      27   xxxxxxxxxxxxGGG          TGTCCACACCG CTT TGGTG-GGACA          GGTTTTTGCGATGGT
-4.7       3 ..      28   xxxxxxxxxxxxxGG         GTGTCCACACCG CTT TGGTG-GGACAG         GTTTTTGCGATGGTC
-1.2       2 ..      29   xxxxxxxxxxxxxxG        GGTGTCCACACCG CTT TGGTG-GGACAGG        TTTTTGCGATGGTCG
 0.1       1 ..      30   xxxxxxxxxxxxxxx       GGGTGTCCACACCG CTT TGGTG-GGACAGGT       TTTTGCGATGGTCGG
 3.9       1 ..      31   xxxxxxxxxxxxxxx      GG-GTGTCCACACCG CTT TGGTG-GGACAGGTT      TTTGCGATGGTCGGG
 6.9      22 ..      32   CCACACCGCTTTGGT                 GGG ACAGG TTT                 TTGCGATGGTCGGGC
 4.7      23 ..      33   CACACCGCTTTGGTG                 GGA CAGGT TTT                 TGCGATGGTCGGGCC
   4      24 ..      34   ACACCGCTTTGGTGG                 GACA GGT TTTT                 GCGATGGTCGGGCCG
 6.1      25 ..      35   CACCGCTTTGGTGGG                ACAG GTTT TTG-                 CGATGGTCGGGCCGC
 3.6      25 ..      36   CACCGCTTTGGTGGG                ACAG GTTT TTGC                 GATGGTCGGGCCGCC
 5.7      26 ..      37   ACCGCTTTGGTGGGA                C AGGTTTTTGC G                 ATGGTCGGGCCGCCA
 7.5      21 ..      38   TCCACACCGCTTTGG             TGGGACA GGTT TTTGCGA              TGGTCGGGCCGCCAC
 4.7      29 ..      39   GCTTTGGTGGGACAG                 GTT TTTGC GAT                 GGTCGGGCCGCCACG
 5.8      26 ..      40   ACCGCTTTGGTGGGA               CA GGTTTTTGCGA TG               GTCGGGCCGCCACGx
 6.2      31 ..      41   TTTGGTGGGACAGGT                 TTTT GCG ATGG                 TCGGGCCGCCACGxx
 8.4      32 ..      42   TTGGTGGGACAGGTT                 TTTG CGA TGGT                 CGGGCCGCCACGxxx
 6.2      28 ..      43   CGCTTTGGTGGGACA              GGTTTT TGCG ATGGTC               GGGCCGCCACGxxxx
   4      34 ..      44   GGTGGGACAGGTTTT                 TG CGATGGT CG                 GGCCGCCACGxxxxx
  -1      35 ..      45   GTGGGACAGGTTTTT                 GCGA TGG TCGG                 GCCGCCACGxxxxxx
 0.3      34 ..      46   GGTGGGACAGGTTTT                TGCGA TGG TCGGG                CCGCCACGxxxxxxx
 2.4      35 ..      47   GTGGGACAGGTTTTT                GC GATGGTCGG GC                CGCCACGxxxxxxxx
 5.7      37 ..      48   GGGACAGGTTTTTGC                G ATGGTCGGGC C                 GCCACGxxxxxxxxx
  -1      39 ..      49   GACAGGTTTTTGCGA                 TGGT CGG GCCG                 CCACGxxxxxxxxxx
 1.1      35 ..      50   GTGGGACAGGTTTTT              GCG ATGGTCGGGC CGC               CACGxxxxxxxxxxx
-2.4      41 ..      51   CAGGTTTTTGCGATG                 GTCG GGC CGCC                 ACGxxxxxxxxxxxx
-3.1      39 ..      52   GACAGGTTTTTGCGA               TGGTCG GGC CG-CCA               CGxxxxxxxxxxxxx
 0.2      41 ..      53   CAGGTTTTTGCGATG               GTCGG GCCG CC-AC                Gxxxxxxxxxxxxxx
