>RKMB01000002.1:191613-191663 Ramlibacter sp. WS9 NODE_2_length_612727_cov_37.2678_ID_3073, whole genome shotgun sequence FORWARD
 4.8       1 ..      11   xxxxxxxxxxxxxxx                 GGGT GCC GCAT                 CCCTCGATGCGGCAG
-3.2       2 ..      12   xxxxxxxxxxxxxxG                 GGTG CCG CATC                 CCTCGATGCGGCAGG
-5.5       1 ..      13   xxxxxxxxxxxxxxx                GGGTG CCG CATCC                CTCGATGCGGCAGGT
-3.1       1 ..      14   xxxxxxxxxxxxxxx               GGG-TG CCG CATCCC               TCGATGCGGCAGGTT
 2.9       1 ..      15   xxxxxxxxxxxxxxx              -GGG-TG CCG CATCCCT              CGATGCGGCAGGTTC
 1.9       1 ..      16   xxxxxxxxxxxxxxx              GGGTG CCGCAT CCCTC               GATGCGGCAGGTTCA
 0.4       7 ..      17   xxxxxxxxxGGGTGC                 CG CATCCCT CG                 ATGCGGCAGGTTCAG
 3.9       6 ..      18   xxxxxxxxxxGGGTG                CCG CATCCCT CGA                TGCGGCAGGTTCAGC
 3.9       9 ..      19   xxxxxxxGGGTGCCG                CATC CCTC GAT-                 GCGGCAGGTTCAGCG
-4.4       9 ..      20   xxxxxxxGGGTGCCG                CATC CCTC GATG                 CGGCAGGTTCAGCGA
-6.7       8 ..      21   xxxxxxxxGGGTGCC               GCATC CCTC GATGC                GGCAGGTTCAGCGAC
  -9       7 ..      22   xxxxxxxxxGGGTGC              CGCATC CCTC GATGCG               GCAGGTTCAGCGACG
-11.3       6 ..      23   xxxxxxxxxxGGGTG             CCGCATC CCTC GATGCGG              CAGGTTCAGCGACGG
-13.6       5 ..      24   xxxxxxxxxxxGGGT            GCCGCATC CCTC GATGCGGC             AGGTTCAGCGACGGT
-14.5       4 ..      25   xxxxxxxxxxxxGGG           TGCCGCATC CCTC GATGCGGCA            GGTTCAGCGACGGTC
 -11       3 ..      26   xxxxxxxxxxxxxGG          GTGCCGCATC CCTC GATGCGGCAG           GTTCAGCGACGGTCG
-7.5       2 ..      27   xxxxxxxxxxxxxxG         GGTGCCGCATC CCTC GATGCGGCAGG          TTCAGCGACGGTCGG
-6.2       1 ..      28   xxxxxxxxxxxxxxx        GGGTGCCGCATC CCTC GATGCGGCAGGT         TCAGCGACGGTCGGG
-2.4       1 ..      29   xxxxxxxxxxxxxxx       GG-GTGCCGCATC CCTC GATGCGGCAGGTT        CAGCGACGGTCGGGC
-2.2       1 ..      30   xxxxxxxxxxxxxxx      GGG--TGCCGCATC CCTC GATGCGGCAGGTTC       AGCGACGGTCGGGCC
 3.8      19 ..      31   TGCCGCATCCCTCGA                TG CGGCAGGTT CA                GCGACGGTCGGGCCG
 2.9      21 ..      32   CCGCATCCCTCGATG                CGG CAGGTT CAG                 CGACGGTCGGGCCGC
-2.4      23 ..      33   GCATCCCTCGATGCG                 GCAG GTT CAGC                 GACGGTCGGGCCGCC
 1.1      22 ..      34   CGCATCCCTCGATGC                GGCAG GTT CAGCG                ACGGTCGGGCCGCCT
 1.8      15 ..      35   xGGGTGCCGCATCCC            TCGATG CGGCAGGTT CAGCGA            CGGTCGGGCCGCCTC
 2.3      20 ..      36   GCCGCATCCCTCGAT              GCGGCAG GTT CAGCGAC              GGTCGGGCCGCCTCG
 0.8      16 ..      37   GGGTGCCGCATCCCT           CGATGCGG CAGGTT CAGCGACG            GTCGGGCCGCCTCGx
 0.7      12 ..      38   xxxxGGGTGCCGCAT         CCCTCGATG CGGCAGGTT CAGCGACGG         TCGGGCCGCCTCGxx
 3.4      29 ..      39   CTCGATGCGGCAGGT                 TCAG CGA CGGT                 CGGGCCGCCTCGxxx
 4.2      27 ..      40   CCCTCGATGCGGCAG               GTTC AGCGAC GGTC                GGGCCGCCTCGxxxx
 2.2      30 ..      41   TCGATGCGGCAGGTT                CAGC GACG GTCG                 GGCCGCCTCGxxxxx
  -1      32 ..      42   GATGCGGCAGGTTCA                 GCGA CGG TCGG                 GCCGCCTCGxxxxxx
 2.5      31 ..      43   CGATGCGGCAGGTTC                AGCGA CGG TCGGG                CCGCCTCGxxxxxxx
 1.9      34 ..      44   TGCGGCAGGTTCAGC                 GAC GGTCG GGC                 CGCCTCGxxxxxxxx
 0.2      26 ..      45   TCCCTCGATGCGGCA            GGTTCAGC GACG GTCGGGCC             GCCTCGxxxxxxxxx
-4.6      36 ..      46   CGGCAGGTTCAGCGA                 CGGT CGG GCCG                 CCTCGxxxxxxxxxx
-1.7      32 ..      47   GATGCGGCAGGTTCA              GCGAC GGTCGG GCCGC               CTCGxxxxxxxxxxx
-3.4      34 ..      48   TGCGGCAGGTTCAGC               GACGGT CGG GCCGCC               TCGxxxxxxxxxxxx
-1.1      37 ..      49   GGCAGGTTCAGCGAC                GGTCG GGC CGCCT                CGxxxxxxxxxxxxx
-2.2      32 ..      50   GATGCGGCAGGTTCA             GCGACGGT CGG GCCGCCTC             Gxxxxxxxxxxxxxx
