>CP011125.1:c6712094-6712045 Sandaracinus amylolyticus strain DSM 53668, complete genome FORWARD
 4.7       1 ..      11   xxxxxxxxxxxxxxx                 G GGTGCGGTG C                 GCAGCACCGCAGGTC
 4.8       2 ..      12   xxxxxxxxxxxxxxG                 GGTG CGG TGCG                 CAGCACCGCAGGTCT
-4.6       3 ..      13   xxxxxxxxxxxxxGG                 GTGC GGT GCGC                 AGCACCGCAGGTCTC
-6.8       4 ..      14   xxxxxxxxxxxxGGG                 TGCG GTG CGCA                 GCACCGCAGGTCTCC
-3.3       3 ..      15   xxxxxxxxxxxxxGG                GTGCG GTG CGCAG                CACCGCAGGTCTCCC
-5.6       2 ..      16   xxxxxxxxxxxxxxG               GGTGCG GTG CGCAGC               ACCGCAGGTCTCCCG
-2.3       4 ..      17   xxxxxxxxxxxxGGG               TGCGG TGCG CAGCA                CCGCAGGTCTCCCGG
-6.8       8 ..      18   xxxxxxxxGGGTGCG                 GTGC GCA GCAC                 CGCAGGTCTCCCGGC
-9.1       7 ..      19   xxxxxxxxxGGGTGC                GGTGC GCA GCACC                GCAGGTCTCCCGGCT
-11.4       6 ..      20   xxxxxxxxxxGGGTG               CGGTGC GCA GCACCG               CAGGTCTCCCGGCTG
-13.7       5 ..      21   xxxxxxxxxxxGGGT              GCGGTGC GCA GCACCGC              AGGTCTCCCGGCTGG
-14.6       4 ..      22   xxxxxxxxxxxxGGG             TGCGGTGC GCA GCACCGCA             GGTCTCCCGGCTGGT
-11.1       3 ..      23   xxxxxxxxxxxxxGG            GTGCGGTGC GCA GCACCGCAG            GTCTCCCGGCTGGTC
-7.6       2 ..      24   xxxxxxxxxxxxxxG           GGTGCGGTGC GCA GCACCGCAGG           TCTCCCGGCTGGTCG
-6.3       1 ..      25   xxxxxxxxxxxxxxx          GGGTGCGGTGC GCA GCACCGCAGGT          CTCCCGGCTGGTCGG
-6.1       1 ..      26   xxxxxxxxxxxxxxx         GG-GTGCGGTGC GCA GCACCGCAGGTC         TCCCGGCTGGTCGGG
-2.3       1 ..      27   xxxxxxxxxxxxxxx        GGG--TGCGGTGC GCA GCACCGCAGGTCT        CCCGGCTGGTCGGGC
 0.1       1 ..      28   xxxxxxxxxxxxxxx       G-GG--TGCGGTGC GCA GCACCGCAGGTCTC       CCGGCTGGTCGGGCC
-0.5      12 ..      29   xxxxGGGTGCGGTGC             GCAGCACC GCA GGT-CTCC             CGGCTGGTCGGGCCG
   1       1 ..      30   xxxxxxxxxxxxxxx       GGGTGCGGTGCG CAGCAC CGCAGGTCTCCC        GGCTGGTCGGGCCGC
-2.4      21 ..      31   CGGTGCGCAGCACCG                 CAGG TCT CCCG                 GCTGGTCGGGCCGCC
-1.4      21 ..      32   CGGTGCGCAGCACCG                CAGG TCTC CCGG                 CTGGTCGGGCCGCCA
-3.7      20 ..      33   GCGGTGCGCAGCACC               GCAGG TCTC CCGGC                TGGTCGGGCCGCCAG
-0.2      19 ..      34   TGCGGTGCGCAGCAC              CGCAGG TCTC CCGGCT               GGTCGGGCCGCCAGC
-2.5      18 ..      35   GTGCGGTGCGCAGCA             CCGCAGG TCTC CCGGCTG              GTCGGGCCGCCAGCC
-2.3      18 ..      36   GTGCGGTGCGCAGCA            CC-GCAGG TCTC CCGGCTGG             TCGGGCCGCCAGCCx
-3.2      17 ..      37   GGTGCGGTGCGCAGC           ACC-GCAGG TCTC CCGGCTGGT            CGGGCCGCCAGCCxx
 0.3      16 ..      38   GGGTGCGGTGCGCAG          CACC-GCAGG TCTC CCGGCTGGTC           GGGCCGCCAGCCxxx
 0.5      16 ..      39   GGGTGCGGTGCGCAG         C-ACC-GCAGG TCTC CCGGCTGGTCG          GGCCGCCAGCCxxxx
-3.6      29 ..      40   AGCACCGCAGGTCTC                CCGG CTGG TCGG                 GCCGCCAGCCxxxxx
-5.9      28 ..      41   CAGCACCGCAGGTCT               CCCGG CTGG TCGGG                CCGCCAGCCxxxxxx
-2.4      27 ..      42   GCAGCACCGCAGGTC              TCCCGG CTGG TCGGGC               CGCCAGCCxxxxxxx
-2.6      31 ..      43   CACCGCAGGTCTCCC                GGCT GGTCG GGCC                GCCAGCCxxxxxxxx
-4.9      30 ..      44   GCACCGCAGGTCTCC               CGGCT GGTCG GGCCG               CCAGCCxxxxxxxxx
-1.4      29 ..      45   AGCACCGCAGGTCTC              CCGGCT GGTCG GGCCGC              CAGCCxxxxxxxxxx
-3.2      31 ..      46   CACCGCAGGTCTCCC              GGCTGGT CGG GCC-GCC              AGCCxxxxxxxxxxx
-3.1      34 ..      47   CGCAGGTCTCCCGGC               TGGTCG GGC CG-CCA               GCCxxxxxxxxxxxx
-5.4      33 ..      48   CCGCAGGTCTCCCGG              CTGGTCG GGC CG-CCAG              CCxxxxxxxxxxxxx
-7.7      32 ..      49   ACCGCAGGTCTCCCG             GCTGGTCG GGC CG-CCAGC             Cxxxxxxxxxxxxxx
