>JACJUG010000056.1:c1599-1549 Mitsuaria sp. WAJ17 NODE_56_length_11233_cov_35.015217, whole genome shotgun sequence FORWARD
 8.3       1 ..      11   xxxxxxxxxxxxxxx                 G GGTGCCAGG T                 CTTGCGGCCTGGCAG
 3.3       2 ..      12   xxxxxxxxxxxxxxG                 GGT GCCAG GTC                 TTGCGGCCTGGCAGG
 4.6       1 ..      13   xxxxxxxxxxxxxxx                GGGT GCCAG GTCT                TGCGGCCTGGCAGGT
 6.1       2 ..      14   xxxxxxxxxxxxxxG                GGTGC CAG GTCTT                GCGGCCTGGCAGGTT
 8.3       5 ..      15   xxxxxxxxxxxGGGT                GCCA GGTC TTG-                 CGGCCTGGCAGGTTG
-4.768e-08       5 ..      16   xxxxxxxxxxxGGGT                GCCA GGTC TTGC                 GGCCTGGCAGGTTGA
 1.3       4 ..      17   xxxxxxxxxxxxGGG               TGCCA GGTC TTGCG                GCCTGGCAGGTTGAG
 2.4       6 ..      18   xxxxxxxxxxGGGTG                CC AGGTCTTGC GG                CCTGGCAGGTTGAGC
 0.1       5 ..      19   xxxxxxxxxxxGGGT               GCC AGGTCTTGC GGC               CTGGCAGGTTGAGCG
-3.6       9 ..      20   xxxxxxxGGGTGCCA                GGTC TTGC GGCC                 TGGCAGGTTGAGCGC
-4.5       8 ..      21   xxxxxxxxGGGTGCC               AGGTC TTGC GGCCT                GGCAGGTTGAGCGCA
-6.8       7 ..      22   xxxxxxxxxGGGTGC              CAGGTC TTGC GGCCTG               GCAGGTTGAGCGCAG
-9.1       6 ..      23   xxxxxxxxxxGGGTG             CCAGGTC TTGC GGCCTGG              CAGGTTGAGCGCAGG
-11.4       5 ..      24   xxxxxxxxxxxGGGT            GCCAGGTC TTGC GGCCTGGC             AGGTTGAGCGCAGGT
-12.3       4 ..      25   xxxxxxxxxxxxGGG           TGCCAGGTC TTGC GGCCTGGCA            GGTTGAGCGCAGGTC
-8.8       3 ..      26   xxxxxxxxxxxxxGG          GTGCCAGGTC TTGC GGCCTGGCAG           GTTGAGCGCAGGTCG
-5.3       2 ..      27   xxxxxxxxxxxxxxG         GGTGCCAGGTC TTGC GGCCTGGCAGG          TTGAGCGCAGGTCGG
  -4       1 ..      28   xxxxxxxxxxxxxxx        GGGTGCCAGGTC TTGC GGCCTGGCAGGT         TGAGCGCAGGTCGGG
-1.9      17 ..      29   GGTGCCAGGTCTTGC                GGCCT GGC AGGTT                GAGCGCAGGTCGGGC
-4.2      16 ..      30   GGGTGCCAGGTCTTG               CGGCCT GGC AGGTTG               AGCGCAGGTCGGGCC
-0.7      15 ..      31   xGGGTGCCAGGTCTT              GCGGCCT GGC AGGTTGA              GCGCAGGTCGGGCCG
 0.6      14 ..      32   xxGGGTGCCAGGTCT             TGCGGCCT GGC AGGTTGAG             CGCAGGTCGGGCCGC
 0.4      23 ..      33   AGGTCTTGCGGCCTG                 GC AGGTTGA GC                 GCAGGTCGGGCCGCC
 1.8      12 ..      34   xxxxGGGTGCCAGGT           CTTGCGGCCT GGC AGGTTGAGCG           CAGGTCGGGCCGCCG
 2.4      23 ..      35   AGGTCTTGCGGCCTG                GC AGGTTGAGC GC                AGGTCGGGCCGCCGC
 3.2      21 ..      36   CCAGGTCTTGCGGCC              TG-GC AGGTTGA GCGCA              GGTCGGGCCGCCGCG
 0.9      20 ..      37   GCCAGGTCTTGCGGC             CTG-GC AGGTTGA GCGCAG             GTCGGGCCGCCGCGx
-1.4      19 ..      38   TGCCAGGTCTTGCGG            CCTG-GC AGGTTGA GCGCAGG            TCGGGCCGCCGCGxx
-0.1      18 ..      39   GTGCCAGGTCTTGCG           GCCTG-GC AGGTTGA GCGCAGGT           CGGGCCGCCGCGxxx
-2.4      17 ..      40   GGTGCCAGGTCTTGC          GGCCTG-GC AGGTTGA GCGCAGGTC          GGGCCGCCGCGxxxx
-4.7      16 ..      41   GGGTGCCAGGTCTTG         CGGCCTG-GC AGGTTGA GCGCAGGTCG         GGCCGCCGCGxxxxx
-1.2      15 ..      42   xGGGTGCCAGGTCTT        GCGGCCTG-GC AGGTTGA GCGCAGGTCGG        GCCGCCGCGxxxxxx
 0.1      14 ..      43   xxGGGTGCCAGGTCT       TGCGGCCTG-GC AGGTTGA GCGCAGGTCGGG       CCGCCGCGxxxxxxx
-0.4      32 ..      44   GGCCTGGCAGGTTGA                GCGC AGGTC GGGC                CGCCGCGxxxxxxxx
-2.2      17 ..      45   GGTGCCAGGTCTTGC        GGCCTGGCAGGT TGAGC GCAGGTCGGGCC        GCCGCGxxxxxxxxx
-4.5      16 ..      46   GGGTGCCAGGTCTTG       CGGCCTGGCAGGT TGAGC GCAGGTCGGGCCG       CCGCGxxxxxxxxxx
-6.8      15 ..      47   xGGGTGCCAGGTCTT      GCGGCCTGGCAGGT TGAGC GCAGGTCGGGCCGC      CGCGxxxxxxxxxxx
-3.3      14 ..      48   xxGGGTGCCAGGTCT     TGCGGCCTGGCAGGT TGAGC GCAGGTCGGGCCGCC     GCGxxxxxxxxxxxx
  -2      13 ..      49   xxxGGGTGCCAGGTC    TTGCGGCCTGGCAGGT TGAGC GCAGGTCGGGCCGCCG    CGxxxxxxxxxxxxx
-2.2      32 ..      50   GGCCTGGCAGGTTGA             GCGCAGGT CGG GCCGCCGC             Gxxxxxxxxxxxxxx
