>BA000040.2:c3400900-3400856 Bradyrhizobium diazoefficiens USDA 110 DNA, complete genome FORWARD
 7.6       1 ..      11   xxxxxxxxxxxxxxx                 TG GGGGCAA TG                 CAGACCCCCCATGAG
 4.7       2 ..      12   xxxxxxxxxxxxxxT                 G GGGGCAATG C                 AGACCCCCCATGAGA
 3.8       1 ..      13   xxxxxxxxxxxxxxx                TG GGGGCAATG CA                GACCCCCCATGAGAC
 3.4       4 ..      14   xxxxxxxxxxxxTGG                 GGGC AAT GCAG                 ACCCCCCATGAGACT
 6.9       3 ..      15   xxxxxxxxxxxxxTG                GGGGC AAT GCAGA                CCCCCCATGAGACTT
 2.9       5 ..      16   xxxxxxxxxxxTGGG                GGC AATGCA GAC                 CCCCCATGAGACTTC
 0.6       4 ..      17   xxxxxxxxxxxxTGG               GGGC AATGCA GACC                CCCCATGAGACTTCG
-1.7       3 ..      18   xxxxxxxxxxxxxTG              GGGGC AATGCA GACCC               CCCATGAGACTTCGG
  -4       2 ..      19   xxxxxxxxxxxxxxT             GGGGGC AATGCA GACCCC              CCATGAGACTTCGGT
-4.5       2 ..      20   xxxxxxxxxxxxxxT             GGGGG CAATGCAGA CCCCC             CATGAGACTTCGGTC
-3.5       2 ..      21   xxxxxxxxxxxxxxT            GGGGG CAATGCAGAC CCCCC             ATGAGACTTCGGTCC
-4.4       1 ..      22   xxxxxxxxxxxxxxx           TGGGGG CAATGCAGAC CCCCCA            TGAGACTTCGGTCCA
 1.6       9 ..      23   xxxxxxxTGGGGGCA               ATGCAG ACC CCCCAT               GAGACTTCGGTCCAA
 3.8      12 ..      24   xxxxTGGGGGCAATG                CA GACCCCCCA TG                AGACTTCGGTCCAAG
 6.2      15 ..      25   xTGGGGGCAATGCAG                 AC CCCCCAT GA                 GACTTCGGTCCAAGC
 1.9      16 ..      26   TGGGGGCAATGCAGA                 CCC CCCAT GAG                 ACTTCGGTCCAAGCT
 3.4      17 ..      27   GGGGGCAATGCAGAC                 CCCC CAT GAGA                 CTTCGGTCCAAGCTC
 3.1      14 ..      28   xxTGGGGGCAATGCA               GACCC CCCAT GAGAC               TTCGGTCCAAGCTCT
 2.2      13 ..      29   xxxTGGGGGCAATGC              AGACCC CCCAT GAGACT              TCGGTCCAAGCTCTG
 5.7      12 ..      30   xxxxTGGGGGCAATG             CAGACCC CCCAT GAGACTT             CGGTCCAAGCTCTGC
 3.4      11 ..      31   xxxxxTGGGGGCAAT            GCAGACCC CCCAT GAGACTTC            GGTCCAAGCTCTGCx
 2.5      20 ..      32   GGCAATGCAGACCCC                CCATG AGA CTTCG                GTCCAAGCTCTGCxx
 0.2      19 ..      33   GGGCAATGCAGACCC               CCCATG AGA CTTCGG               TCCAAGCTCTGCxxx
 3.7      18 ..      34   GGGGCAATGCAGACC              CCCCATG AGA CTTCGGT              CCAAGCTCTGCxxxx
 2.5      25 ..      35   TGCAGACCCCCCATG                AGAC TTCG GTC-                 CAAGCTCTGCxxxxx
   0      25 ..      36   TGCAGACCCCCCATG                AGAC TTCG GTCC                 AAGCTCTGCxxxxxx
-0.7      23 ..      37   AATGCAGACCCCCCA              TGAGAC TTCG GTC-CA               AGCTCTGCxxxxxxx
 2.6      23 ..      38   AATGCAGACCCCCCA              TGAGAC TTCG GTCCAA               GCTCTGCxxxxxxxx
-0.1      28 ..      39   AGACCCCCCATGAGA                CTT CGGTCC AAG                 CTCTGCxxxxxxxxx
 3.4      27 ..      40   CAGACCCCCCATGAG               ACTT CGGTCC AAGC                TCTGCxxxxxxxxxx
 2.7      25 ..      41   TGCAGACCCCCCATG             AGACTT CGGTCC AAG-CT              CTGCxxxxxxxxxxx
 0.4      24 ..      42   ATGCAGACCCCCCAT            GAGACTT CGGTCC AAG-CTC             TGCxxxxxxxxxxxx
 1.8      25 ..      43   TGCAGACCCCCCATG            AGA-CTT CGGTCC AAGCTCT             GCxxxxxxxxxxxxx
 2.7      31 ..      44   CCCCCCATGAGACTT               CGG TCCAAGCT CTG                Cxxxxxxxxxxxxxx
