>CP012700.1:4474762-4474808 Sphingopyxis macrogoltabida strain EY-1, complete sequence FORWARD
 5.4       1 ..      11   xxxxxxxxxxxxxxx                ACG GGCCGA CG-                 CGGACGCCCGTTCAG
 2.9       1 ..      12   xxxxxxxxxxxxxxx                ACG GGCCGA CGC                 GGACGCCCGTTCAGA
-1.4       2 ..      13   xxxxxxxxxxxxxxA                CGGG CCGA CGCG                 GACGCCCGTTCAGAC
 2.1       1 ..      14   xxxxxxxxxxxxxxx               ACGGG CCGA CGCGG                ACGCCCGTTCAGACG
-2.4       5 ..      15   xxxxxxxxxxxACGG                 GCCG ACG CGGA                 CGCCCGTTCAGACGG
-4.7       4 ..      16   xxxxxxxxxxxxACG                GGCCG ACG CGGAC                GCCCGTTCAGACGGT
-2.4       7 ..      17   xxxxxxxxxACGGGC                 CGAC GCG GACG                 CCCGTTCAGACGGTG
  -1       3 ..      18   xxxxxxxxxxxxxAC              G-GGCCG ACG CGGACGC              CCGTTCAGACGGTGT
-1.4       8 ..      19   xxxxxxxxACGGGCC                GACG CGGA CGCC                 CGTTCAGACGGTGTC
-3.5       4 ..      20   xxxxxxxxxxxxACG              GGCCGAC GCG GACGCCC              GTTCAGACGGTGTCC
-5.6       2 ..      21   xxxxxxxxxxxxxxA            CGGGCCGAC GCG GACG-CCCG            TTCAGACGGTGTCCG
-6.5       1 ..      22   xxxxxxxxxxxxxxx           ACGGGCCGAC GCG GACG-CCCGT           TCAGACGGTGTCCGT
-1.8       8 ..      23   xxxxxxxxACGGGCC              GACGCGG ACG CC-CGTT              CAGACGGTGTCCGTC
-2.2      13 ..      24   xxxACGGGCCGACGC                GGAC GCCC GTTC                 AGACGGTGTCCGTCC
 1.3      12 ..      25   xxxxACGGGCCGACG               CGGAC GCCC GTTCA                GACGGTGTCCGTCCA
 0.4       6 ..      26   xxxxxxxxxxACGGG           CCGACGCGG ACGC CCGT-TCAG            ACGGTGTCCGTCCAA
 3.9       5 ..      27   xxxxxxxxxxxACGG          GCCGACGCGG ACGC CCGT-TCAGA           CGGTGTCCGTCCAAG
 1.6       4 ..      28   xxxxxxxxxxxxACG         GGCCGACGCGG ACGC CCGT-TCAGAC          GGTGTCCGTCCAAGT
 0.6      16 ..      29   ACGGGCCGACGCGGA               CGCC CGTTCA GACG                GTGTCCGTCCAAGTC
-5.8      19 ..      30   GGCCGACGCGGACGC                CCGT TCAG ACGG                 TGTCCGTCCAAGTCC
-2.3      18 ..      31   GGGCCGACGCGGACG               CCCGT TCAG ACGGT                GTCCGTCCAAGTCCG
-2.1      18 ..      32   GGGCCGACGCGGACG              C-CCGT TCAG ACGGTG               TCCGTCCAAGTCCGC
-1.7      15 ..      33   xACGGGCCGACGCGG            ACGCCCGT TCAG ACGG-TGT             CCGTCCAAGTCCGCx
  -4      14 ..      34   xxACGGGCCGACGCG           GACGCCCGT TCAG ACGG-TGTC            CGTCCAAGTCCGCxx
-6.3      13 ..      35   xxxACGGGCCGACGC          GGACGCCCGT TCAG ACGG-TGTCC           GTCCAAGTCCGCxxx
-8.6      12 ..      36   xxxxACGGGCCGACG         CGGACGCCCGT TCAG ACGG-TGTCCG          TCCAAGTCCGCxxxx
-7.3      11 ..      37   xxxxxACGGGCCGAC        GCGGACGCCCGT TCAG ACGG-TGTCCGT         CCAAGTCCGCxxxxx
-9.1      26 ..      38   GCGGACGCCCGTTCA                GACGG TGT CCGTC                CAAGTCCGCxxxxxx
-5.6      25 ..      39   CGCGGACGCCCGTTC               AGACGG TGT CCGTCC               AAGTCCGCxxxxxxx
-2.1      24 ..      40   ACGCGGACGCCCGTT              CAGACGG TGT CCGTCCA              AGTCCGCxxxxxxxx
  -3      23 ..      41   GACGCGGACGCCCGT             TCAGACGG TGT CCGTCCAA             GTCCGCxxxxxxxxx
-1.7      22 ..      42   CGACGCGGACGCCCG            TTCAGACGG TGT CCGTCCAAG            TCCGCxxxxxxxxxx
-0.4      21 ..      43   CCGACGCGGACGCCC           GTTCAGACGG TGT CCGTCCAAGT           CCGCxxxxxxxxxxx
 1.3       8 ..      44   xxxxxxxxACGGGCC  GACGCGGACG--C-CCGT TCAG ACGGTGTCCGTCCAAGTC   CGCxxxxxxxxxxxx
 1.1       3 ..      45   xxxxxxxxxxxxxAC GGGCCGACGCGGACGCCCGT TCAG ACGG-TGTCCGTCCAAGTCC GCxxxxxxxxxxxxx
-1.2       2 ..      46   xxxxxxxxxxxxxxA CGGGCCGACGCGGACGCCCGT TCAG ACGG-TGTCCGTCCAAGTCCG Cxxxxxxxxxxxxxx
