>PSRR01000004.1:77179-77228 Bradyrhizobium sp. Leo170 Contig004_, whole genome shotgun sequence FORWARD
-0.3       1 ..      11   xxxxxxxxxxxxxxx                 CGG GGACG TCG                 CAGCCTCCCCGTAAA
 1.2       2 ..      12   xxxxxxxxxxxxxxC                 GGGG ACG TCGC                 AGCCTCCCCGTAAAG
 4.4       2 ..      13   xxxxxxxxxxxxxxC                GGGG ACGT CGCA                 GCCTCCCCGTAAAGT
 2.1       1 ..      14   xxxxxxxxxxxxxxx               CGGGG ACGT CGCAG                CCTCCCCGTAAAGTG
 3.4       5 ..      15   xxxxxxxxxxxCGGG                 GACG TCG CAGC                 CTCCCCGTAAAGTGG
 1.1       4 ..      16   xxxxxxxxxxxxCGG                GGACG TCG CAGCC                TCCCCGTAAAGTGGT
 2.4       3 ..      17   xxxxxxxxxxxxxCG               GGGACG TCG CAGCCT               CCCCGTAAAGTGGTG
 0.1       2 ..      18   xxxxxxxxxxxxxxC              GGGGACG TCG CAGCCTC              CCCGTAAAGTGGTGA
  -1       4 ..      19   xxxxxxxxxxxxCGG              GGACGT CGCA GCCTCC               CCGTAAAGTGGTGAC
-3.3       3 ..      20   xxxxxxxxxxxxxCG             GGGACGT CGCA GCCTCCC              CGTAAAGTGGTGACC
-5.6       2 ..      21   xxxxxxxxxxxxxxC            GGGGACGT CGCA GCCTCCCC             GTAAAGTGGTGACCC
-7.9       1 ..      22   xxxxxxxxxxxxxxx           CGGGGACGT CGCA GCCTCCCCG            TAAAGTGGTGACCCC
-1.9       1 ..      23   xxxxxxxxxxxxxxx          -CGGGGACGT CGCA GCCTCCCCGT           AAAGTGGTGACCCCA
 4.1       1 ..      24   xxxxxxxxxxxxxxx         --CGGGGACGT CGCA GCCTCCCCGTA          AAGTGGTGACCCCAT
 5.8       9 ..      25   xxxxxxxCGGGGACG              TCGCAG CCTCC CCGTAA              AGTGGTGACCCCATG
 7.6      16 ..      26   CGGGGACGTCGCAGC                 CT CCCCGTA AA                 GTGGTGACCCCATGC
 2.8      16 ..      27   CGGGGACGTCGCAGC                CT CCCCGTAA AG                 TGGTGACCCCATGCA
 6.1       6 ..      28   xxxxxxxxxxCGGGG           ACGTCGCAG CCTCC CCGTAAAGT           GGTGACCCCATGCAA
 1.9      19 ..      29   GGACGTCGCAGCCTC                 CCC GTAAA GTG                 GTGACCCCATGCAAG
  -1      20 ..      30   GACGTCGCAGCCTCC                 CCGT AAA GTGG                 TGACCCCATGCAAGC
 2.5      19 ..      31   GGACGTCGCAGCCTC                CCCGT AAA GTGGT                GACCCCATGCAAGCG
 0.2      18 ..      32   GGGACGTCGCAGCCT               CCCCGT AAA GTGGTG               ACCCCATGCAAGCGC
-0.7      17 ..      33   GGGGACGTCGCAGCC              TCCCCGT AAA GTGGTGA              CCCCATGCAAGCGCT
   2      14 ..      34   xxCGGGGACGTCGCA            GCCTCCCC GTAAA GTGGTGAC            CCCATGCAAGCGCTG
 5.5      13 ..      35   xxxCGGGGACGTCGC           AGCCTCCCC GTAAA GTGGTGACC           CCATGCAAGCGCTGC
   4      14 ..      36   xxCGGGGACGTCGCA           GCCTCCCCGT AAA GTGGTGACCC           CATGCAAGCGCTGCx
-2.4      27 ..      37   CAGCCTCCCCGTAAA                 GTGG TGA CCCC                 ATGCAAGCGCTGCxx
-2.5      28 ..      38   AGCCTCCCCGTAAAG                 TGG TGACC CCA                 TGCAAGCGCTGCxxx
-1.2      27 ..      39   CAGCCTCCCCGTAAA                GTGG TGACC CCAT                GCAAGCGCTGCxxxx
 2.3      26 ..      40   GCAGCCTCCCCGTAA               AGTGG TGACC CCATG               CAAGCGCTGCxxxxx
 3.8      29 ..      41   GCCTCCCCGTAAAGT               G-GTG ACCC CATGC                AAGCGCTGCxxxxxx
 2.8      31 ..      42   CTCCCCGTAAAGTGG                TG ACCCCATG CA                 AGCGCTGCxxxxxxx
 6.3      30 ..      43   CCTCCCCGTAAAGTG               GTG ACCCCATG CAA                GCGCTGCxxxxxxxx
 4.7      34 ..      44   CCCGTAAAGTGGTGA                 C CCCATGCAA G                 CGCTGCxxxxxxxxx
 6.2      35 ..      45   CCGTAAAGTGGTGAC                 CC CATGCAA GC                 GCTGCxxxxxxxxxx
 2.9      35 ..      46   CCGTAAAGTGGTGAC                CCC ATGCAA GCG                 CTGCxxxxxxxxxxx
 6.4      34 ..      47   CCCGTAAAGTGGTGA               CCCC ATGCAA GCGC                TGCxxxxxxxxxxxx
 2.5      38 ..      48   TAAAGTGGTGACCCC                ATGC AAGC GC-T                 GCxxxxxxxxxxxxx
 0.2      37 ..      49   GTAAAGTGGTGACCC               CATGC AAGC GC-TG                Cxxxxxxxxxxxxxx
