>CP053069.1:c1502571-1502513 Usitatibacter rugosus strain 0125_3 chromosome, complete genome FORWARD
-2.4       1 ..      11   xxxxxxxxxxxxxxx                 CCGG GGA CCCG                 CAGCCCCCGGCGCCC
-1.4       1 ..      12   xxxxxxxxxxxxxxx                CCGG GGAC CCGC                 AGCCCCCGGCGCCCT
 3.4       3 ..      13   xxxxxxxxxxxxxCC                 GGGG ACC CGCA                 GCCCCCGGCGCCCTC
 1.1       2 ..      14   xxxxxxxxxxxxxxC                CGGGG ACC CGCAG                CCCCCGGCGCCCTCG
 4.6       1 ..      15   xxxxxxxxxxxxxxx               CCGGGG ACC CGCAGC               CCCCGGCGCCCTCGA
 1.4       5 ..      16   xxxxxxxxxxxCCGG                GG ACCCGCAG CC                 CCCGGCGCCCTCGAG
-0.9       4 ..      17   xxxxxxxxxxxxCCG               GGG ACCCGCAG CCC                CCGGCGCCCTCGAGG
-3.2       3 ..      18   xxxxxxxxxxxxxCC              GGGG ACCCGCAG CCCC               CGGCGCCCTCGAGGC
  -5       3 ..      19   xxxxxxxxxxxxxCC              GGGGAC CCGCA GCCCCC              GGCGCCCTCGAGGCA
-7.3       2 ..      20   xxxxxxxxxxxxxxC             CGGGGAC CCGCA GCCCCCG             GCGCCCTCGAGGCAA
-9.6       1 ..      21   xxxxxxxxxxxxxxx            CCGGGGAC CCGCA GCCCCCGG            CGCCCTCGAGGCAAG
-3.6       1 ..      22   xxxxxxxxxxxxxxx           -CCGGGGAC CCGCA GCCCCCGGC           GCCCTCGAGGCAAGA
-3.7      10 ..      23   xxxxxxCCGGGGACC               CGCAG CCCC CGGCG                CCCTCGAGGCAAGAC
-4.5      11 ..      24   xxxxxCCGGGGACCC               GCAGCC CCC GGC-GC               CCTCGAGGCAAGACG
-1.2      11 ..      25   xxxxxCCGGGGACCC               GCAGCC CCC GGCGCC               CTCGAGGCAAGACGG
-1.8       4 ..      26   xxxxxxxxxxxxCCG           GGGACCCG CAGCCCC CGGCGCCC           TCGAGGCAAGACGGT
-0.5       3 ..      27   xxxxxxxxxxxxxCC          GGGGACCCG CAGCCCC CGGCGCCCT          CGAGGCAAGACGGTG
-0.3       3 ..      28   xxxxxxxxxxxxxCC         GGGGAC-CCG CAGCCCC CGGCGCCCTC         GAGGCAAGACGGTGT
-2.6       2 ..      29   xxxxxxxxxxxxxxC        CGGGGAC-CCG CAGCCCC CGGCGCCCTCG        AGGCAAGACGGTGTC
 0.9       1 ..      30   xxxxxxxxxxxxxxx       CCGGGGAC-CCG CAGCCCC CGGCGCCCTCGA       GGCAAGACGGTGTCC
 0.9      17 ..      31   CGGGGACCCGCAGCC               CCCGG CGCCC TCGAG               GCAAGACGGTGTCCC
-1.4      16 ..      32   CCGGGGACCCGCAGC              CCCCGG CGCCC TCGAGG              CAAGACGGTGTCCCG
-3.9      23 ..      33   CCCGCAGCCCCCGGC                 GCC CTCGA GGC                 AAGACGGTGTCCCGT
-0.4      22 ..      34   ACCCGCAGCCCCCGG                CGCC CTCGA GGCA                AGACGGTGTCCCGTC
 3.1      21 ..      35   GACCCGCAGCCCCCG               GCGCC CTCGA GGCAA               GACGGTGTCCCGTCC
  -1      26 ..      36   GCAGCCCCCGGCGCC                 CTCG AGG CAAG                 ACGGTGTCCCGTCCA
 1.8      27 ..      37   CAGCCCCCGGCGCCC                 TC GAGGCAA GA                 CGGTGTCCCGTCCAA
 5.3      26 ..      38   GCAGCCCCCGGCGCC                CTC GAGGCAA GAC                GGTGTCCCGTCCAAG
 1.4      28 ..      39   AGCCCCCGGCGCCCT                CG AGGCAAGA CG                 GTGTCCCGTCCAAGC
 0.7      24 ..      40   CCGCAGCCCCCGGCG              CCCTC GAGGCAA GACGG              TGTCCCGTCCAAGCA
   2      23 ..      41   CCCGCAGCCCCCGGC             GCCCTC GAGGCAA GACGGT             GTCCCGTCCAAGCAC
-0.3      22 ..      42   ACCCGCAGCCCCCGG            CGCCCTC GAGGCAA GACGGTG            TCCCGTCCAAGCACT
   1      21 ..      43   GACCCGCAGCCCCCG           GCGCCCTC GAGGCAA GACGGTGT           CCCGTCCAAGCACTG
-1.3      20 ..      44   GGACCCGCAGCCCCC          GGCGCCCTC GAGGCAA GACGGTGTC          CCGTCCAAGCACTGC
  -1      35 ..      45   GGCGCCCTCGAGGCA                 AGAC GGT GTCC                 CGTCCAAGCACTGCx
   1       4 ..      46   xxxxxxxxxxxxCCG GGGAC-CCG-C-AGCCCCCGG CGCC CTCGAGGCAAGACGGTGTCCC GTCCAAGCACTGCxx
-1.3      28 ..      47   AGCCCCCGGCGCCCT            CGAGGCA AGACGG TGTCCCG             TCCAAGCACTGCxxx
-5.8      37 ..      48   CGCCCTCGAGGCAAG                ACGG TGTC CCGT                 CCAAGCACTGCxxxx
-8.1      36 ..      49   GCGCCCTCGAGGCAA               GACGG TGTC CCGTC                CAAGCACTGCxxxxx
-4.6      35 ..      50   GGCGCCCTCGAGGCA              AGACGG TGTC CCGTCC               AAGCACTGCxxxxxx
-1.1      34 ..      51   CGGCGCCCTCGAGGC             AAGACGG TGTC CCGTCCA              AGCACTGCxxxxxxx
 2.4      33 ..      52   CCGGCGCCCTCGAGG            CAAGACGG TGTC CCGTCCAA             GCACTGCxxxxxxxx
 2.6      33 ..      53   CCGGCGCCCTCGAGG           C-AAGACGG TGTC CCGTCCAAG            CACTGCxxxxxxxxx
 0.3      32 ..      54   CCCGGCGCCCTCGAG          GC-AAGACGG TGTC CCGTCCAAGC           ACTGCxxxxxxxxxx
 3.8      31 ..      55   CCCCGGCGCCCTCGA         GGC-AAGACGG TGTC CCGTCCAAGCA          CTGCxxxxxxxxxxx
 2.8      40 ..      56   CCTCGAGGCAAGACG              GTGT CCCGTCCAA GCAC              TGCxxxxxxxxxxxx
 3.1      30 ..      57   CCCCCGGCGCCCTCG       AG-GC-AAGACGG TGTC CCGTCCAAGCACT        GCxxxxxxxxxxxxx
 1.8      38 ..      58   GCCCTCGAGGCAAGA            CGGTGT CCCGTCCAA GCACTG            Cxxxxxxxxxxxxxx
