>RSED01000008.1:7760-7815 Aquabacterium soli strain SJQ9 Scaffold8, whole genome shotgun sequence FORWARD
 6.1       1 ..      11   xxxxxxxxxxxxxxx                 T CGGGAAAAC A                 GCCTCCCGGCCTGCA
 1.9       2 ..      12   xxxxxxxxxxxxxxT                 CGG GAAAA CAG                 CCTCCCGGCCTGCAA
 4.7       3 ..      13   xxxxxxxxxxxxxTC                 G GGAAAACAG C                 CTCCCGGCCTGCAAA
 0.4       4 ..      14   xxxxxxxxxxxxTCG                 GG AAAACAG CC                 TCCCGGCCTGCAAAG
 1.7       3 ..      15   xxxxxxxxxxxxxTC                GGG AAAACAG CCT                CCCGGCCTGCAAAGA
 2.7       3 ..      16   xxxxxxxxxxxxxTC               GGG AAAACAGC CTC                CCGGCCTGCAAAGAC
 0.5       4 ..      17   xxxxxxxxxxxxTCG               GGA AAACAGCC TCC                CGGCCTGCAAAGACA
-1.8       3 ..      18   xxxxxxxxxxxxxTC              GGGA AAACAGCC TCCC               GGCCTGCAAAGACAG
-4.1       2 ..      19   xxxxxxxxxxxxxxT             CGGGA AAACAGCC TCCCG              GCCTGCAAAGACAGA
-2.8       1 ..      20   xxxxxxxxxxxxxxx            TCGGGA AAACAGCC TCCCGG             CCTGCAAAGACAGAC
 1.1      11 ..      21   xxxxxTCGGGAAAAC                AGCC TCCC GGC-                 CTGCAAAGACAGACG
-1.4      11 ..      22   xxxxxTCGGGAAAAC                AGCC TCCC GGCC                 TGCAAAGACAGACGG
 0.2      11 ..      23   xxxxxTCGGGAAAAC               A-GCC TCCC GGCCT                GCAAAGACAGACGGT
-2.1      10 ..      24   xxxxxxTCGGGAAAA              CA-GCC TCCC GGCCTG               CAAAGACAGACGGTG
 1.4       9 ..      25   xxxxxxxTCGGGAAA             ACA-GCC TCCC GGCCTGC              AAAGACAGACGGTGT
 4.3      15 ..      26   xTCGGGAAAACAGCC                TCC CGGCCT GCA                 AAGACAGACGGTGTC
 6.1      15 ..      27   xTCGGGAAAACAGCC                TCCCG GCC TGCAA                AGACAGACGGTGTCC
None      18 ..      28   GGGAAAACAGCCTCC                  CGGCCTGCAAA                  GACAGACGGTGTCCC
 5.7      18 ..      29   GGGAAAACAGCCTCC                C GGCCTGCAAA G                 ACAGACGGTGTCCCG
 4.8      20 ..      30   GAAAACAGCCTCCCG                 GCCT GCA AAGA                 CAGACGGTGTCCCGT
1.907e-07      20 ..      31   GAAAACAGCCTCCCG                GCCT GCAA AGAC                 AGACGGTGTCCCGTC
 3.5      19 ..      32   GGAAAACAGCCTCCC               GGCCT GCAA AGACA                GACGGTGTCCCGTCC
-1.5      22 ..      33   AAACAGCCTCCCGGC                CTG CAAAGA CAG                 ACGGTGTCCCGTCCA
   2      21 ..      34   AAAACAGCCTCCCGG               CCTG CAAAGA CAGA                CGGTGTCCCGTCCAA
-0.3      20 ..      35   GAAAACAGCCTCCCG              GCCTG CAAAGA CAGAC               GGTGTCCCGTCCAAG
 3.2      19 ..      36   GGAAAACAGCCTCCC             GGCCTG CAAAGA CAGACG              GTGTCCCGTCCAAGC
 0.9      18 ..      37   GGGAAAACAGCCTCC            CGGCCTG CAAAGA CAGACGG             TGTCCCGTCCAAGCG
 4.4      17 ..      38   CGGGAAAACAGCCTC           CCGGCCTG CAAAGA CAGACGGT            GTCCCGTCCAAGCGC
 2.1      16 ..      39   TCGGGAAAACAGCCT          CCCGGCCTG CAAAGA CAGACGGTG           TCCCGTCCAAGCGCT
-1.1      30 ..      40   TCCCGGCCTGCAAAG                 ACA GACGG TGT                 CCCGTCCAAGCGCTG
-3.4      29 ..      41   CTCCCGGCCTGCAAA                GACA GACGG TGTC                CCGTCCAAGCGCTGG
  -1      32 ..      42   CCGGCCTGCAAAGAC                 AGAC GGT GTCC                 CGTCCAAGCGCTGGx
 2.5      31 ..      43   CCCGGCCTGCAAAGA                CAGAC GGT GTCCC                GTCCAAGCGCTGGxx
 1.1      34 ..      44   GGCCTGCAAAGACAG                ACGG TGTC CCG-                 TCCAAGCGCTGGxxx
-5.8      34 ..      45   GGCCTGCAAAGACAG                ACGG TGTC CCGT                 CCAAGCGCTGGxxxx
-8.1      33 ..      46   CGGCCTGCAAAGACA               GACGG TGTC CCGTC                CAAGCGCTGGxxxxx
-4.6      32 ..      47   CCGGCCTGCAAAGAC              AGACGG TGTC CCGTCC               AAGCGCTGGxxxxxx
-1.1      31 ..      48   CCCGGCCTGCAAAGA             CAGACGG TGTC CCGTCCA              AGCGCTGGxxxxxxx
 2.4      30 ..      49   TCCCGGCCTGCAAAG            ACAGACGG TGTC CCGTCCAA             GCGCTGGxxxxxxxx
 5.1      31 ..      50   CCCGGCCTGCAAAGA           C--AGACGG TGTC CCGTCCAAG            CGCTGGxxxxxxxxx
 5.4      24 ..      51   ACAGCCTCCCGGCCT        GCAAAGAC-AGAC GGT GTCCCGTCCAAGC        GCTGGxxxxxxxxxx
 2.9      41 ..      52   AAAGACAGACGGTGT                CCC GTCCAA GCG                 CTGGxxxxxxxxxxx
 2.2      42 ..      53   AAGACAGACGGTGTC                CCGT CCAA GCGC                 TGGxxxxxxxxxxxx
 5.5      44 ..      54   GACAGACGGTGTCCC                 GTC CAAGC GCT                 GGxxxxxxxxxxxxx
 3.2      43 ..      55   AGACAGACGGTGTCC                CGTC CAAGC GCTG                Gxxxxxxxxxxxxxx
