>SMLL01000004.1:c397516-397468 Ramlibacter rhizophilus strain CCTCC AB2015357 contig4, whole genome shotgun sequence FORWARD
None       1 ..      11   xxxxxxxxxxxxxxx                  GGGGGACGTGG                  GCAGACTCCCCTCCA
None       2 ..      12   xxxxxxxxxxxxxxG                  GGGGACGTGGG                  CAGACTCCCCTCCAG
 4.7       3 ..      13   xxxxxxxxxxxxxGG                 G GGACGTGGG C                 AGACTCCCCTCCAGA
 3.4       4 ..      14   xxxxxxxxxxxxGGG                 GGAC GTG GGCA                 GACTCCCCTCCAGAC
 6.9       3 ..      15   xxxxxxxxxxxxxGG                GGGAC GTG GGCAG                ACTCCCCTCCAGACG
 6.2       6 ..      16   xxxxxxxxxxGGGGG                 AC GTGGGCA GA                 CTCCCCTCCAGACGC
 3.9       5 ..      17   xxxxxxxxxxxGGGG                GAC GTGGGCA GAC                TCCCCTCCAGACGCG
 4.3       7 ..      18   xxxxxxxxxGGGGGA                CGT GGGCAG ACT                 CCCCTCCAGACGCGC
 2.9       3 ..      19   xxxxxxxxxxxxxGG              GGGAC GTGGGCA GACTC              CCCTCCAGACGCGCC
-0.3      10 ..      20   xxxxxxGGGGGACGT                 GGG CAGAC TCC                 CCTCCAGACGCGCCG
-2.9      10 ..      21   xxxxxxGGGGGACGT                GGG CAGACT CCC                 CTCCAGACGCGCCGC
-3.3       2 ..      22   xxxxxxxxxxxxxxG           GGGGACGT GGGCAG AC-TCCCC            TCCAGACGCGCCGCG
  -2       1 ..      23   xxxxxxxxxxxxxxx          GGGGGACGT GGGCAG AC-TCCCCT           CCAGACGCGCCGCGT
-2.1       8 ..      24   xxxxxxxxGGGGGAC              GTGGGCA GAC TCCCCTC              CAGACGCGCCGCGTC
-2.1       4 ..      25   xxxxxxxxxxxxGGG           GGACGTGGG CAGA CTCCCCTCC            AGACGCGCCGCGTCC
 1.4       3 ..      26   xxxxxxxxxxxxxGG          GGGACGTGGG CAGA CTCCCCTCCA           GACGCGCCGCGTCCA
 1.8      17 ..      27   GGGGACGTGGGCAGA                 CT CCCCTCC AG                 ACGCGCCGCGTCCAA
 1.8      18 ..      28   GGGACGTGGGCAGAC                 TC CCCTCCA GA                 CGCGCCGCGTCCAAG
   3      15 ..      29   xGGGGGACGTGGGCA               GACT CCCCTCC AGAC               GCGCCGCGTCCAAGC
 3.5       7 ..      30   xxxxxxxxxGGGGGA          CGTGGGCAG ACTCCC CTCCAGACG           CGCCGCGTCCAAGCG
 4.4      12 ..      31   xxxxGGGGGACGTGG            GCAGACT CCCCTCC AGAC-GC            GCCGCGTCCAAGCGC
 1.9      22 ..      32   CGTGGGCAGACTCCC                 CTC CAGAC GCG                 CCGCGTCCAAGCGCT
 5.4      21 ..      33   ACGTGGGCAGACTCC                CCTC CAGAC GCGC                CGCGTCCAAGCGCTG
 5.6      11 ..      34   xxxxxGGGGGACGTG          GGCAGACTC CCCTCCA GACGC-GCC          GCGTCCAAGCGCTGC
 1.9      25 ..      35   GGGCAGACTCCCCTC                 CAG ACGCG CCG                 CGTCCAAGCGCTGCx
 4.8       8 ..      36   xxxxxxxxGGGGGAC       GTGG-GCAGACT CCCCTCC AGAC-GCGCCGC       GTCCAAGCGCTGCxx
 2.5       7 ..      37   xxxxxxxxxGGGGGA      CGTGG-GCAGACT CCCCTCC AGAC-GCGCCGCG      TCCAAGCGCTGCxxx
-6.8      28 ..      38   CAGACTCCCCTCCAG                 ACGC GCC GCGT                 CCAAGCGCTGCxxxx
-9.1      27 ..      39   GCAGACTCCCCTCCA                GACGC GCC GCGTC                CAAGCGCTGCxxxxx
-5.6      26 ..      40   GGCAGACTCCCCTCC               AGACGC GCC GCGTCC               AAGCGCTGCxxxxxx
-2.1      25 ..      41   GGGCAGACTCCCCTC              CAGACGC GCC GCGTCCA              AGCGCTGCxxxxxxx
 1.4      24 ..      42   TGGGCAGACTCCCCT             CCAGACGC GCC GCGTCCAA             GCGCTGCxxxxxxxx
 0.7      22 ..      43   CGTGGGCAGACTCCC           CTCCAGACGC GCC GCGTCCA-AG           CGCTGCxxxxxxxxx
 2.4      32 ..      44   CTCCCCTCCAGACGC                GC CGCGTCCAA GC                GCTGCxxxxxxxxxx
-2.9      34 ..      45   CCCCTCCAGACGCGC                CGC GTCCAA GCG                 CTGCxxxxxxxxxxx
-3.6      35 ..      46   CCCTCCAGACGCGCC                GCGT CCAA GCGC                 TGCxxxxxxxxxxxx
-0.1      34 ..      47   CCCCTCCAGACGCGC               CGCGT CCAA GCGCT                GCxxxxxxxxxxxxx
-2.4      33 ..      48   TCCCCTCCAGACGCG              CCGCGT CCAA GCGCTG               Cxxxxxxxxxxxxxx
