>JAGSGD010000001.1:c3275214-3275166 Phenylobacterium glaciei strain 20VBR1 1, whole genome shotgun sequence FORWARD
 4.7       1 ..      11   xxxxxxxxxxxxxxx                 C CGGGCCGAC G                 CGGGCGCCCGGCCAG
 2.9       1 ..      12   xxxxxxxxxxxxxxx                CCG GGCCGA CGC                 GGGCGCCCGGCCAGA
-1.4       2 ..      13   xxxxxxxxxxxxxxC                CGGG CCGA CGCG                 GGCGCCCGGCCAGAC
-3.7       1 ..      14   xxxxxxxxxxxxxxx               CCGGG CCGA CGCGG                GCGCCCGGCCAGACG
-2.4       5 ..      15   xxxxxxxxxxxCCGG                 GCCG ACG CGGG                 CGCCCGGCCAGACGG
-4.7       4 ..      16   xxxxxxxxxxxxCCG                GGCCG ACG CGGGC                GCCCGGCCAGACGGT
-2.4       7 ..      17   xxxxxxxxxCCGGGC                 CGAC GCG GGCG                 CCCGGCCAGACGGTG
-1.7       3 ..      18   xxxxxxxxxxxxxCC              GGGCC GACGCG GGCGC               CCGGCCAGACGGTGA
-1.5       3 ..      19   xxxxxxxxxxxxxCC             GG-GCC GACGCG GGCGCC              CGGCCAGACGGTGAG
-3.5       4 ..      20   xxxxxxxxxxxxCCG              GGCCGAC GCG GGCGCCC              GGCCAGACGGTGAGC
-5.6       2 ..      21   xxxxxxxxxxxxxxC            CGGGCCGAC GCG GGCG-CCCG            GCCAGACGGTGAGCC
-7.9       1 ..      22   xxxxxxxxxxxxxxx           CCGGGCCGAC GCG GGCG-CCCGG           CCAGACGGTGAGCCG
-4.7      11 ..      23   xxxxxCCGGGCCGAC                GCGGG CGC CCGGC                CAGACGGTGAGCCGT
-4.6       4 ..      24   xxxxxxxxxxxxCCG           GGCCGACGC GGGC GCC-CGGCC            AGACGGTGAGCCGTC
-1.1       3 ..      25   xxxxxxxxxxxxxCC          GGGCCGACGC GGGC GCC-CGGCCA           GACGGTGAGCCGTCC
-3.4       2 ..      26   xxxxxxxxxxxxxxC         CGGGCCGACGC GGGC GCC-CGGCCAG          ACGGTGAGCCGTCCA
 0.1       1 ..      27   xxxxxxxxxxxxxxx        CCGGGCCGACGC GGGC GCC-CGGCCAGA         CGGTGAGCCGTCCAA
   1      11 ..      28   xxxxxCCGGGCCGAC             G-CGGGC GCCCG GCCAGAC             GGTGAGCCGTCCAAG
-1.3      10 ..      29   xxxxxxCCGGGCCGA            CG-CGGGC GCCCG GCCAGACG            GTGAGCCGTCCAAGA
-2.9      19 ..      30   GGCCGACGCGGGCGC                CCG GCCAGA CGG                 TGAGCCGTCCAAGAC
 0.6      18 ..      31   GGGCCGACGCGGGCG               CCCG GCCAGA CGGT                GAGCCGTCCAAGACC
 0.8      18 ..      32   GGGCCGACGCGGGCG              C-CCG GCCAGA CGGTG               AGCCGTCCAAGACCC
 3.3      23 ..      33   GACGCGGGCGCCCGG                 CCA GACGG TGA                 GCCGTCCAAGACCCG
   2      16 ..      34   CCGGGCCGACGCGGG            CGC-CCG GCCAGA CGGTGAG             CCGTCCAAGACCCGC
-0.3      15 ..      35   xCCGGGCCGACGCGG           GCGC-CCG GCCAGA CGGTGAGC            CGTCCAAGACCCGCx
-2.6      14 ..      36   xxCCGGGCCGACGCG          GGCGC-CCG GCCAGA CGGTGAGCC           GTCCAAGACCCGCxx
-3.4      20 ..      37   GCCGACGCGGGCGCC             CGGC-CA GACGG TGAGCCG             TCCAAGACCCGCxxx
-5.8      27 ..      38   CGGGCGCCCGGCCAG                ACGG TGAG CCGT                 CCAAGACCCGCxxxx
-8.1      26 ..      39   GCGGGCGCCCGGCCA               GACGG TGAG CCGTC                CAAGACCCGCxxxxx
-4.6      25 ..      40   CGCGGGCGCCCGGCC              AGACGG TGAG CCGTCC               AAGACCCGCxxxxxx
-1.1      24 ..      41   ACGCGGGCGCCCGGC             CAGACGG TGAG CCGTCCA              AGACCCGCxxxxxxx
 2.4      23 ..      42   GACGCGGGCGCCCGG            CCAGACGG TGAG CCGTCCAA             GACCCGCxxxxxxxx
 2.6      23 ..      43   GACGCGGGCGCCCGG           C-CAGACGG TGAG CCGTCCAAG            ACCCGCxxxxxxxxx
 6.1      22 ..      44   CGACGCGGGCGCCCG          GC-CAGACGG TGAG CCGTCCAAGA           CCCGCxxxxxxxxxx
 2.9      34 ..      45   CCGGCCAGACGGTGA                GCC GTCCAA GAC                 CCGCxxxxxxxxxxx
  -1      36 ..      46   GGCCAGACGGTGAGC                 CGTC CAA GACC                 CGCxxxxxxxxxxxx
 2.5      35 ..      47   CGGCCAGACGGTGAG                CCGTC CAA GACCC                GCxxxxxxxxxxxxx
 2.4      36 ..      48   GGCCAGACGGTGAGC                CG TCCAAGACC CG                Cxxxxxxxxxxxxxx
