>CP062222.1:3614200-3614247 Brevundimonas goettingensis strain LVF2 chromosome, complete genome FORWARD
   7       1 ..      11   xxxxxxxxxxxxxxx                 TCGG GCA CATG                 CGGACGCCCGATCAG
 6.5       1 ..      12   xxxxxxxxxxxxxxx                TCG GGCACA TGC                 GGACGCCCGATCAGA
 1.4       2 ..      13   xxxxxxxxxxxxxxT                CG GGCACATG CG                 GACGCCCGATCAGAC
 2.7       1 ..      14   xxxxxxxxxxxxxxx               TCG GGCACATG CGG                ACGCCCGATCAGACG
   3       1 ..      15   xxxxxxxxxxxxxxx               TCGG GCACATG CGGA               CGCCCGATCAGACGG
 3.9       4 ..      16   xxxxxxxxxxxxTCG                GGC ACATGCG GAC                GCCCGATCAGACGGC
 4.1       2 ..      17   xxxxxxxxxxxxxxT              CGGGC ACATGC GGACG               CCCGATCAGACGGCT
 3.4       5 ..      18   xxxxxxxxxxxTCGG               GC ACATGCGGAC GC                CCGATCAGACGGCTC
 1.1       4 ..      19   xxxxxxxxxxxxTCG              GGC ACATGCGGAC GCC               CGATCAGACGGCTCC
-1.2       3 ..      20   xxxxxxxxxxxxxTC             GGGC ACATGCGGAC GCCC              GATCAGACGGCTCCC
-3.5       2 ..      21   xxxxxxxxxxxxxxT            CGGGC ACATGCGGAC GCCCG             ATCAGACGGCTCCCG
-4.4       1 ..      22   xxxxxxxxxxxxxxx           TCGGGC ACATGCGGAC GCCCGA            TCAGACGGCTCCCGT
-0.7       9 ..      23   xxxxxxxTCGGGCAC              ATGCGG ACGC CCG-AT               CAGACGGCTCCCGTC
 1.8      14 ..      24   xxTCGGGCACATGCG                 GA CGCCCGA TC                 AGACGGCTCCCGTCC
 3.9      10 ..      25   xxxxxxTCGGGCACA             TG--CGG ACGC CCGATCA              GACGGCTCCCGTCCA
   3      12 ..      26   xxxxTCGGGCACATG               CGGA CGCCCGA TCAG               ACGGCTCCCGTCCAA
 6.2      17 ..      27   CGGGCACATGCGGAC                 GC CCGATCA GA                 CGGCTCCCGTCCAAG
 2.9      17 ..      28   CGGGCACATGCGGAC                GCC CGATCA GAC                 GGCTCCCGTCCAAGC
 0.6      16 ..      29   TCGGGCACATGCGGA               CGCC CGATCA GACG                GCTCCCGTCCAAGCG
-2.9      19 ..      30   GGCACATGCGGACGC                CCG ATCAGA CGG                 CTCCCGTCCAAGCGC
 0.1      17 ..      31   CGGGCACATGCGGAC               GCC CGATCAGAC GGC               TCCCGTCCAAGCGCC
 1.9      17 ..      32   CGGGCACATGCGGAC              GCCCG ATCAGA CGGCT               CCCGTCCAAGCGCCG
   1      21 ..      33   CACATGCGGACGCCC                GATC AGACG GCTC                CCGTCCAAGCGCCGC
 0.6      13 ..      34   xxxTCGGGCACATGC           GGACGCC CGATCAGAC GGC-TCC           CGTCCAAGCGCCGCx
 2.5      13 ..      35   xxxTCGGGCACATGC           GGACGCC CGATCAGAC GGCTCCC           GTCCAAGCGCCGCxx
 0.2      12 ..      36   xxxxTCGGGCACATG          CGGACGCC CGATCAGAC GGCTCCCG          TCCAAGCGCCGCxxx
-6.8      27 ..      37   CGGACGCCCGATCAG                 ACGG CTC CCGT                 CCAAGCGCCGCxxxx
-9.1      26 ..      38   GCGGACGCCCGATCA                GACGG CTC CCGTC                CAAGCGCCGCxxxxx
-5.6      25 ..      39   TGCGGACGCCCGATC               AGACGG CTC CCGTCC               AAGCGCCGCxxxxxx
-2.1      24 ..      40   ATGCGGACGCCCGAT              CAGACGG CTC CCGTCCA              AGCGCCGCxxxxxxx
  -3      23 ..      41   CATGCGGACGCCCGA             TCAGACGG CTC CCGTCCAA             GCGCCGCxxxxxxxx
 0.5      22 ..      42   ACATGCGGACGCCCG            ATCAGACGG CTC CCGTCCAAG            CGCCGCxxxxxxxxx
-1.8      21 ..      43   CACATGCGGACGCCC           GATCAGACGG CTC CCGTCCAAGC           GCCGCxxxxxxxxxx
-4.1      20 ..      44   GCACATGCGGACGCC          CGATCAGACGG CTC CCGTCCAAGCG          CCGCxxxxxxxxxxx
-0.6      19 ..      45   GGCACATGCGGACGC         CCGATCAGACGG CTC CCGTCCAAGCGC         CGCxxxxxxxxxxxx
 0.3      29 ..      46   GACGCCCGATCAGAC             GGCTC CCGTCCAA GCGCC              GCxxxxxxxxxxxxx
  -2      28 ..      47   GGACGCCCGATCAGA            CGGCTC CCGTCCAA GCGCCG             Cxxxxxxxxxxxxxx
