>MAXC01000033.1:c192616-192567 Bradyrhizobium sp. LMTR 3 NODE_3, whole genome shotgun sequence FORWARD
-0.3       1 ..      11   xxxxxxxxxxxxxxx                 CGG GGAAA TCG                 CAGCCTCCCCGTCAA
 1.2       2 ..      12   xxxxxxxxxxxxxxC                 GGGG AAA TCGC                 AGCCTCCCCGTCAAA
 4.4       2 ..      13   xxxxxxxxxxxxxxC                GGGG AAAT CGCA                 GCCTCCCCGTCAAAT
 2.1       1 ..      14   xxxxxxxxxxxxxxx               CGGGG AAAT CGCAG                CCTCCCCGTCAAATG
 4.7       5 ..      15   xxxxxxxxxxxCGGG                 G AAATCGCAG C                 CTCCCCGTCAAATGG
 2.4       4 ..      16   xxxxxxxxxxxxCGG                GG AAATCGCAG CC                TCCCCGTCAAATGGC
 3.7       3 ..      17   xxxxxxxxxxxxxCG               GGG AAATCGCAG CCT               CCCCGTCAAATGGCG
 1.4       2 ..      18   xxxxxxxxxxxxxxC              GGGG AAATCGCAG CCTC              CCCGTCAAATGGCGA
 2.4       2 ..      19   xxxxxxxxxxxxxxC             GGGG AAATCGCAGC CTCC              CCGTCAAATGGCGAT
 0.2       3 ..      20   xxxxxxxxxxxxxCG             GGGA AATCGCAGCC TCCC              CGTCAAATGGCGATC
-2.1       2 ..      21   xxxxxxxxxxxxxxC            GGGGA AATCGCAGCC TCCCC             GTCAAATGGCGATCC
-4.4       1 ..      22   xxxxxxxxxxxxxxx           CGGGGA AATCGCAGCC TCCCCG            TCAAATGGCGATCCC
 1.6       1 ..      23   xxxxxxxxxxxxxxx          -CGGGGA AATCGCAGCC TCCCCGT           CAAATGGCGATCCCG
 1.9      14 ..      24   xxCGGGGAAATCGCA                 GCC TCCCC GTC                 AAATGGCGATCCCGT
 5.4      13 ..      25   xxxCGGGGAAATCGC                AGCC TCCCC GTCA                AATGGCGATCCCGTT
 7.6      16 ..      26   CGGGGAAATCGCAGC                 CT CCCCGTC AA                 ATGGCGATCCCGTTC
 6.1      17 ..      27   GGGGAAATCGCAGCC                 T CCCCGTCAA A                 TGGCGATCCCGTTCA
None      18 ..      28   GGGAAATCGCAGCCT                  CCCCGTCAAAT                  GGCGATCCCGTTCAA
 4.7      19 ..      29   GGAAATCGCAGCCTC                 C CCGTCAAAT G                 GCGATCCCGTTCAAG
-3.2      20 ..      30   GAAATCGCAGCCTCC                 CCGT CAA ATGG                 CGATCCCGTTCAAGC
 0.3      19 ..      31   GGAAATCGCAGCCTC                CCCGT CAA ATGGC                GATCCCGTTCAAGCG
-3.6      21 ..      32   AAATCGCAGCCTCCC                CGTC AAAT GGCG                 ATCCCGTTCAAGCGC
-2.9      17 ..      33   GGGGAAATCGCAGCC              TCCCCGT CAA ATGGCGA              TCCCGTTCAAGCGCT
 0.6      16 ..      34   CGGGGAAATCGCAGC             CTCCCCGT CAA ATGGCGAT             CCCGTTCAAGCGCTG
 4.1      15 ..      35   xCGGGGAAATCGCAG            CCTCCCCGT CAA ATGGCGATC            CCGTTCAAGCGCTGC
 1.8      14 ..      36   xxCGGGGAAATCGCA           GCCTCCCCGT CAA ATGGCGATCC           CGTTCAAGCGCTGCx
 5.3      13 ..      37   xxxCGGGGAAATCGC          AGCCTCCCCGT CAA ATGGCGATCCC          GTTCAAGCGCTGCxx
-0.3      28 ..      38   AGCCTCCCCGTCAAA                 TGG CGATC CCG                 TTCAAGCGCTGCxxx
-1.2      27 ..      39   CAGCCTCCCCGTCAA                ATGG CGATC CCGT                TCAAGCGCTGCxxxx
-2.1      26 ..      40   GCAGCCTCCCCGTCA               AATGG CGATC CCGTT               CAAGCGCTGCxxxxx
 1.4      25 ..      41   CGCAGCCTCCCCGTC              AAATGG CGATC CCGTTC              AAGCGCTGCxxxxxx
 1.5      28 ..      42   AGCCTCCCCGTCAAA              TG-GCG ATCC CGTTCA               AGCGCTGCxxxxxxx
   4      23 ..      43   ATCGCAGCCTCCCCG            TCAAATGG CGATC CCGTTCAA            GCGCTGCxxxxxxxx
 6.4      21 ..      44   AAATCGCAGCCTCCC          CGTCAAATGG CGAT CCCGTTCAAG           CGCTGCxxxxxxxxx
 5.4      30 ..      45   CCTCCCCGTCAAATG              GC GATCCCGTTCAA GC               GCTGCxxxxxxxxxx
 2.9      35 ..      46   CCGTCAAATGGCGAT                CCC GTTCAA GCG                 CTGCxxxxxxxxxxx
 1.7      30 ..      47   CCTCCCCGTCAAATG             GCGAT CCCGTTCA AGCGC              TGCxxxxxxxxxxxx
   3      29 ..      48   GCCTCCCCGTCAAAT            GGCGAT CCCGTTCA AGCGCT             GCxxxxxxxxxxxxx
 4.2      36 ..      49   CGTCAAATGGCGATC               CCGT TCAAGC GCTG                Cxxxxxxxxxxxxxx
