>JAEQNE010000002.1:316914-316966 Ramlibacter monticola strain KACC 19175 contig2, whole genome shotgun sequence FORWARD
 5.4       1 ..      11   xxxxxxxxxxxxxxx                -CG GGGAAA CGA                 GCAGGCTCCCCGCTT
 4.4       1 ..      12   xxxxxxxxxxxxxxx                CGGG GAAA CGAG                 CAGGCTCCCCGCTTC
 4.7       3 ..      13   xxxxxxxxxxxxxCG                 G GGAAACGAG C                 AGGCTCCCCGCTTCA
 6.2       4 ..      14   xxxxxxxxxxxxCGG                 GG AAACGAG CA                 GGCTCCCCGCTTCAA
 5.9       1 ..      15   xxxxxxxxxxxxxxx               CGG GGAAACGAG CAG               GCTCCCCGCTTCAAG
 8.4       1 ..      16   xxxxxxxxxxxxxxx              CGGG GAAACGAG CAGG               CTCCCCGCTTCAAGA
 6.7       5 ..      17   xxxxxxxxxxxCGGG                G AAACGAGCAGG C                TCCCCGCTTCAAGAC
 4.3       7 ..      18   xxxxxxxxxCGGGGA                AAC GAGCAG GCT                 CCCCGCTTCAAGACG
 2.5       9 ..      19   xxxxxxxCGGGGAAA                CGAG CAGG CTC-                 CCCGCTTCAAGACGC
   0       9 ..      20   xxxxxxxCGGGGAAA                CGAG CAGG CTCC                 CCGCTTCAAGACGCC
-0.1       3 ..      21   xxxxxxxxxxxxxCG             GGGAAAC GAGCA GGCTCCC             CGCTTCAAGACGCCG
-2.4       2 ..      22   xxxxxxxxxxxxxxC            GGGGAAAC GAGCA GGCTCCCC            GCTTCAAGACGCCGC
-4.7       1 ..      23   xxxxxxxxxxxxxxx           CGGGGAAAC GAGCA GGCTCCCCG           CTTCAAGACGCCGCG
-4.7      12 ..      24   xxxxCGGGGAAACGA                GCAGG CTC CCCGC                TTCAAGACGCCGCGG
-5.6      11 ..      25   xxxxxCGGGGAAACG               AGCAGG CTC CCCGCT               TCAAGACGCCGCGGC
-4.3      10 ..      26   xxxxxxCGGGGAAAC              GAGCAGG CTC CCCGCTT              CAAGACGCCGCGGCG
-1.9      10 ..      27   xxxxxxCGGGGAAAC             G-AGCAGG CTC CCCGCTTC             AAGACGCCGCGGCGT
 1.6       9 ..      28   xxxxxxxCGGGGAAA            CG-AGCAGG CTC CCCGCTTCA            AGACGCCGCGGCGTC
 5.1       8 ..      29   xxxxxxxxCGGGGAA           ACG-AGCAGG CTC CCCGCTTCAA           GACGCCGCGGCGTCC
 3.4      20 ..      30   GAAACGAGCAGGCTC                 CCCG CTT CAAG                 ACGCCGCGGCGTCCA
 4.8      18 ..      31   GGGAAACGAGCAGGC               TC CCCGCTTCAA GA                CGCCGCGGCGTCCAA
 4.8      22 ..      32   AACGAGCAGGCTCCC                 CGCT TCA AGAC                 GCCGCGGCGTCCAAG
-0.8      22 ..      33   AACGAGCAGGCTCCC                CG-CT TCA AGACG                CCGCGGCGTCCAAGT
-4.768e-08      23 ..      34   ACGAGCAGGCTCCCC                GCTT CAAG ACGC                 CGCGGCGTCCAAGTT
 3.5      15 ..      35   xCGGGGAAACGAGCA            GGCTCCCCG CTT CAAGACGCC            GCGGCGTCCAAGTTC
 1.2      21 ..      36   AAACGAGCAGGCTCC              CCGCTT CAAG ACGCCG               CGGCGTCCAAGTTCT
 3.1      23 ..      37   ACGAGCAGGCTCCCC               GCTTC AAGAC GCCGC               GGCGTCCAAGTTCTG
 0.8      22 ..      38   AACGAGCAGGCTCCC              CGCTTC AAGAC GCCGCG              GCGTCCAAGTTCTGT
-1.5      21 ..      39   AAACGAGCAGGCTCC             CCGCTTC AAGAC GCCGCGG             CGTCCAAGTTCTGTx
-2.4      30 ..      40   GGCTCCCCGCTTCAA                 GACG CCG CGGC                 GTCCAAGTTCTGTxx
-0.3      19 ..      41   GGAAACGAGCAGGCT           CCCCGCTTC AAGAC GCCGCGGCG           TCCAAGTTCTGTxxx
-5.8      31 ..      42   GCTCCCCGCTTCAAG                ACGC CGCG GCGT                 CCAAGTTCTGTxxxx
-8.1      30 ..      43   GGCTCCCCGCTTCAA               GACGC CGCG GCGTC                CAAGTTCTGTxxxxx
-4.6      29 ..      44   AGGCTCCCCGCTTCA              AGACGC CGCG GCGTCC               AAGTTCTGTxxxxxx
-1.1      28 ..      45   CAGGCTCCCCGCTTC             AAGACGC CGCG GCGTCCA              AGTTCTGTxxxxxxx
 2.4      27 ..      46   GCAGGCTCCCCGCTT            CAAGACGC CGCG GCGTCCAA             GTTCTGTxxxxxxxx
 1.1      35 ..      47   CCCGCTTCAAGACGC                CGCGG CGT CCAAG                TTCTGTxxxxxxxxx
 4.6      23 ..      48   ACGAGCAGGCTCCCC        GCTTCAAGACGC CGCG GCGTCC--AAGT         TCTGTxxxxxxxxxx
 4.3      38 ..      49   GCTTCAAGACGCCGC                GGC GTCCAA GTT                 CTGTxxxxxxxxxxx
 5.7      39 ..      50   CTTCAAGACGCCGCG                G CGTCCAAGTT C                 TGTxxxxxxxxxxxx
   7      38 ..      51   GCTTCAAGACGCCGC               GG CGTCCAAGTT CT                GTxxxxxxxxxxxxx
 4.7      37 ..      52   CGCTTCAAGACGCCG              CGG CGTCCAAGTT CTG               Txxxxxxxxxxxxxx
