>JYMT01000042.1:c688911-688865 Bradyrhizobium sp. LTSP885 NODE_42, whole genome shotgun sequence FORWARD
 7.6       1 ..      11   xxxxxxxxxxxxxxx                 TG GGGACAA TG                 CAGACTCCCCGTCAG
 4.7       2 ..      12   xxxxxxxxxxxxxxT                 G GGGACAATG C                 AGACTCCCCGTCAGA
 3.8       1 ..      13   xxxxxxxxxxxxxxx                TG GGGACAATG CA                GACTCCCCGTCAGAC
 8.3       2 ..      14   xxxxxxxxxxxxxxT                GGGGA CAA TGCAG                ACTCCCCGTCAGACC
 7.4       1 ..      15   xxxxxxxxxxxxxxx               TGGGGA CAA TGCAGA               CTCCCCGTCAGACCT
 2.9       5 ..      16   xxxxxxxxxxxTGGG                GAC AATGCA GAC                 TCCCCGTCAGACCTC
 4.2       4 ..      17   xxxxxxxxxxxxTGG               GGAC AATGCA GACT                CCCCGTCAGACCTCT
 1.9       3 ..      18   xxxxxxxxxxxxxTG              GGGAC AATGCA GACTC               CCCGTCAGACCTCTC
-0.4       2 ..      19   xxxxxxxxxxxxxxT             GGGGAC AATGCA GACTCC              CCGTCAGACCTCTCC
 0.2       3 ..      20   xxxxxxxxxxxxxTG             GGGA CAATGCAGAC TCCC              CGTCAGACCTCTCCG
-2.1       2 ..      21   xxxxxxxxxxxxxxT            GGGGA CAATGCAGAC TCCCC             GTCAGACCTCTCCGT
-0.8       1 ..      22   xxxxxxxxxxxxxxx           TGGGGA CAATGCAGAC TCCCCG            TCAGACCTCTCCGTC
 3.2      11 ..      23   xxxxxTGGGGACAAT                GCAG ACTCC CCGT                CAGACCTCTCCGTCC
-2.5      14 ..      24   xxTGGGGACAATGCA                 GAC TCCCC GTC                 AGACCTCTCCGTCCA
   1      13 ..      25   xxxTGGGGACAATGC                AGAC TCCCC GTCA                GACCTCTCCGTCCAA
-1.3      12 ..      26   xxxxTGGGGACAATG               CAGAC TCCCC GTCAG               ACCTCTCCGTCCAAG
 1.8      17 ..      27   GGGGACAATGCAGAC                 TC CCCGTCA GA                 CCTCTCCGTCCAAGC
 2.4      11 ..      28   xxxxxTGGGGACAAT             G-CAGAC TCCCC GTCAGAC             CTCTCCGTCCAAGCT
 5.9      10 ..      29   xxxxxxTGGGGACAA            TG-CAGAC TCCCC GTCAGACC            TCTCCGTCCAAGCTC
 4.8      20 ..      30   GACAATGCAGACTCC                 CCGT CAG ACCT                 CTCCGTCCAAGCTCT
 7.7      11 ..      31   xxxxxTGGGGACAAT            GCAGACT CCCCGTC AGACCTC            TCCGTCCAAGCTCTG
 7.2      21 ..      32   ACAATGCAGACTCCC                CG TCAGACCT CT                 CCGTCCAAGCTCTGC
 5.7      22 ..      33   CAATGCAGACTCCCC                G TCAGACCTCT C                 CGTCCAAGCTCTGCx
 5.8      23 ..      34   AATGCAGACTCCCCG                TCAG ACCT CTCC                 GTCCAAGCTCTGCxx
1.907e-07      24 ..      35   ATGCAGACTCCCCGT                CAGA CCTC TCCG                 TCCAAGCTCTGCxxx
 3.5      23 ..      36   AATGCAGACTCCCCG               TCAGA CCTC TCCGT                CCAAGCTCTGCxxxx
-1.5      26 ..      37   GCAGACTCCCCGTCA                GAC CTCTCC GTC                 CAAGCTCTGCxxxxx
   2      25 ..      38   TGCAGACTCCCCGTC               AGAC CTCTCC GTCC                AAGCTCTGCxxxxxx
 5.5      24 ..      39   ATGCAGACTCCCCGT              CAGAC CTCTCC GTCCA               AGCTCTGCxxxxxxx
 4.6      23 ..      40   AATGCAGACTCCCCG             TCAGAC CTCTCC GTCCAA              GCTCTGCxxxxxxxx
 1.8      31 ..      41   CTCCCCGTCAGACCT                 CT CCGTCCA AG                 CTCTGCxxxxxxxxx
 5.3      30 ..      42   ACTCCCCGTCAGACC                TCT CCGTCCA AGC                TCTGCxxxxxxxxxx
 6.4      27 ..      43   CAGACTCCCCGTCAG              ACCT CTCCGTCCA AGCT              CTGCxxxxxxxxxxx
 4.1      26 ..      44   GCAGACTCCCCGTCA             GACCT CTCCGTCCA AGCTC             TGCxxxxxxxxxxxx
 3.2      25 ..      45   TGCAGACTCCCCGTC            AGACCT CTCCGTCCA AGCTCT            GCxxxxxxxxxxxxx
 0.9      24 ..      46   ATGCAGACTCCCCGT           CAGACCT CTCCGTCCA AGCTCTG           Cxxxxxxxxxxxxxx
