>PSRR01000158.1:16747-16796 Bradyrhizobium sp. Leo170 Contig158_, whole genome shotgun sequence FORWARD
-0.3       1 ..      11   xxxxxxxxxxxxxxx                 CGG GGACG TCG                 CAGCCTCCCCGTAAA
 1.2       2 ..      12   xxxxxxxxxxxxxxC                 GGGG ACG TCGC                 AGCCTCCCCGTAAAA
 4.4       2 ..      13   xxxxxxxxxxxxxxC                GGGG ACGT CGCA                 GCCTCCCCGTAAAAT
 2.1       1 ..      14   xxxxxxxxxxxxxxx               CGGGG ACGT CGCAG                CCTCCCCGTAAAATG
 3.4       5 ..      15   xxxxxxxxxxxCGGG                 GACG TCG CAGC                 CTCCCCGTAAAATGG
 1.1       4 ..      16   xxxxxxxxxxxxCGG                GGACG TCG CAGCC                TCCCCGTAAAATGGT
 2.4       3 ..      17   xxxxxxxxxxxxxCG               GGGACG TCG CAGCCT               CCCCGTAAAATGGTG
 0.1       2 ..      18   xxxxxxxxxxxxxxC              GGGGACG TCG CAGCCTC              CCCGTAAAATGGTGG
  -1       4 ..      19   xxxxxxxxxxxxCGG              GGACGT CGCA GCCTCC               CCGTAAAATGGTGGC
-3.3       3 ..      20   xxxxxxxxxxxxxCG             GGGACGT CGCA GCCTCCC              CGTAAAATGGTGGCC
-5.6       2 ..      21   xxxxxxxxxxxxxxC            GGGGACGT CGCA GCCTCCCC             GTAAAATGGTGGCCC
-7.9       1 ..      22   xxxxxxxxxxxxxxx           CGGGGACGT CGCA GCCTCCCCG            TAAAATGGTGGCCCC
-1.9       1 ..      23   xxxxxxxxxxxxxxx          -CGGGGACGT CGCA GCCTCCCCGT           AAAATGGTGGCCCCA
 4.1       1 ..      24   xxxxxxxxxxxxxxx         --CGGGGACGT CGCA GCCTCCCCGTA          AAATGGTGGCCCCAT
 5.8       9 ..      25   xxxxxxxCGGGGACG              TCGCAG CCTCC CCGTAA              AATGGTGGCCCCATG
 7.6      16 ..      26   CGGGGACGTCGCAGC                 CT CCCCGTA AA                 ATGGTGGCCCCATGC
 6.1      17 ..      27   GGGGACGTCGCAGCC                 T CCCCGTAAA A                 TGGTGGCCCCATGCA
None      18 ..      28   GGGACGTCGCAGCCT                  CCCCGTAAAAT                  GGTGGCCCCATGCAA
 4.7      19 ..      29   GGACGTCGCAGCCTC                 C CCGTAAAAT G                 GTGGCCCCATGCAAG
-3.2      20 ..      30   GACGTCGCAGCCTCC                 CCGT AAA ATGG                 TGGCCCCATGCAAGC
 0.3      19 ..      31   GGACGTCGCAGCCTC                CCCGT AAA ATGGT                GGCCCCATGCAAGCG
  -2      18 ..      32   GGGACGTCGCAGCCT               CCCCGT AAA ATGGTG               GCCCCATGCAAGCGC
-1.8      18 ..      33   GGGACGTCGCAGCCT              CC-CCGT AAA ATGGTGG              CCCCATGCAAGCGCT
  -1      14 ..      34   xxCGGGGACGTCGCA            GCCTCC CCGTAAAAT GGTGGC            CCCATGCAAGCGCTG
 2.5      13 ..      35   xxxCGGGGACGTCGC           AGCCTCC CCGTAAAAT GGTGGCC           CCATGCAAGCGCTGC
   4      14 ..      36   xxCGGGGACGTCGCA           GCCTCCCCGT AAA ATGGTGGCCC           CATGCAAGCGCTGCx
 3.4      27 ..      37   CAGCCTCCCCGTAAA                 ATGG TGG CCCC                 ATGCAAGCGCTGCxx
-2.5      28 ..      38   AGCCTCCCCGTAAAA                 TGG TGGCC CCA                 TGCAAGCGCTGCxxx
-3.4      27 ..      39   CAGCCTCCCCGTAAA                ATGG TGGCC CCAT                GCAAGCGCTGCxxxx
 0.1      26 ..      40   GCAGCCTCCCCGTAA               AATGG TGGCC CCATG               CAAGCGCTGCxxxxx
 3.6      25 ..      41   CGCAGCCTCCCCGTA              AAATGG TGGCC CCATGC              AAGCGCTGCxxxxxx
 1.9      32 ..      42   TCCCCGTAAAATGGT                 GGC CCCAT GCA                 AGCGCTGCxxxxxxx
   1      31 ..      43   CTCCCCGTAAAATGG                TGGC CCCAT GCAA                GCGCTGCxxxxxxxx
 4.5      30 ..      44   CCTCCCCGTAAAATG               GTGGC CCCAT GCAAG               CGCTGCxxxxxxxxx
 2.2      29 ..      45   GCCTCCCCGTAAAAT              GGTGGC CCCAT GCAAGC              GCTGCxxxxxxxxxx
 2.9      35 ..      46   CCGTAAAATGGTGGC                CCC ATGCAA GCG                 CTGCxxxxxxxxxxx
 1.6      33 ..      47   CCCCGTAAAATGGTG               GCCC CATGCAA GCGC               TGCxxxxxxxxxxxx
 2.5      38 ..      48   TAAAATGGTGGCCCC                ATGC AAGC GC-T                 GCxxxxxxxxxxxxx
 0.2      37 ..      49   GTAAAATGGTGGCCC               CATGC AAGC GC-TG                Cxxxxxxxxxxxxxx
