>PKRR01000002.1:542826-542893 Uliginosibacterium sp. TH139 NODE_2_length_767930_cov_428.101714, whole genome shotgun sequence FORWARD
None       1 ..      11   xxxxxxxxxxxxxxx                  GCCCCAGCTAG                  TCCGGCCAGACGAAA
   5       1 ..      12   xxxxxxxxxxxxxxx                GC CCCAGCTA GT                 CCGGCCAGACGAAAA
 3.9       1 ..      13   xxxxxxxxxxxxxxx                GCC CCAGCTA GTC                CGGCCAGACGAAAAG
 6.4       1 ..      14   xxxxxxxxxxxxxxx               GCCC CAGCTA GTCC                GGCCAGACGAAAAGC
 1.9       5 ..      15   xxxxxxxxxxxGCCC                 CAG CTAGT CCG                 GCCAGACGAAAAGCG
-0.4       4 ..      16   xxxxxxxxxxxxGCC                CCAG CTAGT CCGG                CCAGACGAAAAGCGG
-0.3       7 ..      17   xxxxxxxxxGCCCCA                 GCT AGTCC GGC                 CAGACGAAAAGCGGG
 3.2       6 ..      18   xxxxxxxxxxGCCCC                AGCT AGTCC GGCC                AGACGAAAAGCGGGA
 2.6       9 ..      19   xxxxxxxGCCCCAGC                 TAGT CCG GCCA                 GACGAAAAGCGGGAA
 0.3       8 ..      20   xxxxxxxxGCCCCAG                CTAGT CCG GCCAG                ACGAAAAGCGGGAAA
 3.8       7 ..      21   xxxxxxxxxGCCCCA               GCTAGT CCG GCCAGA               CGAAAAGCGGGAAAC
-1.5      11 ..      22   xxxxxGCCCCAGCTA                GTC CGGCCA GAC                 GAAAAGCGGGAAACC
   2      10 ..      23   xxxxxxGCCCCAGCT               AGTC CGGCCA GACG                AAAAGCGGGAAACCT
 1.1       9 ..      24   xxxxxxxGCCCCAGC              TAGTC CGGCCA GACGA               AAAGCGGGAAACCTT
   2      12 ..      25   xxxxGCCCCAGCTAG               TCCG GCCAGA CGAA                AAGCGGGAAACCTTC
 5.5      11 ..      26   xxxxxGCCCCAGCTA              GTCCG GCCAGA CGAAA               AGCGGGAAACCTTCG
   9      10 ..      27   xxxxxxGCCCCAGCT             AGTCCG GCCAGA CGAAAA              GCGGGAAACCTTCGC
 4.7      18 ..      28   CCCAGCTAGTCCGGC                 C AGACGAAAA G                 CGGGAAACCTTCGCC
 3.4      16 ..      29   GCCCCAGCTAGTCCG               GC CAGACGAAAA GC                GGGAAACCTTCGCCC
 6.4      14 ..      30   xxGCCCCAGCTAGTC              CG GCCAGACGAAAAG CG              GGAAACCTTCGCCCG
 1.9      21 ..      31   AGCTAGTCCGGCCAG                 ACG AAAAG CGG                 GAAACCTTCGCCCGC
 2.3      13 ..      32   xxxGCCCCAGCTAGT            CCGGC CAGACGAAAA GCGGG             AAACCTTCGCCCGCC
 1.4      12 ..      33   xxxxGCCCCAGCTAG           TCCGGC CAGACGAAAA GCGGGA            AACCTTCGCCCGCCT
 4.9      11 ..      34   xxxxxGCCCCAGCTA          GTCCGGC CAGACGAAAA GCGGGAA           ACCTTCGCCCGCCTG
 8.4      10 ..      35   xxxxxxGCCCCAGCT         AGTCCGGC CAGACGAAAA GCGGGAAA          CCTTCGCCCGCCTGC
 7.7      23 ..      36   CTAGTCCGGCCAGAC               G AAAAGCGGGAAA C                CTTCGCCCGCCTGCT
 6.2      27 ..      37   TCCGGCCAGACGAAA                 AG CGGGAAA CC                 TTCGCCCGCCTGCTG
 2.8      27 ..      38   TCCGGCCAGACGAAA                AG CGGGAAAC CT                 TCGCCCGCCTGCTGG
 1.2      29 ..      39   CGGCCAGACGAAAAG                 CGGG AAA CCTT                 CGCCCGCCTGCTGGG
-1.1      28 ..      40   CCGGCCAGACGAAAA                GCGGG AAA CCTTC                GCCCGCCTGCTGGGG
 0.4      31 ..      41   GCCAGACGAAAAGCG                 GGAA ACC TTCG                 CCCGCCTGCTGGGGC
-1.9      30 ..      42   GGCCAGACGAAAAGC                GGGAA ACC TTCGC                CCGCCTGCTGGGGCA
-1.7      30 ..      43   GGCCAGACGAAAAGC               GG-GAA ACC TTCGCC               CGCCTGCTGGGGCAC
-0.7      28 ..      44   CCGGCCAGACGAAAA              GCGGGAA ACC TTCGCCC              GCCTGCTGGGGCACC
-2.2      29 ..      45   CGGCCAGACGAAAAG              CGGG AAACCTTCG CCCG              CCTGCTGGGGCACCC
-4.5      28 ..      46   CCGGCCAGACGAAAA             GCGGG AAACCTTCG CCCGC             CTGCTGGGGCACCCA
  -1      27 ..      47   TCCGGCCAGACGAAA            AGCGGG AAACCTTCG CCCGCC            TGCTGGGGCACCCAA
-1.9      26 ..      48   GTCCGGCCAGACGAA           AAGCGGG AAACCTTCG CCCGCCT           GCTGGGGCACCCAAT
 1.6      25 ..      49   AGTCCGGCCAGACGA          AAAGCGGG AAACCTTCG CCCGCCTG          CTGGGGCACCCAATG
 3.1      28 ..      50   CCGGCCAGACGAAAA           GCGGG AAACCTTCGCCCG CCTGC           TGGGGCACCCAATGA
 2.2      27 ..      51   TCCGGCCAGACGAAA          AGCGGG AAACCTTCGCCCG CCTGCT          GGGGCACCCAATGAA
 3.1      40 ..      52   AAAGCGGGAAACCTT               C-GC CCGCCT GCTG                GGGCACCCAATGAAG
-1.4      42 ..      53   AGCGGGAAACCTTCG                CCCG CCTG CTGG                 GGCACCCAATGAAGG
-2.6      42 ..      54   AGCGGGAAACCTTCG                CCCG CCTGC TGGG                GCACCCAATGAAGGx
-1.4      44 ..      55   CGGGAAACCTTCGCC                CGCC TGCT GGGG                 CACCCAATGAAGGxx
-3.6      45 ..      56   GGGAAACCTTCGCCC                GCCT GCTG GGGC                 ACCCAATGAAGGxxx
-0.1      44 ..      57   CGGGAAACCTTCGCC               CGCCT GCTG GGGCA                CCCAATGAAGGxxxx
   0      47 ..      58   GAAACCTTCGCCCGC                CTGC TGGG GCAC                 CCAATGAAGGxxxxx
  -1      49 ..      59   AACCTTCGCCCGCCT                 GCTG GGG CACC                 CAATGAAGGxxxxxx
 1.2      45 ..      60   GGGAAACCTTCGCCC              GCCTGC TGGG GCACCC               AATGAAGGxxxxxxx
-6.8      51 ..      61   CCTTCGCCCGCCTGC                 TGGG GCA CCCA                 ATGAAGGxxxxxxxx
-3.3      50 ..      62   ACCTTCGCCCGCCTG                CTGGG GCA CCCAA                TGAAGGxxxxxxxxx
  -2      49 ..      63   AACCTTCGCCCGCCT               GCTGGG GCA CCCAAT               GAAGGxxxxxxxxxx
-0.7      48 ..      64   AAACCTTCGCCCGCC              TGCTGGG GCA CCCAATG              AAGGxxxxxxxxxxx
 2.8      47 ..      65   GAAACCTTCGCCCGC             CTGCTGGG GCA CCCAATGA             AGGxxxxxxxxxxxx
 5.5      48 ..      66   AAACCTTCGCCCGCC            TGC--TGGG GCA CCCAATGAA            GGxxxxxxxxxxxxx
 3.2      47 ..      67   GAAACCTTCGCCCGC           CTGC--TGGG GCA CCCAATGAAG           Gxxxxxxxxxxxxxx
