>AVPT01000029.1:c5900-5834 Lysobacter arseniciresistens ZS79 contig39, whole genome shotgun sequence FORWARD
 3.4       1 ..      11   xxxxxxxxxxxxxxx                 CCCG CGC CTAG                 CCCGACGGGGCGAAA
 6.2       2 ..      12   xxxxxxxxxxxxxxC                 CC GCGCCTA GC                 CCGACGGGGCGAAAA
 1.9       3 ..      13   xxxxxxxxxxxxxCC                 CGC GCCTA GCC                 CGACGGGGCGAAAAG
-2.4       4 ..      14   xxxxxxxxxxxxCCC                 GCGC CTA GCCC                 GACGGGGCGAAAAGC
-4.7       3 ..      15   xxxxxxxxxxxxxCC                CGCGC CTA GCCCG                ACGGGGCGAAAAGCC
-1.2       2 ..      16   xxxxxxxxxxxxxxC               CCGCGC CTA GCCCGA               CGGGGCGAAAAGCCG
 2.3       1 ..      17   xxxxxxxxxxxxxxx              CCCGCGC CTA GCCCGAC              GGGGCGAAAAGCCGG
 0.6       5 ..      18   xxxxxxxxxxxCCCG               CGCC TAGCCC GACG                GGGCGAAAAGCCGGT
-0.5       2 ..      19   xxxxxxxxxxxxxxC             CCG-CG CCTAGCC CGACGG             GGCGAAAAGCCGGTC
-2.8       1 ..      20   xxxxxxxxxxxxxxx            CCCG-CG CCTAGCC CGACGGG            GCGAAAAGCCGGTCA
-2.4      11 ..      21   xxxxxCCCGCGCCTA                 GCCC GAC GGGG                 CGAAAAGCCGGTCAC
-7.2      11 ..      22   xxxxxCCCGCGCCTA                GCCC GACG GGGC                 GAAAAGCCGGTCACC
-3.7      10 ..      23   xxxxxxCCCGCGCCT               AGCCC GACG GGGCG                AAAAGCCGGTCACCC
-4.6       9 ..      24   xxxxxxxCCCGCGCC              TAGCCC GACG GGGCGA               AAAGCCGGTCACCCT
-1.1       8 ..      25   xxxxxxxxCCCGCGC             CTAGCCC GACG GGGCGAA              AAGCCGGTCACCCTG
 2.4       7 ..      26   xxxxxxxxxCCCGCG            CCTAGCCC GACG GGGCGAAA             AGCCGGTCACCCTGC
 5.9       6 ..      27   xxxxxxxxxxCCCGC           GCCTAGCCC GACG GGGCGAAAA            GCCGGTCACCCTGCC
 3.6       5 ..      28   xxxxxxxxxxxCCCG          CGCCTAGCCC GACG GGGCGAAAAG           CCGGTCACCCTGCCG
 1.3       4 ..      29   xxxxxxxxxxxxCCC         GCGCCTAGCCC GACG GGGCGAAAAGC          CGGTCACCCTGCCGG
-3.9      20 ..      30   CGCCTAGCCCGACGG                 GGC GAAAA GCC                 GGTCACCCTGCCGGC
-0.4      19 ..      31   GCGCCTAGCCCGACG                GGGC GAAAA GCCG                GTCACCCTGCCGGCC
 0.2       1 ..      32   xxxxxxxxxxxxxxx      CCCGCGCCTAGCCC GACG GGGCGAAAAGCCGG       TCACCCTGCCGGCCT
 1.7      16 ..      33   CCCGCGCCTAGCCCG             ACGGG GCGAAAAG CCGGT              CACCCTGCCGGCCTG
-0.6      15 ..      34   xCCCGCGCCTAGCCC            GACGGG GCGAAAAG CCGGTC             ACCCTGCCGGCCTGG
 2.9      14 ..      35   xxCCCGCGCCTAGCC           CGACGGG GCGAAAAG CCGGTCA            CCCTGCCGGCCTGGC
   4      21 ..      36   GCCTAGCCCGACGGG              GCGA AAAGCCGG TCAC               CCTGCCGGCCTGGCG
 1.7      20 ..      37   CGCCTAGCCCGACGG             GGCGA AAAGCCGG TCACC              CTGCCGGCCTGGCGC
-0.6      19 ..      38   GCGCCTAGCCCGACG            GGGCGA AAAGCCGG TCACCC             TGCCGGCCTGGCGCG
 0.7      18 ..      39   CGCGCCTAGCCCGAC           GGGGCGA AAAGCCGG TCACCCT            GCCGGCCTGGCGCGG
-1.6      17 ..      40   CCGCGCCTAGCCCGA          CGGGGCGA AAAGCCGG TCACCCTG           CCGGCCTGGCGCGGA
-3.7      28 ..      41   CCGACGGGGCGAAAA               GCCGG TCAC CCTGC                CGGCCTGGCGCGGAC
  -1      32 ..      42   CGGGGCGAAAAGCCG                 GTCA CCC TGCC                 GGCCTGGCGCGGACC
-3.1      30 ..      43   GACGGGGCGAAAAGC               CGGTCA CCC TG-CCG               GCCTGGCGCGGACCT
-5.4      29 ..      44   CGACGGGGCGAAAAG              CCGGTCA CCC TG-CCGG              CCTGGCGCGGACCTT
-7.7      28 ..      45   CCGACGGGGCGAAAA             GCCGGTCA CCC TG-CCGGC             CTGGCGCGGACCTTC
-4.2      27 ..      46   CCCGACGGGGCGAAA            AGCCGGTCA CCC TG-CCGGCC            TGGCGCGGACCTTCT
-5.1      26 ..      47   GCCCGACGGGGCGAA           AAGCCGGTCA CCC TG-CCGGCCT           GGCGCGGACCTTCTC
-3.4       9 ..      48   xxxxxxxCCCGCGCC  TAGCCCGACGGGGCGA AAAGCCGG TCACCCTGCCGGCCTG   GCGCGGACCTTCTCA
-5.7       8 ..      49   xxxxxxxxCCCGCGC CTAGCCCGACGGGGCGA AAAGCCGG TCACCCTGCCGGCCTGG  CGCGGACCTTCTCAG
-5.6       6 ..      50   xxxxxxxxxxCCCGC GCCTAGCCCGACGGGGCGA AAAGCCGG TCACCCTGCCGGCCT-GGC GCGGACCTTCTCAGG
-7.9       5 ..      51   xxxxxxxxxxxCCCG CGCCTAGCCCGACGGGGCGA AAAGCCGG TCACCCTGCCGGCCT-GGCG CGGACCTTCTCAGGG
-10.2       4 ..      52   xxxxxxxxxxxxCCC GCGCCTAGCCCGACGGGGCGA AAAGCCGG TCACCCTGCCGGCCT-GGCGC GGACCTTCTCAGGGG
-12.5       3 ..      53   xxxxxxxxxxxxxCC CGCGCCTAGCCCGACGGGGCGA AAAGCCGG TCACCCTGCCGGCCT-GGCGCG GACCTTCTCAGGGGx
-14.8       2 ..      54   xxxxxxxxxxxxxxC CCGCGCCTAGCCCGACGGGGCGA AAAGCCGG TCACCCTGCCGGCCT-GGCGCGG ACCTTCTCAGGGGxx
-11.3       1 ..      55   xxxxxxxxxxxxxxx CCCGCGCCTAGCCCGACGGGGCGA AAAGCCGG TCACCCTGCCGGCCT-GGCGCGGA CCTTCTCAGGGGxxx
-5.3       1 ..      56   xxxxxxxxxxxxxxx -CCCGCGCCTAGCCCGACGGGGCGA AAAGCCGG TCACCCTGCCGGCCT-GGCGCGGAC CTTCTCAGGGGxxxx
-3.4      43 ..      57   GCCGGTCACCCTGCC               GGCCTG GCG CGGACC               TTCTCAGGGGxxxxx
 0.1      42 ..      58   AGCCGGTCACCCTGC              CGGCCTG GCG CGGACCT              TCTCAGGGGxxxxxx
 3.6      41 ..      59   AAGCCGGTCACCCTG             CCGGCCTG GCG CGGACCTT             CTCAGGGGxxxxxxx
 1.3      40 ..      60   AAAGCCGGTCACCCT            GCCGGCCTG GCG CGGACCTTC            TCAGGGGxxxxxxxx
 2.3      27 ..      61   CCCGACGGGGCGAAA    AGCCGGTCACCCTGCCG GCC TGGC-GCG-GACCTTCT    CAGGGGxxxxxxxxx
 2.2      51 ..      62   CCCTGCCGGCCTGGC                GCGG ACCT TCTC                 AGGGGxxxxxxxxxx
 3.3      53 ..      63   CTGCCGGCCTGGCGC                 GGA CCTTC TCA                 GGGGxxxxxxxxxxx
   1      52 ..      64   CCTGCCGGCCTGGCG                CGGA CCTTC TCAG                GGGxxxxxxxxxxxx
 0.5      45 ..      65   CGGTCACCCTGCCGG            CCTGGCGCG GAC CTTCTCAGG            GGxxxxxxxxxxxxx
-3.2      56 ..      66   CCGGCCTGGCGCGGA                 CCTT CTC AGGG                 Gxxxxxxxxxxxxxx
