>LVJN01000015.1:438413-438479 Magnetofaba australis IT-1 contig00015, whole genome shotgun sequence FORWARD
 4.7       1 ..      11   xxxxxxxxxxxxxxx                 G CCCGGCCTA C                 CGCGACGGCGGGAAA
 5.7       1 ..      12   xxxxxxxxxxxxxxx                G CCCGGCCTAC C                 GCGACGGCGGGAAAA
 1.1       3 ..      13   xxxxxxxxxxxxxGC                CCGG CCTA CCG-                 CGACGGCGGGAAAAG
-1.4       3 ..      14   xxxxxxxxxxxxxGC                CCGG CCTA CCGC                 GACGGCGGGAAAAGG
-3.7       2 ..      15   xxxxxxxxxxxxxxG               CCCGG CCTA CCGCG                ACGGCGGGAAAAGGC
-0.2       1 ..      16   xxxxxxxxxxxxxxx              GCCCGG CCTA CCGCGA               CGGCGGGAAAAGGCG
-4.768e-08       1 ..      17   xxxxxxxxxxxxxxx             G-CCCGG CCTA CCGCGAC              GGCGGGAAAAGGCGG
 1.6       4 ..      18   xxxxxxxxxxxxGCC               CGGC CTACCGC GACG               GCGGGAAAAGGCGGT
-0.7       3 ..      19   xxxxxxxxxxxxxGC              CCGGC CTACCGC GACGG              CGGGAAAAGGCGGTT
-2.4      10 ..      20   xxxxxxGCCCGGCCT                 ACCG CGA CGGC                 GGGAAAAGGCGGTTC
-1.1       9 ..      21   xxxxxxxGCCCGGCC                TACCG CGA CGGCG                GGAAAAGGCGGTTCC
-7.2      11 ..      22   xxxxxGCCCGGCCTA                CCGC GACG GCGG                 GAAAAGGCGGTTCCT
-5.7       7 ..      23   xxxxxxxxxGCCCGG              CCTACCG CGA CGGCGGG              AAAAGGCGGTTCCTC
-4.6       9 ..      24   xxxxxxxGCCCGGCC              TACCGC GACG GCGGGA               AAAGGCGGTTCCTCA
-1.1       8 ..      25   xxxxxxxxGCCCGGC             CTACCGC GACG GCGGGAA              AAGGCGGTTCCTCAC
 2.4       7 ..      26   xxxxxxxxxGCCCGG            CCTACCGC GACG GCGGGAAA             AGGCGGTTCCTCACC
 5.9       6 ..      27   xxxxxxxxxxGCCCG           GCCTACCGC GACG GCGGGAAAA            GGCGGTTCCTCACCG
 5.7      17 ..      28   CCCGGCCTACCGCGA                C GGCGGGAAAA G                 GCGGTTCCTCACCGC
 6.1       7 ..      29   xxxxxxxxxGCCCGG          CC-TACCGCG ACGG CGGGAAAAGG           CGGTTCCTCACCGCC
 1.4      19 ..      30   CGGCCTACCGCGACG                GC GGGAAAAG GC                 GGTTCCTCACCGCCC
 1.4      20 ..      31   GGCCTACCGCGACGG                CG GGAAAAGG CG                 GTTCCTCACCGCCCT
 2.5       3 ..      32   xxxxxxxxxxxxxGC       CCGGCCTACCGCG ACGG CGGGAAAAGGCGG        TTCCTCACCGCCCTG
 1.7      16 ..      33   GCCCGGCCTACCGCG             ACGGC GGGAAAAG GCGGT              TCCTCACCGCCCTGG
   3      15 ..      34   xGCCCGGCCTACCGC            GACGGC GGGAAAAG GCGGTT             CCTCACCGCCCTGGC
 0.9      23 ..      35   CTACCGCGACGGCGG                GAA AAGGCGG TTC                CTCACCGCCCTGGCC
-1.4      22 ..      36   CCTACCGCGACGGCG               GGAA AAGGCGG TTCC               TCACCGCCCTGGCCG
-2.5      27 ..      37   CGCGACGGCGGGAAA                 AGG CGGTT CCT                 CACCGCCCTGGCCGG
   1      26 ..      38   CCGCGACGGCGGGAA                AAGG CGGTT CCTC                ACCGCCCTGGCCGGG
 4.4      28 ..      39   GCGACGGCGGGAAAA                GGCG GTTC CTCA                 CCGCCCTGGCCGGGC
 2.2      29 ..      40   CGACGGCGGGAAAAG                GCGG TTCC TCAC                 CGCCCTGGCCGGGCT
-2.5      31 ..      41   ACGGCGGGAAAAGGC                 GGT TCCTC ACC                 GCCCTGGCCGGGCTC
-4.8      30 ..      42   GACGGCGGGAAAAGG                CGGT TCCTC ACCG                CCCTGGCCGGGCTCA
-7.1      29 ..      43   CGACGGCGGGAAAAG               GCGGT TCCTC ACCGC               CCTGGCCGGGCTCAT
-9.4      28 ..      44   GCGACGGCGGGAAAA              GGCGGT TCCTC ACCGCC              CTGGCCGGGCTCATC
-5.9      27 ..      45   CGCGACGGCGGGAAA             AGGCGGT TCCTC ACCGCCC             TGGCCGGGCTCATCT
-6.8      26 ..      46   CCGCGACGGCGGGAA            AAGGCGGT TCCTC ACCGCCCT            GGCCGGGCTCATCTT
-3.3      25 ..      47   ACCGCGACGGCGGGA           AAAGGCGGT TCCTC ACCGCCCTG           GCCGGGCTCATCTTT
 0.2      24 ..      48   TACCGCGACGGCGGG          AAAAGGCGGT TCCTC ACCGCCCTGG          CCGGGCTCATCTTTG
-2.1      23 ..      49   CTACCGCGACGGCGG         GAAAAGGCGGT TCCTC ACCGCCCTGGC         CGGGCTCATCTTTGA
-4.4      22 ..      50   CCTACCGCGACGGCG        GGAAAAGGCGGT TCCTC ACCGCCCTGGCC        GGGCTCATCTTTGAG
-2.4      41 ..      51   AAGGCGGTTCCTCAC                 CGCC CTG GCCG                 GGCTCATCTTTGAGG
-4.7      40 ..      52   AAAGGCGGTTCCTCA                CCGCC CTG GCCGG                GCTCATCTTTGAGGG
-3.9      43 ..      53   GGCGGTTCCTCACCG                 CCC TGGCC GGG                 CTCATCTTTGAGGGx
-6.2      42 ..      54   AGGCGGTTCCTCACC                GCCC TGGCC GGGC                TCATCTTTGAGGGxx
-2.7      41 ..      55   AAGGCGGTTCCTCAC               CGCCC TGGCC GGGCT               CATCTTTGAGGGxxx
 0.8      15 ..      56   xGCCCGGCCTACCGC GACGGCGGGAAAAGGCGGT TCCTC ACCGCCCTGGCCGGGC-TC ATCTTTGAGGGxxxx
-0.8      46 ..      57   GGTTCCTCACCGCCC                TG-GC CGG GCTCA                TCTTTGAGGGxxxxx
 2.7      45 ..      58   CGGTTCCTCACCGCC               CTG-GC CGG GCTCAT               CTTTGAGGGxxxxxx
 4.4      48 ..      59   TTCCTCACCGCCCTG                GCCG GGCT CATC                 TTTGAGGGxxxxxxx
 5.5      50 ..      60   CCTCACCGCCCTGGC                 CGG GCTCA TCT                 TTGAGGGxxxxxxxx
 3.3      51 ..      61   CTCACCGCCCTGGCC                 GGG CTCAT CTT                 TGAGGGxxxxxxxxx
 6.8      50 ..      62   CCTCACCGCCCTGGC                CGGG CTCAT CTTT                GAGGGxxxxxxxxxx
 4.5      49 ..      63   TCCTCACCGCCCTGG               CCGGG CTCAT CTTTG               AGGGxxxxxxxxxxx
 3.9      54 ..      64   ACCGCCCTGGCCGGG                CTCA TCTT TGA-                 GGGxxxxxxxxxxxx
-4.4      54 ..      65   ACCGCCCTGGCCGGG                CTCA TCTT TGAG                 GGxxxxxxxxxxxxx
  -1      56 ..      66   CGCCCTGGCCGGGCT                 CATC TTT GAGG                 Gxxxxxxxxxxxxxx
