>AMXB01000020.1:48728-48796 Thauera sp. 27 Cont20, whole genome shotgun sequence FORWARD
None       1 ..      11   xxxxxxxxxxxxxxx                  GCCGCGCCTAG                  GACGGCCATCCGAAA
 0.4       2 ..      12   xxxxxxxxxxxxxxG                 CC GCGCCTA GG                 ACGGCCATCCGAAAA
 3.9       1 ..      13   xxxxxxxxxxxxxxx                GCC GCGCCTA GGA                CGGCCATCCGAAAAG
 3.4       4 ..      14   xxxxxxxxxxxxGCC                 GCGC CTA GGAC                 GGCCATCCGAAAAGG
-2.4       5 ..      15   xxxxxxxxxxxGCCG                 CGCC TAG GACG                 GCCATCCGAAAAGGG
-1.2       2 ..      16   xxxxxxxxxxxxxxG               CCGCGC CTA GGACGG               CCATCCGAAAAGGGG
-3.5       1 ..      17   xxxxxxxxxxxxxxx              GCCGCGC CTA GGACGGC              CATCCGAAAAGGGGG
 0.6       5 ..      18   xxxxxxxxxxxGCCG               CGCC TAGGAC GGCC                ATCCGAAAAGGGGGA
 2.5       9 ..      19   xxxxxxxGCCGCGCC                TAGG ACGG CC-A                 TCCGAAAAGGGGGAT
 2.5      10 ..      20   xxxxxxGCCGCGCCT                A-GG ACGG CCAT                 CCGAAAAGGGGGATA
   4      11 ..      21   xxxxxGCCGCGCCTA                 GG ACGGCCA TC                 CGAAAAGGGGGATAC
-1.5      11 ..      22   xxxxxGCCGCGCCTA                GGA CGGCCA TCC                 GAAAAGGGGGATACC
 1.1      13 ..      23   xxxGCCGCGCCTAGG                ACGG CCAT CCG-                 AAAAGGGGGATACCT
-1.4      13 ..      24   xxxGCCGCGCCTAGG                ACGG CCAT CCGA                 AAAGGGGGATACCTT
 2.1      12 ..      25   xxxxGCCGCGCCTAG               GACGG CCAT CCGAA                AAGGGGGATACCTTC
 5.6      11 ..      26   xxxxxGCCGCGCCTA              GGACGG CCAT CCGAAA               AGGGGGATACCTTCG
None      17 ..      27   CCGCGCCTAGGACGG                  CCATCCGAAAA                  GGGGGATACCTTCGC
 3.3      18 ..      28   CGCGCCTAGGACGGC                 CAT CCGAA AAG                 GGGGATACCTTCGCC
   1      17 ..      29   CCGCGCCTAGGACGG                CCAT CCGAA AAGG                GGGATACCTTCGCCC
-0.3      20 ..      30   CGCCTAGGACGGCCA                 TCC GAAAA GGG                 GGATACCTTCGCCCC
 0.4      21 ..      31   GCCTAGGACGGCCAT                 CC GAAAAGG GG                 GATACCTTCGCCCCC
 0.9      18 ..      32   CGCGCCTAGGACGGC               CATCC GAAAA GGGGG               ATACCTTCGCCCCCC
 0.5      20 ..      33   CGCCTAGGACGGCCA               TCC GAAAAGGG GGA                TACCTTCGCCCCCCT
-0.4      19 ..      34   GCGCCTAGGACGGCC              ATCC GAAAAGGG GGAT               ACCTTCGCCCCCCTG
 3.1      18 ..      35   CGCGCCTAGGACGGC             CATCC GAAAAGGG GGATA              CCTTCGCCCCCCTGG
 6.3      23 ..      36   CTAGGACGGCCATCC               GAA AAGGGGGA TAC                CTTCGCCCCCCTGGC
 4.3      16 ..      37   GCCGCGCCTAGGACG           GCCATCC GAAAAGGG GGATACC            TTCGCCCCCCTGGCG
-1.5      27 ..      38   GACGGCCATCCGAAA                AGG GGGATA CCT                 TCGCCCCCCTGGCGC
-2.4      26 ..      39   GGACGGCCATCCGAA               AAGG GGGATA CCTT                CGCCCCCCTGGCGCG
-3.3      28 ..      40   ACGGCCATCCGAAAA                GGGGG ATA CCTTC                GCCCCCCTGGCGCGG
 0.2      27 ..      41   GACGGCCATCCGAAA               AGGGGG ATA CCTTCG               CCCCCCTGGCGCGGC
   1      30 ..      42   GGCCATCCGAAAAGG                GGGA TACCT TCGC                CCCCCTGGCGCGGCA
-1.3      29 ..      43   CGGCCATCCGAAAAG               GGGGA TACCT TCGCC               CCCCTGGCGCGGCAC
-3.6      28 ..      44   ACGGCCATCCGAAAA              GGGGGA TACCT TCGCCC              CCCTGGCGCGGCACC
-3.4      28 ..      45   ACGGCCATCCGAAAA             GGGG-GA TACCT TCGCCCC             CCTGGCGCGGCACCC
-4.5      28 ..      46   ACGGCCATCCGAAAA             GGGGG ATACCTTCG CCCCC             CTGGCGCGGCACCCA
-3.5      28 ..      47   ACGGCCATCCGAAAA            GGGGG ATACCTTCGC CCCCC             TGGCGCGGCACCCAA
-4.4      27 ..      48   GACGGCCATCCGAAA           AGGGGG ATACCTTCGC CCCCCT            GGCGCGGCACCCAAA
-0.9      26 ..      49   GGACGGCCATCCGAA          AAGGGGG ATACCTTCGC CCCCCTG           GCGCGGCACCCAAAC
 2.6      25 ..      50   AGGACGGCCATCCGA         AAAGGGGG ATACCTTCGC CCCCCTGG          CGCGGCACCCAAACG
-3.9      41 ..      51   AAGGGGGATACCTTC                 GCC CCCCT GGC                 GCGGCACCCAAACGA
-6.2      40 ..      52   AAAGGGGGATACCTT                CGCC CCCCT GGCG                CGGCACCCAAACGAA
-4.7      41 ..      53   AAGGGGGATACCTTC                GCCCC CCT GGCGC                GGCACCCAAACGAAG
  -7      40 ..      54   AAAGGGGGATACCTT               CGCCCC CCT GGCGCG               GCACCCAAACGAAGG
-5.7      39 ..      55   AAAAGGGGGATACCT              TCGCCCC CCT GGCGCGG              CACCCAAACGAAGGx
-2.2      38 ..      56   GAAAAGGGGGATACC             TTCGCCCC CCT GGCGCGGC             ACCCAAACGAAGGxx
-0.6      38 ..      57   GAAAAGGGGGATACC            T-TCGCCCC CCT GGCGCGGCA            CCCAAACGAAGGxxx
 2.9      37 ..      58   CGAAAAGGGGGATAC           CT-TCGCCCC CCT GGCGCGGCAC           CCAAACGAAGGxxxx
-2.4      49 ..      59   TACCTTCGCCCCCCT                 GGCG CGG CACC                 CAAACGAAGGxxxxx
 0.2      31 ..      60   GCCATCCGAAAAGGG       GGATACCTTCGCC CCCCT GGCGC-GGCACCC       AAACGAAGGxxxxxx
 0.5      48 ..      61   ATACCTTCGCCCCCC               TGG CGCGGCAC CCA                AACGAAGGxxxxxxx
 3.4      52 ..      62   CTTCGCCCCCCTGGC                 GCGG CAC CCAA                 ACGAAGGxxxxxxxx
 6.9      51 ..      63   CCTTCGCCCCCCTGG                CGCGG CAC CCAAA                CGAAGGxxxxxxxxx
 4.6      50 ..      64   ACCTTCGCCCCCCTG               GCGCGG CAC CCAAAC               GAAGGxxxxxxxxxx
 2.4      53 ..      65   TTCGCCCCCCTGGCG                CG GCACCCAAA CG                AAGGxxxxxxxxxxx
 5.9      52 ..      66   CTTCGCCCCCCTGGC               GCG GCACCCAAA CGA               AGGxxxxxxxxxxxx
 7.7      57 ..      67   CCCCCCTGGCGCGGC                 ACC CAAAC GAA                 GGxxxxxxxxxxxxx
 4.7      58 ..      68   CCCCCTGGCGCGGCA                 C CCAAACGAA G                 Gxxxxxxxxxxxxxx
