>PNEO01000008.1:179167-179236 Burkholderia sp. WAC0059 08, whole genome shotgun sequence FORWARD
 7.6       1 ..      11   xxxxxxxxxxxxxxx                 CT CCCGCCT AC                 GTCGACGGGCGGAAA
 5.7       1 ..      12   xxxxxxxxxxxxxxx                C TCCCGCCTAC G                 TCGACGGGCGGAAAA
 6.2       3 ..      13   xxxxxxxxxxxxxCT                 CC CGCCTAC GT                 CGACGGGCGGAAAAG
 4.4       3 ..      14   xxxxxxxxxxxxxCT                CCCG CCTA CGTC                 GACGGGCGGAAAAGC
-2.4       5 ..      15   xxxxxxxxxxxCTCC                 CGCC TAC GTCG                 ACGGGCGGAAAAGCC
 1.1       4 ..      16   xxxxxxxxxxxxCTC                CCGCC TAC GTCGA                CGGGCGGAAAAGCCG
 2.9       6 ..      17   xxxxxxxxxxCTCCC                GCC TACGTC GAC                 GGGCGGAAAAGCCGG
 0.6       5 ..      18   xxxxxxxxxxxCTCC               CGCC TACGTC GACG                GGCGGAAAAGCCGGA
-1.7       4 ..      19   xxxxxxxxxxxxCTC              CCGCC TACGTC GACGG               GCGGAAAAGCCGGAC
  -4       3 ..      20   xxxxxxxxxxxxxCT             CCCGCC TACGTC GACGGG              CGGAAAAGCCGGACA
-0.5       2 ..      21   xxxxxxxxxxxxxxC            TCCCGCC TACGTC GACGGGC             GGAAAAGCCGGACAC
-3.6      11 ..      22   xxxxxCTCCCGCCTA                CGTC GACG GGCG                 GAAAAGCCGGACACC
-4.2       4 ..      23   xxxxxxxxxxxxCTC            CCGCCT ACGTCGAC GGGCGG             AAAAGCCGGACACCT
  -1       9 ..      24   xxxxxxxCTCCCGCC              TACGTC GACG GGCGGA               AAAGCCGGACACCTT
-1.6       2 ..      25   xxxxxxxxxxxxxxC          TCCCGCCT ACGTCGAC GGGCGGAA           AAGCCGGACACCTTC
 1.9       1 ..      26   xxxxxxxxxxxxxxx         CTCCCGCCT ACGTCGAC GGGCGGAAA          AGCCGGACACCTTCA
 7.9       1 ..      27   xxxxxxxxxxxxxxx        -CTCCCGCCT ACGTCGAC GGGCGGAAAA         GCCGGACACCTTCAC
 5.7      17 ..      28   TCCCGCCTACGTCGA                C GGGCGGAAAA G                 CCGGACACCTTCACC
 4.7      19 ..      29   CCGCCTACGTCGACG                 G GCGGAAAAG C                 CGGACACCTTCACCG
-2.9      19 ..      30   CCGCCTACGTCGACG                GGC GGAAAA GCC                 GGACACCTTCACCGG
-3.9      21 ..      31   GCCTACGTCGACGGG                 CGG AAAAG CCG                 GACACCTTCACCGGC
-1.7      17 ..      32   TCCCGCCTACGTCGA              CGGGC GGAAAA GCCGG               ACACCTTCACCGGCC
 1.8      16 ..      33   CTCCCGCCTACGTCG             ACGGGC GGAAAA GCCGGA              CACCTTCACCGGCCC
-0.5      15 ..      34   xCTCCCGCCTACGTC            GACGGGC GGAAAA GCCGGAC             ACCTTCACCGGCCCG
   3      14 ..      35   xxCTCCCGCCTACGT           CGACGGGC GGAAAA GCCGGACA            CCTTCACCGGCCCGG
 2.3      12 ..      36   xxxxCTCCCGCCTAC         GTCGACGGGC GGAAAA GCCGGAC-AC          CTTCACCGGCCCGGC
 4.2      12 ..      37   xxxxCTCCCGCCTAC         GTCGACGGGC GGAAAA GCCGGACACC          TTCACCGGCCCGGCG
 2.8      27 ..      38   GTCGACGGGCGGAAA                AG CCGGACAC CT                 TCACCGGCCCGGCGG
 1.9      26 ..      39   CGTCGACGGGCGGAA               AAG CCGGACAC CTT                CACCGGCCCGGCGGG
 1.1      28 ..      40   TCGACGGGCGGAAAA                GCCGG ACA CCTTC                ACCGGCCCGGCGGGG
 3.3      31 ..      41   ACGGGCGGAAAAGCC                 GGA CACCT TCA                 CCGGCCCGGCGGGGG
 3.5      31 ..      42   ACGGGCGGAAAAGCC                G-GA CACCT TCAC                CGGCCCGGCGGGGGC
 2.4      31 ..      43   ACGGGCGGAAAAGCC                GG ACACCTTCA CC                GGCCCGGCGGGGGCT
 0.1      30 ..      44   GACGGGCGGAAAAGC               CGG ACACCTTCA CCG               GCCCGGCGGGGGCTC
-2.2      29 ..      45   CGACGGGCGGAAAAG              CCGG ACACCTTCA CCGG              CCCGGCGGGGGCTCC
-4.5      28 ..      46   TCGACGGGCGGAAAA             GCCGG ACACCTTCA CCGGC             CCGGCGGGGGCTCCT
  -1      27 ..      47   GTCGACGGGCGGAAA            AGCCGG ACACCTTCA CCGGCC            CGGCGGGGGCTCCTG
 1.1      18 ..      48   CCCGCCTACGTCGAC      GGG-CGGAAAAG CCGGACAC CTTCACCGGCCC       GGCGGGGGCTCCTGA
-1.2      17 ..      49   TCCCGCCTACGTCGA     CGGG-CGGAAAAG CCGGACAC CTTCACCGGCCCG      GCGGGGGCTCCTGAC
-5.245e-07      29 ..      50   CGACGGGCGGAAAAG           CCGGAC ACCTTCACCG GCCCGG            CGGGGGCTCCTGACC
-2.4      41 ..      51   AAGCCGGACACCTTC                 ACCG GCC CGGC                 GGGGGCTCCTGACCG
-4.7      40 ..      52   AAAGCCGGACACCTT                CACCG GCC CGGCG                GGGGCTCCTGACCGA
-3.4      39 ..      53   AAAAGCCGGACACCT               TCACCG GCC CGGCGG               GGGCTCCTGACCGAG
-4.7      42 ..      54   AGCCGGACACCTTCA                CCGGC CCG GCGGG                GGCTCCTGACCGAGG
-4.4      37 ..      55   GGAAAAGCCGGACAC             CTTCACCG GCC CGGCGGGG             GCTCCTGACCGAGGG
-6.7      36 ..      56   CGGAAAAGCCGGACA            CCTTCACCG GCC CGGCGGGGG            CTCCTGACCGAGGGx
-6.2      45 ..      57   CGGACACCTTCACCG                GCCC GGCGG GGGC                TCCTGACCGAGGGxx
-4.9      44 ..      58   CCGGACACCTTCACC               GGCCC GGCGG GGGCT               CCTGACCGAGGGxxx
-2.5      44 ..      59   CCGGACACCTTCACC              G-GCCC GGCGG GGGCTC              CTGACCGAGGGxxxx
-2.7      31 ..      60   ACGGGCGGAAAAGCC       GGACACCTTCACCG GCC CGGCGGGGGC-TCC       TGACCGAGGGxxxxx
 0.8      30 ..      61   GACGGGCGGAAAAGC      CGGACACCTTCACCG GCC CGGCGGGGGC-TCCT      GACCGAGGGxxxxxx
-3.6      51 ..      62   CCTTCACCGGCCCGG                CGGG GGCT CCTG                 ACCGAGGGxxxxxxx
  -2      39 ..      63   AAAAGCCGGACACCT          TCACCGGCCC GGCGG GGGCTCCTGA          CCGAGGGxxxxxxxx
-2.4      49 ..      64   CACCTTCACCGGCCC              GGCGGG GGCT CCTGAC               CGAGGGxxxxxxxxx
-2.2      49 ..      65   CACCTTCACCGGCCC             GG-CGGG GGCT CCTGACC              GAGGGxxxxxxxxxx
-4.5      48 ..      66   ACACCTTCACCGGCC            CGG-CGGG GGCT CCTGACCG             AGGGxxxxxxxxxxx
  -1      47 ..      67   GACACCTTCACCGGC           CCGG-CGGG GGCT CCTGACCGA            GGGxxxxxxxxxxxx
-3.3      46 ..      68   GGACACCTTCACCGG          CCCGG-CGGG GGCT CCTGACCGAG           GGxxxxxxxxxxxxx
-3.1      46 ..      69   GGACACCTTCACCGG         CC-CGG-CGGG GGCT CCTGACCGAGG          Gxxxxxxxxxxxxxx
