>FOSR01000003.1:127136-127202 Rhodanobacter glycinis strain MO64 genome assembly, contig: Ga0075223_103, whole genome shotgun sequence FORWARD
None       1 ..      11   xxxxxxxxxxxxxxx                  GCCGCGCCTAG                  CCCGACGGGGCGAAC
 1.4       1 ..      12   xxxxxxxxxxxxxxx                GC CGCGCCTA GC                 CCGACGGGGCGAACA
 1.9       3 ..      13   xxxxxxxxxxxxxGC                 CGC GCCTA GCC                 CGACGGGGCGAACAC
-2.4       4 ..      14   xxxxxxxxxxxxGCC                 GCGC CTA GCCC                 GACGGGGCGAACACC
-4.7       3 ..      15   xxxxxxxxxxxxxGC                CGCGC CTA GCCCG                ACGGGGCGAACACCG
-1.2       2 ..      16   xxxxxxxxxxxxxxG               CCGCGC CTA GCCCGA               CGGGGCGAACACCGG
-3.5       1 ..      17   xxxxxxxxxxxxxxx              GCCGCGC CTA GCCCGAC              GGGGCGAACACCGGG
 0.6       5 ..      18   xxxxxxxxxxxGCCG               CGCC TAGCCC GACG                GGGCGAACACCGGGC
-0.5       2 ..      19   xxxxxxxxxxxxxxG             CCG-CG CCTAGCC CGACGG             GGCGAACACCGGGCA
 1.8       3 ..      20   xxxxxxxxxxxxxGC             CGCGCC TAGCCC GACGGG              GCGAACACCGGGCAC
-2.4      11 ..      21   xxxxxGCCGCGCCTA                 GCCC GAC GGGG                 CGAACACCGGGCACC
-7.2      11 ..      22   xxxxxGCCGCGCCTA                GCCC GACG GGGC                 GAACACCGGGCACCT
-3.7      10 ..      23   xxxxxxGCCGCGCCT               AGCCC GACG GGGCG                AACACCGGGCACCTT
-4.6       9 ..      24   xxxxxxxGCCGCGCC              TAGCCC GACG GGGCGA               ACACCGGGCACCTTC
-1.1       8 ..      25   xxxxxxxxGCCGCGC             CTAGCCC GACG GGGCGAA              CACCGGGCACCTTCC
 2.4       7 ..      26   xxxxxxxxxGCCGCG            CCTAGCCC GACG GGGCGAAC             ACCGGGCACCTTCCC
 5.9       6 ..      27   xxxxxxxxxxGCCGC           GCCTAGCCC GACG GGGCGAACA            CCGGGCACCTTCCCC
 1.9      18 ..      28   CGCGCCTAGCCCGAC                 GGG GCGAA CAC                 CGGGCACCTTCCCCG
-1.4      18 ..      29   CGCGCCTAGCCCGAC                GGGG CGAA CACC                 GGGCACCTTCCCCGG
-3.7      17 ..      30   CCGCGCCTAGCCCGA               CGGGG CGAA CACCG                GGCACCTTCCCCGGC
-0.2      16 ..      31   GCCGCGCCTAGCCCG              ACGGGG CGAA CACCGG               GCACCTTCCCCGGCT
 0.5      12 ..      32   xxxxGCCGCGCCTAG            CCCGACG GGGCGAA CACCGGG            CACCTTCCCCGGCTG
-1.8      11 ..      33   xxxxxGCCGCGCCTA           GCCCGACG GGGCGAA CACCGGGC           ACCTTCCCCGGCTGG
 1.7      10 ..      34   xxxxxxGCCGCGCCT          AGCCCGACG GGGCGAA CACCGGGCA          CCTTCCCCGGCTGGC
 3.6      19 ..      35   GCGCCTAGCCCGACG              GGGC GAACACCGG GCAC              CTTCCCCGGCTGGCG
 1.3      18 ..      36   CGCGCCTAGCCCGAC             GGGGC GAACACCGG GCACC             TTCCCCGGCTGGCGC
 3.6      19 ..      37   GCGCCTAGCCCGACG             GGGCGAAC ACC GGGCACCT             TCCCCGGCTGGCGCG
 3.4      28 ..      38   CCGACGGGGCGAACA                 CCGG GCA CCTT                 CCCCGGCTGGCGCGA
 1.6      15 ..      39   xGCCGCGCCTAGCCC          GACGGGGC GAACACCGG GCACCTTC          CCCGGCTGGCGCGAT
-0.3      30 ..      40   GACGGGGCGAACACC                 GGG CACCT TCC                 CCGGCTGGCGCGATT
-2.9      30 ..      41   GACGGGGCGAACACC                GGG CACCTT CCC                 CGGCTGGCGCGATTC
-3.3      30 ..      42   GACGGGGCGAACACC                GGGCA CCT TCCCC                GGCTGGCGCGATTCC
-5.6      29 ..      43   CGACGGGGCGAACAC               CGGGCA CCT TCCCCG               GCTGGCGCGATTCCC
-7.9      28 ..      44   CCGACGGGGCGAACA              CCGGGCA CCT TCCCCGG              CTGGCGCGATTCCCT
-4.4      27 ..      45   CCCGACGGGGCGAAC             ACCGGGCA CCT TCCCCGGC             TGGCGCGATTCCCTT
-2.8      27 ..      46   CCCGACGGGGCGAAC            A-CCGGGCA CCT TCCCCGGCT            GGCGCGATTCCCTTT
-5.1      26 ..      47   GCCCGACGGGGCGAA           CA-CCGGGCA CCT TCCCCGGCTG           GCGCGATTCCCTTTG
-1.6      25 ..      48   AGCCCGACGGGGCGA          ACA-CCGGGCA CCT TCCCCGGCTGG          CGCGATTCCCTTTGA
 1.9      24 ..      49   TAGCCCGACGGGGCG         AACA-CCGGGCA CCT TCCCCGGCTGGC         GCGATTCCCTTTGAA
-1.4      39 ..      50   AACACCGGGCACCTT                CCCC GGCT GGCG                 CGATTCCCTTTGAAG
-2.5      21 ..      51   GCCTAGCCCGACGGG      GCGAACA-CCGGGCA CCT TCCCCGGCTGG-CGC      GATTCCCTTTGAAGG
-2.5       3 ..      52   xxxxxxxxxxxxxGC CGCGCCTAGCCCGACGGGGCGAAC ACC GGGCACCTTCCCCGGCT-GGCGCG ATTCCCTTTGAAGGG
   1       2 ..      53   xxxxxxxxxxxxxxG CCGCGCCTAGCCCGACGGGGCGAAC ACC GGGCACCTTCCCCGGCT-GGCGCGA TTCCCTTTGAAGGGx
 2.3       1 ..      54   xxxxxxxxxxxxxxx GCCGCGCCTAGCCCGACGGGGCGAAC ACC GGGCACCTTCCCCGGCT-GGCGCGAT TCCCTTTGAAGGGxx
 6.1      43 ..      55   CCGGGCACCTTCCCC                GGCTG GCG CGATT                CCCTTTGAAGGGxxx
 5.6      43 ..      56   CCGGGCACCTTCCCC               GGCT GGCGCG ATTC                CCTTTGAAGGGxxxx
 0.4      47 ..      57   GCACCTTCCCCGGCT                 GG CGCGATT CC                 CTTTGAAGGGxxxxx
 1.4      47 ..      58   GCACCTTCCCCGGCT                GG CGCGATTC CC                 TTTGAAGGGxxxxxx
 3.2      47 ..      59   GCACCTTCCCCGGCT                GGCG CGATT CCCT                TTGAAGGGxxxxxxx
 4.7      48 ..      60   CACCTTCCCCGGCTG                GCGCG ATT CCCTT                TGAAGGGxxxxxxxx
   6      47 ..      61   GCACCTTCCCCGGCT               GGCGCG ATT CCCTTT               GAAGGGxxxxxxxxx
 2.1      51 ..      62   CTTCCCCGGCTGGCG                CGA TTCCCT TTG                 AAGGGxxxxxxxxxx
 5.6      50 ..      63   CCTTCCCCGGCTGGC               GCGA TTCCCT TTGA                AGGGxxxxxxxxxxx
-1.1      54 ..      64   CCCCGGCTGGCGCGA                 TTC CCTTT GAA                 GGGxxxxxxxxxxxx
 2.4      53 ..      65   TCCCCGGCTGGCGCG                ATTC CCTTT GAAG                GGxxxxxxxxxxxxx
  -1      56 ..      66   CCGGCTGGCGCGATT                 CCCT TTG AAGG                 Gxxxxxxxxxxxxxx
