>AP012224.1:c537381-537314 Pseudogulbenkiania sp. NH8B DNA, complete genome FORWARD
 3.4       1 ..      11   xxxxxxxxxxxxxxx                 GCCG CGC CTAC                 TCCGACGGGAGGAAA
None       2 ..      12   xxxxxxxxxxxxxxG                  CCGCGCCTACT                  CCGACGGGAGGAAAA
 6.7       1 ..      13   xxxxxxxxxxxxxxx                G CCGCGCCTACT C                CGACGGGAGGAAAAC
 4.4       3 ..      14   xxxxxxxxxxxxxGC                CGCG CCTA CTCC                 GACGGGAGGAAAACC
 0.4       5 ..      15   xxxxxxxxxxxGCCG                 CG CCTACTC CG                 ACGGGAGGAAAACCG
 3.9       4 ..      16   xxxxxxxxxxxxGCC                GCG CCTACTC CGA                CGGGAGGAAAACCGG
 2.9       6 ..      17   xxxxxxxxxxGCCGC                GCC TACTCC GAC                 GGGAGGAAAACCGGG
 0.6       5 ..      18   xxxxxxxxxxxGCCG               CGCC TACTCC GACG                GGAGGAAAACCGGGA
-0.5       2 ..      19   xxxxxxxxxxxxxxG             CCG-CG CCTACTC CGACGG             GAGGAAAACCGGGAC
 1.8       3 ..      20   xxxxxxxxxxxxxGC             CGCGCC TACTCC GACGGG              AGGAAAACCGGGACA
 1.2      11 ..      21   xxxxxGCCGCGCCTA                 CTCC GAC GGGA                 GGAAAACCGGGACAC
-5.8      11 ..      22   xxxxxGCCGCGCCTA                CTCC GACG GGAG                 GAAAACCGGGACACC
-2.3      10 ..      23   xxxxxxGCCGCGCCT               ACTCC GACG GGAGG                AAAACCGGGACACCC
-3.2       9 ..      24   xxxxxxxGCCGCGCC              TACTCC GACG GGAGGA               AAACCGGGACACCCT
 0.3       8 ..      25   xxxxxxxxGCCGCGC             CTACTCC GACG GGAGGAA              AACCGGGACACCCTG
 3.8       7 ..      26   xxxxxxxxxGCCGCG            CCTACTCC GACG GGAGGAAA             ACCGGGACACCCTGC
 5.6       9 ..      27   xxxxxxxGCCGCGCC             TACTCC GACGGGA GGAAAA             CCGGGACACCCTGCC
 4.7      18 ..      28   CGCGCCTACTCCGAC                 G GGAGGAAAA C                 CGGGACACCCTGCCC
 0.4      19 ..      29   GCGCCTACTCCGACG                 GG AGGAAAA CC                 GGGACACCCTGCCCG
-0.9      17 ..      30   CCGCGCCTACTCCGA               CGG GAGGAAAA CCG                GGACACCCTGCCCGG
 1.6      17 ..      31   CCGCGCCTACTCCGA               CGGG AGGAAAA CCGG               GACACCCTGCCCGGC
 5.1      16 ..      32   GCCGCGCCTACTCCG              ACGGG AGGAAAA CCGGG              ACACCCTGCCCGGCT
 5.6      12 ..      33   xxxxGCCGCGCCTAC          TCCGACGG GAGGAAAA CCG--GGA           CACCCTGCCCGGCTG
 5.7      23 ..      34   CTACTCCGACGGGAG                G AAAACCGGGA C                 ACCCTGCCCGGCTGG
None      25 ..      35   ACTCCGACGGGAGGA                  AAACCGGGACA                  CCCTGCCCGGCTGGC
 7.7      23 ..      36   CTACTCCGACGGGAG               G AAAACCGGGACA C                CCTGCCCGGCTGGCG
 5.4      22 ..      37   CCTACTCCGACGGGA              GG AAAACCGGGACA CC               CTGCCCGGCTGGCGC
 3.3      18 ..      38   CGCGCCTACTCCGAC            GGGAG GAAAACCGGGA CACCC            TGCCCGGCTGGCGCG
-2.4      29 ..      39   CGACGGGAGGAAAAC                 CGGG ACA CCCT                 GCCCGGCTGGCGCGG
-4.7      28 ..      40   CCGACGGGAGGAAAA                CCGGG ACA CCCTG                CCCGGCTGGCGCGGC
-1.2      27 ..      41   TCCGACGGGAGGAAA               ACCGGG ACA CCCTGC               CCGGCTGGCGCGGCA
  -1      32 ..      42   CGGGAGGAAAACCGG                 GACA CCC TGCC                 CGGCTGGCGCGGCAA
-3.3      31 ..      43   ACGGGAGGAAAACCG                GGACA CCC TGCCC                GGCTGGCGCGGCAAT
-5.4      29 ..      44   CGACGGGAGGAAAAC              CGGGACA CCC TG-CCCG              GCTGGCGCGGCAATC
-7.7      28 ..      45   CCGACGGGAGGAAAA             CCGGGACA CCC TG-CCCGG             CTGGCGCGGCAATCC
-4.2      27 ..      46   TCCGACGGGAGGAAA            ACCGGGACA CCC TG-CCCGGC            TGGCGCGGCAATCCA
-5.1      26 ..      47   CTCCGACGGGAGGAA           AACCGGGACA CCC TG-CCCGGCT           GGCGCGGCAATCCAT
-2.4      38 ..      48   GAAAACCGGGACACC                 CTGC CCG GCTG                 GCGCGGCAATCCATA
-4.7      37 ..      49   GGAAAACCGGGACAC                CCTGC CCG GCTGG                CGCGGCAATCCATAC
-3.9      40 ..      50   AAACCGGGACACCCT                 GCC CGGCT GGC                 GCGGCAATCCATACA
-2.6      39 ..      51   AAAACCGGGACACCC                TGCC CGGCT GGCG                CGGCAATCCATACAG
-1.2      40 ..      52   AAACCGGGACACCCT               GC-CC GGCT GGCGC                GGCAATCCATACAGG
-1.4      37 ..      53   GGAAAACCGGGACAC              CCTGCC CGGCT GGCGCG              GCAATCCATACAGGG
-3.7      36 ..      54   AGGAAAACCGGGACA             CCCTGCC CGGCT GGCGCGG             CAATCCATACAGGGx
-4.6      45 ..      55   GGGACACCCTGCCCG                 GCTG GCG CGGC                 AATCCATACAGGGxx
-3.4      39 ..      56   AAAACCGGGACACCC             TGCC-CG GCTGG CGCGGCA             ATCCATACAGGGxxx
  -1      47 ..      57   GACACCCTGCCCGGC                 TGGC GCG GCAA                 TCCATACAGGGxxxx
 2.5      46 ..      58   GGACACCCTGCCCGG                CTGGC GCG GCAAT                CCATACAGGGxxxxx
 0.2      45 ..      59   GGGACACCCTGCCCG               GCTGGC GCG GCAATC               CATACAGGGxxxxxx
-2.1      44 ..      60   CGGGACACCCTGCCC              GGCTGGC GCG GCAATCC              ATACAGGGxxxxxxx
 1.4      43 ..      61   CCGGGACACCCTGCC             CGGCTGGC GCG GCAATCCA             TACAGGGxxxxxxxx
 2.2      51 ..      62   CCCTGCCCGGCTGGC                GCGG CAAT CCAT                 ACAGGGxxxxxxxxx
 5.7      50 ..      63   ACCCTGCCCGGCTGG               CGCGG CAAT CCATA                CAGGGxxxxxxxxxx
 3.3      54 ..      64   TGCCCGGCTGGCGCG                 GCA ATCCA TAC                 AGGGxxxxxxxxxxx
 5.2      39 ..      65   AAAACCGGGACACCC         TGCCCGGCTGGC GCG GCAATCCATACA         GGGxxxxxxxxxxxx
 2.9      38 ..      66   GAAAACCGGGACACC        CTGCCCGGCTGGC GCG GCAATCCATACAG        GGxxxxxxxxxxxxx
 0.6      37 ..      67   GGAAAACCGGGACAC       CCTGCCCGGCTGGC GCG GCAATCCATACAGG       Gxxxxxxxxxxxxxx
