>JEMY01000064.1:c2487-2418 MAG: Candidatus Accumulibacter regalis contig000064, whole genome shotgun sequence FORWARD
   7       1 ..      11   xxxxxxxxxxxxxxx                 GCTG CGC CTAT                 CTCGACGGAGAGAAA
 3.6       1 ..      12   xxxxxxxxxxxxxxx                GCTG CGCC TATC                 TCGACGGAGAGAAAA
 6.2       3 ..      13   xxxxxxxxxxxxxGC                 TG CGCCTAT CT                 CGACGGAGAGAAAAC
 1.9       4 ..      14   xxxxxxxxxxxxGCT                 GCG CCTAT CTC                 GACGGAGAGAAAACC
 0.4       5 ..      15   xxxxxxxxxxxGCTG                 CG CCTATCT CG                 ACGGAGAGAAAACCG
 3.9       4 ..      16   xxxxxxxxxxxxGCT                GCG CCTATCT CGA                CGGAGAGAAAACCGG
 2.9       6 ..      17   xxxxxxxxxxGCTGC                GCC TATCTC GAC                 GGAGAGAAAACCGGG
 0.6       5 ..      18   xxxxxxxxxxxGCTG               CGCC TATCTC GACG                GAGAGAAAACCGGGA
 2.4       7 ..      19   xxxxxxxxxGCTGCG                CC TATCTCGAC GG                AGAGAAAACCGGGAA
 3.2       3 ..      20   xxxxxxxxxxxxxGC             TGCGCC TATCTC GACGGA              GAGAAAACCGGGAAC
 0.9       2 ..      21   xxxxxxxxxxxxxxG            CTGCGCC TATCTC GACGGAG             AGAAAACCGGGAACC
-4.4      11 ..      22   xxxxxGCTGCGCCTA                TCTC GACG GAGA                 GAAAACCGGGAACCC
-1.5      12 ..      23   xxxxGCTGCGCCTAT                CTC GACGGA GAG                 AAAACCGGGAACCCT
-2.4      11 ..      24   xxxxxGCTGCGCCTA               TCTC GACGGA GAGA                AAACCGGGAACCCTT
 1.1      10 ..      25   xxxxxxGCTGCGCCT              ATCTC GACGGA GAGAA               AACCGGGAACCCTTG
 0.2       9 ..      26   xxxxxxxGCTGCGCC             TATCTC GACGGA GAGAAA              ACCGGGAACCCTTGC
 3.7       8 ..      27   xxxxxxxxGCTGCGC            CTATCTC GACGGA GAGAAAA             CCGGGAACCCTTGCC
 4.7      18 ..      28   TGCGCCTATCTCGAC                 G GAGAGAAAA C                 CGGGAACCCTTGCCC
 1.4      18 ..      29   TGCGCCTATCTCGAC                GG AGAGAAAA CC                 GGGAACCCTTGCCCG
-0.9      17 ..      30   CTGCGCCTATCTCGA               CGG AGAGAAAA CCG                GGAACCCTTGCCCGG
 2.6      16 ..      31   GCTGCGCCTATCTCG              ACGG AGAGAAAA CCGG               GAACCCTTGCCCGGC
 5.4      12 ..      32   xxxxGCTGCGCCTAT            CTCG ACGGAGAGAAAAC CGGG            AACCCTTGCCCGGCT
 4.5      11 ..      33   xxxxxGCTGCGCCTA           TCTCG ACGGAGAGAAAAC CGGGA           ACCCTTGCCCGGCTG
   8      10 ..      34   xxxxxxGCTGCGCCT          ATCTCG ACGGAGAGAAAAC CGGGAA          CCCTTGCCCGGCTGG
 6.7      23 ..      35   CTATCTCGACGGAGA                G AAAACCGGGAA C                CCTTGCCCGGCTGGC
 7.7      23 ..      36   CTATCTCGACGGAGA               G AAAACCGGGAAC C                CTTGCCCGGCTGGCG
 7.9      21 ..      37   GCCTATCTCGACGGA              GAG AAAACCGGGAA CCC              TTGCCCGGCTGGCGC
 3.4      28 ..      38   TCGACGGAGAGAAAA                 CCGG GAA CCCT                 TGCCCGGCTGGCGCG
 1.2      29 ..      39   CGACGGAGAGAAAAC                 CGGG AAC CCTT                 GCCCGGCTGGCGCGG
-1.1      28 ..      40   TCGACGGAGAGAAAA                CCGGG AAC CCTTG                CCCGGCTGGCGCGGC
 0.4      31 ..      41   ACGGAGAGAAAACCG                 GGAA CCC TTGC                 CCGGCTGGCGCGGCA
-1.9      30 ..      42   GACGGAGAGAAAACC                GGGAA CCC TTGCC                CGGCTGGCGCGGCAC
-2.3      30 ..      43   GACGGAGAGAAAACC               GGGAA CCCT TGCCC                GGCTGGCGCGGCACC
-4.6      29 ..      44   CGACGGAGAGAAAAC              CGGGAA CCCT TGCCCG               GCTGGCGCGGCACCC
-6.9      28 ..      45   TCGACGGAGAGAAAA             CCGGGAA CCCT TGCCCGG              CTGGCGCGGCACCCT
-3.4      27 ..      46   CTCGACGGAGAGAAA            ACCGGGAA CCCT TGCCCGGC             TGGCGCGGCACCCTG
-4.3      26 ..      47   TCTCGACGGAGAGAA           AACCGGGAA CCCT TGCCCGGCT            GGCGCGGCACCCTGA
-0.8      25 ..      48   ATCTCGACGGAGAGA          AAACCGGGAA CCCT TGCCCGGCTG           GCGCGGCACCCTGAA
-1.1      37 ..      49   AGAAAACCGGGAACC                CTTGC CCG GCTGG                CGCGGCACCCTGAAC
-3.9      40 ..      50   AAACCGGGAACCCTT                 GCC CGGCT GGC                 GCGGCACCCTGAACC
-2.6      39 ..      51   AAAACCGGGAACCCT                TGCC CGGCT GGCG                CGGCACCCTGAACCA
-1.2      40 ..      52   AAACCGGGAACCCTT               GC-CC GGCT GGCGC                GGCACCCTGAACCAA
-1.4      37 ..      53   AGAAAACCGGGAACC              CTTGCC CGGCT GGCGCG              GCACCCTGAACCAAG
-3.7      36 ..      54   GAGAAAACCGGGAAC             CCTTGCC CGGCT GGCGCGG             CACCCTGAACCAAGG
-4.6      45 ..      55   GGGAACCCTTGCCCG                 GCTG GCG CGGC                 ACCCTGAACCAAGGG
-3.4      39 ..      56   AAAACCGGGAACCCT             TGCC-CG GCTGG CGCGGCA             CCCTGAACCAAGGGx
-0.9      44 ..      57   CGGGAACCCTTGCCC               G-GCTG GCG CGGCAC               CCTGAACCAAGGGxx
-2.4      48 ..      58   AACCCTTGCCCGGCT                 GGCG CGG CACC                 CTGAACCAAGGGxxx
-0.3      44 ..      59   CGGGAACCCTTGCCC              GGCTG GCGCGG CACCC               TGAACCAAGGGxxxx
 3.2      48 ..      60   AACCCTTGCCCGGCT                GGCG CGGCA CCCT                GAACCAAGGGxxxxx
 0.9      42 ..      61   ACCGGGAACCCTTGC            CCGGCTG GCGCGG CACCCTG             AACCAAGGGxxxxxx
 2.2      51 ..      62   CCTTGCCCGGCTGGC                GCGG CACC CTGA                 ACCAAGGGxxxxxxx
 4.8      53 ..      63   TTGCCCGGCTGGCGC                 GGCA CCC TGAA                 CCAAGGGxxxxxxxx
 3.4      49 ..      64   ACCCTTGCCCGGCTG              GCGCGG CACC CTGAAC               CAAGGGxxxxxxxxx
 1.1      48 ..      65   AACCCTTGCCCGGCT             GGCGCGG CACC CTGAACC              AAGGGxxxxxxxxxx
 0.2      47 ..      66   GAACCCTTGCCCGGC            TGGCGCGG CACC CTGAACCA             AGGGxxxxxxxxxxx
 3.7      46 ..      67   GGAACCCTTGCCCGG           CTGGCGCGG CACC CTGAACCAA            GGGxxxxxxxxxxxx
  -1      58 ..      68   CGGCTGGCGCGGCAC                 CCTG AAC CAAG                 GGxxxxxxxxxxxxx
-3.3      57 ..      69   CCGGCTGGCGCGGCA                CCCTG AAC CAAGG                Gxxxxxxxxxxxxxx
