>CH482380.1:1157203-1157269 Burkholderia dolosa AU0158 supercont1.1 genomic scaffold, whole genome shotgun sequence FORWARD
None       1 ..      11   xxxxxxxxxxxxxxx                  GCCGCGCCTAG                  CTCGACGGGGCGAAA
 1.4       1 ..      12   xxxxxxxxxxxxxxx                GC CGCGCCTA GC                 TCGACGGGGCGAAAG
 1.9       3 ..      13   xxxxxxxxxxxxxGC                 CGC GCCTA GCT                 CGACGGGGCGAAAGC
-2.4       4 ..      14   xxxxxxxxxxxxGCC                 GCGC CTA GCTC                 GACGGGGCGAAAGCA
-4.7       3 ..      15   xxxxxxxxxxxxxGC                CGCGC CTA GCTCG                ACGGGGCGAAAGCAG
-1.2       2 ..      16   xxxxxxxxxxxxxxG               CCGCGC CTA GCTCGA               CGGGGCGAAAGCAGG
-3.5       1 ..      17   xxxxxxxxxxxxxxx              GCCGCGC CTA GCTCGAC              GGGGCGAAAGCAGGG
 0.6       5 ..      18   xxxxxxxxxxxGCCG               CGCC TAGCTC GACG                GGGCGAAAGCAGGGT
-0.5       2 ..      19   xxxxxxxxxxxxxxG             CCG-CG CCTAGCT CGACGG             GGCGAAAGCAGGGTT
 1.8       3 ..      20   xxxxxxxxxxxxxGC             CGCGCC TAGCTC GACGGG              GCGAAAGCAGGGTTC
-0.5       2 ..      21   xxxxxxxxxxxxxxG            CCGCGCC TAGCTC GACGGGG             CGAAAGCAGGGTTCC
-3.6      11 ..      22   xxxxxGCCGCGCCTA                GCTC GACG GGGC                 GAAAGCAGGGTTCCC
-3.7       5 ..      23   xxxxxxxxxxxGCCG             CGCCTAG CTCGA CGGGGCG             AAAGCAGGGTTCCCT
-1.5      13 ..      24   xxxGCCGCGCCTAGC                TCG ACGGGG CGA                 AAGCAGGGTTCCCTT
   2      12 ..      25   xxxxGCCGCGCCTAG               CTCG ACGGGG CGAA                AGCAGGGTTCCCTTA
 5.5      11 ..      26   xxxxxGCCGCGCCTA              GCTCG ACGGGG CGAAA               GCAGGGTTCCCTTAC
 4.7      17 ..      27   CCGCGCCTAGCTCGA                 C GGGGCGAAA G                 CAGGGTTCCCTTACC
 3.9       6 ..      28   xxxxxxxxxxGCCGC          GC-CTAGCTC GACG GGGCGAAAGC           AGGGTTCCCTTACCC
 6.2      19 ..      29   GCGCCTAGCTCGACG                 GG GCGAAAG CA                 GGGTTCCCTTACCCT
 4.4      19 ..      30   GCGCCTAGCTCGACG                GGGC GAAA GCAG                 GGTTCCCTTACCCTG
 4.4       7 ..      31   xxxxxxxxxGCCGCG         CCTAGCTCGACG GGG CGAA-AGC-AGG         GTTCCCTTACCCTGT
 4.1       7 ..      32   xxxxxxxxxGCCGCG         CCTAGCTCGACG GGG CGAA-AGCAGGG         TTCCCTTACCCTGTT
 4.7      16 ..      33   GCCGCGCCTAGCTCG             ACGGGGC GAAA GCAGGGT              TCCCTTACCCTGTTG
 3.2      24 ..      34   TAGCTCGACGGGGCG                 AA AGCAGGG TT                 CCCTTACCCTGTTGG
 0.9      23 ..      35   CTAGCTCGACGGGGC                GAA AGCAGGG TTC                CCTTACCCTGTTGGC
 2.7      18 ..      36   CGCGCCTAGCTCGAC             GGGGC GAAAGCAGG GTTCC             CTTACCCTGTTGGCG
 2.1      21 ..      37   GCCTAGCTCGACGGG              GCGAA AGCAGGG TTCCC              TTACCCTGTTGGCGC
 2.5      28 ..      38   TCGACGGGGCGAAAG                CAGG GTTC CCT-                 TACCCTGTTGGCGCG
-3.2      29 ..      39   CGACGGGGCGAAAGC                 AGGG TTC CCTT                 ACCCTGTTGGCGCGG
 0.3      28 ..      40   TCGACGGGGCGAAAG                CAGGG TTC CCTTA                CCCTGTTGGCGCGGC
  -2      27 ..      41   CTCGACGGGGCGAAA               GCAGGG TTC CCTTAC               CCTGTTGGCGCGGCT
-1.5      31 ..      42   ACGGGGCGAAAGCAG                GGT TCCCTT ACC                 CTGTTGGCGCGGCTC
-3.8      30 ..      43   GACGGGGCGAAAGCA               GGGT TCCCTT ACCC                TGTTGGCGCGGCTCT
-4.7      29 ..      44   CGACGGGGCGAAAGC              AGGGT TCCCTT ACCCT               GTTGGCGCGGCTCTT
  -7      28 ..      45   TCGACGGGGCGAAAG             CAGGGT TCCCTT ACCCTG              TTGGCGCGGCTCTTT
-5.7      27 ..      46   CTCGACGGGGCGAAA            GCAGGGT TCCCTT ACCCTGT             TGGCGCGGCTCTTTC
-6.6      26 ..      47   GCTCGACGGGGCGAA           AGCAGGGT TCCCTT ACCCTGTT            GGCGCGGCTCTTTCC
-3.1      25 ..      48   AGCTCGACGGGGCGA          AAGCAGGGT TCCCTT ACCCTGTTG           GCGCGGCTCTTTCCA
 0.3      37 ..      49   CGAAAGCAGGGTTCC                CTTAC CCT GTTGG                CGCGGCTCTTTCCAA
-1.9      23 ..      50   CTAGCTCGACGGGGC        GAAAGCAGGGT TCCCTT ACCCTGTTGGC         GCGGCTCTTTCCAAG
-4.2      22 ..      51   CCTAGCTCGACGGGG       CGAAAGCAGGGT TCCCTT ACCCTGTTGGCG        CGGCTCTTTCCAAGG
-6.5      21 ..      52   GCCTAGCTCGACGGG      GCGAAAGCAGGGT TCCCTT ACCCTGTTGGCGC       GGCTCTTTCCAAGGG
  -3      20 ..      53   CGCCTAGCTCGACGG     GGCGAAAGCAGGGT TCCCTT ACCCTGTTGGCGCG      GCTCTTTCCAAGGGx
-0.1      41 ..      54   AGCAGGGTTCCCTTA               CCCTG TTGG CGCGG                CTCTTTCCAAGGGxx
-1.8      18 ..      55   CGCGCCTAGCTCGAC   GGGGCGAAAGCAGGGT TCCCTT ACCCTGTTGGCGCGGC    TCTTTCCAAGGGxxx
 1.7      17 ..      56   CCGCGCCTAGCTCGA  CGGGGCGAAAGCAGGGT TCCCTT ACCCTGTTGGCGCGGCT   CTTTCCAAGGGxxxx
   1      15 ..      57   xGCCGCGCCTAGCTC GACGGGGCGAAAGCAGGGT TCCCTT ACCCTGTTGGCGCGGC-TC TTTCCAAGGGxxxxx
 1.2      48 ..      58   TTCCCTTACCCTGTT                 GGCG CGG CTCT                 TTCCAAGGGxxxxxx
 4.7      47 ..      59   GTTCCCTTACCCTGT                TGGCG CGG CTCTT                TCCAAGGGxxxxxxx
 6.1      15 ..      60   xGCCGCGCCTAGCTC GACGGG--GCGAAAGCAGGGT TCCCTT ACCCTGTTGGCGCGGCTCTTT CCAAGGGxxxxxxxx
 4.7      49 ..      61   TCCCTTACCCTGTTG                GCGCG GCT CTTTC                CAAGGGxxxxxxxxx
 2.4      48 ..      62   TTCCCTTACCCTGTT               GGCGCG GCT CTTTCC               AAGGGxxxxxxxxxx
 1.5      47 ..      63   GTTCCCTTACCCTGT              TGGCGCG GCT CTTTCCA              AGGGxxxxxxxxxxx
 0.6      46 ..      64   GGTTCCCTTACCCTG             TTGGCGCG GCT CTTTCCAA             GGGxxxxxxxxxxxx
 1.8      55 ..      65   ACCCTGTTGGCGCGG                 CT CTTTCCA AG                 GGxxxxxxxxxxxxx
-1.8      56 ..      66   CCCTGTTGGCGCGGC                 TCTT TCC AAGG                 Gxxxxxxxxxxxxxx
