>CP000352.1:2567864-2568011 Cupriavidus metallidurans CH34, complete genome FORWARD
None       1 ..      11   xxxxxxxxxxxxxxx                  CCACATCGGAA                  ATGCCTGCCGACGTC
None       2 ..      12   xxxxxxxxxxxxxxC                  CACATCGGAAA                  TGCCTGCCGACGTCG
 6.1       3 ..      13   xxxxxxxxxxxxxCC                 A CATCGGAAA T                 GCCTGCCGACGTCGT
-1.1       4 ..      14   xxxxxxxxxxxxCCA                 CAT CGGAA ATG                 CCTGCCGACGTCGTC
 2.4       3 ..      15   xxxxxxxxxxxxxCC                ACAT CGGAA ATGC                CTGCCGACGTCGTCG
 5.9       2 ..      16   xxxxxxxxxxxxxxC               CACAT CGGAA ATGCC               TGCCGACGTCGTCGG
 1.9       7 ..      17   xxxxxxxxxCCACAT                 CGG AAATG CCT                 GCCGACGTCGTCGGC
 0.7       7 ..      18   xxxxxxxxxCCACAT                CGG AAATGC CTG                 CCGACGTCGTCGGCG
 3.3       9 ..      19   xxxxxxxCCACATCG                 GAA ATGCC TGC                 CGACGTCGTCGGCGA
   1       8 ..      20   xxxxxxxxCCACATC                GGAA ATGCC TGCC                GACGTCGTCGGCGAC
-1.3       7 ..      21   xxxxxxxxxCCACAT               CGGAA ATGCC TGCCG               ACGTCGTCGGCGACA
-2.2       6 ..      22   xxxxxxxxxxCCACA              TCGGAA ATGCC TGCCGA              CGTCGTCGGCGACAT
 1.3       5 ..      23   xxxxxxxxxxxCCAC             ATCGGAA ATGCC TGCCGAC             GTCGTCGGCGACATG
  -1       4 ..      24   xxxxxxxxxxxxCCA            CATCGGAA ATGCC TGCCGACG            TCGTCGGCGACATGC
-1.9       3 ..      25   xxxxxxxxxxxxxCC           ACATCGGAA ATGCC TGCCGACGT           CGTCGGCGACATGCC
 1.6       2 ..      26   xxxxxxxxxxxxxxC          CACATCGGAA ATGCC TGCCGACGTC          GTCGGCGACATGCCC
-0.7       1 ..      27   xxxxxxxxxxxxxxx         CCACATCGGAA ATGCC TGCCGACGTCG         TCGGCGACATGCCCA
   4      18 ..      28   ACATCGGAAATGCCT                 GC CGACGTC GT                 CGGCGACATGCCCAG
-1.4      18 ..      29   ACATCGGAAATGCCT                GCCG ACGT CGTC                 GGCGACATGCCCAGG
-6.8      20 ..      30   ATCGGAAATGCCTGC                 CGAC GTC GTCG                 GCGACATGCCCAGGT
-9.1      19 ..      31   CATCGGAAATGCCTG                CCGAC GTC GTCGG                CGACATGCCCAGGTA
-11.4      18 ..      32   ACATCGGAAATGCCT               GCCGAC GTC GTCGGC               GACATGCCCAGGTAG
-10.1      17 ..      33   CACATCGGAAATGCC              TGCCGAC GTC GTCGGCG              ACATGCCCAGGTAGC
-6.6      16 ..      34   CCACATCGGAAATGC             CTGCCGAC GTC GTCGGCGA             CATGCCCAGGTAGCC
-6.5      14 ..      35   xxCCACATCGGAAAT           GCCTGCCGAC GTC GTCGGC-GAC           ATGCCCAGGTAGCCC
-7.4      13 ..      36   xxxCCACATCGGAAA          TGCCTGCCGAC GTC GTCGGC-GACA          TGCCCAGGTAGCCCC
-8.3      12 ..      37   xxxxCCACATCGGAA         ATGCCTGCCGAC GTC GTCGGC-GACAT         GCCCAGGTAGCCCCG
-4.8      11 ..      38   xxxxxCCACATCGGA        AATGCCTGCCGAC GTC GTCGGC-GACATG        CCCAGGTAGCCCCGG
-4.5      14 ..      39   xxCCACATCGGAAAT         GCCTGCCGACG TCGT CGGCGACATGC          CCAGGTAGCCCCGGT
-4.6      30 ..      40   CCTGCCGACGTCGTC                 GGCG ACA TGCC                 CAGGTAGCCCCGGTC
-5.9       8 ..      41   xxxxxxxxCCACATC     GGAAATGCCTGCCGAC GTC GTCGGC-GACATGCCC     AGGTAGCCCCGGTCT
-2.4       7 ..      42   xxxxxxxxxCCACAT    CGGAAATGCCTGCCGAC GTC GTCGGC-GACATGCCCA    GGTAGCCCCGGTCTT
-2.2       7 ..      43   xxxxxxxxxCCACAT   C-GGAAATGCCTGCCGAC GTC GTCGGC-GACATGCCCAG   GTAGCCCCGGTCTTC
-0.9       6 ..      44   xxxxxxxxxxCCACA  TC-GGAAATGCCTGCCGAC GTC GTCGGC-GACATGCCCAGG  TAGCCCCGGTCTTCA
-1.8       5 ..      45   xxxxxxxxxxxCCAC ATC-GGAAATGCCTGCCGAC GTC GTCGGC-GACATGCCCAGGT AGCCCCGGTCTTCAA
-0.1      13 ..      46   xxxCCACATCGGAAA     TGCCTGCCGACGTCG TCGG CGACATGCCCAGGTA      GCCCCGGTCTTCAAG
 0.7       1 ..      47   xxxxxxxxxxxxxxx CCACATCGGAAATGCCTGCCGAC GTC GTCGGC-GACATGCCC-AGGTAG CCCCGGTCTTCAAGG
 0.3      31 ..      48   CTGCCGACGTCGTCG             GCGACAT GCCC AGGTAGC              CCCGGTCTTCAAGGC
  -2      30 ..      49   CCTGCCGACGTCGTC            GGCGACAT GCCC AGGTAGCC             CCGGTCTTCAAGGCT
 1.5      29 ..      50   GCCTGCCGACGTCGT           CGGCGACAT GCCC AGGTAGCCC            CGGTCTTCAAGGCTA
 3.4      41 ..      51   CGTCGGCGACATGCC                 CAGG TAG CCCC                 GGTCTTCAAGGCTAC
-1.4      41 ..      52   CGTCGGCGACATGCC                CAGG TAGC CCCG                 GTCTTCAAGGCTACG
-3.7      40 ..      53   TCGTCGGCGACATGC               CCAGG TAGC CCCGG                TCTTCAAGGCTACGG
-0.2      39 ..      54   GTCGTCGGCGACATG              CCCAGG TAGC CCCGGT               CTTCAAGGCTACGGC
-2.5      38 ..      55   CGTCGTCGGCGACAT             GCCCAGG TAGC CCCGGTC              TTCAAGGCTACGGCG
  -1      46 ..      56   GCGACATGCCCAGGT                 AGCC CCG GTCT                 TCAAGGCTACGGCGC
 0.1      36 ..      57   GACGTCGTCGGCGAC           ATGCCCAGG TAGC CCCGGTCTT            CAAGGCTACGGCGCA
 0.2      44 ..      58   CGGCGACATGCCCAG               GTAGCC CCG GTCTTC               AAGGCTACGGCGCAG
 3.7      43 ..      59   TCGGCGACATGCCCA              GGTAGCC CCG GTCTTCA              AGGCTACGGCGCAGT
   7      50 ..      60   CATGCCCAGGTAGCC                 CCGG TCT TCAA                 GGCTACGGCGCAGTC
 4.4      50 ..      61   CATGCCCAGGTAGCC                CCGG TCTT CAAG                 GCTACGGCGCAGTCC
 2.1      49 ..      62   ACATGCCCAGGTAGC               CCCGG TCTT CAAGG                CTACGGCGCAGTCCG
-3.2      53 ..      63   GCCCAGGTAGCCCCG                 GTCT TCA AGGC                 TACGGCGCAGTCCGC
-1.9      52 ..      64   TGCCCAGGTAGCCCC                GGTCT TCA AGGCT                ACGGCGCAGTCCGCT
-1.7      45 ..      65   GGCGACATGCCCAGG            TAGCCCCGG TCT TCAAGGCTA            CGGCGCAGTCCGCTG
  -4      44 ..      66   CGGCGACATGCCCAG           GTAGCCCCGG TCT TCAAGGCTAC           GGCGCAGTCCGCTGC
-0.5      43 ..      67   TCGGCGACATGCCCA          GGTAGCCCCGG TCT TCAAGGCTACG          GCGCAGTCCGCTGCG
 0.5      48 ..      68   GACATGCCCAGGTAG            CCCCGGTCT TCA AGGCTACGG            CGCAGTCCGCTGCGC
-1.8      47 ..      69   CGACATGCCCAGGTA           GCCCCGGTCT TCA AGGCTACGGC           GCAGTCCGCTGCGCT
 1.7      46 ..      70   GCGACATGCCCAGGT          AGCCCCGGTCT TCA AGGCTACGGCG          CAGTCCGCTGCGCTG
 0.8      47 ..      71   CGACATGCCCAGGTA         GCCCCG--GTCT TCA AGGCTACGGCGC         AGTCCGCTGCGCTGA
 1.2      37 ..      72   ACGTCGTCGGCGACA    TGCCCAGGTAGCCCCGG TCT TCAAGGCTACG-GCGCA    GTCCGCTGCGCTGAC
  -1      63 ..      73   CCCCGGTCTTCAAGG                 CTAC GGC GCAG                 TCCGCTGCGCTGACC
 0.3      62 ..      74   GCCCCGGTCTTCAAG                GCTAC GGC GCAGT                CCGCTGCGCTGACCG
  -2      61 ..      75   AGCCCCGGTCTTCAA               GGCTAC GGC GCAGTC               CGCTGCGCTGACCGC
 0.4      61 ..      76   AGCCCCGGTCTTCAA              GG-CTAC GGC GCAGTCC              GCTGCGCTGACCGCA
-2.9      66 ..      77   CGGTCTTCAAGGCTA                CGG CGCAGT CCG                 CTGCGCTGACCGCAA
-3.9      68 ..      78   GTCTTCAAGGCTACG                 GCG CAGTC CGC                 TGCGCTGACCGCAAC
-2.6      67 ..      79   GGTCTTCAAGGCTAC                GGCG CAGTC CGCT                GCGCTGACCGCAACC
-4.9      66 ..      80   CGGTCTTCAAGGCTA               CGGCG CAGTC CGCTG               CGCTGACCGCAACCC
-5.8      70 ..      81   CTTCAAGGCTACGGC                GCAG TCCG CTGC                 GCTGACCGCAACCCG
-8.1      69 ..      82   TCTTCAAGGCTACGG               CGCAG TCCG CTGCG                CTGACCGCAACCCGT
-10.4      68 ..      83   GTCTTCAAGGCTACG              GCGCAG TCCG CTGCGC               TGACCGCAACCCGTT
-9.1      67 ..      84   GGTCTTCAAGGCTAC             GGCGCAG TCCG CTGCGCT              GACCGCAACCCGTTC
-11.4      66 ..      85   CGGTCTTCAAGGCTA            CGGCGCAG TCCG CTGCGCTG             ACCGCAACCCGTTCG
-7.9      65 ..      86   CCGGTCTTCAAGGCT           ACGGCGCAG TCCG CTGCGCTGA            CCGCAACCCGTTCGC
-5.6      73 ..      87   CAAGGCTACGGCGCA               GTCCGC TGC GCTGAC               CGCAACCCGTTCGCC
-5.1      62 ..      88   GCCCCGGTCTTCAAG        GCTACGGCGCAG TCCG CTGCGCTG-ACC         GCAACCCGTTCGCCT
-4.4      71 ..      89   TTCAAGGCTACGGCG             CAGTCCGC TGC GCTGACCG             CAACCCGTTCGCCTC
-6.7      70 ..      90   CTTCAAGGCTACGGC            GCAGTCCGC TGC GCTGACCGC            AACCCGTTCGCCTCG
-4.8      79 ..      91   TACGGCGCAGTCCGC                TGCG CTGAC CGCA                ACCCGTTCGCCTCGC
-1.3      78 ..      92   CTACGGCGCAGTCCG               CTGCG CTGAC CGCAA               CCCGTTCGCCTCGCA
-3.6      77 ..      93   GCTACGGCGCAGTCC              GCTGCG CTGAC CGCAAC              CCGTTCGCCTCGCAT
-1.8      67 ..      94   GGTCTTCAAGGCTAC        GG-CGCAGTCCGC TGC GCTGACCGCAACC        CGTTCGCCTCGCATC
 1.2      80 ..      95   ACGGCGCAGTCCGCT              GCGCTG ACCG CAACCC               GTTCGCCTCGCATCC
 1.9      66 ..      96   CGGTCTTCAAGGCTA      CGG--CGCAGTCCGC TGC GCTGACCGCAACCCG      TTCGCCTCGCATCCT
3.576e-08      86 ..      97   CAGTCCGCTGCGCTG                ACCG CAAC CCGT                 TCGCCTCGCATCCTG
   1      86 ..      98   CAGTCCGCTGCGCTG                ACCG CAACC CGTT                CGCCTCGCATCCTGG
-1.3      85 ..      99   GCAGTCCGCTGCGCT               GACCG CAACC CGTTC               GCCTCGCATCCTGGC
4.768e-08      84 ..     100   CGCAGTCCGCTGCGC              TGACCG CAACC CGTTCG              CCTCGCATCCTGGCC
 0.1      82 ..     101   GGCGCAGTCCGCTGC            GCTGACCG CAACC CGTTC-GC            CTCGCATCCTGGCCG
 1.2      82 ..     102   GGCGCAGTCCGCTGC            GCTGACCG CAACC CGTTCGCC            TCGCATCCTGGCCGC
 2.7      60 ..     103   TAGCCCCGGTCTTCA AGGCTA-CGG--CGCAGTCCGC TGC GCTGACCGCAACCCGTTCGCCT CGCATCCTGGCCGCG
 2.4      80 ..     104   ACGGCGCAGTCCGCT          GCGCTGACCG CAACC CGTTCGCCTC          GCATCCTGGCCGCGA
 0.4      95 ..     105   GCGCTGACCGCAACC                 CG TTCGCCT CG                 CATCCTGGCCGCGAA
 3.8      77 ..     106   GCTACGGCGCAGTCC       GCTGCGCTGACCG CAACC CGTTCGCCTC-GC       ATCCTGGCCGCGAAC
  -1      97 ..     107   GCTGACCGCAACCCG                 TTCG CCT CGCA                 TCCTGGCCGCGAACG
 0.3      96 ..     108   CGCTGACCGCAACCC                GTTCG CCT CGCAT                CCTGGCCGCGAACGA
 2.7      96 ..     109   CGCTGACCGCAACCC               G-TTCG CCT CGCATC               CTGGCCGCGAACGAT
 4.6      96 ..     110   CGCTGACCGCAACCC               GTTCGC CTC GCATCC               TGGCCGCGAACGATC
 7.3      60 ..     111   TAGCCCCGGTCTTCA AGGCTACGGCGC-AGTCCGCTGCG CTGAC CGCAACCCGTTCGCCTCGCATCCT GGCCGCGAACGATCA
 3.4     102 ..     112   CCGCAACCCGTTCGC                 CTCG CAT CCTG                 GCCGCGAACGATCAC
 1.1     101 ..     113   ACCGCAACCCGTTCG                CCTCG CAT CCTGG                CCGCGAACGATCACC
-1.2     100 ..     114   GACCGCAACCCGTTC               GCCTCG CAT CCTGGC               CGCGAACGATCACCG
 2.3      99 ..     115   TGACCGCAACCCGTT              CGCCTCG CAT CCTGGCC              GCGAACGATCACCGC
 1.1      99 ..     116   TGACCGCAACCCGTT             CGCCTCG CATC CTGGCCG              CGAACGATCACCGCC
 1.1     105 ..     117   CAACCCGTTCGCCTC                GCATC CTG GCCGC                GAACGATCACCGCCA
-1.2     104 ..     118   GCAACCCGTTCGCCT               CGCATC CTG GCCGCG               AACGATCACCGCCAC
-2.1     103 ..     119   CGCAACCCGTTCGCC              TCGCATC CTG GCCGCGA              ACGATCACCGCCACC
-0.2      97 ..     120   GCTGACCGCAACCCG          TTCGCCTCGCA TCC TG-GCCGCGAA          CGATCACCGCCACCG
-2.5      96 ..     121   CGCTGACCGCAACCC         GTTCGCCTCGCA TCC TG-GCCGCGAAC         GATCACCGCCACCGC
-4.8      95 ..     122   GCGCTGACCGCAACC        CGTTCGCCTCGCA TCC TG-GCCGCGAACG        ATCACCGCCACCGCG
-1.3      94 ..     123   TGCGCTGACCGCAAC       CCGTTCGCCTCGCA TCC TG-GCCGCGAACGA       TCACCGCCACCGCGG
 2.2      93 ..     124   CTGCGCTGACCGCAA      CCCGTTCGCCTCGCA TCC TG-GCCGCGAACGAT      CACCGCCACCGCGGT
-0.1     112 ..     125   TTCGCCTCGCATCCT               GGCCG CGAA CGATC                ACCGCCACCGCGGTG
  -1     111 ..     126   GTTCGCCTCGCATCC              TGGCCG CGAA CGATCA               CCGCCACCGCGGTGA
1.907e-07     116 ..     127   CCTCGCATCCTGGCC                GCGA ACGA TCAC                 CGCCACCGCGGTGAT
 3.5     115 ..     128   GCCTCGCATCCTGGC               CGCGA ACGA TCACC                GCCACCGCGGTGATG
 1.2     114 ..     129   CGCCTCGCATCCTGG              CCGCGA ACGA TCACCG               CCACCGCGGTGATGG
-1.1     113 ..     130   TCGCCTCGCATCCTG             GCCGCGA ACGA TCACCGC              CACCGCGGTGATGGA
-3.4     112 ..     131   TTCGCCTCGCATCCT            GGCCGCGA ACGA TCACCGCC             ACCGCGGTGATGGAT
-4.3     111 ..     132   GTTCGCCTCGCATCC           TGGCCGCGA ACGA TCACCGCCA            CCGCGGTGATGGATG
-0.8     110 ..     133   CGTTCGCCTCGCATC          CTGGCCGCGA ACGA TCACCGCCAC           CGCGGTGATGGATGC
 2.5     112 ..     134   TTCGCCTCGCATCCT           GGCCGCG AACGATCAC CGCCACC           GCGGTGATGGATGCx
 2.9     109 ..     135   CCGTTCGCCTCGCAT        C-CTGGCCGCGA ACGA TCACCGCCACCG         CGGTGATGGATGCxx
 3.4     126 ..     136   TGGCCGCGAACGATC                 ACCG CCA CCGC                 GGTGATGGATGCxxx
 1.1     127 ..     137   GGCCGCGAACGATCA                CCGC CACC GCG-                 GTGATGGATGCxxxx
-7.2     127 ..     138   GGCCGCGAACGATCA                CCGC CACC GCGG                 TGATGGATGCxxxxx
-8.1     126 ..     139   TGGCCGCGAACGATC               ACCGC CACC GCGGT                GATGGATGCxxxxxx
-10.4     125 ..     140   CTGGCCGCGAACGAT              CACCGC CACC GCGGTG               ATGGATGCxxxxxxx
-11.3     124 ..     141   CCTGGCCGCGAACGA             TCACCGC CACC GCGGTGA              TGGATGCxxxxxxxx
-12.2     123 ..     142   TCCTGGCCGCGAACG            ATCACCGC CACC GCGGTGAT             GGATGCxxxxxxxxx
-8.7     122 ..     143   ATCCTGGCCGCGAAC           GATCACCGC CACC GCGGTGATG            GATGCxxxxxxxxxx
 -11     121 ..     144   CATCCTGGCCGCGAA          CGATCACCGC CACC GCGGTGATGG           ATGCxxxxxxxxxxx
-7.5     120 ..     145   GCATCCTGGCCGCGA         ACGATCACCGC CACC GCGGTGATGGA          TGCxxxxxxxxxxxx
-8.4     119 ..     146   CGCATCCTGGCCGCG        AACGATCACCGC CACC GCGGTGATGGAT         GCxxxxxxxxxxxxx
-4.9     118 ..     147   TCGCATCCTGGCCGC       GAACGATCACCGC CACC GCGGTGATGGATG        Cxxxxxxxxxxxxxx
