>CP028339.1:c712044-711896 Thauera aromatica K172 chromosome, complete genome FORWARD
None       1 ..      11   xxxxxxxxxxxxxxx                  CCACTACGGAA                  ATGCCTGCCGACGTC
None       2 ..      12   xxxxxxxxxxxxxxC                  CACTACGGAAA                  TGCCTGCCGACGTCG
 4.7       3 ..      13   xxxxxxxxxxxxxCC                 ACT ACGGA AAT                 GCCTGCCGACGTCGT
 2.4       2 ..      14   xxxxxxxxxxxxxxC                CACT ACGGA AATG                CCTGCCGACGTCGTC
 5.9       1 ..      15   xxxxxxxxxxxxxxx               CCACT ACGGA AATGC               CTGCCGACGTCGTCG
   8       5 ..      16   xxxxxxxxxxxCCAC                TACG GAAA TGCC                 TGCCGACGTCGTCGG
 1.9       7 ..      17   xxxxxxxxxCCACTA                 CGG AAATG CCT                 GCCGACGTCGTCGGC
 0.7       7 ..      18   xxxxxxxxxCCACTA                CGG AAATGC CTG                 CCGACGTCGTCGGCG
 3.3       9 ..      19   xxxxxxxCCACTACG                 GAA ATGCC TGC                 CGACGTCGTCGGCGA
   1       8 ..      20   xxxxxxxxCCACTAC                GGAA ATGCC TGCC                GACGTCGTCGGCGAC
-1.3       7 ..      21   xxxxxxxxxCCACTA               CGGAA ATGCC TGCCG               ACGTCGTCGGCGACA
 2.2       6 ..      22   xxxxxxxxxxCCACT              ACGGAA ATGCC TGCCGA              CGTCGTCGGCGACAT
 5.7       5 ..      23   xxxxxxxxxxxCCAC             TACGGAA ATGCC TGCCGAC             GTCGTCGGCGACATG
 2.2      13 ..      24   xxxCCACTACGGAAA                TGCC TGCC GACG                 TCGTCGGCGACATGC
 1.3      12 ..      25   xxxxCCACTACGGAA               ATGCC TGCC GACGT                CGTCGGCGACATGCC
 3.9      14 ..      26   xxCCACTACGGAAAT                GCC TGCCGAC GTC                GTCGGCGACATGCCC
 1.2      17 ..      27   CACTACGGAAATGCC                 TGCC GAC GTCG                 TCGGCGACATGCCCA
   4      18 ..      28   ACTACGGAAATGCCT                 GC CGACGTC GT                 CGGCGACATGCCCAG
-1.4      18 ..      29   ACTACGGAAATGCCT                GCCG ACGT CGTC                 GGCGACATGCCCAGG
-6.8      20 ..      30   TACGGAAATGCCTGC                 CGAC GTC GTCG                 GCGACATGCCCAGGT
-9.1      19 ..      31   CTACGGAAATGCCTG                CCGAC GTC GTCGG                CGACATGCCCAGGTA
-11.4      18 ..      32   ACTACGGAAATGCCT               GCCGAC GTC GTCGGC               GACATGCCCAGGTAG
-10.1      17 ..      33   CACTACGGAAATGCC              TGCCGAC GTC GTCGGCG              ACATGCCCAGGTAGC
-6.6      16 ..      34   CCACTACGGAAATGC             CTGCCGAC GTC GTCGGCGA             CATGCCCAGGTAGCC
-6.5      14 ..      35   xxCCACTACGGAAAT           GCCTGCCGAC GTC GTCGGC-GAC           ATGCCCAGGTAGCCC
-7.4      13 ..      36   xxxCCACTACGGAAA          TGCCTGCCGAC GTC GTCGGC-GACA          TGCCCAGGTAGCCCG
-8.3      12 ..      37   xxxxCCACTACGGAA         ATGCCTGCCGAC GTC GTCGGC-GACAT         GCCCAGGTAGCCCGC
-4.8      11 ..      38   xxxxxCCACTACGGA        AATGCCTGCCGAC GTC GTCGGC-GACATG        CCCAGGTAGCCCGCG
-4.5      14 ..      39   xxCCACTACGGAAAT         GCCTGCCGACG TCGT CGGCGACATGC          CCAGGTAGCCCGCGG
-4.6      30 ..      40   CCTGCCGACGTCGTC                 GGCG ACA TGCC                 CAGGTAGCCCGCGGT
-5.9       8 ..      41   xxxxxxxxCCACTAC     GGAAATGCCTGCCGAC GTC GTCGGC-GACATGCCC     AGGTAGCCCGCGGTC
-2.4       7 ..      42   xxxxxxxxxCCACTA    CGGAAATGCCTGCCGAC GTC GTCGGC-GACATGCCCA    GGTAGCCCGCGGTCA
-2.2       7 ..      43   xxxxxxxxxCCACTA   C-GGAAATGCCTGCCGAC GTC GTCGGC-GACATGCCCAG   GTAGCCCGCGGTCAT
-0.8      26 ..      44   AATGCCTGCCGACGT             CGTCGGCG ACA TGCCCAGG             TAGCCCGCGGTCATT
 0.8      14 ..      45   xxCCACTACGGAAAT      GCCTGCCGACGTCG TCGG CGACATGCCCAGGT       AGCCCGCGGTCATTG
-0.1      13 ..      46   xxxCCACTACGGAAA     TGCCTGCCGACGTCG TCGG CGACATGCCCAGGTA      GCCCGCGGTCATTGA
-0.3       4 ..      47   xxxxxxxxxxxxCCA CTA-C-GGAAATGCCTGCCGAC GTC GTCGGC-GACATGCCCAGGTAG CCCGCGGTCATTGAG
 0.3      31 ..      48   CTGCCGACGTCGTCG             GCGACAT GCCC AGGTAGC              CCGCGGTCATTGAGG
  -2      30 ..      49   CCTGCCGACGTCGTC            GGCGACAT GCCC AGGTAGCC             CGCGGTCATTGAGGC
 1.5      29 ..      50   GCCTGCCGACGTCGT           CGGCGACAT GCCC AGGTAGCCC            GCGGTCATTGAGGCT
-2.4      41 ..      51   CGTCGGCGACATGCC                 CAGG TAG CCCG                 CGGTCATTGAGGCTA
 0.5      27 ..      52   ATGCCTGCCGACGTC         GTCGGCGACAT GCCC AGGTAGCCCGC          GGTCATTGAGGCTAC
-1.8      26 ..      53   AATGCCTGCCGACGT        CGTCGGCGACAT GCCC AGGTAGCCCGCG         GTCATTGAGGCTACG
  -1      39 ..      54   GTCGTCGGCGACATG              CC-CAGG TAG CCCGCGG              TCATTGAGGCTACGG
 0.3      38 ..      55   CGTCGTCGGCGACAT             GCC-CAGG TAG CCCGCGGT             CATTGAGGCTACGGC
 1.2      46 ..      56   GCGACATGCCCAGGT                 AGCC CGC GGTC                 ATTGAGGCTACGGCG
 0.3      45 ..      57   GGCGACATGCCCAGG                TAGCC CGC GGTCA                TTGAGGCTACGGCGC
 0.9      36 ..      58   GACGTCGTCGGCGAC          ATG-CC-CAGG TAG CCCGCGGTCAT          TGAGGCTACGGCGCA
 1.5      11 ..      59   xxxxxCCACTACGGA AATGCCTGCCGACGTCGTCGGCG ACA TGCCCAGGTAGCCCGCGGTCATT GAGGCTACGGCGCAG
   4      50 ..      60   CATGCCCAGGTAGCC                 CG CGGTCAT TG                 AGGCTACGGCGCAGC
 4.8      51 ..      61   ATGCCCAGGTAGCCC                 GCGG TCA TTGA                 GGCTACGGCGCAGCA
 2.5      50 ..      62   CATGCCCAGGTAGCC                CGCGG TCA TTGAG                GCTACGGCGCAGCAC
 0.2      49 ..      63   ACATGCCCAGGTAGC               CCGCGG TCA TTGAGG               CTACGGCGCAGCACG
-0.3      54 ..      64   CCCAGGTAGCCCGCG                 GTC ATTGA GGC                 TACGGCGCAGCACGC
   1      53 ..      65   GCCCAGGTAGCCCGC                GGTC ATTGA GGCT                ACGGCGCAGCACGCT
 1.3      45 ..      66   GGCGACATGCCCAGG           TAGCC-CG CGGTCAT TGAGGCTA           CGGCGCAGCACGCTG
  -1      44 ..      67   CGGCGACATGCCCAG          GTAGCC-CG CGGTCAT TGAGGCTAC          GGCGCAGCACGCTGC
-0.1      50 ..      68   CATGCCCAGGTAGCC             CGCGGTC ATTGA GGCTACG             GCGCAGCACGCTGCG
-2.4      49 ..      69   ACATGCCCAGGTAGC            CCGCGGTC ATTGA GGCTACGG            CGCAGCACGCTGCGC
 1.1      48 ..      70   GACATGCCCAGGTAG           CCCGCGGTC ATTGA GGCTACGGC           GCAGCACGCTGCGCT
 1.3      48 ..      71   GACATGCCCAGGTAG          C-CCGCGGTC ATTGA GGCTACGGCG          CAGCACGCTGCGCTG
  -1      47 ..      72   CGACATGCCCAGGTA         GC-CCGCGGTC ATTGA GGCTACGGCGC         AGCACGCTGCGCTGA
 0.2      59 ..      73   GTAGCCCGCGGTCAT               TGAGGC TAC GGCGCA               GCACGCTGCGCTGAC
  -1      64 ..      74   CCGCGGTCATTGAGG                 CTAC GGC GCAG                 CACGCTGCGCTGACC
-3.3      63 ..      75   CCCGCGGTCATTGAG                GCTAC GGC GCAGC                ACGCTGCGCTGACCG
 0.2      62 ..      76   GCCCGCGGTCATTGA               GGCTAC GGC GCAGCA               CGCTGCGCTGACCGC
 0.4      62 ..      77   GCCCGCGGTCATTGA              G-GCTAC GGC GCAGCAC              GCTGCGCTGACCGCT
-2.2      67 ..      78   CGGTCATTGAGGCTA                CG-GC GCA GCACG                CTGCGCTGACCGCTA
-3.9      69 ..      79   GTCATTGAGGCTACG                 GCG CAGCA CGC                 TGCGCTGACCGCTAC
-2.6      68 ..      80   GGTCATTGAGGCTAC                GGCG CAGCA CGCT                GCGCTGACCGCTACC
-4.9      67 ..      81   CGGTCATTGAGGCTA               CGGCG CAGCA CGCTG               CGCTGACCGCTACCC
-5.8      71 ..      82   CATTGAGGCTACGGC                GCAG CACG CTGC                 GCTGACCGCTACCCG
-8.1      70 ..      83   TCATTGAGGCTACGG               CGCAG CACG CTGCG                CTGACCGCTACCCGT
-10.4      69 ..      84   GTCATTGAGGCTACG              GCGCAG CACG CTGCGC               TGACCGCTACCCGTT
-9.1      68 ..      85   GGTCATTGAGGCTAC             GGCGCAG CACG CTGCGCT              GACCGCTACCCGTTC
-11.4      67 ..      86   CGGTCATTGAGGCTA            CGGCGCAG CACG CTGCGCTG             ACCGCTACCCGTTCG
-7.9      66 ..      87   GCGGTCATTGAGGCT           ACGGCGCAG CACG CTGCGCTGA            CCGCTACCCGTTCGC
-4.4      65 ..      88   CGCGGTCATTGAGGC          TACGGCGCAG CACG CTGCGCTGAC           CGCTACCCGTTCGCC
-5.1      63 ..      89   CCCGCGGTCATTGAG        GCTACGGCGCAG CACG CTGCGCTG-ACC         GCTACCCGTTCGCCC
  -3      67 ..      90   CGGTCATTGAGGCTA          CGGCGCAGCAC GCT GCGCTGA-CCG          CTACCCGTTCGCCCC
-3.9      81 ..      91   ACGGCGCAGCACGCT                 GCG CTGAC CGC                 TACCCGTTCGCCCCG
-2.3      61 ..      92   AGCCCGCGGTCATTG     AG-GCTACGGCGCAG CACG CTGCGCTG-ACCGCT      ACCCGTTCGCCCCGC
-1.1      58 ..      93   GGTAGCCCGCGGTCA   TTGAGGCTACGGCGCAG CACG CTGCGCTG-A-CCGCTA    CCCGTTCGCCCCGCA
-0.5      60 ..      94   TAGCCCGCGGTCATT    GAGGC-TACGGCGCAG CACG CTGCGCTGACCGCTAC     CCGTTCGCCCCGCAT
 2.4      78 ..      95   GCTACGGCGCAGCAC             GCT-GCG CTGAC CGCTACC             CGTTCGCCCCGCATC
 0.1      62 ..      96   GCCCGCGGTCATTGA    GGCTA-CGGCGCAGCAC GCT GCGCTGA-CCGCTACCC    GTTCGCCCCGCATCC
 3.6      61 ..      97   AGCCCGCGGTCATTG   AGGCTA-CGGCGCAGCAC GCT GCGCTGA-CCGCTACCCG   TTCGCCCCGCATCCT
3.576e-08      87 ..      98   CAGCACGCTGCGCTG                ACCG CTAC CCGT                 TCGCCCCGCATCCTG
   1      87 ..      99   CAGCACGCTGCGCTG                ACCG CTACC CGTT                CGCCCCGCATCCTGG
-1.3      86 ..     100   GCAGCACGCTGCGCT               GACCG CTACC CGTTC               GCCCCGCATCCTGGC
4.768e-08      85 ..     101   CGCAGCACGCTGCGC              TGACCG CTACC CGTTCG              CCCCGCATCCTGGCC
 0.1      83 ..     102   GGCGCAGCACGCTGC            GCTGACCG CTACC CGTTC-GC            CCCGCATCCTGGCCG
 1.2      83 ..     103   GGCGCAGCACGCTGC            GCTGACCG CTACC CGTTCGCC            CCGCATCCTGGCCGC
 1.3      81 ..     104   ACGGCGCAGCACGCT          GCGCTGACCG CTACC CGTTC-GCCC          CGCATCCTGGCCGCG
 2.4      81 ..     105   ACGGCGCAGCACGCT          GCGCTGACCG CTACC CGTTCGCCCC          GCATCCTGGCCGCGA
 0.4      96 ..     106   GCGCTGACCGCTACC                 CG TTCGCCC CG                 CATCCTGGCCGCGAA
 0.2      78 ..     107   GCTACGGCGCAGCAC       GCTGCGCTGACCG CTACC CGTTC-GCCCCGC       ATCCTGGCCGCGAAC
  -1      98 ..     108   GCTGACCGCTACCCG                 TTCG CCC CGCA                 TCCTGGCCGCGAACG
 0.3      97 ..     109   CGCTGACCGCTACCC                GTTCG CCC CGCAT                CCTGGCCGCGAACGA
 2.7      97 ..     110   CGCTGACCGCTACCC               G-TTCG CCC CGCATC               CTGGCCGCGAACGAT
   4      74 ..     111   TGAGGCTACGGCGCA   GCACGCTGCGCTGACCG CTACC CGTTC-GCCCCGCATCC   TGGCCGCGAACGATC
 3.1      73 ..     112   TTGAGGCTACGGCGC  AGCACGCTGCGCTGACCG CTACC CGTTC-GCCCCGCATCCT  GGCCGCGAACGATCA
 0.8      72 ..     113   ATTGAGGCTACGGCG CAGCACGCTGCGCTGACCG CTACC CGTTC-GCCCCGCATCCTG GCCGCGAACGATCAC
-1.4     103 ..     114   CCGCTACCCGTTCGC                CCCG CATC CTGG                 CCGCGAACGATCACC
-1.2     101 ..     115   GACCGCTACCCGTTC               GCCCCG CAT CCTGGC               CGCGAACGATCACCG
-0.2     101 ..     116   GACCGCTACCCGTTC              GCCCCG CATC CTGGCC               GCGAACGATCACCGC
-2.5     100 ..     117   TGACCGCTACCCGTT             CGCCCCG CATC CTGGCCG              CGAACGATCACCGCT
   1      99 ..     118   CTGACCGCTACCCGT            TCGCCCCG CATC CTGGCCGC             GAACGATCACCGCTG
-1.2     105 ..     119   GCTACCCGTTCGCCC               CGCATC CTG GCCGCG               AACGATCACCGCTGC
 0.7      99 ..     120   CTGACCGCTACCCGT           TCGCCCCGCA TCC TG-GCCGCGA           ACGATCACCGCTGCT
-0.2      98 ..     121   GCTGACCGCTACCCG          TTCGCCCCGCA TCC TG-GCCGCGAA          CGATCACCGCTGCTG
-2.5      97 ..     122   CGCTGACCGCTACCC         GTTCGCCCCGCA TCC TG-GCCGCGAAC         GATCACCGCTGCTGC
-4.8      96 ..     123   GCGCTGACCGCTACC        CGTTCGCCCCGCA TCC TG-GCCGCGAACG        ATCACCGCTGCTGCG
-1.3      95 ..     124   TGCGCTGACCGCTAC       CCGTTCGCCCCGCA TCC TG-GCCGCGAACGA       TCACCGCTGCTGCGG
 2.2      94 ..     125   CTGCGCTGACCGCTA      CCCGTTCGCCCCGCA TCC TG-GCCGCGAACGAT      CACCGCTGCTGCGGT
-0.1     113 ..     126   TTCGCCCCGCATCCT               GGCCG CGAA CGATC                ACCGCTGCTGCGGTG
  -1     112 ..     127   GTTCGCCCCGCATCC              TGGCCG CGAA CGATCA               CCGCTGCTGCGGTGA
1.907e-07     117 ..     128   CCCCGCATCCTGGCC                GCGA ACGA TCAC                 CGCTGCTGCGGTGAT
 3.5     116 ..     129   GCCCCGCATCCTGGC               CGCGA ACGA TCACC                GCTGCTGCGGTGATG
 1.2     115 ..     130   CGCCCCGCATCCTGG              CCGCGA ACGA TCACCG               CTGCTGCGGTGATGG
-1.1     114 ..     131   TCGCCCCGCATCCTG             GCCGCGA ACGA TCACCGC              TGCTGCGGTGATGGA
 0.2     113 ..     132   TTCGCCCCGCATCCT            GGCCGCGA ACGA TCACCGCT             GCTGCGGTGATGGAT
 1.3     115 ..     133   CGCCCCGCATCCTGG             CCGCG AACGATCAC CGCTG             CTGCGGTGATGGATG
  -1     114 ..     134   TCGCCCCGCATCCTG            GCCGCG AACGATCAC CGCTGC            TGCGGTGATGGATGC
 0.3     113 ..     135   TTCGCCCCGCATCCT           GGCCGCG AACGATCAC CGCTGCT           GCGGTGATGGATGCx
  -1     126 ..     136   CTGGCCGCGAACGAT                 CACC GCT GCTG                 CGGTGATGGATGCxx
 1.3     114 ..     137   TCGCCCCGCATCCTG          GCCGCGAACG ATCAC CGCT-GCTGC          GGTGATGGATGCxxx
 1.1     128 ..     138   GGCCGCGAACGATCA                CCGC TGCT GCG-                 GTGATGGATGCxxxx
-7.2     128 ..     139   GGCCGCGAACGATCA                CCGC TGCT GCGG                 TGATGGATGCxxxxx
-8.1     127 ..     140   TGGCCGCGAACGATC               ACCGC TGCT GCGGT                GATGGATGCxxxxxx
-10.4     126 ..     141   CTGGCCGCGAACGAT              CACCGC TGCT GCGGTG               ATGGATGCxxxxxxx
-11.3     125 ..     142   CCTGGCCGCGAACGA             TCACCGC TGCT GCGGTGA              TGGATGCxxxxxxxx
-12.2     124 ..     143   TCCTGGCCGCGAACG            ATCACCGC TGCT GCGGTGAT             GGATGCxxxxxxxxx
-8.7     123 ..     144   ATCCTGGCCGCGAAC           GATCACCGC TGCT GCGGTGATG            GATGCxxxxxxxxxx
 -11     122 ..     145   CATCCTGGCCGCGAA          CGATCACCGC TGCT GCGGTGATGG           ATGCxxxxxxxxxxx
-7.5     121 ..     146   GCATCCTGGCCGCGA         ACGATCACCGC TGCT GCGGTGATGGA          TGCxxxxxxxxxxxx
-8.4     120 ..     147   CGCATCCTGGCCGCG        AACGATCACCGC TGCT GCGGTGATGGAT         GCxxxxxxxxxxxxx
-4.9     119 ..     148   CCGCATCCTGGCCGC       GAACGATCACCGC TGCT GCGGTGATGGATG        Cxxxxxxxxxxxxxx
