>NIOF01000003.1:c49577-49427 Roseateles aquatilis strain CCUG 48205 Scaffold3_1, whole genome shotgun sequence FORWARD
 0.4       1 ..      11   xxxxxxxxxxxxxxx                 ATCT CCC AGAC                 ATGCCCGCCAGCGTT
 0.4       2 ..      12   xxxxxxxxxxxxxxA                 TCTC CCA GACA                 TGCCCGCCAGCGTTG
-0.5       1 ..      13   xxxxxxxxxxxxxxx                ATCTC CCA GACAT                GCCCGCCAGCGTTGC
 5.5       1 ..      14   xxxxxxxxxxxxxxx               -ATCTC CCA GACATG               CCCGCCAGCGTTGCT
 6.2       5 ..      15   xxxxxxxxxxxATCT                 CC CAGACAT GC                 CCGCCAGCGTTGCTG
 5.8       5 ..      16   xxxxxxxxxxxATCT                CCCA GACA TGCC                 CGCCAGCGTTGCTGG
 7.7       7 ..      17   xxxxxxxxxATCTCC                 CAG ACATG CCC                 GCCAGCGTTGCTGGC
 2.9       7 ..      18   xxxxxxxxxATCTCC                CAG ACATGC CCG                 CCAGCGTTGCTGGCG
 4.7       9 ..      19   xxxxxxxATCTCCCA                 G ACATGCCCG C                 CAGCGTTGCTGGCGA
 2.9       9 ..      20   xxxxxxxATCTCCCA                GAC ATGCCC GCC                 AGCGTTGCTGGCGAC
 6.4       8 ..      21   xxxxxxxxATCTCCC               AGAC ATGCCC GCCA                GCGTTGCTGGCGACA
 3.3      12 ..      22   xxxxATCTCCCAGAC                 ATG CCCGC CAG                 CGTTGCTGGCGACAT
 5.4      13 ..      23   xxxATCTCCCAGACA                TGC CCGCCA GC-                 GTTGCTGGCGACATG
 0.7      13 ..      24   xxxATCTCCCAGACA                TGC CCGCCA GCG                 TTGCTGGCGACATGC
-0.2      12 ..      25   xxxxATCTCCCAGAC               ATGC CCGCCA GCGT                TGCTGGCGACATGCC
 3.3      11 ..      26   xxxxxATCTCCCAGA              CATGC CCGCCA GCGTT               GCTGGCGACATGCCC
 1.2      17 ..      27   TCTCCCAGACATGCC                 CGCC AGC GTTG                 CTGGCGACATGCCCA
  -1      18 ..      28   CTCCCAGACATGCCC                 GCCA GCG TTGC                 TGGCGACATGCCCAG
 2.5      17 ..      29   TCTCCCAGACATGCC                CGCCA GCG TTGCT                GGCGACATGCCCAGG
-6.8      20 ..      30   CCCAGACATGCCCGC                 CAGC GTT GCTG                 GCGACATGCCCAGGT
-9.1      19 ..      31   TCCCAGACATGCCCG                CCAGC GTT GCTGG                CGACATGCCCAGGTA
-11.4      18 ..      32   CTCCCAGACATGCCC               GCCAGC GTT GCTGGC               GACATGCCCAGGTAG
-13.7      17 ..      33   TCTCCCAGACATGCC              CGCCAGC GTT GCTGGCG              ACATGCCCAGGTAGC
-10.2      16 ..      34   ATCTCCCAGACATGC             CCGCCAGC GTT GCTGGCGA             CATGCCCAGGTAGCC
-6.7      15 ..      35   xATCTCCCAGACATG            CCCGCCAGC GTT GCTGGCGAC            ATGCCCAGGTAGCCA
-7.4      13 ..      36   xxxATCTCCCAGACA          TGCCCGCCAGC GTT GCTGGCGA-CA          TGCCCAGGTAGCCAT
-8.3      12 ..      37   xxxxATCTCCCAGAC         ATGCCCGCCAGC GTT GCTGGCGA-CAT         GCCCAGGTAGCCATC
-10.6      11 ..      38   xxxxxATCTCCCAGA        CATGCCCGCCAGC GTT GCTGGCGA-CATG        CCCAGGTAGCCATCG
-7.1      10 ..      39   xxxxxxATCTCCCAG       ACATGCCCGCCAGC GTT GCTGGCGA-CATGC       CCAGGTAGCCATCGA
-9.4       9 ..      40   xxxxxxxATCTCCCA      GACATGCCCGCCAGC GTT GCTGGCGA-CATGCC      CAGGTAGCCATCGAT
-5.9       8 ..      41   xxxxxxxxATCTCCC     AGACATGCCCGCCAGC GTT GCTGGCGA-CATGCCC     AGGTAGCCATCGATC
-2.4       7 ..      42   xxxxxxxxxATCTCC    CAGACATGCCCGCCAGC GTT GCTGGCGA-CATGCCCA    GGTAGCCATCGATCT
-4.7       6 ..      43   xxxxxxxxxxATCTC   CCAGACATGCCCGCCAGC GTT GCTGGCGA-CATGCCCAG   GTAGCCATCGATCTT
  -7       5 ..      44   xxxxxxxxxxxATCT  CCCAGACATGCCCGCCAGC GTT GCTGGCGA-CATGCCCAGG  TAGCCATCGATCTTC
-3.5       4 ..      45   xxxxxxxxxxxxATC TCCCAGACATGCCCGCCAGC GTT GCTGGCGA-CATGCCCAGGT AGCCATCGATCTTCA
-1.9       4 ..      46   xxxxxxxxxxxxATC T-CCCAGACATGCCCGCCAGC GTT GCTGGCGA-CATGCCCAGGTA GCCATCGATCTTCAA
-4.2       3 ..      47   xxxxxxxxxxxxxAT CT-CCCAGACATGCCCGCCAGC GTT GCTGGCGA-CATGCCCAGGTAG CCATCGATCTTCAAG
-0.7       2 ..      48   xxxxxxxxxxxxxxA TCT-CCCAGACATGCCCGCCAGC GTT GCTGGCGA-CATGCCCAGGTAGC CATCGATCTTCAAGG
  -2      30 ..      49   CCCGCCAGCGTTGCT            GGCGACAT GCCC AGGTAGCC             ATCGATCTTCAAGGC
-2.9      29 ..      50   GCCCGCCAGCGTTGC           TGGCGACAT GCCC AGGTAGCCA            TCGATCTTCAAGGCT
 0.6      28 ..      51   TGCCCGCCAGCGTTG          CTGGCGACAT GCCC AGGTAGCCAT           CGATCTTCAAGGCTA
-1.7      27 ..      52   ATGCCCGCCAGCGTT         GCTGGCGACAT GCCC AGGTAGCCATC          GATCTTCAAGGCTAC
-0.4      26 ..      53   CATGCCCGCCAGCGT        TGCTGGCGACAT GCCC AGGTAGCCATCG         ATCTTCAAGGCTACG
-1.3      25 ..      54   ACATGCCCGCCAGCG       TTGCTGGCGACAT GCCC AGGTAGCCATCGA        TCTTCAAGGCTACGG
1.669e-07      24 ..      55   GACATGCCCGCCAGC      GTTGCTGGCGACAT GCCC AGGTAGCCATCGAT       CTTCAAGGCTACGGC
 1.3      43 ..      56   CTGGCGACATGCCCA               GGTAG CCAT CGATC                TTCAAGGCTACGGCG
 0.4      42 ..      57   GCTGGCGACATGCCC              AGGTAG CCAT CGATCT               TCAAGGCTACGGCGC
 3.9      41 ..      58   TGCTGGCGACATGCC             CAGGTAG CCAT CGATCTT              CAAGGCTACGGCGCG
   4      44 ..      59   TGGCGACATGCCCAG              GTAG CCATCGAT CTTC               AAGGCTACGGCGCGG
 7.5      43 ..      60   CTGGCGACATGCCCA             GGTAG CCATCGAT CTTCA              AGGCTACGGCGCGGC
 0.4      51 ..      61   ATGCCCAGGTAGCCA                 TCGA TCT TCAA                 GGCTACGGCGCGGCT
 3.9      50 ..      62   CATGCCCAGGTAGCC                ATCGA TCT TCAAG                GCTACGGCGCGGCTT
 1.6      49 ..      63   ACATGCCCAGGTAGC               CATCGA TCT TCAAGG               CTACGGCGCGGCTTG
-0.5      47 ..      64   CGACATGCCCAGGTA             GCCATCGA TCT TC-AAGGC             TACGGCGCGGCTTGT
-1.4      46 ..      65   GCGACATGCCCAGGT            AGCCATCGA TCT TC-AAGGCT            ACGGCGCGGCTTGTC
-2.3      45 ..      66   GGCGACATGCCCAGG           TAGCCATCGA TCT TC-AAGGCTA           CGGCGCGGCTTGTCC
-4.6      44 ..      67   TGGCGACATGCCCAG          GTAGCCATCGA TCT TC-AAGGCTAC          GGCGCGGCTTGTCCG
-1.1      43 ..      68   CTGGCGACATGCCCA         GGTAGCCATCGA TCT TC-AAGGCTACG         GCGCGGCTTGTCCGC
 2.4      42 ..      69   GCTGGCGACATGCCC        AGGTAGCCATCGA TCT TC-AAGGCTACGG        CGCGGCTTGTCCGCG
   2      47 ..      70   CGACATGCCCAGGTA          GCCATCGATCT TCA AGG-CTACGGC          GCGGCTTGTCCGCGT
 3.4      61 ..      71   AGCCATCGATCTTCA                 AGGC TAC GGCG                 CGGCTTGTCCGCGTT
 1.1      62 ..      72   GCCATCGATCTTCAA                G-GC TACG GCGC                 GGCTTGTCCGCGTTG
 2.8      37 ..      73   GCGTTGCTGGCGACA   TGCCCAGGTAGCCATCGA TCT TC-AAGGCTACG-GCGCG   GCTTGTCCGCGTTGA
 1.2      64 ..      74   CATCGATCTTCAAGG                 CTAC GGC GCGG                 CTTGTCCGCGTTGAT
-1.1      63 ..      75   CCATCGATCTTCAAG                GCTAC GGC GCGGC                TTGTCCGCGTTGATC
 0.2      62 ..      76   GCCATCGATCTTCAA               GGCTAC GGC GCGGCT               TGTCCGCGTTGATCG
-0.7      61 ..      77   AGCCATCGATCTTCA              AGGCTAC GGC GCGGCTT              GTCCGCGTTGATCGA
 0.8      59 ..      78   GTAGCCATCGATCTT            CAAGGCTAC GGC GCGG-CTTG            TCCGCGTTGATCGAA
 0.5      66 ..      79   TCGATCTTCAAGGCT               AC-GGC GCG GCTTGT               CCGCGTTGATCGAAA
   1      68 ..      80   GATCTTCAAGGCTAC                GGCG CGGCT TGTC                CGCGTTGATCGAAAC
 2.5      69 ..      81   ATCTTCAAGGCTACG                GCGCG GCT TGTCC                GCGTTGATCGAAACC
-3.9      72 ..      82   TTCAAGGCTACGGCG                 CGG CTTGT CCG                 CGTTGATCGAAACCC
-6.2      71 ..      83   CTTCAAGGCTACGGC                GCGG CTTGT CCGC                GTTGATCGAAACCCG
-8.5      70 ..      84   TCTTCAAGGCTACGG               CGCGG CTTGT CCGCG               TTGATCGAAACCCGT
-7.2      69 ..      85   ATCTTCAAGGCTACG              GCGCGG CTTGT CCGCGT              TGATCGAAACCCGTT
-5.9      68 ..      86   GATCTTCAAGGCTAC             GGCGCGG CTTGT CCGCGTT             GATCGAAACCCGTTC
-8.2      67 ..      87   CGATCTTCAAGGCTA            CGGCGCGG CTTGT CCGCGTTG            ATCGAAACCCGTTCG
-4.7      66 ..      88   TCGATCTTCAAGGCT           ACGGCGCGG CTTGT CCGCGTTGA           TCGAAACCCGTTCGC
-3.1      66 ..      89   TCGATCTTCAAGGCT          A-CGGCGCGG CTTGT CCGCGTTGAT          CGAAACCCGTTCGCA
-1.9      63 ..      90   CCATCGATCTTCAAG        GCTACGGCGCGG CTTGT CCGCGTTG-ATC        GAAACCCGTTCGCAT
-1.9      64 ..      91   CATCGATCTTCAAGG        CTA-CGGCGCGG CTTGT CCGCGTTGATCG        AAACCCGTTCGCATC
 1.6      63 ..      92   CCATCGATCTTCAAG       GCTA-CGGCGCGG CTTGT CCGCGTTGATCGA       AACCCGTTCGCATCG
   3      79 ..      93   CTACGGCGCGGCTTG               TCCG CGTTGAT CGAA               ACCCGTTCGCATCGC
 4.7      84 ..      94   GCGCGGCTTGTCCGC                 GTT GATCG AAA                 CCCGTTCGCATCGCA
-0.1      84 ..      95   GCGCGGCTTGTCCGC                GTT GATCGA AAC                 CCGTTCGCATCGCAT
 3.4      83 ..      96   GGCGCGGCTTGTCCG               CGTT GATCGA AACC                CGTTCGCATCGCATC
 1.1      82 ..      97   CGGCGCGGCTTGTCC              GCGTT GATCGA AACCC               GTTCGCATCGCATCC
-1.2      81 ..      98   ACGGCGCGGCTTGTC             CGCGTT GATCGA AACCCG              TTCGCATCGCATCCC
 1.9      89 ..      99   GCTTGTCCGCGTTGA                 TCG AAACC CGT                 TCGCATCGCATCCCT
   1      88 ..     100   GGCTTGTCCGCGTTG                ATCG AAACC CGTT                CGCATCGCATCCCTT
-1.3      87 ..     101   CGGCTTGTCCGCGTT               GATCG AAACC CGTTC               GCATCGCATCCCTTG
-3.4      90 ..     102   CTTGTCCGCGTTGAT                CGAA ACCCG TTCG                CATCGCATCCCTTGA
 0.1      89 ..     103   GCTTGTCCGCGTTGA               TCGAA ACCCG TTCGC               ATCGCATCCCTTGAC
 1.7      89 ..     104   GCTTGTCCGCGTTGA              T-CGAA ACCCG TTCGCA              TCGCATCCCTTGACG
 0.8      88 ..     105   GGCTTGTCCGCGTTG             AT-CGAA ACCCG TTCGCAT             CGCATCCCTTGACGC
-1.5      87 ..     106   CGGCTTGTCCGCGTT            GAT-CGAA ACCCG TTCGCATC            GCATCCCTTGACGCG
  -1      97 ..     107   GCGTTGATCGAAACC                 CGTT CGC ATCG                 CATCCCTTGACGCGA
   2      82 ..     108   CGGCGCGGCTTGTCC        GCGTTGATCGAA ACCCG TTCG--CATCGC        ATCCCTTGACGCGAA
  -1      99 ..     109   GTTGATCGAAACCCG                 TTCG CAT CGCA                 TCCCTTGACGCGAAC
 0.3      98 ..     110   CGTTGATCGAAACCC                GTTCG CAT CGCAT                CCCTTGACGCGAACG
 2.7      98 ..     111   CGTTGATCGAAACCC               G-TTCG CAT CGCATC               CCTTGACGCGAACGG
 0.4     102 ..     112   GATCGAAACCCGTTC                 GCAT CGC ATCC                 CTTGACGCGAACGGC
 3.9     101 ..     113   TGATCGAAACCCGTT                CGCAT CGC ATCCC                TTGACGCGAACGGCC
 4.8     104 ..     114   TCGAAACCCGTTCGC                 ATCG CAT CCCT                 TGACGCGAACGGCCA
 5.8     104 ..     115   TCGAAACCCGTTCGC                ATCG CATC CCTT                 GACGCGAACGGCCAC
 3.5     103 ..     116   ATCGAAACCCGTTCG               CATCG CATC CCTTG                ACGCGAACGGCCACT
 3.1     105 ..     117   CGAAACCCGTTCGCA                TCG CATCCCT TGA                CGCGAACGGCCACTG
 3.5     107 ..     118   AAACCCGTTCGCATC                G-CA TCCCT TGAC                GCGAACGGCCACTGC
-4.768e-08     108 ..     119   AACCCGTTCGCATCG                CATC CCTT GACG                 CGAACGGCCACTGCA
-2.3     107 ..     120   AAACCCGTTCGCATC               GCATC CCTT GACGC                GAACGGCCACTGCAT
-4.6     106 ..     121   GAAACCCGTTCGCAT              CGCATC CCTT GACGCG               AACGGCCACTGCATC
-5.5     105 ..     122   CGAAACCCGTTCGCA             TCGCATC CCTT GACGCGA              ACGGCCACTGCATCC
-2.1      99 ..     123   GTTGATCGAAACCCG          TTCGCATCG CATCCCT TGACGCGAA          CGGCCACTGCATCCG
-4.4      98 ..     124   CGTTGATCGAAACCC         GTTCGCATCG CATCCCT TGACGCGAAC         GGCCACTGCATCCGC
-6.7      97 ..     125   GCGTTGATCGAAACC        CGTTCGCATCG CATCCCT TGACGCGAACG        GCCACTGCATCCGCG
  -9      96 ..     126   CGCGTTGATCGAAAC       CCGTTCGCATCG CATCCCT TGACGCGAACGG       CCACTGCATCCGCGG
-5.5      95 ..     127   CCGCGTTGATCGAAA      CCCGTTCGCATCG CATCCCT TGACGCGAACGGC      CACTGCATCCGCGGT
  -2      94 ..     128   TCCGCGTTGATCGAA     ACCCGTTCGCATCG CATCCCT TGACGCGAACGGCC     ACTGCATCCGCGGTG
 1.2     114 ..     129   TTCGCATCGCATCCC              TTGACG CGAA CGGCCA               CTGCATCCGCGGTGG
 2.9     119 ..     130   ATCGCATCCCTTGAC                GCG AACGGC CAC                 TGCATCCGCGGTGGT
 6.3      91 ..     131   TTGTCCGCGTTGATC  GAAACCCGTTCGCATCG CATCCCT TGACGCGAACGGCCACT  GCATCCGCGGTGGTG
   4      90 ..     132   CTTGTCCGCGTTGAT CGAAACCCGTTCGCATCG CATCCCT TGACGCGAACGGCCACTG CATCCGCGGTGGTGG
 1.2     123 ..     133   CATCCCTTGACGCGA                 ACGG CCA CTGC                 ATCCGCGGTGGTGGA
 4.7     122 ..     134   GCATCCCTTGACGCG                AACGG CCA CTGCA                TCCGCGGTGGTGGAT
 4.4     124 ..     135   ATCCCTTGACGCGAA                CGGC CACT GCAT                 CCGCGGTGGTGGATG
   4     116 ..     136   CGCATCGCATCCCTT            GACGCG AACGGCCAC TGCATC            CGCGGTGGTGGATGC
 2.4     125 ..     137   TCCCTTGACGCGAAC                GG CCACTGCAT CC                GCGGTGGTGGATGCx
 0.1     124 ..     138   ATCCCTTGACGCGAA               CGG CCACTGCAT CCG               CGGTGGTGGATGCxx
 1.9     119 ..     139   ATCGCATCCCTTGAC            GCGAACG GCCACTG CATCCGC            GGTGGTGGATGCxxx
-0.4     118 ..     140   CATCGCATCCCTTGA           CGCGAACG GCCACTG CATCCGCG           GTGGTGGATGCxxxx
-3.6     130 ..     141   TGACGCGAACGGCCA                CTGC ATCC GCGG                 TGGTGGATGCxxxxx
-4.5     129 ..     142   TTGACGCGAACGGCC               ACTGC ATCC GCGGT                GGTGGATGCxxxxxx
-6.8     128 ..     143   CTTGACGCGAACGGC              CACTGC ATCC GCGGTG               GTGGATGCxxxxxxx
-9.1     127 ..     144   CCTTGACGCGAACGG             CCACTGC ATCC GCGGTGG              TGGATGCxxxxxxxx
-7.8     126 ..     145   CCCTTGACGCGAACG            GCCACTGC ATCC GCGGTGGT             GGATGCxxxxxxxxx
-4.3     125 ..     146   TCCCTTGACGCGAAC           GGCCACTGC ATCC GCGGTGGTG            GATGCxxxxxxxxxx
-6.6     124 ..     147   ATCCCTTGACGCGAA          CGGCCACTGC ATCC GCGGTGGTGG           ATGCxxxxxxxxxxx
-4.5     135 ..     148   CGAACGGCCACTGCA               TCCGC GGTG GTGGA                TGCxxxxxxxxxxxx
-5.4     134 ..     149   GCGAACGGCCACTGC              ATCCGC GGTG GTGGAT               GCxxxxxxxxxxxxx
-7.7     133 ..     150   CGCGAACGGCCACTG             CATCCGC GGTG GTGGATG              Cxxxxxxxxxxxxxx
