>WBSF01000009.1:198902-199052 Betaproteobacteria bacterium SCN1 NODE_2_length_571767_cov_42.151974, whole genome shotgun sequence FORWARD
 6.9       1 ..      11   xxxxxxxxxxxxxxx                 ATT CCCCA GAC                 ATGCCCGCCGGCGTT
 3.9       2 ..      12   xxxxxxxxxxxxxxA                T-TC CCCA GACA                 TGCCCGCCGGCGTTG
   3       1 ..      13   xxxxxxxxxxxxxxx               AT-TC CCCA GACAT                GCCCGCCGGCGTTGC
 4.7       4 ..      14   xxxxxxxxxxxxATT                 C CCCAGACAT G                 CCCGCCGGCGTTGCC
 6.2       5 ..      15   xxxxxxxxxxxATTC                 CC CAGACAT GC                 CCGCCGGCGTTGCCG
 5.8       5 ..      16   xxxxxxxxxxxATTC                CCCA GACA TGCC                 CGCCGGCGTTGCCGG
 7.7       7 ..      17   xxxxxxxxxATTCCC                 CAG ACATG CCC                 GCCGGCGTTGCCGGT
 2.9       7 ..      18   xxxxxxxxxATTCCC                CAG ACATGC CCG                 CCGGCGTTGCCGGTG
 4.7       9 ..      19   xxxxxxxATTCCCCA                 G ACATGCCCG C                 CGGCGTTGCCGGTGA
 2.9       9 ..      20   xxxxxxxATTCCCCA                GAC ATGCCC GCC                 GGCGTTGCCGGTGAC
 4.7      11 ..      21   xxxxxATTCCCCAGA                 C ATGCCCGCC G                 GCGTTGCCGGTGACA
 3.6       6 ..      22   xxxxxxxxxxATTCC              CCAG ACATGCCCG CCGG              CGTTGCCGGTGACAT
 1.1      13 ..      23   xxxATTCCCCAGACA                TGCC CGCC GGC-                 GTTGCCGGTGACATG
-3.6      13 ..      24   xxxATTCCCCAGACA                TGCC CGCC GGCG                 TTGCCGGTGACATGC
-4.5      12 ..      25   xxxxATTCCCCAGAC               ATGCC CGCC GGCGT                TGCCGGTGACATGCC
  -1      11 ..      26   xxxxxATTCCCCAGA              CATGCC CGCC GGCGTT               GCCGGTGACATGCCC
-0.8      11 ..      27   xxxxxATTCCCCAGA             CA-TGCC CGCC GGCGTTG              CCGGTGACATGCCCA
 0.2       9 ..      28   xxxxxxxATTCCCCA            GACATGCC CGCC GGCGTTGC             CGGTGACATGCCCAG
 0.4       9 ..      29   xxxxxxxATTCCCCA           GACA-TGCC CGCC GGCGTTGCC            GGTGACATGCCCAGG
-8.2      20 ..      30   CCCAGACATGCCCGC                 CGGC GTT GCCG                 GTGACATGCCCAGGT
-10.5      19 ..      31   CCCCAGACATGCCCG                CCGGC GTT GCCGG                TGACATGCCCAGGTA
-9.2      18 ..      32   TCCCCAGACATGCCC               GCCGGC GTT GCCGGT               GACATGCCCAGGTAG
-11.5      17 ..      33   TTCCCCAGACATGCC              CGCCGGC GTT GCCGGTG              ACATGCCCAGGTAGC
  -8      16 ..      34   ATTCCCCAGACATGC             CCGCCGGC GTT GCCGGTGA             CATGCCCAGGTAGCC
-4.5      15 ..      35   xATTCCCCAGACATG            CCCGCCGGC GTT GCCGGTGAC            ATGCCCAGGTAGCCA
-5.2      13 ..      36   xxxATTCCCCAGACA          TGCCCGCCGGC GTT GCCGGTGA-CA          TGCCCAGGTAGCCAT
-6.1      12 ..      37   xxxxATTCCCCAGAC         ATGCCCGCCGGC GTT GCCGGTGA-CAT         GCCCAGGTAGCCATC
-8.4      11 ..      38   xxxxxATTCCCCAGA        CATGCCCGCCGGC GTT GCCGGTGA-CATG        CCCAGGTAGCCATCG
-4.9      10 ..      39   xxxxxxATTCCCCAG       ACATGCCCGCCGGC GTT GCCGGTGA-CATGC       CCAGGTAGCCATCGA
-7.2       9 ..      40   xxxxxxxATTCCCCA      GACATGCCCGCCGGC GTT GCCGGTGA-CATGCC      CAGGTAGCCATCGAT
-3.7       8 ..      41   xxxxxxxxATTCCCC     AGACATGCCCGCCGGC GTT GCCGGTGA-CATGCCC     AGGTAGCCATCGATC
-0.2       7 ..      42   xxxxxxxxxATTCCC    CAGACATGCCCGCCGGC GTT GCCGGTGA-CATGCCCA    GGTAGCCATCGATCT
-2.5       6 ..      43   xxxxxxxxxxATTCC   CCAGACATGCCCGCCGGC GTT GCCGGTGA-CATGCCCAG   GTAGCCATCGATCTT
-4.8       5 ..      44   xxxxxxxxxxxATTC  CCCAGACATGCCCGCCGGC GTT GCCGGTGA-CATGCCCAGG  TAGCCATCGATCTTC
-1.3       4 ..      45   xxxxxxxxxxxxATT CCCCAGACATGCCCGCCGGC GTT GCCGGTGA-CATGCCCAGGT AGCCATCGATCTTCA
-2.2       3 ..      46   xxxxxxxxxxxxxAT TCCCCAGACATGCCCGCCGGC GTT GCCGGTGA-CATGCCCAGGTA GCCATCGATCTTCAA
-0.9       2 ..      47   xxxxxxxxxxxxxxA TTCCCCAGACATGCCCGCCGGC GTT GCCGGTGA-CATGCCCAGGTAG CCATCGATCTTCAAG
 0.2      24 ..      48   GACATGCCCGCCGGC          GTTGCCGGTG ACATG CCCAGGTAGC          CATCGATCTTCAAGG
 1.6      30 ..      49   CCCGCCGGCGTTGCC            GGTGACAT GCCC AGGTAGCC             ATCGATCTTCAAGGC
   2      37 ..      50   GCGTTGCCGGTGACA               TGCC CAGGTA GCCA                TCGATCTTCAAGGCT
 1.1      36 ..      51   GGCGTTGCCGGTGAC              ATGCC CAGGTA GCCAT               CGATCTTCAAGGCTG
 3.1      30 ..      52   CCCGCCGGCGTTGCC          GGTGACATGC CCAG GTA-GCCATC           GATCTTCAAGGCTGC
 0.8      29 ..      53   GCCCGCCGGCGTTGC         CGGTGACATGC CCAG GTA-GCCATCG          ATCTTCAAGGCTGCG
 4.3      28 ..      54   TGCCCGCCGGCGTTG        CCGGTGACATGC CCAG GTA-GCCATCGA         TCTTCAAGGCTGCGG
 3.6      44 ..      55   CGGTGACATGCCCAG                GTAG CCAT CGAT                 CTTCAAGGCTGCGGC
 1.3      43 ..      56   CCGGTGACATGCCCA               GGTAG CCAT CGATC                TTCAAGGCTGCGGCG
 0.4      42 ..      57   GCCGGTGACATGCCC              AGGTAG CCAT CGATCT               TCAAGGCTGCGGCGC
 3.9      41 ..      58   TGCCGGTGACATGCC             CAGGTAG CCAT CGATCTT              CAAGGCTGCGGCGCG
   4      44 ..      59   CGGTGACATGCCCAG              GTAG CCATCGAT CTTC               AAGGCTGCGGCGCGG
 7.5      43 ..      60   CCGGTGACATGCCCA             GGTAG CCATCGAT CTTCA              AGGCTGCGGCGCGGC
 0.4      51 ..      61   ATGCCCAGGTAGCCA                 TCGA TCT TCAA                 GGCTGCGGCGCGGCT
 3.9      50 ..      62   CATGCCCAGGTAGCC                ATCGA TCT TCAAG                GCTGCGGCGCGGCTC
 1.6      49 ..      63   ACATGCCCAGGTAGC               CATCGA TCT TCAAGG               CTGCGGCGCGGCTCG
-0.5      47 ..      64   TGACATGCCCAGGTA             GCCATCGA TCT TC-AAGGC             TGCGGCGCGGCTCGT
-1.4      46 ..      65   GTGACATGCCCAGGT            AGCCATCGA TCT TC-AAGGCT            GCGGCGCGGCTCGTC
-0.1      45 ..      66   GGTGACATGCCCAGG           TAGCCATCGA TCT TC-AAGGCTG           CGGCGCGGCTCGTCC
-2.4      44 ..      67   CGGTGACATGCCCAG          GTAGCCATCGA TCT TC-AAGGCTGC          GGCGCGGCTCGTCCG
 1.1      43 ..      68   CCGGTGACATGCCCA         GGTAGCCATCGA TCT TC-AAGGCTGCG         GCGCGGCTCGTCCGC
 1.3      56 ..      69   CAGGTAGCCATCGAT               CTTCA AGGC TGCGG                CGCGGCTCGTCCGCG
 4.2      47 ..      70   TGACATGCCCAGGTA          GCCATCGATCT TCA AGGCTGC-GGC          GCGGCTCGTCCGCGT
 3.4      61 ..      71   AGCCATCGATCTTCA                 AGGC TGC GGCG                 CGGCTCGTCCGCGTT
 1.1      62 ..      72   GCCATCGATCTTCAA                G-GC TGCG GCGC                 GGCTCGTCCGCGTTG
 2.9      62 ..      73   GCCATCGATCTTCAA                GGC TGCGGC GCG                 GCTCGTCCGCGTTGA
-4.6      64 ..      74   CATCGATCTTCAAGG                 CTGC GGC GCGG                 CTCGTCCGCGTTGAT
-6.9      63 ..      75   CCATCGATCTTCAAG                GCTGC GGC GCGGC                TCGTCCGCGTTGATC
-5.6      62 ..      76   GCCATCGATCTTCAA               GGCTGC GGC GCGGCT               CGTCCGCGTTGATCG
-3.2      62 ..      77   GCCATCGATCTTCAA              G-GCTGC GGC GCGGCTC              GTCCGCGTTGATCGA
-2.2      67 ..      78   CGATCTTCAAGGCTG                CG-GC GCG GCTCG                TCCGCGTTGATCGAA
-0.9      66 ..      79   TCGATCTTCAAGGCT               GCG-GC GCG GCTCGT               CCGCGTTGATCGAAA
-2.6      68 ..      80   GATCTTCAAGGCTGC                GGCG CGGCT CGTC                CGCGTTGATCGAAAC
-1.1      69 ..      81   ATCTTCAAGGCTGCG                GCGCG GCT CGTCC                GCGTTGATCGAAACC
-3.9      72 ..      82   TTCAAGGCTGCGGCG                 CGG CTCGT CCG                 CGTTGATCGAAACCC
-6.2      71 ..      83   CTTCAAGGCTGCGGC                GCGG CTCGT CCGC                GTTGATCGAAACCCG
-8.5      70 ..      84   TCTTCAAGGCTGCGG               CGCGG CTCGT CCGCG               TTGATCGAAACCCGT
-7.2      69 ..      85   ATCTTCAAGGCTGCG              GCGCGG CTCGT CCGCGT              TGATCGAAACCCGTT
-5.9      68 ..      86   GATCTTCAAGGCTGC             GGCGCGG CTCGT CCGCGTT             GATCGAAACCCGTTC
-8.2      67 ..      87   CGATCTTCAAGGCTG            CGGCGCGG CTCGT CCGCGTTG            ATCGAAACCCGTTCG
-4.7      66 ..      88   TCGATCTTCAAGGCT           GCGGCGCGG CTCGT CCGCGTTGA           TCGAAACCCGTTCGC
-1.2      65 ..      89   ATCGATCTTCAAGGC          TGCGGCGCGG CTCGT CCGCGTTGAT          CGAAACCCGTTCGCA
-1.9      63 ..      90   CCATCGATCTTCAAG        GCTGCGGCGCGG CTCGT CCGCGTTG-ATC        GAAACCCGTTCGCAT
 0.3      64 ..      91   CATCGATCTTCAAGG        CTG-CGGCGCGG CTCGT CCGCGTTGATCG        AAACCCGTTCGCATC
 1.3      76 ..      92   AGGCTGCGGCGCGGC             TCG-TC CGCGTT GATCGA              AACCCGTTCGCATCG
   3      79 ..      93   CTGCGGCGCGGCTCG               TCCG CGTTGAT CGAA               ACCCGTTCGCATCGC
 4.7      84 ..      94   GCGCGGCTCGTCCGC                 GTT GATCG AAA                 CCCGTTCGCATCGCA
-0.1      84 ..      95   GCGCGGCTCGTCCGC                GTT GATCGA AAC                 CCGTTCGCATCGCAT
 3.4      83 ..      96   GGCGCGGCTCGTCCG               CGTT GATCGA AACC                CGTTCGCATCGCATC
 1.1      82 ..      97   CGGCGCGGCTCGTCC              GCGTT GATCGA AACCC               GTTCGCATCGCATCC
-1.2      81 ..      98   GCGGCGCGGCTCGTC             CGCGTT GATCGA AACCCG              TTCGCATCGCATCCC
 1.9      89 ..      99   GCTCGTCCGCGTTGA                 TCG AAACC CGT                 TCGCATCGCATCCCT
   1      88 ..     100   GGCTCGTCCGCGTTG                ATCG AAACC CGTT                CGCATCGCATCCCTT
-1.3      87 ..     101   CGGCTCGTCCGCGTT               GATCG AAACC CGTTC               GCATCGCATCCCTTG
-3.4      90 ..     102   CTCGTCCGCGTTGAT                CGAA ACCCG TTCG                CATCGCATCCCTTGA
 0.1      89 ..     103   GCTCGTCCGCGTTGA               TCGAA ACCCG TTCGC               ATCGCATCCCTTGAC
 1.7      89 ..     104   GCTCGTCCGCGTTGA              T-CGAA ACCCG TTCGCA              TCGCATCCCTTGACG
 0.8      88 ..     105   GGCTCGTCCGCGTTG             AT-CGAA ACCCG TTCGCAT             CGCATCCCTTGACGC
-1.5      87 ..     106   CGGCTCGTCCGCGTT            GAT-CGAA ACCCG TTCGCATC            GCATCCCTTGACGCG
  -1      97 ..     107   GCGTTGATCGAAACC                 CGTT CGC ATCG                 CATCCCTTGACGCGA
   2      82 ..     108   CGGCGCGGCTCGTCC        GCGTTGATCGAA ACCCG TTCG--CATCGC        ATCCCTTGACGCGAA
  -1      99 ..     109   GTTGATCGAAACCCG                 TTCG CAT CGCA                 TCCCTTGACGCGAAC
 0.3      98 ..     110   CGTTGATCGAAACCC                GTTCG CAT CGCAT                CCCTTGACGCGAACA
 2.7      98 ..     111   CGTTGATCGAAACCC               G-TTCG CAT CGCATC               CCTTGACGCGAACAG
 0.4     102 ..     112   GATCGAAACCCGTTC                 GCAT CGC ATCC                 CTTGACGCGAACAGC
 3.9     101 ..     113   TGATCGAAACCCGTT                CGCAT CGC ATCCC                TTGACGCGAACAGCC
 4.8     104 ..     114   TCGAAACCCGTTCGC                 ATCG CAT CCCT                 TGACGCGAACAGCCA
 5.8     104 ..     115   TCGAAACCCGTTCGC                ATCG CATC CCTT                 GACGCGAACAGCCAT
 3.5     103 ..     116   ATCGAAACCCGTTCG               CATCG CATC CCTTG                ACGCGAACAGCCATC
 3.1     105 ..     117   CGAAACCCGTTCGCA                TCG CATCCCT TGA                CGCGAACAGCCATCG
 3.5     107 ..     118   AAACCCGTTCGCATC                G-CA TCCCT TGAC                GCGAACAGCCATCGC
-4.768e-08     108 ..     119   AACCCGTTCGCATCG                CATC CCTT GACG                 CGAACAGCCATCGCA
-2.3     107 ..     120   AAACCCGTTCGCATC               GCATC CCTT GACGC                GAACAGCCATCGCAT
-4.6     106 ..     121   GAAACCCGTTCGCAT              CGCATC CCTT GACGCG               AACAGCCATCGCATC
-5.5     105 ..     122   CGAAACCCGTTCGCA             TCGCATC CCTT GACGCGA              ACAGCCATCGCATCC
-2.1      99 ..     123   GTTGATCGAAACCCG          TTCGCATCG CATCCCT TGACGCGAA          CAGCCATCGCATCCG
-4.4      98 ..     124   CGTTGATCGAAACCC         GTTCGCATCG CATCCCT TGACGCGAAC         AGCCATCGCATCCGC
-0.9      97 ..     125   GCGTTGATCGAAACC        CGTTCGCATCG CATCCCT TGACGCGAACA        GCCATCGCATCCGCG
-3.2      96 ..     126   CGCGTTGATCGAAAC       CCGTTCGCATCG CATCCCT TGACGCGAACAG       CCATCGCATCCGCGG
 0.3      95 ..     127   CCGCGTTGATCGAAA      CCCGTTCGCATCG CATCCCT TGACGCGAACAGC      CATCGCATCCGCGGT
 1.9     118 ..     128   CATCGCATCCCTTGA                 CGC GAACA GCC                 ATCGCATCCGCGGTG
   3     115 ..     129   TCGCATCGCATCCCT               TGAC GCGAACA GCCA               TCGCATCCGCGGTGG
 6.3     117 ..     130   GCATCGCATCCCTTG               ACG CGAACAGC CAT                CGCATCCGCGGTGGT
 1.8     121 ..     131   CGCATCCCTTGACGC                 GA ACAGCCA TC                 GCATCCGCGGTGGTG
-0.5     120 ..     132   TCGCATCCCTTGACG                CGA ACAGCCA TCG                CATCCGCGGTGGTGG
-2.8     119 ..     133   ATCGCATCCCTTGAC               GCGA ACAGCCA TCGC               ATCCGCGGTGGTGGA
 0.7     118 ..     134   CATCGCATCCCTTGA              CGCGA ACAGCCA TCGCA              TCCGCGGTGGTGGAT
-0.2     117 ..     135   GCATCGCATCCCTTG             ACGCGA ACAGCCA TCGCAT             CCGCGGTGGTGGATG
-2.5     116 ..     136   CGCATCGCATCCCTT            GACGCGA ACAGCCA TCGCATC            CGCGGTGGTGGATGC
   1     115 ..     137   TCGCATCGCATCCCT           TGACGCGA ACAGCCA TCGCATCC           GCGGTGGTGGATGCx
 2.3     114 ..     138   TTCGCATCGCATCCC          TTGACGCGA ACAGCCA TCGCATCCG          CGGTGGTGGATGCxx
 2.6     119 ..     139   ATCGCATCCCTTGAC           GCGAACAGC CATC GCA-TCCGC            GGTGGTGGATGCxxx
 0.3     118 ..     140   CATCGCATCCCTTGA          CGCGAACAGC CATC GCA-TCCGCG           GTGGTGGATGCxxxx
-3.6     130 ..     141   TGACGCGAACAGCCA                TCGC ATCC GCGG                 TGGTGGATGCxxxxx
-4.5     129 ..     142   TTGACGCGAACAGCC               ATCGC ATCC GCGGT                GGTGGATGCxxxxxx
-6.8     128 ..     143   CTTGACGCGAACAGC              CATCGC ATCC GCGGTG               GTGGATGCxxxxxxx
-9.1     127 ..     144   CCTTGACGCGAACAG             CCATCGC ATCC GCGGTGG              TGGATGCxxxxxxxx
-7.8     126 ..     145   CCCTTGACGCGAACA            GCCATCGC ATCC GCGGTGGT             GGATGCxxxxxxxxx
-6.3     124 ..     146   ATCCCTTGACGCGAA          CAGCCATCGC ATCC GCGGTGG-TG           GATGCxxxxxxxxxx
-6.6     124 ..     147   ATCCCTTGACGCGAA          CAGCCATCGC ATCC GCGGTGGTGG           ATGCxxxxxxxxxxx
-4.5     135 ..     148   CGAACAGCCATCGCA               TCCGC GGTG GTGGA                TGCxxxxxxxxxxxx
-5.4     134 ..     149   GCGAACAGCCATCGC              ATCCGC GGTG GTGGAT               GCxxxxxxxxxxxxx
-7.7     133 ..     150   CGCGAACAGCCATCG             CATCCGC GGTG GTGGATG              Cxxxxxxxxxxxxxx
