>JAARLZ010000003.1:397931-398078 Luteibacter anthropi strain CCUG 25036 NODE_3_length_549020_cov_39.538753, whole genome shotgun sequence FORWARD
None       1 ..      11   xxxxxxxxxxxxxxx                  CCACATCGGAA                  ATGCCTGCCGACGTC
None       2 ..      12   xxxxxxxxxxxxxxC                  CACATCGGAAA                  TGCCTGCCGACGTCG
 6.1       3 ..      13   xxxxxxxxxxxxxCC                 A CATCGGAAA T                 GCCTGCCGACGTCGT
-1.1       4 ..      14   xxxxxxxxxxxxCCA                 CAT CGGAA ATG                 CCTGCCGACGTCGTC
 2.4       3 ..      15   xxxxxxxxxxxxxCC                ACAT CGGAA ATGC                CTGCCGACGTCGTCG
 5.9       2 ..      16   xxxxxxxxxxxxxxC               CACAT CGGAA ATGCC               TGCCGACGTCGTCGG
 1.9       7 ..      17   xxxxxxxxxCCACAT                 CGG AAATG CCT                 GCCGACGTCGTCGGC
 0.7       7 ..      18   xxxxxxxxxCCACAT                CGG AAATGC CTG                 CCGACGTCGTCGGCG
 3.3       9 ..      19   xxxxxxxCCACATCG                 GAA ATGCC TGC                 CGACGTCGTCGGCGA
   1       8 ..      20   xxxxxxxxCCACATC                GGAA ATGCC TGCC                GACGTCGTCGGCGAC
-1.3       7 ..      21   xxxxxxxxxCCACAT               CGGAA ATGCC TGCCG               ACGTCGTCGGCGACA
-2.2       6 ..      22   xxxxxxxxxxCCACA              TCGGAA ATGCC TGCCGA              CGTCGTCGGCGACAT
 1.3       5 ..      23   xxxxxxxxxxxCCAC             ATCGGAA ATGCC TGCCGAC             GTCGTCGGCGACATG
  -1       4 ..      24   xxxxxxxxxxxxCCA            CATCGGAA ATGCC TGCCGACG            TCGTCGGCGACATGC
-1.9       3 ..      25   xxxxxxxxxxxxxCC           ACATCGGAA ATGCC TGCCGACGT           CGTCGGCGACATGCC
 1.6       2 ..      26   xxxxxxxxxxxxxxC          CACATCGGAA ATGCC TGCCGACGTC          GTCGGCGACATGCCC
-0.7       1 ..      27   xxxxxxxxxxxxxxx         CCACATCGGAA ATGCC TGCCGACGTCG         TCGGCGACATGCCCA
   4      18 ..      28   ACATCGGAAATGCCT                 GC CGACGTC GT                 CGGCGACATGCCCAG
-1.4      18 ..      29   ACATCGGAAATGCCT                GCCG ACGT CGTC                 GGCGACATGCCCAGG
-6.8      20 ..      30   ATCGGAAATGCCTGC                 CGAC GTC GTCG                 GCGACATGCCCAGGT
-9.1      19 ..      31   CATCGGAAATGCCTG                CCGAC GTC GTCGG                CGACATGCCCAGGTA
-11.4      18 ..      32   ACATCGGAAATGCCT               GCCGAC GTC GTCGGC               GACATGCCCAGGTAG
-10.1      17 ..      33   CACATCGGAAATGCC              TGCCGAC GTC GTCGGCG              ACATGCCCAGGTAGC
-6.6      16 ..      34   CCACATCGGAAATGC             CTGCCGAC GTC GTCGGCGA             CATGCCCAGGTAGCC
-6.5      14 ..      35   xxCCACATCGGAAAT           GCCTGCCGAC GTC GTCGGC-GAC           ATGCCCAGGTAGCCC
-7.4      13 ..      36   xxxCCACATCGGAAA          TGCCTGCCGAC GTC GTCGGC-GACA          TGCCCAGGTAGCCCC
-8.3      12 ..      37   xxxxCCACATCGGAA         ATGCCTGCCGAC GTC GTCGGC-GACAT         GCCCAGGTAGCCCCG
-4.8      11 ..      38   xxxxxCCACATCGGA        AATGCCTGCCGAC GTC GTCGGC-GACATG        CCCAGGTAGCCCCGG
-4.5      14 ..      39   xxCCACATCGGAAAT         GCCTGCCGACG TCGT CGGCGACATGC          CCAGGTAGCCCCGGT
-4.6      30 ..      40   CCTGCCGACGTCGTC                 GGCG ACA TGCC                 CAGGTAGCCCCGGTC
-5.9       8 ..      41   xxxxxxxxCCACATC     GGAAATGCCTGCCGAC GTC GTCGGC-GACATGCCC     AGGTAGCCCCGGTCT
-2.4       7 ..      42   xxxxxxxxxCCACAT    CGGAAATGCCTGCCGAC GTC GTCGGC-GACATGCCCA    GGTAGCCCCGGTCTT
-2.2       7 ..      43   xxxxxxxxxCCACAT   C-GGAAATGCCTGCCGAC GTC GTCGGC-GACATGCCCAG   GTAGCCCCGGTCTTC
-0.9       6 ..      44   xxxxxxxxxxCCACA  TC-GGAAATGCCTGCCGAC GTC GTCGGC-GACATGCCCAGG  TAGCCCCGGTCTTCA
-1.8       5 ..      45   xxxxxxxxxxxCCAC ATC-GGAAATGCCTGCCGAC GTC GTCGGC-GACATGCCCAGGT AGCCCCGGTCTTCAA
-0.1      13 ..      46   xxxCCACATCGGAAA     TGCCTGCCGACGTCG TCGG CGACATGCCCAGGTA      GCCCCGGTCTTCAAG
 0.7       1 ..      47   xxxxxxxxxxxxxxx CCACATCGGAAATGCCTGCCGAC GTC GTCGGC-GACATGCCC-AGGTAG CCCCGGTCTTCAAGG
 0.3      31 ..      48   CTGCCGACGTCGTCG             GCGACAT GCCC AGGTAGC              CCCGGTCTTCAAGGC
  -2      30 ..      49   CCTGCCGACGTCGTC            GGCGACAT GCCC AGGTAGCC             CCGGTCTTCAAGGCT
 1.5      29 ..      50   GCCTGCCGACGTCGT           CGGCGACAT GCCC AGGTAGCCC            CGGTCTTCAAGGCTA
 3.4      41 ..      51   CGTCGGCGACATGCC                 CAGG TAG CCCC                 GGTCTTCAAGGCTAC
-1.4      41 ..      52   CGTCGGCGACATGCC                CAGG TAGC CCCG                 GTCTTCAAGGCTACG
-3.7      40 ..      53   TCGTCGGCGACATGC               CCAGG TAGC CCCGG                TCTTCAAGGCTACGG
-0.2      39 ..      54   GTCGTCGGCGACATG              CCCAGG TAGC CCCGGT               CTTCAAGGCTACGGC
-2.5      38 ..      55   CGTCGTCGGCGACAT             GCCCAGG TAGC CCCGGTC              TTCAAGGCTACGGCG
  -1      46 ..      56   GCGACATGCCCAGGT                 AGCC CCG GTCT                 TCAAGGCTACGGCGC
 0.1      36 ..      57   GACGTCGTCGGCGAC           ATGCCCAGG TAGC CCCGGTCTT            CAAGGCTACGGCGCA
 0.2      44 ..      58   CGGCGACATGCCCAG               GTAGCC CCG GTCTTC               AAGGCTACGGCGCAG
 3.7      43 ..      59   TCGGCGACATGCCCA              GGTAGCC CCG GTCTTCA              AGGCTACGGCGCAGT
   7      50 ..      60   CATGCCCAGGTAGCC                 CCGG TCT TCAA                 GGCTACGGCGCAGTC
 4.4      50 ..      61   CATGCCCAGGTAGCC                CCGG TCTT CAAG                 GCTACGGCGCAGTCC
 2.1      49 ..      62   ACATGCCCAGGTAGC               CCCGG TCTT CAAGG                CTACGGCGCAGTCCG
-3.2      53 ..      63   GCCCAGGTAGCCCCG                 GTCT TCA AGGC                 TACGGCGCAGTCCGC
-1.9      52 ..      64   TGCCCAGGTAGCCCC                GGTCT TCA AGGCT                ACGGCGCAGTCCGCT
-1.7      45 ..      65   GGCGACATGCCCAGG            TAGCCCCGG TCT TCAAGGCTA            CGGCGCAGTCCGCTG
  -4      44 ..      66   CGGCGACATGCCCAG           GTAGCCCCGG TCT TCAAGGCTAC           GGCGCAGTCCGCTGC
-0.5      43 ..      67   TCGGCGACATGCCCA          GGTAGCCCCGG TCT TCAAGGCTACG          GCGCAGTCCGCTGCG
 0.5      48 ..      68   GACATGCCCAGGTAG            CCCCGGTCT TCA AGGCTACGG            CGCAGTCCGCTGCGC
-1.8      47 ..      69   CGACATGCCCAGGTA           GCCCCGGTCT TCA AGGCTACGGC           GCAGTCCGCTGCGCT
 1.7      46 ..      70   GCGACATGCCCAGGT          AGCCCCGGTCT TCA AGGCTACGGCG          CAGTCCGCTGCGCTG
 0.8      47 ..      71   CGACATGCCCAGGTA         GCCCCG--GTCT TCA AGGCTACGGCGC         AGTCCGCTGCGCTGA
 1.2      37 ..      72   ACGTCGTCGGCGACA    TGCCCAGGTAGCCCCGG TCT TCAAGGCTACG-GCGCA    GTCCGCTGCGCTGAC
  -1      63 ..      73   CCCCGGTCTTCAAGG                 CTAC GGC GCAG                 TCCGCTGCGCTGACC
 0.3      62 ..      74   GCCCCGGTCTTCAAG                GCTAC GGC GCAGT                CCGCTGCGCTGACCG
  -2      61 ..      75   AGCCCCGGTCTTCAA               GGCTAC GGC GCAGTC               CGCTGCGCTGACCGC
 0.4      61 ..      76   AGCCCCGGTCTTCAA              GG-CTAC GGC GCAGTCC              GCTGCGCTGACCGCA
-2.9      66 ..      77   CGGTCTTCAAGGCTA                CGG CGCAGT CCG                 CTGCGCTGACCGCAA
-3.9      68 ..      78   GTCTTCAAGGCTACG                 GCG CAGTC CGC                 TGCGCTGACCGCAAC
-2.6      67 ..      79   GGTCTTCAAGGCTAC                GGCG CAGTC CGCT                GCGCTGACCGCAACC
-4.9      66 ..      80   CGGTCTTCAAGGCTA               CGGCG CAGTC CGCTG               CGCTGACCGCAACCC
-5.8      70 ..      81   CTTCAAGGCTACGGC                GCAG TCCG CTGC                 GCTGACCGCAACCCG
-8.1      69 ..      82   TCTTCAAGGCTACGG               CGCAG TCCG CTGCG                CTGACCGCAACCCGT
-10.4      68 ..      83   GTCTTCAAGGCTACG              GCGCAG TCCG CTGCGC               TGACCGCAACCCGTT
-9.1      67 ..      84   GGTCTTCAAGGCTAC             GGCGCAG TCCG CTGCGCT              GACCGCAACCCGTTC
-11.4      66 ..      85   CGGTCTTCAAGGCTA            CGGCGCAG TCCG CTGCGCTG             ACCGCAACCCGTTCG
-7.9      65 ..      86   CCGGTCTTCAAGGCT           ACGGCGCAG TCCG CTGCGCTGA            CCGCAACCCGTTCGC
-5.6      73 ..      87   CAAGGCTACGGCGCA               GTCCGC TGC GCTGAC               CGCAACCCGTTCGCC
-5.1      62 ..      88   GCCCCGGTCTTCAAG        GCTACGGCGCAG TCCG CTGCGCTG-ACC         GCAACCCGTTCGCCT
-4.4      71 ..      89   TTCAAGGCTACGGCG             CAGTCCGC TGC GCTGACCG             CAACCCGTTCGCCTC
-6.7      70 ..      90   CTTCAAGGCTACGGC            GCAGTCCGC TGC GCTGACCGC            AACCCGTTCGCCTCG
-4.8      79 ..      91   TACGGCGCAGTCCGC                TGCG CTGAC CGCA                ACCCGTTCGCCTCGC
-1.3      78 ..      92   CTACGGCGCAGTCCG               CTGCG CTGAC CGCAA               CCCGTTCGCCTCGCG
-3.6      77 ..      93   GCTACGGCGCAGTCC              GCTGCG CTGAC CGCAAC              CCGTTCGCCTCGCGT
-1.8      67 ..      94   GGTCTTCAAGGCTAC        GG-CGCAGTCCGC TGC GCTGACCGCAACC        CGTTCGCCTCGCGTC
 1.2      80 ..      95   ACGGCGCAGTCCGCT              GCGCTG ACCG CAACCC               GTTCGCCTCGCGTCC
 1.9      66 ..      96   CGGTCTTCAAGGCTA      CGG--CGCAGTCCGC TGC GCTGACCGCAACCCG      TTCGCCTCGCGTCCT
3.576e-08      86 ..      97   CAGTCCGCTGCGCTG                ACCG CAAC CCGT                 TCGCCTCGCGTCCTG
   1      86 ..      98   CAGTCCGCTGCGCTG                ACCG CAACC CGTT                CGCCTCGCGTCCTGG
-1.3      85 ..      99   GCAGTCCGCTGCGCT               GACCG CAACC CGTTC               GCCTCGCGTCCTGGC
4.768e-08      84 ..     100   CGCAGTCCGCTGCGC              TGACCG CAACC CGTTCG              CCTCGCGTCCTGGCC
 0.1      82 ..     101   GGCGCAGTCCGCTGC            GCTGACCG CAACC CGTTC-GC            CTCGCGTCCTGGCCG
 1.2      82 ..     102   GGCGCAGTCCGCTGC            GCTGACCG CAACC CGTTCGCC            TCGCGTCCTGGCCGC
 2.7      60 ..     103   TAGCCCCGGTCTTCA AGGCTA-CGG--CGCAGTCCGC TGC GCTGACCGCAACCCGTTCGCCT CGCGTCCTGGCCGCG
 2.4      80 ..     104   ACGGCGCAGTCCGCT          GCGCTGACCG CAACC CGTTCGCCTC          GCGTCCTGGCCGCGA
 0.4      95 ..     105   GCGCTGACCGCAACC                 CG TTCGCCT CG                 CGTCCTGGCCGCGAA
 3.8      77 ..     106   GCTACGGCGCAGTCC       GCTGCGCTGACCG CAACC CGTTCGCCTC-GC       GTCCTGGCCGCGAAC
 1.2      97 ..     107   GCTGACCGCAACCCG                 TTCG CCT CGCG                 TCCTGGCCGCGAACG
-2.4      98 ..     108   CTGACCGCAACCCGT                 TCGC CTC GCGT                 CCTGGCCGCGAACGA
 1.1      97 ..     109   GCTGACCGCAACCCG                TTCGC CTC GCGTC                CTGGCCGCGAACGAT
-1.2      96 ..     110   CGCTGACCGCAACCC               GTTCGC CTC GCGTCC               TGGCCGCGAACGATC
 2.3      95 ..     111   GCGCTGACCGCAACC              CGTTCGC CTC GCGTCCT              GGCCGCGAACGATCA
-4.768e-08      94 ..     112   TGCGCTGACCGCAAC             CCGTTCGC CTC GCGTCCTG             GCCGCGAACGATCAC
-2.3      93 ..     113   CTGCGCTGACCGCAA            CCCGTTCGC CTC GCGTCCTGG            CCGCGAACGATCACC
-1.2     100 ..     114   GACCGCAACCCGTTC               GCCTCG CGT CCTGGC               CGCGAACGATCACCG
 2.1      67 ..     115   GGTCTTCAAGGCTAC GGCGCAGTCCGCTGCGCTGACCG CAACC CGTTCGCCTC-GCGTCCTG-GCC GCGAACGATCACCGC
-2.4     106 ..     116   AACCCGTTCGCCTCG                 CGTC CTG GCCG                 CGAACGATCACCGCT
-4.7     105 ..     117   CAACCCGTTCGCCTC                GCGTC CTG GCCGC                GAACGATCACCGCTA
  -7     104 ..     118   GCAACCCGTTCGCCT               CGCGTC CTG GCCGCG               AACGATCACCGCTAC
-7.9     103 ..     119   CGCAACCCGTTCGCC              TCGCGTC CTG GCCGCGA              ACGATCACCGCTACC
-4.4     102 ..     120   CCGCAACCCGTTCGC             CTCGCGTC CTG GCCGCGAA             CGATCACCGCTACCG
-0.9     101 ..     121   ACCGCAACCCGTTCG            CCTCGCGTC CTG GCCGCGAAC            GATCACCGCTACCGC
  -3      99 ..     122   TGACCGCAACCCGTT          CGCCTCGCGTC CTG GCCGCGAA-CG          ATCACCGCTACCGCG
-3.9      98 ..     123   CTGACCGCAACCCGT         TCGCCTCGCGTC CTG GCCGCGAA-CGA         TCACCGCTACCGCGG
-0.4      97 ..     124   GCTGACCGCAACCCG        TTCGCCTCGCGTC CTG GCCGCGAA-CGAT        CACCGCTACCGCGGT
-2.7      96 ..     125   CGCTGACCGCAACCC       GTTCGCCTCGCGTC CTG GCCGCGAA-CGATC       ACCGCTACCGCGGTG
  -1     111 ..     126   GTTCGCCTCGCGTCC              TGGCCG CGAA CGATCA               CCGCTACCGCGGTGA
1.907e-07     116 ..     127   CCTCGCGTCCTGGCC                GCGA ACGA TCAC                 CGCTACCGCGGTGAT
 3.5     115 ..     128   GCCTCGCGTCCTGGC               CGCGA ACGA TCACC                GCTACCGCGGTGATG
 1.2     114 ..     129   CGCCTCGCGTCCTGG              CCGCGA ACGA TCACCG               CTACCGCGGTGATGG
-1.1     113 ..     130   TCGCCTCGCGTCCTG             GCCGCGA ACGA TCACCGC              TACCGCGGTGATGGA
 0.2     112 ..     131   TTCGCCTCGCGTCCT            GGCCGCGA ACGA TCACCGCT             ACCGCGGTGATGGAT
-0.7     111 ..     132   GTTCGCCTCGCGTCC           TGGCCGCGA ACGA TCACCGCTA            CCGCGGTGATGGATG
 2.8     110 ..     133   CGTTCGCCTCGCGTC          CTGGCCGCGA ACGA TCACCGCTAC           CGCGGTGATGGATGC
 2.5     112 ..     134   TTCGCCTCGCGTCCT           GGCCGCG AACGATCAC CGCTACC           GCGGTGATGGATGCx
   3     121 ..     135   CGTCCTGGCCGCGAA               CGAT CACCGCT ACCG               CGGTGATGGATGCxx
 3.4     126 ..     136   TGGCCGCGAACGATC                 ACCG CTA CCGC                 GGTGATGGATGCxxx
 1.1     127 ..     137   GGCCGCGAACGATCA                CCGC TACC GCG-                 GTGATGGATGCxxxx
-7.2     127 ..     138   GGCCGCGAACGATCA                CCGC TACC GCGG                 TGATGGATGCxxxxx
-8.1     126 ..     139   TGGCCGCGAACGATC               ACCGC TACC GCGGT                GATGGATGCxxxxxx
-10.4     125 ..     140   CTGGCCGCGAACGAT              CACCGC TACC GCGGTG               ATGGATGCxxxxxxx
-11.3     124 ..     141   CCTGGCCGCGAACGA             TCACCGC TACC GCGGTGA              TGGATGCxxxxxxxx
-12.2     123 ..     142   TCCTGGCCGCGAACG            ATCACCGC TACC GCGGTGAT             GGATGCxxxxxxxxx
-8.7     122 ..     143   GTCCTGGCCGCGAAC           GATCACCGC TACC GCGGTGATG            GATGCxxxxxxxxxx
 -11     121 ..     144   CGTCCTGGCCGCGAA          CGATCACCGC TACC GCGGTGATGG           ATGCxxxxxxxxxxx
-7.5     120 ..     145   GCGTCCTGGCCGCGA         ACGATCACCGC TACC GCGGTGATGGA          TGCxxxxxxxxxxxx
-8.4     119 ..     146   CGCGTCCTGGCCGCG        AACGATCACCGC TACC GCGGTGATGGAT         GCxxxxxxxxxxxxx
-4.9     118 ..     147   TCGCGTCCTGGCCGC       GAACGATCACCGC TACC GCGGTGATGGATG        Cxxxxxxxxxxxxxx
