>AVOG02000012.1:c250509-250362 Alcaligenes sp. EGD-AK7 Contig2, whole genome shotgun sequence FORWARD
None       1 ..      11   xxxxxxxxxxxxxxx                  CCACATCCGAA                  ATGCCTGCCGACGTC
None       2 ..      12   xxxxxxxxxxxxxxC                  CACATCCGAAA                  TGCCTGCCGACGTCG
 6.1       3 ..      13   xxxxxxxxxxxxxCC                 A CATCCGAAA T                 GCCTGCCGACGTCGT
-1.1       4 ..      14   xxxxxxxxxxxxCCA                 CAT CCGAA ATG                 CCTGCCGACGTCGTC
 2.4       3 ..      15   xxxxxxxxxxxxxCC                ACAT CCGAA ATGC                CTGCCGACGTCGTCG
 5.9       2 ..      16   xxxxxxxxxxxxxxC               CACAT CCGAA ATGCC               TGCCGACGTCGTCGG
 6.1       5 ..      17   xxxxxxxxxxxCCAC                ATCCG AAA TGCCT                GCCGACGTCGTCGGC
 2.9       7 ..      18   xxxxxxxxxCCACAT                CCG AAATGC CTG                 CCGACGTCGTCGGCG
 3.3       9 ..      19   xxxxxxxCCACATCC                 GAA ATGCC TGC                 CGACGTCGTCGGCGA
 5.7       9 ..      20   xxxxxxxCCACATCC                G AAATGCCTGC C                 GACGTCGTCGGCGAC
 3.4       8 ..      21   xxxxxxxxCCACATC               CG AAATGCCTGC CG                ACGTCGTCGGCGACA
 3.6       6 ..      22   xxxxxxxxxxCCACA              TCCGAA ATGCC TGCCGA              CGTCGTCGGCGACAT
 6.9      13 ..      23   xxxCCACATCCGAAA                TGCC TGCC GAC-                 GTCGTCGGCGACATG
 2.2      13 ..      24   xxxCCACATCCGAAA                TGCC TGCC GACG                 TCGTCGGCGACATGC
 1.3      12 ..      25   xxxxCCACATCCGAA               ATGCC TGCC GACGT                CGTCGGCGACATGCC
 3.9      14 ..      26   xxCCACATCCGAAAT                GCC TGCCGAC GTC                GTCGGCGACATGCCC
 1.2      17 ..      27   CACATCCGAAATGCC                 TGCC GAC GTCG                 TCGGCGACATGCCCA
   4      18 ..      28   ACATCCGAAATGCCT                 GC CGACGTC GT                 CGGCGACATGCCCAG
-1.4      18 ..      29   ACATCCGAAATGCCT                GCCG ACGT CGTC                 GGCGACATGCCCAGG
-6.8      20 ..      30   ATCCGAAATGCCTGC                 CGAC GTC GTCG                 GCGACATGCCCAGGT
-9.1      19 ..      31   CATCCGAAATGCCTG                CCGAC GTC GTCGG                CGACATGCCCAGGTA
-11.4      18 ..      32   ACATCCGAAATGCCT               GCCGAC GTC GTCGGC               GACATGCCCAGGTAG
-10.1      17 ..      33   CACATCCGAAATGCC              TGCCGAC GTC GTCGGCG              ACATGCCCAGGTAGC
-6.6      16 ..      34   CCACATCCGAAATGC             CTGCCGAC GTC GTCGGCGA             CATGCCCAGGTAGCC
-6.5      14 ..      35   xxCCACATCCGAAAT           GCCTGCCGAC GTC GTCGGC-GAC           ATGCCCAGGTAGCCC
-7.4      13 ..      36   xxxCCACATCCGAAA          TGCCTGCCGAC GTC GTCGGC-GACA          TGCCCAGGTAGCCCC
-8.3      12 ..      37   xxxxCCACATCCGAA         ATGCCTGCCGAC GTC GTCGGC-GACAT         GCCCAGGTAGCCCCG
-4.8      11 ..      38   xxxxxCCACATCCGA        AATGCCTGCCGAC GTC GTCGGC-GACATG        CCCAGGTAGCCCCGG
-4.5      14 ..      39   xxCCACATCCGAAAT         GCCTGCCGACG TCGT CGGCGACATGC          CCAGGTAGCCCCGGT
-4.6      30 ..      40   CCTGCCGACGTCGTC                 GGCG ACA TGCC                 CAGGTAGCCCCGGTC
-1.1      29 ..      41   GCCTGCCGACGTCGT                CGGCG ACA TGCCC                AGGTAGCCCCGGTCT
  -2      28 ..      42   TGCCTGCCGACGTCG               TCGGCG ACA TGCCCA               GGTAGCCCCGGTCTT
 1.5      27 ..      43   ATGCCTGCCGACGTC              GTCGGCG ACA TGCCCAG              GTAGCCCCGGTCTTC
-0.8      26 ..      44   AATGCCTGCCGACGT             CGTCGGCG ACA TGCCCAGG             TAGCCCCGGTCTTCA
 0.8      14 ..      45   xxCCACATCCGAAAT      GCCTGCCGACGTCG TCGG CGACATGCCCAGGT       AGCCCCGGTCTTCAA
-0.1      13 ..      46   xxxCCACATCCGAAA     TGCCTGCCGACGTCG TCGG CGACATGCCCAGGTA      GCCCCGGTCTTCAAG
 2.6      32 ..      47   TGCCGACGTCGTCGG              CGACAT GCCC AGGTAG               CCCCGGTCTTCAAGG
 0.3      31 ..      48   CTGCCGACGTCGTCG             GCGACAT GCCC AGGTAGC              CCCGGTCTTCAAGGC
  -2      30 ..      49   CCTGCCGACGTCGTC            GGCGACAT GCCC AGGTAGCC             CCGGTCTTCAAGGCT
 1.5      29 ..      50   GCCTGCCGACGTCGT           CGGCGACAT GCCC AGGTAGCCC            CGGTCTTCAAGGCTA
 3.4      41 ..      51   CGTCGGCGACATGCC                 CAGG TAG CCCC                 GGTCTTCAAGGCTAC
-1.4      41 ..      52   CGTCGGCGACATGCC                CAGG TAGC CCCG                 GTCTTCAAGGCTACG
-3.7      40 ..      53   TCGTCGGCGACATGC               CCAGG TAGC CCCGG                TCTTCAAGGCTACGG
-0.2      39 ..      54   GTCGTCGGCGACATG              CCCAGG TAGC CCCGGT               CTTCAAGGCTACGGC
-2.5      38 ..      55   CGTCGTCGGCGACAT             GCCCAGG TAGC CCCGGTC              TTCAAGGCTACGGCG
  -1      46 ..      56   GCGACATGCCCAGGT                 AGCC CCG GTCT                 TCAAGGCTACGGCGC
 0.1      36 ..      57   GACGTCGTCGGCGAC           ATGCCCAGG TAGC CCCGGTCTT            CAAGGCTACGGCGCA
 0.2      44 ..      58   CGGCGACATGCCCAG               GTAGCC CCG GTCTTC               AAGGCTACGGCGCAG
 3.7      43 ..      59   TCGGCGACATGCCCA              GGTAGCC CCG GTCTTCA              AGGCTACGGCGCAGT
   7      50 ..      60   CATGCCCAGGTAGCC                 CCGG TCT TCAA                 GGCTACGGCGCAGTC
 4.4      50 ..      61   CATGCCCAGGTAGCC                CCGG TCTT CAAG                 GCTACGGCGCAGTCC
 2.1      49 ..      62   ACATGCCCAGGTAGC               CCCGG TCTT CAAGG                CTACGGCGCAGTCCG
-3.2      53 ..      63   GCCCAGGTAGCCCCG                 GTCT TCA AGGC                 TACGGCGCAGTCCGC
-1.9      52 ..      64   TGCCCAGGTAGCCCC                GGTCT TCA AGGCT                ACGGCGCAGTCCGCT
-1.7      45 ..      65   GGCGACATGCCCAGG            TAGCCCCGG TCT TCAAGGCTA            CGGCGCAGTCCGCTG
  -4      44 ..      66   CGGCGACATGCCCAG           GTAGCCCCGG TCT TCAAGGCTAC           GGCGCAGTCCGCTGC
-0.5      43 ..      67   TCGGCGACATGCCCA          GGTAGCCCCGG TCT TCAAGGCTACG          GCGCAGTCCGCTGCG
 0.5      48 ..      68   GACATGCCCAGGTAG            CCCCGGTCT TCA AGGCTACGG            CGCAGTCCGCTGCGC
-1.8      47 ..      69   CGACATGCCCAGGTA           GCCCCGGTCT TCA AGGCTACGGC           GCAGTCCGCTGCGCT
 1.7      46 ..      70   GCGACATGCCCAGGT          AGCCCCGGTCT TCA AGGCTACGGCG          CAGTCCGCTGCGCTG
 0.8      47 ..      71   CGACATGCCCAGGTA         GCCCCG--GTCT TCA AGGCTACGGCGC         AGTCCGCTGCGCTGA
 1.2      37 ..      72   ACGTCGTCGGCGACA    TGCCCAGGTAGCCCCGG TCT TCAAGGCTACG-GCGCA    GTCCGCTGCGCTGAC
  -1      63 ..      73   CCCCGGTCTTCAAGG                 CTAC GGC GCAG                 TCCGCTGCGCTGACC
 0.3      62 ..      74   GCCCCGGTCTTCAAG                GCTAC GGC GCAGT                CCGCTGCGCTGACCG
  -2      61 ..      75   AGCCCCGGTCTTCAA               GGCTAC GGC GCAGTC               CGCTGCGCTGACCGC
 0.4      61 ..      76   AGCCCCGGTCTTCAA              GG-CTAC GGC GCAGTCC              GCTGCGCTGACCGCA
-2.9      66 ..      77   CGGTCTTCAAGGCTA                CGG CGCAGT CCG                 CTGCGCTGACCGCAA
-3.9      68 ..      78   GTCTTCAAGGCTACG                 GCG CAGTC CGC                 TGCGCTGACCGCAAC
-2.6      67 ..      79   GGTCTTCAAGGCTAC                GGCG CAGTC CGCT                GCGCTGACCGCAACC
-4.9      66 ..      80   CGGTCTTCAAGGCTA               CGGCG CAGTC CGCTG               CGCTGACCGCAACCC
-5.8      70 ..      81   CTTCAAGGCTACGGC                GCAG TCCG CTGC                 GCTGACCGCAACCCG
-8.1      69 ..      82   TCTTCAAGGCTACGG               CGCAG TCCG CTGCG                CTGACCGCAACCCGT
-10.4      68 ..      83   GTCTTCAAGGCTACG              GCGCAG TCCG CTGCGC               TGACCGCAACCCGTT
-9.1      67 ..      84   GGTCTTCAAGGCTAC             GGCGCAG TCCG CTGCGCT              GACCGCAACCCGTTC
-11.4      66 ..      85   CGGTCTTCAAGGCTA            CGGCGCAG TCCG CTGCGCTG             ACCGCAACCCGTTCG
-7.9      65 ..      86   CCGGTCTTCAAGGCT           ACGGCGCAG TCCG CTGCGCTGA            CCGCAACCCGTTCGC
-5.6      73 ..      87   CAAGGCTACGGCGCA               GTCCGC TGC GCTGAC               CGCAACCCGTTCGCC
-5.1      62 ..      88   GCCCCGGTCTTCAAG        GCTACGGCGCAG TCCG CTGCGCTG-ACC         GCAACCCGTTCGCCT
-4.4      71 ..      89   TTCAAGGCTACGGCG             CAGTCCGC TGC GCTGACCG             CAACCCGTTCGCCTC
-6.7      70 ..      90   CTTCAAGGCTACGGC            GCAGTCCGC TGC GCTGACCGC            AACCCGTTCGCCTCG
-4.8      79 ..      91   TACGGCGCAGTCCGC                TGCG CTGAC CGCA                ACCCGTTCGCCTCGC
-1.3      78 ..      92   CTACGGCGCAGTCCG               CTGCG CTGAC CGCAA               CCCGTTCGCCTCGCA
-3.6      77 ..      93   GCTACGGCGCAGTCC              GCTGCG CTGAC CGCAAC              CCGTTCGCCTCGCAT
-1.8      67 ..      94   GGTCTTCAAGGCTAC        GG-CGCAGTCCGC TGC GCTGACCGCAACC        CGTTCGCCTCGCATC
 1.2      80 ..      95   ACGGCGCAGTCCGCT              GCGCTG ACCG CAACCC               GTTCGCCTCGCATCC
 1.9      66 ..      96   CGGTCTTCAAGGCTA      CGG--CGCAGTCCGC TGC GCTGACCGCAACCCG      TTCGCCTCGCATCCT
3.576e-08      86 ..      97   CAGTCCGCTGCGCTG                ACCG CAAC CCGT                 TCGCCTCGCATCCTG
   1      86 ..      98   CAGTCCGCTGCGCTG                ACCG CAACC CGTT                CGCCTCGCATCCTGG
-1.3      85 ..      99   GCAGTCCGCTGCGCT               GACCG CAACC CGTTC               GCCTCGCATCCTGGT
4.768e-08      84 ..     100   CGCAGTCCGCTGCGC              TGACCG CAACC CGTTCG              CCTCGCATCCTGGTC
 0.1      82 ..     101   GGCGCAGTCCGCTGC            GCTGACCG CAACC CGTTC-GC            CTCGCATCCTGGTCG
 1.2      82 ..     102   GGCGCAGTCCGCTGC            GCTGACCG CAACC CGTTCGCC            TCGCATCCTGGTCGC
 2.7      60 ..     103   TAGCCCCGGTCTTCA AGGCTA-CGG--CGCAGTCCGC TGC GCTGACCGCAACCCGTTCGCCT CGCATCCTGGTCGCG
 2.4      80 ..     104   ACGGCGCAGTCCGCT          GCGCTGACCG CAACC CGTTCGCCTC          GCATCCTGGTCGCGA
 0.4      95 ..     105   GCGCTGACCGCAACC                 CG TTCGCCT CG                 CATCCTGGTCGCGAA
 3.8      77 ..     106   GCTACGGCGCAGTCC       GCTGCGCTGACCG CAACC CGTTCGCCTC-GC       ATCCTGGTCGCGAAC
  -1      97 ..     107   GCTGACCGCAACCCG                 TTCG CCT CGCA                 TCCTGGTCGCGAACG
 0.3      96 ..     108   CGCTGACCGCAACCC                GTTCG CCT CGCAT                CCTGGTCGCGAACGA
 2.7      96 ..     109   CGCTGACCGCAACCC               G-TTCG CCT CGCATC               CTGGTCGCGAACGAT
 4.6      96 ..     110   CGCTGACCGCAACCC               GTTCGC CTC GCATCC               TGGTCGCGAACGATC
 7.3      60 ..     111   TAGCCCCGGTCTTCA AGGCTACGGCGC-AGTCCGCTGCG CTGAC CGCAACCCGTTCGCCTCGCATCCT GGTCGCGAACGATCG
 3.4     102 ..     112   CCGCAACCCGTTCGC                 CTCG CAT CCTG                 GTCGCGAACGATCGC
 1.1     101 ..     113   ACCGCAACCCGTTCG                CCTCG CAT CCTGG                TCGCGAACGATCGCC
 2.4     100 ..     114   GACCGCAACCCGTTC               GCCTCG CAT CCTGGT               CGCGAACGATCGCCG
 3.4     100 ..     115   GACCGCAACCCGTTC              GCCTCG CATC CTGGTC               GCGAACGATCGCCGC
 1.1      99 ..     116   TGACCGCAACCCGTT             CGCCTCG CATC CTGGTCG              CGAACGATCGCCGCT
 1.1     105 ..     117   CAACCCGTTCGCCTC                GCATC CTG GTCGC                GAACGATCGCCGCTG
-1.2     104 ..     118   GCAACCCGTTCGCCT               CGCATC CTG GTCGCG               AACGATCGCCGCTGC
-2.1     103 ..     119   CGCAACCCGTTCGCC              TCGCATC CTG GTCGCGA              ACGATCGCCGCTGCC
-0.2      97 ..     120   GCTGACCGCAACCCG          TTCGCCTCGCA TCC TG-GTCGCGAA          CGATCGCCGCTGCCG
-2.5      96 ..     121   CGCTGACCGCAACCC         GTTCGCCTCGCA TCC TG-GTCGCGAAC         GATCGCCGCTGCCGC
-4.8      95 ..     122   GCGCTGACCGCAACC        CGTTCGCCTCGCA TCC TG-GTCGCGAACG        ATCGCCGCTGCCGCG
-1.3      94 ..     123   TGCGCTGACCGCAAC       CCGTTCGCCTCGCA TCC TG-GTCGCGAACGA       TCGCCGCTGCCGCGG
-2.2     113 ..     124   TCGCCTCGCATCCTG                GTCG CGAA CGAT                 CGCCGCTGCCGCGGT
-4.5     112 ..     125   TTCGCCTCGCATCCT               GGTCG CGAA CGATC                GCCGCTGCCGCGGTG
-3.2     111 ..     126   GTTCGCCTCGCATCC              TGGTCG CGAA CGATCG               CCGCTGCCGCGGTGA
-5.8     116 ..     127   CCTCGCATCCTGGTC                GCGA ACGA TCGC                 CGCTGCCGCGGTGAT
-2.3     115 ..     128   GCCTCGCATCCTGGT               CGCGA ACGA TCGCC                GCTGCCGCGGTGATG
-2.1     115 ..     129   GCCTCGCATCCTGGT              C-GCGA ACGA TCGCCG               CTGCCGCGGTGATGG
-3.3     113 ..     130   TCGCCTCGCATCCTG             GTCGCGA ACGA TCGCCGC              TGCCGCGGTGATGGA
  -2     112 ..     131   TTCGCCTCGCATCCT            GGTCGCGA ACGA TCGCCGCT             GCCGCGGTGATGGAT
-0.7     111 ..     132   GTTCGCCTCGCATCC           TGGTCGCGA ACGA TCGCCGCTG            CCGCGGTGATGGATG
   2     105 ..     133   CAACCCGTTCGCCTC       GCATC-CTGGTCG CGAA CGATCGCCGCTGC        CGCGGTGATGGATGC
 0.3     112 ..     134   TTCGCCTCGCATCCT           GGTCGCG AACGATCGC CGCTGCC           GCGGTGATGGATGCx
-2.4     125 ..     135   CTGGTCGCGAACGAT                 CGCC GCT GCCG                 CGGTGATGGATGCxx
-2.4     126 ..     136   TGGTCGCGAACGATC                 GCCG CTG CCGC                 GGTGATGGATGCxxx
-4.7     125 ..     137   CTGGTCGCGAACGAT                CGCCG CTG CCGCG                GTGATGGATGCxxxx
-7.2     127 ..     138   GGTCGCGAACGATCG                CCGC TGCC GCGG                 TGATGGATGCxxxxx
-5.9     126 ..     139   TGGTCGCGAACGATC               GCCGC TGCC GCGGT                GATGGATGCxxxxxx
-8.2     125 ..     140   CTGGTCGCGAACGAT              CGCCGC TGCC GCGGTG               ATGGATGCxxxxxxx
-9.1     124 ..     141   CCTGGTCGCGAACGA             TCGCCGC TGCC GCGGTGA              TGGATGCxxxxxxxx
 -10     123 ..     142   TCCTGGTCGCGAACG            ATCGCCGC TGCC GCGGTGAT             GGATGCxxxxxxxxx
-6.5     122 ..     143   ATCCTGGTCGCGAAC           GATCGCCGC TGCC GCGGTGATG            GATGCxxxxxxxxxx
-8.8     121 ..     144   CATCCTGGTCGCGAA          CGATCGCCGC TGCC GCGGTGATGG           ATGCxxxxxxxxxxx
-5.3     120 ..     145   GCATCCTGGTCGCGA         ACGATCGCCGC TGCC GCGGTGATGGA          TGCxxxxxxxxxxxx
-6.2     119 ..     146   CGCATCCTGGTCGCG        AACGATCGCCGC TGCC GCGGTGATGGAT         GCxxxxxxxxxxxxx
-2.7     118 ..     147   TCGCATCCTGGTCGC       GAACGATCGCCGC TGCC GCGGTGATGGATG        Cxxxxxxxxxxxxxx
